[0.383s] Invoking command in '/home/dfolse/repos/SPIDER/SPIDER_ws/build/dwb_critics': AMENT_PREFIX_PATH=/home/dfolse/repos/SPIDER/SPIDER_ws/install/dwb_core:/home/dfolse/repos/SPIDER/SPIDER_ws/install/nav2_core:/home/dfolse/repos/SPIDER/SPIDER_ws/install/costmap_queue:/home/dfolse/repos/SPIDER/SPIDER_ws/install/nav2_costmap_2d:/home/dfolse/repos/SPIDER/SPIDER_ws/install/nav_2d_msgs:${AMENT_PREFIX_PATH} CMAKE_PREFIX_PATH=/home/dfolse/repos/SPIDER/SPIDER_ws/install/dwb_core:/home/dfolse/repos/SPIDER/SPIDER_ws/install/nav2_core:/home/dfolse/repos/SPIDER/SPIDER_ws/install/costmap_queue:/home/dfolse/repos/SPIDER/SPIDER_ws/install/nav2_costmap_2d:/home/dfolse/repos/SPIDER/SPIDER_ws/install/nav_2d_utils:/home/dfolse/repos/SPIDER/SPIDER_ws/install/nav2_util:/home/dfolse/repos/SPIDER/SPIDER_ws/install/nav2_voxel_grid:/home/dfolse/repos/SPIDER/SPIDER_ws/install/nav2_msgs:/home/dfolse/repos/SPIDER/SPIDER_ws/install/dwb_msgs:/home/dfolse/repos/SPIDER/SPIDER_ws/install/nav_2d_msgs:/home/dfolse/repos/SPIDER/SPIDER_ws/install/nav2_common:/home/dfolse/repos/SPIDER/SPIDER_ws/install/locomotion:/home/dfolse/repos/SPIDER/SPIDER_ws/install/spider_interfaces:/home/dfolse/repos/SPIDER/SPIDER_ws/install/spider_nav:/home/dfolse/repos/SPIDER/SPIDER_ws/install/oak_d_lite:/home/dfolse/repos/SPIDER/SPIDER_ws/install/nav2_gazebo_spawner:/home/dfolse/repos/SPIDER/SPIDER_ws/install/data_transfer:/opt/ros/foxy:/home/dfolse/repos/SPIDER/SPIDER_ws/install/spider_description:/home/dfolse/repos/SPIDER/SPIDER_ws/install/nav2_waypoint_follower:/home/dfolse/repos/SPIDER/SPIDER_ws/install/nav2_lifecycle_manager:/home/dfolse/repos/SPIDER/SPIDER_ws/install/depthai_ros_msgs:/home/dfolse/repos/SPIDER/SPIDER_ws/install/depthai_descriptions LD_LIBRARY_PATH=/home/dfolse/repos/SPIDER/SPIDER_ws/install/dwb_core/lib:/home/dfolse/repos/SPIDER/SPIDER_ws/install/costmap_queue/lib:/home/dfolse/repos/SPIDER/SPIDER_ws/install/nav2_costmap_2d/lib:/home/dfolse/repos/SPIDER/SPIDER_ws/install/nav_2d_utils/lib:/home/dfolse/repos/SPIDER/SPIDER_ws/install/nav2_util/lib:/home/dfolse/repos/SPIDER/SPIDER_ws/install/nav2_voxel_grid/lib:/home/dfolse/repos/SPIDER/SPIDER_ws/install/nav2_msgs/lib:/home/dfolse/repos/SPIDER/SPIDER_ws/install/dwb_msgs/lib:/home/dfolse/repos/SPIDER/SPIDER_ws/install/nav_2d_msgs/lib:/home/dfolse/repos/SPIDER/SPIDER_ws/install/spider_interfaces/lib:/home/dfolse/repos/SPIDER/SPIDER_ws/install/nav2_waypoint_follower/lib:/home/dfolse/repos/SPIDER/SPIDER_ws/install/nav2_lifecycle_manager/lib:/home/dfolse/repos/SPIDER/SPIDER_ws/install/depthai_ros_msgs/lib:/opt/ros/foxy/opt/yaml_cpp_vendor/lib:/opt/ros/foxy/opt/rviz_ogre_vendor/lib:/opt/ros/foxy/lib/aarch64-linux-gnu:/opt/ros/foxy/lib NX_CONNECTION=192.168.1.26 63880 192.168.1.53 4000 PYTHONPATH=/home/dfolse/repos/SPIDER/SPIDER_ws/install/nav2_msgs/lib/python3.8/site-packages:/home/dfolse/repos/SPIDER/SPIDER_ws/install/dwb_msgs/lib/python3.8/site-packages:/home/dfolse/repos/SPIDER/SPIDER_ws/install/nav_2d_msgs/lib/python3.8/site-packages:/home/dfolse/repos/SPIDER/SPIDER_ws/install/nav2_common/lib/python3.8/site-packages:/home/dfolse/repos/SPIDER/SPIDER_ws/install/spider_nav/lib/python3.8/site-packages:/home/dfolse/repos/SPIDER/SPIDER_ws/install/locomotion/lib/python3.8/site-packages:/home/dfolse/repos/SPIDER/SPIDER_ws/install/spider_interfaces/lib/python3.8/site-packages:/home/dfolse/repos/SPIDER/SPIDER_ws/install/oak_d_lite/lib/python3.8/site-packages:/home/dfolse/repos/SPIDER/SPIDER_ws/install/nav2_gazebo_spawner/lib/python3.8/site-packages:/home/dfolse/repos/SPIDER/SPIDER_ws/install/depthai_ros_msgs/lib/python3.8/site-packages:/home/dfolse/repos/SPIDER/SPIDER_ws/install/data_transfer/lib/python3.8/site-packages:/opt/ros/foxy/lib/python3.8/site-packages /usr/bin/cmake /home/dfolse/repos/SPIDER/SPIDER_ws/src/navigation2/nav2_dwb_controller/dwb_critics -DCMAKE_INSTALL_PREFIX=/home/dfolse/repos/SPIDER/SPIDER_ws/install/dwb_critics
[0.754s] -- The C compiler identification is GNU 9.4.0
[1.045s] -- The CXX compiler identification is GNU 9.4.0
[1.058s] -- Check for working C compiler: /usr/bin/cc
[1.607s] -- Check for working C compiler: /usr/bin/cc -- works
[1.609s] -- Detecting C compiler ABI info
[2.032s] -- Detecting C compiler ABI info - done
[2.074s] -- Detecting C compile features
[2.079s] -- Detecting C compile features - done
[2.095s] -- Check for working CXX compiler: /usr/bin/c++
[2.573s] -- Check for working CXX compiler: /usr/bin/c++ -- works
[2.576s] -- Detecting CXX compiler ABI info
[2.961s] -- Detecting CXX compiler ABI info - done
[3.002s] -- Detecting CXX compile features
[3.004s] -- Detecting CXX compile features - done
[3.020s] -- Found ament_cmake: 0.9.12 (/opt/ros/foxy/share/ament_cmake/cmake)
[3.674s] -- Found PythonInterp: /home/dfolse/.pyenv/shims/python3 (found suitable version "3.8.10", minimum required is "3") 
[3.674s] -- Using PYTHON_EXECUTABLE: /home/dfolse/.pyenv/shims/python3
[5.058s] -- Found nav2_common: 0.4.7 (/home/dfolse/repos/SPIDER/SPIDER_ws/install/nav2_common/share/nav2_common/cmake)
[5.070s] -- Found angles: 1.12.6 (/opt/ros/foxy/share/angles/cmake)
[5.083s] -- Found nav2_costmap_2d: 0.4.7 (/home/dfolse/repos/SPIDER/SPIDER_ws/install/nav2_costmap_2d/share/nav2_costmap_2d/cmake)
[5.243s] -- Using all available rosidl_typesupport_c: rosidl_typesupport_fastrtps_c;rosidl_typesupport_introspection_c
[5.270s] -- Found rosidl_adapter: 1.3.1 (/opt/ros/foxy/share/rosidl_adapter/cmake)
[5.723s] -- Found OpenSSL: /usr/lib/aarch64-linux-gnu/libcrypto.so (found version "1.1.1f")  
[5.828s] -- Found FastRTPS: /opt/ros/foxy/include  
[6.061s] -- Using all available rosidl_typesupport_cpp: rosidl_typesupport_fastrtps_cpp;rosidl_typesupport_introspection_cpp
[8.063s] -- Found rmw_implementation_cmake: 1.0.4 (/opt/ros/foxy/share/rmw_implementation_cmake/cmake)
[8.069s] -- Using RMW implementation 'rmw_fastrtps_cpp' as default
[8.071s] -- Looking for pthread.h
[8.572s] -- Looking for pthread.h - found
[8.574s] -- Performing Test CMAKE_HAVE_LIBC_PTHREAD
[8.906s] -- Performing Test CMAKE_HAVE_LIBC_PTHREAD - Failed
[8.907s] -- Looking for pthread_create in pthreads
[9.461s] -- Looking for pthread_create in pthreads - not found
[9.464s] -- Looking for pthread_create in pthread
[9.984s] -- Looking for pthread_create in pthread - found
[9.988s] -- Found Threads: TRUE  
[11.312s] -- Found Eigen3: TRUE (found version "3.3.7") 
[12.357s] -- Found costmap_queue: 0.4.7 (/home/dfolse/repos/SPIDER/SPIDER_ws/install/costmap_queue/share/costmap_queue/cmake)
[12.362s] -- Found dwb_core: 0.4.7 (/home/dfolse/repos/SPIDER/SPIDER_ws/install/dwb_core/share/dwb_core/cmake)
[16.995s] -- Setting build type to Release as none was specified.
[25.108s] -- Found ament_lint_auto: 0.9.8 (/opt/ros/foxy/share/ament_lint_auto/cmake)
[25.677s] -- Added test 'cppcheck' to perform static code analysis on C / C++ code
[25.678s] -- Configured cppcheck include dirs: /home/dfolse/repos/SPIDER/SPIDER_ws/src/navigation2/nav2_dwb_controller/dwb_critics/include
[25.678s] -- Configured cppcheck exclude dirs and/or files: 
[25.683s] -- Added test 'cpplint' to check C / C++ code against the Google style
[25.684s] -- Configured cpplint exclude dirs and/or files: 
[25.686s] -- Added test 'lint_cmake' to check CMake code style
[25.690s] -- Added test 'uncrustify' to check C / C++ code style
[25.690s] -- Configured uncrustify additional arguments: 
[25.691s] -- Added test 'xmllint' to check XML markup files
[25.710s] -- Configuring done
[25.819s] -- Generating done
[25.823s] -- Build files have been written to: /home/dfolse/repos/SPIDER/SPIDER_ws/build/dwb_critics
[25.862s] Invoked command in '/home/dfolse/repos/SPIDER/SPIDER_ws/build/dwb_critics' returned '0': AMENT_PREFIX_PATH=/home/dfolse/repos/SPIDER/SPIDER_ws/install/dwb_core:/home/dfolse/repos/SPIDER/SPIDER_ws/install/nav2_core:/home/dfolse/repos/SPIDER/SPIDER_ws/install/costmap_queue:/home/dfolse/repos/SPIDER/SPIDER_ws/install/nav2_costmap_2d:/home/dfolse/repos/SPIDER/SPIDER_ws/install/nav_2d_msgs:${AMENT_PREFIX_PATH} CMAKE_PREFIX_PATH=/home/dfolse/repos/SPIDER/SPIDER_ws/install/dwb_core:/home/dfolse/repos/SPIDER/SPIDER_ws/install/nav2_core:/home/dfolse/repos/SPIDER/SPIDER_ws/install/costmap_queue:/home/dfolse/repos/SPIDER/SPIDER_ws/install/nav2_costmap_2d:/home/dfolse/repos/SPIDER/SPIDER_ws/install/nav_2d_utils:/home/dfolse/repos/SPIDER/SPIDER_ws/install/nav2_util:/home/dfolse/repos/SPIDER/SPIDER_ws/install/nav2_voxel_grid:/home/dfolse/repos/SPIDER/SPIDER_ws/install/nav2_msgs:/home/dfolse/repos/SPIDER/SPIDER_ws/install/dwb_msgs:/home/dfolse/repos/SPIDER/SPIDER_ws/install/nav_2d_msgs:/home/dfolse/repos/SPIDER/SPIDER_ws/install/nav2_common:/home/dfolse/repos/SPIDER/SPIDER_ws/install/locomotion:/home/dfolse/repos/SPIDER/SPIDER_ws/install/spider_interfaces:/home/dfolse/repos/SPIDER/SPIDER_ws/install/spider_nav:/home/dfolse/repos/SPIDER/SPIDER_ws/install/oak_d_lite:/home/dfolse/repos/SPIDER/SPIDER_ws/install/nav2_gazebo_spawner:/home/dfolse/repos/SPIDER/SPIDER_ws/install/data_transfer:/opt/ros/foxy:/home/dfolse/repos/SPIDER/SPIDER_ws/install/spider_description:/home/dfolse/repos/SPIDER/SPIDER_ws/install/nav2_waypoint_follower:/home/dfolse/repos/SPIDER/SPIDER_ws/install/nav2_lifecycle_manager:/home/dfolse/repos/SPIDER/SPIDER_ws/install/depthai_ros_msgs:/home/dfolse/repos/SPIDER/SPIDER_ws/install/depthai_descriptions LD_LIBRARY_PATH=/home/dfolse/repos/SPIDER/SPIDER_ws/install/dwb_core/lib:/home/dfolse/repos/SPIDER/SPIDER_ws/install/costmap_queue/lib:/home/dfolse/repos/SPIDER/SPIDER_ws/install/nav2_costmap_2d/lib:/home/dfolse/repos/SPIDER/SPIDER_ws/install/nav_2d_utils/lib:/home/dfolse/repos/SPIDER/SPIDER_ws/install/nav2_util/lib:/home/dfolse/repos/SPIDER/SPIDER_ws/install/nav2_voxel_grid/lib:/home/dfolse/repos/SPIDER/SPIDER_ws/install/nav2_msgs/lib:/home/dfolse/repos/SPIDER/SPIDER_ws/install/dwb_msgs/lib:/home/dfolse/repos/SPIDER/SPIDER_ws/install/nav_2d_msgs/lib:/home/dfolse/repos/SPIDER/SPIDER_ws/install/spider_interfaces/lib:/home/dfolse/repos/SPIDER/SPIDER_ws/install/nav2_waypoint_follower/lib:/home/dfolse/repos/SPIDER/SPIDER_ws/install/nav2_lifecycle_manager/lib:/home/dfolse/repos/SPIDER/SPIDER_ws/install/depthai_ros_msgs/lib:/opt/ros/foxy/opt/yaml_cpp_vendor/lib:/opt/ros/foxy/opt/rviz_ogre_vendor/lib:/opt/ros/foxy/lib/aarch64-linux-gnu:/opt/ros/foxy/lib NX_CONNECTION=192.168.1.26 63880 192.168.1.53 4000 PYTHONPATH=/home/dfolse/repos/SPIDER/SPIDER_ws/install/nav2_msgs/lib/python3.8/site-packages:/home/dfolse/repos/SPIDER/SPIDER_ws/install/dwb_msgs/lib/python3.8/site-packages:/home/dfolse/repos/SPIDER/SPIDER_ws/install/nav_2d_msgs/lib/python3.8/site-packages:/home/dfolse/repos/SPIDER/SPIDER_ws/install/nav2_common/lib/python3.8/site-packages:/home/dfolse/repos/SPIDER/SPIDER_ws/install/spider_nav/lib/python3.8/site-packages:/home/dfolse/repos/SPIDER/SPIDER_ws/install/locomotion/lib/python3.8/site-packages:/home/dfolse/repos/SPIDER/SPIDER_ws/install/spider_interfaces/lib/python3.8/site-packages:/home/dfolse/repos/SPIDER/SPIDER_ws/install/oak_d_lite/lib/python3.8/site-packages:/home/dfolse/repos/SPIDER/SPIDER_ws/install/nav2_gazebo_spawner/lib/python3.8/site-packages:/home/dfolse/repos/SPIDER/SPIDER_ws/install/depthai_ros_msgs/lib/python3.8/site-packages:/home/dfolse/repos/SPIDER/SPIDER_ws/install/data_transfer/lib/python3.8/site-packages:/opt/ros/foxy/lib/python3.8/site-packages /usr/bin/cmake /home/dfolse/repos/SPIDER/SPIDER_ws/src/navigation2/nav2_dwb_controller/dwb_critics -DCMAKE_INSTALL_PREFIX=/home/dfolse/repos/SPIDER/SPIDER_ws/install/dwb_critics
[25.870s] Invoking command in '/home/dfolse/repos/SPIDER/SPIDER_ws/build/dwb_critics': AMENT_PREFIX_PATH=/home/dfolse/repos/SPIDER/SPIDER_ws/install/dwb_core:/home/dfolse/repos/SPIDER/SPIDER_ws/install/nav2_core:/home/dfolse/repos/SPIDER/SPIDER_ws/install/costmap_queue:/home/dfolse/repos/SPIDER/SPIDER_ws/install/nav2_costmap_2d:/home/dfolse/repos/SPIDER/SPIDER_ws/install/nav_2d_msgs:${AMENT_PREFIX_PATH} CMAKE_PREFIX_PATH=/home/dfolse/repos/SPIDER/SPIDER_ws/install/dwb_core:/home/dfolse/repos/SPIDER/SPIDER_ws/install/nav2_core:/home/dfolse/repos/SPIDER/SPIDER_ws/install/costmap_queue:/home/dfolse/repos/SPIDER/SPIDER_ws/install/nav2_costmap_2d:/home/dfolse/repos/SPIDER/SPIDER_ws/install/nav_2d_utils:/home/dfolse/repos/SPIDER/SPIDER_ws/install/nav2_util:/home/dfolse/repos/SPIDER/SPIDER_ws/install/nav2_voxel_grid:/home/dfolse/repos/SPIDER/SPIDER_ws/install/nav2_msgs:/home/dfolse/repos/SPIDER/SPIDER_ws/install/dwb_msgs:/home/dfolse/repos/SPIDER/SPIDER_ws/install/nav_2d_msgs:/home/dfolse/repos/SPIDER/SPIDER_ws/install/nav2_common:/home/dfolse/repos/SPIDER/SPIDER_ws/install/locomotion:/home/dfolse/repos/SPIDER/SPIDER_ws/install/spider_interfaces:/home/dfolse/repos/SPIDER/SPIDER_ws/install/spider_nav:/home/dfolse/repos/SPIDER/SPIDER_ws/install/oak_d_lite:/home/dfolse/repos/SPIDER/SPIDER_ws/install/nav2_gazebo_spawner:/home/dfolse/repos/SPIDER/SPIDER_ws/install/data_transfer:/opt/ros/foxy:/home/dfolse/repos/SPIDER/SPIDER_ws/install/spider_description:/home/dfolse/repos/SPIDER/SPIDER_ws/install/nav2_waypoint_follower:/home/dfolse/repos/SPIDER/SPIDER_ws/install/nav2_lifecycle_manager:/home/dfolse/repos/SPIDER/SPIDER_ws/install/depthai_ros_msgs:/home/dfolse/repos/SPIDER/SPIDER_ws/install/depthai_descriptions LD_LIBRARY_PATH=/home/dfolse/repos/SPIDER/SPIDER_ws/install/dwb_core/lib:/home/dfolse/repos/SPIDER/SPIDER_ws/install/costmap_queue/lib:/home/dfolse/repos/SPIDER/SPIDER_ws/install/nav2_costmap_2d/lib:/home/dfolse/repos/SPIDER/SPIDER_ws/install/nav_2d_utils/lib:/home/dfolse/repos/SPIDER/SPIDER_ws/install/nav2_util/lib:/home/dfolse/repos/SPIDER/SPIDER_ws/install/nav2_voxel_grid/lib:/home/dfolse/repos/SPIDER/SPIDER_ws/install/nav2_msgs/lib:/home/dfolse/repos/SPIDER/SPIDER_ws/install/dwb_msgs/lib:/home/dfolse/repos/SPIDER/SPIDER_ws/install/nav_2d_msgs/lib:/home/dfolse/repos/SPIDER/SPIDER_ws/install/spider_interfaces/lib:/home/dfolse/repos/SPIDER/SPIDER_ws/install/nav2_waypoint_follower/lib:/home/dfolse/repos/SPIDER/SPIDER_ws/install/nav2_lifecycle_manager/lib:/home/dfolse/repos/SPIDER/SPIDER_ws/install/depthai_ros_msgs/lib:/opt/ros/foxy/opt/yaml_cpp_vendor/lib:/opt/ros/foxy/opt/rviz_ogre_vendor/lib:/opt/ros/foxy/lib/aarch64-linux-gnu:/opt/ros/foxy/lib NX_CONNECTION=192.168.1.26 63880 192.168.1.53 4000 PYTHONPATH=/home/dfolse/repos/SPIDER/SPIDER_ws/install/nav2_msgs/lib/python3.8/site-packages:/home/dfolse/repos/SPIDER/SPIDER_ws/install/dwb_msgs/lib/python3.8/site-packages:/home/dfolse/repos/SPIDER/SPIDER_ws/install/nav_2d_msgs/lib/python3.8/site-packages:/home/dfolse/repos/SPIDER/SPIDER_ws/install/nav2_common/lib/python3.8/site-packages:/home/dfolse/repos/SPIDER/SPIDER_ws/install/spider_nav/lib/python3.8/site-packages:/home/dfolse/repos/SPIDER/SPIDER_ws/install/locomotion/lib/python3.8/site-packages:/home/dfolse/repos/SPIDER/SPIDER_ws/install/spider_interfaces/lib/python3.8/site-packages:/home/dfolse/repos/SPIDER/SPIDER_ws/install/oak_d_lite/lib/python3.8/site-packages:/home/dfolse/repos/SPIDER/SPIDER_ws/install/nav2_gazebo_spawner/lib/python3.8/site-packages:/home/dfolse/repos/SPIDER/SPIDER_ws/install/depthai_ros_msgs/lib/python3.8/site-packages:/home/dfolse/repos/SPIDER/SPIDER_ws/install/data_transfer/lib/python3.8/site-packages:/opt/ros/foxy/lib/python3.8/site-packages /usr/bin/cmake --build /home/dfolse/repos/SPIDER/SPIDER_ws/build/dwb_critics -- -j6 -l6
[26.041s] [35m[1mScanning dependencies of target dwb_critics[0m
[26.406s] [  7%] [32mBuilding CXX object CMakeFiles/dwb_critics.dir/src/alignment_util.cpp.o[0m
[27.275s] [ 15%] [32mBuilding CXX object CMakeFiles/dwb_critics.dir/src/path_align.cpp.o[0m
[37.521s] [ 23%] [32mBuilding CXX object CMakeFiles/dwb_critics.dir/src/base_obstacle.cpp.o[0m
[47.956s] [ 30%] [32mBuilding CXX object CMakeFiles/dwb_critics.dir/src/obstacle_footprint.cpp.o[0m
[57.202s] [ 38%] [32mBuilding CXX object CMakeFiles/dwb_critics.dir/src/oscillation.cpp.o[0m
[66.781s] [ 46%] [32mBuilding CXX object CMakeFiles/dwb_critics.dir/src/prefer_forward.cpp.o[0m
[75.963s] [ 53%] [32mBuilding CXX object CMakeFiles/dwb_critics.dir/src/rotate_to_goal.cpp.o[0m
[85.437s] [ 61%] [32mBuilding CXX object CMakeFiles/dwb_critics.dir/src/twirling.cpp.o[0m
[93.848s] [ 69%] [32mBuilding CXX object CMakeFiles/dwb_critics.dir/src/goal_align.cpp.o[0m
[102.200s] [ 76%] [32mBuilding CXX object CMakeFiles/dwb_critics.dir/src/path_dist.cpp.o[0m
[110.313s] [ 84%] [32mBuilding CXX object CMakeFiles/dwb_critics.dir/src/goal_dist.cpp.o[0m
[118.720s] [ 92%] [32mBuilding CXX object CMakeFiles/dwb_critics.dir/src/map_grid.cpp.o[0m
[127.474s] [100%] [32m[1mLinking CXX shared library libdwb_critics.so[0m
[127.995s] [100%] Built target dwb_critics
[128.036s] Invoked command in '/home/dfolse/repos/SPIDER/SPIDER_ws/build/dwb_critics' returned '0': AMENT_PREFIX_PATH=/home/dfolse/repos/SPIDER/SPIDER_ws/install/dwb_core:/home/dfolse/repos/SPIDER/SPIDER_ws/install/nav2_core:/home/dfolse/repos/SPIDER/SPIDER_ws/install/costmap_queue:/home/dfolse/repos/SPIDER/SPIDER_ws/install/nav2_costmap_2d:/home/dfolse/repos/SPIDER/SPIDER_ws/install/nav_2d_msgs:${AMENT_PREFIX_PATH} CMAKE_PREFIX_PATH=/home/dfolse/repos/SPIDER/SPIDER_ws/install/dwb_core:/home/dfolse/repos/SPIDER/SPIDER_ws/install/nav2_core:/home/dfolse/repos/SPIDER/SPIDER_ws/install/costmap_queue:/home/dfolse/repos/SPIDER/SPIDER_ws/install/nav2_costmap_2d:/home/dfolse/repos/SPIDER/SPIDER_ws/install/nav_2d_utils:/home/dfolse/repos/SPIDER/SPIDER_ws/install/nav2_util:/home/dfolse/repos/SPIDER/SPIDER_ws/install/nav2_voxel_grid:/home/dfolse/repos/SPIDER/SPIDER_ws/install/nav2_msgs:/home/dfolse/repos/SPIDER/SPIDER_ws/install/dwb_msgs:/home/dfolse/repos/SPIDER/SPIDER_ws/install/nav_2d_msgs:/home/dfolse/repos/SPIDER/SPIDER_ws/install/nav2_common:/home/dfolse/repos/SPIDER/SPIDER_ws/install/locomotion:/home/dfolse/repos/SPIDER/SPIDER_ws/install/spider_interfaces:/home/dfolse/repos/SPIDER/SPIDER_ws/install/spider_nav:/home/dfolse/repos/SPIDER/SPIDER_ws/install/oak_d_lite:/home/dfolse/repos/SPIDER/SPIDER_ws/install/nav2_gazebo_spawner:/home/dfolse/repos/SPIDER/SPIDER_ws/install/data_transfer:/opt/ros/foxy:/home/dfolse/repos/SPIDER/SPIDER_ws/install/spider_description:/home/dfolse/repos/SPIDER/SPIDER_ws/install/nav2_waypoint_follower:/home/dfolse/repos/SPIDER/SPIDER_ws/install/nav2_lifecycle_manager:/home/dfolse/repos/SPIDER/SPIDER_ws/install/depthai_ros_msgs:/home/dfolse/repos/SPIDER/SPIDER_ws/install/depthai_descriptions LD_LIBRARY_PATH=/home/dfolse/repos/SPIDER/SPIDER_ws/install/dwb_core/lib:/home/dfolse/repos/SPIDER/SPIDER_ws/install/costmap_queue/lib:/home/dfolse/repos/SPIDER/SPIDER_ws/install/nav2_costmap_2d/lib:/home/dfolse/repos/SPIDER/SPIDER_ws/install/nav_2d_utils/lib:/home/dfolse/repos/SPIDER/SPIDER_ws/install/nav2_util/lib:/home/dfolse/repos/SPIDER/SPIDER_ws/install/nav2_voxel_grid/lib:/home/dfolse/repos/SPIDER/SPIDER_ws/install/nav2_msgs/lib:/home/dfolse/repos/SPIDER/SPIDER_ws/install/dwb_msgs/lib:/home/dfolse/repos/SPIDER/SPIDER_ws/install/nav_2d_msgs/lib:/home/dfolse/repos/SPIDER/SPIDER_ws/install/spider_interfaces/lib:/home/dfolse/repos/SPIDER/SPIDER_ws/install/nav2_waypoint_follower/lib:/home/dfolse/repos/SPIDER/SPIDER_ws/install/nav2_lifecycle_manager/lib:/home/dfolse/repos/SPIDER/SPIDER_ws/install/depthai_ros_msgs/lib:/opt/ros/foxy/opt/yaml_cpp_vendor/lib:/opt/ros/foxy/opt/rviz_ogre_vendor/lib:/opt/ros/foxy/lib/aarch64-linux-gnu:/opt/ros/foxy/lib NX_CONNECTION=192.168.1.26 63880 192.168.1.53 4000 PYTHONPATH=/home/dfolse/repos/SPIDER/SPIDER_ws/install/nav2_msgs/lib/python3.8/site-packages:/home/dfolse/repos/SPIDER/SPIDER_ws/install/dwb_msgs/lib/python3.8/site-packages:/home/dfolse/repos/SPIDER/SPIDER_ws/install/nav_2d_msgs/lib/python3.8/site-packages:/home/dfolse/repos/SPIDER/SPIDER_ws/install/nav2_common/lib/python3.8/site-packages:/home/dfolse/repos/SPIDER/SPIDER_ws/install/spider_nav/lib/python3.8/site-packages:/home/dfolse/repos/SPIDER/SPIDER_ws/install/locomotion/lib/python3.8/site-packages:/home/dfolse/repos/SPIDER/SPIDER_ws/install/spider_interfaces/lib/python3.8/site-packages:/home/dfolse/repos/SPIDER/SPIDER_ws/install/oak_d_lite/lib/python3.8/site-packages:/home/dfolse/repos/SPIDER/SPIDER_ws/install/nav2_gazebo_spawner/lib/python3.8/site-packages:/home/dfolse/repos/SPIDER/SPIDER_ws/install/depthai_ros_msgs/lib/python3.8/site-packages:/home/dfolse/repos/SPIDER/SPIDER_ws/install/data_transfer/lib/python3.8/site-packages:/opt/ros/foxy/lib/python3.8/site-packages /usr/bin/cmake --build /home/dfolse/repos/SPIDER/SPIDER_ws/build/dwb_critics -- -j6 -l6
[128.327s] Invoking command in '/home/dfolse/repos/SPIDER/SPIDER_ws/build/dwb_critics': AMENT_PREFIX_PATH=/home/dfolse/repos/SPIDER/SPIDER_ws/install/dwb_core:/home/dfolse/repos/SPIDER/SPIDER_ws/install/nav2_core:/home/dfolse/repos/SPIDER/SPIDER_ws/install/costmap_queue:/home/dfolse/repos/SPIDER/SPIDER_ws/install/nav2_costmap_2d:/home/dfolse/repos/SPIDER/SPIDER_ws/install/nav_2d_msgs:${AMENT_PREFIX_PATH} CMAKE_PREFIX_PATH=/home/dfolse/repos/SPIDER/SPIDER_ws/install/dwb_core:/home/dfolse/repos/SPIDER/SPIDER_ws/install/nav2_core:/home/dfolse/repos/SPIDER/SPIDER_ws/install/costmap_queue:/home/dfolse/repos/SPIDER/SPIDER_ws/install/nav2_costmap_2d:/home/dfolse/repos/SPIDER/SPIDER_ws/install/nav_2d_utils:/home/dfolse/repos/SPIDER/SPIDER_ws/install/nav2_util:/home/dfolse/repos/SPIDER/SPIDER_ws/install/nav2_voxel_grid:/home/dfolse/repos/SPIDER/SPIDER_ws/install/nav2_msgs:/home/dfolse/repos/SPIDER/SPIDER_ws/install/dwb_msgs:/home/dfolse/repos/SPIDER/SPIDER_ws/install/nav_2d_msgs:/home/dfolse/repos/SPIDER/SPIDER_ws/install/nav2_common:/home/dfolse/repos/SPIDER/SPIDER_ws/install/locomotion:/home/dfolse/repos/SPIDER/SPIDER_ws/install/spider_interfaces:/home/dfolse/repos/SPIDER/SPIDER_ws/install/spider_nav:/home/dfolse/repos/SPIDER/SPIDER_ws/install/oak_d_lite:/home/dfolse/repos/SPIDER/SPIDER_ws/install/nav2_gazebo_spawner:/home/dfolse/repos/SPIDER/SPIDER_ws/install/data_transfer:/opt/ros/foxy:/home/dfolse/repos/SPIDER/SPIDER_ws/install/spider_description:/home/dfolse/repos/SPIDER/SPIDER_ws/install/nav2_waypoint_follower:/home/dfolse/repos/SPIDER/SPIDER_ws/install/nav2_lifecycle_manager:/home/dfolse/repos/SPIDER/SPIDER_ws/install/depthai_ros_msgs:/home/dfolse/repos/SPIDER/SPIDER_ws/install/depthai_descriptions LD_LIBRARY_PATH=/home/dfolse/repos/SPIDER/SPIDER_ws/install/dwb_core/lib:/home/dfolse/repos/SPIDER/SPIDER_ws/install/costmap_queue/lib:/home/dfolse/repos/SPIDER/SPIDER_ws/install/nav2_costmap_2d/lib:/home/dfolse/repos/SPIDER/SPIDER_ws/install/nav_2d_utils/lib:/home/dfolse/repos/SPIDER/SPIDER_ws/install/nav2_util/lib:/home/dfolse/repos/SPIDER/SPIDER_ws/install/nav2_voxel_grid/lib:/home/dfolse/repos/SPIDER/SPIDER_ws/install/nav2_msgs/lib:/home/dfolse/repos/SPIDER/SPIDER_ws/install/dwb_msgs/lib:/home/dfolse/repos/SPIDER/SPIDER_ws/install/nav_2d_msgs/lib:/home/dfolse/repos/SPIDER/SPIDER_ws/install/spider_interfaces/lib:/home/dfolse/repos/SPIDER/SPIDER_ws/install/nav2_waypoint_follower/lib:/home/dfolse/repos/SPIDER/SPIDER_ws/install/nav2_lifecycle_manager/lib:/home/dfolse/repos/SPIDER/SPIDER_ws/install/depthai_ros_msgs/lib:/opt/ros/foxy/opt/yaml_cpp_vendor/lib:/opt/ros/foxy/opt/rviz_ogre_vendor/lib:/opt/ros/foxy/lib/aarch64-linux-gnu:/opt/ros/foxy/lib NX_CONNECTION=192.168.1.26 63880 192.168.1.53 4000 PYTHONPATH=/home/dfolse/repos/SPIDER/SPIDER_ws/install/nav2_msgs/lib/python3.8/site-packages:/home/dfolse/repos/SPIDER/SPIDER_ws/install/dwb_msgs/lib/python3.8/site-packages:/home/dfolse/repos/SPIDER/SPIDER_ws/install/nav_2d_msgs/lib/python3.8/site-packages:/home/dfolse/repos/SPIDER/SPIDER_ws/install/nav2_common/lib/python3.8/site-packages:/home/dfolse/repos/SPIDER/SPIDER_ws/install/spider_nav/lib/python3.8/site-packages:/home/dfolse/repos/SPIDER/SPIDER_ws/install/locomotion/lib/python3.8/site-packages:/home/dfolse/repos/SPIDER/SPIDER_ws/install/spider_interfaces/lib/python3.8/site-packages:/home/dfolse/repos/SPIDER/SPIDER_ws/install/oak_d_lite/lib/python3.8/site-packages:/home/dfolse/repos/SPIDER/SPIDER_ws/install/nav2_gazebo_spawner/lib/python3.8/site-packages:/home/dfolse/repos/SPIDER/SPIDER_ws/install/depthai_ros_msgs/lib/python3.8/site-packages:/home/dfolse/repos/SPIDER/SPIDER_ws/install/data_transfer/lib/python3.8/site-packages:/opt/ros/foxy/lib/python3.8/site-packages /usr/bin/cmake --install /home/dfolse/repos/SPIDER/SPIDER_ws/build/dwb_critics
[128.353s] -- Install configuration: "Release"
[128.354s] -- Installing: /home/dfolse/repos/SPIDER/SPIDER_ws/install/dwb_critics/lib/libdwb_critics.so
[128.355s] -- Set runtime path of "/home/dfolse/repos/SPIDER/SPIDER_ws/install/dwb_critics/lib/libdwb_critics.so" to ""
[128.355s] -- Installing: /home/dfolse/repos/SPIDER/SPIDER_ws/install/dwb_critics/include/
[128.355s] -- Installing: /home/dfolse/repos/SPIDER/SPIDER_ws/install/dwb_critics/include//dwb_critics
[128.355s] -- Installing: /home/dfolse/repos/SPIDER/SPIDER_ws/install/dwb_critics/include//dwb_critics/path_dist.hpp
[128.356s] -- Installing: /home/dfolse/repos/SPIDER/SPIDER_ws/install/dwb_critics/include//dwb_critics/base_obstacle.hpp
[128.356s] -- Installing: /home/dfolse/repos/SPIDER/SPIDER_ws/install/dwb_critics/include//dwb_critics/obstacle_footprint.hpp
[128.356s] -- Installing: /home/dfolse/repos/SPIDER/SPIDER_ws/install/dwb_critics/include//dwb_critics/path_align.hpp
[128.357s] -- Installing: /home/dfolse/repos/SPIDER/SPIDER_ws/install/dwb_critics/include//dwb_critics/map_grid.hpp
[128.357s] -- Installing: /home/dfolse/repos/SPIDER/SPIDER_ws/install/dwb_critics/include//dwb_critics/goal_align.hpp
[128.357s] -- Installing: /home/dfolse/repos/SPIDER/SPIDER_ws/install/dwb_critics/include//dwb_critics/line_iterator.hpp
[128.357s] -- Installing: /home/dfolse/repos/SPIDER/SPIDER_ws/install/dwb_critics/include//dwb_critics/prefer_forward.hpp
[128.357s] -- Installing: /home/dfolse/repos/SPIDER/SPIDER_ws/install/dwb_critics/include//dwb_critics/alignment_util.hpp
[128.357s] -- Installing: /home/dfolse/repos/SPIDER/SPIDER_ws/install/dwb_critics/include//dwb_critics/oscillation.hpp
[128.358s] -- Installing: /home/dfolse/repos/SPIDER/SPIDER_ws/install/dwb_critics/include//dwb_critics/goal_dist.hpp
[128.358s] -- Installing: /home/dfolse/repos/SPIDER/SPIDER_ws/install/dwb_critics/include//dwb_critics/twirling.hpp
[128.358s] -- Installing: /home/dfolse/repos/SPIDER/SPIDER_ws/install/dwb_critics/include//dwb_critics/rotate_to_goal.hpp
[128.358s] -- Installing: /home/dfolse/repos/SPIDER/SPIDER_ws/install/dwb_critics/share/dwb_critics/default_critics.xml
[128.359s] -- Installing: /home/dfolse/repos/SPIDER/SPIDER_ws/install/dwb_critics/share/dwb_critics/environment/library_path.sh
[128.359s] -- Installing: /home/dfolse/repos/SPIDER/SPIDER_ws/install/dwb_critics/share/dwb_critics/environment/library_path.dsv
[128.361s] -- Up-to-date: /home/dfolse/repos/SPIDER/SPIDER_ws/install/dwb_critics/share/dwb_critics/default_critics.xml
[128.361s] -- Installing: /home/dfolse/repos/SPIDER/SPIDER_ws/install/dwb_critics/share/ament_index/resource_index/package_run_dependencies/dwb_critics
[128.362s] -- Installing: /home/dfolse/repos/SPIDER/SPIDER_ws/install/dwb_critics/share/ament_index/resource_index/parent_prefix_path/dwb_critics
[128.363s] -- Installing: /home/dfolse/repos/SPIDER/SPIDER_ws/install/dwb_critics/share/dwb_critics/environment/ament_prefix_path.sh
[128.363s] -- Installing: /home/dfolse/repos/SPIDER/SPIDER_ws/install/dwb_critics/share/dwb_critics/environment/ament_prefix_path.dsv
[128.365s] -- Installing: /home/dfolse/repos/SPIDER/SPIDER_ws/install/dwb_critics/share/dwb_critics/environment/path.sh
[128.365s] -- Installing: /home/dfolse/repos/SPIDER/SPIDER_ws/install/dwb_critics/share/dwb_critics/environment/path.dsv
[128.365s] -- Installing: /home/dfolse/repos/SPIDER/SPIDER_ws/install/dwb_critics/share/dwb_critics/local_setup.bash
[128.366s] -- Installing: /home/dfolse/repos/SPIDER/SPIDER_ws/install/dwb_critics/share/dwb_critics/local_setup.sh
[128.366s] -- Installing: /home/dfolse/repos/SPIDER/SPIDER_ws/install/dwb_critics/share/dwb_critics/local_setup.zsh
[128.367s] -- Installing: /home/dfolse/repos/SPIDER/SPIDER_ws/install/dwb_critics/share/dwb_critics/local_setup.dsv
[128.367s] -- Installing: /home/dfolse/repos/SPIDER/SPIDER_ws/install/dwb_critics/share/dwb_critics/package.dsv
[128.368s] -- Installing: /home/dfolse/repos/SPIDER/SPIDER_ws/install/dwb_critics/share/ament_index/resource_index/packages/dwb_critics
[128.370s] -- Installing: /home/dfolse/repos/SPIDER/SPIDER_ws/install/dwb_critics/share/ament_index/resource_index/dwb_core__pluginlib__plugin/dwb_critics
[128.370s] -- Installing: /home/dfolse/repos/SPIDER/SPIDER_ws/install/dwb_critics/share/dwb_critics/cmake/ament_cmake_export_include_directories-extras.cmake
[128.371s] -- Installing: /home/dfolse/repos/SPIDER/SPIDER_ws/install/dwb_critics/share/dwb_critics/cmake/ament_cmake_export_libraries-extras.cmake
[128.371s] -- Installing: /home/dfolse/repos/SPIDER/SPIDER_ws/install/dwb_critics/share/dwb_critics/cmake/ament_cmake_export_dependencies-extras.cmake
[128.371s] -- Installing: /home/dfolse/repos/SPIDER/SPIDER_ws/install/dwb_critics/share/dwb_critics/cmake/ament_cmake_export_definitions-extras.cmake
[128.371s] -- Installing: /home/dfolse/repos/SPIDER/SPIDER_ws/install/dwb_critics/share/dwb_critics/cmake/dwb_criticsConfig.cmake
[128.372s] -- Installing: /home/dfolse/repos/SPIDER/SPIDER_ws/install/dwb_critics/share/dwb_critics/cmake/dwb_criticsConfig-version.cmake
[128.372s] -- Installing: /home/dfolse/repos/SPIDER/SPIDER_ws/install/dwb_critics/share/dwb_critics/package.xml
[128.379s] Invoked command in '/home/dfolse/repos/SPIDER/SPIDER_ws/build/dwb_critics' returned '0': AMENT_PREFIX_PATH=/home/dfolse/repos/SPIDER/SPIDER_ws/install/dwb_core:/home/dfolse/repos/SPIDER/SPIDER_ws/install/nav2_core:/home/dfolse/repos/SPIDER/SPIDER_ws/install/costmap_queue:/home/dfolse/repos/SPIDER/SPIDER_ws/install/nav2_costmap_2d:/home/dfolse/repos/SPIDER/SPIDER_ws/install/nav_2d_msgs:${AMENT_PREFIX_PATH} CMAKE_PREFIX_PATH=/home/dfolse/repos/SPIDER/SPIDER_ws/install/dwb_core:/home/dfolse/repos/SPIDER/SPIDER_ws/install/nav2_core:/home/dfolse/repos/SPIDER/SPIDER_ws/install/costmap_queue:/home/dfolse/repos/SPIDER/SPIDER_ws/install/nav2_costmap_2d:/home/dfolse/repos/SPIDER/SPIDER_ws/install/nav_2d_utils:/home/dfolse/repos/SPIDER/SPIDER_ws/install/nav2_util:/home/dfolse/repos/SPIDER/SPIDER_ws/install/nav2_voxel_grid:/home/dfolse/repos/SPIDER/SPIDER_ws/install/nav2_msgs:/home/dfolse/repos/SPIDER/SPIDER_ws/install/dwb_msgs:/home/dfolse/repos/SPIDER/SPIDER_ws/install/nav_2d_msgs:/home/dfolse/repos/SPIDER/SPIDER_ws/install/nav2_common:/home/dfolse/repos/SPIDER/SPIDER_ws/install/locomotion:/home/dfolse/repos/SPIDER/SPIDER_ws/install/spider_interfaces:/home/dfolse/repos/SPIDER/SPIDER_ws/install/spider_nav:/home/dfolse/repos/SPIDER/SPIDER_ws/install/oak_d_lite:/home/dfolse/repos/SPIDER/SPIDER_ws/install/nav2_gazebo_spawner:/home/dfolse/repos/SPIDER/SPIDER_ws/install/data_transfer:/opt/ros/foxy:/home/dfolse/repos/SPIDER/SPIDER_ws/install/spider_description:/home/dfolse/repos/SPIDER/SPIDER_ws/install/nav2_waypoint_follower:/home/dfolse/repos/SPIDER/SPIDER_ws/install/nav2_lifecycle_manager:/home/dfolse/repos/SPIDER/SPIDER_ws/install/depthai_ros_msgs:/home/dfolse/repos/SPIDER/SPIDER_ws/install/depthai_descriptions LD_LIBRARY_PATH=/home/dfolse/repos/SPIDER/SPIDER_ws/install/dwb_core/lib:/home/dfolse/repos/SPIDER/SPIDER_ws/install/costmap_queue/lib:/home/dfolse/repos/SPIDER/SPIDER_ws/install/nav2_costmap_2d/lib:/home/dfolse/repos/SPIDER/SPIDER_ws/install/nav_2d_utils/lib:/home/dfolse/repos/SPIDER/SPIDER_ws/install/nav2_util/lib:/home/dfolse/repos/SPIDER/SPIDER_ws/install/nav2_voxel_grid/lib:/home/dfolse/repos/SPIDER/SPIDER_ws/install/nav2_msgs/lib:/home/dfolse/repos/SPIDER/SPIDER_ws/install/dwb_msgs/lib:/home/dfolse/repos/SPIDER/SPIDER_ws/install/nav_2d_msgs/lib:/home/dfolse/repos/SPIDER/SPIDER_ws/install/spider_interfaces/lib:/home/dfolse/repos/SPIDER/SPIDER_ws/install/nav2_waypoint_follower/lib:/home/dfolse/repos/SPIDER/SPIDER_ws/install/nav2_lifecycle_manager/lib:/home/dfolse/repos/SPIDER/SPIDER_ws/install/depthai_ros_msgs/lib:/opt/ros/foxy/opt/yaml_cpp_vendor/lib:/opt/ros/foxy/opt/rviz_ogre_vendor/lib:/opt/ros/foxy/lib/aarch64-linux-gnu:/opt/ros/foxy/lib NX_CONNECTION=192.168.1.26 63880 192.168.1.53 4000 PYTHONPATH=/home/dfolse/repos/SPIDER/SPIDER_ws/install/nav2_msgs/lib/python3.8/site-packages:/home/dfolse/repos/SPIDER/SPIDER_ws/install/dwb_msgs/lib/python3.8/site-packages:/home/dfolse/repos/SPIDER/SPIDER_ws/install/nav_2d_msgs/lib/python3.8/site-packages:/home/dfolse/repos/SPIDER/SPIDER_ws/install/nav2_common/lib/python3.8/site-packages:/home/dfolse/repos/SPIDER/SPIDER_ws/install/spider_nav/lib/python3.8/site-packages:/home/dfolse/repos/SPIDER/SPIDER_ws/install/locomotion/lib/python3.8/site-packages:/home/dfolse/repos/SPIDER/SPIDER_ws/install/spider_interfaces/lib/python3.8/site-packages:/home/dfolse/repos/SPIDER/SPIDER_ws/install/oak_d_lite/lib/python3.8/site-packages:/home/dfolse/repos/SPIDER/SPIDER_ws/install/nav2_gazebo_spawner/lib/python3.8/site-packages:/home/dfolse/repos/SPIDER/SPIDER_ws/install/depthai_ros_msgs/lib/python3.8/site-packages:/home/dfolse/repos/SPIDER/SPIDER_ws/install/data_transfer/lib/python3.8/site-packages:/opt/ros/foxy/lib/python3.8/site-packages /usr/bin/cmake --install /home/dfolse/repos/SPIDER/SPIDER_ws/build/dwb_critics
