[0.055s] Invoking command in '/home/dfolse/repos/SPIDER/SPIDER_ws/build/spider_interfaces': CMAKE_PREFIX_PATH=${CMAKE_PREFIX_PATH}:/home/dfolse/repos/SPIDER/SPIDER_ws/install/data_transfer:/home/dfolse/repos/SPIDER/SPIDER_ws/install/spider_nav:/home/dfolse/repos/SPIDER/SPIDER_ws/install/locomotion:/home/dfolse/repos/SPIDER/SPIDER_ws/install/oak_d_lite:/home/dfolse/repos/SPIDER/SPIDER_ws/install/nav2_gps_waypoint_follower_demo:/opt/ros/foxy NX_CONNECTION=192.168.1.26 51414 192.168.1.53 4000 /usr/bin/cmake --build /home/dfolse/repos/SPIDER/SPIDER_ws/build/spider_interfaces -- -j6 -l6
[0.232s] [  2%] Built target spider_interfaces__cpp
[0.237s] [ 12%] Built target spider_interfaces__rosidl_generator_c
[0.308s] [ 23%] Built target spider_interfaces__rosidl_typesupport_cpp
[0.309s] [ 33%] Built target spider_interfaces__rosidl_typesupport_introspection_cpp
[0.321s] [ 43%] Built target spider_interfaces__rosidl_typesupport_c
[0.321s] [ 53%] Built target spider_interfaces__rosidl_typesupport_introspection_c
[0.322s] [ 64%] Built target spider_interfaces__rosidl_typesupport_fastrtps_cpp
[0.406s] [ 74%] Built target spider_interfaces__rosidl_typesupport_fastrtps_c
[0.471s] [ 74%] Built target spider_interfaces
[0.538s] [ 76%] Built target spider_interfaces__py
[0.625s] [ 84%] Built target spider_interfaces__python
[0.706s] [100%] Built target spider_interfaces__rosidl_typesupport_c__pyext
[0.706s] [100%] Built target spider_interfaces__rosidl_typesupport_introspection_c__pyext
[0.706s] [100%] Built target spider_interfaces__rosidl_typesupport_fastrtps_c__pyext
[0.739s] Invoked command in '/home/dfolse/repos/SPIDER/SPIDER_ws/build/spider_interfaces' returned '0': CMAKE_PREFIX_PATH=${CMAKE_PREFIX_PATH}:/home/dfolse/repos/SPIDER/SPIDER_ws/install/data_transfer:/home/dfolse/repos/SPIDER/SPIDER_ws/install/spider_nav:/home/dfolse/repos/SPIDER/SPIDER_ws/install/locomotion:/home/dfolse/repos/SPIDER/SPIDER_ws/install/oak_d_lite:/home/dfolse/repos/SPIDER/SPIDER_ws/install/nav2_gps_waypoint_follower_demo:/opt/ros/foxy NX_CONNECTION=192.168.1.26 51414 192.168.1.53 4000 /usr/bin/cmake --build /home/dfolse/repos/SPIDER/SPIDER_ws/build/spider_interfaces -- -j6 -l6
[1.127s] Invoking command in '/home/dfolse/repos/SPIDER/SPIDER_ws/build/spider_interfaces': CMAKE_PREFIX_PATH=${CMAKE_PREFIX_PATH}:/home/dfolse/repos/SPIDER/SPIDER_ws/install/data_transfer:/home/dfolse/repos/SPIDER/SPIDER_ws/install/spider_nav:/home/dfolse/repos/SPIDER/SPIDER_ws/install/locomotion:/home/dfolse/repos/SPIDER/SPIDER_ws/install/oak_d_lite:/home/dfolse/repos/SPIDER/SPIDER_ws/install/nav2_gps_waypoint_follower_demo:/opt/ros/foxy NX_CONNECTION=192.168.1.26 51414 192.168.1.53 4000 /usr/bin/cmake --install /home/dfolse/repos/SPIDER/SPIDER_ws/build/spider_interfaces
[1.152s] -- Install configuration: ""
[1.152s] -- Up-to-date: /home/dfolse/repos/SPIDER/SPIDER_ws/install/spider_interfaces/share/ament_index/resource_index/rosidl_interfaces/spider_interfaces
[1.153s] -- Up-to-date: /home/dfolse/repos/SPIDER/SPIDER_ws/install/spider_interfaces/include/spider_interfaces
[1.153s] -- Up-to-date: /home/dfolse/repos/SPIDER/SPIDER_ws/install/spider_interfaces/include/spider_interfaces/srv
[1.153s] -- Up-to-date: /home/dfolse/repos/SPIDER/SPIDER_ws/install/spider_interfaces/include/spider_interfaces/srv/detail
[1.153s] -- Up-to-date: /home/dfolse/repos/SPIDER/SPIDER_ws/install/spider_interfaces/include/spider_interfaces/srv/detail/loc_service__type_support.h
[1.153s] -- Up-to-date: /home/dfolse/repos/SPIDER/SPIDER_ws/install/spider_interfaces/include/spider_interfaces/srv/detail/loc_service__functions.c
[1.154s] -- Up-to-date: /home/dfolse/repos/SPIDER/SPIDER_ws/install/spider_interfaces/include/spider_interfaces/srv/detail/loc_service__functions.h
[1.154s] -- Up-to-date: /home/dfolse/repos/SPIDER/SPIDER_ws/install/spider_interfaces/include/spider_interfaces/srv/detail/loc_service__struct.h
[1.154s] -- Up-to-date: /home/dfolse/repos/SPIDER/SPIDER_ws/install/spider_interfaces/include/spider_interfaces/srv/loc_service.h
[1.154s] -- Up-to-date: /home/dfolse/repos/SPIDER/SPIDER_ws/install/spider_interfaces/include/spider_interfaces/msg
[1.155s] -- Up-to-date: /home/dfolse/repos/SPIDER/SPIDER_ws/install/spider_interfaces/include/spider_interfaces/msg/loc_commands.h
[1.155s] -- Up-to-date: /home/dfolse/repos/SPIDER/SPIDER_ws/install/spider_interfaces/include/spider_interfaces/msg/detail
[1.155s] -- Up-to-date: /home/dfolse/repos/SPIDER/SPIDER_ws/install/spider_interfaces/include/spider_interfaces/msg/detail/loc_commands__functions.h
[1.155s] -- Up-to-date: /home/dfolse/repos/SPIDER/SPIDER_ws/install/spider_interfaces/include/spider_interfaces/msg/detail/loc_commands__functions.c
[1.156s] -- Up-to-date: /home/dfolse/repos/SPIDER/SPIDER_ws/install/spider_interfaces/include/spider_interfaces/msg/detail/loc_commands__type_support.h
[1.156s] -- Up-to-date: /home/dfolse/repos/SPIDER/SPIDER_ws/install/spider_interfaces/include/spider_interfaces/msg/detail/loc_commands__struct.h
[1.156s] -- Up-to-date: /home/dfolse/repos/SPIDER/SPIDER_ws/install/spider_interfaces/include/spider_interfaces/msg/rosidl_generator_c__visibility_control.h
[1.156s] -- Up-to-date: /home/dfolse/repos/SPIDER/SPIDER_ws/install/spider_interfaces/share/spider_interfaces/environment/library_path.sh
[1.156s] -- Up-to-date: /home/dfolse/repos/SPIDER/SPIDER_ws/install/spider_interfaces/share/spider_interfaces/environment/library_path.dsv
[1.157s] -- Up-to-date: /home/dfolse/repos/SPIDER/SPIDER_ws/install/spider_interfaces/lib/libspider_interfaces__rosidl_generator_c.so
[1.157s] -- Up-to-date: /home/dfolse/repos/SPIDER/SPIDER_ws/install/spider_interfaces/include/spider_interfaces
[1.157s] -- Up-to-date: /home/dfolse/repos/SPIDER/SPIDER_ws/install/spider_interfaces/include/spider_interfaces/srv
[1.157s] -- Up-to-date: /home/dfolse/repos/SPIDER/SPIDER_ws/install/spider_interfaces/include/spider_interfaces/srv/detail
[1.157s] -- Up-to-date: /home/dfolse/repos/SPIDER/SPIDER_ws/install/spider_interfaces/include/spider_interfaces/srv/detail/loc_service__rosidl_typesupport_fastrtps_c.h
[1.158s] -- Up-to-date: /home/dfolse/repos/SPIDER/SPIDER_ws/install/spider_interfaces/include/spider_interfaces/msg
[1.158s] -- Up-to-date: /home/dfolse/repos/SPIDER/SPIDER_ws/install/spider_interfaces/include/spider_interfaces/msg/rosidl_typesupport_fastrtps_c__visibility_control.h
[1.158s] -- Up-to-date: /home/dfolse/repos/SPIDER/SPIDER_ws/install/spider_interfaces/include/spider_interfaces/msg/detail
[1.158s] -- Up-to-date: /home/dfolse/repos/SPIDER/SPIDER_ws/install/spider_interfaces/include/spider_interfaces/msg/detail/loc_commands__rosidl_typesupport_fastrtps_c.h
[1.159s] -- Up-to-date: /home/dfolse/repos/SPIDER/SPIDER_ws/install/spider_interfaces/lib/libspider_interfaces__rosidl_typesupport_fastrtps_c.so
[1.159s] -- Up-to-date: /home/dfolse/repos/SPIDER/SPIDER_ws/install/spider_interfaces/include/spider_interfaces
[1.159s] -- Up-to-date: /home/dfolse/repos/SPIDER/SPIDER_ws/install/spider_interfaces/include/spider_interfaces/srv
[1.159s] -- Up-to-date: /home/dfolse/repos/SPIDER/SPIDER_ws/install/spider_interfaces/include/spider_interfaces/srv/detail
[1.160s] -- Up-to-date: /home/dfolse/repos/SPIDER/SPIDER_ws/install/spider_interfaces/include/spider_interfaces/srv/detail/loc_service__rosidl_typesupport_fastrtps_cpp.hpp
[1.160s] -- Up-to-date: /home/dfolse/repos/SPIDER/SPIDER_ws/install/spider_interfaces/include/spider_interfaces/srv/detail/dds_fastrtps
[1.160s] -- Up-to-date: /home/dfolse/repos/SPIDER/SPIDER_ws/install/spider_interfaces/include/spider_interfaces/msg
[1.160s] -- Up-to-date: /home/dfolse/repos/SPIDER/SPIDER_ws/install/spider_interfaces/include/spider_interfaces/msg/detail
[1.161s] -- Up-to-date: /home/dfolse/repos/SPIDER/SPIDER_ws/install/spider_interfaces/include/spider_interfaces/msg/detail/dds_fastrtps
[1.161s] -- Up-to-date: /home/dfolse/repos/SPIDER/SPIDER_ws/install/spider_interfaces/include/spider_interfaces/msg/detail/loc_commands__rosidl_typesupport_fastrtps_cpp.hpp
[1.161s] -- Up-to-date: /home/dfolse/repos/SPIDER/SPIDER_ws/install/spider_interfaces/include/spider_interfaces/msg/rosidl_typesupport_fastrtps_cpp__visibility_control.h
[1.161s] -- Up-to-date: /home/dfolse/repos/SPIDER/SPIDER_ws/install/spider_interfaces/lib/libspider_interfaces__rosidl_typesupport_fastrtps_cpp.so
[1.161s] -- Up-to-date: /home/dfolse/repos/SPIDER/SPIDER_ws/install/spider_interfaces/include/spider_interfaces
[1.162s] -- Up-to-date: /home/dfolse/repos/SPIDER/SPIDER_ws/install/spider_interfaces/include/spider_interfaces/srv
[1.162s] -- Up-to-date: /home/dfolse/repos/SPIDER/SPIDER_ws/install/spider_interfaces/include/spider_interfaces/srv/detail
[1.162s] -- Up-to-date: /home/dfolse/repos/SPIDER/SPIDER_ws/install/spider_interfaces/include/spider_interfaces/srv/detail/loc_service__rosidl_typesupport_introspection_c.h
[1.162s] -- Up-to-date: /home/dfolse/repos/SPIDER/SPIDER_ws/install/spider_interfaces/include/spider_interfaces/srv/detail/loc_service__type_support.c
[1.162s] -- Up-to-date: /home/dfolse/repos/SPIDER/SPIDER_ws/install/spider_interfaces/include/spider_interfaces/msg
[1.162s] -- Up-to-date: /home/dfolse/repos/SPIDER/SPIDER_ws/install/spider_interfaces/include/spider_interfaces/msg/detail
[1.163s] -- Up-to-date: /home/dfolse/repos/SPIDER/SPIDER_ws/install/spider_interfaces/include/spider_interfaces/msg/detail/loc_commands__rosidl_typesupport_introspection_c.h
[1.164s] -- Up-to-date: /home/dfolse/repos/SPIDER/SPIDER_ws/install/spider_interfaces/include/spider_interfaces/msg/detail/loc_commands__type_support.c
[1.164s] -- Up-to-date: /home/dfolse/repos/SPIDER/SPIDER_ws/install/spider_interfaces/include/spider_interfaces/msg/rosidl_typesupport_introspection_c__visibility_control.h
[1.164s] -- Up-to-date: /home/dfolse/repos/SPIDER/SPIDER_ws/install/spider_interfaces/lib/libspider_interfaces__rosidl_typesupport_introspection_c.so
[1.164s] -- Up-to-date: /home/dfolse/repos/SPIDER/SPIDER_ws/install/spider_interfaces/lib/libspider_interfaces__rosidl_typesupport_c.so
[1.164s] -- Up-to-date: /home/dfolse/repos/SPIDER/SPIDER_ws/install/spider_interfaces/include/spider_interfaces
[1.165s] -- Up-to-date: /home/dfolse/repos/SPIDER/SPIDER_ws/install/spider_interfaces/include/spider_interfaces/srv
[1.165s] -- Up-to-date: /home/dfolse/repos/SPIDER/SPIDER_ws/install/spider_interfaces/include/spider_interfaces/srv/detail
[1.165s] -- Up-to-date: /home/dfolse/repos/SPIDER/SPIDER_ws/install/spider_interfaces/include/spider_interfaces/srv/detail/loc_service__builder.hpp
[1.165s] -- Up-to-date: /home/dfolse/repos/SPIDER/SPIDER_ws/install/spider_interfaces/include/spider_interfaces/srv/detail/loc_service__struct.hpp
[1.165s] -- Up-to-date: /home/dfolse/repos/SPIDER/SPIDER_ws/install/spider_interfaces/include/spider_interfaces/srv/detail/loc_service__type_support.hpp
[1.165s] -- Up-to-date: /home/dfolse/repos/SPIDER/SPIDER_ws/install/spider_interfaces/include/spider_interfaces/srv/detail/loc_service__traits.hpp
[1.165s] -- Up-to-date: /home/dfolse/repos/SPIDER/SPIDER_ws/install/spider_interfaces/include/spider_interfaces/srv/loc_service.hpp
[1.165s] -- Up-to-date: /home/dfolse/repos/SPIDER/SPIDER_ws/install/spider_interfaces/include/spider_interfaces/msg
[1.166s] -- Up-to-date: /home/dfolse/repos/SPIDER/SPIDER_ws/install/spider_interfaces/include/spider_interfaces/msg/loc_commands.hpp
[1.166s] -- Up-to-date: /home/dfolse/repos/SPIDER/SPIDER_ws/install/spider_interfaces/include/spider_interfaces/msg/rosidl_generator_cpp__visibility_control.hpp
[1.166s] -- Up-to-date: /home/dfolse/repos/SPIDER/SPIDER_ws/install/spider_interfaces/include/spider_interfaces/msg/detail
[1.166s] -- Up-to-date: /home/dfolse/repos/SPIDER/SPIDER_ws/install/spider_interfaces/include/spider_interfaces/msg/detail/loc_commands__traits.hpp
[1.166s] -- Up-to-date: /home/dfolse/repos/SPIDER/SPIDER_ws/install/spider_interfaces/include/spider_interfaces/msg/detail/loc_commands__struct.hpp
[1.166s] -- Up-to-date: /home/dfolse/repos/SPIDER/SPIDER_ws/install/spider_interfaces/include/spider_interfaces/msg/detail/loc_commands__type_support.hpp
[1.166s] -- Up-to-date: /home/dfolse/repos/SPIDER/SPIDER_ws/install/spider_interfaces/include/spider_interfaces/msg/detail/loc_commands__builder.hpp
[1.166s] -- Up-to-date: /home/dfolse/repos/SPIDER/SPIDER_ws/install/spider_interfaces/include/spider_interfaces
[1.167s] -- Up-to-date: /home/dfolse/repos/SPIDER/SPIDER_ws/install/spider_interfaces/include/spider_interfaces/srv
[1.167s] -- Up-to-date: /home/dfolse/repos/SPIDER/SPIDER_ws/install/spider_interfaces/include/spider_interfaces/srv/detail
[1.167s] -- Up-to-date: /home/dfolse/repos/SPIDER/SPIDER_ws/install/spider_interfaces/include/spider_interfaces/srv/detail/loc_service__type_support.cpp
[1.167s] -- Up-to-date: /home/dfolse/repos/SPIDER/SPIDER_ws/install/spider_interfaces/include/spider_interfaces/srv/detail/loc_service__rosidl_typesupport_introspection_cpp.hpp
[1.168s] -- Up-to-date: /home/dfolse/repos/SPIDER/SPIDER_ws/install/spider_interfaces/include/spider_interfaces/msg
[1.168s] -- Up-to-date: /home/dfolse/repos/SPIDER/SPIDER_ws/install/spider_interfaces/include/spider_interfaces/msg/detail
[1.169s] -- Up-to-date: /home/dfolse/repos/SPIDER/SPIDER_ws/install/spider_interfaces/include/spider_interfaces/msg/detail/loc_commands__type_support.cpp
[1.170s] -- Up-to-date: /home/dfolse/repos/SPIDER/SPIDER_ws/install/spider_interfaces/include/spider_interfaces/msg/detail/loc_commands__rosidl_typesupport_introspection_cpp.hpp
[1.170s] -- Up-to-date: /home/dfolse/repos/SPIDER/SPIDER_ws/install/spider_interfaces/lib/libspider_interfaces__rosidl_typesupport_introspection_cpp.so
[1.170s] -- Up-to-date: /home/dfolse/repos/SPIDER/SPIDER_ws/install/spider_interfaces/lib/libspider_interfaces__rosidl_typesupport_cpp.so
[1.170s] -- Up-to-date: /home/dfolse/repos/SPIDER/SPIDER_ws/install/spider_interfaces/share/spider_interfaces/environment/pythonpath.sh
[1.170s] -- Up-to-date: /home/dfolse/repos/SPIDER/SPIDER_ws/install/spider_interfaces/share/spider_interfaces/environment/pythonpath.dsv
[1.171s] -- Up-to-date: /home/dfolse/repos/SPIDER/SPIDER_ws/install/spider_interfaces/lib/python3.8/site-packages/spider_interfaces/__init__.py
[1.241s] -- Up-to-date: /home/dfolse/repos/SPIDER/SPIDER_ws/install/spider_interfaces/lib/python3.8/site-packages/spider_interfaces/msg
[1.242s] -- Up-to-date: /home/dfolse/repos/SPIDER/SPIDER_ws/install/spider_interfaces/lib/python3.8/site-packages/spider_interfaces/msg/_loc_commands.py
[1.242s] -- Up-to-date: /home/dfolse/repos/SPIDER/SPIDER_ws/install/spider_interfaces/lib/python3.8/site-packages/spider_interfaces/msg/_loc_commands_s.c
[1.242s] -- Up-to-date: /home/dfolse/repos/SPIDER/SPIDER_ws/install/spider_interfaces/lib/python3.8/site-packages/spider_interfaces/msg/__init__.py
[1.242s] -- Up-to-date: /home/dfolse/repos/SPIDER/SPIDER_ws/install/spider_interfaces/lib/python3.8/site-packages/spider_interfaces/srv
[1.242s] -- Up-to-date: /home/dfolse/repos/SPIDER/SPIDER_ws/install/spider_interfaces/lib/python3.8/site-packages/spider_interfaces/srv/_loc_service_s.c
[1.243s] -- Up-to-date: /home/dfolse/repos/SPIDER/SPIDER_ws/install/spider_interfaces/lib/python3.8/site-packages/spider_interfaces/srv/_loc_service.py
[1.243s] -- Up-to-date: /home/dfolse/repos/SPIDER/SPIDER_ws/install/spider_interfaces/lib/python3.8/site-packages/spider_interfaces/srv/__init__.py
[1.243s] -- Up-to-date: /home/dfolse/repos/SPIDER/SPIDER_ws/install/spider_interfaces/lib/python3.8/site-packages/spider_interfaces/spider_interfaces_s__rosidl_typesupport_fastrtps_c.cpython-38-aarch64-linux-gnu.so
[1.244s] -- Up-to-date: /home/dfolse/repos/SPIDER/SPIDER_ws/install/spider_interfaces/lib/python3.8/site-packages/spider_interfaces/spider_interfaces_s__rosidl_typesupport_introspection_c.cpython-38-aarch64-linux-gnu.so
[1.246s] -- Up-to-date: /home/dfolse/repos/SPIDER/SPIDER_ws/install/spider_interfaces/lib/python3.8/site-packages/spider_interfaces/spider_interfaces_s__rosidl_typesupport_c.cpython-38-aarch64-linux-gnu.so
[1.246s] -- Up-to-date: /home/dfolse/repos/SPIDER/SPIDER_ws/install/spider_interfaces/lib/libspider_interfaces__python.so
[1.247s] -- Up-to-date: /home/dfolse/repos/SPIDER/SPIDER_ws/install/spider_interfaces/share/spider_interfaces/msg/LocCommands.idl
[1.247s] -- Up-to-date: /home/dfolse/repos/SPIDER/SPIDER_ws/install/spider_interfaces/share/spider_interfaces/srv/LocService.idl
[1.247s] -- Up-to-date: /home/dfolse/repos/SPIDER/SPIDER_ws/install/spider_interfaces/share/spider_interfaces/msg/LocCommands.msg
[1.248s] -- Up-to-date: /home/dfolse/repos/SPIDER/SPIDER_ws/install/spider_interfaces/share/spider_interfaces/srv/LocService.srv
[1.248s] -- Up-to-date: /home/dfolse/repos/SPIDER/SPIDER_ws/install/spider_interfaces/share/spider_interfaces/srv/LocService_Request.msg
[1.248s] -- Up-to-date: /home/dfolse/repos/SPIDER/SPIDER_ws/install/spider_interfaces/share/spider_interfaces/srv/LocService_Response.msg
[1.249s] -- Up-to-date: /home/dfolse/repos/SPIDER/SPIDER_ws/install/spider_interfaces/share/ament_index/resource_index/package_run_dependencies/spider_interfaces
[1.249s] -- Up-to-date: /home/dfolse/repos/SPIDER/SPIDER_ws/install/spider_interfaces/share/ament_index/resource_index/parent_prefix_path/spider_interfaces
[1.249s] -- Up-to-date: /home/dfolse/repos/SPIDER/SPIDER_ws/install/spider_interfaces/share/spider_interfaces/environment/ament_prefix_path.sh
[1.249s] -- Up-to-date: /home/dfolse/repos/SPIDER/SPIDER_ws/install/spider_interfaces/share/spider_interfaces/environment/ament_prefix_path.dsv
[1.250s] -- Up-to-date: /home/dfolse/repos/SPIDER/SPIDER_ws/install/spider_interfaces/share/spider_interfaces/environment/path.sh
[1.250s] -- Up-to-date: /home/dfolse/repos/SPIDER/SPIDER_ws/install/spider_interfaces/share/spider_interfaces/environment/path.dsv
[1.250s] -- Up-to-date: /home/dfolse/repos/SPIDER/SPIDER_ws/install/spider_interfaces/share/spider_interfaces/local_setup.bash
[1.250s] -- Up-to-date: /home/dfolse/repos/SPIDER/SPIDER_ws/install/spider_interfaces/share/spider_interfaces/local_setup.sh
[1.251s] -- Up-to-date: /home/dfolse/repos/SPIDER/SPIDER_ws/install/spider_interfaces/share/spider_interfaces/local_setup.zsh
[1.251s] -- Up-to-date: /home/dfolse/repos/SPIDER/SPIDER_ws/install/spider_interfaces/share/spider_interfaces/local_setup.dsv
[1.251s] -- Installing: /home/dfolse/repos/SPIDER/SPIDER_ws/install/spider_interfaces/share/spider_interfaces/package.dsv
[1.251s] -- Up-to-date: /home/dfolse/repos/SPIDER/SPIDER_ws/install/spider_interfaces/share/ament_index/resource_index/packages/spider_interfaces
[1.251s] -- Up-to-date: /home/dfolse/repos/SPIDER/SPIDER_ws/install/spider_interfaces/share/spider_interfaces/cmake/spider_interfaces__rosidl_generator_cExport.cmake
[1.252s] -- Up-to-date: /home/dfolse/repos/SPIDER/SPIDER_ws/install/spider_interfaces/share/spider_interfaces/cmake/spider_interfaces__rosidl_generator_cExport-noconfig.cmake
[1.252s] -- Up-to-date: /home/dfolse/repos/SPIDER/SPIDER_ws/install/spider_interfaces/share/spider_interfaces/cmake/spider_interfaces__rosidl_typesupport_introspection_cExport.cmake
[1.252s] -- Up-to-date: /home/dfolse/repos/SPIDER/SPIDER_ws/install/spider_interfaces/share/spider_interfaces/cmake/spider_interfaces__rosidl_typesupport_introspection_cExport-noconfig.cmake
[1.253s] -- Up-to-date: /home/dfolse/repos/SPIDER/SPIDER_ws/install/spider_interfaces/share/spider_interfaces/cmake/spider_interfaces__rosidl_typesupport_cExport.cmake
[1.253s] -- Up-to-date: /home/dfolse/repos/SPIDER/SPIDER_ws/install/spider_interfaces/share/spider_interfaces/cmake/spider_interfaces__rosidl_typesupport_cExport-noconfig.cmake
[1.253s] -- Up-to-date: /home/dfolse/repos/SPIDER/SPIDER_ws/install/spider_interfaces/share/spider_interfaces/cmake/spider_interfaces__rosidl_generator_cppExport.cmake
[1.253s] -- Up-to-date: /home/dfolse/repos/SPIDER/SPIDER_ws/install/spider_interfaces/share/spider_interfaces/cmake/spider_interfaces__rosidl_typesupport_introspection_cppExport.cmake
[1.254s] -- Up-to-date: /home/dfolse/repos/SPIDER/SPIDER_ws/install/spider_interfaces/share/spider_interfaces/cmake/spider_interfaces__rosidl_typesupport_introspection_cppExport-noconfig.cmake
[1.254s] -- Up-to-date: /home/dfolse/repos/SPIDER/SPIDER_ws/install/spider_interfaces/share/spider_interfaces/cmake/spider_interfaces__rosidl_typesupport_cppExport.cmake
[1.254s] -- Up-to-date: /home/dfolse/repos/SPIDER/SPIDER_ws/install/spider_interfaces/share/spider_interfaces/cmake/spider_interfaces__rosidl_typesupport_cppExport-noconfig.cmake
[1.254s] -- Up-to-date: /home/dfolse/repos/SPIDER/SPIDER_ws/install/spider_interfaces/share/spider_interfaces/cmake/rosidl_cmake-extras.cmake
[1.254s] -- Up-to-date: /home/dfolse/repos/SPIDER/SPIDER_ws/install/spider_interfaces/share/spider_interfaces/cmake/ament_cmake_export_dependencies-extras.cmake
[1.255s] -- Up-to-date: /home/dfolse/repos/SPIDER/SPIDER_ws/install/spider_interfaces/share/spider_interfaces/cmake/ament_cmake_export_libraries-extras.cmake
[1.255s] -- Up-to-date: /home/dfolse/repos/SPIDER/SPIDER_ws/install/spider_interfaces/share/spider_interfaces/cmake/ament_cmake_export_targets-extras.cmake
[1.255s] -- Up-to-date: /home/dfolse/repos/SPIDER/SPIDER_ws/install/spider_interfaces/share/spider_interfaces/cmake/ament_cmake_export_include_directories-extras.cmake
[1.255s] -- Up-to-date: /home/dfolse/repos/SPIDER/SPIDER_ws/install/spider_interfaces/share/spider_interfaces/cmake/rosidl_cmake_export_typesupport_libraries-extras.cmake
[1.255s] -- Up-to-date: /home/dfolse/repos/SPIDER/SPIDER_ws/install/spider_interfaces/share/spider_interfaces/cmake/rosidl_cmake_export_typesupport_targets-extras.cmake
[1.255s] -- Up-to-date: /home/dfolse/repos/SPIDER/SPIDER_ws/install/spider_interfaces/share/spider_interfaces/cmake/spider_interfacesConfig.cmake
[1.256s] -- Up-to-date: /home/dfolse/repos/SPIDER/SPIDER_ws/install/spider_interfaces/share/spider_interfaces/cmake/spider_interfacesConfig-version.cmake
[1.256s] -- Up-to-date: /home/dfolse/repos/SPIDER/SPIDER_ws/install/spider_interfaces/share/spider_interfaces/package.xml
[1.262s] Invoked command in '/home/dfolse/repos/SPIDER/SPIDER_ws/build/spider_interfaces' returned '0': CMAKE_PREFIX_PATH=${CMAKE_PREFIX_PATH}:/home/dfolse/repos/SPIDER/SPIDER_ws/install/data_transfer:/home/dfolse/repos/SPIDER/SPIDER_ws/install/spider_nav:/home/dfolse/repos/SPIDER/SPIDER_ws/install/locomotion:/home/dfolse/repos/SPIDER/SPIDER_ws/install/oak_d_lite:/home/dfolse/repos/SPIDER/SPIDER_ws/install/nav2_gps_waypoint_follower_demo:/opt/ros/foxy NX_CONNECTION=192.168.1.26 51414 192.168.1.53 4000 /usr/bin/cmake --install /home/dfolse/repos/SPIDER/SPIDER_ws/build/spider_interfaces
