[4.050s] Invoking command in '/home/dfolse/repos/SPIDER/SPIDER_ws/src/data_transfer': NX_CONNECTION=192.168.1.26 58745 192.168.1.53 4000 PYTHONPATH=/home/dfolse/repos/SPIDER/SPIDER_ws/build/data_transfer/prefix_override:/home/dfolse/repos/SPIDER/SPIDER_ws/install/data_transfer/lib/python3.8/site-packages:${PYTHONPATH} /usr/bin/python3 -W ignore:setup.py install is deprecated setup.py egg_info --egg-base ../../build/data_transfer build --build-base /home/dfolse/repos/SPIDER/SPIDER_ws/build/data_transfer/build install --record /home/dfolse/repos/SPIDER/SPIDER_ws/build/data_transfer/install.log --single-version-externally-managed install_data
[4.609s] running egg_info
[4.610s] writing ../../build/data_transfer/data_transfer.egg-info/PKG-INFO
[4.610s] writing dependency_links to ../../build/data_transfer/data_transfer.egg-info/dependency_links.txt
[4.611s] writing entry points to ../../build/data_transfer/data_transfer.egg-info/entry_points.txt
[4.611s] writing requirements to ../../build/data_transfer/data_transfer.egg-info/requires.txt
[4.611s] writing top-level names to ../../build/data_transfer/data_transfer.egg-info/top_level.txt
[4.618s] reading manifest file '../../build/data_transfer/data_transfer.egg-info/SOURCES.txt'
[4.620s] writing manifest file '../../build/data_transfer/data_transfer.egg-info/SOURCES.txt'
[4.620s] running build
[4.620s] running build_py
[4.621s] running install
[4.622s] running install_lib
[4.626s] running install_data
[4.626s] running install_egg_info
[4.630s] removing '/home/dfolse/repos/SPIDER/SPIDER_ws/install/data_transfer/lib/python3.8/site-packages/data_transfer-0.0.0-py3.8.egg-info' (and everything under it)
[4.630s] Copying ../../build/data_transfer/data_transfer.egg-info to /home/dfolse/repos/SPIDER/SPIDER_ws/install/data_transfer/lib/python3.8/site-packages/data_transfer-0.0.0-py3.8.egg-info
[4.633s] running install_scripts
[4.676s] Installing listener script to /home/dfolse/repos/SPIDER/SPIDER_ws/install/data_transfer/lib/data_transfer
[4.676s] Installing talker script to /home/dfolse/repos/SPIDER/SPIDER_ws/install/data_transfer/lib/data_transfer
[4.677s] writing list of installed files to '/home/dfolse/repos/SPIDER/SPIDER_ws/build/data_transfer/install.log'
[4.743s] Invoked command in '/home/dfolse/repos/SPIDER/SPIDER_ws/src/data_transfer' returned '0': NX_CONNECTION=192.168.1.26 58745 192.168.1.53 4000 PYTHONPATH=/home/dfolse/repos/SPIDER/SPIDER_ws/build/data_transfer/prefix_override:/home/dfolse/repos/SPIDER/SPIDER_ws/install/data_transfer/lib/python3.8/site-packages:${PYTHONPATH} /usr/bin/python3 -W ignore:setup.py install is deprecated setup.py egg_info --egg-base ../../build/data_transfer build --build-base /home/dfolse/repos/SPIDER/SPIDER_ws/build/data_transfer/build install --record /home/dfolse/repos/SPIDER/SPIDER_ws/build/data_transfer/install.log --single-version-externally-managed install_data
