[3.302s] Invoking command in '/home/dfolse/repos/SPIDER/SPIDER_ws/src/oak_d_lite': NX_CONNECTION=192.168.1.26 61486 192.168.1.53 4000 PYTHONPATH=/home/dfolse/repos/SPIDER/SPIDER_ws/build/oak_d_lite/prefix_override:/home/dfolse/repos/SPIDER/SPIDER_ws/install/oak_d_lite/lib/python3.8/site-packages:${PYTHONPATH} /usr/bin/python3 -W ignore:setup.py install is deprecated setup.py egg_info --egg-base ../../build/oak_d_lite build --build-base /home/dfolse/repos/SPIDER/SPIDER_ws/build/oak_d_lite/build install --record /home/dfolse/repos/SPIDER/SPIDER_ws/build/oak_d_lite/install.log --single-version-externally-managed install_data
[3.866s] running egg_info
[3.868s] writing ../../build/oak_d_lite/oak_d_lite.egg-info/PKG-INFO
[3.868s] writing dependency_links to ../../build/oak_d_lite/oak_d_lite.egg-info/dependency_links.txt
[3.869s] writing entry points to ../../build/oak_d_lite/oak_d_lite.egg-info/entry_points.txt
[3.869s] writing requirements to ../../build/oak_d_lite/oak_d_lite.egg-info/requires.txt
[3.869s] writing top-level names to ../../build/oak_d_lite/oak_d_lite.egg-info/top_level.txt
[3.883s] reading manifest file '../../build/oak_d_lite/oak_d_lite.egg-info/SOURCES.txt'
[3.883s] writing manifest file '../../build/oak_d_lite/oak_d_lite.egg-info/SOURCES.txt'
[3.883s] running build
[3.884s] running build_py
[3.884s] running install
[3.884s] running install_lib
[3.886s] running install_data
[3.887s] running install_egg_info
[3.891s] removing '/home/dfolse/repos/SPIDER/SPIDER_ws/install/oak_d_lite/lib/python3.8/site-packages/oak_d_lite-0.0.0-py3.8.egg-info' (and everything under it)
[3.892s] Copying ../../build/oak_d_lite/oak_d_lite.egg-info to /home/dfolse/repos/SPIDER/SPIDER_ws/install/oak_d_lite/lib/python3.8/site-packages/oak_d_lite-0.0.0-py3.8.egg-info
[3.893s] running install_scripts
[3.938s] Installing stereo script to /home/dfolse/repos/SPIDER/SPIDER_ws/install/oak_d_lite/lib/oak_d_lite
[3.939s] writing list of installed files to '/home/dfolse/repos/SPIDER/SPIDER_ws/build/oak_d_lite/install.log'
[4.020s] Invoked command in '/home/dfolse/repos/SPIDER/SPIDER_ws/src/oak_d_lite' returned '0': NX_CONNECTION=192.168.1.26 61486 192.168.1.53 4000 PYTHONPATH=/home/dfolse/repos/SPIDER/SPIDER_ws/build/oak_d_lite/prefix_override:/home/dfolse/repos/SPIDER/SPIDER_ws/install/oak_d_lite/lib/python3.8/site-packages:${PYTHONPATH} /usr/bin/python3 -W ignore:setup.py install is deprecated setup.py egg_info --egg-base ../../build/oak_d_lite build --build-base /home/dfolse/repos/SPIDER/SPIDER_ws/build/oak_d_lite/build install --record /home/dfolse/repos/SPIDER/SPIDER_ws/build/oak_d_lite/install.log --single-version-externally-managed install_data
