[2.574s] Invoking command in '/home/dfolse/repos/SPIDER/SPIDER_ws/src/locomotion': AMENT_PREFIX_PATH=/home/dfolse/repos/SPIDER/SPIDER_ws/install/spider_interfaces:${AMENT_PREFIX_PATH} CMAKE_PREFIX_PATH=/home/dfolse/repos/SPIDER/SPIDER_ws/install/spider_interfaces:${CMAKE_PREFIX_PATH} LD_LIBRARY_PATH=/home/dfolse/repos/SPIDER/SPIDER_ws/install/spider_interfaces/lib:${LD_LIBRARY_PATH} NX_CONNECTION=192.168.1.26 54739 192.168.1.53 4000 PYTHONPATH=/home/dfolse/repos/SPIDER/SPIDER_ws/build/locomotion/prefix_override:/home/dfolse/repos/SPIDER/SPIDER_ws/install/locomotion/lib/python3.8/site-packages:/home/dfolse/repos/SPIDER/SPIDER_ws/install/spider_interfaces/lib/python3.8/site-packages:${PYTHONPATH} /usr/bin/python3 setup.py egg_info --egg-base ../../build/locomotion build --build-base /home/dfolse/repos/SPIDER/SPIDER_ws/build/locomotion/build install --record /home/dfolse/repos/SPIDER/SPIDER_ws/build/locomotion/install.log --single-version-externally-managed
[3.100s] running egg_info
[3.101s] writing ../../build/locomotion/locomotion.egg-info/PKG-INFO
[3.102s] writing dependency_links to ../../build/locomotion/locomotion.egg-info/dependency_links.txt
[3.102s] writing entry points to ../../build/locomotion/locomotion.egg-info/entry_points.txt
[3.102s] writing requirements to ../../build/locomotion/locomotion.egg-info/requires.txt
[3.102s] writing top-level names to ../../build/locomotion/locomotion.egg-info/top_level.txt
[3.108s] reading manifest file '../../build/locomotion/locomotion.egg-info/SOURCES.txt'
[3.110s] writing manifest file '../../build/locomotion/locomotion.egg-info/SOURCES.txt'
[3.110s] running build
[3.110s] running build_py
[3.111s] copying locomotion/locomotion_subscriber.py -> /home/dfolse/repos/SPIDER/SPIDER_ws/build/locomotion/build/lib/locomotion
[3.111s] copying locomotion/nav_client.py -> /home/dfolse/repos/SPIDER/SPIDER_ws/build/locomotion/build/lib/locomotion
[3.111s] copying locomotion/locomotion_publisher.py -> /home/dfolse/repos/SPIDER/SPIDER_ws/build/locomotion/build/lib/locomotion
[3.112s] running install
[3.114s] running install_lib
[3.115s] copying /home/dfolse/repos/SPIDER/SPIDER_ws/build/locomotion/build/lib/locomotion/locomotion_subscriber.py -> /home/dfolse/repos/SPIDER/SPIDER_ws/install/locomotion/lib/python3.8/site-packages/locomotion
[3.116s] copying /home/dfolse/repos/SPIDER/SPIDER_ws/build/locomotion/build/lib/locomotion/nav_client.py -> /home/dfolse/repos/SPIDER/SPIDER_ws/install/locomotion/lib/python3.8/site-packages/locomotion
[3.116s] copying /home/dfolse/repos/SPIDER/SPIDER_ws/build/locomotion/build/lib/locomotion/locomotion_publisher.py -> /home/dfolse/repos/SPIDER/SPIDER_ws/install/locomotion/lib/python3.8/site-packages/locomotion
[3.117s] byte-compiling /home/dfolse/repos/SPIDER/SPIDER_ws/install/locomotion/lib/python3.8/site-packages/locomotion/locomotion_subscriber.py to locomotion_subscriber.cpython-38.pyc
[3.119s] byte-compiling /home/dfolse/repos/SPIDER/SPIDER_ws/install/locomotion/lib/python3.8/site-packages/locomotion/nav_client.py to nav_client.cpython-38.pyc
[3.120s] byte-compiling /home/dfolse/repos/SPIDER/SPIDER_ws/install/locomotion/lib/python3.8/site-packages/locomotion/locomotion_publisher.py to locomotion_publisher.cpython-38.pyc
[3.121s] running install_data
[3.122s] running install_egg_info
[3.125s] removing '/home/dfolse/repos/SPIDER/SPIDER_ws/install/locomotion/lib/python3.8/site-packages/locomotion-0.0.0-py3.8.egg-info' (and everything under it)
[3.126s] Copying ../../build/locomotion/locomotion.egg-info to /home/dfolse/repos/SPIDER/SPIDER_ws/install/locomotion/lib/python3.8/site-packages/locomotion-0.0.0-py3.8.egg-info
[3.127s] running install_scripts
[3.164s] Installing client script to /home/dfolse/repos/SPIDER/SPIDER_ws/install/locomotion/lib/locomotion
[3.165s] Installing listener script to /home/dfolse/repos/SPIDER/SPIDER_ws/install/locomotion/lib/locomotion
[3.165s] Installing talker script to /home/dfolse/repos/SPIDER/SPIDER_ws/install/locomotion/lib/locomotion
[3.166s] writing list of installed files to '/home/dfolse/repos/SPIDER/SPIDER_ws/build/locomotion/install.log'
[3.220s] Invoked command in '/home/dfolse/repos/SPIDER/SPIDER_ws/src/locomotion' returned '0': AMENT_PREFIX_PATH=/home/dfolse/repos/SPIDER/SPIDER_ws/install/spider_interfaces:${AMENT_PREFIX_PATH} CMAKE_PREFIX_PATH=/home/dfolse/repos/SPIDER/SPIDER_ws/install/spider_interfaces:${CMAKE_PREFIX_PATH} LD_LIBRARY_PATH=/home/dfolse/repos/SPIDER/SPIDER_ws/install/spider_interfaces/lib:${LD_LIBRARY_PATH} NX_CONNECTION=192.168.1.26 54739 192.168.1.53 4000 PYTHONPATH=/home/dfolse/repos/SPIDER/SPIDER_ws/build/locomotion/prefix_override:/home/dfolse/repos/SPIDER/SPIDER_ws/install/locomotion/lib/python3.8/site-packages:/home/dfolse/repos/SPIDER/SPIDER_ws/install/spider_interfaces/lib/python3.8/site-packages:${PYTHONPATH} /usr/bin/python3 setup.py egg_info --egg-base ../../build/locomotion build --build-base /home/dfolse/repos/SPIDER/SPIDER_ws/build/locomotion/build install --record /home/dfolse/repos/SPIDER/SPIDER_ws/build/locomotion/install.log --single-version-externally-managed
