[0.249s] Invoking command in '/home/dfolse/repos/SPIDER/SPIDER_ws/build/nav2_planner': AMENT_PREFIX_PATH=/home/dfolse/repos/SPIDER/SPIDER_ws/install/nav2_core:/home/dfolse/repos/SPIDER/SPIDER_ws/install/nav2_costmap_2d:${AMENT_PREFIX_PATH} CMAKE_PREFIX_PATH=/home/dfolse/repos/SPIDER/SPIDER_ws/install/nav2_core:/home/dfolse/repos/SPIDER/SPIDER_ws/install/nav2_costmap_2d:/home/dfolse/repos/SPIDER/SPIDER_ws/install/nav2_util:/home/dfolse/repos/SPIDER/SPIDER_ws/install/nav2_voxel_grid:/home/dfolse/repos/SPIDER/SPIDER_ws/install/nav2_msgs:/home/dfolse/repos/SPIDER/SPIDER_ws/install/nav2_common:/home/dfolse/repos/SPIDER/SPIDER_ws/install/locomotion:/home/dfolse/repos/SPIDER/SPIDER_ws/install/spider_interfaces:/home/dfolse/repos/SPIDER/SPIDER_ws/install/spider_nav:/home/dfolse/repos/SPIDER/SPIDER_ws/install/oak_d_lite:/home/dfolse/repos/SPIDER/SPIDER_ws/install/nav2_gazebo_spawner:/home/dfolse/repos/SPIDER/SPIDER_ws/install/data_transfer:/opt/ros/foxy:/home/dfolse/repos/SPIDER/SPIDER_ws/install/spider_description:/home/dfolse/repos/SPIDER/SPIDER_ws/install/nav_2d_utils:/home/dfolse/repos/SPIDER/SPIDER_ws/install/dwb_msgs:/home/dfolse/repos/SPIDER/SPIDER_ws/install/nav_2d_msgs:/home/dfolse/repos/SPIDER/SPIDER_ws/install/nav2_waypoint_follower:/home/dfolse/repos/SPIDER/SPIDER_ws/install/nav2_lifecycle_manager:/home/dfolse/repos/SPIDER/SPIDER_ws/install/depthai_ros_msgs:/home/dfolse/repos/SPIDER/SPIDER_ws/install/depthai_descriptions LD_LIBRARY_PATH=/home/dfolse/repos/SPIDER/SPIDER_ws/install/nav2_costmap_2d/lib:/home/dfolse/repos/SPIDER/SPIDER_ws/install/nav2_util/lib:/home/dfolse/repos/SPIDER/SPIDER_ws/install/nav2_voxel_grid/lib:/home/dfolse/repos/SPIDER/SPIDER_ws/install/nav2_msgs/lib:/home/dfolse/repos/SPIDER/SPIDER_ws/install/spider_interfaces/lib:/home/dfolse/repos/SPIDER/SPIDER_ws/install/nav_2d_utils/lib:/home/dfolse/repos/SPIDER/SPIDER_ws/install/dwb_msgs/lib:/home/dfolse/repos/SPIDER/SPIDER_ws/install/nav_2d_msgs/lib:/home/dfolse/repos/SPIDER/SPIDER_ws/install/nav2_waypoint_follower/lib:/home/dfolse/repos/SPIDER/SPIDER_ws/install/nav2_lifecycle_manager/lib:/home/dfolse/repos/SPIDER/SPIDER_ws/install/depthai_ros_msgs/lib:/opt/ros/foxy/opt/yaml_cpp_vendor/lib:/opt/ros/foxy/opt/rviz_ogre_vendor/lib:/opt/ros/foxy/lib/aarch64-linux-gnu:/opt/ros/foxy/lib NX_CONNECTION=192.168.1.26 63880 192.168.1.53 4000 PYTHONPATH=/home/dfolse/repos/SPIDER/SPIDER_ws/install/nav2_msgs/lib/python3.8/site-packages:/home/dfolse/repos/SPIDER/SPIDER_ws/install/nav2_common/lib/python3.8/site-packages:/home/dfolse/repos/SPIDER/SPIDER_ws/install/spider_nav/lib/python3.8/site-packages:/home/dfolse/repos/SPIDER/SPIDER_ws/install/locomotion/lib/python3.8/site-packages:/home/dfolse/repos/SPIDER/SPIDER_ws/install/spider_interfaces/lib/python3.8/site-packages:/home/dfolse/repos/SPIDER/SPIDER_ws/install/oak_d_lite/lib/python3.8/site-packages:/home/dfolse/repos/SPIDER/SPIDER_ws/install/dwb_msgs/lib/python3.8/site-packages:/home/dfolse/repos/SPIDER/SPIDER_ws/install/nav_2d_msgs/lib/python3.8/site-packages:/home/dfolse/repos/SPIDER/SPIDER_ws/install/nav2_gazebo_spawner/lib/python3.8/site-packages:/home/dfolse/repos/SPIDER/SPIDER_ws/install/depthai_ros_msgs/lib/python3.8/site-packages:/home/dfolse/repos/SPIDER/SPIDER_ws/install/data_transfer/lib/python3.8/site-packages:/opt/ros/foxy/lib/python3.8/site-packages /usr/bin/cmake /home/dfolse/repos/SPIDER/SPIDER_ws/src/navigation2/nav2_planner -DCMAKE_INSTALL_PREFIX=/home/dfolse/repos/SPIDER/SPIDER_ws/install/nav2_planner
[0.500s] -- The C compiler identification is GNU 9.4.0
[0.713s] -- The CXX compiler identification is GNU 9.4.0
[0.726s] -- Check for working C compiler: /usr/bin/cc
[1.026s] -- Check for working C compiler: /usr/bin/cc -- works
[1.028s] -- Detecting C compiler ABI info
[1.312s] -- Detecting C compiler ABI info - done
[1.341s] -- Detecting C compile features
[1.343s] -- Detecting C compile features - done
[1.352s] -- Check for working CXX compiler: /usr/bin/c++
[1.687s] -- Check for working CXX compiler: /usr/bin/c++ -- works
[1.689s] -- Detecting CXX compiler ABI info
[2.036s] -- Detecting CXX compiler ABI info - done
[2.056s] -- Detecting CXX compile features
[2.059s] -- Detecting CXX compile features - done
[2.074s] -- Found ament_cmake: 0.9.12 (/opt/ros/foxy/share/ament_cmake/cmake)
[2.634s] -- Found PythonInterp: /home/dfolse/.pyenv/shims/python3 (found suitable version "3.8.10", minimum required is "3") 
[2.635s] -- Using PYTHON_EXECUTABLE: /home/dfolse/.pyenv/shims/python3
[4.112s] -- Found nav2_common: 0.4.7 (/home/dfolse/repos/SPIDER/SPIDER_ws/install/nav2_common/share/nav2_common/cmake)
[4.130s] -- Found rclcpp: 2.4.3 (/opt/ros/foxy/share/rclcpp/cmake)
[4.462s] -- Using all available rosidl_typesupport_c: rosidl_typesupport_fastrtps_c;rosidl_typesupport_introspection_c
[4.507s] -- Found rosidl_adapter: 1.3.1 (/opt/ros/foxy/share/rosidl_adapter/cmake)
[5.244s] -- Found OpenSSL: /usr/lib/aarch64-linux-gnu/libcrypto.so (found version "1.1.1f")  
[5.376s] -- Found FastRTPS: /opt/ros/foxy/include  
[5.624s] -- Using all available rosidl_typesupport_cpp: rosidl_typesupport_fastrtps_cpp;rosidl_typesupport_introspection_cpp
[5.789s] -- Found rmw_implementation_cmake: 1.0.4 (/opt/ros/foxy/share/rmw_implementation_cmake/cmake)
[5.795s] -- Using RMW implementation 'rmw_fastrtps_cpp' as default
[5.808s] -- Looking for pthread.h
[6.167s] -- Looking for pthread.h - found
[6.168s] -- Performing Test CMAKE_HAVE_LIBC_PTHREAD
[6.477s] -- Performing Test CMAKE_HAVE_LIBC_PTHREAD - Failed
[6.478s] -- Looking for pthread_create in pthreads
[6.830s] -- Looking for pthread_create in pthreads - not found
[6.830s] -- Looking for pthread_create in pthread
[7.121s] -- Looking for pthread_create in pthread - found
[7.124s] -- Found Threads: TRUE  
[7.577s] -- Found rclcpp_action: 2.4.3 (/opt/ros/foxy/share/rclcpp_action/cmake)
[7.778s] -- Found rclcpp_lifecycle: 2.4.3 (/opt/ros/foxy/share/rclcpp_lifecycle/cmake)
[7.896s] -- Found visualization_msgs: 2.0.5 (/opt/ros/foxy/share/visualization_msgs/cmake)
[8.194s] -- Found nav2_util: 0.4.7 (/home/dfolse/repos/SPIDER/SPIDER_ws/install/nav2_util/share/nav2_util/cmake)
[9.792s] -- Found eigen3_cmake_module: 0.1.1 (/opt/ros/foxy/share/eigen3_cmake_module/cmake)
[9.804s] -- Found Eigen3: TRUE (found version "3.3.7") 
[10.244s] -- Found nav2_costmap_2d: 0.4.7 (/home/dfolse/repos/SPIDER/SPIDER_ws/install/nav2_costmap_2d/share/nav2_costmap_2d/cmake)
[12.011s] -- Found nav2_core: 0.4.7 (/home/dfolse/repos/SPIDER/SPIDER_ws/install/nav2_core/share/nav2_core/cmake)
[13.000s] -- Setting build type to Release as none was specified.
[21.802s] -- Found ament_lint_auto: 0.9.8 (/opt/ros/foxy/share/ament_lint_auto/cmake)
[22.572s] -- Added test 'copyright' to check source files copyright and LICENSE
[22.575s] -- Added test 'cppcheck' to perform static code analysis on C / C++ code
[22.576s] -- Configured cppcheck include dirs: /home/dfolse/repos/SPIDER/SPIDER_ws/src/navigation2/nav2_planner/include
[22.576s] -- Configured cppcheck exclude dirs and/or files: 
[22.578s] -- Added test 'cpplint' to check C / C++ code against the Google style
[22.579s] -- Configured cpplint exclude dirs and/or files: 
[22.580s] -- Added test 'lint_cmake' to check CMake code style
[22.583s] -- Added test 'uncrustify' to check C / C++ code style
[22.583s] -- Configured uncrustify additional arguments: 
[22.584s] -- Added test 'xmllint' to check XML markup files
[22.602s] -- Configuring done
[22.762s] -- Generating done
[22.767s] -- Build files have been written to: /home/dfolse/repos/SPIDER/SPIDER_ws/build/nav2_planner
[22.808s] Invoked command in '/home/dfolse/repos/SPIDER/SPIDER_ws/build/nav2_planner' returned '0': AMENT_PREFIX_PATH=/home/dfolse/repos/SPIDER/SPIDER_ws/install/nav2_core:/home/dfolse/repos/SPIDER/SPIDER_ws/install/nav2_costmap_2d:${AMENT_PREFIX_PATH} CMAKE_PREFIX_PATH=/home/dfolse/repos/SPIDER/SPIDER_ws/install/nav2_core:/home/dfolse/repos/SPIDER/SPIDER_ws/install/nav2_costmap_2d:/home/dfolse/repos/SPIDER/SPIDER_ws/install/nav2_util:/home/dfolse/repos/SPIDER/SPIDER_ws/install/nav2_voxel_grid:/home/dfolse/repos/SPIDER/SPIDER_ws/install/nav2_msgs:/home/dfolse/repos/SPIDER/SPIDER_ws/install/nav2_common:/home/dfolse/repos/SPIDER/SPIDER_ws/install/locomotion:/home/dfolse/repos/SPIDER/SPIDER_ws/install/spider_interfaces:/home/dfolse/repos/SPIDER/SPIDER_ws/install/spider_nav:/home/dfolse/repos/SPIDER/SPIDER_ws/install/oak_d_lite:/home/dfolse/repos/SPIDER/SPIDER_ws/install/nav2_gazebo_spawner:/home/dfolse/repos/SPIDER/SPIDER_ws/install/data_transfer:/opt/ros/foxy:/home/dfolse/repos/SPIDER/SPIDER_ws/install/spider_description:/home/dfolse/repos/SPIDER/SPIDER_ws/install/nav_2d_utils:/home/dfolse/repos/SPIDER/SPIDER_ws/install/dwb_msgs:/home/dfolse/repos/SPIDER/SPIDER_ws/install/nav_2d_msgs:/home/dfolse/repos/SPIDER/SPIDER_ws/install/nav2_waypoint_follower:/home/dfolse/repos/SPIDER/SPIDER_ws/install/nav2_lifecycle_manager:/home/dfolse/repos/SPIDER/SPIDER_ws/install/depthai_ros_msgs:/home/dfolse/repos/SPIDER/SPIDER_ws/install/depthai_descriptions LD_LIBRARY_PATH=/home/dfolse/repos/SPIDER/SPIDER_ws/install/nav2_costmap_2d/lib:/home/dfolse/repos/SPIDER/SPIDER_ws/install/nav2_util/lib:/home/dfolse/repos/SPIDER/SPIDER_ws/install/nav2_voxel_grid/lib:/home/dfolse/repos/SPIDER/SPIDER_ws/install/nav2_msgs/lib:/home/dfolse/repos/SPIDER/SPIDER_ws/install/spider_interfaces/lib:/home/dfolse/repos/SPIDER/SPIDER_ws/install/nav_2d_utils/lib:/home/dfolse/repos/SPIDER/SPIDER_ws/install/dwb_msgs/lib:/home/dfolse/repos/SPIDER/SPIDER_ws/install/nav_2d_msgs/lib:/home/dfolse/repos/SPIDER/SPIDER_ws/install/nav2_waypoint_follower/lib:/home/dfolse/repos/SPIDER/SPIDER_ws/install/nav2_lifecycle_manager/lib:/home/dfolse/repos/SPIDER/SPIDER_ws/install/depthai_ros_msgs/lib:/opt/ros/foxy/opt/yaml_cpp_vendor/lib:/opt/ros/foxy/opt/rviz_ogre_vendor/lib:/opt/ros/foxy/lib/aarch64-linux-gnu:/opt/ros/foxy/lib NX_CONNECTION=192.168.1.26 63880 192.168.1.53 4000 PYTHONPATH=/home/dfolse/repos/SPIDER/SPIDER_ws/install/nav2_msgs/lib/python3.8/site-packages:/home/dfolse/repos/SPIDER/SPIDER_ws/install/nav2_common/lib/python3.8/site-packages:/home/dfolse/repos/SPIDER/SPIDER_ws/install/spider_nav/lib/python3.8/site-packages:/home/dfolse/repos/SPIDER/SPIDER_ws/install/locomotion/lib/python3.8/site-packages:/home/dfolse/repos/SPIDER/SPIDER_ws/install/spider_interfaces/lib/python3.8/site-packages:/home/dfolse/repos/SPIDER/SPIDER_ws/install/oak_d_lite/lib/python3.8/site-packages:/home/dfolse/repos/SPIDER/SPIDER_ws/install/dwb_msgs/lib/python3.8/site-packages:/home/dfolse/repos/SPIDER/SPIDER_ws/install/nav_2d_msgs/lib/python3.8/site-packages:/home/dfolse/repos/SPIDER/SPIDER_ws/install/nav2_gazebo_spawner/lib/python3.8/site-packages:/home/dfolse/repos/SPIDER/SPIDER_ws/install/depthai_ros_msgs/lib/python3.8/site-packages:/home/dfolse/repos/SPIDER/SPIDER_ws/install/data_transfer/lib/python3.8/site-packages:/opt/ros/foxy/lib/python3.8/site-packages /usr/bin/cmake /home/dfolse/repos/SPIDER/SPIDER_ws/src/navigation2/nav2_planner -DCMAKE_INSTALL_PREFIX=/home/dfolse/repos/SPIDER/SPIDER_ws/install/nav2_planner
[22.810s] Invoking command in '/home/dfolse/repos/SPIDER/SPIDER_ws/build/nav2_planner': AMENT_PREFIX_PATH=/home/dfolse/repos/SPIDER/SPIDER_ws/install/nav2_core:/home/dfolse/repos/SPIDER/SPIDER_ws/install/nav2_costmap_2d:${AMENT_PREFIX_PATH} CMAKE_PREFIX_PATH=/home/dfolse/repos/SPIDER/SPIDER_ws/install/nav2_core:/home/dfolse/repos/SPIDER/SPIDER_ws/install/nav2_costmap_2d:/home/dfolse/repos/SPIDER/SPIDER_ws/install/nav2_util:/home/dfolse/repos/SPIDER/SPIDER_ws/install/nav2_voxel_grid:/home/dfolse/repos/SPIDER/SPIDER_ws/install/nav2_msgs:/home/dfolse/repos/SPIDER/SPIDER_ws/install/nav2_common:/home/dfolse/repos/SPIDER/SPIDER_ws/install/locomotion:/home/dfolse/repos/SPIDER/SPIDER_ws/install/spider_interfaces:/home/dfolse/repos/SPIDER/SPIDER_ws/install/spider_nav:/home/dfolse/repos/SPIDER/SPIDER_ws/install/oak_d_lite:/home/dfolse/repos/SPIDER/SPIDER_ws/install/nav2_gazebo_spawner:/home/dfolse/repos/SPIDER/SPIDER_ws/install/data_transfer:/opt/ros/foxy:/home/dfolse/repos/SPIDER/SPIDER_ws/install/spider_description:/home/dfolse/repos/SPIDER/SPIDER_ws/install/nav_2d_utils:/home/dfolse/repos/SPIDER/SPIDER_ws/install/dwb_msgs:/home/dfolse/repos/SPIDER/SPIDER_ws/install/nav_2d_msgs:/home/dfolse/repos/SPIDER/SPIDER_ws/install/nav2_waypoint_follower:/home/dfolse/repos/SPIDER/SPIDER_ws/install/nav2_lifecycle_manager:/home/dfolse/repos/SPIDER/SPIDER_ws/install/depthai_ros_msgs:/home/dfolse/repos/SPIDER/SPIDER_ws/install/depthai_descriptions LD_LIBRARY_PATH=/home/dfolse/repos/SPIDER/SPIDER_ws/install/nav2_costmap_2d/lib:/home/dfolse/repos/SPIDER/SPIDER_ws/install/nav2_util/lib:/home/dfolse/repos/SPIDER/SPIDER_ws/install/nav2_voxel_grid/lib:/home/dfolse/repos/SPIDER/SPIDER_ws/install/nav2_msgs/lib:/home/dfolse/repos/SPIDER/SPIDER_ws/install/spider_interfaces/lib:/home/dfolse/repos/SPIDER/SPIDER_ws/install/nav_2d_utils/lib:/home/dfolse/repos/SPIDER/SPIDER_ws/install/dwb_msgs/lib:/home/dfolse/repos/SPIDER/SPIDER_ws/install/nav_2d_msgs/lib:/home/dfolse/repos/SPIDER/SPIDER_ws/install/nav2_waypoint_follower/lib:/home/dfolse/repos/SPIDER/SPIDER_ws/install/nav2_lifecycle_manager/lib:/home/dfolse/repos/SPIDER/SPIDER_ws/install/depthai_ros_msgs/lib:/opt/ros/foxy/opt/yaml_cpp_vendor/lib:/opt/ros/foxy/opt/rviz_ogre_vendor/lib:/opt/ros/foxy/lib/aarch64-linux-gnu:/opt/ros/foxy/lib NX_CONNECTION=192.168.1.26 63880 192.168.1.53 4000 PYTHONPATH=/home/dfolse/repos/SPIDER/SPIDER_ws/install/nav2_msgs/lib/python3.8/site-packages:/home/dfolse/repos/SPIDER/SPIDER_ws/install/nav2_common/lib/python3.8/site-packages:/home/dfolse/repos/SPIDER/SPIDER_ws/install/spider_nav/lib/python3.8/site-packages:/home/dfolse/repos/SPIDER/SPIDER_ws/install/locomotion/lib/python3.8/site-packages:/home/dfolse/repos/SPIDER/SPIDER_ws/install/spider_interfaces/lib/python3.8/site-packages:/home/dfolse/repos/SPIDER/SPIDER_ws/install/oak_d_lite/lib/python3.8/site-packages:/home/dfolse/repos/SPIDER/SPIDER_ws/install/dwb_msgs/lib/python3.8/site-packages:/home/dfolse/repos/SPIDER/SPIDER_ws/install/nav_2d_msgs/lib/python3.8/site-packages:/home/dfolse/repos/SPIDER/SPIDER_ws/install/nav2_gazebo_spawner/lib/python3.8/site-packages:/home/dfolse/repos/SPIDER/SPIDER_ws/install/depthai_ros_msgs/lib/python3.8/site-packages:/home/dfolse/repos/SPIDER/SPIDER_ws/install/data_transfer/lib/python3.8/site-packages:/opt/ros/foxy/lib/python3.8/site-packages /usr/bin/cmake --build /home/dfolse/repos/SPIDER/SPIDER_ws/build/nav2_planner -- -j6 -l6
[30.780s] [35m[1mScanning dependencies of target planner_server_core[0m
[30.780s] [ 25%] [32mBuilding CXX object CMakeFiles/planner_server_core.dir/src/planner_server.cpp.o[0m
[63.722s] [ 50%] [32m[1mLinking CXX shared library libplanner_server_core.so[0m
[64.480s] [ 50%] Built target planner_server_core
[64.552s] [35m[1mScanning dependencies of target planner_server[0m
[64.796s] [ 75%] [32mBuilding CXX object CMakeFiles/planner_server.dir/src/main.cpp.o[0m
[75.002s] [100%] [32m[1mLinking CXX executable planner_server[0m
[75.608s] [100%] Built target planner_server
[75.664s] Invoked command in '/home/dfolse/repos/SPIDER/SPIDER_ws/build/nav2_planner' returned '0': AMENT_PREFIX_PATH=/home/dfolse/repos/SPIDER/SPIDER_ws/install/nav2_core:/home/dfolse/repos/SPIDER/SPIDER_ws/install/nav2_costmap_2d:${AMENT_PREFIX_PATH} CMAKE_PREFIX_PATH=/home/dfolse/repos/SPIDER/SPIDER_ws/install/nav2_core:/home/dfolse/repos/SPIDER/SPIDER_ws/install/nav2_costmap_2d:/home/dfolse/repos/SPIDER/SPIDER_ws/install/nav2_util:/home/dfolse/repos/SPIDER/SPIDER_ws/install/nav2_voxel_grid:/home/dfolse/repos/SPIDER/SPIDER_ws/install/nav2_msgs:/home/dfolse/repos/SPIDER/SPIDER_ws/install/nav2_common:/home/dfolse/repos/SPIDER/SPIDER_ws/install/locomotion:/home/dfolse/repos/SPIDER/SPIDER_ws/install/spider_interfaces:/home/dfolse/repos/SPIDER/SPIDER_ws/install/spider_nav:/home/dfolse/repos/SPIDER/SPIDER_ws/install/oak_d_lite:/home/dfolse/repos/SPIDER/SPIDER_ws/install/nav2_gazebo_spawner:/home/dfolse/repos/SPIDER/SPIDER_ws/install/data_transfer:/opt/ros/foxy:/home/dfolse/repos/SPIDER/SPIDER_ws/install/spider_description:/home/dfolse/repos/SPIDER/SPIDER_ws/install/nav_2d_utils:/home/dfolse/repos/SPIDER/SPIDER_ws/install/dwb_msgs:/home/dfolse/repos/SPIDER/SPIDER_ws/install/nav_2d_msgs:/home/dfolse/repos/SPIDER/SPIDER_ws/install/nav2_waypoint_follower:/home/dfolse/repos/SPIDER/SPIDER_ws/install/nav2_lifecycle_manager:/home/dfolse/repos/SPIDER/SPIDER_ws/install/depthai_ros_msgs:/home/dfolse/repos/SPIDER/SPIDER_ws/install/depthai_descriptions LD_LIBRARY_PATH=/home/dfolse/repos/SPIDER/SPIDER_ws/install/nav2_costmap_2d/lib:/home/dfolse/repos/SPIDER/SPIDER_ws/install/nav2_util/lib:/home/dfolse/repos/SPIDER/SPIDER_ws/install/nav2_voxel_grid/lib:/home/dfolse/repos/SPIDER/SPIDER_ws/install/nav2_msgs/lib:/home/dfolse/repos/SPIDER/SPIDER_ws/install/spider_interfaces/lib:/home/dfolse/repos/SPIDER/SPIDER_ws/install/nav_2d_utils/lib:/home/dfolse/repos/SPIDER/SPIDER_ws/install/dwb_msgs/lib:/home/dfolse/repos/SPIDER/SPIDER_ws/install/nav_2d_msgs/lib:/home/dfolse/repos/SPIDER/SPIDER_ws/install/nav2_waypoint_follower/lib:/home/dfolse/repos/SPIDER/SPIDER_ws/install/nav2_lifecycle_manager/lib:/home/dfolse/repos/SPIDER/SPIDER_ws/install/depthai_ros_msgs/lib:/opt/ros/foxy/opt/yaml_cpp_vendor/lib:/opt/ros/foxy/opt/rviz_ogre_vendor/lib:/opt/ros/foxy/lib/aarch64-linux-gnu:/opt/ros/foxy/lib NX_CONNECTION=192.168.1.26 63880 192.168.1.53 4000 PYTHONPATH=/home/dfolse/repos/SPIDER/SPIDER_ws/install/nav2_msgs/lib/python3.8/site-packages:/home/dfolse/repos/SPIDER/SPIDER_ws/install/nav2_common/lib/python3.8/site-packages:/home/dfolse/repos/SPIDER/SPIDER_ws/install/spider_nav/lib/python3.8/site-packages:/home/dfolse/repos/SPIDER/SPIDER_ws/install/locomotion/lib/python3.8/site-packages:/home/dfolse/repos/SPIDER/SPIDER_ws/install/spider_interfaces/lib/python3.8/site-packages:/home/dfolse/repos/SPIDER/SPIDER_ws/install/oak_d_lite/lib/python3.8/site-packages:/home/dfolse/repos/SPIDER/SPIDER_ws/install/dwb_msgs/lib/python3.8/site-packages:/home/dfolse/repos/SPIDER/SPIDER_ws/install/nav_2d_msgs/lib/python3.8/site-packages:/home/dfolse/repos/SPIDER/SPIDER_ws/install/nav2_gazebo_spawner/lib/python3.8/site-packages:/home/dfolse/repos/SPIDER/SPIDER_ws/install/depthai_ros_msgs/lib/python3.8/site-packages:/home/dfolse/repos/SPIDER/SPIDER_ws/install/data_transfer/lib/python3.8/site-packages:/opt/ros/foxy/lib/python3.8/site-packages /usr/bin/cmake --build /home/dfolse/repos/SPIDER/SPIDER_ws/build/nav2_planner -- -j6 -l6
[75.919s] Invoking command in '/home/dfolse/repos/SPIDER/SPIDER_ws/build/nav2_planner': AMENT_PREFIX_PATH=/home/dfolse/repos/SPIDER/SPIDER_ws/install/nav2_core:/home/dfolse/repos/SPIDER/SPIDER_ws/install/nav2_costmap_2d:${AMENT_PREFIX_PATH} CMAKE_PREFIX_PATH=/home/dfolse/repos/SPIDER/SPIDER_ws/install/nav2_core:/home/dfolse/repos/SPIDER/SPIDER_ws/install/nav2_costmap_2d:/home/dfolse/repos/SPIDER/SPIDER_ws/install/nav2_util:/home/dfolse/repos/SPIDER/SPIDER_ws/install/nav2_voxel_grid:/home/dfolse/repos/SPIDER/SPIDER_ws/install/nav2_msgs:/home/dfolse/repos/SPIDER/SPIDER_ws/install/nav2_common:/home/dfolse/repos/SPIDER/SPIDER_ws/install/locomotion:/home/dfolse/repos/SPIDER/SPIDER_ws/install/spider_interfaces:/home/dfolse/repos/SPIDER/SPIDER_ws/install/spider_nav:/home/dfolse/repos/SPIDER/SPIDER_ws/install/oak_d_lite:/home/dfolse/repos/SPIDER/SPIDER_ws/install/nav2_gazebo_spawner:/home/dfolse/repos/SPIDER/SPIDER_ws/install/data_transfer:/opt/ros/foxy:/home/dfolse/repos/SPIDER/SPIDER_ws/install/spider_description:/home/dfolse/repos/SPIDER/SPIDER_ws/install/nav_2d_utils:/home/dfolse/repos/SPIDER/SPIDER_ws/install/dwb_msgs:/home/dfolse/repos/SPIDER/SPIDER_ws/install/nav_2d_msgs:/home/dfolse/repos/SPIDER/SPIDER_ws/install/nav2_waypoint_follower:/home/dfolse/repos/SPIDER/SPIDER_ws/install/nav2_lifecycle_manager:/home/dfolse/repos/SPIDER/SPIDER_ws/install/depthai_ros_msgs:/home/dfolse/repos/SPIDER/SPIDER_ws/install/depthai_descriptions LD_LIBRARY_PATH=/home/dfolse/repos/SPIDER/SPIDER_ws/install/nav2_costmap_2d/lib:/home/dfolse/repos/SPIDER/SPIDER_ws/install/nav2_util/lib:/home/dfolse/repos/SPIDER/SPIDER_ws/install/nav2_voxel_grid/lib:/home/dfolse/repos/SPIDER/SPIDER_ws/install/nav2_msgs/lib:/home/dfolse/repos/SPIDER/SPIDER_ws/install/spider_interfaces/lib:/home/dfolse/repos/SPIDER/SPIDER_ws/install/nav_2d_utils/lib:/home/dfolse/repos/SPIDER/SPIDER_ws/install/dwb_msgs/lib:/home/dfolse/repos/SPIDER/SPIDER_ws/install/nav_2d_msgs/lib:/home/dfolse/repos/SPIDER/SPIDER_ws/install/nav2_waypoint_follower/lib:/home/dfolse/repos/SPIDER/SPIDER_ws/install/nav2_lifecycle_manager/lib:/home/dfolse/repos/SPIDER/SPIDER_ws/install/depthai_ros_msgs/lib:/opt/ros/foxy/opt/yaml_cpp_vendor/lib:/opt/ros/foxy/opt/rviz_ogre_vendor/lib:/opt/ros/foxy/lib/aarch64-linux-gnu:/opt/ros/foxy/lib NX_CONNECTION=192.168.1.26 63880 192.168.1.53 4000 PYTHONPATH=/home/dfolse/repos/SPIDER/SPIDER_ws/install/nav2_msgs/lib/python3.8/site-packages:/home/dfolse/repos/SPIDER/SPIDER_ws/install/nav2_common/lib/python3.8/site-packages:/home/dfolse/repos/SPIDER/SPIDER_ws/install/spider_nav/lib/python3.8/site-packages:/home/dfolse/repos/SPIDER/SPIDER_ws/install/locomotion/lib/python3.8/site-packages:/home/dfolse/repos/SPIDER/SPIDER_ws/install/spider_interfaces/lib/python3.8/site-packages:/home/dfolse/repos/SPIDER/SPIDER_ws/install/oak_d_lite/lib/python3.8/site-packages:/home/dfolse/repos/SPIDER/SPIDER_ws/install/dwb_msgs/lib/python3.8/site-packages:/home/dfolse/repos/SPIDER/SPIDER_ws/install/nav_2d_msgs/lib/python3.8/site-packages:/home/dfolse/repos/SPIDER/SPIDER_ws/install/nav2_gazebo_spawner/lib/python3.8/site-packages:/home/dfolse/repos/SPIDER/SPIDER_ws/install/depthai_ros_msgs/lib/python3.8/site-packages:/home/dfolse/repos/SPIDER/SPIDER_ws/install/data_transfer/lib/python3.8/site-packages:/opt/ros/foxy/lib/python3.8/site-packages /usr/bin/cmake --install /home/dfolse/repos/SPIDER/SPIDER_ws/build/nav2_planner
[76.880s] -- Install configuration: "Release"
[76.880s] -- Installing: /home/dfolse/repos/SPIDER/SPIDER_ws/install/nav2_planner/lib/libplanner_server_core.so
[76.880s] -- Set runtime path of "/home/dfolse/repos/SPIDER/SPIDER_ws/install/nav2_planner/lib/libplanner_server_core.so" to ""
[76.881s] -- Installing: /home/dfolse/repos/SPIDER/SPIDER_ws/install/nav2_planner/lib/nav2_planner/planner_server
[76.881s] -- Set runtime path of "/home/dfolse/repos/SPIDER/SPIDER_ws/install/nav2_planner/lib/nav2_planner/planner_server" to ""
[76.881s] -- Installing: /home/dfolse/repos/SPIDER/SPIDER_ws/install/nav2_planner/include/
[76.881s] -- Installing: /home/dfolse/repos/SPIDER/SPIDER_ws/install/nav2_planner/include//nav2_planner
[76.881s] -- Installing: /home/dfolse/repos/SPIDER/SPIDER_ws/install/nav2_planner/include//nav2_planner/planner_server.hpp
[76.881s] -- Installing: /home/dfolse/repos/SPIDER/SPIDER_ws/install/nav2_planner/share/nav2_planner/environment/library_path.sh
[76.881s] -- Installing: /home/dfolse/repos/SPIDER/SPIDER_ws/install/nav2_planner/share/nav2_planner/environment/library_path.dsv
[76.881s] -- Installing: /home/dfolse/repos/SPIDER/SPIDER_ws/install/nav2_planner/share/ament_index/resource_index/package_run_dependencies/nav2_planner
[76.882s] -- Installing: /home/dfolse/repos/SPIDER/SPIDER_ws/install/nav2_planner/share/ament_index/resource_index/parent_prefix_path/nav2_planner
[76.882s] -- Installing: /home/dfolse/repos/SPIDER/SPIDER_ws/install/nav2_planner/share/nav2_planner/environment/ament_prefix_path.sh
[76.882s] -- Installing: /home/dfolse/repos/SPIDER/SPIDER_ws/install/nav2_planner/share/nav2_planner/environment/ament_prefix_path.dsv
[76.882s] -- Installing: /home/dfolse/repos/SPIDER/SPIDER_ws/install/nav2_planner/share/nav2_planner/environment/path.sh
[76.882s] -- Installing: /home/dfolse/repos/SPIDER/SPIDER_ws/install/nav2_planner/share/nav2_planner/environment/path.dsv
[76.882s] -- Installing: /home/dfolse/repos/SPIDER/SPIDER_ws/install/nav2_planner/share/nav2_planner/local_setup.bash
[76.882s] -- Installing: /home/dfolse/repos/SPIDER/SPIDER_ws/install/nav2_planner/share/nav2_planner/local_setup.sh
[76.882s] -- Installing: /home/dfolse/repos/SPIDER/SPIDER_ws/install/nav2_planner/share/nav2_planner/local_setup.zsh
[76.883s] -- Installing: /home/dfolse/repos/SPIDER/SPIDER_ws/install/nav2_planner/share/nav2_planner/local_setup.dsv
[76.883s] -- Installing: /home/dfolse/repos/SPIDER/SPIDER_ws/install/nav2_planner/share/nav2_planner/package.dsv
[76.883s] -- Installing: /home/dfolse/repos/SPIDER/SPIDER_ws/install/nav2_planner/share/ament_index/resource_index/packages/nav2_planner
[76.883s] -- Installing: /home/dfolse/repos/SPIDER/SPIDER_ws/install/nav2_planner/share/nav2_planner/cmake/ament_cmake_export_include_directories-extras.cmake
[76.883s] -- Installing: /home/dfolse/repos/SPIDER/SPIDER_ws/install/nav2_planner/share/nav2_planner/cmake/ament_cmake_export_libraries-extras.cmake
[76.883s] -- Installing: /home/dfolse/repos/SPIDER/SPIDER_ws/install/nav2_planner/share/nav2_planner/cmake/ament_cmake_export_dependencies-extras.cmake
[76.883s] -- Installing: /home/dfolse/repos/SPIDER/SPIDER_ws/install/nav2_planner/share/nav2_planner/cmake/ament_cmake_export_definitions-extras.cmake
[76.883s] -- Installing: /home/dfolse/repos/SPIDER/SPIDER_ws/install/nav2_planner/share/nav2_planner/cmake/nav2_plannerConfig.cmake
[76.884s] -- Installing: /home/dfolse/repos/SPIDER/SPIDER_ws/install/nav2_planner/share/nav2_planner/cmake/nav2_plannerConfig-version.cmake
[76.884s] -- Installing: /home/dfolse/repos/SPIDER/SPIDER_ws/install/nav2_planner/share/nav2_planner/package.xml
[76.914s] Invoked command in '/home/dfolse/repos/SPIDER/SPIDER_ws/build/nav2_planner' returned '0': AMENT_PREFIX_PATH=/home/dfolse/repos/SPIDER/SPIDER_ws/install/nav2_core:/home/dfolse/repos/SPIDER/SPIDER_ws/install/nav2_costmap_2d:${AMENT_PREFIX_PATH} CMAKE_PREFIX_PATH=/home/dfolse/repos/SPIDER/SPIDER_ws/install/nav2_core:/home/dfolse/repos/SPIDER/SPIDER_ws/install/nav2_costmap_2d:/home/dfolse/repos/SPIDER/SPIDER_ws/install/nav2_util:/home/dfolse/repos/SPIDER/SPIDER_ws/install/nav2_voxel_grid:/home/dfolse/repos/SPIDER/SPIDER_ws/install/nav2_msgs:/home/dfolse/repos/SPIDER/SPIDER_ws/install/nav2_common:/home/dfolse/repos/SPIDER/SPIDER_ws/install/locomotion:/home/dfolse/repos/SPIDER/SPIDER_ws/install/spider_interfaces:/home/dfolse/repos/SPIDER/SPIDER_ws/install/spider_nav:/home/dfolse/repos/SPIDER/SPIDER_ws/install/oak_d_lite:/home/dfolse/repos/SPIDER/SPIDER_ws/install/nav2_gazebo_spawner:/home/dfolse/repos/SPIDER/SPIDER_ws/install/data_transfer:/opt/ros/foxy:/home/dfolse/repos/SPIDER/SPIDER_ws/install/spider_description:/home/dfolse/repos/SPIDER/SPIDER_ws/install/nav_2d_utils:/home/dfolse/repos/SPIDER/SPIDER_ws/install/dwb_msgs:/home/dfolse/repos/SPIDER/SPIDER_ws/install/nav_2d_msgs:/home/dfolse/repos/SPIDER/SPIDER_ws/install/nav2_waypoint_follower:/home/dfolse/repos/SPIDER/SPIDER_ws/install/nav2_lifecycle_manager:/home/dfolse/repos/SPIDER/SPIDER_ws/install/depthai_ros_msgs:/home/dfolse/repos/SPIDER/SPIDER_ws/install/depthai_descriptions LD_LIBRARY_PATH=/home/dfolse/repos/SPIDER/SPIDER_ws/install/nav2_costmap_2d/lib:/home/dfolse/repos/SPIDER/SPIDER_ws/install/nav2_util/lib:/home/dfolse/repos/SPIDER/SPIDER_ws/install/nav2_voxel_grid/lib:/home/dfolse/repos/SPIDER/SPIDER_ws/install/nav2_msgs/lib:/home/dfolse/repos/SPIDER/SPIDER_ws/install/spider_interfaces/lib:/home/dfolse/repos/SPIDER/SPIDER_ws/install/nav_2d_utils/lib:/home/dfolse/repos/SPIDER/SPIDER_ws/install/dwb_msgs/lib:/home/dfolse/repos/SPIDER/SPIDER_ws/install/nav_2d_msgs/lib:/home/dfolse/repos/SPIDER/SPIDER_ws/install/nav2_waypoint_follower/lib:/home/dfolse/repos/SPIDER/SPIDER_ws/install/nav2_lifecycle_manager/lib:/home/dfolse/repos/SPIDER/SPIDER_ws/install/depthai_ros_msgs/lib:/opt/ros/foxy/opt/yaml_cpp_vendor/lib:/opt/ros/foxy/opt/rviz_ogre_vendor/lib:/opt/ros/foxy/lib/aarch64-linux-gnu:/opt/ros/foxy/lib NX_CONNECTION=192.168.1.26 63880 192.168.1.53 4000 PYTHONPATH=/home/dfolse/repos/SPIDER/SPIDER_ws/install/nav2_msgs/lib/python3.8/site-packages:/home/dfolse/repos/SPIDER/SPIDER_ws/install/nav2_common/lib/python3.8/site-packages:/home/dfolse/repos/SPIDER/SPIDER_ws/install/spider_nav/lib/python3.8/site-packages:/home/dfolse/repos/SPIDER/SPIDER_ws/install/locomotion/lib/python3.8/site-packages:/home/dfolse/repos/SPIDER/SPIDER_ws/install/spider_interfaces/lib/python3.8/site-packages:/home/dfolse/repos/SPIDER/SPIDER_ws/install/oak_d_lite/lib/python3.8/site-packages:/home/dfolse/repos/SPIDER/SPIDER_ws/install/dwb_msgs/lib/python3.8/site-packages:/home/dfolse/repos/SPIDER/SPIDER_ws/install/nav_2d_msgs/lib/python3.8/site-packages:/home/dfolse/repos/SPIDER/SPIDER_ws/install/nav2_gazebo_spawner/lib/python3.8/site-packages:/home/dfolse/repos/SPIDER/SPIDER_ws/install/depthai_ros_msgs/lib/python3.8/site-packages:/home/dfolse/repos/SPIDER/SPIDER_ws/install/data_transfer/lib/python3.8/site-packages:/opt/ros/foxy/lib/python3.8/site-packages /usr/bin/cmake --install /home/dfolse/repos/SPIDER/SPIDER_ws/build/nav2_planner
