[0.401s] Invoking command in '/home/dfolse/repos/SPIDER/SPIDER_ws/build/spider_interfaces': CMAKE_PREFIX_PATH=${CMAKE_PREFIX_PATH}:/home/dfolse/repos/SPIDER/SPIDER_ws/install/data_transfer:/opt/ros/foxy NX_CONNECTION=192.168.1.26 54739 192.168.1.53 4000 /usr/bin/cmake /home/dfolse/repos/SPIDER/SPIDER_ws/src/spider_interfaces -DCMAKE_INSTALL_PREFIX=/home/dfolse/repos/SPIDER/SPIDER_ws/install/spider_interfaces
[0.539s] -- The C compiler identification is GNU 9.4.0
[0.654s] -- The CXX compiler identification is GNU 9.4.0
[0.662s] -- Check for working C compiler: /usr/bin/cc
[0.839s] -- Check for working C compiler: /usr/bin/cc -- works
[0.842s] -- Detecting C compiler ABI info
[1.026s] -- Detecting C compiler ABI info - done
[1.062s] -- Detecting C compile features
[1.063s] -- Detecting C compile features - done
[1.067s] -- Check for working CXX compiler: /usr/bin/c++
[1.259s] -- Check for working CXX compiler: /usr/bin/c++ -- works
[1.262s] -- Detecting CXX compiler ABI info
[1.468s] -- Detecting CXX compiler ABI info - done
[1.501s] -- Detecting CXX compile features
[1.502s] -- Detecting CXX compile features - done
[1.507s] -- Found ament_cmake: 0.9.12 (/opt/ros/foxy/share/ament_cmake/cmake)
[1.562s] -- Found PythonInterp: /usr/bin/python3 (found suitable version "3.8.10", minimum required is "3") 
[1.563s] -- Using PYTHON_EXECUTABLE: /usr/bin/python3
[2.029s] -- Found rosidl_default_generators: 1.0.1 (/opt/ros/foxy/share/rosidl_default_generators/cmake)
[2.036s] -- Using all available rosidl_typesupport_c: rosidl_typesupport_fastrtps_c;rosidl_typesupport_introspection_c
[2.051s] -- Found rosidl_adapter: 1.3.1 (/opt/ros/foxy/share/rosidl_adapter/cmake)
[2.350s] -- Found OpenSSL: /usr/lib/aarch64-linux-gnu/libcrypto.so (found version "1.1.1f")  
[2.416s] -- Found FastRTPS: /opt/ros/foxy/include  
[2.589s] -- Using all available rosidl_typesupport_cpp: rosidl_typesupport_fastrtps_cpp;rosidl_typesupport_introspection_cpp
[2.690s] -- Found PythonInterp: /usr/bin/python3 (found version "3.8.10") 
[2.971s] -- Found ament_cmake_ros: 0.9.2 (/opt/ros/foxy/share/ament_cmake_ros/cmake)
[3.198s] -- Using all available rosidl_typesupport_c: rosidl_typesupport_fastrtps_c;rosidl_typesupport_introspection_c
[3.214s] -- Using all available rosidl_typesupport_cpp: rosidl_typesupport_fastrtps_cpp;rosidl_typesupport_introspection_cpp
[3.264s] -- Found PythonInterp: /usr/bin/python3 (found suitable version "3.8.10", minimum required is "3.5") 
[3.268s] -- Found python_cmake_module: 0.8.1 (/opt/ros/foxy/share/python_cmake_module/cmake)
[3.329s] -- Found PythonLibs: /usr/lib/aarch64-linux-gnu/libpython3.8.so (found suitable version "3.8.10", minimum required is "3.5") 
[3.329s] -- Using PYTHON_EXECUTABLE: /usr/bin/python3
[3.330s] -- Using PYTHON_INCLUDE_DIRS: /usr/include/python3.8
[3.330s] -- Using PYTHON_LIBRARIES: /usr/lib/aarch64-linux-gnu/libpython3.8.so
[3.382s] -- Found PythonExtra: .so  
[3.501s] -- Configuring done
[3.564s] -- Generating done
[3.569s] -- Build files have been written to: /home/dfolse/repos/SPIDER/SPIDER_ws/build/spider_interfaces
[3.589s] Invoked command in '/home/dfolse/repos/SPIDER/SPIDER_ws/build/spider_interfaces' returned '0': CMAKE_PREFIX_PATH=${CMAKE_PREFIX_PATH}:/home/dfolse/repos/SPIDER/SPIDER_ws/install/data_transfer:/opt/ros/foxy NX_CONNECTION=192.168.1.26 54739 192.168.1.53 4000 /usr/bin/cmake /home/dfolse/repos/SPIDER/SPIDER_ws/src/spider_interfaces -DCMAKE_INSTALL_PREFIX=/home/dfolse/repos/SPIDER/SPIDER_ws/install/spider_interfaces
[3.599s] Invoking command in '/home/dfolse/repos/SPIDER/SPIDER_ws/build/spider_interfaces': CMAKE_PREFIX_PATH=${CMAKE_PREFIX_PATH}:/home/dfolse/repos/SPIDER/SPIDER_ws/install/data_transfer:/opt/ros/foxy NX_CONNECTION=192.168.1.26 54739 192.168.1.53 4000 /usr/bin/cmake --build /home/dfolse/repos/SPIDER/SPIDER_ws/build/spider_interfaces -- -j6 -l6
[3.707s] [  2%] [34m[1mGenerating C code for ROS interfaces[0m
[3.708s] [35m[1mScanning dependencies of target spider_interfaces__cpp[0m
[3.740s] [  5%] [34m[1mGenerating C++ code for ROS interfaces[0m
[4.366s] [  5%] Built target spider_interfaces__cpp
[4.382s] [35m[1mScanning dependencies of target spider_interfaces__rosidl_generator_c[0m
[4.396s] [  7%] [34m[1mGenerating C++ type support for eProsima Fast-RTPS[0m
[4.397s] [ 12%] [34m[1mGenerating C++ introspection for ROS interfaces[0m
[4.397s] [ 12%] [34m[1mGenerating C++ type support dispatch for ROS interfaces[0m
[4.421s] [ 15%] [32mBuilding C object CMakeFiles/spider_interfaces__rosidl_generator_c.dir/rosidl_generator_c/spider_interfaces/msg/detail/loc_commands__functions.c.o[0m
[4.422s] [ 17%] [32mBuilding C object CMakeFiles/spider_interfaces__rosidl_generator_c.dir/rosidl_generator_c/spider_interfaces/srv/detail/loc_service__functions.c.o[0m
[4.474s] In file included from [01m[K/home/dfolse/repos/SPIDER/SPIDER_ws/build/spider_interfaces/rosidl_generator_c/spider_interfaces/srv/detail/loc_service__functions.h:19[m[K,
[4.474s]                  from [01m[K/home/dfolse/repos/SPIDER/SPIDER_ws/build/spider_interfaces/rosidl_generator_c/spider_interfaces/srv/detail/loc_service__functions.c:4[m[K:
[4.475s] [01m[K/home/dfolse/repos/SPIDER/SPIDER_ws/build/spider_interfaces/rosidl_generator_c/spider_interfaces/srv/detail/loc_service__struct.h:22:10:[m[K [01;31m[Kfatal error: [m[Kspider_interfaces/msg/detail/string__struct.h: No such file or directory
[4.475s]    22 | #include [01;31m[K"spider_interfaces/msg/detail/string__struct.h"[m[K
[4.475s]       |          [01;31m[K^~~~~~~~~~~~~~~~~~~~~~~~~~~~~~~~~~~~~~~~~~~~~~~[m[K
[4.475s] In file included from [01m[K/home/dfolse/repos/SPIDER/SPIDER_ws/build/spider_interfaces/rosidl_generator_c/spider_interfaces/msg/detail/loc_commands__functions.h:19[m[K,
[4.475s]                  from [01m[K/home/dfolse/repos/SPIDER/SPIDER_ws/build/spider_interfaces/rosidl_generator_c/spider_interfaces/msg/detail/loc_commands__functions.c:4[m[K:
[4.475s] [01m[K/home/dfolse/repos/SPIDER/SPIDER_ws/build/spider_interfaces/rosidl_generator_c/spider_interfaces/msg/detail/loc_commands__struct.h:22:10:[m[K [01;31m[Kfatal error: [m[Kspider_interfaces/msg/detail/string__struct.h: No such file or directory
[4.475s]    22 | #include [01;31m[K"spider_interfaces/msg/detail/string__struct.h"[m[K
[4.476s]       |          [01;31m[K^~~~~~~~~~~~~~~~~~~~~~~~~~~~~~~~~~~~~~~~~~~~~~~[m[K
[4.476s] compilation terminated.
[4.476s] compilation terminated.
[4.478s] make[2]: *** [CMakeFiles/spider_interfaces__rosidl_generator_c.dir/build.make:108: CMakeFiles/spider_interfaces__rosidl_generator_c.dir/rosidl_generator_c/spider_interfaces/msg/detail/loc_commands__functions.c.o] Error 1
[4.479s] make[2]: *** Waiting for unfinished jobs....
[4.479s] make[2]: *** [CMakeFiles/spider_interfaces__rosidl_generator_c.dir/build.make:121: CMakeFiles/spider_interfaces__rosidl_generator_c.dir/rosidl_generator_c/spider_interfaces/srv/detail/loc_service__functions.c.o] Error 1
[4.479s] make[1]: *** [CMakeFiles/Makefile2:274: CMakeFiles/spider_interfaces__rosidl_generator_c.dir/all] Error 2
[4.479s] make[1]: *** Waiting for unfinished jobs....
[4.878s] [35m[1mScanning dependencies of target spider_interfaces__rosidl_typesupport_cpp[0m
[4.916s] [ 23%] [32mBuilding CXX object CMakeFiles/spider_interfaces__rosidl_typesupport_cpp.dir/rosidl_typesupport_cpp/spider_interfaces/msg/loc_commands__type_support.cpp.o[0m
[4.916s] [ 23%] [32mBuilding CXX object CMakeFiles/spider_interfaces__rosidl_typesupport_cpp.dir/rosidl_typesupport_cpp/spider_interfaces/srv/loc_service__type_support.cpp.o[0m
[4.917s] [35m[1mScanning dependencies of target spider_interfaces__rosidl_typesupport_introspection_cpp[0m
[4.957s] [ 25%] [32mBuilding CXX object CMakeFiles/spider_interfaces__rosidl_typesupport_introspection_cpp.dir/rosidl_typesupport_introspection_cpp/spider_interfaces/msg/detail/loc_commands__type_support.cpp.o[0m
[4.965s] [35m[1mScanning dependencies of target spider_interfaces__rosidl_typesupport_fastrtps_cpp[0m
[4.966s] [ 28%] [32mBuilding CXX object CMakeFiles/spider_interfaces__rosidl_typesupport_introspection_cpp.dir/rosidl_typesupport_introspection_cpp/spider_interfaces/srv/detail/loc_service__type_support.cpp.o[0m
[5.016s] [ 33%] [32mBuilding CXX object CMakeFiles/spider_interfaces__rosidl_typesupport_fastrtps_cpp.dir/rosidl_typesupport_fastrtps_cpp/spider_interfaces/msg/detail/dds_fastrtps/loc_commands__type_support.cpp.o[0m
[5.016s] [ 33%] [32mBuilding CXX object CMakeFiles/spider_interfaces__rosidl_typesupport_fastrtps_cpp.dir/rosidl_typesupport_fastrtps_cpp/spider_interfaces/srv/detail/dds_fastrtps/loc_service__type_support.cpp.o[0m
[5.047s] In file included from [01m[K/home/dfolse/repos/SPIDER/SPIDER_ws/build/spider_interfaces/rosidl_typesupport_cpp/spider_interfaces/srv/loc_service__type_support.cpp:7[m[K:
[5.047s] [01m[K/home/dfolse/repos/SPIDER/SPIDER_ws/build/spider_interfaces/rosidl_generator_cpp/spider_interfaces/srv/detail/loc_service__struct.hpp:19:10:[m[K [01;31m[Kfatal error: [m[Kspider_interfaces/msg/detail/string__struct.hpp: No such file or directory
[5.047s]    19 | #include [01;31m[K"spider_interfaces/msg/detail/string__struct.hpp"[m[K
[5.047s]       |          [01;31m[K^~~~~~~~~~~~~~~~~~~~~~~~~~~~~~~~~~~~~~~~~~~~~~~~~[m[K
[5.047s] compilation terminated.
[5.048s] In file included from [01m[K/home/dfolse/repos/SPIDER/SPIDER_ws/build/spider_interfaces/rosidl_typesupport_cpp/spider_interfaces/msg/loc_commands__type_support.cpp:7[m[K:
[5.048s] [01m[K/home/dfolse/repos/SPIDER/SPIDER_ws/build/spider_interfaces/rosidl_generator_cpp/spider_interfaces/msg/detail/loc_commands__struct.hpp:19:10:[m[K [01;31m[Kfatal error: [m[Kspider_interfaces/msg/detail/string__struct.hpp: No such file or directory
[5.048s]    19 | #include [01;31m[K"spider_interfaces/msg/detail/string__struct.hpp"[m[K
[5.048s]       |          [01;31m[K^~~~~~~~~~~~~~~~~~~~~~~~~~~~~~~~~~~~~~~~~~~~~~~~~[m[K
[5.048s] compilation terminated.
[5.052s] make[2]: *** [CMakeFiles/spider_interfaces__rosidl_typesupport_cpp.dir/build.make:90: CMakeFiles/spider_interfaces__rosidl_typesupport_cpp.dir/rosidl_typesupport_cpp/spider_interfaces/srv/loc_service__type_support.cpp.o] Error 1
[5.052s] make[2]: *** Waiting for unfinished jobs....
[5.053s] make[2]: *** [CMakeFiles/spider_interfaces__rosidl_typesupport_cpp.dir/build.make:77: CMakeFiles/spider_interfaces__rosidl_typesupport_cpp.dir/rosidl_typesupport_cpp/spider_interfaces/msg/loc_commands__type_support.cpp.o] Error 1
[5.054s] make[1]: *** [CMakeFiles/Makefile2:496: CMakeFiles/spider_interfaces__rosidl_typesupport_cpp.dir/all] Error 2
[5.057s] In file included from [01m[K/home/dfolse/repos/SPIDER/SPIDER_ws/build/spider_interfaces/rosidl_typesupport_introspection_cpp/spider_interfaces/msg/detail/loc_commands__type_support.cpp:12[m[K:
[5.057s] [01m[K/home/dfolse/repos/SPIDER/SPIDER_ws/build/spider_interfaces/rosidl_generator_cpp/spider_interfaces/msg/detail/loc_commands__struct.hpp:19:10:[m[K [01;31m[Kfatal error: [m[Kspider_interfaces/msg/detail/string__struct.hpp: No such file or directory
[5.057s]    19 | #include [01;31m[K"spider_interfaces/msg/detail/string__struct.hpp"[m[K
[5.057s]       |          [01;31m[K^~~~~~~~~~~~~~~~~~~~~~~~~~~~~~~~~~~~~~~~~~~~~~~~~[m[K
[5.057s] compilation terminated.
[5.061s] In file included from [01m[K/home/dfolse/repos/SPIDER/SPIDER_ws/build/spider_interfaces/rosidl_typesupport_introspection_cpp/spider_interfaces/srv/detail/loc_service__type_support.cpp:12[m[K:
[5.062s] [01m[K/home/dfolse/repos/SPIDER/SPIDER_ws/build/spider_interfaces/rosidl_generator_cpp/spider_interfaces/srv/detail/loc_service__struct.hpp:19:10:[m[K [01;31m[Kfatal error: [m[Kspider_interfaces/msg/detail/string__struct.hpp: No such file or directory
[5.062s]    19 | #include [01;31m[K"spider_interfaces/msg/detail/string__struct.hpp"[m[K
[5.062s]       |          [01;31m[K^~~~~~~~~~~~~~~~~~~~~~~~~~~~~~~~~~~~~~~~~~~~~~~~~[m[K
[5.062s] compilation terminated.
[5.064s] make[2]: *** [CMakeFiles/spider_interfaces__rosidl_typesupport_introspection_cpp.dir/build.make:85: CMakeFiles/spider_interfaces__rosidl_typesupport_introspection_cpp.dir/rosidl_typesupport_introspection_cpp/spider_interfaces/msg/detail/loc_commands__type_support.cpp.o] Error 1
[5.064s] make[2]: *** Waiting for unfinished jobs....
[5.067s] make[2]: *** [CMakeFiles/spider_interfaces__rosidl_typesupport_introspection_cpp.dir/build.make:98: CMakeFiles/spider_interfaces__rosidl_typesupport_introspection_cpp.dir/rosidl_typesupport_introspection_cpp/spider_interfaces/srv/detail/loc_service__type_support.cpp.o] Error 1
[5.067s] make[1]: *** [CMakeFiles/Makefile2:469: CMakeFiles/spider_interfaces__rosidl_typesupport_introspection_cpp.dir/all] Error 2
[5.115s] In file included from [01m[K/home/dfolse/repos/SPIDER/SPIDER_ws/build/spider_interfaces/rosidl_typesupport_fastrtps_cpp/spider_interfaces/msg/detail/loc_commands__rosidl_typesupport_fastrtps_cpp.hpp:11[m[K,
[5.115s]                  from [01m[K/home/dfolse/repos/SPIDER/SPIDER_ws/build/spider_interfaces/rosidl_typesupport_fastrtps_cpp/spider_interfaces/msg/detail/dds_fastrtps/loc_commands__type_support.cpp:4[m[K:
[5.115s] [01m[K/home/dfolse/repos/SPIDER/SPIDER_ws/build/spider_interfaces/rosidl_generator_cpp/spider_interfaces/msg/detail/loc_commands__struct.hpp:19:10:[m[K [01;31m[Kfatal error: [m[Kspider_interfaces/msg/detail/string__struct.hpp: No such file or directory
[5.116s]    19 | #include [01;31m[K"spider_interfaces/msg/detail/string__struct.hpp"[m[K
[5.116s]       |          [01;31m[K^~~~~~~~~~~~~~~~~~~~~~~~~~~~~~~~~~~~~~~~~~~~~~~~~[m[K
[5.116s] In file included from [01m[K/home/dfolse/repos/SPIDER/SPIDER_ws/build/spider_interfaces/rosidl_typesupport_fastrtps_cpp/spider_interfaces/srv/detail/loc_service__rosidl_typesupport_fastrtps_cpp.hpp:11[m[K,
[5.116s]                  from [01m[K/home/dfolse/repos/SPIDER/SPIDER_ws/build/spider_interfaces/rosidl_typesupport_fastrtps_cpp/spider_interfaces/srv/detail/dds_fastrtps/loc_service__type_support.cpp:4[m[K:
[5.117s] [01m[K/home/dfolse/repos/SPIDER/SPIDER_ws/build/spider_interfaces/rosidl_generator_cpp/spider_interfaces/srv/detail/loc_service__struct.hpp:19:10:[m[K [01;31m[Kfatal error: [m[Kspider_interfaces/msg/detail/string__struct.hpp: No such file or directory
[5.117s]    19 | #include [01;31m[K"spider_interfaces/msg/detail/string__struct.hpp"[m[K
[5.117s]       |          [01;31m[K^~~~~~~~~~~~~~~~~~~~~~~~~~~~~~~~~~~~~~~~~~~~~~~~~[m[K
[5.117s] compilation terminated.
[5.117s] compilation terminated.
[5.120s] make[2]: *** [CMakeFiles/spider_interfaces__rosidl_typesupport_fastrtps_cpp.dir/build.make:85: CMakeFiles/spider_interfaces__rosidl_typesupport_fastrtps_cpp.dir/rosidl_typesupport_fastrtps_cpp/spider_interfaces/msg/detail/dds_fastrtps/loc_commands__type_support.cpp.o] Error 1
[5.120s] make[2]: *** Waiting for unfinished jobs....
[5.121s] make[2]: *** [CMakeFiles/spider_interfaces__rosidl_typesupport_fastrtps_cpp.dir/build.make:98: CMakeFiles/spider_interfaces__rosidl_typesupport_fastrtps_cpp.dir/rosidl_typesupport_fastrtps_cpp/spider_interfaces/srv/detail/dds_fastrtps/loc_service__type_support.cpp.o] Error 1
[5.121s] make[1]: *** [CMakeFiles/Makefile2:213: CMakeFiles/spider_interfaces__rosidl_typesupport_fastrtps_cpp.dir/all] Error 2
[5.123s] make: *** [Makefile:141: all] Error 2
[5.130s] Invoked command in '/home/dfolse/repos/SPIDER/SPIDER_ws/build/spider_interfaces' returned '2': CMAKE_PREFIX_PATH=${CMAKE_PREFIX_PATH}:/home/dfolse/repos/SPIDER/SPIDER_ws/install/data_transfer:/opt/ros/foxy NX_CONNECTION=192.168.1.26 54739 192.168.1.53 4000 /usr/bin/cmake --build /home/dfolse/repos/SPIDER/SPIDER_ws/build/spider_interfaces -- -j6 -l6
