[3.074s] Invoking command in '/home/dfolse/repos/SPIDER/SPIDER_ws/build/spider_nav': AMENT_PREFIX_PATH=/home/dfolse/repos/SPIDER/SPIDER_ws/install/locomotion:/home/dfolse/repos/SPIDER/SPIDER_ws/install/data_transfer:/home/dfolse/repos/SPIDER/SPIDER_ws/install/spider_nav:/home/dfolse/repos/SPIDER/SPIDER_ws/install/spider_interfaces:/home/dfolse/repos/SPIDER/SPIDER_ws/install/spider_description:/home/dfolse/repos/SPIDER/SPIDER_ws/install/oak_d_lite:/home/dfolse/repos/SPIDER/SPIDER_ws/install/nav2_gps_waypoint_follower_demo:/opt/ros/foxy PYTHONPATH=/home/dfolse/repos/SPIDER/SPIDER_ws/build/spider_nav/prefix_override:/home/dfolse/repos/SPIDER/SPIDER_ws/install/spider_nav/lib/python3.8/site-packages:/home/dfolse/repos/SPIDER/SPIDER_ws/build/locomotion:/home/dfolse/repos/SPIDER/SPIDER_ws/install/locomotion/lib/python3.8/site-packages:/home/dfolse/repos/SPIDER/SPIDER_ws/install/spider_interfaces/lib/python3.8/site-packages:/home/dfolse/repos/SPIDER/SPIDER_ws/build/data_transfer:/home/dfolse/repos/SPIDER/SPIDER_ws/install/data_transfer/lib/python3.8/site-packages:/home/dfolse/repos/SPIDER/SPIDER_ws/build/spider_nav:/home/dfolse/repos/SPIDER/SPIDER_ws/install/spider_nav/lib/python3.8/site-packages:/home/dfolse/repos/SPIDER/SPIDER_ws/install/oak_d_lite/lib/python3.8/site-packages:/home/dfolse/repos/SPIDER/SPIDER_ws/install/nav2_gps_waypoint_follower_demo/lib/python3.8/site-packages:/opt/ros/foxy/lib/python3.8/site-packages /usr/bin/python3 -W ignore:setup.py install is deprecated setup.py develop --editable --build-directory /home/dfolse/repos/SPIDER/SPIDER_ws/build/spider_nav/build --no-deps symlink_data
[4.285s] running develop
[4.999s] running egg_info
[4.999s] writing spider_nav.egg-info/PKG-INFO
[5.001s] writing dependency_links to spider_nav.egg-info/dependency_links.txt
[5.001s] writing entry points to spider_nav.egg-info/entry_points.txt
[5.002s] writing requirements to spider_nav.egg-info/requires.txt
[5.003s] writing top-level names to spider_nav.egg-info/top_level.txt
[5.143s] reading manifest file 'spider_nav.egg-info/SOURCES.txt'
[5.148s] writing manifest file 'spider_nav.egg-info/SOURCES.txt'
[5.317s] running build_ext
[5.319s] Creating /home/dfolse/repos/SPIDER/SPIDER_ws/install/spider_nav/lib/python3.8/site-packages/spider-nav.egg-link (link to .)
[5.323s] Installing gps_waypoint_logger script to /home/dfolse/repos/SPIDER/SPIDER_ws/install/spider_nav/lib/spider_nav
[5.323s] Installing interactive_waypoint_follower script to /home/dfolse/repos/SPIDER/SPIDER_ws/install/spider_nav/lib/spider_nav
[5.324s] Installing logged_waypoint_follower script to /home/dfolse/repos/SPIDER/SPIDER_ws/install/spider_nav/lib/spider_nav
[5.325s] Installing spider_gps_pub script to /home/dfolse/repos/SPIDER/SPIDER_ws/install/spider_nav/lib/spider_nav
[5.326s] Installing spider_nav_main script to /home/dfolse/repos/SPIDER/SPIDER_ws/install/spider_nav/lib/spider_nav
[5.327s] 
[5.327s] Installed /home/dfolse/repos/SPIDER/SPIDER_ws/build/spider_nav
[5.328s] running symlink_data
[5.452s] Invoked command in '/home/dfolse/repos/SPIDER/SPIDER_ws/build/spider_nav' returned '0': AMENT_PREFIX_PATH=/home/dfolse/repos/SPIDER/SPIDER_ws/install/locomotion:/home/dfolse/repos/SPIDER/SPIDER_ws/install/data_transfer:/home/dfolse/repos/SPIDER/SPIDER_ws/install/spider_nav:/home/dfolse/repos/SPIDER/SPIDER_ws/install/spider_interfaces:/home/dfolse/repos/SPIDER/SPIDER_ws/install/spider_description:/home/dfolse/repos/SPIDER/SPIDER_ws/install/oak_d_lite:/home/dfolse/repos/SPIDER/SPIDER_ws/install/nav2_gps_waypoint_follower_demo:/opt/ros/foxy PYTHONPATH=/home/dfolse/repos/SPIDER/SPIDER_ws/build/spider_nav/prefix_override:/home/dfolse/repos/SPIDER/SPIDER_ws/install/spider_nav/lib/python3.8/site-packages:/home/dfolse/repos/SPIDER/SPIDER_ws/build/locomotion:/home/dfolse/repos/SPIDER/SPIDER_ws/install/locomotion/lib/python3.8/site-packages:/home/dfolse/repos/SPIDER/SPIDER_ws/install/spider_interfaces/lib/python3.8/site-packages:/home/dfolse/repos/SPIDER/SPIDER_ws/build/data_transfer:/home/dfolse/repos/SPIDER/SPIDER_ws/install/data_transfer/lib/python3.8/site-packages:/home/dfolse/repos/SPIDER/SPIDER_ws/build/spider_nav:/home/dfolse/repos/SPIDER/SPIDER_ws/install/spider_nav/lib/python3.8/site-packages:/home/dfolse/repos/SPIDER/SPIDER_ws/install/oak_d_lite/lib/python3.8/site-packages:/home/dfolse/repos/SPIDER/SPIDER_ws/install/nav2_gps_waypoint_follower_demo/lib/python3.8/site-packages:/opt/ros/foxy/lib/python3.8/site-packages /usr/bin/python3 -W ignore:setup.py install is deprecated setup.py develop --editable --build-directory /home/dfolse/repos/SPIDER/SPIDER_ws/build/spider_nav/build --no-deps symlink_data
