running egg_info
creating ../../build/data_transfer/DataTransfer.egg-info
writing ../../build/data_transfer/DataTransfer.egg-info/PKG-INFO
writing dependency_links to ../../build/data_transfer/DataTransfer.egg-info/dependency_links.txt
writing entry points to ../../build/data_transfer/DataTransfer.egg-info/entry_points.txt
writing requirements to ../../build/data_transfer/DataTransfer.egg-info/requires.txt
writing top-level names to ../../build/data_transfer/DataTransfer.egg-info/top_level.txt
writing manifest file '../../build/data_transfer/DataTransfer.egg-info/SOURCES.txt'
reading manifest file '../../build/data_transfer/DataTransfer.egg-info/SOURCES.txt'
writing manifest file '../../build/data_transfer/DataTransfer.egg-info/SOURCES.txt'
running build
running build_py
creating /home/dfolse/SPIDER/SPIDER_ws/build/data_transfer/build
creating /home/dfolse/SPIDER/SPIDER_ws/build/data_transfer/build/lib
creating /home/dfolse/SPIDER/SPIDER_ws/build/data_transfer/build/lib/data_transfer
copying data_transfer/__init__.py -> /home/dfolse/SPIDER/SPIDER_ws/build/data_transfer/build/lib/data_transfer
copying data_transfer/publish_transfer.py -> /home/dfolse/SPIDER/SPIDER_ws/build/data_transfer/build/lib/data_transfer
copying data_transfer/subscribe_transfer.py -> /home/dfolse/SPIDER/SPIDER_ws/build/data_transfer/build/lib/data_transfer
running install
/usr/lib/python3/dist-packages/setuptools/command/install.py:34: SetuptoolsDeprecationWarning: setup.py install is deprecated. Use build and pip and other standards-based tools.
  warnings.warn(
running install_lib
creating /home/dfolse/SPIDER/SPIDER_ws/install/data_transfer/lib/python3.10/site-packages/data_transfer
copying /home/dfolse/SPIDER/SPIDER_ws/build/data_transfer/build/lib/data_transfer/__init__.py -> /home/dfolse/SPIDER/SPIDER_ws/install/data_transfer/lib/python3.10/site-packages/data_transfer
copying /home/dfolse/SPIDER/SPIDER_ws/build/data_transfer/build/lib/data_transfer/publish_transfer.py -> /home/dfolse/SPIDER/SPIDER_ws/install/data_transfer/lib/python3.10/site-packages/data_transfer
copying /home/dfolse/SPIDER/SPIDER_ws/build/data_transfer/build/lib/data_transfer/subscribe_transfer.py -> /home/dfolse/SPIDER/SPIDER_ws/install/data_transfer/lib/python3.10/site-packages/data_transfer
byte-compiling /home/dfolse/SPIDER/SPIDER_ws/install/data_transfer/lib/python3.10/site-packages/data_transfer/__init__.py to __init__.cpython-310.pyc
byte-compiling /home/dfolse/SPIDER/SPIDER_ws/install/data_transfer/lib/python3.10/site-packages/data_transfer/publish_transfer.py to publish_transfer.cpython-310.pyc
byte-compiling /home/dfolse/SPIDER/SPIDER_ws/install/data_transfer/lib/python3.10/site-packages/data_transfer/subscribe_transfer.py to subscribe_transfer.cpython-310.pyc
running install_data
error: can't copy 'resource/DataTransfer': doesn't exist or not a regular file
