-- Found ament_cmake: 0.9.12 (/opt/ros/foxy/share/ament_cmake/cmake)
-- Found PythonInterp: /usr/bin/python3 (found suitable version "3.8.10", minimum required is "3") 
-- Using PYTHON_EXECUTABLE: /usr/bin/python3
-- Found std_msgs: 2.0.5 (/opt/ros/foxy/share/std_msgs/cmake)
-- Using all available rosidl_typesupport_c: rosidl_typesupport_fastrtps_c;rosidl_typesupport_introspection_c
-- Found rosidl_adapter: 1.3.1 (/opt/ros/foxy/share/rosidl_adapter/cmake)
-- Using all available rosidl_typesupport_cpp: rosidl_typesupport_fastrtps_cpp;rosidl_typesupport_introspection_cpp
-- Found rosidl_default_generators: 1.0.1 (/opt/ros/foxy/share/rosidl_default_generators/cmake)
-- Found PythonInterp: /usr/bin/python3 (found version "3.8.10") 
-- Found ament_cmake_ros: 0.9.2 (/opt/ros/foxy/share/ament_cmake_ros/cmake)
-- Using all available rosidl_typesupport_c: rosidl_typesupport_fastrtps_c;rosidl_typesupport_introspection_c
-- Using all available rosidl_typesupport_cpp: rosidl_typesupport_fastrtps_cpp;rosidl_typesupport_introspection_cpp
-- Found PythonInterp: /usr/bin/python3 (found suitable version "3.8.10", minimum required is "3.5") 
-- Found python_cmake_module: 0.8.1 (/opt/ros/foxy/share/python_cmake_module/cmake)
-- Using PYTHON_EXECUTABLE: /usr/bin/python3
-- Using PYTHON_INCLUDE_DIRS: /usr/include/python3.8
-- Using PYTHON_LIBRARIES: /usr/lib/aarch64-linux-gnu/libpython3.8.so
-- Configuring done
-- Generating done
-- Build files have been written to: /home/dfolse/repos/SPIDER/SPIDER_ws/build/spider_interfaces
[35m[1mScanning dependencies of target spider_interfaces__rosidl_generator_c[0m
[  2%] Built target spider_interfaces__cpp
[  5%] [32mBuilding C object CMakeFiles/spider_interfaces__rosidl_generator_c.dir/rosidl_generator_c/spider_interfaces/srv/detail/loc_service__functions.c.o[0m
[  7%] [32mBuilding C object CMakeFiles/spider_interfaces__rosidl_generator_c.dir/rosidl_generator_c/spider_interfaces/msg/detail/loc_commands__functions.c.o[0m
[35m[1mScanning dependencies of target spider_interfaces__rosidl_typesupport_cpp[0m
[35m[1mScanning dependencies of target spider_interfaces__rosidl_typesupport_fastrtps_cpp[0m
[ 10%] [32mBuilding CXX object CMakeFiles/spider_interfaces__rosidl_typesupport_cpp.dir/rosidl_typesupport_cpp/spider_interfaces/msg/loc_commands__type_support.cpp.o[0m
[ 12%] [32mBuilding CXX object CMakeFiles/spider_interfaces__rosidl_typesupport_fastrtps_cpp.dir/rosidl_typesupport_fastrtps_cpp/spider_interfaces/msg/detail/dds_fastrtps/loc_commands__type_support.cpp.o[0m
[ 15%] [32mBuilding CXX object CMakeFiles/spider_interfaces__rosidl_typesupport_fastrtps_cpp.dir/rosidl_typesupport_fastrtps_cpp/spider_interfaces/srv/detail/dds_fastrtps/loc_service__type_support.cpp.o[0m
[ 17%] [32m[1mLinking C shared library libspider_interfaces__rosidl_generator_c.so[0m
[ 20%] Built target spider_interfaces__rosidl_generator_c
[ 23%] [32mBuilding CXX object CMakeFiles/spider_interfaces__rosidl_typesupport_cpp.dir/rosidl_typesupport_cpp/spider_interfaces/srv/loc_service__type_support.cpp.o[0m
[35m[1mScanning dependencies of target spider_interfaces__rosidl_typesupport_introspection_cpp[0m
[ 25%] [32mBuilding CXX object CMakeFiles/spider_interfaces__rosidl_typesupport_introspection_cpp.dir/rosidl_typesupport_introspection_cpp/spider_interfaces/msg/detail/loc_commands__type_support.cpp.o[0m
[ 28%] [32m[1mLinking CXX shared library libspider_interfaces__rosidl_typesupport_cpp.so[0m
[ 30%] [32mBuilding CXX object CMakeFiles/spider_interfaces__rosidl_typesupport_introspection_cpp.dir/rosidl_typesupport_introspection_cpp/spider_interfaces/srv/detail/loc_service__type_support.cpp.o[0m
[ 33%] [32m[1mLinking CXX shared library libspider_interfaces__rosidl_typesupport_fastrtps_cpp.so[0m
[ 35%] Built target spider_interfaces__rosidl_typesupport_cpp
[35m[1mScanning dependencies of target spider_interfaces__rosidl_typesupport_introspection_c[0m
[ 38%] [32mBuilding C object CMakeFiles/spider_interfaces__rosidl_typesupport_introspection_c.dir/rosidl_typesupport_introspection_c/spider_interfaces/msg/detail/loc_commands__type_support.c.o[0m
[ 41%] [32mBuilding C object CMakeFiles/spider_interfaces__rosidl_typesupport_introspection_c.dir/rosidl_typesupport_introspection_c/spider_interfaces/srv/detail/loc_service__type_support.c.o[0m
[ 43%] Built target spider_interfaces__rosidl_typesupport_fastrtps_cpp
[35m[1mScanning dependencies of target spider_interfaces__rosidl_typesupport_c[0m
[ 46%] [32m[1mLinking C shared library libspider_interfaces__rosidl_typesupport_introspection_c.so[0m
[ 48%] [32mBuilding CXX object CMakeFiles/spider_interfaces__rosidl_typesupport_c.dir/rosidl_typesupport_c/spider_interfaces/msg/loc_commands__type_support.cpp.o[0m
[ 51%] Built target spider_interfaces__rosidl_typesupport_introspection_c
[ 53%] [32mBuilding CXX object CMakeFiles/spider_interfaces__rosidl_typesupport_c.dir/rosidl_typesupport_c/spider_interfaces/srv/loc_service__type_support.cpp.o[0m
[35m[1mScanning dependencies of target spider_interfaces__rosidl_typesupport_fastrtps_c[0m
[ 56%] [32mBuilding CXX object CMakeFiles/spider_interfaces__rosidl_typesupport_fastrtps_c.dir/rosidl_typesupport_fastrtps_c/spider_interfaces/msg/detail/loc_commands__type_support_c.cpp.o[0m
[ 58%] [32m[1mLinking CXX shared library libspider_interfaces__rosidl_typesupport_c.so[0m
[ 61%] [32mBuilding CXX object CMakeFiles/spider_interfaces__rosidl_typesupport_fastrtps_c.dir/rosidl_typesupport_fastrtps_c/spider_interfaces/srv/detail/loc_service__type_support_c.cpp.o[0m
[ 64%] Built target spider_interfaces__rosidl_typesupport_c
[ 66%] [32m[1mLinking CXX shared library libspider_interfaces__rosidl_typesupport_introspection_cpp.so[0m
[ 69%] Built target spider_interfaces__rosidl_typesupport_introspection_cpp
[ 71%] [32m[1mLinking CXX shared library libspider_interfaces__rosidl_typesupport_fastrtps_c.so[0m
[ 74%] Built target spider_interfaces__rosidl_typesupport_fastrtps_c
[ 74%] Built target spider_interfaces
[ 76%] Built target spider_interfaces__py
[35m[1mScanning dependencies of target spider_interfaces__python[0m
[ 79%] [32mBuilding C object CMakeFiles/spider_interfaces__python.dir/rosidl_generator_py/spider_interfaces/msg/_loc_commands_s.c.o[0m
[ 82%] [32mBuilding C object CMakeFiles/spider_interfaces__python.dir/rosidl_generator_py/spider_interfaces/srv/_loc_service_s.c.o[0m
[ 84%] [32m[1mLinking C shared library rosidl_generator_py/spider_interfaces/libspider_interfaces__python.so[0m
[ 84%] Built target spider_interfaces__python
[35m[1mScanning dependencies of target spider_interfaces__rosidl_typesupport_fastrtps_c__pyext[0m
[35m[1mScanning dependencies of target spider_interfaces__rosidl_typesupport_c__pyext[0m
[35m[1mScanning dependencies of target spider_interfaces__rosidl_typesupport_introspection_c__pyext[0m
[ 87%] [32mBuilding C object CMakeFiles/spider_interfaces__rosidl_typesupport_c__pyext.dir/rosidl_generator_py/spider_interfaces/_spider_interfaces_s.ep.rosidl_typesupport_c.c.o[0m
[ 89%] [32mBuilding C object CMakeFiles/spider_interfaces__rosidl_typesupport_introspection_c__pyext.dir/rosidl_generator_py/spider_interfaces/_spider_interfaces_s.ep.rosidl_typesupport_introspection_c.c.o[0m
[ 92%] [32mBuilding C object CMakeFiles/spider_interfaces__rosidl_typesupport_fastrtps_c__pyext.dir/rosidl_generator_py/spider_interfaces/_spider_interfaces_s.ep.rosidl_typesupport_fastrtps_c.c.o[0m
[ 94%] [32m[1mLinking C shared library rosidl_generator_py/spider_interfaces/spider_interfaces_s__rosidl_typesupport_c.cpython-38-aarch64-linux-gnu.so[0m
[ 97%] [32m[1mLinking C shared library rosidl_generator_py/spider_interfaces/spider_interfaces_s__rosidl_typesupport_introspection_c.cpython-38-aarch64-linux-gnu.so[0m
[100%] [32m[1mLinking CXX shared library rosidl_generator_py/spider_interfaces/spider_interfaces_s__rosidl_typesupport_fastrtps_c.cpython-38-aarch64-linux-gnu.so[0m
[100%] Built target spider_interfaces__rosidl_typesupport_introspection_c__pyext
[100%] Built target spider_interfaces__rosidl_typesupport_c__pyext
[100%] Built target spider_interfaces__rosidl_typesupport_fastrtps_c__pyext
