[1.389s] Invoking command in '/home/dfolse/repos/SPIDER/SPIDER_ws/build/spider_description': CMAKE_PREFIX_PATH=${CMAKE_PREFIX_PATH}:/home/dfolse/repos/SPIDER/SPIDER_ws/install/spider_nav:/home/dfolse/repos/SPIDER/SPIDER_ws/install/locomotion:/home/dfolse/repos/SPIDER/SPIDER_ws/install/oak_d_lite:/home/dfolse/repos/SPIDER/SPIDER_ws/install/nav2_gps_waypoint_follower_demo:/home/dfolse/repos/SPIDER/SPIDER_ws/install/data_transfer:/opt/ros/foxy NX_CONNECTION=192.168.1.26 56425 192.168.1.53 4000 /usr/bin/cmake --build /home/dfolse/repos/SPIDER/SPIDER_ws/build/spider_description -- -j6 -l6
[1.513s] Invoked command in '/home/dfolse/repos/SPIDER/SPIDER_ws/build/spider_description' returned '0': CMAKE_PREFIX_PATH=${CMAKE_PREFIX_PATH}:/home/dfolse/repos/SPIDER/SPIDER_ws/install/spider_nav:/home/dfolse/repos/SPIDER/SPIDER_ws/install/locomotion:/home/dfolse/repos/SPIDER/SPIDER_ws/install/oak_d_lite:/home/dfolse/repos/SPIDER/SPIDER_ws/install/nav2_gps_waypoint_follower_demo:/home/dfolse/repos/SPIDER/SPIDER_ws/install/data_transfer:/opt/ros/foxy NX_CONNECTION=192.168.1.26 56425 192.168.1.53 4000 /usr/bin/cmake --build /home/dfolse/repos/SPIDER/SPIDER_ws/build/spider_description -- -j6 -l6
[1.645s] Invoking command in '/home/dfolse/repos/SPIDER/SPIDER_ws/build/spider_description': CMAKE_PREFIX_PATH=${CMAKE_PREFIX_PATH}:/home/dfolse/repos/SPIDER/SPIDER_ws/install/spider_nav:/home/dfolse/repos/SPIDER/SPIDER_ws/install/locomotion:/home/dfolse/repos/SPIDER/SPIDER_ws/install/oak_d_lite:/home/dfolse/repos/SPIDER/SPIDER_ws/install/nav2_gps_waypoint_follower_demo:/home/dfolse/repos/SPIDER/SPIDER_ws/install/data_transfer:/opt/ros/foxy NX_CONNECTION=192.168.1.26 56425 192.168.1.53 4000 /usr/bin/cmake --install /home/dfolse/repos/SPIDER/SPIDER_ws/build/spider_description
[1.670s] -- Install configuration: ""
[1.671s] -- Up-to-date: /home/dfolse/repos/SPIDER/SPIDER_ws/install/spider_description/share/spider_description/src
[1.671s] -- Up-to-date: /home/dfolse/repos/SPIDER/SPIDER_ws/install/spider_description/share/spider_description/src/description
[1.671s] -- Up-to-date: /home/dfolse/repos/SPIDER/SPIDER_ws/install/spider_description/share/spider_description/src/description/spider_description.csv
[1.672s] -- Up-to-date: /home/dfolse/repos/SPIDER/SPIDER_ws/install/spider_description/share/spider_description/src/description/spider_description.urdf
[1.672s] -- Up-to-date: /home/dfolse/repos/SPIDER/SPIDER_ws/install/spider_description/share/spider_description/launch
[1.673s] -- Up-to-date: /home/dfolse/repos/SPIDER/SPIDER_ws/install/spider_description/share/spider_description/launch/display.launch.py
[1.673s] -- Up-to-date: /home/dfolse/repos/SPIDER/SPIDER_ws/install/spider_description/share/spider_description/rviz
[1.673s] -- Up-to-date: /home/dfolse/repos/SPIDER/SPIDER_ws/install/spider_description/share/spider_description/rviz/urdf_config.rviz
[1.674s] -- Up-to-date: /home/dfolse/repos/SPIDER/SPIDER_ws/install/spider_description/share/spider_description/meshes
[1.674s] -- Up-to-date: /home/dfolse/repos/SPIDER/SPIDER_ws/install/spider_description/share/spider_description/meshes/r4u_link.STL
[1.674s] -- Up-to-date: /home/dfolse/repos/SPIDER/SPIDER_ws/install/spider_description/share/spider_description/meshes/r2u_link.STL
[1.674s] -- Up-to-date: /home/dfolse/repos/SPIDER/SPIDER_ws/install/spider_description/share/spider_description/meshes/l1u_link.STL
[1.674s] -- Up-to-date: /home/dfolse/repos/SPIDER/SPIDER_ws/install/spider_description/share/spider_description/meshes/r1l_link.STL
[1.675s] -- Up-to-date: /home/dfolse/repos/SPIDER/SPIDER_ws/install/spider_description/share/spider_description/meshes/l2u_link.STL
[1.675s] -- Up-to-date: /home/dfolse/repos/SPIDER/SPIDER_ws/install/spider_description/share/spider_description/meshes/r3m_link.STL
[1.675s] -- Up-to-date: /home/dfolse/repos/SPIDER/SPIDER_ws/install/spider_description/share/spider_description/meshes/r2l_link.STL
[1.675s] -- Up-to-date: /home/dfolse/repos/SPIDER/SPIDER_ws/install/spider_description/share/spider_description/meshes/r2m_link.STL
[1.675s] -- Up-to-date: /home/dfolse/repos/SPIDER/SPIDER_ws/install/spider_description/share/spider_description/meshes/l3l_link.STL
[1.675s] -- Up-to-date: /home/dfolse/repos/SPIDER/SPIDER_ws/install/spider_description/share/spider_description/meshes/r3l_link.STL
[1.675s] -- Up-to-date: /home/dfolse/repos/SPIDER/SPIDER_ws/install/spider_description/share/spider_description/meshes/base_link.STL
[1.676s] -- Up-to-date: /home/dfolse/repos/SPIDER/SPIDER_ws/install/spider_description/share/spider_description/meshes/l1m_link.STL
[1.676s] -- Up-to-date: /home/dfolse/repos/SPIDER/SPIDER_ws/install/spider_description/share/spider_description/meshes/r3u_link.STL
[1.676s] -- Up-to-date: /home/dfolse/repos/SPIDER/SPIDER_ws/install/spider_description/share/spider_description/meshes/l2m_link.STL
[1.676s] -- Up-to-date: /home/dfolse/repos/SPIDER/SPIDER_ws/install/spider_description/share/spider_description/meshes/l4u_link.STL
[1.676s] -- Up-to-date: /home/dfolse/repos/SPIDER/SPIDER_ws/install/spider_description/share/spider_description/meshes/r1m_link.STL
[1.676s] -- Up-to-date: /home/dfolse/repos/SPIDER/SPIDER_ws/install/spider_description/share/spider_description/meshes/r4m_link.STL
[1.676s] -- Up-to-date: /home/dfolse/repos/SPIDER/SPIDER_ws/install/spider_description/share/spider_description/meshes/r4l_link.STL
[1.677s] -- Up-to-date: /home/dfolse/repos/SPIDER/SPIDER_ws/install/spider_description/share/spider_description/meshes/l4l_link.STL
[1.677s] -- Up-to-date: /home/dfolse/repos/SPIDER/SPIDER_ws/install/spider_description/share/spider_description/meshes/r1u_link.STL
[1.677s] -- Up-to-date: /home/dfolse/repos/SPIDER/SPIDER_ws/install/spider_description/share/spider_description/meshes/l1l_link.STL
[1.677s] -- Up-to-date: /home/dfolse/repos/SPIDER/SPIDER_ws/install/spider_description/share/spider_description/meshes/l3m_link.STL
[1.677s] -- Up-to-date: /home/dfolse/repos/SPIDER/SPIDER_ws/install/spider_description/share/spider_description/meshes/l4m_link.STL
[1.677s] -- Up-to-date: /home/dfolse/repos/SPIDER/SPIDER_ws/install/spider_description/share/spider_description/meshes/l3u_link.STL
[1.677s] -- Up-to-date: /home/dfolse/repos/SPIDER/SPIDER_ws/install/spider_description/share/spider_description/meshes/l2l_link.STL
[1.678s] -- Up-to-date: /home/dfolse/repos/SPIDER/SPIDER_ws/install/spider_description/share/ament_index/resource_index/package_run_dependencies/spider_description
[1.678s] -- Up-to-date: /home/dfolse/repos/SPIDER/SPIDER_ws/install/spider_description/share/ament_index/resource_index/parent_prefix_path/spider_description
[1.690s] -- Up-to-date: /home/dfolse/repos/SPIDER/SPIDER_ws/install/spider_description/share/spider_description/environment/ament_prefix_path.sh
[1.690s] -- Up-to-date: /home/dfolse/repos/SPIDER/SPIDER_ws/install/spider_description/share/spider_description/environment/ament_prefix_path.dsv
[1.696s] -- Up-to-date: /home/dfolse/repos/SPIDER/SPIDER_ws/install/spider_description/share/spider_description/environment/path.sh
[1.696s] -- Up-to-date: /home/dfolse/repos/SPIDER/SPIDER_ws/install/spider_description/share/spider_description/environment/path.dsv
[1.696s] -- Up-to-date: /home/dfolse/repos/SPIDER/SPIDER_ws/install/spider_description/share/spider_description/local_setup.bash
[1.696s] -- Up-to-date: /home/dfolse/repos/SPIDER/SPIDER_ws/install/spider_description/share/spider_description/local_setup.sh
[1.697s] -- Up-to-date: /home/dfolse/repos/SPIDER/SPIDER_ws/install/spider_description/share/spider_description/local_setup.zsh
[1.697s] -- Up-to-date: /home/dfolse/repos/SPIDER/SPIDER_ws/install/spider_description/share/spider_description/local_setup.dsv
[1.697s] -- Installing: /home/dfolse/repos/SPIDER/SPIDER_ws/install/spider_description/share/spider_description/package.dsv
[1.697s] -- Up-to-date: /home/dfolse/repos/SPIDER/SPIDER_ws/install/spider_description/share/ament_index/resource_index/packages/spider_description
[1.697s] -- Up-to-date: /home/dfolse/repos/SPIDER/SPIDER_ws/install/spider_description/share/spider_description/cmake/spider_descriptionConfig.cmake
[1.697s] -- Up-to-date: /home/dfolse/repos/SPIDER/SPIDER_ws/install/spider_description/share/spider_description/cmake/spider_descriptionConfig-version.cmake
[1.698s] -- Up-to-date: /home/dfolse/repos/SPIDER/SPIDER_ws/install/spider_description/share/spider_description/package.xml
[1.699s] Invoked command in '/home/dfolse/repos/SPIDER/SPIDER_ws/build/spider_description' returned '0': CMAKE_PREFIX_PATH=${CMAKE_PREFIX_PATH}:/home/dfolse/repos/SPIDER/SPIDER_ws/install/spider_nav:/home/dfolse/repos/SPIDER/SPIDER_ws/install/locomotion:/home/dfolse/repos/SPIDER/SPIDER_ws/install/oak_d_lite:/home/dfolse/repos/SPIDER/SPIDER_ws/install/nav2_gps_waypoint_follower_demo:/home/dfolse/repos/SPIDER/SPIDER_ws/install/data_transfer:/opt/ros/foxy NX_CONNECTION=192.168.1.26 56425 192.168.1.53 4000 /usr/bin/cmake --install /home/dfolse/repos/SPIDER/SPIDER_ws/build/spider_description
