[0.053s] Invoking command in '/home/dfolse/repos/SPIDER/SPIDER_ws/build/spider_description': CMAKE_PREFIX_PATH=${CMAKE_PREFIX_PATH}:/home/dfolse/repos/SPIDER/SPIDER_ws/install/data_transfer:/home/dfolse/repos/SPIDER/SPIDER_ws/install/spider_nav:/home/dfolse/repos/SPIDER/SPIDER_ws/install/locomotion:/home/dfolse/repos/SPIDER/SPIDER_ws/install/oak_d_lite:/home/dfolse/repos/SPIDER/SPIDER_ws/install/nav2_gps_waypoint_follower_demo:/opt/ros/foxy NX_CONNECTION=192.168.1.26 51414 192.168.1.53 4000 /usr/bin/cmake --build /home/dfolse/repos/SPIDER/SPIDER_ws/build/spider_description -- -j6 -l6
[0.170s] Invoked command in '/home/dfolse/repos/SPIDER/SPIDER_ws/build/spider_description' returned '0': CMAKE_PREFIX_PATH=${CMAKE_PREFIX_PATH}:/home/dfolse/repos/SPIDER/SPIDER_ws/install/data_transfer:/home/dfolse/repos/SPIDER/SPIDER_ws/install/spider_nav:/home/dfolse/repos/SPIDER/SPIDER_ws/install/locomotion:/home/dfolse/repos/SPIDER/SPIDER_ws/install/oak_d_lite:/home/dfolse/repos/SPIDER/SPIDER_ws/install/nav2_gps_waypoint_follower_demo:/opt/ros/foxy NX_CONNECTION=192.168.1.26 51414 192.168.1.53 4000 /usr/bin/cmake --build /home/dfolse/repos/SPIDER/SPIDER_ws/build/spider_description -- -j6 -l6
[0.305s] Invoking command in '/home/dfolse/repos/SPIDER/SPIDER_ws/build/spider_description': CMAKE_PREFIX_PATH=${CMAKE_PREFIX_PATH}:/home/dfolse/repos/SPIDER/SPIDER_ws/install/data_transfer:/home/dfolse/repos/SPIDER/SPIDER_ws/install/spider_nav:/home/dfolse/repos/SPIDER/SPIDER_ws/install/locomotion:/home/dfolse/repos/SPIDER/SPIDER_ws/install/oak_d_lite:/home/dfolse/repos/SPIDER/SPIDER_ws/install/nav2_gps_waypoint_follower_demo:/opt/ros/foxy NX_CONNECTION=192.168.1.26 51414 192.168.1.53 4000 /usr/bin/cmake --install /home/dfolse/repos/SPIDER/SPIDER_ws/build/spider_description
[0.332s] -- Install configuration: ""
[0.332s] -- Up-to-date: /home/dfolse/repos/SPIDER/SPIDER_ws/install/spider_description/share/spider_description/src
[0.333s] -- Up-to-date: /home/dfolse/repos/SPIDER/SPIDER_ws/install/spider_description/share/spider_description/src/description
[0.333s] -- Up-to-date: /home/dfolse/repos/SPIDER/SPIDER_ws/install/spider_description/share/spider_description/src/description/spider_description.csv
[0.334s] -- Up-to-date: /home/dfolse/repos/SPIDER/SPIDER_ws/install/spider_description/share/spider_description/src/description/spider_description.urdf
[0.334s] -- Up-to-date: /home/dfolse/repos/SPIDER/SPIDER_ws/install/spider_description/share/spider_description/launch
[0.334s] -- Up-to-date: /home/dfolse/repos/SPIDER/SPIDER_ws/install/spider_description/share/spider_description/launch/display.launch.py
[0.334s] -- Up-to-date: /home/dfolse/repos/SPIDER/SPIDER_ws/install/spider_description/share/spider_description/rviz
[0.334s] -- Up-to-date: /home/dfolse/repos/SPIDER/SPIDER_ws/install/spider_description/share/spider_description/rviz/urdf_config.rviz
[0.335s] -- Up-to-date: /home/dfolse/repos/SPIDER/SPIDER_ws/install/spider_description/share/spider_description/meshes
[0.335s] -- Up-to-date: /home/dfolse/repos/SPIDER/SPIDER_ws/install/spider_description/share/spider_description/meshes/r4u_link.STL
[0.335s] -- Up-to-date: /home/dfolse/repos/SPIDER/SPIDER_ws/install/spider_description/share/spider_description/meshes/r2u_link.STL
[0.335s] -- Up-to-date: /home/dfolse/repos/SPIDER/SPIDER_ws/install/spider_description/share/spider_description/meshes/l1u_link.STL
[0.336s] -- Up-to-date: /home/dfolse/repos/SPIDER/SPIDER_ws/install/spider_description/share/spider_description/meshes/r1l_link.STL
[0.336s] -- Up-to-date: /home/dfolse/repos/SPIDER/SPIDER_ws/install/spider_description/share/spider_description/meshes/l2u_link.STL
[0.336s] -- Up-to-date: /home/dfolse/repos/SPIDER/SPIDER_ws/install/spider_description/share/spider_description/meshes/r3m_link.STL
[0.336s] -- Up-to-date: /home/dfolse/repos/SPIDER/SPIDER_ws/install/spider_description/share/spider_description/meshes/r2l_link.STL
[0.336s] -- Up-to-date: /home/dfolse/repos/SPIDER/SPIDER_ws/install/spider_description/share/spider_description/meshes/r2m_link.STL
[0.336s] -- Up-to-date: /home/dfolse/repos/SPIDER/SPIDER_ws/install/spider_description/share/spider_description/meshes/l3l_link.STL
[0.336s] -- Up-to-date: /home/dfolse/repos/SPIDER/SPIDER_ws/install/spider_description/share/spider_description/meshes/r3l_link.STL
[0.336s] -- Up-to-date: /home/dfolse/repos/SPIDER/SPIDER_ws/install/spider_description/share/spider_description/meshes/base_link.STL
[0.337s] -- Up-to-date: /home/dfolse/repos/SPIDER/SPIDER_ws/install/spider_description/share/spider_description/meshes/l1m_link.STL
[0.337s] -- Up-to-date: /home/dfolse/repos/SPIDER/SPIDER_ws/install/spider_description/share/spider_description/meshes/r3u_link.STL
[0.337s] -- Up-to-date: /home/dfolse/repos/SPIDER/SPIDER_ws/install/spider_description/share/spider_description/meshes/l2m_link.STL
[0.337s] -- Up-to-date: /home/dfolse/repos/SPIDER/SPIDER_ws/install/spider_description/share/spider_description/meshes/l4u_link.STL
[0.337s] -- Up-to-date: /home/dfolse/repos/SPIDER/SPIDER_ws/install/spider_description/share/spider_description/meshes/r1m_link.STL
[0.337s] -- Up-to-date: /home/dfolse/repos/SPIDER/SPIDER_ws/install/spider_description/share/spider_description/meshes/r4m_link.STL
[0.337s] -- Up-to-date: /home/dfolse/repos/SPIDER/SPIDER_ws/install/spider_description/share/spider_description/meshes/r4l_link.STL
[0.337s] -- Up-to-date: /home/dfolse/repos/SPIDER/SPIDER_ws/install/spider_description/share/spider_description/meshes/l4l_link.STL
[0.337s] -- Up-to-date: /home/dfolse/repos/SPIDER/SPIDER_ws/install/spider_description/share/spider_description/meshes/r1u_link.STL
[0.338s] -- Up-to-date: /home/dfolse/repos/SPIDER/SPIDER_ws/install/spider_description/share/spider_description/meshes/l1l_link.STL
[0.338s] -- Up-to-date: /home/dfolse/repos/SPIDER/SPIDER_ws/install/spider_description/share/spider_description/meshes/l3m_link.STL
[0.338s] -- Up-to-date: /home/dfolse/repos/SPIDER/SPIDER_ws/install/spider_description/share/spider_description/meshes/l4m_link.STL
[0.338s] -- Up-to-date: /home/dfolse/repos/SPIDER/SPIDER_ws/install/spider_description/share/spider_description/meshes/l3u_link.STL
[0.338s] -- Up-to-date: /home/dfolse/repos/SPIDER/SPIDER_ws/install/spider_description/share/spider_description/meshes/l2l_link.STL
[0.338s] -- Up-to-date: /home/dfolse/repos/SPIDER/SPIDER_ws/install/spider_description/share/ament_index/resource_index/package_run_dependencies/spider_description
[0.338s] -- Up-to-date: /home/dfolse/repos/SPIDER/SPIDER_ws/install/spider_description/share/ament_index/resource_index/parent_prefix_path/spider_description
[0.338s] -- Up-to-date: /home/dfolse/repos/SPIDER/SPIDER_ws/install/spider_description/share/spider_description/environment/ament_prefix_path.sh
[0.339s] -- Up-to-date: /home/dfolse/repos/SPIDER/SPIDER_ws/install/spider_description/share/spider_description/environment/ament_prefix_path.dsv
[0.339s] -- Up-to-date: /home/dfolse/repos/SPIDER/SPIDER_ws/install/spider_description/share/spider_description/environment/path.sh
[0.339s] -- Up-to-date: /home/dfolse/repos/SPIDER/SPIDER_ws/install/spider_description/share/spider_description/environment/path.dsv
[0.339s] -- Up-to-date: /home/dfolse/repos/SPIDER/SPIDER_ws/install/spider_description/share/spider_description/local_setup.bash
[0.339s] -- Up-to-date: /home/dfolse/repos/SPIDER/SPIDER_ws/install/spider_description/share/spider_description/local_setup.sh
[0.339s] -- Up-to-date: /home/dfolse/repos/SPIDER/SPIDER_ws/install/spider_description/share/spider_description/local_setup.zsh
[0.339s] -- Up-to-date: /home/dfolse/repos/SPIDER/SPIDER_ws/install/spider_description/share/spider_description/local_setup.dsv
[0.340s] -- Installing: /home/dfolse/repos/SPIDER/SPIDER_ws/install/spider_description/share/spider_description/package.dsv
[0.341s] -- Up-to-date: /home/dfolse/repos/SPIDER/SPIDER_ws/install/spider_description/share/ament_index/resource_index/packages/spider_description
[0.343s] -- Up-to-date: /home/dfolse/repos/SPIDER/SPIDER_ws/install/spider_description/share/spider_description/cmake/spider_descriptionConfig.cmake
[0.343s] -- Up-to-date: /home/dfolse/repos/SPIDER/SPIDER_ws/install/spider_description/share/spider_description/cmake/spider_descriptionConfig-version.cmake
[0.343s] -- Up-to-date: /home/dfolse/repos/SPIDER/SPIDER_ws/install/spider_description/share/spider_description/package.xml
[0.344s] Invoked command in '/home/dfolse/repos/SPIDER/SPIDER_ws/build/spider_description' returned '0': CMAKE_PREFIX_PATH=${CMAKE_PREFIX_PATH}:/home/dfolse/repos/SPIDER/SPIDER_ws/install/data_transfer:/home/dfolse/repos/SPIDER/SPIDER_ws/install/spider_nav:/home/dfolse/repos/SPIDER/SPIDER_ws/install/locomotion:/home/dfolse/repos/SPIDER/SPIDER_ws/install/oak_d_lite:/home/dfolse/repos/SPIDER/SPIDER_ws/install/nav2_gps_waypoint_follower_demo:/opt/ros/foxy NX_CONNECTION=192.168.1.26 51414 192.168.1.53 4000 /usr/bin/cmake --install /home/dfolse/repos/SPIDER/SPIDER_ws/build/spider_description
