[1.628s] Invoking command in '/home/dfolse/repos/SPIDER/SPIDER_ws/build/nav_2d_msgs': CMAKE_PREFIX_PATH=/opt/ros/foxy NX_CONNECTION=192.168.1.26 58481 192.168.1.53 4000 /usr/bin/cmake --build /home/dfolse/repos/SPIDER/SPIDER_ws/build/nav_2d_msgs -- -j6 -l6
[2.535s] [  1%] Built target nav_2d_msgs__cpp
[2.536s] [ 12%] Built target nav_2d_msgs__rosidl_generator_c
[2.536s] [ 23%] Built target nav_2d_msgs__rosidl_typesupport_cpp
[2.537s] [ 35%] Built target nav_2d_msgs__rosidl_typesupport_introspection_cpp
[2.538s] [ 46%] Built target nav_2d_msgs__rosidl_typesupport_fastrtps_cpp
[2.538s] [ 63%] Built target nav_2d_msgs__rosidl_typesupport_c
[2.542s] [ 69%] Built target nav_2d_msgs__rosidl_typesupport_introspection_c
[2.542s] [ 80%] Built target nav_2d_msgs__rosidl_typesupport_fastrtps_c
[2.543s] [ 80%] Built target nav_2d_msgs
[2.543s] [ 81%] Built target nav_2d_msgs__py
[2.543s] [ 91%] Built target nav_2d_msgs__python
[2.543s] [ 94%] Built target nav_2d_msgs__rosidl_typesupport_introspection_c__pyext
[2.543s] [ 97%] Built target nav_2d_msgs__rosidl_typesupport_fastrtps_c__pyext
[2.543s] [100%] Built target nav_2d_msgs__rosidl_typesupport_c__pyext
[2.560s] Invoked command in '/home/dfolse/repos/SPIDER/SPIDER_ws/build/nav_2d_msgs' returned '0': CMAKE_PREFIX_PATH=/opt/ros/foxy NX_CONNECTION=192.168.1.26 58481 192.168.1.53 4000 /usr/bin/cmake --build /home/dfolse/repos/SPIDER/SPIDER_ws/build/nav_2d_msgs -- -j6 -l6
[3.486s] Invoking command in '/home/dfolse/repos/SPIDER/SPIDER_ws/build/nav_2d_msgs': CMAKE_PREFIX_PATH=/opt/ros/foxy NX_CONNECTION=192.168.1.26 58481 192.168.1.53 4000 /usr/bin/cmake --install /home/dfolse/repos/SPIDER/SPIDER_ws/build/nav_2d_msgs
[3.527s] -- Install configuration: ""
[3.527s] -- Up-to-date: /home/dfolse/repos/SPIDER/SPIDER_ws/install/nav_2d_msgs/share/ament_index/resource_index/rosidl_interfaces/nav_2d_msgs
[3.527s] -- Up-to-date: /home/dfolse/repos/SPIDER/SPIDER_ws/install/nav_2d_msgs/include/nav_2d_msgs
[3.527s] -- Up-to-date: /home/dfolse/repos/SPIDER/SPIDER_ws/install/nav_2d_msgs/include/nav_2d_msgs/msg
[3.527s] -- Up-to-date: /home/dfolse/repos/SPIDER/SPIDER_ws/install/nav_2d_msgs/include/nav_2d_msgs/msg/twist2_d.h
[3.527s] -- Up-to-date: /home/dfolse/repos/SPIDER/SPIDER_ws/install/nav_2d_msgs/include/nav_2d_msgs/msg/path2_d.h
[3.527s] -- Up-to-date: /home/dfolse/repos/SPIDER/SPIDER_ws/install/nav_2d_msgs/include/nav_2d_msgs/msg/twist2_d32.h
[3.528s] -- Up-to-date: /home/dfolse/repos/SPIDER/SPIDER_ws/install/nav_2d_msgs/include/nav_2d_msgs/msg/twist2_d_stamped.h
[3.528s] -- Up-to-date: /home/dfolse/repos/SPIDER/SPIDER_ws/install/nav_2d_msgs/include/nav_2d_msgs/msg/detail
[3.528s] -- Up-to-date: /home/dfolse/repos/SPIDER/SPIDER_ws/install/nav_2d_msgs/include/nav_2d_msgs/msg/detail/twist2_d__functions.h
[3.528s] -- Up-to-date: /home/dfolse/repos/SPIDER/SPIDER_ws/install/nav_2d_msgs/include/nav_2d_msgs/msg/detail/twist2_d_stamped__type_support.h
[3.528s] -- Up-to-date: /home/dfolse/repos/SPIDER/SPIDER_ws/install/nav_2d_msgs/include/nav_2d_msgs/msg/detail/twist2_d32__functions.c
[3.528s] -- Up-to-date: /home/dfolse/repos/SPIDER/SPIDER_ws/install/nav_2d_msgs/include/nav_2d_msgs/msg/detail/pose2_d32__functions.h
[3.528s] -- Up-to-date: /home/dfolse/repos/SPIDER/SPIDER_ws/install/nav_2d_msgs/include/nav_2d_msgs/msg/detail/pose2_d_stamped__struct.h
[3.528s] -- Up-to-date: /home/dfolse/repos/SPIDER/SPIDER_ws/install/nav_2d_msgs/include/nav_2d_msgs/msg/detail/path2_d__type_support.h
[3.529s] -- Up-to-date: /home/dfolse/repos/SPIDER/SPIDER_ws/install/nav_2d_msgs/include/nav_2d_msgs/msg/detail/twist2_d__functions.c
[3.529s] -- Up-to-date: /home/dfolse/repos/SPIDER/SPIDER_ws/install/nav_2d_msgs/include/nav_2d_msgs/msg/detail/path2_d__functions.h
[3.529s] -- Up-to-date: /home/dfolse/repos/SPIDER/SPIDER_ws/install/nav_2d_msgs/include/nav_2d_msgs/msg/detail/path2_d__struct.h
[3.529s] -- Up-to-date: /home/dfolse/repos/SPIDER/SPIDER_ws/install/nav_2d_msgs/include/nav_2d_msgs/msg/detail/twist2_d32__type_support.h
[3.529s] -- Up-to-date: /home/dfolse/repos/SPIDER/SPIDER_ws/install/nav_2d_msgs/include/nav_2d_msgs/msg/detail/pose2_d32__type_support.h
[3.529s] -- Up-to-date: /home/dfolse/repos/SPIDER/SPIDER_ws/install/nav_2d_msgs/include/nav_2d_msgs/msg/detail/pose2_d32__functions.c
[3.529s] -- Up-to-date: /home/dfolse/repos/SPIDER/SPIDER_ws/install/nav_2d_msgs/include/nav_2d_msgs/msg/detail/twist2_d32__functions.h
[3.529s] -- Up-to-date: /home/dfolse/repos/SPIDER/SPIDER_ws/install/nav_2d_msgs/include/nav_2d_msgs/msg/detail/twist2_d32__struct.h
[3.530s] -- Up-to-date: /home/dfolse/repos/SPIDER/SPIDER_ws/install/nav_2d_msgs/include/nav_2d_msgs/msg/detail/pose2_d_stamped__type_support.h
[3.530s] -- Up-to-date: /home/dfolse/repos/SPIDER/SPIDER_ws/install/nav_2d_msgs/include/nav_2d_msgs/msg/detail/twist2_d__type_support.h
[3.530s] -- Up-to-date: /home/dfolse/repos/SPIDER/SPIDER_ws/install/nav_2d_msgs/include/nav_2d_msgs/msg/detail/pose2_d_stamped__functions.h
[3.532s] -- Up-to-date: /home/dfolse/repos/SPIDER/SPIDER_ws/install/nav_2d_msgs/include/nav_2d_msgs/msg/detail/path2_d__functions.c
[3.532s] -- Up-to-date: /home/dfolse/repos/SPIDER/SPIDER_ws/install/nav_2d_msgs/include/nav_2d_msgs/msg/detail/twist2_d_stamped__functions.c
[3.532s] -- Up-to-date: /home/dfolse/repos/SPIDER/SPIDER_ws/install/nav_2d_msgs/include/nav_2d_msgs/msg/detail/twist2_d_stamped__struct.h
[3.532s] -- Up-to-date: /home/dfolse/repos/SPIDER/SPIDER_ws/install/nav_2d_msgs/include/nav_2d_msgs/msg/detail/pose2_d_stamped__functions.c
[3.532s] -- Up-to-date: /home/dfolse/repos/SPIDER/SPIDER_ws/install/nav_2d_msgs/include/nav_2d_msgs/msg/detail/twist2_d__struct.h
[3.533s] -- Up-to-date: /home/dfolse/repos/SPIDER/SPIDER_ws/install/nav_2d_msgs/include/nav_2d_msgs/msg/detail/twist2_d_stamped__functions.h
[3.533s] -- Up-to-date: /home/dfolse/repos/SPIDER/SPIDER_ws/install/nav_2d_msgs/include/nav_2d_msgs/msg/detail/pose2_d32__struct.h
[3.533s] -- Up-to-date: /home/dfolse/repos/SPIDER/SPIDER_ws/install/nav_2d_msgs/include/nav_2d_msgs/msg/pose2_d32.h
[3.533s] -- Up-to-date: /home/dfolse/repos/SPIDER/SPIDER_ws/install/nav_2d_msgs/include/nav_2d_msgs/msg/pose2_d_stamped.h
[3.533s] -- Up-to-date: /home/dfolse/repos/SPIDER/SPIDER_ws/install/nav_2d_msgs/include/nav_2d_msgs/msg/rosidl_generator_c__visibility_control.h
[3.533s] -- Up-to-date: /home/dfolse/repos/SPIDER/SPIDER_ws/install/nav_2d_msgs/share/nav_2d_msgs/environment/library_path.sh
[3.534s] -- Up-to-date: /home/dfolse/repos/SPIDER/SPIDER_ws/install/nav_2d_msgs/share/nav_2d_msgs/environment/library_path.dsv
[3.534s] -- Up-to-date: /home/dfolse/repos/SPIDER/SPIDER_ws/install/nav_2d_msgs/lib/libnav_2d_msgs__rosidl_generator_c.so
[3.534s] -- Up-to-date: /home/dfolse/repos/SPIDER/SPIDER_ws/install/nav_2d_msgs/include/nav_2d_msgs
[3.534s] -- Up-to-date: /home/dfolse/repos/SPIDER/SPIDER_ws/install/nav_2d_msgs/include/nav_2d_msgs/msg
[3.534s] -- Up-to-date: /home/dfolse/repos/SPIDER/SPIDER_ws/install/nav_2d_msgs/include/nav_2d_msgs/msg/rosidl_typesupport_fastrtps_c__visibility_control.h
[3.534s] -- Up-to-date: /home/dfolse/repos/SPIDER/SPIDER_ws/install/nav_2d_msgs/include/nav_2d_msgs/msg/detail
[3.535s] -- Up-to-date: /home/dfolse/repos/SPIDER/SPIDER_ws/install/nav_2d_msgs/include/nav_2d_msgs/msg/detail/twist2_d_stamped__rosidl_typesupport_fastrtps_c.h
[3.535s] -- Up-to-date: /home/dfolse/repos/SPIDER/SPIDER_ws/install/nav_2d_msgs/include/nav_2d_msgs/msg/detail/twist2_d32__rosidl_typesupport_fastrtps_c.h
[3.535s] -- Up-to-date: /home/dfolse/repos/SPIDER/SPIDER_ws/install/nav_2d_msgs/include/nav_2d_msgs/msg/detail/pose2_d32__rosidl_typesupport_fastrtps_c.h
[3.535s] -- Up-to-date: /home/dfolse/repos/SPIDER/SPIDER_ws/install/nav_2d_msgs/include/nav_2d_msgs/msg/detail/pose2_d_stamped__rosidl_typesupport_fastrtps_c.h
[3.535s] -- Up-to-date: /home/dfolse/repos/SPIDER/SPIDER_ws/install/nav_2d_msgs/include/nav_2d_msgs/msg/detail/path2_d__rosidl_typesupport_fastrtps_c.h
[3.535s] -- Up-to-date: /home/dfolse/repos/SPIDER/SPIDER_ws/install/nav_2d_msgs/include/nav_2d_msgs/msg/detail/twist2_d__rosidl_typesupport_fastrtps_c.h
[3.535s] -- Up-to-date: /home/dfolse/repos/SPIDER/SPIDER_ws/install/nav_2d_msgs/lib/libnav_2d_msgs__rosidl_typesupport_fastrtps_c.so
[3.535s] -- Up-to-date: /home/dfolse/repos/SPIDER/SPIDER_ws/install/nav_2d_msgs/include/nav_2d_msgs
[3.536s] -- Up-to-date: /home/dfolse/repos/SPIDER/SPIDER_ws/install/nav_2d_msgs/include/nav_2d_msgs/msg
[3.536s] -- Up-to-date: /home/dfolse/repos/SPIDER/SPIDER_ws/install/nav_2d_msgs/include/nav_2d_msgs/msg/detail
[3.536s] -- Up-to-date: /home/dfolse/repos/SPIDER/SPIDER_ws/install/nav_2d_msgs/include/nav_2d_msgs/msg/detail/path2_d__rosidl_typesupport_fastrtps_cpp.hpp
[3.536s] -- Up-to-date: /home/dfolse/repos/SPIDER/SPIDER_ws/install/nav_2d_msgs/include/nav_2d_msgs/msg/detail/pose2_d_stamped__rosidl_typesupport_fastrtps_cpp.hpp
[3.536s] -- Up-to-date: /home/dfolse/repos/SPIDER/SPIDER_ws/install/nav_2d_msgs/include/nav_2d_msgs/msg/detail/twist2_d_stamped__rosidl_typesupport_fastrtps_cpp.hpp
[3.536s] -- Up-to-date: /home/dfolse/repos/SPIDER/SPIDER_ws/install/nav_2d_msgs/include/nav_2d_msgs/msg/detail/twist2_d__rosidl_typesupport_fastrtps_cpp.hpp
[3.537s] -- Up-to-date: /home/dfolse/repos/SPIDER/SPIDER_ws/install/nav_2d_msgs/include/nav_2d_msgs/msg/detail/dds_fastrtps
[3.537s] -- Up-to-date: /home/dfolse/repos/SPIDER/SPIDER_ws/install/nav_2d_msgs/include/nav_2d_msgs/msg/detail/twist2_d32__rosidl_typesupport_fastrtps_cpp.hpp
[3.537s] -- Up-to-date: /home/dfolse/repos/SPIDER/SPIDER_ws/install/nav_2d_msgs/include/nav_2d_msgs/msg/detail/pose2_d32__rosidl_typesupport_fastrtps_cpp.hpp
[3.537s] -- Up-to-date: /home/dfolse/repos/SPIDER/SPIDER_ws/install/nav_2d_msgs/include/nav_2d_msgs/msg/rosidl_typesupport_fastrtps_cpp__visibility_control.h
[3.537s] -- Up-to-date: /home/dfolse/repos/SPIDER/SPIDER_ws/install/nav_2d_msgs/lib/libnav_2d_msgs__rosidl_typesupport_fastrtps_cpp.so
[3.537s] -- Up-to-date: /home/dfolse/repos/SPIDER/SPIDER_ws/install/nav_2d_msgs/include/nav_2d_msgs
[3.538s] -- Up-to-date: /home/dfolse/repos/SPIDER/SPIDER_ws/install/nav_2d_msgs/include/nav_2d_msgs/msg
[3.538s] -- Up-to-date: /home/dfolse/repos/SPIDER/SPIDER_ws/install/nav_2d_msgs/include/nav_2d_msgs/msg/detail
[3.538s] -- Up-to-date: /home/dfolse/repos/SPIDER/SPIDER_ws/install/nav_2d_msgs/include/nav_2d_msgs/msg/detail/twist2_d32__type_support.c
[3.539s] -- Up-to-date: /home/dfolse/repos/SPIDER/SPIDER_ws/install/nav_2d_msgs/include/nav_2d_msgs/msg/detail/pose2_d_stamped__type_support.c
[3.539s] -- Up-to-date: /home/dfolse/repos/SPIDER/SPIDER_ws/install/nav_2d_msgs/include/nav_2d_msgs/msg/detail/twist2_d_stamped__rosidl_typesupport_introspection_c.h
[3.539s] -- Up-to-date: /home/dfolse/repos/SPIDER/SPIDER_ws/install/nav_2d_msgs/include/nav_2d_msgs/msg/detail/path2_d__type_support.c
[3.539s] -- Up-to-date: /home/dfolse/repos/SPIDER/SPIDER_ws/install/nav_2d_msgs/include/nav_2d_msgs/msg/detail/path2_d__rosidl_typesupport_introspection_c.h
[3.539s] -- Up-to-date: /home/dfolse/repos/SPIDER/SPIDER_ws/install/nav_2d_msgs/include/nav_2d_msgs/msg/detail/twist2_d__rosidl_typesupport_introspection_c.h
[3.540s] -- Up-to-date: /home/dfolse/repos/SPIDER/SPIDER_ws/install/nav_2d_msgs/include/nav_2d_msgs/msg/detail/pose2_d_stamped__rosidl_typesupport_introspection_c.h
[3.540s] -- Up-to-date: /home/dfolse/repos/SPIDER/SPIDER_ws/install/nav_2d_msgs/include/nav_2d_msgs/msg/detail/pose2_d32__type_support.c
[3.540s] -- Up-to-date: /home/dfolse/repos/SPIDER/SPIDER_ws/install/nav_2d_msgs/include/nav_2d_msgs/msg/detail/twist2_d32__rosidl_typesupport_introspection_c.h
[3.540s] -- Up-to-date: /home/dfolse/repos/SPIDER/SPIDER_ws/install/nav_2d_msgs/include/nav_2d_msgs/msg/detail/pose2_d32__rosidl_typesupport_introspection_c.h
[3.540s] -- Up-to-date: /home/dfolse/repos/SPIDER/SPIDER_ws/install/nav_2d_msgs/include/nav_2d_msgs/msg/detail/twist2_d_stamped__type_support.c
[3.540s] -- Up-to-date: /home/dfolse/repos/SPIDER/SPIDER_ws/install/nav_2d_msgs/include/nav_2d_msgs/msg/detail/twist2_d__type_support.c
[3.540s] -- Up-to-date: /home/dfolse/repos/SPIDER/SPIDER_ws/install/nav_2d_msgs/include/nav_2d_msgs/msg/rosidl_typesupport_introspection_c__visibility_control.h
[3.540s] -- Up-to-date: /home/dfolse/repos/SPIDER/SPIDER_ws/install/nav_2d_msgs/lib/libnav_2d_msgs__rosidl_typesupport_introspection_c.so
[3.541s] -- Up-to-date: /home/dfolse/repos/SPIDER/SPIDER_ws/install/nav_2d_msgs/lib/libnav_2d_msgs__rosidl_typesupport_c.so
[3.541s] -- Up-to-date: /home/dfolse/repos/SPIDER/SPIDER_ws/install/nav_2d_msgs/include/nav_2d_msgs
[3.541s] -- Up-to-date: /home/dfolse/repos/SPIDER/SPIDER_ws/install/nav_2d_msgs/include/nav_2d_msgs/msg
[3.541s] -- Up-to-date: /home/dfolse/repos/SPIDER/SPIDER_ws/install/nav_2d_msgs/include/nav_2d_msgs/msg/twist2_d.hpp
[3.541s] -- Up-to-date: /home/dfolse/repos/SPIDER/SPIDER_ws/install/nav_2d_msgs/include/nav_2d_msgs/msg/twist2_d32.hpp
[3.542s] -- Up-to-date: /home/dfolse/repos/SPIDER/SPIDER_ws/install/nav_2d_msgs/include/nav_2d_msgs/msg/path2_d.hpp
[3.543s] -- Up-to-date: /home/dfolse/repos/SPIDER/SPIDER_ws/install/nav_2d_msgs/include/nav_2d_msgs/msg/rosidl_generator_cpp__visibility_control.hpp
[3.543s] -- Up-to-date: /home/dfolse/repos/SPIDER/SPIDER_ws/install/nav_2d_msgs/include/nav_2d_msgs/msg/detail
[3.543s] -- Up-to-date: /home/dfolse/repos/SPIDER/SPIDER_ws/install/nav_2d_msgs/include/nav_2d_msgs/msg/detail/twist2_d_stamped__struct.hpp
[3.543s] -- Up-to-date: /home/dfolse/repos/SPIDER/SPIDER_ws/install/nav_2d_msgs/include/nav_2d_msgs/msg/detail/twist2_d32__struct.hpp
[3.543s] -- Up-to-date: /home/dfolse/repos/SPIDER/SPIDER_ws/install/nav_2d_msgs/include/nav_2d_msgs/msg/detail/path2_d__traits.hpp
[3.543s] -- Up-to-date: /home/dfolse/repos/SPIDER/SPIDER_ws/install/nav_2d_msgs/include/nav_2d_msgs/msg/detail/twist2_d32__type_support.hpp
[3.543s] -- Up-to-date: /home/dfolse/repos/SPIDER/SPIDER_ws/install/nav_2d_msgs/include/nav_2d_msgs/msg/detail/twist2_d_stamped__builder.hpp
[3.544s] -- Up-to-date: /home/dfolse/repos/SPIDER/SPIDER_ws/install/nav_2d_msgs/include/nav_2d_msgs/msg/detail/pose2_d32__builder.hpp
[3.544s] -- Up-to-date: /home/dfolse/repos/SPIDER/SPIDER_ws/install/nav_2d_msgs/include/nav_2d_msgs/msg/detail/twist2_d_stamped__traits.hpp
[3.544s] -- Up-to-date: /home/dfolse/repos/SPIDER/SPIDER_ws/install/nav_2d_msgs/include/nav_2d_msgs/msg/detail/path2_d__builder.hpp
[3.544s] -- Up-to-date: /home/dfolse/repos/SPIDER/SPIDER_ws/install/nav_2d_msgs/include/nav_2d_msgs/msg/detail/twist2_d__traits.hpp
[3.544s] -- Up-to-date: /home/dfolse/repos/SPIDER/SPIDER_ws/install/nav_2d_msgs/include/nav_2d_msgs/msg/detail/twist2_d32__traits.hpp
[3.544s] -- Up-to-date: /home/dfolse/repos/SPIDER/SPIDER_ws/install/nav_2d_msgs/include/nav_2d_msgs/msg/detail/twist2_d32__builder.hpp
[3.544s] -- Up-to-date: /home/dfolse/repos/SPIDER/SPIDER_ws/install/nav_2d_msgs/include/nav_2d_msgs/msg/detail/path2_d__struct.hpp
[3.544s] -- Up-to-date: /home/dfolse/repos/SPIDER/SPIDER_ws/install/nav_2d_msgs/include/nav_2d_msgs/msg/detail/pose2_d_stamped__struct.hpp
[3.545s] -- Up-to-date: /home/dfolse/repos/SPIDER/SPIDER_ws/install/nav_2d_msgs/include/nav_2d_msgs/msg/detail/twist2_d__builder.hpp
[3.545s] -- Up-to-date: /home/dfolse/repos/SPIDER/SPIDER_ws/install/nav_2d_msgs/include/nav_2d_msgs/msg/detail/pose2_d32__traits.hpp
[3.545s] -- Up-to-date: /home/dfolse/repos/SPIDER/SPIDER_ws/install/nav_2d_msgs/include/nav_2d_msgs/msg/detail/pose2_d_stamped__builder.hpp
[3.545s] -- Up-to-date: /home/dfolse/repos/SPIDER/SPIDER_ws/install/nav_2d_msgs/include/nav_2d_msgs/msg/detail/pose2_d_stamped__type_support.hpp
[3.545s] -- Up-to-date: /home/dfolse/repos/SPIDER/SPIDER_ws/install/nav_2d_msgs/include/nav_2d_msgs/msg/detail/twist2_d_stamped__type_support.hpp
[3.545s] -- Up-to-date: /home/dfolse/repos/SPIDER/SPIDER_ws/install/nav_2d_msgs/include/nav_2d_msgs/msg/detail/path2_d__type_support.hpp
[3.545s] -- Up-to-date: /home/dfolse/repos/SPIDER/SPIDER_ws/install/nav_2d_msgs/include/nav_2d_msgs/msg/detail/twist2_d__struct.hpp
[3.545s] -- Up-to-date: /home/dfolse/repos/SPIDER/SPIDER_ws/install/nav_2d_msgs/include/nav_2d_msgs/msg/detail/pose2_d_stamped__traits.hpp
[3.546s] -- Up-to-date: /home/dfolse/repos/SPIDER/SPIDER_ws/install/nav_2d_msgs/include/nav_2d_msgs/msg/detail/pose2_d32__struct.hpp
[3.546s] -- Up-to-date: /home/dfolse/repos/SPIDER/SPIDER_ws/install/nav_2d_msgs/include/nav_2d_msgs/msg/detail/pose2_d32__type_support.hpp
[3.546s] -- Up-to-date: /home/dfolse/repos/SPIDER/SPIDER_ws/install/nav_2d_msgs/include/nav_2d_msgs/msg/detail/twist2_d__type_support.hpp
[3.546s] -- Up-to-date: /home/dfolse/repos/SPIDER/SPIDER_ws/install/nav_2d_msgs/include/nav_2d_msgs/msg/twist2_d_stamped.hpp
[3.546s] -- Up-to-date: /home/dfolse/repos/SPIDER/SPIDER_ws/install/nav_2d_msgs/include/nav_2d_msgs/msg/pose2_d_stamped.hpp
[3.546s] -- Up-to-date: /home/dfolse/repos/SPIDER/SPIDER_ws/install/nav_2d_msgs/include/nav_2d_msgs/msg/pose2_d32.hpp
[3.546s] -- Up-to-date: /home/dfolse/repos/SPIDER/SPIDER_ws/install/nav_2d_msgs/include/nav_2d_msgs
[3.546s] -- Up-to-date: /home/dfolse/repos/SPIDER/SPIDER_ws/install/nav_2d_msgs/include/nav_2d_msgs/msg
[3.547s] -- Up-to-date: /home/dfolse/repos/SPIDER/SPIDER_ws/install/nav_2d_msgs/include/nav_2d_msgs/msg/detail
[3.547s] -- Up-to-date: /home/dfolse/repos/SPIDER/SPIDER_ws/install/nav_2d_msgs/include/nav_2d_msgs/msg/detail/twist2_d__rosidl_typesupport_introspection_cpp.hpp
[3.547s] -- Up-to-date: /home/dfolse/repos/SPIDER/SPIDER_ws/install/nav_2d_msgs/include/nav_2d_msgs/msg/detail/twist2_d__type_support.cpp
[3.547s] -- Up-to-date: /home/dfolse/repos/SPIDER/SPIDER_ws/install/nav_2d_msgs/include/nav_2d_msgs/msg/detail/twist2_d_stamped__type_support.cpp
[3.547s] -- Up-to-date: /home/dfolse/repos/SPIDER/SPIDER_ws/install/nav_2d_msgs/include/nav_2d_msgs/msg/detail/twist2_d32__type_support.cpp
[3.547s] -- Up-to-date: /home/dfolse/repos/SPIDER/SPIDER_ws/install/nav_2d_msgs/include/nav_2d_msgs/msg/detail/pose2_d32__type_support.cpp
[3.547s] -- Up-to-date: /home/dfolse/repos/SPIDER/SPIDER_ws/install/nav_2d_msgs/include/nav_2d_msgs/msg/detail/pose2_d32__rosidl_typesupport_introspection_cpp.hpp
[3.547s] -- Up-to-date: /home/dfolse/repos/SPIDER/SPIDER_ws/install/nav_2d_msgs/include/nav_2d_msgs/msg/detail/path2_d__rosidl_typesupport_introspection_cpp.hpp
[3.548s] -- Up-to-date: /home/dfolse/repos/SPIDER/SPIDER_ws/install/nav_2d_msgs/include/nav_2d_msgs/msg/detail/twist2_d_stamped__rosidl_typesupport_introspection_cpp.hpp
[3.548s] -- Up-to-date: /home/dfolse/repos/SPIDER/SPIDER_ws/install/nav_2d_msgs/include/nav_2d_msgs/msg/detail/pose2_d_stamped__type_support.cpp
[3.548s] -- Up-to-date: /home/dfolse/repos/SPIDER/SPIDER_ws/install/nav_2d_msgs/include/nav_2d_msgs/msg/detail/pose2_d_stamped__rosidl_typesupport_introspection_cpp.hpp
[3.548s] -- Up-to-date: /home/dfolse/repos/SPIDER/SPIDER_ws/install/nav_2d_msgs/include/nav_2d_msgs/msg/detail/twist2_d32__rosidl_typesupport_introspection_cpp.hpp
[3.548s] -- Up-to-date: /home/dfolse/repos/SPIDER/SPIDER_ws/install/nav_2d_msgs/include/nav_2d_msgs/msg/detail/path2_d__type_support.cpp
[3.548s] -- Up-to-date: /home/dfolse/repos/SPIDER/SPIDER_ws/install/nav_2d_msgs/lib/libnav_2d_msgs__rosidl_typesupport_introspection_cpp.so
[3.551s] -- Up-to-date: /home/dfolse/repos/SPIDER/SPIDER_ws/install/nav_2d_msgs/lib/libnav_2d_msgs__rosidl_typesupport_cpp.so
[3.552s] -- Up-to-date: /home/dfolse/repos/SPIDER/SPIDER_ws/install/nav_2d_msgs/share/nav_2d_msgs/environment/pythonpath.sh
[3.552s] -- Up-to-date: /home/dfolse/repos/SPIDER/SPIDER_ws/install/nav_2d_msgs/share/nav_2d_msgs/environment/pythonpath.dsv
[3.552s] -- Up-to-date: /home/dfolse/repos/SPIDER/SPIDER_ws/install/nav_2d_msgs/lib/python3.8/site-packages/nav_2d_msgs/__init__.py
[3.853s] -- Up-to-date: /home/dfolse/repos/SPIDER/SPIDER_ws/install/nav_2d_msgs/lib/python3.8/site-packages/nav_2d_msgs/msg
[3.853s] -- Up-to-date: /home/dfolse/repos/SPIDER/SPIDER_ws/install/nav_2d_msgs/lib/python3.8/site-packages/nav_2d_msgs/msg/_twist2_d_stamped_s.c
[3.853s] -- Up-to-date: /home/dfolse/repos/SPIDER/SPIDER_ws/install/nav_2d_msgs/lib/python3.8/site-packages/nav_2d_msgs/msg/_twist2_d32.py
[3.854s] -- Up-to-date: /home/dfolse/repos/SPIDER/SPIDER_ws/install/nav_2d_msgs/lib/python3.8/site-packages/nav_2d_msgs/msg/_pose2_d32_s.c
[3.855s] -- Up-to-date: /home/dfolse/repos/SPIDER/SPIDER_ws/install/nav_2d_msgs/lib/python3.8/site-packages/nav_2d_msgs/msg/_twist2_d_stamped.py
[3.857s] -- Up-to-date: /home/dfolse/repos/SPIDER/SPIDER_ws/install/nav_2d_msgs/lib/python3.8/site-packages/nav_2d_msgs/msg/_twist2_d32_s.c
[3.858s] -- Up-to-date: /home/dfolse/repos/SPIDER/SPIDER_ws/install/nav_2d_msgs/lib/python3.8/site-packages/nav_2d_msgs/msg/_pose2_d32.py
[3.860s] -- Up-to-date: /home/dfolse/repos/SPIDER/SPIDER_ws/install/nav_2d_msgs/lib/python3.8/site-packages/nav_2d_msgs/msg/_path2_d.py
[3.862s] -- Up-to-date: /home/dfolse/repos/SPIDER/SPIDER_ws/install/nav_2d_msgs/lib/python3.8/site-packages/nav_2d_msgs/msg/_twist2_d_s.c
[3.862s] -- Up-to-date: /home/dfolse/repos/SPIDER/SPIDER_ws/install/nav_2d_msgs/lib/python3.8/site-packages/nav_2d_msgs/msg/_pose2_d_stamped.py
[3.863s] -- Up-to-date: /home/dfolse/repos/SPIDER/SPIDER_ws/install/nav_2d_msgs/lib/python3.8/site-packages/nav_2d_msgs/msg/_pose2_d_stamped_s.c
[3.865s] -- Up-to-date: /home/dfolse/repos/SPIDER/SPIDER_ws/install/nav_2d_msgs/lib/python3.8/site-packages/nav_2d_msgs/msg/_path2_d_s.c
[3.866s] -- Up-to-date: /home/dfolse/repos/SPIDER/SPIDER_ws/install/nav_2d_msgs/lib/python3.8/site-packages/nav_2d_msgs/msg/__init__.py
[3.866s] -- Up-to-date: /home/dfolse/repos/SPIDER/SPIDER_ws/install/nav_2d_msgs/lib/python3.8/site-packages/nav_2d_msgs/msg/_twist2_d.py
[3.866s] -- Up-to-date: /home/dfolse/repos/SPIDER/SPIDER_ws/install/nav_2d_msgs/lib/python3.8/site-packages/nav_2d_msgs/nav_2d_msgs_s__rosidl_typesupport_fastrtps_c.cpython-38-aarch64-linux-gnu.so
[3.867s] -- Up-to-date: /home/dfolse/repos/SPIDER/SPIDER_ws/install/nav_2d_msgs/lib/python3.8/site-packages/nav_2d_msgs/nav_2d_msgs_s__rosidl_typesupport_introspection_c.cpython-38-aarch64-linux-gnu.so
[3.867s] -- Up-to-date: /home/dfolse/repos/SPIDER/SPIDER_ws/install/nav_2d_msgs/lib/python3.8/site-packages/nav_2d_msgs/nav_2d_msgs_s__rosidl_typesupport_c.cpython-38-aarch64-linux-gnu.so
[3.867s] -- Up-to-date: /home/dfolse/repos/SPIDER/SPIDER_ws/install/nav_2d_msgs/lib/libnav_2d_msgs__python.so
[3.868s] -- Up-to-date: /home/dfolse/repos/SPIDER/SPIDER_ws/install/nav_2d_msgs/share/nav_2d_msgs/msg/Path2D.idl
[3.868s] -- Up-to-date: /home/dfolse/repos/SPIDER/SPIDER_ws/install/nav_2d_msgs/share/nav_2d_msgs/msg/Pose2D32.idl
[3.868s] -- Up-to-date: /home/dfolse/repos/SPIDER/SPIDER_ws/install/nav_2d_msgs/share/nav_2d_msgs/msg/Pose2DStamped.idl
[3.868s] -- Up-to-date: /home/dfolse/repos/SPIDER/SPIDER_ws/install/nav_2d_msgs/share/nav_2d_msgs/msg/Twist2D.idl
[3.868s] -- Up-to-date: /home/dfolse/repos/SPIDER/SPIDER_ws/install/nav_2d_msgs/share/nav_2d_msgs/msg/Twist2D32.idl
[3.868s] -- Up-to-date: /home/dfolse/repos/SPIDER/SPIDER_ws/install/nav_2d_msgs/share/nav_2d_msgs/msg/Twist2DStamped.idl
[3.869s] -- Up-to-date: /home/dfolse/repos/SPIDER/SPIDER_ws/install/nav_2d_msgs/share/nav_2d_msgs/msg/Path2D.msg
[3.869s] -- Up-to-date: /home/dfolse/repos/SPIDER/SPIDER_ws/install/nav_2d_msgs/share/nav_2d_msgs/msg/Pose2D32.msg
[3.869s] -- Up-to-date: /home/dfolse/repos/SPIDER/SPIDER_ws/install/nav_2d_msgs/share/nav_2d_msgs/msg/Pose2DStamped.msg
[3.869s] -- Up-to-date: /home/dfolse/repos/SPIDER/SPIDER_ws/install/nav_2d_msgs/share/nav_2d_msgs/msg/Twist2D.msg
[3.869s] -- Up-to-date: /home/dfolse/repos/SPIDER/SPIDER_ws/install/nav_2d_msgs/share/nav_2d_msgs/msg/Twist2D32.msg
[3.870s] -- Up-to-date: /home/dfolse/repos/SPIDER/SPIDER_ws/install/nav_2d_msgs/share/nav_2d_msgs/msg/Twist2DStamped.msg
[3.871s] -- Up-to-date: /home/dfolse/repos/SPIDER/SPIDER_ws/install/nav_2d_msgs/share/ament_index/resource_index/package_run_dependencies/nav_2d_msgs
[3.871s] -- Up-to-date: /home/dfolse/repos/SPIDER/SPIDER_ws/install/nav_2d_msgs/share/ament_index/resource_index/parent_prefix_path/nav_2d_msgs
[3.872s] -- Up-to-date: /home/dfolse/repos/SPIDER/SPIDER_ws/install/nav_2d_msgs/share/nav_2d_msgs/environment/ament_prefix_path.sh
[3.873s] -- Up-to-date: /home/dfolse/repos/SPIDER/SPIDER_ws/install/nav_2d_msgs/share/nav_2d_msgs/environment/ament_prefix_path.dsv
[3.873s] -- Up-to-date: /home/dfolse/repos/SPIDER/SPIDER_ws/install/nav_2d_msgs/share/nav_2d_msgs/environment/path.sh
[3.873s] -- Up-to-date: /home/dfolse/repos/SPIDER/SPIDER_ws/install/nav_2d_msgs/share/nav_2d_msgs/environment/path.dsv
[3.873s] -- Up-to-date: /home/dfolse/repos/SPIDER/SPIDER_ws/install/nav_2d_msgs/share/nav_2d_msgs/local_setup.bash
[3.873s] -- Up-to-date: /home/dfolse/repos/SPIDER/SPIDER_ws/install/nav_2d_msgs/share/nav_2d_msgs/local_setup.sh
[3.874s] -- Up-to-date: /home/dfolse/repos/SPIDER/SPIDER_ws/install/nav_2d_msgs/share/nav_2d_msgs/local_setup.zsh
[3.874s] -- Up-to-date: /home/dfolse/repos/SPIDER/SPIDER_ws/install/nav_2d_msgs/share/nav_2d_msgs/local_setup.dsv
[3.874s] -- Installing: /home/dfolse/repos/SPIDER/SPIDER_ws/install/nav_2d_msgs/share/nav_2d_msgs/package.dsv
[3.874s] -- Up-to-date: /home/dfolse/repos/SPIDER/SPIDER_ws/install/nav_2d_msgs/share/ament_index/resource_index/packages/nav_2d_msgs
[3.874s] -- Up-to-date: /home/dfolse/repos/SPIDER/SPIDER_ws/install/nav_2d_msgs/share/nav_2d_msgs/cmake/nav_2d_msgs__rosidl_generator_cExport.cmake
[3.875s] -- Up-to-date: /home/dfolse/repos/SPIDER/SPIDER_ws/install/nav_2d_msgs/share/nav_2d_msgs/cmake/nav_2d_msgs__rosidl_generator_cExport-noconfig.cmake
[3.875s] -- Up-to-date: /home/dfolse/repos/SPIDER/SPIDER_ws/install/nav_2d_msgs/share/nav_2d_msgs/cmake/nav_2d_msgs__rosidl_typesupport_introspection_cExport.cmake
[3.875s] -- Up-to-date: /home/dfolse/repos/SPIDER/SPIDER_ws/install/nav_2d_msgs/share/nav_2d_msgs/cmake/nav_2d_msgs__rosidl_typesupport_introspection_cExport-noconfig.cmake
[3.875s] -- Up-to-date: /home/dfolse/repos/SPIDER/SPIDER_ws/install/nav_2d_msgs/share/nav_2d_msgs/cmake/nav_2d_msgs__rosidl_typesupport_cExport.cmake
[3.875s] -- Up-to-date: /home/dfolse/repos/SPIDER/SPIDER_ws/install/nav_2d_msgs/share/nav_2d_msgs/cmake/nav_2d_msgs__rosidl_typesupport_cExport-noconfig.cmake
[3.875s] -- Up-to-date: /home/dfolse/repos/SPIDER/SPIDER_ws/install/nav_2d_msgs/share/nav_2d_msgs/cmake/nav_2d_msgs__rosidl_generator_cppExport.cmake
[3.876s] -- Up-to-date: /home/dfolse/repos/SPIDER/SPIDER_ws/install/nav_2d_msgs/share/nav_2d_msgs/cmake/nav_2d_msgs__rosidl_typesupport_introspection_cppExport.cmake
[3.876s] -- Up-to-date: /home/dfolse/repos/SPIDER/SPIDER_ws/install/nav_2d_msgs/share/nav_2d_msgs/cmake/nav_2d_msgs__rosidl_typesupport_introspection_cppExport-noconfig.cmake
[3.876s] -- Up-to-date: /home/dfolse/repos/SPIDER/SPIDER_ws/install/nav_2d_msgs/share/nav_2d_msgs/cmake/nav_2d_msgs__rosidl_typesupport_cppExport.cmake
[3.876s] -- Up-to-date: /home/dfolse/repos/SPIDER/SPIDER_ws/install/nav_2d_msgs/share/nav_2d_msgs/cmake/nav_2d_msgs__rosidl_typesupport_cppExport-noconfig.cmake
[3.876s] -- Up-to-date: /home/dfolse/repos/SPIDER/SPIDER_ws/install/nav_2d_msgs/share/nav_2d_msgs/cmake/rosidl_cmake-extras.cmake
[3.877s] -- Up-to-date: /home/dfolse/repos/SPIDER/SPIDER_ws/install/nav_2d_msgs/share/nav_2d_msgs/cmake/ament_cmake_export_dependencies-extras.cmake
[3.877s] -- Up-to-date: /home/dfolse/repos/SPIDER/SPIDER_ws/install/nav_2d_msgs/share/nav_2d_msgs/cmake/ament_cmake_export_libraries-extras.cmake
[3.877s] -- Up-to-date: /home/dfolse/repos/SPIDER/SPIDER_ws/install/nav_2d_msgs/share/nav_2d_msgs/cmake/ament_cmake_export_targets-extras.cmake
[3.877s] -- Up-to-date: /home/dfolse/repos/SPIDER/SPIDER_ws/install/nav_2d_msgs/share/nav_2d_msgs/cmake/ament_cmake_export_include_directories-extras.cmake
[3.877s] -- Up-to-date: /home/dfolse/repos/SPIDER/SPIDER_ws/install/nav_2d_msgs/share/nav_2d_msgs/cmake/rosidl_cmake_export_typesupport_libraries-extras.cmake
[3.877s] -- Up-to-date: /home/dfolse/repos/SPIDER/SPIDER_ws/install/nav_2d_msgs/share/nav_2d_msgs/cmake/rosidl_cmake_export_typesupport_targets-extras.cmake
[3.878s] -- Up-to-date: /home/dfolse/repos/SPIDER/SPIDER_ws/install/nav_2d_msgs/share/nav_2d_msgs/cmake/nav_2d_msgsConfig.cmake
[3.878s] -- Up-to-date: /home/dfolse/repos/SPIDER/SPIDER_ws/install/nav_2d_msgs/share/nav_2d_msgs/cmake/nav_2d_msgsConfig-version.cmake
[3.878s] -- Up-to-date: /home/dfolse/repos/SPIDER/SPIDER_ws/install/nav_2d_msgs/share/nav_2d_msgs/package.xml
[4.613s] Invoked command in '/home/dfolse/repos/SPIDER/SPIDER_ws/build/nav_2d_msgs' returned '0': CMAKE_PREFIX_PATH=/opt/ros/foxy NX_CONNECTION=192.168.1.26 58481 192.168.1.53 4000 /usr/bin/cmake --install /home/dfolse/repos/SPIDER/SPIDER_ws/build/nav_2d_msgs
