running egg_info
creating ../../build/oak_d_lite/oak_d_lite.egg-info
writing ../../build/oak_d_lite/oak_d_lite.egg-info/PKG-INFO
writing dependency_links to ../../build/oak_d_lite/oak_d_lite.egg-info/dependency_links.txt
writing entry points to ../../build/oak_d_lite/oak_d_lite.egg-info/entry_points.txt
writing requirements to ../../build/oak_d_lite/oak_d_lite.egg-info/requires.txt
writing top-level names to ../../build/oak_d_lite/oak_d_lite.egg-info/top_level.txt
writing manifest file '../../build/oak_d_lite/oak_d_lite.egg-info/SOURCES.txt'
reading manifest file '../../build/oak_d_lite/oak_d_lite.egg-info/SOURCES.txt'
writing manifest file '../../build/oak_d_lite/oak_d_lite.egg-info/SOURCES.txt'
running build
running build_py
creating /home/dfolse/repos/SPIDER/SPIDER_ws/build/oak_d_lite/build
creating /home/dfolse/repos/SPIDER/SPIDER_ws/build/oak_d_lite/build/lib
creating /home/dfolse/repos/SPIDER/SPIDER_ws/build/oak_d_lite/build/lib/oak_d_lite
copying oak_d_lite/stereo.py -> /home/dfolse/repos/SPIDER/SPIDER_ws/build/oak_d_lite/build/lib/oak_d_lite
copying oak_d_lite/stereo_imu.py -> /home/dfolse/repos/SPIDER/SPIDER_ws/build/oak_d_lite/build/lib/oak_d_lite
copying oak_d_lite/__init__.py -> /home/dfolse/repos/SPIDER/SPIDER_ws/build/oak_d_lite/build/lib/oak_d_lite
running install
running install_lib
creating /home/dfolse/repos/SPIDER/SPIDER_ws/install/oak_d_lite/lib/python3.8/site-packages/oak_d_lite
copying /home/dfolse/repos/SPIDER/SPIDER_ws/build/oak_d_lite/build/lib/oak_d_lite/stereo.py -> /home/dfolse/repos/SPIDER/SPIDER_ws/install/oak_d_lite/lib/python3.8/site-packages/oak_d_lite
copying /home/dfolse/repos/SPIDER/SPIDER_ws/build/oak_d_lite/build/lib/oak_d_lite/stereo_imu.py -> /home/dfolse/repos/SPIDER/SPIDER_ws/install/oak_d_lite/lib/python3.8/site-packages/oak_d_lite
copying /home/dfolse/repos/SPIDER/SPIDER_ws/build/oak_d_lite/build/lib/oak_d_lite/__init__.py -> /home/dfolse/repos/SPIDER/SPIDER_ws/install/oak_d_lite/lib/python3.8/site-packages/oak_d_lite
byte-compiling /home/dfolse/repos/SPIDER/SPIDER_ws/install/oak_d_lite/lib/python3.8/site-packages/oak_d_lite/stereo.py to stereo.cpython-38.pyc
byte-compiling /home/dfolse/repos/SPIDER/SPIDER_ws/install/oak_d_lite/lib/python3.8/site-packages/oak_d_lite/stereo_imu.py to stereo_imu.cpython-38.pyc
byte-compiling /home/dfolse/repos/SPIDER/SPIDER_ws/install/oak_d_lite/lib/python3.8/site-packages/oak_d_lite/__init__.py to __init__.cpython-38.pyc
running install_data
creating /home/dfolse/repos/SPIDER/SPIDER_ws/install/oak_d_lite/share/ament_index
creating /home/dfolse/repos/SPIDER/SPIDER_ws/install/oak_d_lite/share/ament_index/resource_index
creating /home/dfolse/repos/SPIDER/SPIDER_ws/install/oak_d_lite/share/ament_index/resource_index/packages
error: can't copy 'resource/oak_d_lite': doesn't exist or not a regular file
