[0.923s] DEBUG:colcon:Command line arguments: ['/usr/bin/colcon', 'build']
[0.923s] DEBUG:colcon:Parsed command line arguments: Namespace(allow_overriding=[], ament_cmake_args=None, base_paths=['.'], build_base='build', catkin_cmake_args=None, catkin_skip_building_tests=False, cmake_args=None, cmake_clean_cache=False, cmake_clean_first=False, cmake_force_configure=False, cmake_target=None, cmake_target_skip_unavailable=False, continue_on_error=False, event_handlers=None, executor='parallel', ignore_user_meta=False, install_base='install', log_base=None, log_level=None, main=<bound method BuildVerb.main of <colcon_core.verb.build.BuildVerb object at 0xffff907e6d30>>, merge_install=False, metas=['./colcon.meta'], packages_above=None, packages_above_and_dependencies=None, packages_above_depth=None, packages_end=None, packages_ignore=None, packages_ignore_regex=None, packages_select=None, packages_select_build_failed=False, packages_select_by_dep=None, packages_select_regex=None, packages_select_test_failures=False, packages_skip=None, packages_skip_build_finished=False, packages_skip_by_dep=None, packages_skip_regex=None, packages_skip_test_passed=False, packages_skip_up_to=None, packages_start=None, packages_up_to=None, packages_up_to_regex=None, parallel_workers=4, paths=None, symlink_install=False, test_result_base=None, verb_extension=<colcon_core.verb.build.BuildVerb object at 0xffff907e6d30>, verb_name='build', verb_parser=<colcon_defaults.argument_parser.defaults.DefaultArgumentsDecorator object at 0xffff906dd7c0>)
[1.720s] Level 1:colcon.colcon_core.package_discovery:discover_packages(colcon_meta) check parameters
[1.721s] Level 1:colcon.colcon_core.package_discovery:discover_packages(recursive) check parameters
[1.721s] Level 1:colcon.colcon_core.package_discovery:discover_packages(ignore) check parameters
[1.721s] Level 1:colcon.colcon_core.package_discovery:discover_packages(path) check parameters
[1.721s] Level 1:colcon.colcon_core.package_discovery:discover_packages(colcon_meta) discover
[1.722s] Level 1:colcon.colcon_core.package_discovery:discover_packages(recursive) discover
[1.722s] INFO:colcon.colcon_core.package_discovery:Crawling recursively for packages in '/home/dfolse/repos/SPIDER/SPIDER_ws'
[1.722s] Level 1:colcon.colcon_core.package_identification:_identify(.) by extensions ['ignore', 'ignore_ament_install']
[1.723s] Level 1:colcon.colcon_core.package_identification:_identify(.) by extension 'ignore'
[1.723s] Level 1:colcon.colcon_core.package_identification:_identify(.) by extension 'ignore_ament_install'
[1.723s] Level 1:colcon.colcon_core.package_identification:_identify(.) by extensions ['colcon_pkg']
[1.723s] Level 1:colcon.colcon_core.package_identification:_identify(.) by extension 'colcon_pkg'
[1.723s] Level 1:colcon.colcon_core.package_identification:_identify(.) by extensions ['colcon_meta']
[1.723s] Level 1:colcon.colcon_core.package_identification:_identify(.) by extension 'colcon_meta'
[1.724s] Level 1:colcon.colcon_core.package_identification:_identify(.) by extensions ['ros']
[1.724s] Level 1:colcon.colcon_core.package_identification:_identify(.) by extension 'ros'
[1.773s] Level 1:colcon.colcon_core.package_identification:_identify(.) by extensions ['cmake', 'python']
[1.773s] Level 1:colcon.colcon_core.package_identification:_identify(.) by extension 'cmake'
[1.773s] Level 1:colcon.colcon_core.package_identification:_identify(.) by extension 'python'
[1.774s] Level 1:colcon.colcon_core.package_identification:_identify(.) by extensions ['python_setup_py']
[1.774s] Level 1:colcon.colcon_core.package_identification:_identify(.) by extension 'python_setup_py'
[1.775s] Level 1:colcon.colcon_core.package_identification:_identify(build) by extensions ['ignore', 'ignore_ament_install']
[1.775s] Level 1:colcon.colcon_core.package_identification:_identify(build) by extension 'ignore'
[1.775s] Level 1:colcon.colcon_core.package_identification:_identify(build) ignored
[1.776s] Level 1:colcon.colcon_core.package_identification:_identify(config) by extensions ['ignore', 'ignore_ament_install']
[1.776s] Level 1:colcon.colcon_core.package_identification:_identify(config) by extension 'ignore'
[1.776s] Level 1:colcon.colcon_core.package_identification:_identify(config) by extension 'ignore_ament_install'
[1.776s] Level 1:colcon.colcon_core.package_identification:_identify(config) by extensions ['colcon_pkg']
[1.777s] Level 1:colcon.colcon_core.package_identification:_identify(config) by extension 'colcon_pkg'
[1.777s] Level 1:colcon.colcon_core.package_identification:_identify(config) by extensions ['colcon_meta']
[1.777s] Level 1:colcon.colcon_core.package_identification:_identify(config) by extension 'colcon_meta'
[1.777s] Level 1:colcon.colcon_core.package_identification:_identify(config) by extensions ['ros']
[1.777s] Level 1:colcon.colcon_core.package_identification:_identify(config) by extension 'ros'
[1.778s] Level 1:colcon.colcon_core.package_identification:_identify(config) by extensions ['cmake', 'python']
[1.778s] Level 1:colcon.colcon_core.package_identification:_identify(config) by extension 'cmake'
[1.778s] Level 1:colcon.colcon_core.package_identification:_identify(config) by extension 'python'
[1.778s] Level 1:colcon.colcon_core.package_identification:_identify(config) by extensions ['python_setup_py']
[1.778s] Level 1:colcon.colcon_core.package_identification:_identify(config) by extension 'python_setup_py'
[1.779s] Level 1:colcon.colcon_core.package_identification:_identify(install) by extensions ['ignore', 'ignore_ament_install']
[1.779s] Level 1:colcon.colcon_core.package_identification:_identify(install) by extension 'ignore'
[1.779s] Level 1:colcon.colcon_core.package_identification:_identify(install) ignored
[1.783s] Level 1:colcon.colcon_core.package_identification:_identify(log) by extensions ['ignore', 'ignore_ament_install']
[1.783s] Level 1:colcon.colcon_core.package_identification:_identify(log) by extension 'ignore'
[1.784s] Level 1:colcon.colcon_core.package_identification:_identify(log) ignored
[1.784s] Level 1:colcon.colcon_core.package_identification:_identify(src) by extensions ['ignore', 'ignore_ament_install']
[1.784s] Level 1:colcon.colcon_core.package_identification:_identify(src) by extension 'ignore'
[1.784s] Level 1:colcon.colcon_core.package_identification:_identify(src) by extension 'ignore_ament_install'
[1.785s] Level 1:colcon.colcon_core.package_identification:_identify(src) by extensions ['colcon_pkg']
[1.785s] Level 1:colcon.colcon_core.package_identification:_identify(src) by extension 'colcon_pkg'
[1.785s] Level 1:colcon.colcon_core.package_identification:_identify(src) by extensions ['colcon_meta']
[1.785s] Level 1:colcon.colcon_core.package_identification:_identify(src) by extension 'colcon_meta'
[1.785s] Level 1:colcon.colcon_core.package_identification:_identify(src) by extensions ['ros']
[1.786s] Level 1:colcon.colcon_core.package_identification:_identify(src) by extension 'ros'
[1.786s] Level 1:colcon.colcon_core.package_identification:_identify(src) by extensions ['cmake', 'python']
[1.786s] Level 1:colcon.colcon_core.package_identification:_identify(src) by extension 'cmake'
[1.786s] Level 1:colcon.colcon_core.package_identification:_identify(src) by extension 'python'
[1.786s] Level 1:colcon.colcon_core.package_identification:_identify(src) by extensions ['python_setup_py']
[1.786s] Level 1:colcon.colcon_core.package_identification:_identify(src) by extension 'python_setup_py'
[1.787s] Level 1:colcon.colcon_core.package_identification:_identify(src/data_transfer) by extensions ['ignore', 'ignore_ament_install']
[1.787s] Level 1:colcon.colcon_core.package_identification:_identify(src/data_transfer) by extension 'ignore'
[1.787s] Level 1:colcon.colcon_core.package_identification:_identify(src/data_transfer) by extension 'ignore_ament_install'
[1.788s] Level 1:colcon.colcon_core.package_identification:_identify(src/data_transfer) by extensions ['colcon_pkg']
[1.788s] Level 1:colcon.colcon_core.package_identification:_identify(src/data_transfer) by extension 'colcon_pkg'
[1.788s] Level 1:colcon.colcon_core.package_identification:_identify(src/data_transfer) by extensions ['colcon_meta']
[1.788s] Level 1:colcon.colcon_core.package_identification:_identify(src/data_transfer) by extension 'colcon_meta'
[1.788s] Level 1:colcon.colcon_core.package_identification:_identify(src/data_transfer) by extensions ['ros']
[1.789s] Level 1:colcon.colcon_core.package_identification:_identify(src/data_transfer) by extension 'ros'
[1.798s] DEBUG:colcon.colcon_core.package_identification:Package 'src/data_transfer' with type 'ros.ament_python' and name 'data_transfer'
[1.799s] Level 1:colcon.colcon_core.package_identification:_identify(src/locomotion) by extensions ['ignore', 'ignore_ament_install']
[1.799s] Level 1:colcon.colcon_core.package_identification:_identify(src/locomotion) by extension 'ignore'
[1.799s] Level 1:colcon.colcon_core.package_identification:_identify(src/locomotion) by extension 'ignore_ament_install'
[1.799s] Level 1:colcon.colcon_core.package_identification:_identify(src/locomotion) by extensions ['colcon_pkg']
[1.800s] Level 1:colcon.colcon_core.package_identification:_identify(src/locomotion) by extension 'colcon_pkg'
[1.800s] Level 1:colcon.colcon_core.package_identification:_identify(src/locomotion) by extensions ['colcon_meta']
[1.800s] Level 1:colcon.colcon_core.package_identification:_identify(src/locomotion) by extension 'colcon_meta'
[1.800s] Level 1:colcon.colcon_core.package_identification:_identify(src/locomotion) by extensions ['ros']
[1.800s] Level 1:colcon.colcon_core.package_identification:_identify(src/locomotion) by extension 'ros'
[1.802s] DEBUG:colcon.colcon_core.package_identification:Package 'src/locomotion' with type 'ros.ament_python' and name 'locomotion'
[1.803s] Level 1:colcon.colcon_core.package_identification:_identify(src/spider_interfaces) by extensions ['ignore', 'ignore_ament_install']
[1.803s] Level 1:colcon.colcon_core.package_identification:_identify(src/spider_interfaces) by extension 'ignore'
[1.804s] Level 1:colcon.colcon_core.package_identification:_identify(src/spider_interfaces) by extension 'ignore_ament_install'
[1.804s] Level 1:colcon.colcon_core.package_identification:_identify(src/spider_interfaces) by extensions ['colcon_pkg']
[1.804s] Level 1:colcon.colcon_core.package_identification:_identify(src/spider_interfaces) by extension 'colcon_pkg'
[1.804s] Level 1:colcon.colcon_core.package_identification:_identify(src/spider_interfaces) by extensions ['colcon_meta']
[1.804s] Level 1:colcon.colcon_core.package_identification:_identify(src/spider_interfaces) by extension 'colcon_meta'
[1.805s] Level 1:colcon.colcon_core.package_identification:_identify(src/spider_interfaces) by extensions ['ros']
[1.805s] Level 1:colcon.colcon_core.package_identification:_identify(src/spider_interfaces) by extension 'ros'
[1.807s] DEBUG:colcon.colcon_core.package_identification:Package 'src/spider_interfaces' with type 'ros.ament_cmake' and name 'spider_interfaces'
[1.808s] Level 1:colcon.colcon_core.package_identification:_identify(src/spider_nav) by extensions ['ignore', 'ignore_ament_install']
[1.808s] Level 1:colcon.colcon_core.package_identification:_identify(src/spider_nav) by extension 'ignore'
[1.808s] Level 1:colcon.colcon_core.package_identification:_identify(src/spider_nav) by extension 'ignore_ament_install'
[1.808s] Level 1:colcon.colcon_core.package_identification:_identify(src/spider_nav) by extensions ['colcon_pkg']
[1.808s] Level 1:colcon.colcon_core.package_identification:_identify(src/spider_nav) by extension 'colcon_pkg'
[1.809s] Level 1:colcon.colcon_core.package_identification:_identify(src/spider_nav) by extensions ['colcon_meta']
[1.809s] Level 1:colcon.colcon_core.package_identification:_identify(src/spider_nav) by extension 'colcon_meta'
[1.809s] Level 1:colcon.colcon_core.package_identification:_identify(src/spider_nav) by extensions ['ros']
[1.809s] Level 1:colcon.colcon_core.package_identification:_identify(src/spider_nav) by extension 'ros'
[1.813s] DEBUG:colcon.colcon_core.package_identification:Package 'src/spider_nav' with type 'ros.ament_python' and name 'spider_nav'
[1.814s] Level 1:colcon.colcon_core.package_discovery:discover_packages(recursive) using defaults
[1.814s] Level 1:colcon.colcon_core.package_discovery:discover_packages(ignore) discover
[1.814s] Level 1:colcon.colcon_core.package_discovery:discover_packages(ignore) using defaults
[1.814s] Level 1:colcon.colcon_core.package_discovery:discover_packages(path) discover
[1.814s] Level 1:colcon.colcon_core.package_discovery:discover_packages(path) using defaults
[1.884s] Level 1:colcon.colcon_core.package_discovery:discover_packages(prefix_path) check parameters
[1.884s] Level 1:colcon.colcon_core.package_discovery:discover_packages(prefix_path) discover
[1.895s] DEBUG:colcon.colcon_installed_package_information.package_discovery:Found 7 installed packages in /home/dfolse/repos/SPIDER/SPIDER_ws/install
[1.905s] DEBUG:colcon.colcon_installed_package_information.package_discovery:Found 308 installed packages in /opt/ros/foxy
[1.955s] Level 1:colcon.colcon_core.package_discovery:discover_packages(prefix_path) using defaults
[2.368s] Level 5:colcon.colcon_core.verb:set package 'spider_interfaces' build argument 'cmake_args' from command line to 'None'
[2.368s] Level 5:colcon.colcon_core.verb:set package 'spider_interfaces' build argument 'cmake_target' from command line to 'None'
[2.368s] Level 5:colcon.colcon_core.verb:set package 'spider_interfaces' build argument 'cmake_target_skip_unavailable' from command line to 'False'
[2.368s] Level 5:colcon.colcon_core.verb:set package 'spider_interfaces' build argument 'cmake_clean_cache' from command line to 'False'
[2.368s] Level 5:colcon.colcon_core.verb:set package 'spider_interfaces' build argument 'cmake_clean_first' from command line to 'False'
[2.368s] Level 5:colcon.colcon_core.verb:set package 'spider_interfaces' build argument 'cmake_force_configure' from command line to 'False'
[2.368s] Level 5:colcon.colcon_core.verb:set package 'spider_interfaces' build argument 'ament_cmake_args' from command line to 'None'
[2.369s] Level 5:colcon.colcon_core.verb:set package 'spider_interfaces' build argument 'catkin_cmake_args' from command line to 'None'
[2.369s] Level 5:colcon.colcon_core.verb:set package 'spider_interfaces' build argument 'catkin_skip_building_tests' from command line to 'False'
[2.369s] DEBUG:colcon.colcon_core.verb:Building package 'spider_interfaces' with the following arguments: {'ament_cmake_args': None, 'build_base': '/home/dfolse/repos/SPIDER/SPIDER_ws/build/spider_interfaces', 'catkin_cmake_args': None, 'catkin_skip_building_tests': False, 'cmake_args': None, 'cmake_clean_cache': False, 'cmake_clean_first': False, 'cmake_force_configure': False, 'cmake_target': None, 'cmake_target_skip_unavailable': False, 'install_base': '/home/dfolse/repos/SPIDER/SPIDER_ws/install/spider_interfaces', 'merge_install': False, 'path': '/home/dfolse/repos/SPIDER/SPIDER_ws/src/spider_interfaces', 'symlink_install': False, 'test_result_base': None}
[2.371s] Level 5:colcon.colcon_core.verb:set package 'locomotion' build argument 'cmake_args' from command line to 'None'
[2.371s] Level 5:colcon.colcon_core.verb:set package 'locomotion' build argument 'cmake_target' from command line to 'None'
[2.371s] Level 5:colcon.colcon_core.verb:set package 'locomotion' build argument 'cmake_target_skip_unavailable' from command line to 'False'
[2.371s] Level 5:colcon.colcon_core.verb:set package 'locomotion' build argument 'cmake_clean_cache' from command line to 'False'
[2.371s] Level 5:colcon.colcon_core.verb:set package 'locomotion' build argument 'cmake_clean_first' from command line to 'False'
[2.371s] Level 5:colcon.colcon_core.verb:set package 'locomotion' build argument 'cmake_force_configure' from command line to 'False'
[2.371s] Level 5:colcon.colcon_core.verb:set package 'locomotion' build argument 'ament_cmake_args' from command line to 'None'
[2.372s] Level 5:colcon.colcon_core.verb:set package 'locomotion' build argument 'catkin_cmake_args' from command line to 'None'
[2.372s] Level 5:colcon.colcon_core.verb:set package 'locomotion' build argument 'catkin_skip_building_tests' from command line to 'False'
[2.372s] DEBUG:colcon.colcon_core.verb:Building package 'locomotion' with the following arguments: {'ament_cmake_args': None, 'build_base': '/home/dfolse/repos/SPIDER/SPIDER_ws/build/locomotion', 'catkin_cmake_args': None, 'catkin_skip_building_tests': False, 'cmake_args': None, 'cmake_clean_cache': False, 'cmake_clean_first': False, 'cmake_force_configure': False, 'cmake_target': None, 'cmake_target_skip_unavailable': False, 'install_base': '/home/dfolse/repos/SPIDER/SPIDER_ws/install/locomotion', 'merge_install': False, 'path': '/home/dfolse/repos/SPIDER/SPIDER_ws/src/locomotion', 'symlink_install': False, 'test_result_base': None}
[2.374s] Level 5:colcon.colcon_core.verb:set package 'spider_nav' build argument 'cmake_args' from command line to 'None'
[2.374s] Level 5:colcon.colcon_core.verb:set package 'spider_nav' build argument 'cmake_target' from command line to 'None'
[2.374s] Level 5:colcon.colcon_core.verb:set package 'spider_nav' build argument 'cmake_target_skip_unavailable' from command line to 'False'
[2.374s] Level 5:colcon.colcon_core.verb:set package 'spider_nav' build argument 'cmake_clean_cache' from command line to 'False'
[2.374s] Level 5:colcon.colcon_core.verb:set package 'spider_nav' build argument 'cmake_clean_first' from command line to 'False'
[2.374s] Level 5:colcon.colcon_core.verb:set package 'spider_nav' build argument 'cmake_force_configure' from command line to 'False'
[2.374s] Level 5:colcon.colcon_core.verb:set package 'spider_nav' build argument 'ament_cmake_args' from command line to 'None'
[2.374s] Level 5:colcon.colcon_core.verb:set package 'spider_nav' build argument 'catkin_cmake_args' from command line to 'None'
[2.375s] Level 5:colcon.colcon_core.verb:set package 'spider_nav' build argument 'catkin_skip_building_tests' from command line to 'False'
[2.375s] DEBUG:colcon.colcon_core.verb:Building package 'spider_nav' with the following arguments: {'ament_cmake_args': None, 'build_base': '/home/dfolse/repos/SPIDER/SPIDER_ws/build/spider_nav', 'catkin_cmake_args': None, 'catkin_skip_building_tests': False, 'cmake_args': None, 'cmake_clean_cache': False, 'cmake_clean_first': False, 'cmake_force_configure': False, 'cmake_target': None, 'cmake_target_skip_unavailable': False, 'install_base': '/home/dfolse/repos/SPIDER/SPIDER_ws/install/spider_nav', 'merge_install': False, 'path': '/home/dfolse/repos/SPIDER/SPIDER_ws/src/spider_nav', 'symlink_install': False, 'test_result_base': None}
[2.376s] Level 5:colcon.colcon_core.verb:set package 'data_transfer' build argument 'cmake_args' from command line to 'None'
[2.377s] Level 5:colcon.colcon_core.verb:set package 'data_transfer' build argument 'cmake_target' from command line to 'None'
[2.377s] Level 5:colcon.colcon_core.verb:set package 'data_transfer' build argument 'cmake_target_skip_unavailable' from command line to 'False'
[2.377s] Level 5:colcon.colcon_core.verb:set package 'data_transfer' build argument 'cmake_clean_cache' from command line to 'False'
[2.377s] Level 5:colcon.colcon_core.verb:set package 'data_transfer' build argument 'cmake_clean_first' from command line to 'False'
[2.377s] Level 5:colcon.colcon_core.verb:set package 'data_transfer' build argument 'cmake_force_configure' from command line to 'False'
[2.377s] Level 5:colcon.colcon_core.verb:set package 'data_transfer' build argument 'ament_cmake_args' from command line to 'None'
[2.377s] Level 5:colcon.colcon_core.verb:set package 'data_transfer' build argument 'catkin_cmake_args' from command line to 'None'
[2.377s] Level 5:colcon.colcon_core.verb:set package 'data_transfer' build argument 'catkin_skip_building_tests' from command line to 'False'
[2.377s] DEBUG:colcon.colcon_core.verb:Building package 'data_transfer' with the following arguments: {'ament_cmake_args': None, 'build_base': '/home/dfolse/repos/SPIDER/SPIDER_ws/build/data_transfer', 'catkin_cmake_args': None, 'catkin_skip_building_tests': False, 'cmake_args': None, 'cmake_clean_cache': False, 'cmake_clean_first': False, 'cmake_force_configure': False, 'cmake_target': None, 'cmake_target_skip_unavailable': False, 'install_base': '/home/dfolse/repos/SPIDER/SPIDER_ws/install/data_transfer', 'merge_install': False, 'path': '/home/dfolse/repos/SPIDER/SPIDER_ws/src/data_transfer', 'symlink_install': False, 'test_result_base': None}
[2.378s] INFO:colcon.colcon_core.executor:Executing jobs using 'parallel' executor
[2.382s] DEBUG:colcon.colcon_parallel_executor.executor.parallel:run_until_complete
[2.383s] INFO:colcon.colcon_ros.task.ament_cmake.build:Building ROS package in '/home/dfolse/repos/SPIDER/SPIDER_ws/src/spider_interfaces' with build type 'ament_cmake'
[2.384s] INFO:colcon.colcon_cmake.task.cmake.build:Building CMake package in '/home/dfolse/repos/SPIDER/SPIDER_ws/src/spider_interfaces'
[2.393s] INFO:colcon.colcon_core.plugin_system:Skipping extension 'colcon_core.shell.bat': Not used on non-Windows systems
[2.394s] INFO:colcon.colcon_core.shell:Skip shell extension 'powershell' for command environment: Not usable outside of PowerShell
[2.394s] DEBUG:colcon.colcon_core.shell:Skip shell extension 'dsv' for command environment
[2.442s] DEBUG:colcon.colcon_core.event_handler.log_command:Invoking command in '/home/dfolse/repos/SPIDER/SPIDER_ws/build/spider_interfaces': CMAKE_PREFIX_PATH=${CMAKE_PREFIX_PATH}:/home/dfolse/repos/SPIDER/SPIDER_ws/install/data_transfer:/home/dfolse/repos/SPIDER/SPIDER_ws/install/spider_nav:/home/dfolse/repos/SPIDER/SPIDER_ws/install/locomotion:/home/dfolse/repos/SPIDER/SPIDER_ws/install/oak_d_lite:/home/dfolse/repos/SPIDER/SPIDER_ws/install/nav2_gps_waypoint_follower_demo:/opt/ros/foxy /usr/bin/cmake --build /home/dfolse/repos/SPIDER/SPIDER_ws/build/spider_interfaces -- -j4 -l4
[3.619s] DEBUG:colcon.colcon_core.event_handler.log_command:Invoked command in '/home/dfolse/repos/SPIDER/SPIDER_ws/build/spider_interfaces' returned '0': CMAKE_PREFIX_PATH=${CMAKE_PREFIX_PATH}:/home/dfolse/repos/SPIDER/SPIDER_ws/install/data_transfer:/home/dfolse/repos/SPIDER/SPIDER_ws/install/spider_nav:/home/dfolse/repos/SPIDER/SPIDER_ws/install/locomotion:/home/dfolse/repos/SPIDER/SPIDER_ws/install/oak_d_lite:/home/dfolse/repos/SPIDER/SPIDER_ws/install/nav2_gps_waypoint_follower_demo:/opt/ros/foxy /usr/bin/cmake --build /home/dfolse/repos/SPIDER/SPIDER_ws/build/spider_interfaces -- -j4 -l4
[4.114s] DEBUG:colcon.colcon_core.event_handler.log_command:Invoking command in '/home/dfolse/repos/SPIDER/SPIDER_ws/build/spider_interfaces': CMAKE_PREFIX_PATH=${CMAKE_PREFIX_PATH}:/home/dfolse/repos/SPIDER/SPIDER_ws/install/data_transfer:/home/dfolse/repos/SPIDER/SPIDER_ws/install/spider_nav:/home/dfolse/repos/SPIDER/SPIDER_ws/install/locomotion:/home/dfolse/repos/SPIDER/SPIDER_ws/install/oak_d_lite:/home/dfolse/repos/SPIDER/SPIDER_ws/install/nav2_gps_waypoint_follower_demo:/opt/ros/foxy /usr/bin/cmake --install /home/dfolse/repos/SPIDER/SPIDER_ws/build/spider_interfaces
[4.519s] Level 1:colcon.colcon_core.environment:create_environment_scripts_only(spider_interfaces)
[4.521s] DEBUG:colcon.colcon_core.event_handler.log_command:Invoked command in '/home/dfolse/repos/SPIDER/SPIDER_ws/build/spider_interfaces' returned '0': CMAKE_PREFIX_PATH=${CMAKE_PREFIX_PATH}:/home/dfolse/repos/SPIDER/SPIDER_ws/install/data_transfer:/home/dfolse/repos/SPIDER/SPIDER_ws/install/spider_nav:/home/dfolse/repos/SPIDER/SPIDER_ws/install/locomotion:/home/dfolse/repos/SPIDER/SPIDER_ws/install/oak_d_lite:/home/dfolse/repos/SPIDER/SPIDER_ws/install/nav2_gps_waypoint_follower_demo:/opt/ros/foxy /usr/bin/cmake --install /home/dfolse/repos/SPIDER/SPIDER_ws/build/spider_interfaces
[4.535s] Level 1:colcon.colcon_core.environment:checking '/home/dfolse/repos/SPIDER/SPIDER_ws/install/spider_interfaces' for CMake module files
[4.540s] Level 1:colcon.colcon_core.environment:checking '/home/dfolse/repos/SPIDER/SPIDER_ws/install/spider_interfaces' for CMake config files
[4.548s] Level 1:colcon.colcon_core.shell:create_environment_hook('spider_interfaces', 'cmake_prefix_path')
[4.550s] INFO:colcon.colcon_core.shell:Creating environment hook '/home/dfolse/repos/SPIDER/SPIDER_ws/install/spider_interfaces/share/spider_interfaces/hook/cmake_prefix_path.ps1'
[4.552s] INFO:colcon.colcon_core.shell:Creating environment descriptor '/home/dfolse/repos/SPIDER/SPIDER_ws/install/spider_interfaces/share/spider_interfaces/hook/cmake_prefix_path.dsv'
[4.554s] INFO:colcon.colcon_core.shell:Creating environment hook '/home/dfolse/repos/SPIDER/SPIDER_ws/install/spider_interfaces/share/spider_interfaces/hook/cmake_prefix_path.sh'
[4.558s] Level 1:colcon.colcon_core.environment:checking '/home/dfolse/repos/SPIDER/SPIDER_ws/install/spider_interfaces/lib'
[4.559s] Level 1:colcon.colcon_core.shell:create_environment_hook('spider_interfaces', 'ld_library_path_lib')
[4.560s] INFO:colcon.colcon_core.shell:Creating environment hook '/home/dfolse/repos/SPIDER/SPIDER_ws/install/spider_interfaces/share/spider_interfaces/hook/ld_library_path_lib.ps1'
[4.562s] INFO:colcon.colcon_core.shell:Creating environment descriptor '/home/dfolse/repos/SPIDER/SPIDER_ws/install/spider_interfaces/share/spider_interfaces/hook/ld_library_path_lib.dsv'
[4.563s] INFO:colcon.colcon_core.shell:Creating environment hook '/home/dfolse/repos/SPIDER/SPIDER_ws/install/spider_interfaces/share/spider_interfaces/hook/ld_library_path_lib.sh'
[4.565s] Level 1:colcon.colcon_core.environment:checking '/home/dfolse/repos/SPIDER/SPIDER_ws/install/spider_interfaces/bin'
[4.566s] Level 1:colcon.colcon_core.environment:checking '/home/dfolse/repos/SPIDER/SPIDER_ws/install/spider_interfaces/lib/pkgconfig/spider_interfaces.pc'
[4.566s] Level 1:colcon.colcon_core.environment:checking '/home/dfolse/repos/SPIDER/SPIDER_ws/install/spider_interfaces/lib/python3.8/site-packages'
[4.567s] Level 1:colcon.colcon_core.shell:create_environment_hook('spider_interfaces', 'pythonpath')
[4.568s] INFO:colcon.colcon_core.shell:Creating environment hook '/home/dfolse/repos/SPIDER/SPIDER_ws/install/spider_interfaces/share/spider_interfaces/hook/pythonpath.ps1'
[4.570s] INFO:colcon.colcon_core.shell:Creating environment descriptor '/home/dfolse/repos/SPIDER/SPIDER_ws/install/spider_interfaces/share/spider_interfaces/hook/pythonpath.dsv'
[4.571s] INFO:colcon.colcon_core.shell:Creating environment hook '/home/dfolse/repos/SPIDER/SPIDER_ws/install/spider_interfaces/share/spider_interfaces/hook/pythonpath.sh'
[4.573s] Level 1:colcon.colcon_core.environment:checking '/home/dfolse/repos/SPIDER/SPIDER_ws/install/spider_interfaces/bin'
[4.575s] INFO:colcon.colcon_core.shell:Creating package script '/home/dfolse/repos/SPIDER/SPIDER_ws/install/spider_interfaces/share/spider_interfaces/package.ps1'
[4.579s] INFO:colcon.colcon_core.shell:Creating package descriptor '/home/dfolse/repos/SPIDER/SPIDER_ws/install/spider_interfaces/share/spider_interfaces/package.dsv'
[4.582s] INFO:colcon.colcon_core.shell:Creating package script '/home/dfolse/repos/SPIDER/SPIDER_ws/install/spider_interfaces/share/spider_interfaces/package.sh'
[4.585s] INFO:colcon.colcon_core.shell:Creating package script '/home/dfolse/repos/SPIDER/SPIDER_ws/install/spider_interfaces/share/spider_interfaces/package.bash'
[4.588s] INFO:colcon.colcon_core.shell:Creating package script '/home/dfolse/repos/SPIDER/SPIDER_ws/install/spider_interfaces/share/spider_interfaces/package.zsh'
[4.592s] Level 1:colcon.colcon_core.environment:create_file_with_runtime_dependencies(/home/dfolse/repos/SPIDER/SPIDER_ws/install/spider_interfaces/share/colcon-core/packages/spider_interfaces)
[5.031s] Level 1:colcon.colcon_core.environment:create_environment_scripts_only(spider_interfaces)
[5.033s] Level 1:colcon.colcon_core.environment:checking '/home/dfolse/repos/SPIDER/SPIDER_ws/install/spider_interfaces' for CMake module files
[5.038s] Level 1:colcon.colcon_core.environment:checking '/home/dfolse/repos/SPIDER/SPIDER_ws/install/spider_interfaces' for CMake config files
[5.047s] Level 1:colcon.colcon_core.shell:create_environment_hook('spider_interfaces', 'cmake_prefix_path')
[5.048s] INFO:colcon.colcon_core.shell:Creating environment hook '/home/dfolse/repos/SPIDER/SPIDER_ws/install/spider_interfaces/share/spider_interfaces/hook/cmake_prefix_path.ps1'
[5.050s] INFO:colcon.colcon_core.shell:Creating environment descriptor '/home/dfolse/repos/SPIDER/SPIDER_ws/install/spider_interfaces/share/spider_interfaces/hook/cmake_prefix_path.dsv'
[5.052s] INFO:colcon.colcon_core.shell:Creating environment hook '/home/dfolse/repos/SPIDER/SPIDER_ws/install/spider_interfaces/share/spider_interfaces/hook/cmake_prefix_path.sh'
[5.054s] Level 1:colcon.colcon_core.environment:checking '/home/dfolse/repos/SPIDER/SPIDER_ws/install/spider_interfaces/lib'
[5.055s] Level 1:colcon.colcon_core.shell:create_environment_hook('spider_interfaces', 'ld_library_path_lib')
[5.056s] INFO:colcon.colcon_core.shell:Creating environment hook '/home/dfolse/repos/SPIDER/SPIDER_ws/install/spider_interfaces/share/spider_interfaces/hook/ld_library_path_lib.ps1'
[5.058s] INFO:colcon.colcon_core.shell:Creating environment descriptor '/home/dfolse/repos/SPIDER/SPIDER_ws/install/spider_interfaces/share/spider_interfaces/hook/ld_library_path_lib.dsv'
[5.059s] INFO:colcon.colcon_core.shell:Creating environment hook '/home/dfolse/repos/SPIDER/SPIDER_ws/install/spider_interfaces/share/spider_interfaces/hook/ld_library_path_lib.sh'
[5.061s] Level 1:colcon.colcon_core.environment:checking '/home/dfolse/repos/SPIDER/SPIDER_ws/install/spider_interfaces/bin'
[5.061s] Level 1:colcon.colcon_core.environment:checking '/home/dfolse/repos/SPIDER/SPIDER_ws/install/spider_interfaces/lib/pkgconfig/spider_interfaces.pc'
[5.062s] Level 1:colcon.colcon_core.environment:checking '/home/dfolse/repos/SPIDER/SPIDER_ws/install/spider_interfaces/lib/python3.8/site-packages'
[5.063s] Level 1:colcon.colcon_core.shell:create_environment_hook('spider_interfaces', 'pythonpath')
[5.064s] INFO:colcon.colcon_core.shell:Creating environment hook '/home/dfolse/repos/SPIDER/SPIDER_ws/install/spider_interfaces/share/spider_interfaces/hook/pythonpath.ps1'
[5.065s] INFO:colcon.colcon_core.shell:Creating environment descriptor '/home/dfolse/repos/SPIDER/SPIDER_ws/install/spider_interfaces/share/spider_interfaces/hook/pythonpath.dsv'
[5.067s] INFO:colcon.colcon_core.shell:Creating environment hook '/home/dfolse/repos/SPIDER/SPIDER_ws/install/spider_interfaces/share/spider_interfaces/hook/pythonpath.sh'
[5.069s] Level 1:colcon.colcon_core.environment:checking '/home/dfolse/repos/SPIDER/SPIDER_ws/install/spider_interfaces/bin'
[5.071s] INFO:colcon.colcon_core.shell:Creating package script '/home/dfolse/repos/SPIDER/SPIDER_ws/install/spider_interfaces/share/spider_interfaces/package.ps1'
[5.074s] INFO:colcon.colcon_core.shell:Creating package descriptor '/home/dfolse/repos/SPIDER/SPIDER_ws/install/spider_interfaces/share/spider_interfaces/package.dsv'
[5.076s] INFO:colcon.colcon_core.shell:Creating package script '/home/dfolse/repos/SPIDER/SPIDER_ws/install/spider_interfaces/share/spider_interfaces/package.sh'
[5.078s] INFO:colcon.colcon_core.shell:Creating package script '/home/dfolse/repos/SPIDER/SPIDER_ws/install/spider_interfaces/share/spider_interfaces/package.bash'
[5.080s] INFO:colcon.colcon_core.shell:Creating package script '/home/dfolse/repos/SPIDER/SPIDER_ws/install/spider_interfaces/share/spider_interfaces/package.zsh'
[5.082s] Level 1:colcon.colcon_core.environment:create_file_with_runtime_dependencies(/home/dfolse/repos/SPIDER/SPIDER_ws/install/spider_interfaces/share/colcon-core/packages/spider_interfaces)
[5.084s] INFO:colcon.colcon_ros.task.ament_python.build:Building ROS package in '/home/dfolse/repos/SPIDER/SPIDER_ws/src/locomotion' with build type 'ament_python'
[5.085s] Level 1:colcon.colcon_core.shell:create_environment_hook('locomotion', 'ament_prefix_path')
[5.086s] INFO:colcon.colcon_core.shell:Creating environment hook '/home/dfolse/repos/SPIDER/SPIDER_ws/install/locomotion/share/locomotion/hook/ament_prefix_path.ps1'
[5.089s] INFO:colcon.colcon_core.shell:Creating environment descriptor '/home/dfolse/repos/SPIDER/SPIDER_ws/install/locomotion/share/locomotion/hook/ament_prefix_path.dsv'
[5.091s] INFO:colcon.colcon_core.shell:Creating environment hook '/home/dfolse/repos/SPIDER/SPIDER_ws/install/locomotion/share/locomotion/hook/ament_prefix_path.sh'
[5.094s] INFO:colcon.colcon_core.shell:Skip shell extension 'powershell' for command environment: Not usable outside of PowerShell
[5.094s] DEBUG:colcon.colcon_core.shell:Skip shell extension 'dsv' for command environment
[6.227s] INFO:colcon.colcon_core.task.python.build:Building Python package in '/home/dfolse/repos/SPIDER/SPIDER_ws/src/locomotion'
[6.229s] INFO:colcon.colcon_core.shell:Skip shell extension 'powershell' for command environment: Not usable outside of PowerShell
[6.229s] DEBUG:colcon.colcon_core.shell:Skip shell extension 'dsv' for command environment
[8.065s] DEBUG:colcon.colcon_core.event_handler.log_command:Invoking command in '/home/dfolse/repos/SPIDER/SPIDER_ws/src/locomotion': PYTHONPATH=/home/dfolse/repos/SPIDER/SPIDER_ws/build/locomotion/prefix_override:/home/dfolse/repos/SPIDER/SPIDER_ws/install/locomotion/lib/python3.8/site-packages:/home/dfolse/repos/SPIDER/SPIDER_ws/install/spider_interfaces/lib/python3.8/site-packages:/home/dfolse/repos/SPIDER/SPIDER_ws/install/data_transfer/lib/python3.8/site-packages:/home/dfolse/repos/SPIDER/SPIDER_ws/install/spider_nav/lib/python3.8/site-packages:/home/dfolse/repos/SPIDER/SPIDER_ws/install/locomotion/lib/python3.8/site-packages:/home/dfolse/repos/SPIDER/SPIDER_ws/install/oak_d_lite/lib/python3.8/site-packages:/home/dfolse/repos/SPIDER/SPIDER_ws/install/nav2_gps_waypoint_follower_demo/lib/python3.8/site-packages:/opt/ros/foxy/lib/python3.8/site-packages /usr/bin/python3 -W ignore:setup.py install is deprecated setup.py egg_info --egg-base ../../build/locomotion build --build-base /home/dfolse/repos/SPIDER/SPIDER_ws/build/locomotion/build install --record /home/dfolse/repos/SPIDER/SPIDER_ws/build/locomotion/install.log --single-version-externally-managed install_data
[9.462s] Level 1:colcon.colcon_core.environment:checking '/home/dfolse/repos/SPIDER/SPIDER_ws/install/locomotion' for CMake module files
[9.464s] DEBUG:colcon.colcon_core.event_handler.log_command:Invoked command in '/home/dfolse/repos/SPIDER/SPIDER_ws/src/locomotion' returned '0': PYTHONPATH=/home/dfolse/repos/SPIDER/SPIDER_ws/build/locomotion/prefix_override:/home/dfolse/repos/SPIDER/SPIDER_ws/install/locomotion/lib/python3.8/site-packages:/home/dfolse/repos/SPIDER/SPIDER_ws/install/spider_interfaces/lib/python3.8/site-packages:/home/dfolse/repos/SPIDER/SPIDER_ws/install/data_transfer/lib/python3.8/site-packages:/home/dfolse/repos/SPIDER/SPIDER_ws/install/spider_nav/lib/python3.8/site-packages:/home/dfolse/repos/SPIDER/SPIDER_ws/install/locomotion/lib/python3.8/site-packages:/home/dfolse/repos/SPIDER/SPIDER_ws/install/oak_d_lite/lib/python3.8/site-packages:/home/dfolse/repos/SPIDER/SPIDER_ws/install/nav2_gps_waypoint_follower_demo/lib/python3.8/site-packages:/opt/ros/foxy/lib/python3.8/site-packages /usr/bin/python3 -W ignore:setup.py install is deprecated setup.py egg_info --egg-base ../../build/locomotion build --build-base /home/dfolse/repos/SPIDER/SPIDER_ws/build/locomotion/build install --record /home/dfolse/repos/SPIDER/SPIDER_ws/build/locomotion/install.log --single-version-externally-managed install_data
[9.466s] Level 1:colcon.colcon_core.environment:checking '/home/dfolse/repos/SPIDER/SPIDER_ws/install/locomotion' for CMake config files
[9.469s] Level 1:colcon.colcon_core.environment:checking '/home/dfolse/repos/SPIDER/SPIDER_ws/install/locomotion/lib'
[9.470s] Level 1:colcon.colcon_core.environment:checking '/home/dfolse/repos/SPIDER/SPIDER_ws/install/locomotion/bin'
[9.470s] Level 1:colcon.colcon_core.environment:checking '/home/dfolse/repos/SPIDER/SPIDER_ws/install/locomotion/lib/pkgconfig/locomotion.pc'
[9.471s] Level 1:colcon.colcon_core.environment:checking '/home/dfolse/repos/SPIDER/SPIDER_ws/install/locomotion/lib/python3.8/site-packages'
[9.471s] Level 1:colcon.colcon_core.shell:create_environment_hook('locomotion', 'pythonpath')
[9.473s] INFO:colcon.colcon_core.shell:Creating environment hook '/home/dfolse/repos/SPIDER/SPIDER_ws/install/locomotion/share/locomotion/hook/pythonpath.ps1'
[9.475s] INFO:colcon.colcon_core.shell:Creating environment descriptor '/home/dfolse/repos/SPIDER/SPIDER_ws/install/locomotion/share/locomotion/hook/pythonpath.dsv'
[9.477s] INFO:colcon.colcon_core.shell:Creating environment hook '/home/dfolse/repos/SPIDER/SPIDER_ws/install/locomotion/share/locomotion/hook/pythonpath.sh'
[9.479s] Level 1:colcon.colcon_core.environment:checking '/home/dfolse/repos/SPIDER/SPIDER_ws/install/locomotion/bin'
[9.480s] Level 1:colcon.colcon_core.environment:create_environment_scripts_only(locomotion)
[9.482s] INFO:colcon.colcon_core.shell:Creating package script '/home/dfolse/repos/SPIDER/SPIDER_ws/install/locomotion/share/locomotion/package.ps1'
[9.484s] INFO:colcon.colcon_core.shell:Creating package descriptor '/home/dfolse/repos/SPIDER/SPIDER_ws/install/locomotion/share/locomotion/package.dsv'
[9.486s] INFO:colcon.colcon_core.shell:Creating package script '/home/dfolse/repos/SPIDER/SPIDER_ws/install/locomotion/share/locomotion/package.sh'
[9.488s] INFO:colcon.colcon_core.shell:Creating package script '/home/dfolse/repos/SPIDER/SPIDER_ws/install/locomotion/share/locomotion/package.bash'
[9.489s] INFO:colcon.colcon_core.shell:Creating package script '/home/dfolse/repos/SPIDER/SPIDER_ws/install/locomotion/share/locomotion/package.zsh'
[9.491s] Level 1:colcon.colcon_core.environment:create_file_with_runtime_dependencies(/home/dfolse/repos/SPIDER/SPIDER_ws/install/locomotion/share/colcon-core/packages/locomotion)
[9.493s] INFO:colcon.colcon_ros.task.ament_python.build:Building ROS package in '/home/dfolse/repos/SPIDER/SPIDER_ws/src/spider_nav' with build type 'ament_python'
[9.494s] Level 1:colcon.colcon_core.shell:create_environment_hook('spider_nav', 'ament_prefix_path')
[9.495s] INFO:colcon.colcon_core.shell:Creating environment hook '/home/dfolse/repos/SPIDER/SPIDER_ws/install/spider_nav/share/spider_nav/hook/ament_prefix_path.ps1'
[9.497s] INFO:colcon.colcon_core.shell:Creating environment descriptor '/home/dfolse/repos/SPIDER/SPIDER_ws/install/spider_nav/share/spider_nav/hook/ament_prefix_path.dsv'
[9.500s] INFO:colcon.colcon_core.shell:Creating environment hook '/home/dfolse/repos/SPIDER/SPIDER_ws/install/spider_nav/share/spider_nav/hook/ament_prefix_path.sh'
[9.502s] INFO:colcon.colcon_core.shell:Skip shell extension 'powershell' for command environment: Not usable outside of PowerShell
[9.503s] DEBUG:colcon.colcon_core.shell:Skip shell extension 'dsv' for command environment
[10.651s] INFO:colcon.colcon_core.task.python.build:Building Python package in '/home/dfolse/repos/SPIDER/SPIDER_ws/src/spider_nav'
[10.653s] INFO:colcon.colcon_core.shell:Skip shell extension 'powershell' for command environment: Not usable outside of PowerShell
[10.653s] DEBUG:colcon.colcon_core.shell:Skip shell extension 'dsv' for command environment
[12.502s] DEBUG:colcon.colcon_core.event_handler.log_command:Invoking command in '/home/dfolse/repos/SPIDER/SPIDER_ws/src/spider_nav': AMENT_PREFIX_PATH=/home/dfolse/repos/SPIDER/SPIDER_ws/install/locomotion:/home/dfolse/repos/SPIDER/SPIDER_ws/install/data_transfer:/home/dfolse/repos/SPIDER/SPIDER_ws/install/spider_nav:/home/dfolse/repos/SPIDER/SPIDER_ws/install/spider_interfaces:/home/dfolse/repos/SPIDER/SPIDER_ws/install/oak_d_lite:/home/dfolse/repos/SPIDER/SPIDER_ws/install/nav2_gps_waypoint_follower_demo:/opt/ros/foxy PYTHONPATH=/home/dfolse/repos/SPIDER/SPIDER_ws/build/spider_nav/prefix_override:/home/dfolse/repos/SPIDER/SPIDER_ws/install/spider_nav/lib/python3.8/site-packages:/home/dfolse/repos/SPIDER/SPIDER_ws/install/locomotion/lib/python3.8/site-packages:/home/dfolse/repos/SPIDER/SPIDER_ws/install/spider_interfaces/lib/python3.8/site-packages:/home/dfolse/repos/SPIDER/SPIDER_ws/install/data_transfer/lib/python3.8/site-packages:/home/dfolse/repos/SPIDER/SPIDER_ws/install/spider_nav/lib/python3.8/site-packages:/home/dfolse/repos/SPIDER/SPIDER_ws/install/oak_d_lite/lib/python3.8/site-packages:/home/dfolse/repos/SPIDER/SPIDER_ws/install/nav2_gps_waypoint_follower_demo/lib/python3.8/site-packages:/opt/ros/foxy/lib/python3.8/site-packages /usr/bin/python3 -W ignore:setup.py install is deprecated setup.py egg_info --egg-base ../../build/spider_nav build --build-base /home/dfolse/repos/SPIDER/SPIDER_ws/build/spider_nav/build install --record /home/dfolse/repos/SPIDER/SPIDER_ws/build/spider_nav/install.log --single-version-externally-managed install_data
[13.907s] Level 1:colcon.colcon_core.environment:checking '/home/dfolse/repos/SPIDER/SPIDER_ws/install/spider_nav' for CMake module files
[13.909s] DEBUG:colcon.colcon_core.event_handler.log_command:Invoked command in '/home/dfolse/repos/SPIDER/SPIDER_ws/src/spider_nav' returned '0': AMENT_PREFIX_PATH=/home/dfolse/repos/SPIDER/SPIDER_ws/install/locomotion:/home/dfolse/repos/SPIDER/SPIDER_ws/install/data_transfer:/home/dfolse/repos/SPIDER/SPIDER_ws/install/spider_nav:/home/dfolse/repos/SPIDER/SPIDER_ws/install/spider_interfaces:/home/dfolse/repos/SPIDER/SPIDER_ws/install/oak_d_lite:/home/dfolse/repos/SPIDER/SPIDER_ws/install/nav2_gps_waypoint_follower_demo:/opt/ros/foxy PYTHONPATH=/home/dfolse/repos/SPIDER/SPIDER_ws/build/spider_nav/prefix_override:/home/dfolse/repos/SPIDER/SPIDER_ws/install/spider_nav/lib/python3.8/site-packages:/home/dfolse/repos/SPIDER/SPIDER_ws/install/locomotion/lib/python3.8/site-packages:/home/dfolse/repos/SPIDER/SPIDER_ws/install/spider_interfaces/lib/python3.8/site-packages:/home/dfolse/repos/SPIDER/SPIDER_ws/install/data_transfer/lib/python3.8/site-packages:/home/dfolse/repos/SPIDER/SPIDER_ws/install/spider_nav/lib/python3.8/site-packages:/home/dfolse/repos/SPIDER/SPIDER_ws/install/oak_d_lite/lib/python3.8/site-packages:/home/dfolse/repos/SPIDER/SPIDER_ws/install/nav2_gps_waypoint_follower_demo/lib/python3.8/site-packages:/opt/ros/foxy/lib/python3.8/site-packages /usr/bin/python3 -W ignore:setup.py install is deprecated setup.py egg_info --egg-base ../../build/spider_nav build --build-base /home/dfolse/repos/SPIDER/SPIDER_ws/build/spider_nav/build install --record /home/dfolse/repos/SPIDER/SPIDER_ws/build/spider_nav/install.log --single-version-externally-managed install_data
[13.911s] Level 1:colcon.colcon_core.environment:checking '/home/dfolse/repos/SPIDER/SPIDER_ws/install/spider_nav' for CMake config files
[13.916s] Level 1:colcon.colcon_core.environment:checking '/home/dfolse/repos/SPIDER/SPIDER_ws/install/spider_nav/lib'
[13.917s] Level 1:colcon.colcon_core.environment:checking '/home/dfolse/repos/SPIDER/SPIDER_ws/install/spider_nav/bin'
[13.917s] Level 1:colcon.colcon_core.environment:checking '/home/dfolse/repos/SPIDER/SPIDER_ws/install/spider_nav/lib/pkgconfig/spider_nav.pc'
[13.918s] Level 1:colcon.colcon_core.environment:checking '/home/dfolse/repos/SPIDER/SPIDER_ws/install/spider_nav/lib/python3.8/site-packages'
[13.919s] Level 1:colcon.colcon_core.shell:create_environment_hook('spider_nav', 'pythonpath')
[13.920s] INFO:colcon.colcon_core.shell:Creating environment hook '/home/dfolse/repos/SPIDER/SPIDER_ws/install/spider_nav/share/spider_nav/hook/pythonpath.ps1'
[13.922s] INFO:colcon.colcon_core.shell:Creating environment descriptor '/home/dfolse/repos/SPIDER/SPIDER_ws/install/spider_nav/share/spider_nav/hook/pythonpath.dsv'
[13.924s] INFO:colcon.colcon_core.shell:Creating environment hook '/home/dfolse/repos/SPIDER/SPIDER_ws/install/spider_nav/share/spider_nav/hook/pythonpath.sh'
[13.926s] Level 1:colcon.colcon_core.environment:checking '/home/dfolse/repos/SPIDER/SPIDER_ws/install/spider_nav/bin'
[13.927s] Level 1:colcon.colcon_core.environment:create_environment_scripts_only(spider_nav)
[13.928s] INFO:colcon.colcon_core.shell:Creating package script '/home/dfolse/repos/SPIDER/SPIDER_ws/install/spider_nav/share/spider_nav/package.ps1'
[13.930s] INFO:colcon.colcon_core.shell:Creating package descriptor '/home/dfolse/repos/SPIDER/SPIDER_ws/install/spider_nav/share/spider_nav/package.dsv'
[13.933s] INFO:colcon.colcon_core.shell:Creating package script '/home/dfolse/repos/SPIDER/SPIDER_ws/install/spider_nav/share/spider_nav/package.sh'
[13.935s] INFO:colcon.colcon_core.shell:Creating package script '/home/dfolse/repos/SPIDER/SPIDER_ws/install/spider_nav/share/spider_nav/package.bash'
[13.936s] INFO:colcon.colcon_core.shell:Creating package script '/home/dfolse/repos/SPIDER/SPIDER_ws/install/spider_nav/share/spider_nav/package.zsh'
[13.938s] Level 1:colcon.colcon_core.environment:create_file_with_runtime_dependencies(/home/dfolse/repos/SPIDER/SPIDER_ws/install/spider_nav/share/colcon-core/packages/spider_nav)
[13.940s] INFO:colcon.colcon_ros.task.ament_python.build:Building ROS package in '/home/dfolse/repos/SPIDER/SPIDER_ws/src/data_transfer' with build type 'ament_python'
[13.940s] Level 1:colcon.colcon_core.shell:create_environment_hook('data_transfer', 'ament_prefix_path')
[13.942s] INFO:colcon.colcon_core.shell:Creating environment hook '/home/dfolse/repos/SPIDER/SPIDER_ws/install/data_transfer/share/data_transfer/hook/ament_prefix_path.ps1'
[13.944s] INFO:colcon.colcon_core.shell:Creating environment descriptor '/home/dfolse/repos/SPIDER/SPIDER_ws/install/data_transfer/share/data_transfer/hook/ament_prefix_path.dsv'
[13.946s] INFO:colcon.colcon_core.shell:Creating environment hook '/home/dfolse/repos/SPIDER/SPIDER_ws/install/data_transfer/share/data_transfer/hook/ament_prefix_path.sh'
[13.949s] INFO:colcon.colcon_core.shell:Skip shell extension 'powershell' for command environment: Not usable outside of PowerShell
[13.949s] DEBUG:colcon.colcon_core.shell:Skip shell extension 'dsv' for command environment
[15.103s] INFO:colcon.colcon_core.task.python.build:Building Python package in '/home/dfolse/repos/SPIDER/SPIDER_ws/src/data_transfer'
[15.105s] INFO:colcon.colcon_core.shell:Skip shell extension 'powershell' for command environment: Not usable outside of PowerShell
[15.105s] DEBUG:colcon.colcon_core.shell:Skip shell extension 'dsv' for command environment
[16.951s] DEBUG:colcon.colcon_core.event_handler.log_command:Invoking command in '/home/dfolse/repos/SPIDER/SPIDER_ws/src/data_transfer': AMENT_PREFIX_PATH=/home/dfolse/repos/SPIDER/SPIDER_ws/install/spider_nav:/home/dfolse/repos/SPIDER/SPIDER_ws/install/locomotion:/home/dfolse/repos/SPIDER/SPIDER_ws/install/data_transfer:/home/dfolse/repos/SPIDER/SPIDER_ws/install/spider_interfaces:/home/dfolse/repos/SPIDER/SPIDER_ws/install/oak_d_lite:/home/dfolse/repos/SPIDER/SPIDER_ws/install/nav2_gps_waypoint_follower_demo:/opt/ros/foxy PYTHONPATH=/home/dfolse/repos/SPIDER/SPIDER_ws/build/data_transfer/prefix_override:/home/dfolse/repos/SPIDER/SPIDER_ws/install/data_transfer/lib/python3.8/site-packages:/home/dfolse/repos/SPIDER/SPIDER_ws/install/spider_nav/lib/python3.8/site-packages:/home/dfolse/repos/SPIDER/SPIDER_ws/install/locomotion/lib/python3.8/site-packages:/home/dfolse/repos/SPIDER/SPIDER_ws/install/spider_interfaces/lib/python3.8/site-packages:/home/dfolse/repos/SPIDER/SPIDER_ws/install/data_transfer/lib/python3.8/site-packages:/home/dfolse/repos/SPIDER/SPIDER_ws/install/oak_d_lite/lib/python3.8/site-packages:/home/dfolse/repos/SPIDER/SPIDER_ws/install/nav2_gps_waypoint_follower_demo/lib/python3.8/site-packages:/opt/ros/foxy/lib/python3.8/site-packages /usr/bin/python3 -W ignore:setup.py install is deprecated setup.py egg_info --egg-base ../../build/data_transfer build --build-base /home/dfolse/repos/SPIDER/SPIDER_ws/build/data_transfer/build install --record /home/dfolse/repos/SPIDER/SPIDER_ws/build/data_transfer/install.log --single-version-externally-managed install_data
[18.343s] Level 1:colcon.colcon_core.environment:checking '/home/dfolse/repos/SPIDER/SPIDER_ws/install/data_transfer' for CMake module files
[18.345s] DEBUG:colcon.colcon_core.event_handler.log_command:Invoked command in '/home/dfolse/repos/SPIDER/SPIDER_ws/src/data_transfer' returned '0': AMENT_PREFIX_PATH=/home/dfolse/repos/SPIDER/SPIDER_ws/install/spider_nav:/home/dfolse/repos/SPIDER/SPIDER_ws/install/locomotion:/home/dfolse/repos/SPIDER/SPIDER_ws/install/data_transfer:/home/dfolse/repos/SPIDER/SPIDER_ws/install/spider_interfaces:/home/dfolse/repos/SPIDER/SPIDER_ws/install/oak_d_lite:/home/dfolse/repos/SPIDER/SPIDER_ws/install/nav2_gps_waypoint_follower_demo:/opt/ros/foxy PYTHONPATH=/home/dfolse/repos/SPIDER/SPIDER_ws/build/data_transfer/prefix_override:/home/dfolse/repos/SPIDER/SPIDER_ws/install/data_transfer/lib/python3.8/site-packages:/home/dfolse/repos/SPIDER/SPIDER_ws/install/spider_nav/lib/python3.8/site-packages:/home/dfolse/repos/SPIDER/SPIDER_ws/install/locomotion/lib/python3.8/site-packages:/home/dfolse/repos/SPIDER/SPIDER_ws/install/spider_interfaces/lib/python3.8/site-packages:/home/dfolse/repos/SPIDER/SPIDER_ws/install/data_transfer/lib/python3.8/site-packages:/home/dfolse/repos/SPIDER/SPIDER_ws/install/oak_d_lite/lib/python3.8/site-packages:/home/dfolse/repos/SPIDER/SPIDER_ws/install/nav2_gps_waypoint_follower_demo/lib/python3.8/site-packages:/opt/ros/foxy/lib/python3.8/site-packages /usr/bin/python3 -W ignore:setup.py install is deprecated setup.py egg_info --egg-base ../../build/data_transfer build --build-base /home/dfolse/repos/SPIDER/SPIDER_ws/build/data_transfer/build install --record /home/dfolse/repos/SPIDER/SPIDER_ws/build/data_transfer/install.log --single-version-externally-managed install_data
[18.347s] Level 1:colcon.colcon_core.environment:checking '/home/dfolse/repos/SPIDER/SPIDER_ws/install/data_transfer' for CMake config files
[18.352s] Level 1:colcon.colcon_core.environment:checking '/home/dfolse/repos/SPIDER/SPIDER_ws/install/data_transfer/lib'
[18.352s] Level 1:colcon.colcon_core.environment:checking '/home/dfolse/repos/SPIDER/SPIDER_ws/install/data_transfer/bin'
[18.353s] Level 1:colcon.colcon_core.environment:checking '/home/dfolse/repos/SPIDER/SPIDER_ws/install/data_transfer/lib/pkgconfig/data_transfer.pc'
[18.354s] Level 1:colcon.colcon_core.environment:checking '/home/dfolse/repos/SPIDER/SPIDER_ws/install/data_transfer/lib/python3.8/site-packages'
[18.354s] Level 1:colcon.colcon_core.shell:create_environment_hook('data_transfer', 'pythonpath')
[18.356s] INFO:colcon.colcon_core.shell:Creating environment hook '/home/dfolse/repos/SPIDER/SPIDER_ws/install/data_transfer/share/data_transfer/hook/pythonpath.ps1'
[18.358s] INFO:colcon.colcon_core.shell:Creating environment descriptor '/home/dfolse/repos/SPIDER/SPIDER_ws/install/data_transfer/share/data_transfer/hook/pythonpath.dsv'
[18.360s] INFO:colcon.colcon_core.shell:Creating environment hook '/home/dfolse/repos/SPIDER/SPIDER_ws/install/data_transfer/share/data_transfer/hook/pythonpath.sh'
[18.362s] Level 1:colcon.colcon_core.environment:checking '/home/dfolse/repos/SPIDER/SPIDER_ws/install/data_transfer/bin'
[18.363s] Level 1:colcon.colcon_core.environment:create_environment_scripts_only(data_transfer)
[18.364s] INFO:colcon.colcon_core.shell:Creating package script '/home/dfolse/repos/SPIDER/SPIDER_ws/install/data_transfer/share/data_transfer/package.ps1'
[18.367s] INFO:colcon.colcon_core.shell:Creating package descriptor '/home/dfolse/repos/SPIDER/SPIDER_ws/install/data_transfer/share/data_transfer/package.dsv'
[18.369s] INFO:colcon.colcon_core.shell:Creating package script '/home/dfolse/repos/SPIDER/SPIDER_ws/install/data_transfer/share/data_transfer/package.sh'
[18.371s] INFO:colcon.colcon_core.shell:Creating package script '/home/dfolse/repos/SPIDER/SPIDER_ws/install/data_transfer/share/data_transfer/package.bash'
[18.373s] INFO:colcon.colcon_core.shell:Creating package script '/home/dfolse/repos/SPIDER/SPIDER_ws/install/data_transfer/share/data_transfer/package.zsh'
[18.375s] Level 1:colcon.colcon_core.environment:create_file_with_runtime_dependencies(/home/dfolse/repos/SPIDER/SPIDER_ws/install/data_transfer/share/colcon-core/packages/data_transfer)
[18.376s] DEBUG:colcon.colcon_parallel_executor.executor.parallel:closing loop
[18.378s] DEBUG:colcon.colcon_parallel_executor.executor.parallel:loop closed
[18.378s] DEBUG:colcon.colcon_parallel_executor.executor.parallel:run_until_complete finished with '0'
[18.379s] DEBUG:colcon.colcon_core.event_reactor:joining thread
[18.405s] INFO:colcon.colcon_core.plugin_system:Skipping extension 'colcon_notification.desktop_notification.terminal_notifier': Not used on non-Darwin systems
[18.405s] INFO:colcon.colcon_core.plugin_system:Skipping extension 'colcon_notification.desktop_notification.win32': Not used on non-Windows systems
[18.406s] INFO:colcon.colcon_notification.desktop_notification:Sending desktop notification using 'notify2'
[18.410s] DEBUG:colcon.colcon_notification.desktop_notification.notify2:Failed to initialize notify2: org.freedesktop.DBus.Error.ServiceUnknown: The name org.freedesktop.Notifications was not provided by any .service files
[18.411s] DEBUG:colcon.colcon_core.event_reactor:joined thread
[18.412s] INFO:colcon.colcon_core.shell:Creating prefix script '/home/dfolse/repos/SPIDER/SPIDER_ws/install/local_setup.ps1'
[18.416s] INFO:colcon.colcon_core.shell:Creating prefix util module '/home/dfolse/repos/SPIDER/SPIDER_ws/install/_local_setup_util_ps1.py'
[18.423s] INFO:colcon.colcon_core.shell:Creating prefix chain script '/home/dfolse/repos/SPIDER/SPIDER_ws/install/setup.ps1'
[18.429s] INFO:colcon.colcon_core.shell:Creating prefix script '/home/dfolse/repos/SPIDER/SPIDER_ws/install/local_setup.sh'
[18.431s] INFO:colcon.colcon_core.shell:Creating prefix util module '/home/dfolse/repos/SPIDER/SPIDER_ws/install/_local_setup_util_sh.py'
[18.434s] INFO:colcon.colcon_core.shell:Creating prefix chain script '/home/dfolse/repos/SPIDER/SPIDER_ws/install/setup.sh'
[18.439s] INFO:colcon.colcon_core.shell:Creating prefix script '/home/dfolse/repos/SPIDER/SPIDER_ws/install/local_setup.bash'
[18.442s] INFO:colcon.colcon_core.shell:Creating prefix chain script '/home/dfolse/repos/SPIDER/SPIDER_ws/install/setup.bash'
[18.447s] INFO:colcon.colcon_core.shell:Creating prefix script '/home/dfolse/repos/SPIDER/SPIDER_ws/install/local_setup.zsh'
[18.450s] INFO:colcon.colcon_core.shell:Creating prefix chain script '/home/dfolse/repos/SPIDER/SPIDER_ws/install/setup.zsh'
