[4.072s] Invoking command in '/home/dfolse/repos/SPIDER/SPIDER_ws/src/nav2_gps_waypoint_follower_demo': NX_CONNECTION=192.168.1.26 61486 192.168.1.53 4000 PYTHONPATH=/home/dfolse/repos/SPIDER/SPIDER_ws/build/nav2_gps_waypoint_follower_demo/prefix_override:/home/dfolse/repos/SPIDER/SPIDER_ws/install/nav2_gps_waypoint_follower_demo/lib/python3.8/site-packages:${PYTHONPATH} /usr/bin/python3 -W ignore:setup.py install is deprecated setup.py egg_info --egg-base ../../build/nav2_gps_waypoint_follower_demo build --build-base /home/dfolse/repos/SPIDER/SPIDER_ws/build/nav2_gps_waypoint_follower_demo/build install --record /home/dfolse/repos/SPIDER/SPIDER_ws/build/nav2_gps_waypoint_follower_demo/install.log --single-version-externally-managed install_data
[4.684s] running egg_info
[4.693s] writing ../../build/nav2_gps_waypoint_follower_demo/nav2_gps_waypoint_follower_demo.egg-info/PKG-INFO
[4.693s] writing dependency_links to ../../build/nav2_gps_waypoint_follower_demo/nav2_gps_waypoint_follower_demo.egg-info/dependency_links.txt
[4.693s] writing entry points to ../../build/nav2_gps_waypoint_follower_demo/nav2_gps_waypoint_follower_demo.egg-info/entry_points.txt
[4.694s] writing requirements to ../../build/nav2_gps_waypoint_follower_demo/nav2_gps_waypoint_follower_demo.egg-info/requires.txt
[4.694s] writing top-level names to ../../build/nav2_gps_waypoint_follower_demo/nav2_gps_waypoint_follower_demo.egg-info/top_level.txt
[4.700s] reading manifest file '../../build/nav2_gps_waypoint_follower_demo/nav2_gps_waypoint_follower_demo.egg-info/SOURCES.txt'
[4.701s] writing manifest file '../../build/nav2_gps_waypoint_follower_demo/nav2_gps_waypoint_follower_demo.egg-info/SOURCES.txt'
[4.701s] running build
[4.701s] running build_py
[4.701s] running install
[4.702s] running install_lib
[4.706s] running install_data
[4.706s] running install_egg_info
[4.709s] removing '/home/dfolse/repos/SPIDER/SPIDER_ws/install/nav2_gps_waypoint_follower_demo/lib/python3.8/site-packages/nav2_gps_waypoint_follower_demo-0.0.1-py3.8.egg-info' (and everything under it)
[4.709s] Copying ../../build/nav2_gps_waypoint_follower_demo/nav2_gps_waypoint_follower_demo.egg-info to /home/dfolse/repos/SPIDER/SPIDER_ws/install/nav2_gps_waypoint_follower_demo/lib/python3.8/site-packages/nav2_gps_waypoint_follower_demo-0.0.1-py3.8.egg-info
[4.711s] running install_scripts
[4.760s] Installing gps_waypoint_logger script to /home/dfolse/repos/SPIDER/SPIDER_ws/install/nav2_gps_waypoint_follower_demo/lib/nav2_gps_waypoint_follower_demo
[4.760s] Installing interactive_waypoint_follower script to /home/dfolse/repos/SPIDER/SPIDER_ws/install/nav2_gps_waypoint_follower_demo/lib/nav2_gps_waypoint_follower_demo
[4.761s] Installing logged_waypoint_follower script to /home/dfolse/repos/SPIDER/SPIDER_ws/install/nav2_gps_waypoint_follower_demo/lib/nav2_gps_waypoint_follower_demo
[4.774s] writing list of installed files to '/home/dfolse/repos/SPIDER/SPIDER_ws/build/nav2_gps_waypoint_follower_demo/install.log'
[4.869s] Invoked command in '/home/dfolse/repos/SPIDER/SPIDER_ws/src/nav2_gps_waypoint_follower_demo' returned '0': NX_CONNECTION=192.168.1.26 61486 192.168.1.53 4000 PYTHONPATH=/home/dfolse/repos/SPIDER/SPIDER_ws/build/nav2_gps_waypoint_follower_demo/prefix_override:/home/dfolse/repos/SPIDER/SPIDER_ws/install/nav2_gps_waypoint_follower_demo/lib/python3.8/site-packages:${PYTHONPATH} /usr/bin/python3 -W ignore:setup.py install is deprecated setup.py egg_info --egg-base ../../build/nav2_gps_waypoint_follower_demo build --build-base /home/dfolse/repos/SPIDER/SPIDER_ws/build/nav2_gps_waypoint_follower_demo/build install --record /home/dfolse/repos/SPIDER/SPIDER_ws/build/nav2_gps_waypoint_follower_demo/install.log --single-version-externally-managed install_data
