[3.011s] Invoking command in '/home/dfolse/repos/SPIDER/SPIDER_ws/src/spider_nav': AMENT_PREFIX_PATH=/home/dfolse/repos/SPIDER/SPIDER_ws/install/locomotion:/home/dfolse/repos/SPIDER/SPIDER_ws/install/data_transfer:/home/dfolse/repos/SPIDER/SPIDER_ws/install/spider_nav:/home/dfolse/repos/SPIDER/SPIDER_ws/install/spider_interfaces:/home/dfolse/repos/SPIDER/SPIDER_ws/install/spider_description:/home/dfolse/repos/SPIDER/SPIDER_ws/install/oak_d_lite:/home/dfolse/repos/SPIDER/SPIDER_ws/install/nav2_gps_waypoint_follower_demo:/opt/ros/foxy PYTHONPATH=/home/dfolse/repos/SPIDER/SPIDER_ws/build/spider_nav/prefix_override:/home/dfolse/repos/SPIDER/SPIDER_ws/install/spider_nav/lib/python3.8/site-packages:/home/dfolse/repos/SPIDER/SPIDER_ws/install/locomotion/lib/python3.8/site-packages:/home/dfolse/repos/SPIDER/SPIDER_ws/install/spider_interfaces/lib/python3.8/site-packages:/home/dfolse/repos/SPIDER/SPIDER_ws/install/data_transfer/lib/python3.8/site-packages:/home/dfolse/repos/SPIDER/SPIDER_ws/install/spider_nav/lib/python3.8/site-packages:/home/dfolse/repos/SPIDER/SPIDER_ws/install/oak_d_lite/lib/python3.8/site-packages:/home/dfolse/repos/SPIDER/SPIDER_ws/install/nav2_gps_waypoint_follower_demo/lib/python3.8/site-packages:/opt/ros/foxy/lib/python3.8/site-packages /usr/bin/python3 -W ignore:setup.py install is deprecated setup.py egg_info --egg-base ../../build/spider_nav build --build-base /home/dfolse/repos/SPIDER/SPIDER_ws/build/spider_nav/build install --record /home/dfolse/repos/SPIDER/SPIDER_ws/build/spider_nav/install.log --single-version-externally-managed install_data
[4.052s] running egg_info
[4.054s] writing ../../build/spider_nav/spider_nav.egg-info/PKG-INFO
[4.055s] writing dependency_links to ../../build/spider_nav/spider_nav.egg-info/dependency_links.txt
[4.056s] writing entry points to ../../build/spider_nav/spider_nav.egg-info/entry_points.txt
[4.057s] writing requirements to ../../build/spider_nav/spider_nav.egg-info/requires.txt
[4.058s] writing top-level names to ../../build/spider_nav/spider_nav.egg-info/top_level.txt
[4.206s] reading manifest file '../../build/spider_nav/spider_nav.egg-info/SOURCES.txt'
[4.211s] writing manifest file '../../build/spider_nav/spider_nav.egg-info/SOURCES.txt'
[4.211s] running build
[4.212s] running build_py
[4.215s] running install
[4.218s] running install_lib
[4.228s] running install_data
[4.230s] copying launch/spider_nav_rpi.launch.py -> /home/dfolse/repos/SPIDER/SPIDER_ws/install/spider_nav/share/spider_nav/launch
[4.231s] running install_egg_info
[4.238s] removing '/home/dfolse/repos/SPIDER/SPIDER_ws/install/spider_nav/lib/python3.8/site-packages/spider_nav-0.0.0-py3.8.egg-info' (and everything under it)
[4.239s] Copying ../../build/spider_nav/spider_nav.egg-info to /home/dfolse/repos/SPIDER/SPIDER_ws/install/spider_nav/lib/python3.8/site-packages/spider_nav-0.0.0-py3.8.egg-info
[4.244s] running install_scripts
[4.314s] Installing gps_waypoint_logger script to /home/dfolse/repos/SPIDER/SPIDER_ws/install/spider_nav/lib/spider_nav
[4.315s] Installing interactive_waypoint_follower script to /home/dfolse/repos/SPIDER/SPIDER_ws/install/spider_nav/lib/spider_nav
[4.315s] Installing logged_waypoint_follower script to /home/dfolse/repos/SPIDER/SPIDER_ws/install/spider_nav/lib/spider_nav
[4.316s] Installing spider_gps_pub script to /home/dfolse/repos/SPIDER/SPIDER_ws/install/spider_nav/lib/spider_nav
[4.317s] Installing spider_nav_main script to /home/dfolse/repos/SPIDER/SPIDER_ws/install/spider_nav/lib/spider_nav
[4.319s] writing list of installed files to '/home/dfolse/repos/SPIDER/SPIDER_ws/build/spider_nav/install.log'
[4.417s] Invoked command in '/home/dfolse/repos/SPIDER/SPIDER_ws/src/spider_nav' returned '0': AMENT_PREFIX_PATH=/home/dfolse/repos/SPIDER/SPIDER_ws/install/locomotion:/home/dfolse/repos/SPIDER/SPIDER_ws/install/data_transfer:/home/dfolse/repos/SPIDER/SPIDER_ws/install/spider_nav:/home/dfolse/repos/SPIDER/SPIDER_ws/install/spider_interfaces:/home/dfolse/repos/SPIDER/SPIDER_ws/install/spider_description:/home/dfolse/repos/SPIDER/SPIDER_ws/install/oak_d_lite:/home/dfolse/repos/SPIDER/SPIDER_ws/install/nav2_gps_waypoint_follower_demo:/opt/ros/foxy PYTHONPATH=/home/dfolse/repos/SPIDER/SPIDER_ws/build/spider_nav/prefix_override:/home/dfolse/repos/SPIDER/SPIDER_ws/install/spider_nav/lib/python3.8/site-packages:/home/dfolse/repos/SPIDER/SPIDER_ws/install/locomotion/lib/python3.8/site-packages:/home/dfolse/repos/SPIDER/SPIDER_ws/install/spider_interfaces/lib/python3.8/site-packages:/home/dfolse/repos/SPIDER/SPIDER_ws/install/data_transfer/lib/python3.8/site-packages:/home/dfolse/repos/SPIDER/SPIDER_ws/install/spider_nav/lib/python3.8/site-packages:/home/dfolse/repos/SPIDER/SPIDER_ws/install/oak_d_lite/lib/python3.8/site-packages:/home/dfolse/repos/SPIDER/SPIDER_ws/install/nav2_gps_waypoint_follower_demo/lib/python3.8/site-packages:/opt/ros/foxy/lib/python3.8/site-packages /usr/bin/python3 -W ignore:setup.py install is deprecated setup.py egg_info --egg-base ../../build/spider_nav build --build-base /home/dfolse/repos/SPIDER/SPIDER_ws/build/spider_nav/build install --record /home/dfolse/repos/SPIDER/SPIDER_ws/build/spider_nav/install.log --single-version-externally-managed install_data
