[0.406s] Invoking command in '/home/dfolse/repos/SPIDER/SPIDER_ws/build/spider_interfaces': CMAKE_PREFIX_PATH=${CMAKE_PREFIX_PATH}:/home/dfolse/repos/SPIDER/SPIDER_ws/install/data_transfer:/opt/ros/foxy NX_CONNECTION=192.168.1.26 54739 192.168.1.53 4000 /usr/bin/cmake --build /home/dfolse/repos/SPIDER/SPIDER_ws/build/spider_interfaces -- -j6 -l6
[0.480s] -- Found ament_cmake: 0.9.12 (/opt/ros/foxy/share/ament_cmake/cmake)
[0.528s] -- Found PythonInterp: /usr/bin/python3 (found suitable version "3.8.10", minimum required is "3") 
[0.528s] -- Using PYTHON_EXECUTABLE: /usr/bin/python3
[0.942s] -- Found std_msgs: 2.0.5 (/opt/ros/foxy/share/std_msgs/cmake)
[0.980s] -- Using all available rosidl_typesupport_c: rosidl_typesupport_fastrtps_c;rosidl_typesupport_introspection_c
[0.986s] -- Found rosidl_adapter: 1.3.1 (/opt/ros/foxy/share/rosidl_adapter/cmake)
[1.246s] -- Using all available rosidl_typesupport_cpp: rosidl_typesupport_fastrtps_cpp;rosidl_typesupport_introspection_cpp
[1.325s] -- Found rosidl_default_generators: 1.0.1 (/opt/ros/foxy/share/rosidl_default_generators/cmake)
[1.391s] -- Found PythonInterp: /usr/bin/python3 (found version "3.8.10") 
[1.713s] -- Found ament_cmake_ros: 0.9.2 (/opt/ros/foxy/share/ament_cmake_ros/cmake)
[2.065s] -- Using all available rosidl_typesupport_c: rosidl_typesupport_fastrtps_c;rosidl_typesupport_introspection_c
[2.175s] -- Using all available rosidl_typesupport_cpp: rosidl_typesupport_fastrtps_cpp;rosidl_typesupport_introspection_cpp
[2.225s] -- Found PythonInterp: /usr/bin/python3 (found suitable version "3.8.10", minimum required is "3.5") 
[2.226s] -- Found python_cmake_module: 0.8.1 (/opt/ros/foxy/share/python_cmake_module/cmake)
[2.277s] -- Using PYTHON_EXECUTABLE: /usr/bin/python3
[2.277s] -- Using PYTHON_INCLUDE_DIRS: /usr/include/python3.8
[2.277s] -- Using PYTHON_LIBRARIES: /usr/lib/aarch64-linux-gnu/libpython3.8.so
[2.355s] -- Configuring done
[2.438s] -- Generating done
[2.445s] -- Build files have been written to: /home/dfolse/repos/SPIDER/SPIDER_ws/build/spider_interfaces
[2.527s] [  2%] [34m[1mGenerating C code for ROS interfaces[0m
[2.561s] [  5%] [34m[1mGenerating C++ code for ROS interfaces[0m
[3.172s] [  5%] Built target spider_interfaces__cpp
[3.183s] [35m[1mScanning dependencies of target spider_interfaces__rosidl_generator_c[0m
[3.203s] [ 12%] [34m[1mGenerating C++ introspection for ROS interfaces[0m
[3.203s] [ 12%] [34m[1mGenerating C++ type support dispatch for ROS interfaces[0m
[3.203s] [ 12%] [34m[1mGenerating C++ type support for eProsima Fast-RTPS[0m
[3.223s] [ 17%] [32mBuilding C object CMakeFiles/spider_interfaces__rosidl_generator_c.dir/rosidl_generator_c/spider_interfaces/srv/detail/loc_service__functions.c.o[0m
[3.224s] [ 17%] [32mBuilding C object CMakeFiles/spider_interfaces__rosidl_generator_c.dir/rosidl_generator_c/spider_interfaces/msg/detail/loc_commands__functions.c.o[0m
[3.389s] [ 20%] [32m[1mLinking C shared library libspider_interfaces__rosidl_generator_c.so[0m
[3.504s] [ 20%] Built target spider_interfaces__rosidl_generator_c
[3.536s] [ 25%] [34m[1mGenerating C type support dispatch for ROS interfaces[0m
[3.536s] [ 25%] [34m[1mGenerating C introspection for ROS interfaces[0m
[3.712s] [35m[1mScanning dependencies of target spider_interfaces__rosidl_typesupport_cpp[0m
[3.754s] [ 28%] [32mBuilding CXX object CMakeFiles/spider_interfaces__rosidl_typesupport_cpp.dir/rosidl_typesupport_cpp/spider_interfaces/msg/loc_commands__type_support.cpp.o[0m
[3.764s] [ 30%] [32mBuilding CXX object CMakeFiles/spider_interfaces__rosidl_typesupport_cpp.dir/rosidl_typesupport_cpp/spider_interfaces/srv/loc_service__type_support.cpp.o[0m
[3.785s] [35m[1mScanning dependencies of target spider_interfaces__rosidl_typesupport_introspection_cpp[0m
[3.822s] [ 33%] [32mBuilding CXX object CMakeFiles/spider_interfaces__rosidl_typesupport_introspection_cpp.dir/rosidl_typesupport_introspection_cpp/spider_interfaces/msg/detail/loc_commands__type_support.cpp.o[0m
[3.854s] [35m[1mScanning dependencies of target spider_interfaces__rosidl_typesupport_fastrtps_cpp[0m
[3.899s] [ 35%] [32mBuilding CXX object CMakeFiles/spider_interfaces__rosidl_typesupport_fastrtps_cpp.dir/rosidl_typesupport_fastrtps_cpp/spider_interfaces/msg/detail/dds_fastrtps/loc_commands__type_support.cpp.o[0m
[4.057s] [35m[1mScanning dependencies of target spider_interfaces__rosidl_typesupport_c[0m
[4.094s] [ 38%] [32mBuilding CXX object CMakeFiles/spider_interfaces__rosidl_typesupport_c.dir/rosidl_typesupport_c/spider_interfaces/msg/loc_commands__type_support.cpp.o[0m
[4.157s] [35m[1mScanning dependencies of target spider_interfaces__rosidl_typesupport_introspection_c[0m
[4.188s] [ 41%] [32mBuilding CXX object CMakeFiles/spider_interfaces__rosidl_typesupport_c.dir/rosidl_typesupport_c/spider_interfaces/srv/loc_service__type_support.cpp.o[0m
[4.204s] [ 43%] [32mBuilding C object CMakeFiles/spider_interfaces__rosidl_typesupport_introspection_c.dir/rosidl_typesupport_introspection_c/spider_interfaces/msg/detail/loc_commands__type_support.c.o[0m
[4.288s] [ 46%] [32m[1mLinking CXX shared library libspider_interfaces__rosidl_typesupport_c.so[0m
[4.341s] [ 48%] [32mBuilding C object CMakeFiles/spider_interfaces__rosidl_typesupport_introspection_c.dir/rosidl_typesupport_introspection_c/spider_interfaces/srv/detail/loc_service__type_support.c.o[0m
[4.435s] [ 48%] Built target spider_interfaces__rosidl_typesupport_c
[4.487s] [ 51%] [32mBuilding CXX object CMakeFiles/spider_interfaces__rosidl_typesupport_fastrtps_cpp.dir/rosidl_typesupport_fastrtps_cpp/spider_interfaces/srv/detail/dds_fastrtps/loc_service__type_support.cpp.o[0m
[4.495s] [ 56%] [32mBuilding CXX object CMakeFiles/spider_interfaces__rosidl_typesupport_introspection_cpp.dir/rosidl_typesupport_introspection_cpp/spider_interfaces/srv/detail/loc_service__type_support.cpp.o[0m
[4.496s] [ 56%] [32m[1mLinking C shared library libspider_interfaces__rosidl_typesupport_introspection_c.so[0m
[4.513s] [ 58%] [32m[1mLinking CXX shared library libspider_interfaces__rosidl_typesupport_cpp.so[0m
[4.594s] [ 58%] Built target spider_interfaces__rosidl_typesupport_introspection_c
[4.619s] [ 58%] Built target spider_interfaces__rosidl_typesupport_cpp
[5.168s] [ 61%] [32m[1mLinking CXX shared library libspider_interfaces__rosidl_typesupport_introspection_cpp.so[0m
[5.318s] [ 61%] Built target spider_interfaces__rosidl_typesupport_introspection_cpp
[5.450s] [ 64%] [32m[1mLinking CXX shared library libspider_interfaces__rosidl_typesupport_fastrtps_cpp.so[0m
[5.657s] [ 64%] Built target spider_interfaces__rosidl_typesupport_fastrtps_cpp
[5.690s] [ 66%] [34m[1mGenerating C type support for eProsima Fast-RTPS[0m
[6.232s] [35m[1mScanning dependencies of target spider_interfaces__rosidl_typesupport_fastrtps_c[0m
[6.281s] [ 71%] [32mBuilding CXX object CMakeFiles/spider_interfaces__rosidl_typesupport_fastrtps_c.dir/rosidl_typesupport_fastrtps_c/spider_interfaces/msg/detail/loc_commands__type_support_c.cpp.o[0m
[6.282s] [ 71%] [32mBuilding CXX object CMakeFiles/spider_interfaces__rosidl_typesupport_fastrtps_c.dir/rosidl_typesupport_fastrtps_c/spider_interfaces/srv/detail/loc_service__type_support_c.cpp.o[0m
[7.102s] [ 74%] [32m[1mLinking CXX shared library libspider_interfaces__rosidl_typesupport_fastrtps_c.so[0m
[7.295s] [ 74%] Built target spider_interfaces__rosidl_typesupport_fastrtps_c
[7.326s] [35m[1mScanning dependencies of target spider_interfaces[0m
[7.357s] [ 74%] Built target spider_interfaces
[7.390s] [35m[1mScanning dependencies of target spider_interfaces__py[0m
[7.421s] [ 76%] [34m[1mGenerating Python code for ROS interfaces[0m
[8.502s] [ 76%] Built target spider_interfaces__py
[8.533s] [35m[1mScanning dependencies of target spider_interfaces__python[0m
[8.598s] [ 79%] [32mBuilding C object CMakeFiles/spider_interfaces__python.dir/rosidl_generator_py/spider_interfaces/msg/_loc_commands_s.c.o[0m
[8.601s] [ 82%] [32mBuilding C object CMakeFiles/spider_interfaces__python.dir/rosidl_generator_py/spider_interfaces/srv/_loc_service_s.c.o[0m
[8.814s] [ 84%] [32m[1mLinking C shared library rosidl_generator_py/spider_interfaces/libspider_interfaces__python.so[0m
[8.916s] [ 84%] Built target spider_interfaces__python
[8.946s] [35m[1mScanning dependencies of target spider_interfaces__rosidl_typesupport_fastrtps_c__pyext[0m
[8.946s] [35m[1mScanning dependencies of target spider_interfaces__rosidl_typesupport_introspection_c__pyext[0m
[8.946s] [35m[1mScanning dependencies of target spider_interfaces__rosidl_typesupport_c__pyext[0m
[8.996s] [ 92%] [32mBuilding C object CMakeFiles/spider_interfaces__rosidl_typesupport_fastrtps_c__pyext.dir/rosidl_generator_py/spider_interfaces/_spider_interfaces_s.ep.rosidl_typesupport_fastrtps_c.c.o[0m
[8.997s] [ 92%] [32mBuilding C object CMakeFiles/spider_interfaces__rosidl_typesupport_introspection_c__pyext.dir/rosidl_generator_py/spider_interfaces/_spider_interfaces_s.ep.rosidl_typesupport_introspection_c.c.o[0m
[8.997s] [ 92%] [32mBuilding C object CMakeFiles/spider_interfaces__rosidl_typesupport_c__pyext.dir/rosidl_generator_py/spider_interfaces/_spider_interfaces_s.ep.rosidl_typesupport_c.c.o[0m
[9.191s] [ 94%] [32m[1mLinking C shared library rosidl_generator_py/spider_interfaces/spider_interfaces_s__rosidl_typesupport_c.cpython-38-aarch64-linux-gnu.so[0m
[9.192s] [ 97%] [32m[1mLinking C shared library rosidl_generator_py/spider_interfaces/spider_interfaces_s__rosidl_typesupport_introspection_c.cpython-38-aarch64-linux-gnu.so[0m
[9.195s] [100%] [32m[1mLinking CXX shared library rosidl_generator_py/spider_interfaces/spider_interfaces_s__rosidl_typesupport_fastrtps_c.cpython-38-aarch64-linux-gnu.so[0m
[9.292s] [100%] Built target spider_interfaces__rosidl_typesupport_introspection_c__pyext
[9.293s] [100%] Built target spider_interfaces__rosidl_typesupport_c__pyext
[9.346s] [100%] Built target spider_interfaces__rosidl_typesupport_fastrtps_c__pyext
[9.381s] Invoked command in '/home/dfolse/repos/SPIDER/SPIDER_ws/build/spider_interfaces' returned '0': CMAKE_PREFIX_PATH=${CMAKE_PREFIX_PATH}:/home/dfolse/repos/SPIDER/SPIDER_ws/install/data_transfer:/opt/ros/foxy NX_CONNECTION=192.168.1.26 54739 192.168.1.53 4000 /usr/bin/cmake --build /home/dfolse/repos/SPIDER/SPIDER_ws/build/spider_interfaces -- -j6 -l6
[9.792s] Invoking command in '/home/dfolse/repos/SPIDER/SPIDER_ws/build/spider_interfaces': CMAKE_PREFIX_PATH=${CMAKE_PREFIX_PATH}:/home/dfolse/repos/SPIDER/SPIDER_ws/install/data_transfer:/opt/ros/foxy NX_CONNECTION=192.168.1.26 54739 192.168.1.53 4000 /usr/bin/cmake --install /home/dfolse/repos/SPIDER/SPIDER_ws/build/spider_interfaces
[9.817s] -- Install configuration: ""
[9.817s] -- Installing: /home/dfolse/repos/SPIDER/SPIDER_ws/install/spider_interfaces/share/ament_index/resource_index/rosidl_interfaces/spider_interfaces
[9.818s] -- Installing: /home/dfolse/repos/SPIDER/SPIDER_ws/install/spider_interfaces/include/spider_interfaces
[9.818s] -- Installing: /home/dfolse/repos/SPIDER/SPIDER_ws/install/spider_interfaces/include/spider_interfaces/srv
[9.818s] -- Installing: /home/dfolse/repos/SPIDER/SPIDER_ws/install/spider_interfaces/include/spider_interfaces/srv/detail
[9.818s] -- Installing: /home/dfolse/repos/SPIDER/SPIDER_ws/install/spider_interfaces/include/spider_interfaces/srv/detail/loc_service__type_support.h
[9.818s] -- Installing: /home/dfolse/repos/SPIDER/SPIDER_ws/install/spider_interfaces/include/spider_interfaces/srv/detail/loc_service__functions.c
[9.818s] -- Installing: /home/dfolse/repos/SPIDER/SPIDER_ws/install/spider_interfaces/include/spider_interfaces/srv/detail/loc_service__functions.h
[9.819s] -- Installing: /home/dfolse/repos/SPIDER/SPIDER_ws/install/spider_interfaces/include/spider_interfaces/srv/detail/loc_service__struct.h
[9.819s] -- Installing: /home/dfolse/repos/SPIDER/SPIDER_ws/install/spider_interfaces/include/spider_interfaces/srv/loc_service.h
[9.820s] -- Installing: /home/dfolse/repos/SPIDER/SPIDER_ws/install/spider_interfaces/include/spider_interfaces/msg
[9.820s] -- Installing: /home/dfolse/repos/SPIDER/SPIDER_ws/install/spider_interfaces/include/spider_interfaces/msg/loc_commands.h
[9.820s] -- Installing: /home/dfolse/repos/SPIDER/SPIDER_ws/install/spider_interfaces/include/spider_interfaces/msg/detail
[9.820s] -- Installing: /home/dfolse/repos/SPIDER/SPIDER_ws/install/spider_interfaces/include/spider_interfaces/msg/detail/loc_commands__functions.h
[9.820s] -- Installing: /home/dfolse/repos/SPIDER/SPIDER_ws/install/spider_interfaces/include/spider_interfaces/msg/detail/loc_commands__functions.c
[9.821s] -- Installing: /home/dfolse/repos/SPIDER/SPIDER_ws/install/spider_interfaces/include/spider_interfaces/msg/detail/loc_commands__type_support.h
[9.821s] -- Installing: /home/dfolse/repos/SPIDER/SPIDER_ws/install/spider_interfaces/include/spider_interfaces/msg/detail/loc_commands__struct.h
[9.821s] -- Installing: /home/dfolse/repos/SPIDER/SPIDER_ws/install/spider_interfaces/include/spider_interfaces/msg/rosidl_generator_c__visibility_control.h
[9.821s] -- Installing: /home/dfolse/repos/SPIDER/SPIDER_ws/install/spider_interfaces/share/spider_interfaces/environment/library_path.sh
[9.821s] -- Installing: /home/dfolse/repos/SPIDER/SPIDER_ws/install/spider_interfaces/share/spider_interfaces/environment/library_path.dsv
[9.824s] -- Installing: /home/dfolse/repos/SPIDER/SPIDER_ws/install/spider_interfaces/lib/libspider_interfaces__rosidl_generator_c.so
[9.825s] -- Set runtime path of "/home/dfolse/repos/SPIDER/SPIDER_ws/install/spider_interfaces/lib/libspider_interfaces__rosidl_generator_c.so" to ""
[9.825s] -- Up-to-date: /home/dfolse/repos/SPIDER/SPIDER_ws/install/spider_interfaces/include/spider_interfaces
[9.826s] -- Up-to-date: /home/dfolse/repos/SPIDER/SPIDER_ws/install/spider_interfaces/include/spider_interfaces/srv
[9.826s] -- Up-to-date: /home/dfolse/repos/SPIDER/SPIDER_ws/install/spider_interfaces/include/spider_interfaces/srv/detail
[9.826s] -- Installing: /home/dfolse/repos/SPIDER/SPIDER_ws/install/spider_interfaces/include/spider_interfaces/srv/detail/loc_service__rosidl_typesupport_fastrtps_c.h
[9.826s] -- Up-to-date: /home/dfolse/repos/SPIDER/SPIDER_ws/install/spider_interfaces/include/spider_interfaces/msg
[9.826s] -- Installing: /home/dfolse/repos/SPIDER/SPIDER_ws/install/spider_interfaces/include/spider_interfaces/msg/rosidl_typesupport_fastrtps_c__visibility_control.h
[9.827s] -- Up-to-date: /home/dfolse/repos/SPIDER/SPIDER_ws/install/spider_interfaces/include/spider_interfaces/msg/detail
[9.827s] -- Installing: /home/dfolse/repos/SPIDER/SPIDER_ws/install/spider_interfaces/include/spider_interfaces/msg/detail/loc_commands__rosidl_typesupport_fastrtps_c.h
[9.827s] -- Installing: /home/dfolse/repos/SPIDER/SPIDER_ws/install/spider_interfaces/lib/libspider_interfaces__rosidl_typesupport_fastrtps_c.so
[9.827s] -- Set runtime path of "/home/dfolse/repos/SPIDER/SPIDER_ws/install/spider_interfaces/lib/libspider_interfaces__rosidl_typesupport_fastrtps_c.so" to ""
[9.828s] -- Up-to-date: /home/dfolse/repos/SPIDER/SPIDER_ws/install/spider_interfaces/include/spider_interfaces
[9.828s] -- Up-to-date: /home/dfolse/repos/SPIDER/SPIDER_ws/install/spider_interfaces/include/spider_interfaces/srv
[9.828s] -- Up-to-date: /home/dfolse/repos/SPIDER/SPIDER_ws/install/spider_interfaces/include/spider_interfaces/srv/detail
[9.828s] -- Installing: /home/dfolse/repos/SPIDER/SPIDER_ws/install/spider_interfaces/include/spider_interfaces/srv/detail/loc_service__rosidl_typesupport_fastrtps_cpp.hpp
[9.829s] -- Installing: /home/dfolse/repos/SPIDER/SPIDER_ws/install/spider_interfaces/include/spider_interfaces/srv/detail/dds_fastrtps
[9.829s] -- Up-to-date: /home/dfolse/repos/SPIDER/SPIDER_ws/install/spider_interfaces/include/spider_interfaces/msg
[9.829s] -- Up-to-date: /home/dfolse/repos/SPIDER/SPIDER_ws/install/spider_interfaces/include/spider_interfaces/msg/detail
[9.829s] -- Installing: /home/dfolse/repos/SPIDER/SPIDER_ws/install/spider_interfaces/include/spider_interfaces/msg/detail/dds_fastrtps
[9.830s] -- Installing: /home/dfolse/repos/SPIDER/SPIDER_ws/install/spider_interfaces/include/spider_interfaces/msg/detail/loc_commands__rosidl_typesupport_fastrtps_cpp.hpp
[9.830s] -- Installing: /home/dfolse/repos/SPIDER/SPIDER_ws/install/spider_interfaces/include/spider_interfaces/msg/rosidl_typesupport_fastrtps_cpp__visibility_control.h
[9.830s] -- Installing: /home/dfolse/repos/SPIDER/SPIDER_ws/install/spider_interfaces/lib/libspider_interfaces__rosidl_typesupport_fastrtps_cpp.so
[9.830s] -- Set runtime path of "/home/dfolse/repos/SPIDER/SPIDER_ws/install/spider_interfaces/lib/libspider_interfaces__rosidl_typesupport_fastrtps_cpp.so" to ""
[9.831s] -- Up-to-date: /home/dfolse/repos/SPIDER/SPIDER_ws/install/spider_interfaces/include/spider_interfaces
[9.831s] -- Up-to-date: /home/dfolse/repos/SPIDER/SPIDER_ws/install/spider_interfaces/include/spider_interfaces/srv
[9.831s] -- Up-to-date: /home/dfolse/repos/SPIDER/SPIDER_ws/install/spider_interfaces/include/spider_interfaces/srv/detail
[9.831s] -- Installing: /home/dfolse/repos/SPIDER/SPIDER_ws/install/spider_interfaces/include/spider_interfaces/srv/detail/loc_service__rosidl_typesupport_introspection_c.h
[9.831s] -- Installing: /home/dfolse/repos/SPIDER/SPIDER_ws/install/spider_interfaces/include/spider_interfaces/srv/detail/loc_service__type_support.c
[9.832s] -- Up-to-date: /home/dfolse/repos/SPIDER/SPIDER_ws/install/spider_interfaces/include/spider_interfaces/msg
[9.832s] -- Up-to-date: /home/dfolse/repos/SPIDER/SPIDER_ws/install/spider_interfaces/include/spider_interfaces/msg/detail
[9.832s] -- Installing: /home/dfolse/repos/SPIDER/SPIDER_ws/install/spider_interfaces/include/spider_interfaces/msg/detail/loc_commands__rosidl_typesupport_introspection_c.h
[9.832s] -- Installing: /home/dfolse/repos/SPIDER/SPIDER_ws/install/spider_interfaces/include/spider_interfaces/msg/detail/loc_commands__type_support.c
[9.833s] -- Installing: /home/dfolse/repos/SPIDER/SPIDER_ws/install/spider_interfaces/include/spider_interfaces/msg/rosidl_typesupport_introspection_c__visibility_control.h
[9.833s] -- Installing: /home/dfolse/repos/SPIDER/SPIDER_ws/install/spider_interfaces/lib/libspider_interfaces__rosidl_typesupport_introspection_c.so
[9.833s] -- Set runtime path of "/home/dfolse/repos/SPIDER/SPIDER_ws/install/spider_interfaces/lib/libspider_interfaces__rosidl_typesupport_introspection_c.so" to ""
[9.833s] -- Installing: /home/dfolse/repos/SPIDER/SPIDER_ws/install/spider_interfaces/lib/libspider_interfaces__rosidl_typesupport_c.so
[9.834s] -- Set runtime path of "/home/dfolse/repos/SPIDER/SPIDER_ws/install/spider_interfaces/lib/libspider_interfaces__rosidl_typesupport_c.so" to ""
[9.834s] -- Up-to-date: /home/dfolse/repos/SPIDER/SPIDER_ws/install/spider_interfaces/include/spider_interfaces
[9.834s] -- Up-to-date: /home/dfolse/repos/SPIDER/SPIDER_ws/install/spider_interfaces/include/spider_interfaces/srv
[9.835s] -- Up-to-date: /home/dfolse/repos/SPIDER/SPIDER_ws/install/spider_interfaces/include/spider_interfaces/srv/detail
[9.835s] -- Installing: /home/dfolse/repos/SPIDER/SPIDER_ws/install/spider_interfaces/include/spider_interfaces/srv/detail/loc_service__builder.hpp
[9.835s] -- Installing: /home/dfolse/repos/SPIDER/SPIDER_ws/install/spider_interfaces/include/spider_interfaces/srv/detail/loc_service__struct.hpp
[9.835s] -- Installing: /home/dfolse/repos/SPIDER/SPIDER_ws/install/spider_interfaces/include/spider_interfaces/srv/detail/loc_service__type_support.hpp
[9.836s] -- Installing: /home/dfolse/repos/SPIDER/SPIDER_ws/install/spider_interfaces/include/spider_interfaces/srv/detail/loc_service__traits.hpp
[9.836s] -- Installing: /home/dfolse/repos/SPIDER/SPIDER_ws/install/spider_interfaces/include/spider_interfaces/srv/loc_service.hpp
[9.837s] -- Up-to-date: /home/dfolse/repos/SPIDER/SPIDER_ws/install/spider_interfaces/include/spider_interfaces/msg
[9.837s] -- Installing: /home/dfolse/repos/SPIDER/SPIDER_ws/install/spider_interfaces/include/spider_interfaces/msg/loc_commands.hpp
[9.838s] -- Installing: /home/dfolse/repos/SPIDER/SPIDER_ws/install/spider_interfaces/include/spider_interfaces/msg/rosidl_generator_cpp__visibility_control.hpp
[9.839s] -- Up-to-date: /home/dfolse/repos/SPIDER/SPIDER_ws/install/spider_interfaces/include/spider_interfaces/msg/detail
[9.840s] -- Installing: /home/dfolse/repos/SPIDER/SPIDER_ws/install/spider_interfaces/include/spider_interfaces/msg/detail/loc_commands__traits.hpp
[9.840s] -- Installing: /home/dfolse/repos/SPIDER/SPIDER_ws/install/spider_interfaces/include/spider_interfaces/msg/detail/loc_commands__struct.hpp
[9.840s] -- Installing: /home/dfolse/repos/SPIDER/SPIDER_ws/install/spider_interfaces/include/spider_interfaces/msg/detail/loc_commands__type_support.hpp
[9.840s] -- Installing: /home/dfolse/repos/SPIDER/SPIDER_ws/install/spider_interfaces/include/spider_interfaces/msg/detail/loc_commands__builder.hpp
[9.840s] -- Up-to-date: /home/dfolse/repos/SPIDER/SPIDER_ws/install/spider_interfaces/include/spider_interfaces
[9.841s] -- Up-to-date: /home/dfolse/repos/SPIDER/SPIDER_ws/install/spider_interfaces/include/spider_interfaces/srv
[9.841s] -- Up-to-date: /home/dfolse/repos/SPIDER/SPIDER_ws/install/spider_interfaces/include/spider_interfaces/srv/detail
[9.841s] -- Installing: /home/dfolse/repos/SPIDER/SPIDER_ws/install/spider_interfaces/include/spider_interfaces/srv/detail/loc_service__type_support.cpp
[9.841s] -- Installing: /home/dfolse/repos/SPIDER/SPIDER_ws/install/spider_interfaces/include/spider_interfaces/srv/detail/loc_service__rosidl_typesupport_introspection_cpp.hpp
[9.841s] -- Up-to-date: /home/dfolse/repos/SPIDER/SPIDER_ws/install/spider_interfaces/include/spider_interfaces/msg
[9.842s] -- Up-to-date: /home/dfolse/repos/SPIDER/SPIDER_ws/install/spider_interfaces/include/spider_interfaces/msg/detail
[9.842s] -- Installing: /home/dfolse/repos/SPIDER/SPIDER_ws/install/spider_interfaces/include/spider_interfaces/msg/detail/loc_commands__type_support.cpp
[9.842s] -- Installing: /home/dfolse/repos/SPIDER/SPIDER_ws/install/spider_interfaces/include/spider_interfaces/msg/detail/loc_commands__rosidl_typesupport_introspection_cpp.hpp
[9.842s] -- Installing: /home/dfolse/repos/SPIDER/SPIDER_ws/install/spider_interfaces/lib/libspider_interfaces__rosidl_typesupport_introspection_cpp.so
[9.842s] -- Set runtime path of "/home/dfolse/repos/SPIDER/SPIDER_ws/install/spider_interfaces/lib/libspider_interfaces__rosidl_typesupport_introspection_cpp.so" to ""
[9.842s] -- Installing: /home/dfolse/repos/SPIDER/SPIDER_ws/install/spider_interfaces/lib/libspider_interfaces__rosidl_typesupport_cpp.so
[9.843s] -- Set runtime path of "/home/dfolse/repos/SPIDER/SPIDER_ws/install/spider_interfaces/lib/libspider_interfaces__rosidl_typesupport_cpp.so" to ""
[9.843s] -- Installing: /home/dfolse/repos/SPIDER/SPIDER_ws/install/spider_interfaces/share/spider_interfaces/environment/pythonpath.sh
[9.843s] -- Installing: /home/dfolse/repos/SPIDER/SPIDER_ws/install/spider_interfaces/share/spider_interfaces/environment/pythonpath.dsv
[9.843s] -- Installing: /home/dfolse/repos/SPIDER/SPIDER_ws/install/spider_interfaces/lib/python3.8/site-packages/spider_interfaces/__init__.py
[9.906s] Compiling '/home/dfolse/repos/SPIDER/SPIDER_ws/install/spider_interfaces/lib/python3.8/site-packages/spider_interfaces/__init__.py'...
[9.917s] -- Installing: /home/dfolse/repos/SPIDER/SPIDER_ws/install/spider_interfaces/lib/python3.8/site-packages/spider_interfaces/msg
[9.917s] -- Installing: /home/dfolse/repos/SPIDER/SPIDER_ws/install/spider_interfaces/lib/python3.8/site-packages/spider_interfaces/msg/_loc_commands.py
[9.917s] -- Installing: /home/dfolse/repos/SPIDER/SPIDER_ws/install/spider_interfaces/lib/python3.8/site-packages/spider_interfaces/msg/_loc_commands_s.c
[9.918s] -- Installing: /home/dfolse/repos/SPIDER/SPIDER_ws/install/spider_interfaces/lib/python3.8/site-packages/spider_interfaces/msg/__init__.py
[9.918s] -- Installing: /home/dfolse/repos/SPIDER/SPIDER_ws/install/spider_interfaces/lib/python3.8/site-packages/spider_interfaces/srv
[9.918s] -- Installing: /home/dfolse/repos/SPIDER/SPIDER_ws/install/spider_interfaces/lib/python3.8/site-packages/spider_interfaces/srv/_loc_service_s.c
[9.918s] -- Installing: /home/dfolse/repos/SPIDER/SPIDER_ws/install/spider_interfaces/lib/python3.8/site-packages/spider_interfaces/srv/_loc_service.py
[9.918s] -- Installing: /home/dfolse/repos/SPIDER/SPIDER_ws/install/spider_interfaces/lib/python3.8/site-packages/spider_interfaces/srv/__init__.py
[9.919s] -- Installing: /home/dfolse/repos/SPIDER/SPIDER_ws/install/spider_interfaces/lib/python3.8/site-packages/spider_interfaces/spider_interfaces_s__rosidl_typesupport_fastrtps_c.cpython-38-aarch64-linux-gnu.so
[9.920s] -- Set runtime path of "/home/dfolse/repos/SPIDER/SPIDER_ws/install/spider_interfaces/lib/python3.8/site-packages/spider_interfaces/spider_interfaces_s__rosidl_typesupport_fastrtps_c.cpython-38-aarch64-linux-gnu.so" to ""
[9.921s] -- Installing: /home/dfolse/repos/SPIDER/SPIDER_ws/install/spider_interfaces/lib/python3.8/site-packages/spider_interfaces/spider_interfaces_s__rosidl_typesupport_introspection_c.cpython-38-aarch64-linux-gnu.so
[9.922s] -- Set runtime path of "/home/dfolse/repos/SPIDER/SPIDER_ws/install/spider_interfaces/lib/python3.8/site-packages/spider_interfaces/spider_interfaces_s__rosidl_typesupport_introspection_c.cpython-38-aarch64-linux-gnu.so" to ""
[9.922s] -- Installing: /home/dfolse/repos/SPIDER/SPIDER_ws/install/spider_interfaces/lib/python3.8/site-packages/spider_interfaces/spider_interfaces_s__rosidl_typesupport_c.cpython-38-aarch64-linux-gnu.so
[9.923s] -- Set runtime path of "/home/dfolse/repos/SPIDER/SPIDER_ws/install/spider_interfaces/lib/python3.8/site-packages/spider_interfaces/spider_interfaces_s__rosidl_typesupport_c.cpython-38-aarch64-linux-gnu.so" to ""
[9.923s] -- Installing: /home/dfolse/repos/SPIDER/SPIDER_ws/install/spider_interfaces/lib/libspider_interfaces__python.so
[9.924s] -- Set runtime path of "/home/dfolse/repos/SPIDER/SPIDER_ws/install/spider_interfaces/lib/libspider_interfaces__python.so" to ""
[9.924s] -- Installing: /home/dfolse/repos/SPIDER/SPIDER_ws/install/spider_interfaces/share/spider_interfaces/msg/LocCommands.idl
[9.924s] -- Installing: /home/dfolse/repos/SPIDER/SPIDER_ws/install/spider_interfaces/share/spider_interfaces/srv/LocService.idl
[9.925s] -- Installing: /home/dfolse/repos/SPIDER/SPIDER_ws/install/spider_interfaces/share/spider_interfaces/msg/LocCommands.msg
[9.925s] -- Installing: /home/dfolse/repos/SPIDER/SPIDER_ws/install/spider_interfaces/share/spider_interfaces/srv/LocService.srv
[9.925s] -- Installing: /home/dfolse/repos/SPIDER/SPIDER_ws/install/spider_interfaces/share/spider_interfaces/srv/LocService_Request.msg
[9.925s] -- Installing: /home/dfolse/repos/SPIDER/SPIDER_ws/install/spider_interfaces/share/spider_interfaces/srv/LocService_Response.msg
[9.926s] -- Installing: /home/dfolse/repos/SPIDER/SPIDER_ws/install/spider_interfaces/share/ament_index/resource_index/package_run_dependencies/spider_interfaces
[9.926s] -- Installing: /home/dfolse/repos/SPIDER/SPIDER_ws/install/spider_interfaces/share/ament_index/resource_index/parent_prefix_path/spider_interfaces
[9.927s] -- Installing: /home/dfolse/repos/SPIDER/SPIDER_ws/install/spider_interfaces/share/spider_interfaces/environment/ament_prefix_path.sh
[9.927s] -- Installing: /home/dfolse/repos/SPIDER/SPIDER_ws/install/spider_interfaces/share/spider_interfaces/environment/ament_prefix_path.dsv
[9.928s] -- Installing: /home/dfolse/repos/SPIDER/SPIDER_ws/install/spider_interfaces/share/spider_interfaces/environment/path.sh
[9.928s] -- Installing: /home/dfolse/repos/SPIDER/SPIDER_ws/install/spider_interfaces/share/spider_interfaces/environment/path.dsv
[9.928s] -- Installing: /home/dfolse/repos/SPIDER/SPIDER_ws/install/spider_interfaces/share/spider_interfaces/local_setup.bash
[9.929s] -- Installing: /home/dfolse/repos/SPIDER/SPIDER_ws/install/spider_interfaces/share/spider_interfaces/local_setup.sh
[9.929s] -- Installing: /home/dfolse/repos/SPIDER/SPIDER_ws/install/spider_interfaces/share/spider_interfaces/local_setup.zsh
[9.929s] -- Installing: /home/dfolse/repos/SPIDER/SPIDER_ws/install/spider_interfaces/share/spider_interfaces/local_setup.dsv
[9.929s] -- Installing: /home/dfolse/repos/SPIDER/SPIDER_ws/install/spider_interfaces/share/spider_interfaces/package.dsv
[9.930s] -- Installing: /home/dfolse/repos/SPIDER/SPIDER_ws/install/spider_interfaces/share/ament_index/resource_index/packages/spider_interfaces
[9.930s] -- Installing: /home/dfolse/repos/SPIDER/SPIDER_ws/install/spider_interfaces/share/spider_interfaces/cmake/spider_interfaces__rosidl_generator_cExport.cmake
[9.930s] -- Installing: /home/dfolse/repos/SPIDER/SPIDER_ws/install/spider_interfaces/share/spider_interfaces/cmake/spider_interfaces__rosidl_generator_cExport-noconfig.cmake
[9.930s] -- Installing: /home/dfolse/repos/SPIDER/SPIDER_ws/install/spider_interfaces/share/spider_interfaces/cmake/spider_interfaces__rosidl_typesupport_introspection_cExport.cmake
[9.931s] -- Installing: /home/dfolse/repos/SPIDER/SPIDER_ws/install/spider_interfaces/share/spider_interfaces/cmake/spider_interfaces__rosidl_typesupport_introspection_cExport-noconfig.cmake
[9.931s] -- Installing: /home/dfolse/repos/SPIDER/SPIDER_ws/install/spider_interfaces/share/spider_interfaces/cmake/spider_interfaces__rosidl_typesupport_cExport.cmake
[9.931s] -- Installing: /home/dfolse/repos/SPIDER/SPIDER_ws/install/spider_interfaces/share/spider_interfaces/cmake/spider_interfaces__rosidl_typesupport_cExport-noconfig.cmake
[9.932s] -- Installing: /home/dfolse/repos/SPIDER/SPIDER_ws/install/spider_interfaces/share/spider_interfaces/cmake/spider_interfaces__rosidl_generator_cppExport.cmake
[9.932s] -- Installing: /home/dfolse/repos/SPIDER/SPIDER_ws/install/spider_interfaces/share/spider_interfaces/cmake/spider_interfaces__rosidl_typesupport_introspection_cppExport.cmake
[9.933s] -- Installing: /home/dfolse/repos/SPIDER/SPIDER_ws/install/spider_interfaces/share/spider_interfaces/cmake/spider_interfaces__rosidl_typesupport_introspection_cppExport-noconfig.cmake
[9.933s] -- Installing: /home/dfolse/repos/SPIDER/SPIDER_ws/install/spider_interfaces/share/spider_interfaces/cmake/spider_interfaces__rosidl_typesupport_cppExport.cmake
[9.933s] -- Installing: /home/dfolse/repos/SPIDER/SPIDER_ws/install/spider_interfaces/share/spider_interfaces/cmake/spider_interfaces__rosidl_typesupport_cppExport-noconfig.cmake
[9.934s] -- Installing: /home/dfolse/repos/SPIDER/SPIDER_ws/install/spider_interfaces/share/spider_interfaces/cmake/rosidl_cmake-extras.cmake
[9.934s] -- Installing: /home/dfolse/repos/SPIDER/SPIDER_ws/install/spider_interfaces/share/spider_interfaces/cmake/ament_cmake_export_dependencies-extras.cmake
[9.934s] -- Installing: /home/dfolse/repos/SPIDER/SPIDER_ws/install/spider_interfaces/share/spider_interfaces/cmake/ament_cmake_export_libraries-extras.cmake
[9.935s] -- Installing: /home/dfolse/repos/SPIDER/SPIDER_ws/install/spider_interfaces/share/spider_interfaces/cmake/ament_cmake_export_targets-extras.cmake
[9.935s] -- Installing: /home/dfolse/repos/SPIDER/SPIDER_ws/install/spider_interfaces/share/spider_interfaces/cmake/ament_cmake_export_include_directories-extras.cmake
[9.935s] -- Installing: /home/dfolse/repos/SPIDER/SPIDER_ws/install/spider_interfaces/share/spider_interfaces/cmake/rosidl_cmake_export_typesupport_libraries-extras.cmake
[9.935s] -- Installing: /home/dfolse/repos/SPIDER/SPIDER_ws/install/spider_interfaces/share/spider_interfaces/cmake/rosidl_cmake_export_typesupport_targets-extras.cmake
[9.936s] -- Installing: /home/dfolse/repos/SPIDER/SPIDER_ws/install/spider_interfaces/share/spider_interfaces/cmake/spider_interfacesConfig.cmake
[9.936s] -- Installing: /home/dfolse/repos/SPIDER/SPIDER_ws/install/spider_interfaces/share/spider_interfaces/cmake/spider_interfacesConfig-version.cmake
[9.936s] -- Installing: /home/dfolse/repos/SPIDER/SPIDER_ws/install/spider_interfaces/share/spider_interfaces/package.xml
[9.944s] Invoked command in '/home/dfolse/repos/SPIDER/SPIDER_ws/build/spider_interfaces' returned '0': CMAKE_PREFIX_PATH=${CMAKE_PREFIX_PATH}:/home/dfolse/repos/SPIDER/SPIDER_ws/install/data_transfer:/opt/ros/foxy NX_CONNECTION=192.168.1.26 54739 192.168.1.53 4000 /usr/bin/cmake --install /home/dfolse/repos/SPIDER/SPIDER_ws/build/spider_interfaces
