[0.093s] Invoking command in '/home/dfolse/repos/SPIDER/SPIDER_ws/build/nav2_msgs': AMENT_PREFIX_PATH=/home/dfolse/repos/SPIDER/SPIDER_ws/install/nav2_common:${AMENT_PREFIX_PATH} CMAKE_PREFIX_PATH=/home/dfolse/repos/SPIDER/SPIDER_ws/install/nav2_common:/opt/ros/foxy NX_CONNECTION=192.168.1.26 63880 192.168.1.53 4000 PYTHONPATH=/home/dfolse/repos/SPIDER/SPIDER_ws/install/nav2_common/lib/python3.8/site-packages:${PYTHONPATH} /usr/bin/cmake --build /home/dfolse/repos/SPIDER/SPIDER_ws/build/nav2_msgs
[0.396s] [ 12%] Built target nav2_msgs__rosidl_generator_c
[0.621s] [ 24%] Built target nav2_msgs__rosidl_typesupport_c
[0.730s] [ 24%] Built target nav2_msgs__cpp
[0.889s] [ 36%] Built target nav2_msgs__rosidl_typesupport_cpp
[1.029s] [ 49%] Built target nav2_msgs__rosidl_typesupport_introspection_cpp
[1.156s] [ 61%] Built target nav2_msgs__rosidl_typesupport_introspection_c
[1.312s] [ 73%] Built target nav2_msgs__rosidl_typesupport_fastrtps_cpp
[1.459s] [ 85%] Built target nav2_msgs__rosidl_typesupport_fastrtps_c
[1.551s] [ 85%] Built target nav2_msgs
[1.631s] [ 86%] Built target nav2_msgs__py
[1.764s] [ 97%] Built target nav2_msgs__python
[1.847s] [ 98%] Built target nav2_msgs__rosidl_typesupport_introspection_c__pyext
[1.937s] [ 99%] Built target nav2_msgs__rosidl_typesupport_c__pyext
[2.081s] [100%] Built target nav2_msgs__rosidl_typesupport_fastrtps_c__pyext
[2.690s] Invoked command in '/home/dfolse/repos/SPIDER/SPIDER_ws/build/nav2_msgs' returned '0': AMENT_PREFIX_PATH=/home/dfolse/repos/SPIDER/SPIDER_ws/install/nav2_common:${AMENT_PREFIX_PATH} CMAKE_PREFIX_PATH=/home/dfolse/repos/SPIDER/SPIDER_ws/install/nav2_common:/opt/ros/foxy NX_CONNECTION=192.168.1.26 63880 192.168.1.53 4000 PYTHONPATH=/home/dfolse/repos/SPIDER/SPIDER_ws/install/nav2_common/lib/python3.8/site-packages:${PYTHONPATH} /usr/bin/cmake --build /home/dfolse/repos/SPIDER/SPIDER_ws/build/nav2_msgs
[5.773s] Invoking command in '/home/dfolse/repos/SPIDER/SPIDER_ws/build/nav2_msgs': AMENT_PREFIX_PATH=/home/dfolse/repos/SPIDER/SPIDER_ws/install/nav2_common:${AMENT_PREFIX_PATH} CMAKE_PREFIX_PATH=/home/dfolse/repos/SPIDER/SPIDER_ws/install/nav2_common:/opt/ros/foxy NX_CONNECTION=192.168.1.26 63880 192.168.1.53 4000 PYTHONPATH=/home/dfolse/repos/SPIDER/SPIDER_ws/install/nav2_common/lib/python3.8/site-packages:${PYTHONPATH} /usr/bin/cmake --install /home/dfolse/repos/SPIDER/SPIDER_ws/build/nav2_msgs
[5.808s] -- Install configuration: "Release"
[5.809s] -- Up-to-date: /home/dfolse/repos/SPIDER/SPIDER_ws/install/nav2_msgs/share/ament_index/resource_index/rosidl_interfaces/nav2_msgs
[5.810s] -- Up-to-date: /home/dfolse/repos/SPIDER/SPIDER_ws/install/nav2_msgs/include/nav2_msgs
[5.810s] -- Up-to-date: /home/dfolse/repos/SPIDER/SPIDER_ws/install/nav2_msgs/include/nav2_msgs/srv
[5.811s] -- Up-to-date: /home/dfolse/repos/SPIDER/SPIDER_ws/install/nav2_msgs/include/nav2_msgs/srv/manage_lifecycle_nodes.h
[5.811s] -- Up-to-date: /home/dfolse/repos/SPIDER/SPIDER_ws/install/nav2_msgs/include/nav2_msgs/srv/save_map.h
[5.812s] -- Up-to-date: /home/dfolse/repos/SPIDER/SPIDER_ws/install/nav2_msgs/include/nav2_msgs/srv/clear_costmap_around_robot.h
[5.812s] -- Up-to-date: /home/dfolse/repos/SPIDER/SPIDER_ws/install/nav2_msgs/include/nav2_msgs/srv/detail
[5.813s] -- Up-to-date: /home/dfolse/repos/SPIDER/SPIDER_ws/install/nav2_msgs/include/nav2_msgs/srv/detail/load_map__struct.h
[5.814s] -- Up-to-date: /home/dfolse/repos/SPIDER/SPIDER_ws/install/nav2_msgs/include/nav2_msgs/srv/detail/manage_lifecycle_nodes__functions.c
[5.814s] -- Up-to-date: /home/dfolse/repos/SPIDER/SPIDER_ws/install/nav2_msgs/include/nav2_msgs/srv/detail/load_map__functions.c
[5.815s] -- Up-to-date: /home/dfolse/repos/SPIDER/SPIDER_ws/install/nav2_msgs/include/nav2_msgs/srv/detail/get_costmap__type_support.h
[5.815s] -- Up-to-date: /home/dfolse/repos/SPIDER/SPIDER_ws/install/nav2_msgs/include/nav2_msgs/srv/detail/manage_lifecycle_nodes__type_support.h
[5.816s] -- Up-to-date: /home/dfolse/repos/SPIDER/SPIDER_ws/install/nav2_msgs/include/nav2_msgs/srv/detail/clear_entire_costmap__type_support.h
[5.816s] -- Up-to-date: /home/dfolse/repos/SPIDER/SPIDER_ws/install/nav2_msgs/include/nav2_msgs/srv/detail/save_map__functions.c
[5.816s] -- Up-to-date: /home/dfolse/repos/SPIDER/SPIDER_ws/install/nav2_msgs/include/nav2_msgs/srv/detail/load_map__functions.h
[5.817s] -- Up-to-date: /home/dfolse/repos/SPIDER/SPIDER_ws/install/nav2_msgs/include/nav2_msgs/srv/detail/clear_costmap_around_robot__functions.h
[5.817s] -- Up-to-date: /home/dfolse/repos/SPIDER/SPIDER_ws/install/nav2_msgs/include/nav2_msgs/srv/detail/clear_costmap_except_region__functions.h
[5.818s] -- Up-to-date: /home/dfolse/repos/SPIDER/SPIDER_ws/install/nav2_msgs/include/nav2_msgs/srv/detail/get_costmap__functions.h
[5.818s] -- Up-to-date: /home/dfolse/repos/SPIDER/SPIDER_ws/install/nav2_msgs/include/nav2_msgs/srv/detail/save_map__type_support.h
[5.819s] -- Up-to-date: /home/dfolse/repos/SPIDER/SPIDER_ws/install/nav2_msgs/include/nav2_msgs/srv/detail/clear_costmap_around_robot__type_support.h
[5.819s] -- Up-to-date: /home/dfolse/repos/SPIDER/SPIDER_ws/install/nav2_msgs/include/nav2_msgs/srv/detail/clear_costmap_except_region__struct.h
[5.820s] -- Up-to-date: /home/dfolse/repos/SPIDER/SPIDER_ws/install/nav2_msgs/include/nav2_msgs/srv/detail/clear_costmap_except_region__type_support.h
[5.821s] -- Up-to-date: /home/dfolse/repos/SPIDER/SPIDER_ws/install/nav2_msgs/include/nav2_msgs/srv/detail/clear_costmap_except_region__functions.c
[5.822s] -- Up-to-date: /home/dfolse/repos/SPIDER/SPIDER_ws/install/nav2_msgs/include/nav2_msgs/srv/detail/save_map__functions.h
[5.823s] -- Up-to-date: /home/dfolse/repos/SPIDER/SPIDER_ws/install/nav2_msgs/include/nav2_msgs/srv/detail/get_costmap__functions.c
[5.823s] -- Up-to-date: /home/dfolse/repos/SPIDER/SPIDER_ws/install/nav2_msgs/include/nav2_msgs/srv/detail/clear_costmap_around_robot__struct.h
[5.823s] -- Up-to-date: /home/dfolse/repos/SPIDER/SPIDER_ws/install/nav2_msgs/include/nav2_msgs/srv/detail/clear_costmap_around_robot__functions.c
[5.823s] -- Up-to-date: /home/dfolse/repos/SPIDER/SPIDER_ws/install/nav2_msgs/include/nav2_msgs/srv/detail/load_map__type_support.h
[5.823s] -- Up-to-date: /home/dfolse/repos/SPIDER/SPIDER_ws/install/nav2_msgs/include/nav2_msgs/srv/detail/save_map__struct.h
[5.824s] -- Up-to-date: /home/dfolse/repos/SPIDER/SPIDER_ws/install/nav2_msgs/include/nav2_msgs/srv/detail/clear_entire_costmap__functions.h
[5.824s] -- Up-to-date: /home/dfolse/repos/SPIDER/SPIDER_ws/install/nav2_msgs/include/nav2_msgs/srv/detail/manage_lifecycle_nodes__functions.h
[5.825s] -- Up-to-date: /home/dfolse/repos/SPIDER/SPIDER_ws/install/nav2_msgs/include/nav2_msgs/srv/detail/get_costmap__struct.h
[5.826s] -- Up-to-date: /home/dfolse/repos/SPIDER/SPIDER_ws/install/nav2_msgs/include/nav2_msgs/srv/detail/clear_entire_costmap__functions.c
[5.826s] -- Up-to-date: /home/dfolse/repos/SPIDER/SPIDER_ws/install/nav2_msgs/include/nav2_msgs/srv/detail/manage_lifecycle_nodes__struct.h
[5.826s] -- Up-to-date: /home/dfolse/repos/SPIDER/SPIDER_ws/install/nav2_msgs/include/nav2_msgs/srv/detail/clear_entire_costmap__struct.h
[5.827s] -- Up-to-date: /home/dfolse/repos/SPIDER/SPIDER_ws/install/nav2_msgs/include/nav2_msgs/srv/clear_costmap_except_region.h
[5.827s] -- Up-to-date: /home/dfolse/repos/SPIDER/SPIDER_ws/install/nav2_msgs/include/nav2_msgs/srv/get_costmap.h
[5.827s] -- Up-to-date: /home/dfolse/repos/SPIDER/SPIDER_ws/install/nav2_msgs/include/nav2_msgs/srv/clear_entire_costmap.h
[5.827s] -- Up-to-date: /home/dfolse/repos/SPIDER/SPIDER_ws/install/nav2_msgs/include/nav2_msgs/srv/load_map.h
[5.828s] -- Up-to-date: /home/dfolse/repos/SPIDER/SPIDER_ws/install/nav2_msgs/include/nav2_msgs/msg
[5.828s] -- Up-to-date: /home/dfolse/repos/SPIDER/SPIDER_ws/install/nav2_msgs/include/nav2_msgs/msg/particle_cloud.h
[5.828s] -- Up-to-date: /home/dfolse/repos/SPIDER/SPIDER_ws/install/nav2_msgs/include/nav2_msgs/msg/particle.h
[5.829s] -- Up-to-date: /home/dfolse/repos/SPIDER/SPIDER_ws/install/nav2_msgs/include/nav2_msgs/msg/detail
[5.829s] -- Up-to-date: /home/dfolse/repos/SPIDER/SPIDER_ws/install/nav2_msgs/include/nav2_msgs/msg/detail/costmap_meta_data__type_support.h
[5.830s] -- Up-to-date: /home/dfolse/repos/SPIDER/SPIDER_ws/install/nav2_msgs/include/nav2_msgs/msg/detail/behavior_tree_status_change__functions.c
[5.830s] -- Up-to-date: /home/dfolse/repos/SPIDER/SPIDER_ws/install/nav2_msgs/include/nav2_msgs/msg/detail/costmap__type_support.h
[5.830s] -- Up-to-date: /home/dfolse/repos/SPIDER/SPIDER_ws/install/nav2_msgs/include/nav2_msgs/msg/detail/particle_cloud__functions.c
[5.831s] -- Up-to-date: /home/dfolse/repos/SPIDER/SPIDER_ws/install/nav2_msgs/include/nav2_msgs/msg/detail/particle__functions.c
[5.831s] -- Up-to-date: /home/dfolse/repos/SPIDER/SPIDER_ws/install/nav2_msgs/include/nav2_msgs/msg/detail/behavior_tree_log__type_support.h
[5.831s] -- Up-to-date: /home/dfolse/repos/SPIDER/SPIDER_ws/install/nav2_msgs/include/nav2_msgs/msg/detail/voxel_grid__struct.h
[5.831s] -- Up-to-date: /home/dfolse/repos/SPIDER/SPIDER_ws/install/nav2_msgs/include/nav2_msgs/msg/detail/particle_cloud__type_support.h
[5.831s] -- Up-to-date: /home/dfolse/repos/SPIDER/SPIDER_ws/install/nav2_msgs/include/nav2_msgs/msg/detail/behavior_tree_status_change__type_support.h
[5.831s] -- Up-to-date: /home/dfolse/repos/SPIDER/SPIDER_ws/install/nav2_msgs/include/nav2_msgs/msg/detail/particle_cloud__functions.h
[5.831s] -- Up-to-date: /home/dfolse/repos/SPIDER/SPIDER_ws/install/nav2_msgs/include/nav2_msgs/msg/detail/costmap_meta_data__functions.h
[5.832s] -- Up-to-date: /home/dfolse/repos/SPIDER/SPIDER_ws/install/nav2_msgs/include/nav2_msgs/msg/detail/costmap__functions.h
[5.832s] -- Up-to-date: /home/dfolse/repos/SPIDER/SPIDER_ws/install/nav2_msgs/include/nav2_msgs/msg/detail/particle__functions.h
[5.832s] -- Up-to-date: /home/dfolse/repos/SPIDER/SPIDER_ws/install/nav2_msgs/include/nav2_msgs/msg/detail/costmap__struct.h
[5.832s] -- Up-to-date: /home/dfolse/repos/SPIDER/SPIDER_ws/install/nav2_msgs/include/nav2_msgs/msg/detail/behavior_tree_log__functions.h
[5.832s] -- Up-to-date: /home/dfolse/repos/SPIDER/SPIDER_ws/install/nav2_msgs/include/nav2_msgs/msg/detail/behavior_tree_log__functions.c
[5.832s] -- Up-to-date: /home/dfolse/repos/SPIDER/SPIDER_ws/install/nav2_msgs/include/nav2_msgs/msg/detail/behavior_tree_status_change__struct.h
[5.833s] -- Up-to-date: /home/dfolse/repos/SPIDER/SPIDER_ws/install/nav2_msgs/include/nav2_msgs/msg/detail/behavior_tree_status_change__functions.h
[5.833s] -- Up-to-date: /home/dfolse/repos/SPIDER/SPIDER_ws/install/nav2_msgs/include/nav2_msgs/msg/detail/voxel_grid__functions.c
[5.833s] -- Up-to-date: /home/dfolse/repos/SPIDER/SPIDER_ws/install/nav2_msgs/include/nav2_msgs/msg/detail/particle_cloud__struct.h
[5.833s] -- Up-to-date: /home/dfolse/repos/SPIDER/SPIDER_ws/install/nav2_msgs/include/nav2_msgs/msg/detail/particle__struct.h
[5.834s] -- Up-to-date: /home/dfolse/repos/SPIDER/SPIDER_ws/install/nav2_msgs/include/nav2_msgs/msg/detail/voxel_grid__type_support.h
[5.834s] -- Up-to-date: /home/dfolse/repos/SPIDER/SPIDER_ws/install/nav2_msgs/include/nav2_msgs/msg/detail/costmap__functions.c
[5.834s] -- Up-to-date: /home/dfolse/repos/SPIDER/SPIDER_ws/install/nav2_msgs/include/nav2_msgs/msg/detail/voxel_grid__functions.h
[5.834s] -- Up-to-date: /home/dfolse/repos/SPIDER/SPIDER_ws/install/nav2_msgs/include/nav2_msgs/msg/detail/costmap_meta_data__functions.c
[5.835s] -- Up-to-date: /home/dfolse/repos/SPIDER/SPIDER_ws/install/nav2_msgs/include/nav2_msgs/msg/detail/particle__type_support.h
[5.835s] -- Up-to-date: /home/dfolse/repos/SPIDER/SPIDER_ws/install/nav2_msgs/include/nav2_msgs/msg/detail/costmap_meta_data__struct.h
[5.835s] -- Up-to-date: /home/dfolse/repos/SPIDER/SPIDER_ws/install/nav2_msgs/include/nav2_msgs/msg/detail/behavior_tree_log__struct.h
[5.835s] -- Up-to-date: /home/dfolse/repos/SPIDER/SPIDER_ws/install/nav2_msgs/include/nav2_msgs/msg/behavior_tree_status_change.h
[5.835s] -- Up-to-date: /home/dfolse/repos/SPIDER/SPIDER_ws/install/nav2_msgs/include/nav2_msgs/msg/costmap_meta_data.h
[5.836s] -- Up-to-date: /home/dfolse/repos/SPIDER/SPIDER_ws/install/nav2_msgs/include/nav2_msgs/msg/costmap.h
[5.836s] -- Up-to-date: /home/dfolse/repos/SPIDER/SPIDER_ws/install/nav2_msgs/include/nav2_msgs/msg/voxel_grid.h
[5.836s] -- Up-to-date: /home/dfolse/repos/SPIDER/SPIDER_ws/install/nav2_msgs/include/nav2_msgs/msg/rosidl_generator_c__visibility_control.h
[5.836s] -- Up-to-date: /home/dfolse/repos/SPIDER/SPIDER_ws/install/nav2_msgs/include/nav2_msgs/msg/behavior_tree_log.h
[5.836s] -- Up-to-date: /home/dfolse/repos/SPIDER/SPIDER_ws/install/nav2_msgs/include/nav2_msgs/action
[5.836s] -- Up-to-date: /home/dfolse/repos/SPIDER/SPIDER_ws/install/nav2_msgs/include/nav2_msgs/action/back_up.h
[5.836s] -- Up-to-date: /home/dfolse/repos/SPIDER/SPIDER_ws/install/nav2_msgs/include/nav2_msgs/action/follow_path.h
[5.837s] -- Up-to-date: /home/dfolse/repos/SPIDER/SPIDER_ws/install/nav2_msgs/include/nav2_msgs/action/wait.h
[5.837s] -- Up-to-date: /home/dfolse/repos/SPIDER/SPIDER_ws/install/nav2_msgs/include/nav2_msgs/action/compute_path_to_pose.h
[5.837s] -- Up-to-date: /home/dfolse/repos/SPIDER/SPIDER_ws/install/nav2_msgs/include/nav2_msgs/action/follow_waypoints.h
[5.837s] -- Up-to-date: /home/dfolse/repos/SPIDER/SPIDER_ws/install/nav2_msgs/include/nav2_msgs/action/detail
[5.837s] -- Up-to-date: /home/dfolse/repos/SPIDER/SPIDER_ws/install/nav2_msgs/include/nav2_msgs/action/detail/navigate_to_pose__struct.h
[5.838s] -- Up-to-date: /home/dfolse/repos/SPIDER/SPIDER_ws/install/nav2_msgs/include/nav2_msgs/action/detail/wait__type_support.h
[5.838s] -- Up-to-date: /home/dfolse/repos/SPIDER/SPIDER_ws/install/nav2_msgs/include/nav2_msgs/action/detail/follow_path__functions.h
[5.839s] -- Up-to-date: /home/dfolse/repos/SPIDER/SPIDER_ws/install/nav2_msgs/include/nav2_msgs/action/detail/spin__functions.c
[5.839s] -- Up-to-date: /home/dfolse/repos/SPIDER/SPIDER_ws/install/nav2_msgs/include/nav2_msgs/action/detail/wait__functions.c
[5.839s] -- Up-to-date: /home/dfolse/repos/SPIDER/SPIDER_ws/install/nav2_msgs/include/nav2_msgs/action/detail/navigate_to_pose__functions.h
[5.840s] -- Up-to-date: /home/dfolse/repos/SPIDER/SPIDER_ws/install/nav2_msgs/include/nav2_msgs/action/detail/wait__struct.h
[5.840s] -- Up-to-date: /home/dfolse/repos/SPIDER/SPIDER_ws/install/nav2_msgs/include/nav2_msgs/action/detail/compute_path_to_pose__type_support.h
[5.840s] -- Up-to-date: /home/dfolse/repos/SPIDER/SPIDER_ws/install/nav2_msgs/include/nav2_msgs/action/detail/wait__functions.h
[5.840s] -- Up-to-date: /home/dfolse/repos/SPIDER/SPIDER_ws/install/nav2_msgs/include/nav2_msgs/action/detail/dummy_recovery__struct.h
[5.841s] -- Up-to-date: /home/dfolse/repos/SPIDER/SPIDER_ws/install/nav2_msgs/include/nav2_msgs/action/detail/follow_waypoints__type_support.h
[5.841s] -- Up-to-date: /home/dfolse/repos/SPIDER/SPIDER_ws/install/nav2_msgs/include/nav2_msgs/action/detail/spin__struct.h
[5.841s] -- Up-to-date: /home/dfolse/repos/SPIDER/SPIDER_ws/install/nav2_msgs/include/nav2_msgs/action/detail/navigate_to_pose__type_support.h
[5.841s] -- Up-to-date: /home/dfolse/repos/SPIDER/SPIDER_ws/install/nav2_msgs/include/nav2_msgs/action/detail/back_up__struct.h
[5.841s] -- Up-to-date: /home/dfolse/repos/SPIDER/SPIDER_ws/install/nav2_msgs/include/nav2_msgs/action/detail/dummy_recovery__type_support.h
[5.841s] -- Up-to-date: /home/dfolse/repos/SPIDER/SPIDER_ws/install/nav2_msgs/include/nav2_msgs/action/detail/follow_waypoints__struct.h
[5.841s] -- Up-to-date: /home/dfolse/repos/SPIDER/SPIDER_ws/install/nav2_msgs/include/nav2_msgs/action/detail/compute_path_to_pose__functions.c
[5.842s] -- Up-to-date: /home/dfolse/repos/SPIDER/SPIDER_ws/install/nav2_msgs/include/nav2_msgs/action/detail/spin__functions.h
[5.842s] -- Up-to-date: /home/dfolse/repos/SPIDER/SPIDER_ws/install/nav2_msgs/include/nav2_msgs/action/detail/follow_path__type_support.h
[5.842s] -- Up-to-date: /home/dfolse/repos/SPIDER/SPIDER_ws/install/nav2_msgs/include/nav2_msgs/action/detail/back_up__functions.h
[5.842s] -- Up-to-date: /home/dfolse/repos/SPIDER/SPIDER_ws/install/nav2_msgs/include/nav2_msgs/action/detail/follow_path__struct.h
[5.842s] -- Up-to-date: /home/dfolse/repos/SPIDER/SPIDER_ws/install/nav2_msgs/include/nav2_msgs/action/detail/compute_path_to_pose__functions.h
[5.842s] -- Up-to-date: /home/dfolse/repos/SPIDER/SPIDER_ws/install/nav2_msgs/include/nav2_msgs/action/detail/compute_path_to_pose__struct.h
[5.842s] -- Up-to-date: /home/dfolse/repos/SPIDER/SPIDER_ws/install/nav2_msgs/include/nav2_msgs/action/detail/follow_waypoints__functions.c
[5.843s] -- Up-to-date: /home/dfolse/repos/SPIDER/SPIDER_ws/install/nav2_msgs/include/nav2_msgs/action/detail/follow_path__functions.c
[5.843s] -- Up-to-date: /home/dfolse/repos/SPIDER/SPIDER_ws/install/nav2_msgs/include/nav2_msgs/action/detail/navigate_to_pose__functions.c
[5.843s] -- Up-to-date: /home/dfolse/repos/SPIDER/SPIDER_ws/install/nav2_msgs/include/nav2_msgs/action/detail/dummy_recovery__functions.h
[5.843s] -- Up-to-date: /home/dfolse/repos/SPIDER/SPIDER_ws/install/nav2_msgs/include/nav2_msgs/action/detail/back_up__functions.c
[5.843s] -- Up-to-date: /home/dfolse/repos/SPIDER/SPIDER_ws/install/nav2_msgs/include/nav2_msgs/action/detail/dummy_recovery__functions.c
[5.844s] -- Up-to-date: /home/dfolse/repos/SPIDER/SPIDER_ws/install/nav2_msgs/include/nav2_msgs/action/detail/follow_waypoints__functions.h
[5.844s] -- Up-to-date: /home/dfolse/repos/SPIDER/SPIDER_ws/install/nav2_msgs/include/nav2_msgs/action/detail/back_up__type_support.h
[5.845s] -- Up-to-date: /home/dfolse/repos/SPIDER/SPIDER_ws/install/nav2_msgs/include/nav2_msgs/action/detail/spin__type_support.h
[5.845s] -- Up-to-date: /home/dfolse/repos/SPIDER/SPIDER_ws/install/nav2_msgs/include/nav2_msgs/action/spin.h
[5.845s] -- Up-to-date: /home/dfolse/repos/SPIDER/SPIDER_ws/install/nav2_msgs/include/nav2_msgs/action/dummy_recovery.h
[5.846s] -- Up-to-date: /home/dfolse/repos/SPIDER/SPIDER_ws/install/nav2_msgs/include/nav2_msgs/action/navigate_to_pose.h
[5.846s] -- Up-to-date: /home/dfolse/repos/SPIDER/SPIDER_ws/install/nav2_msgs/share/nav2_msgs/environment/library_path.sh
[5.846s] -- Up-to-date: /home/dfolse/repos/SPIDER/SPIDER_ws/install/nav2_msgs/share/nav2_msgs/environment/library_path.dsv
[5.846s] -- Up-to-date: /home/dfolse/repos/SPIDER/SPIDER_ws/install/nav2_msgs/lib/libnav2_msgs__rosidl_generator_c.so
[5.846s] -- Up-to-date: /home/dfolse/repos/SPIDER/SPIDER_ws/install/nav2_msgs/include/nav2_msgs
[5.847s] -- Up-to-date: /home/dfolse/repos/SPIDER/SPIDER_ws/install/nav2_msgs/include/nav2_msgs/srv
[5.847s] -- Up-to-date: /home/dfolse/repos/SPIDER/SPIDER_ws/install/nav2_msgs/include/nav2_msgs/srv/detail
[5.847s] -- Up-to-date: /home/dfolse/repos/SPIDER/SPIDER_ws/install/nav2_msgs/include/nav2_msgs/srv/detail/load_map__rosidl_typesupport_fastrtps_c.h
[5.847s] -- Up-to-date: /home/dfolse/repos/SPIDER/SPIDER_ws/install/nav2_msgs/include/nav2_msgs/srv/detail/get_costmap__rosidl_typesupport_fastrtps_c.h
[5.847s] -- Up-to-date: /home/dfolse/repos/SPIDER/SPIDER_ws/install/nav2_msgs/include/nav2_msgs/srv/detail/manage_lifecycle_nodes__rosidl_typesupport_fastrtps_c.h
[5.847s] -- Up-to-date: /home/dfolse/repos/SPIDER/SPIDER_ws/install/nav2_msgs/include/nav2_msgs/srv/detail/clear_entire_costmap__rosidl_typesupport_fastrtps_c.h
[5.848s] -- Up-to-date: /home/dfolse/repos/SPIDER/SPIDER_ws/install/nav2_msgs/include/nav2_msgs/srv/detail/clear_costmap_except_region__rosidl_typesupport_fastrtps_c.h
[5.848s] -- Up-to-date: /home/dfolse/repos/SPIDER/SPIDER_ws/install/nav2_msgs/include/nav2_msgs/srv/detail/clear_costmap_around_robot__rosidl_typesupport_fastrtps_c.h
[5.848s] -- Up-to-date: /home/dfolse/repos/SPIDER/SPIDER_ws/install/nav2_msgs/include/nav2_msgs/srv/detail/save_map__rosidl_typesupport_fastrtps_c.h
[5.848s] -- Up-to-date: /home/dfolse/repos/SPIDER/SPIDER_ws/install/nav2_msgs/include/nav2_msgs/msg
[5.848s] -- Up-to-date: /home/dfolse/repos/SPIDER/SPIDER_ws/install/nav2_msgs/include/nav2_msgs/msg/rosidl_typesupport_fastrtps_c__visibility_control.h
[5.848s] -- Up-to-date: /home/dfolse/repos/SPIDER/SPIDER_ws/install/nav2_msgs/include/nav2_msgs/msg/detail
[5.849s] -- Up-to-date: /home/dfolse/repos/SPIDER/SPIDER_ws/install/nav2_msgs/include/nav2_msgs/msg/detail/behavior_tree_log__rosidl_typesupport_fastrtps_c.h
[5.849s] -- Up-to-date: /home/dfolse/repos/SPIDER/SPIDER_ws/install/nav2_msgs/include/nav2_msgs/msg/detail/particle__rosidl_typesupport_fastrtps_c.h
[5.849s] -- Up-to-date: /home/dfolse/repos/SPIDER/SPIDER_ws/install/nav2_msgs/include/nav2_msgs/msg/detail/costmap__rosidl_typesupport_fastrtps_c.h
[5.849s] -- Up-to-date: /home/dfolse/repos/SPIDER/SPIDER_ws/install/nav2_msgs/include/nav2_msgs/msg/detail/behavior_tree_status_change__rosidl_typesupport_fastrtps_c.h
[5.849s] -- Up-to-date: /home/dfolse/repos/SPIDER/SPIDER_ws/install/nav2_msgs/include/nav2_msgs/msg/detail/voxel_grid__rosidl_typesupport_fastrtps_c.h
[5.850s] -- Up-to-date: /home/dfolse/repos/SPIDER/SPIDER_ws/install/nav2_msgs/include/nav2_msgs/msg/detail/costmap_meta_data__rosidl_typesupport_fastrtps_c.h
[5.850s] -- Up-to-date: /home/dfolse/repos/SPIDER/SPIDER_ws/install/nav2_msgs/include/nav2_msgs/msg/detail/particle_cloud__rosidl_typesupport_fastrtps_c.h
[5.850s] -- Up-to-date: /home/dfolse/repos/SPIDER/SPIDER_ws/install/nav2_msgs/include/nav2_msgs/action
[5.850s] -- Up-to-date: /home/dfolse/repos/SPIDER/SPIDER_ws/install/nav2_msgs/include/nav2_msgs/action/detail
[5.851s] -- Up-to-date: /home/dfolse/repos/SPIDER/SPIDER_ws/install/nav2_msgs/include/nav2_msgs/action/detail/spin__rosidl_typesupport_fastrtps_c.h
[5.852s] -- Up-to-date: /home/dfolse/repos/SPIDER/SPIDER_ws/install/nav2_msgs/include/nav2_msgs/action/detail/follow_path__rosidl_typesupport_fastrtps_c.h
[5.852s] -- Up-to-date: /home/dfolse/repos/SPIDER/SPIDER_ws/install/nav2_msgs/include/nav2_msgs/action/detail/navigate_to_pose__rosidl_typesupport_fastrtps_c.h
[5.852s] -- Up-to-date: /home/dfolse/repos/SPIDER/SPIDER_ws/install/nav2_msgs/include/nav2_msgs/action/detail/compute_path_to_pose__rosidl_typesupport_fastrtps_c.h
[5.852s] -- Up-to-date: /home/dfolse/repos/SPIDER/SPIDER_ws/install/nav2_msgs/include/nav2_msgs/action/detail/back_up__rosidl_typesupport_fastrtps_c.h
[5.853s] -- Up-to-date: /home/dfolse/repos/SPIDER/SPIDER_ws/install/nav2_msgs/include/nav2_msgs/action/detail/follow_waypoints__rosidl_typesupport_fastrtps_c.h
[5.853s] -- Up-to-date: /home/dfolse/repos/SPIDER/SPIDER_ws/install/nav2_msgs/include/nav2_msgs/action/detail/wait__rosidl_typesupport_fastrtps_c.h
[5.853s] -- Up-to-date: /home/dfolse/repos/SPIDER/SPIDER_ws/install/nav2_msgs/include/nav2_msgs/action/detail/dummy_recovery__rosidl_typesupport_fastrtps_c.h
[5.853s] -- Up-to-date: /home/dfolse/repos/SPIDER/SPIDER_ws/install/nav2_msgs/lib/libnav2_msgs__rosidl_typesupport_fastrtps_c.so
[5.854s] -- Up-to-date: /home/dfolse/repos/SPIDER/SPIDER_ws/install/nav2_msgs/include/nav2_msgs
[5.854s] -- Up-to-date: /home/dfolse/repos/SPIDER/SPIDER_ws/install/nav2_msgs/include/nav2_msgs/srv
[5.854s] -- Up-to-date: /home/dfolse/repos/SPIDER/SPIDER_ws/install/nav2_msgs/include/nav2_msgs/srv/detail
[5.854s] -- Up-to-date: /home/dfolse/repos/SPIDER/SPIDER_ws/install/nav2_msgs/include/nav2_msgs/srv/detail/load_map__rosidl_typesupport_fastrtps_cpp.hpp
[5.854s] -- Up-to-date: /home/dfolse/repos/SPIDER/SPIDER_ws/install/nav2_msgs/include/nav2_msgs/srv/detail/manage_lifecycle_nodes__rosidl_typesupport_fastrtps_cpp.hpp
[5.855s] -- Up-to-date: /home/dfolse/repos/SPIDER/SPIDER_ws/install/nav2_msgs/include/nav2_msgs/srv/detail/save_map__rosidl_typesupport_fastrtps_cpp.hpp
[5.855s] -- Up-to-date: /home/dfolse/repos/SPIDER/SPIDER_ws/install/nav2_msgs/include/nav2_msgs/srv/detail/get_costmap__rosidl_typesupport_fastrtps_cpp.hpp
[5.855s] -- Up-to-date: /home/dfolse/repos/SPIDER/SPIDER_ws/install/nav2_msgs/include/nav2_msgs/srv/detail/dds_fastrtps
[5.855s] -- Up-to-date: /home/dfolse/repos/SPIDER/SPIDER_ws/install/nav2_msgs/include/nav2_msgs/srv/detail/clear_entire_costmap__rosidl_typesupport_fastrtps_cpp.hpp
[5.856s] -- Up-to-date: /home/dfolse/repos/SPIDER/SPIDER_ws/install/nav2_msgs/include/nav2_msgs/srv/detail/clear_costmap_around_robot__rosidl_typesupport_fastrtps_cpp.hpp
[5.856s] -- Up-to-date: /home/dfolse/repos/SPIDER/SPIDER_ws/install/nav2_msgs/include/nav2_msgs/srv/detail/clear_costmap_except_region__rosidl_typesupport_fastrtps_cpp.hpp
[5.856s] -- Up-to-date: /home/dfolse/repos/SPIDER/SPIDER_ws/install/nav2_msgs/include/nav2_msgs/msg
[5.856s] -- Up-to-date: /home/dfolse/repos/SPIDER/SPIDER_ws/install/nav2_msgs/include/nav2_msgs/msg/detail
[5.857s] -- Up-to-date: /home/dfolse/repos/SPIDER/SPIDER_ws/install/nav2_msgs/include/nav2_msgs/msg/detail/costmap_meta_data__rosidl_typesupport_fastrtps_cpp.hpp
[5.857s] -- Up-to-date: /home/dfolse/repos/SPIDER/SPIDER_ws/install/nav2_msgs/include/nav2_msgs/msg/detail/particle__rosidl_typesupport_fastrtps_cpp.hpp
[5.857s] -- Up-to-date: /home/dfolse/repos/SPIDER/SPIDER_ws/install/nav2_msgs/include/nav2_msgs/msg/detail/dds_fastrtps
[5.858s] -- Up-to-date: /home/dfolse/repos/SPIDER/SPIDER_ws/install/nav2_msgs/include/nav2_msgs/msg/detail/behavior_tree_log__rosidl_typesupport_fastrtps_cpp.hpp
[5.858s] -- Up-to-date: /home/dfolse/repos/SPIDER/SPIDER_ws/install/nav2_msgs/include/nav2_msgs/msg/detail/particle_cloud__rosidl_typesupport_fastrtps_cpp.hpp
[5.858s] -- Up-to-date: /home/dfolse/repos/SPIDER/SPIDER_ws/install/nav2_msgs/include/nav2_msgs/msg/detail/behavior_tree_status_change__rosidl_typesupport_fastrtps_cpp.hpp
[5.858s] -- Up-to-date: /home/dfolse/repos/SPIDER/SPIDER_ws/install/nav2_msgs/include/nav2_msgs/msg/detail/voxel_grid__rosidl_typesupport_fastrtps_cpp.hpp
[5.858s] -- Up-to-date: /home/dfolse/repos/SPIDER/SPIDER_ws/install/nav2_msgs/include/nav2_msgs/msg/detail/costmap__rosidl_typesupport_fastrtps_cpp.hpp
[5.859s] -- Up-to-date: /home/dfolse/repos/SPIDER/SPIDER_ws/install/nav2_msgs/include/nav2_msgs/msg/rosidl_typesupport_fastrtps_cpp__visibility_control.h
[5.859s] -- Up-to-date: /home/dfolse/repos/SPIDER/SPIDER_ws/install/nav2_msgs/include/nav2_msgs/action
[5.859s] -- Up-to-date: /home/dfolse/repos/SPIDER/SPIDER_ws/install/nav2_msgs/include/nav2_msgs/action/detail
[5.859s] -- Up-to-date: /home/dfolse/repos/SPIDER/SPIDER_ws/install/nav2_msgs/include/nav2_msgs/action/detail/wait__rosidl_typesupport_fastrtps_cpp.hpp
[5.860s] -- Up-to-date: /home/dfolse/repos/SPIDER/SPIDER_ws/install/nav2_msgs/include/nav2_msgs/action/detail/compute_path_to_pose__rosidl_typesupport_fastrtps_cpp.hpp
[5.860s] -- Up-to-date: /home/dfolse/repos/SPIDER/SPIDER_ws/install/nav2_msgs/include/nav2_msgs/action/detail/back_up__rosidl_typesupport_fastrtps_cpp.hpp
[5.860s] -- Up-to-date: /home/dfolse/repos/SPIDER/SPIDER_ws/install/nav2_msgs/include/nav2_msgs/action/detail/follow_path__rosidl_typesupport_fastrtps_cpp.hpp
[5.861s] -- Up-to-date: /home/dfolse/repos/SPIDER/SPIDER_ws/install/nav2_msgs/include/nav2_msgs/action/detail/dummy_recovery__rosidl_typesupport_fastrtps_cpp.hpp
[5.861s] -- Up-to-date: /home/dfolse/repos/SPIDER/SPIDER_ws/install/nav2_msgs/include/nav2_msgs/action/detail/dds_fastrtps
[5.861s] -- Up-to-date: /home/dfolse/repos/SPIDER/SPIDER_ws/install/nav2_msgs/include/nav2_msgs/action/detail/spin__rosidl_typesupport_fastrtps_cpp.hpp
[5.861s] -- Up-to-date: /home/dfolse/repos/SPIDER/SPIDER_ws/install/nav2_msgs/include/nav2_msgs/action/detail/navigate_to_pose__rosidl_typesupport_fastrtps_cpp.hpp
[5.862s] -- Up-to-date: /home/dfolse/repos/SPIDER/SPIDER_ws/install/nav2_msgs/include/nav2_msgs/action/detail/follow_waypoints__rosidl_typesupport_fastrtps_cpp.hpp
[5.862s] -- Up-to-date: /home/dfolse/repos/SPIDER/SPIDER_ws/install/nav2_msgs/lib/libnav2_msgs__rosidl_typesupport_fastrtps_cpp.so
[5.862s] -- Up-to-date: /home/dfolse/repos/SPIDER/SPIDER_ws/install/nav2_msgs/include/nav2_msgs
[5.862s] -- Up-to-date: /home/dfolse/repos/SPIDER/SPIDER_ws/install/nav2_msgs/include/nav2_msgs/srv
[5.862s] -- Up-to-date: /home/dfolse/repos/SPIDER/SPIDER_ws/install/nav2_msgs/include/nav2_msgs/srv/detail
[5.863s] -- Up-to-date: /home/dfolse/repos/SPIDER/SPIDER_ws/install/nav2_msgs/include/nav2_msgs/srv/detail/get_costmap__type_support.c
[5.863s] -- Up-to-date: /home/dfolse/repos/SPIDER/SPIDER_ws/install/nav2_msgs/include/nav2_msgs/srv/detail/load_map__type_support.c
[5.863s] -- Up-to-date: /home/dfolse/repos/SPIDER/SPIDER_ws/install/nav2_msgs/include/nav2_msgs/srv/detail/clear_costmap_except_region__type_support.c
[5.863s] -- Up-to-date: /home/dfolse/repos/SPIDER/SPIDER_ws/install/nav2_msgs/include/nav2_msgs/srv/detail/load_map__rosidl_typesupport_introspection_c.h
[5.864s] -- Up-to-date: /home/dfolse/repos/SPIDER/SPIDER_ws/install/nav2_msgs/include/nav2_msgs/srv/detail/clear_costmap_around_robot__rosidl_typesupport_introspection_c.h
[5.864s] -- Up-to-date: /home/dfolse/repos/SPIDER/SPIDER_ws/install/nav2_msgs/include/nav2_msgs/srv/detail/save_map__rosidl_typesupport_introspection_c.h
[5.864s] -- Up-to-date: /home/dfolse/repos/SPIDER/SPIDER_ws/install/nav2_msgs/include/nav2_msgs/srv/detail/clear_costmap_except_region__rosidl_typesupport_introspection_c.h
[5.864s] -- Up-to-date: /home/dfolse/repos/SPIDER/SPIDER_ws/install/nav2_msgs/include/nav2_msgs/srv/detail/save_map__type_support.c
[5.864s] -- Up-to-date: /home/dfolse/repos/SPIDER/SPIDER_ws/install/nav2_msgs/include/nav2_msgs/srv/detail/manage_lifecycle_nodes__type_support.c
[5.865s] -- Up-to-date: /home/dfolse/repos/SPIDER/SPIDER_ws/install/nav2_msgs/include/nav2_msgs/srv/detail/manage_lifecycle_nodes__rosidl_typesupport_introspection_c.h
[5.865s] -- Up-to-date: /home/dfolse/repos/SPIDER/SPIDER_ws/install/nav2_msgs/include/nav2_msgs/srv/detail/get_costmap__rosidl_typesupport_introspection_c.h
[5.865s] -- Up-to-date: /home/dfolse/repos/SPIDER/SPIDER_ws/install/nav2_msgs/include/nav2_msgs/srv/detail/clear_costmap_around_robot__type_support.c
[5.865s] -- Up-to-date: /home/dfolse/repos/SPIDER/SPIDER_ws/install/nav2_msgs/include/nav2_msgs/srv/detail/clear_entire_costmap__type_support.c
[5.865s] -- Up-to-date: /home/dfolse/repos/SPIDER/SPIDER_ws/install/nav2_msgs/include/nav2_msgs/srv/detail/clear_entire_costmap__rosidl_typesupport_introspection_c.h
[5.866s] -- Up-to-date: /home/dfolse/repos/SPIDER/SPIDER_ws/install/nav2_msgs/include/nav2_msgs/msg
[5.866s] -- Up-to-date: /home/dfolse/repos/SPIDER/SPIDER_ws/install/nav2_msgs/include/nav2_msgs/msg/detail
[5.866s] -- Up-to-date: /home/dfolse/repos/SPIDER/SPIDER_ws/install/nav2_msgs/include/nav2_msgs/msg/detail/behavior_tree_status_change__rosidl_typesupport_introspection_c.h
[5.866s] -- Up-to-date: /home/dfolse/repos/SPIDER/SPIDER_ws/install/nav2_msgs/include/nav2_msgs/msg/detail/behavior_tree_log__type_support.c
[5.866s] -- Up-to-date: /home/dfolse/repos/SPIDER/SPIDER_ws/install/nav2_msgs/include/nav2_msgs/msg/detail/voxel_grid__type_support.c
[5.867s] -- Up-to-date: /home/dfolse/repos/SPIDER/SPIDER_ws/install/nav2_msgs/include/nav2_msgs/msg/detail/behavior_tree_status_change__type_support.c
[5.867s] -- Up-to-date: /home/dfolse/repos/SPIDER/SPIDER_ws/install/nav2_msgs/include/nav2_msgs/msg/detail/costmap__type_support.c
[5.867s] -- Up-to-date: /home/dfolse/repos/SPIDER/SPIDER_ws/install/nav2_msgs/include/nav2_msgs/msg/detail/voxel_grid__rosidl_typesupport_introspection_c.h
[5.867s] -- Up-to-date: /home/dfolse/repos/SPIDER/SPIDER_ws/install/nav2_msgs/include/nav2_msgs/msg/detail/particle_cloud__rosidl_typesupport_introspection_c.h
[5.868s] -- Up-to-date: /home/dfolse/repos/SPIDER/SPIDER_ws/install/nav2_msgs/include/nav2_msgs/msg/detail/behavior_tree_log__rosidl_typesupport_introspection_c.h
[5.868s] -- Up-to-date: /home/dfolse/repos/SPIDER/SPIDER_ws/install/nav2_msgs/include/nav2_msgs/msg/detail/costmap_meta_data__type_support.c
[5.868s] -- Up-to-date: /home/dfolse/repos/SPIDER/SPIDER_ws/install/nav2_msgs/include/nav2_msgs/msg/detail/particle__rosidl_typesupport_introspection_c.h
[5.868s] -- Up-to-date: /home/dfolse/repos/SPIDER/SPIDER_ws/install/nav2_msgs/include/nav2_msgs/msg/detail/costmap__rosidl_typesupport_introspection_c.h
[5.869s] -- Up-to-date: /home/dfolse/repos/SPIDER/SPIDER_ws/install/nav2_msgs/include/nav2_msgs/msg/detail/costmap_meta_data__rosidl_typesupport_introspection_c.h
[5.869s] -- Up-to-date: /home/dfolse/repos/SPIDER/SPIDER_ws/install/nav2_msgs/include/nav2_msgs/msg/detail/particle_cloud__type_support.c
[5.869s] -- Up-to-date: /home/dfolse/repos/SPIDER/SPIDER_ws/install/nav2_msgs/include/nav2_msgs/msg/detail/particle__type_support.c
[5.869s] -- Up-to-date: /home/dfolse/repos/SPIDER/SPIDER_ws/install/nav2_msgs/include/nav2_msgs/msg/rosidl_typesupport_introspection_c__visibility_control.h
[5.870s] -- Up-to-date: /home/dfolse/repos/SPIDER/SPIDER_ws/install/nav2_msgs/include/nav2_msgs/action
[5.870s] -- Up-to-date: /home/dfolse/repos/SPIDER/SPIDER_ws/install/nav2_msgs/include/nav2_msgs/action/detail
[5.870s] -- Up-to-date: /home/dfolse/repos/SPIDER/SPIDER_ws/install/nav2_msgs/include/nav2_msgs/action/detail/navigate_to_pose__rosidl_typesupport_introspection_c.h
[5.870s] -- Up-to-date: /home/dfolse/repos/SPIDER/SPIDER_ws/install/nav2_msgs/include/nav2_msgs/action/detail/follow_path__type_support.c
[5.871s] -- Up-to-date: /home/dfolse/repos/SPIDER/SPIDER_ws/install/nav2_msgs/include/nav2_msgs/action/detail/back_up__rosidl_typesupport_introspection_c.h
[5.871s] -- Up-to-date: /home/dfolse/repos/SPIDER/SPIDER_ws/install/nav2_msgs/include/nav2_msgs/action/detail/back_up__type_support.c
[5.871s] -- Up-to-date: /home/dfolse/repos/SPIDER/SPIDER_ws/install/nav2_msgs/include/nav2_msgs/action/detail/follow_path__rosidl_typesupport_introspection_c.h
[5.871s] -- Up-to-date: /home/dfolse/repos/SPIDER/SPIDER_ws/install/nav2_msgs/include/nav2_msgs/action/detail/compute_path_to_pose__rosidl_typesupport_introspection_c.h
[5.871s] -- Up-to-date: /home/dfolse/repos/SPIDER/SPIDER_ws/install/nav2_msgs/include/nav2_msgs/action/detail/navigate_to_pose__type_support.c
[5.872s] -- Up-to-date: /home/dfolse/repos/SPIDER/SPIDER_ws/install/nav2_msgs/include/nav2_msgs/action/detail/spin__rosidl_typesupport_introspection_c.h
[5.872s] -- Up-to-date: /home/dfolse/repos/SPIDER/SPIDER_ws/install/nav2_msgs/include/nav2_msgs/action/detail/dummy_recovery__type_support.c
[5.872s] -- Up-to-date: /home/dfolse/repos/SPIDER/SPIDER_ws/install/nav2_msgs/include/nav2_msgs/action/detail/dummy_recovery__rosidl_typesupport_introspection_c.h
[5.872s] -- Up-to-date: /home/dfolse/repos/SPIDER/SPIDER_ws/install/nav2_msgs/include/nav2_msgs/action/detail/compute_path_to_pose__type_support.c
[5.873s] -- Up-to-date: /home/dfolse/repos/SPIDER/SPIDER_ws/install/nav2_msgs/include/nav2_msgs/action/detail/follow_waypoints__type_support.c
[5.873s] -- Up-to-date: /home/dfolse/repos/SPIDER/SPIDER_ws/install/nav2_msgs/include/nav2_msgs/action/detail/spin__type_support.c
[5.873s] -- Up-to-date: /home/dfolse/repos/SPIDER/SPIDER_ws/install/nav2_msgs/include/nav2_msgs/action/detail/follow_waypoints__rosidl_typesupport_introspection_c.h
[5.873s] -- Up-to-date: /home/dfolse/repos/SPIDER/SPIDER_ws/install/nav2_msgs/include/nav2_msgs/action/detail/wait__type_support.c
[5.874s] -- Up-to-date: /home/dfolse/repos/SPIDER/SPIDER_ws/install/nav2_msgs/include/nav2_msgs/action/detail/wait__rosidl_typesupport_introspection_c.h
[5.874s] -- Up-to-date: /home/dfolse/repos/SPIDER/SPIDER_ws/install/nav2_msgs/lib/libnav2_msgs__rosidl_typesupport_introspection_c.so
[5.874s] -- Up-to-date: /home/dfolse/repos/SPIDER/SPIDER_ws/install/nav2_msgs/lib/libnav2_msgs__rosidl_typesupport_c.so
[5.875s] -- Up-to-date: /home/dfolse/repos/SPIDER/SPIDER_ws/install/nav2_msgs/include/nav2_msgs
[5.875s] -- Up-to-date: /home/dfolse/repos/SPIDER/SPIDER_ws/install/nav2_msgs/include/nav2_msgs/srv
[5.875s] -- Up-to-date: /home/dfolse/repos/SPIDER/SPIDER_ws/install/nav2_msgs/include/nav2_msgs/srv/clear_costmap_except_region.hpp
[5.876s] -- Up-to-date: /home/dfolse/repos/SPIDER/SPIDER_ws/install/nav2_msgs/include/nav2_msgs/srv/clear_entire_costmap.hpp
[5.876s] -- Up-to-date: /home/dfolse/repos/SPIDER/SPIDER_ws/install/nav2_msgs/include/nav2_msgs/srv/detail
[5.876s] -- Up-to-date: /home/dfolse/repos/SPIDER/SPIDER_ws/install/nav2_msgs/include/nav2_msgs/srv/detail/manage_lifecycle_nodes__struct.hpp
[5.876s] -- Up-to-date: /home/dfolse/repos/SPIDER/SPIDER_ws/install/nav2_msgs/include/nav2_msgs/srv/detail/clear_entire_costmap__struct.hpp
[5.876s] -- Up-to-date: /home/dfolse/repos/SPIDER/SPIDER_ws/install/nav2_msgs/include/nav2_msgs/srv/detail/save_map__type_support.hpp
[5.877s] -- Up-to-date: /home/dfolse/repos/SPIDER/SPIDER_ws/install/nav2_msgs/include/nav2_msgs/srv/detail/get_costmap__struct.hpp
[5.877s] -- Up-to-date: /home/dfolse/repos/SPIDER/SPIDER_ws/install/nav2_msgs/include/nav2_msgs/srv/detail/load_map__traits.hpp
[5.877s] -- Up-to-date: /home/dfolse/repos/SPIDER/SPIDER_ws/install/nav2_msgs/include/nav2_msgs/srv/detail/manage_lifecycle_nodes__type_support.hpp
[5.877s] -- Up-to-date: /home/dfolse/repos/SPIDER/SPIDER_ws/install/nav2_msgs/include/nav2_msgs/srv/detail/save_map__traits.hpp
[5.877s] -- Up-to-date: /home/dfolse/repos/SPIDER/SPIDER_ws/install/nav2_msgs/include/nav2_msgs/srv/detail/save_map__builder.hpp
[5.878s] -- Up-to-date: /home/dfolse/repos/SPIDER/SPIDER_ws/install/nav2_msgs/include/nav2_msgs/srv/detail/clear_costmap_except_region__struct.hpp
[5.879s] -- Up-to-date: /home/dfolse/repos/SPIDER/SPIDER_ws/install/nav2_msgs/include/nav2_msgs/srv/detail/clear_costmap_except_region__traits.hpp
[5.879s] -- Up-to-date: /home/dfolse/repos/SPIDER/SPIDER_ws/install/nav2_msgs/include/nav2_msgs/srv/detail/clear_entire_costmap__builder.hpp
[5.880s] -- Up-to-date: /home/dfolse/repos/SPIDER/SPIDER_ws/install/nav2_msgs/include/nav2_msgs/srv/detail/clear_costmap_around_robot__type_support.hpp
[5.880s] -- Up-to-date: /home/dfolse/repos/SPIDER/SPIDER_ws/install/nav2_msgs/include/nav2_msgs/srv/detail/manage_lifecycle_nodes__builder.hpp
[5.880s] -- Up-to-date: /home/dfolse/repos/SPIDER/SPIDER_ws/install/nav2_msgs/include/nav2_msgs/srv/detail/clear_entire_costmap__type_support.hpp
[5.880s] -- Up-to-date: /home/dfolse/repos/SPIDER/SPIDER_ws/install/nav2_msgs/include/nav2_msgs/srv/detail/clear_costmap_except_region__type_support.hpp
[5.880s] -- Up-to-date: /home/dfolse/repos/SPIDER/SPIDER_ws/install/nav2_msgs/include/nav2_msgs/srv/detail/clear_entire_costmap__traits.hpp
[5.880s] -- Up-to-date: /home/dfolse/repos/SPIDER/SPIDER_ws/install/nav2_msgs/include/nav2_msgs/srv/detail/load_map__type_support.hpp
[5.880s] -- Up-to-date: /home/dfolse/repos/SPIDER/SPIDER_ws/install/nav2_msgs/include/nav2_msgs/srv/detail/clear_costmap_around_robot__struct.hpp
[5.881s] -- Up-to-date: /home/dfolse/repos/SPIDER/SPIDER_ws/install/nav2_msgs/include/nav2_msgs/srv/detail/get_costmap__traits.hpp
[5.884s] -- Up-to-date: /home/dfolse/repos/SPIDER/SPIDER_ws/install/nav2_msgs/include/nav2_msgs/srv/detail/get_costmap__builder.hpp
[5.884s] -- Up-to-date: /home/dfolse/repos/SPIDER/SPIDER_ws/install/nav2_msgs/include/nav2_msgs/srv/detail/manage_lifecycle_nodes__traits.hpp
[5.884s] -- Up-to-date: /home/dfolse/repos/SPIDER/SPIDER_ws/install/nav2_msgs/include/nav2_msgs/srv/detail/load_map__builder.hpp
[5.885s] -- Up-to-date: /home/dfolse/repos/SPIDER/SPIDER_ws/install/nav2_msgs/include/nav2_msgs/srv/detail/clear_costmap_around_robot__builder.hpp
[5.885s] -- Up-to-date: /home/dfolse/repos/SPIDER/SPIDER_ws/install/nav2_msgs/include/nav2_msgs/srv/detail/clear_costmap_around_robot__traits.hpp
[5.885s] -- Up-to-date: /home/dfolse/repos/SPIDER/SPIDER_ws/install/nav2_msgs/include/nav2_msgs/srv/detail/get_costmap__type_support.hpp
[5.885s] -- Up-to-date: /home/dfolse/repos/SPIDER/SPIDER_ws/install/nav2_msgs/include/nav2_msgs/srv/detail/load_map__struct.hpp
[5.885s] -- Up-to-date: /home/dfolse/repos/SPIDER/SPIDER_ws/install/nav2_msgs/include/nav2_msgs/srv/detail/save_map__struct.hpp
[5.885s] -- Up-to-date: /home/dfolse/repos/SPIDER/SPIDER_ws/install/nav2_msgs/include/nav2_msgs/srv/detail/clear_costmap_except_region__builder.hpp
[5.885s] -- Up-to-date: /home/dfolse/repos/SPIDER/SPIDER_ws/install/nav2_msgs/include/nav2_msgs/srv/manage_lifecycle_nodes.hpp
[5.885s] -- Up-to-date: /home/dfolse/repos/SPIDER/SPIDER_ws/install/nav2_msgs/include/nav2_msgs/srv/save_map.hpp
[5.886s] -- Up-to-date: /home/dfolse/repos/SPIDER/SPIDER_ws/install/nav2_msgs/include/nav2_msgs/srv/clear_costmap_around_robot.hpp
[5.886s] -- Up-to-date: /home/dfolse/repos/SPIDER/SPIDER_ws/install/nav2_msgs/include/nav2_msgs/srv/load_map.hpp
[5.886s] -- Up-to-date: /home/dfolse/repos/SPIDER/SPIDER_ws/install/nav2_msgs/include/nav2_msgs/srv/get_costmap.hpp
[5.886s] -- Up-to-date: /home/dfolse/repos/SPIDER/SPIDER_ws/install/nav2_msgs/include/nav2_msgs/msg
[5.886s] -- Up-to-date: /home/dfolse/repos/SPIDER/SPIDER_ws/install/nav2_msgs/include/nav2_msgs/msg/costmap.hpp
[5.886s] -- Up-to-date: /home/dfolse/repos/SPIDER/SPIDER_ws/install/nav2_msgs/include/nav2_msgs/msg/particle_cloud.hpp
[5.886s] -- Up-to-date: /home/dfolse/repos/SPIDER/SPIDER_ws/install/nav2_msgs/include/nav2_msgs/msg/behavior_tree_status_change.hpp
[5.886s] -- Up-to-date: /home/dfolse/repos/SPIDER/SPIDER_ws/install/nav2_msgs/include/nav2_msgs/msg/costmap_meta_data.hpp
[5.887s] -- Up-to-date: /home/dfolse/repos/SPIDER/SPIDER_ws/install/nav2_msgs/include/nav2_msgs/msg/rosidl_generator_cpp__visibility_control.hpp
[5.891s] -- Up-to-date: /home/dfolse/repos/SPIDER/SPIDER_ws/install/nav2_msgs/include/nav2_msgs/msg/detail
[5.892s] -- Up-to-date: /home/dfolse/repos/SPIDER/SPIDER_ws/install/nav2_msgs/include/nav2_msgs/msg/detail/voxel_grid__struct.hpp
[5.892s] -- Up-to-date: /home/dfolse/repos/SPIDER/SPIDER_ws/install/nav2_msgs/include/nav2_msgs/msg/detail/behavior_tree_log__type_support.hpp
[5.892s] -- Up-to-date: /home/dfolse/repos/SPIDER/SPIDER_ws/install/nav2_msgs/include/nav2_msgs/msg/detail/costmap__builder.hpp
[5.892s] -- Up-to-date: /home/dfolse/repos/SPIDER/SPIDER_ws/install/nav2_msgs/include/nav2_msgs/msg/detail/costmap__type_support.hpp
[5.892s] -- Up-to-date: /home/dfolse/repos/SPIDER/SPIDER_ws/install/nav2_msgs/include/nav2_msgs/msg/detail/behavior_tree_log__builder.hpp
[5.892s] -- Up-to-date: /home/dfolse/repos/SPIDER/SPIDER_ws/install/nav2_msgs/include/nav2_msgs/msg/detail/voxel_grid__builder.hpp
[5.892s] -- Up-to-date: /home/dfolse/repos/SPIDER/SPIDER_ws/install/nav2_msgs/include/nav2_msgs/msg/detail/costmap_meta_data__builder.hpp
[5.892s] -- Up-to-date: /home/dfolse/repos/SPIDER/SPIDER_ws/install/nav2_msgs/include/nav2_msgs/msg/detail/behavior_tree_status_change__traits.hpp
[5.893s] -- Up-to-date: /home/dfolse/repos/SPIDER/SPIDER_ws/install/nav2_msgs/include/nav2_msgs/msg/detail/particle_cloud__struct.hpp
[5.893s] -- Up-to-date: /home/dfolse/repos/SPIDER/SPIDER_ws/install/nav2_msgs/include/nav2_msgs/msg/detail/particle_cloud__traits.hpp
[5.893s] -- Up-to-date: /home/dfolse/repos/SPIDER/SPIDER_ws/install/nav2_msgs/include/nav2_msgs/msg/detail/particle__type_support.hpp
[5.893s] -- Up-to-date: /home/dfolse/repos/SPIDER/SPIDER_ws/install/nav2_msgs/include/nav2_msgs/msg/detail/particle_cloud__builder.hpp
[5.894s] -- Up-to-date: /home/dfolse/repos/SPIDER/SPIDER_ws/install/nav2_msgs/include/nav2_msgs/msg/detail/behavior_tree_status_change__struct.hpp
[5.894s] -- Up-to-date: /home/dfolse/repos/SPIDER/SPIDER_ws/install/nav2_msgs/include/nav2_msgs/msg/detail/behavior_tree_log__struct.hpp
[5.894s] -- Up-to-date: /home/dfolse/repos/SPIDER/SPIDER_ws/install/nav2_msgs/include/nav2_msgs/msg/detail/behavior_tree_status_change__builder.hpp
[5.894s] -- Up-to-date: /home/dfolse/repos/SPIDER/SPIDER_ws/install/nav2_msgs/include/nav2_msgs/msg/detail/voxel_grid__traits.hpp
[5.894s] -- Up-to-date: /home/dfolse/repos/SPIDER/SPIDER_ws/install/nav2_msgs/include/nav2_msgs/msg/detail/costmap_meta_data__traits.hpp
[5.894s] -- Up-to-date: /home/dfolse/repos/SPIDER/SPIDER_ws/install/nav2_msgs/include/nav2_msgs/msg/detail/voxel_grid__type_support.hpp
[5.895s] -- Up-to-date: /home/dfolse/repos/SPIDER/SPIDER_ws/install/nav2_msgs/include/nav2_msgs/msg/detail/costmap_meta_data__type_support.hpp
[5.895s] -- Up-to-date: /home/dfolse/repos/SPIDER/SPIDER_ws/install/nav2_msgs/include/nav2_msgs/msg/detail/behavior_tree_log__traits.hpp
[5.895s] -- Up-to-date: /home/dfolse/repos/SPIDER/SPIDER_ws/install/nav2_msgs/include/nav2_msgs/msg/detail/particle__builder.hpp
[5.895s] -- Up-to-date: /home/dfolse/repos/SPIDER/SPIDER_ws/install/nav2_msgs/include/nav2_msgs/msg/detail/costmap__traits.hpp
[5.895s] -- Up-to-date: /home/dfolse/repos/SPIDER/SPIDER_ws/install/nav2_msgs/include/nav2_msgs/msg/detail/particle__struct.hpp
[5.895s] -- Up-to-date: /home/dfolse/repos/SPIDER/SPIDER_ws/install/nav2_msgs/include/nav2_msgs/msg/detail/particle__traits.hpp
[5.895s] -- Up-to-date: /home/dfolse/repos/SPIDER/SPIDER_ws/install/nav2_msgs/include/nav2_msgs/msg/detail/costmap__struct.hpp
[5.896s] -- Up-to-date: /home/dfolse/repos/SPIDER/SPIDER_ws/install/nav2_msgs/include/nav2_msgs/msg/detail/costmap_meta_data__struct.hpp
[5.896s] -- Up-to-date: /home/dfolse/repos/SPIDER/SPIDER_ws/install/nav2_msgs/include/nav2_msgs/msg/detail/particle_cloud__type_support.hpp
[5.896s] -- Up-to-date: /home/dfolse/repos/SPIDER/SPIDER_ws/install/nav2_msgs/include/nav2_msgs/msg/detail/behavior_tree_status_change__type_support.hpp
[5.896s] -- Up-to-date: /home/dfolse/repos/SPIDER/SPIDER_ws/install/nav2_msgs/include/nav2_msgs/msg/particle.hpp
[5.896s] -- Up-to-date: /home/dfolse/repos/SPIDER/SPIDER_ws/install/nav2_msgs/include/nav2_msgs/msg/voxel_grid.hpp
[5.896s] -- Up-to-date: /home/dfolse/repos/SPIDER/SPIDER_ws/install/nav2_msgs/include/nav2_msgs/msg/behavior_tree_log.hpp
[5.896s] -- Up-to-date: /home/dfolse/repos/SPIDER/SPIDER_ws/install/nav2_msgs/include/nav2_msgs/action
[5.896s] -- Up-to-date: /home/dfolse/repos/SPIDER/SPIDER_ws/install/nav2_msgs/include/nav2_msgs/action/compute_path_to_pose.hpp
[5.897s] -- Up-to-date: /home/dfolse/repos/SPIDER/SPIDER_ws/install/nav2_msgs/include/nav2_msgs/action/follow_path.hpp
[5.897s] -- Up-to-date: /home/dfolse/repos/SPIDER/SPIDER_ws/install/nav2_msgs/include/nav2_msgs/action/navigate_to_pose.hpp
[5.897s] -- Up-to-date: /home/dfolse/repos/SPIDER/SPIDER_ws/install/nav2_msgs/include/nav2_msgs/action/detail
[5.897s] -- Up-to-date: /home/dfolse/repos/SPIDER/SPIDER_ws/install/nav2_msgs/include/nav2_msgs/action/detail/follow_path__struct.hpp
[5.897s] -- Up-to-date: /home/dfolse/repos/SPIDER/SPIDER_ws/install/nav2_msgs/include/nav2_msgs/action/detail/compute_path_to_pose__traits.hpp
[5.897s] -- Up-to-date: /home/dfolse/repos/SPIDER/SPIDER_ws/install/nav2_msgs/include/nav2_msgs/action/detail/wait__builder.hpp
[5.897s] -- Up-to-date: /home/dfolse/repos/SPIDER/SPIDER_ws/install/nav2_msgs/include/nav2_msgs/action/detail/dummy_recovery__struct.hpp
[5.897s] -- Up-to-date: /home/dfolse/repos/SPIDER/SPIDER_ws/install/nav2_msgs/include/nav2_msgs/action/detail/wait__type_support.hpp
[5.898s] -- Up-to-date: /home/dfolse/repos/SPIDER/SPIDER_ws/install/nav2_msgs/include/nav2_msgs/action/detail/navigate_to_pose__type_support.hpp
[5.898s] -- Up-to-date: /home/dfolse/repos/SPIDER/SPIDER_ws/install/nav2_msgs/include/nav2_msgs/action/detail/back_up__builder.hpp
[5.898s] -- Up-to-date: /home/dfolse/repos/SPIDER/SPIDER_ws/install/nav2_msgs/include/nav2_msgs/action/detail/wait__traits.hpp
[5.898s] -- Up-to-date: /home/dfolse/repos/SPIDER/SPIDER_ws/install/nav2_msgs/include/nav2_msgs/action/detail/follow_waypoints__traits.hpp
[5.898s] -- Up-to-date: /home/dfolse/repos/SPIDER/SPIDER_ws/install/nav2_msgs/include/nav2_msgs/action/detail/follow_path__traits.hpp
[5.898s] -- Up-to-date: /home/dfolse/repos/SPIDER/SPIDER_ws/install/nav2_msgs/include/nav2_msgs/action/detail/compute_path_to_pose__type_support.hpp
[5.898s] -- Up-to-date: /home/dfolse/repos/SPIDER/SPIDER_ws/install/nav2_msgs/include/nav2_msgs/action/detail/follow_path__type_support.hpp
[5.898s] -- Up-to-date: /home/dfolse/repos/SPIDER/SPIDER_ws/install/nav2_msgs/include/nav2_msgs/action/detail/back_up__traits.hpp
[5.899s] -- Up-to-date: /home/dfolse/repos/SPIDER/SPIDER_ws/install/nav2_msgs/include/nav2_msgs/action/detail/dummy_recovery__builder.hpp
[5.899s] -- Up-to-date: /home/dfolse/repos/SPIDER/SPIDER_ws/install/nav2_msgs/include/nav2_msgs/action/detail/navigate_to_pose__traits.hpp
[5.899s] -- Up-to-date: /home/dfolse/repos/SPIDER/SPIDER_ws/install/nav2_msgs/include/nav2_msgs/action/detail/compute_path_to_pose__struct.hpp
[5.899s] -- Up-to-date: /home/dfolse/repos/SPIDER/SPIDER_ws/install/nav2_msgs/include/nav2_msgs/action/detail/wait__struct.hpp
[5.899s] -- Up-to-date: /home/dfolse/repos/SPIDER/SPIDER_ws/install/nav2_msgs/include/nav2_msgs/action/detail/back_up__struct.hpp
[5.899s] -- Up-to-date: /home/dfolse/repos/SPIDER/SPIDER_ws/install/nav2_msgs/include/nav2_msgs/action/detail/dummy_recovery__type_support.hpp
[5.899s] -- Up-to-date: /home/dfolse/repos/SPIDER/SPIDER_ws/install/nav2_msgs/include/nav2_msgs/action/detail/navigate_to_pose__struct.hpp
[5.899s] -- Up-to-date: /home/dfolse/repos/SPIDER/SPIDER_ws/install/nav2_msgs/include/nav2_msgs/action/detail/navigate_to_pose__builder.hpp
[5.899s] -- Up-to-date: /home/dfolse/repos/SPIDER/SPIDER_ws/install/nav2_msgs/include/nav2_msgs/action/detail/spin__struct.hpp
[5.900s] -- Up-to-date: /home/dfolse/repos/SPIDER/SPIDER_ws/install/nav2_msgs/include/nav2_msgs/action/detail/follow_waypoints__struct.hpp
[5.900s] -- Up-to-date: /home/dfolse/repos/SPIDER/SPIDER_ws/install/nav2_msgs/include/nav2_msgs/action/detail/back_up__type_support.hpp
[5.900s] -- Up-to-date: /home/dfolse/repos/SPIDER/SPIDER_ws/install/nav2_msgs/include/nav2_msgs/action/detail/follow_waypoints__builder.hpp
[5.900s] -- Up-to-date: /home/dfolse/repos/SPIDER/SPIDER_ws/install/nav2_msgs/include/nav2_msgs/action/detail/follow_waypoints__type_support.hpp
[5.900s] -- Up-to-date: /home/dfolse/repos/SPIDER/SPIDER_ws/install/nav2_msgs/include/nav2_msgs/action/detail/spin__builder.hpp
[5.900s] -- Up-to-date: /home/dfolse/repos/SPIDER/SPIDER_ws/install/nav2_msgs/include/nav2_msgs/action/detail/spin__type_support.hpp
[5.900s] -- Up-to-date: /home/dfolse/repos/SPIDER/SPIDER_ws/install/nav2_msgs/include/nav2_msgs/action/detail/follow_path__builder.hpp
[5.900s] -- Up-to-date: /home/dfolse/repos/SPIDER/SPIDER_ws/install/nav2_msgs/include/nav2_msgs/action/detail/dummy_recovery__traits.hpp
[5.901s] -- Up-to-date: /home/dfolse/repos/SPIDER/SPIDER_ws/install/nav2_msgs/include/nav2_msgs/action/detail/spin__traits.hpp
[5.901s] -- Up-to-date: /home/dfolse/repos/SPIDER/SPIDER_ws/install/nav2_msgs/include/nav2_msgs/action/detail/compute_path_to_pose__builder.hpp
[5.901s] -- Up-to-date: /home/dfolse/repos/SPIDER/SPIDER_ws/install/nav2_msgs/include/nav2_msgs/action/spin.hpp
[5.901s] -- Up-to-date: /home/dfolse/repos/SPIDER/SPIDER_ws/install/nav2_msgs/include/nav2_msgs/action/back_up.hpp
[5.902s] -- Up-to-date: /home/dfolse/repos/SPIDER/SPIDER_ws/install/nav2_msgs/include/nav2_msgs/action/wait.hpp
[5.902s] -- Up-to-date: /home/dfolse/repos/SPIDER/SPIDER_ws/install/nav2_msgs/include/nav2_msgs/action/follow_waypoints.hpp
[5.902s] -- Up-to-date: /home/dfolse/repos/SPIDER/SPIDER_ws/install/nav2_msgs/include/nav2_msgs/action/dummy_recovery.hpp
[5.902s] -- Up-to-date: /home/dfolse/repos/SPIDER/SPIDER_ws/install/nav2_msgs/include/nav2_msgs
[5.902s] -- Up-to-date: /home/dfolse/repos/SPIDER/SPIDER_ws/install/nav2_msgs/include/nav2_msgs/srv
[5.903s] -- Up-to-date: /home/dfolse/repos/SPIDER/SPIDER_ws/install/nav2_msgs/include/nav2_msgs/srv/detail
[5.903s] -- Up-to-date: /home/dfolse/repos/SPIDER/SPIDER_ws/install/nav2_msgs/include/nav2_msgs/srv/detail/get_costmap__type_support.cpp
[5.903s] -- Up-to-date: /home/dfolse/repos/SPIDER/SPIDER_ws/install/nav2_msgs/include/nav2_msgs/srv/detail/manage_lifecycle_nodes__type_support.cpp
[5.903s] -- Up-to-date: /home/dfolse/repos/SPIDER/SPIDER_ws/install/nav2_msgs/include/nav2_msgs/srv/detail/load_map__type_support.cpp
[5.903s] -- Up-to-date: /home/dfolse/repos/SPIDER/SPIDER_ws/install/nav2_msgs/include/nav2_msgs/srv/detail/clear_costmap_except_region__type_support.cpp
[5.903s] -- Up-to-date: /home/dfolse/repos/SPIDER/SPIDER_ws/install/nav2_msgs/include/nav2_msgs/srv/detail/save_map__type_support.cpp
[5.903s] -- Up-to-date: /home/dfolse/repos/SPIDER/SPIDER_ws/install/nav2_msgs/include/nav2_msgs/srv/detail/clear_entire_costmap__type_support.cpp
[5.903s] -- Up-to-date: /home/dfolse/repos/SPIDER/SPIDER_ws/install/nav2_msgs/include/nav2_msgs/srv/detail/get_costmap__rosidl_typesupport_introspection_cpp.hpp
[5.903s] -- Up-to-date: /home/dfolse/repos/SPIDER/SPIDER_ws/install/nav2_msgs/include/nav2_msgs/srv/detail/clear_costmap_around_robot__rosidl_typesupport_introspection_cpp.hpp
[5.904s] -- Up-to-date: /home/dfolse/repos/SPIDER/SPIDER_ws/install/nav2_msgs/include/nav2_msgs/srv/detail/clear_costmap_around_robot__type_support.cpp
[5.904s] -- Up-to-date: /home/dfolse/repos/SPIDER/SPIDER_ws/install/nav2_msgs/include/nav2_msgs/srv/detail/save_map__rosidl_typesupport_introspection_cpp.hpp
[5.904s] -- Up-to-date: /home/dfolse/repos/SPIDER/SPIDER_ws/install/nav2_msgs/include/nav2_msgs/srv/detail/manage_lifecycle_nodes__rosidl_typesupport_introspection_cpp.hpp
[5.904s] -- Up-to-date: /home/dfolse/repos/SPIDER/SPIDER_ws/install/nav2_msgs/include/nav2_msgs/srv/detail/clear_entire_costmap__rosidl_typesupport_introspection_cpp.hpp
[5.904s] -- Up-to-date: /home/dfolse/repos/SPIDER/SPIDER_ws/install/nav2_msgs/include/nav2_msgs/srv/detail/load_map__rosidl_typesupport_introspection_cpp.hpp
[5.904s] -- Up-to-date: /home/dfolse/repos/SPIDER/SPIDER_ws/install/nav2_msgs/include/nav2_msgs/srv/detail/clear_costmap_except_region__rosidl_typesupport_introspection_cpp.hpp
[5.904s] -- Up-to-date: /home/dfolse/repos/SPIDER/SPIDER_ws/install/nav2_msgs/include/nav2_msgs/msg
[5.905s] -- Up-to-date: /home/dfolse/repos/SPIDER/SPIDER_ws/install/nav2_msgs/include/nav2_msgs/msg/detail
[5.905s] -- Up-to-date: /home/dfolse/repos/SPIDER/SPIDER_ws/install/nav2_msgs/include/nav2_msgs/msg/detail/particle_cloud__rosidl_typesupport_introspection_cpp.hpp
[5.905s] -- Up-to-date: /home/dfolse/repos/SPIDER/SPIDER_ws/install/nav2_msgs/include/nav2_msgs/msg/detail/behavior_tree_status_change__type_support.cpp
[5.905s] -- Up-to-date: /home/dfolse/repos/SPIDER/SPIDER_ws/install/nav2_msgs/include/nav2_msgs/msg/detail/voxel_grid__type_support.cpp
[5.905s] -- Up-to-date: /home/dfolse/repos/SPIDER/SPIDER_ws/install/nav2_msgs/include/nav2_msgs/msg/detail/costmap_meta_data__rosidl_typesupport_introspection_cpp.hpp
[5.905s] -- Up-to-date: /home/dfolse/repos/SPIDER/SPIDER_ws/install/nav2_msgs/include/nav2_msgs/msg/detail/voxel_grid__rosidl_typesupport_introspection_cpp.hpp
[5.905s] -- Up-to-date: /home/dfolse/repos/SPIDER/SPIDER_ws/install/nav2_msgs/include/nav2_msgs/msg/detail/behavior_tree_log__rosidl_typesupport_introspection_cpp.hpp
[5.905s] -- Up-to-date: /home/dfolse/repos/SPIDER/SPIDER_ws/install/nav2_msgs/include/nav2_msgs/msg/detail/particle_cloud__type_support.cpp
[5.906s] -- Up-to-date: /home/dfolse/repos/SPIDER/SPIDER_ws/install/nav2_msgs/include/nav2_msgs/msg/detail/behavior_tree_status_change__rosidl_typesupport_introspection_cpp.hpp
[5.906s] -- Up-to-date: /home/dfolse/repos/SPIDER/SPIDER_ws/install/nav2_msgs/include/nav2_msgs/msg/detail/costmap_meta_data__type_support.cpp
[5.906s] -- Up-to-date: /home/dfolse/repos/SPIDER/SPIDER_ws/install/nav2_msgs/include/nav2_msgs/msg/detail/costmap__type_support.cpp
[5.906s] -- Up-to-date: /home/dfolse/repos/SPIDER/SPIDER_ws/install/nav2_msgs/include/nav2_msgs/msg/detail/costmap__rosidl_typesupport_introspection_cpp.hpp
[5.906s] -- Up-to-date: /home/dfolse/repos/SPIDER/SPIDER_ws/install/nav2_msgs/include/nav2_msgs/msg/detail/particle__type_support.cpp
[5.906s] -- Up-to-date: /home/dfolse/repos/SPIDER/SPIDER_ws/install/nav2_msgs/include/nav2_msgs/msg/detail/particle__rosidl_typesupport_introspection_cpp.hpp
[5.906s] -- Up-to-date: /home/dfolse/repos/SPIDER/SPIDER_ws/install/nav2_msgs/include/nav2_msgs/msg/detail/behavior_tree_log__type_support.cpp
[5.906s] -- Up-to-date: /home/dfolse/repos/SPIDER/SPIDER_ws/install/nav2_msgs/include/nav2_msgs/action
[5.907s] -- Up-to-date: /home/dfolse/repos/SPIDER/SPIDER_ws/install/nav2_msgs/include/nav2_msgs/action/detail
[5.907s] -- Up-to-date: /home/dfolse/repos/SPIDER/SPIDER_ws/install/nav2_msgs/include/nav2_msgs/action/detail/compute_path_to_pose__type_support.cpp
[5.907s] -- Up-to-date: /home/dfolse/repos/SPIDER/SPIDER_ws/install/nav2_msgs/include/nav2_msgs/action/detail/wait__rosidl_typesupport_introspection_cpp.hpp
[5.907s] -- Up-to-date: /home/dfolse/repos/SPIDER/SPIDER_ws/install/nav2_msgs/include/nav2_msgs/action/detail/navigate_to_pose__type_support.cpp
[5.907s] -- Up-to-date: /home/dfolse/repos/SPIDER/SPIDER_ws/install/nav2_msgs/include/nav2_msgs/action/detail/dummy_recovery__rosidl_typesupport_introspection_cpp.hpp
[5.907s] -- Up-to-date: /home/dfolse/repos/SPIDER/SPIDER_ws/install/nav2_msgs/include/nav2_msgs/action/detail/back_up__type_support.cpp
[5.907s] -- Up-to-date: /home/dfolse/repos/SPIDER/SPIDER_ws/install/nav2_msgs/include/nav2_msgs/action/detail/spin__type_support.cpp
[5.907s] -- Up-to-date: /home/dfolse/repos/SPIDER/SPIDER_ws/install/nav2_msgs/include/nav2_msgs/action/detail/follow_waypoints__type_support.cpp
[5.908s] -- Up-to-date: /home/dfolse/repos/SPIDER/SPIDER_ws/install/nav2_msgs/include/nav2_msgs/action/detail/follow_waypoints__rosidl_typesupport_introspection_cpp.hpp
[5.908s] -- Up-to-date: /home/dfolse/repos/SPIDER/SPIDER_ws/install/nav2_msgs/include/nav2_msgs/action/detail/navigate_to_pose__rosidl_typesupport_introspection_cpp.hpp
[5.908s] -- Up-to-date: /home/dfolse/repos/SPIDER/SPIDER_ws/install/nav2_msgs/include/nav2_msgs/action/detail/follow_path__rosidl_typesupport_introspection_cpp.hpp
[5.908s] -- Up-to-date: /home/dfolse/repos/SPIDER/SPIDER_ws/install/nav2_msgs/include/nav2_msgs/action/detail/spin__rosidl_typesupport_introspection_cpp.hpp
[5.908s] -- Up-to-date: /home/dfolse/repos/SPIDER/SPIDER_ws/install/nav2_msgs/include/nav2_msgs/action/detail/dummy_recovery__type_support.cpp
[5.908s] -- Up-to-date: /home/dfolse/repos/SPIDER/SPIDER_ws/install/nav2_msgs/include/nav2_msgs/action/detail/follow_path__type_support.cpp
[5.908s] -- Up-to-date: /home/dfolse/repos/SPIDER/SPIDER_ws/install/nav2_msgs/include/nav2_msgs/action/detail/back_up__rosidl_typesupport_introspection_cpp.hpp
[5.909s] -- Up-to-date: /home/dfolse/repos/SPIDER/SPIDER_ws/install/nav2_msgs/include/nav2_msgs/action/detail/wait__type_support.cpp
[5.909s] -- Up-to-date: /home/dfolse/repos/SPIDER/SPIDER_ws/install/nav2_msgs/include/nav2_msgs/action/detail/compute_path_to_pose__rosidl_typesupport_introspection_cpp.hpp
[5.909s] -- Up-to-date: /home/dfolse/repos/SPIDER/SPIDER_ws/install/nav2_msgs/lib/libnav2_msgs__rosidl_typesupport_introspection_cpp.so
[5.909s] -- Up-to-date: /home/dfolse/repos/SPIDER/SPIDER_ws/install/nav2_msgs/lib/libnav2_msgs__rosidl_typesupport_cpp.so
[5.909s] -- Up-to-date: /home/dfolse/repos/SPIDER/SPIDER_ws/install/nav2_msgs/share/nav2_msgs/environment/pythonpath.sh
[5.909s] -- Up-to-date: /home/dfolse/repos/SPIDER/SPIDER_ws/install/nav2_msgs/share/nav2_msgs/environment/pythonpath.dsv
[5.909s] -- Up-to-date: /home/dfolse/repos/SPIDER/SPIDER_ws/install/nav2_msgs/lib/python3.8/site-packages/nav2_msgs/__init__.py
[6.175s] -- Up-to-date: /home/dfolse/repos/SPIDER/SPIDER_ws/install/nav2_msgs/lib/python3.8/site-packages/nav2_msgs/msg
[6.176s] -- Up-to-date: /home/dfolse/repos/SPIDER/SPIDER_ws/install/nav2_msgs/lib/python3.8/site-packages/nav2_msgs/msg/_voxel_grid.py
[6.176s] -- Up-to-date: /home/dfolse/repos/SPIDER/SPIDER_ws/install/nav2_msgs/lib/python3.8/site-packages/nav2_msgs/msg/_costmap_meta_data.py
[6.176s] -- Up-to-date: /home/dfolse/repos/SPIDER/SPIDER_ws/install/nav2_msgs/lib/python3.8/site-packages/nav2_msgs/msg/_costmap_meta_data_s.c
[6.176s] -- Up-to-date: /home/dfolse/repos/SPIDER/SPIDER_ws/install/nav2_msgs/lib/python3.8/site-packages/nav2_msgs/msg/_behavior_tree_log.py
[6.177s] -- Up-to-date: /home/dfolse/repos/SPIDER/SPIDER_ws/install/nav2_msgs/lib/python3.8/site-packages/nav2_msgs/msg/_behavior_tree_status_change.py
[6.177s] -- Up-to-date: /home/dfolse/repos/SPIDER/SPIDER_ws/install/nav2_msgs/lib/python3.8/site-packages/nav2_msgs/msg/_voxel_grid_s.c
[6.177s] -- Up-to-date: /home/dfolse/repos/SPIDER/SPIDER_ws/install/nav2_msgs/lib/python3.8/site-packages/nav2_msgs/msg/_particle_cloud.py
[6.177s] -- Up-to-date: /home/dfolse/repos/SPIDER/SPIDER_ws/install/nav2_msgs/lib/python3.8/site-packages/nav2_msgs/msg/_behavior_tree_log_s.c
[6.177s] -- Up-to-date: /home/dfolse/repos/SPIDER/SPIDER_ws/install/nav2_msgs/lib/python3.8/site-packages/nav2_msgs/msg/_costmap.py
[6.178s] -- Up-to-date: /home/dfolse/repos/SPIDER/SPIDER_ws/install/nav2_msgs/lib/python3.8/site-packages/nav2_msgs/msg/_behavior_tree_status_change_s.c
[6.178s] -- Up-to-date: /home/dfolse/repos/SPIDER/SPIDER_ws/install/nav2_msgs/lib/python3.8/site-packages/nav2_msgs/msg/_particle.py
[6.178s] -- Up-to-date: /home/dfolse/repos/SPIDER/SPIDER_ws/install/nav2_msgs/lib/python3.8/site-packages/nav2_msgs/msg/_particle_cloud_s.c
[6.178s] -- Up-to-date: /home/dfolse/repos/SPIDER/SPIDER_ws/install/nav2_msgs/lib/python3.8/site-packages/nav2_msgs/msg/__init__.py
[6.179s] -- Up-to-date: /home/dfolse/repos/SPIDER/SPIDER_ws/install/nav2_msgs/lib/python3.8/site-packages/nav2_msgs/msg/_costmap_s.c
[6.179s] -- Up-to-date: /home/dfolse/repos/SPIDER/SPIDER_ws/install/nav2_msgs/lib/python3.8/site-packages/nav2_msgs/msg/_particle_s.c
[6.179s] -- Up-to-date: /home/dfolse/repos/SPIDER/SPIDER_ws/install/nav2_msgs/lib/python3.8/site-packages/nav2_msgs/srv
[6.179s] -- Up-to-date: /home/dfolse/repos/SPIDER/SPIDER_ws/install/nav2_msgs/lib/python3.8/site-packages/nav2_msgs/srv/_clear_costmap_around_robot_s.c
[6.180s] -- Up-to-date: /home/dfolse/repos/SPIDER/SPIDER_ws/install/nav2_msgs/lib/python3.8/site-packages/nav2_msgs/srv/_manage_lifecycle_nodes_s.c
[6.180s] -- Up-to-date: /home/dfolse/repos/SPIDER/SPIDER_ws/install/nav2_msgs/lib/python3.8/site-packages/nav2_msgs/srv/_save_map_s.c
[6.180s] -- Up-to-date: /home/dfolse/repos/SPIDER/SPIDER_ws/install/nav2_msgs/lib/python3.8/site-packages/nav2_msgs/srv/_clear_costmap_except_region_s.c
[6.180s] -- Up-to-date: /home/dfolse/repos/SPIDER/SPIDER_ws/install/nav2_msgs/lib/python3.8/site-packages/nav2_msgs/srv/_load_map.py
[6.180s] -- Up-to-date: /home/dfolse/repos/SPIDER/SPIDER_ws/install/nav2_msgs/lib/python3.8/site-packages/nav2_msgs/srv/_get_costmap.py
[6.181s] -- Up-to-date: /home/dfolse/repos/SPIDER/SPIDER_ws/install/nav2_msgs/lib/python3.8/site-packages/nav2_msgs/srv/_clear_entire_costmap_s.c
[6.182s] -- Up-to-date: /home/dfolse/repos/SPIDER/SPIDER_ws/install/nav2_msgs/lib/python3.8/site-packages/nav2_msgs/srv/_clear_entire_costmap.py
[6.183s] -- Up-to-date: /home/dfolse/repos/SPIDER/SPIDER_ws/install/nav2_msgs/lib/python3.8/site-packages/nav2_msgs/srv/_save_map.py
[6.183s] -- Up-to-date: /home/dfolse/repos/SPIDER/SPIDER_ws/install/nav2_msgs/lib/python3.8/site-packages/nav2_msgs/srv/_load_map_s.c
[6.184s] -- Up-to-date: /home/dfolse/repos/SPIDER/SPIDER_ws/install/nav2_msgs/lib/python3.8/site-packages/nav2_msgs/srv/_clear_costmap_except_region.py
[6.184s] -- Up-to-date: /home/dfolse/repos/SPIDER/SPIDER_ws/install/nav2_msgs/lib/python3.8/site-packages/nav2_msgs/srv/_clear_costmap_around_robot.py
[6.184s] -- Up-to-date: /home/dfolse/repos/SPIDER/SPIDER_ws/install/nav2_msgs/lib/python3.8/site-packages/nav2_msgs/srv/_get_costmap_s.c
[6.184s] -- Up-to-date: /home/dfolse/repos/SPIDER/SPIDER_ws/install/nav2_msgs/lib/python3.8/site-packages/nav2_msgs/srv/__init__.py
[6.184s] -- Up-to-date: /home/dfolse/repos/SPIDER/SPIDER_ws/install/nav2_msgs/lib/python3.8/site-packages/nav2_msgs/srv/_manage_lifecycle_nodes.py
[6.184s] -- Up-to-date: /home/dfolse/repos/SPIDER/SPIDER_ws/install/nav2_msgs/lib/python3.8/site-packages/nav2_msgs/action
[6.184s] -- Up-to-date: /home/dfolse/repos/SPIDER/SPIDER_ws/install/nav2_msgs/lib/python3.8/site-packages/nav2_msgs/action/_compute_path_to_pose_s.c
[6.185s] -- Up-to-date: /home/dfolse/repos/SPIDER/SPIDER_ws/install/nav2_msgs/lib/python3.8/site-packages/nav2_msgs/action/_back_up_s.c
[6.185s] -- Up-to-date: /home/dfolse/repos/SPIDER/SPIDER_ws/install/nav2_msgs/lib/python3.8/site-packages/nav2_msgs/action/_spin_s.c
[6.185s] -- Up-to-date: /home/dfolse/repos/SPIDER/SPIDER_ws/install/nav2_msgs/lib/python3.8/site-packages/nav2_msgs/action/_navigate_to_pose_s.c
[6.185s] -- Up-to-date: /home/dfolse/repos/SPIDER/SPIDER_ws/install/nav2_msgs/lib/python3.8/site-packages/nav2_msgs/action/_dummy_recovery_s.c
[6.185s] -- Up-to-date: /home/dfolse/repos/SPIDER/SPIDER_ws/install/nav2_msgs/lib/python3.8/site-packages/nav2_msgs/action/_back_up.py
[6.185s] -- Up-to-date: /home/dfolse/repos/SPIDER/SPIDER_ws/install/nav2_msgs/lib/python3.8/site-packages/nav2_msgs/action/_follow_path.py
[6.185s] -- Up-to-date: /home/dfolse/repos/SPIDER/SPIDER_ws/install/nav2_msgs/lib/python3.8/site-packages/nav2_msgs/action/_spin.py
[6.186s] -- Up-to-date: /home/dfolse/repos/SPIDER/SPIDER_ws/install/nav2_msgs/lib/python3.8/site-packages/nav2_msgs/action/_wait_s.c
[6.186s] -- Up-to-date: /home/dfolse/repos/SPIDER/SPIDER_ws/install/nav2_msgs/lib/python3.8/site-packages/nav2_msgs/action/_navigate_to_pose.py
[6.186s] -- Up-to-date: /home/dfolse/repos/SPIDER/SPIDER_ws/install/nav2_msgs/lib/python3.8/site-packages/nav2_msgs/action/_wait.py
[6.186s] -- Up-to-date: /home/dfolse/repos/SPIDER/SPIDER_ws/install/nav2_msgs/lib/python3.8/site-packages/nav2_msgs/action/__init__.py
[6.186s] -- Up-to-date: /home/dfolse/repos/SPIDER/SPIDER_ws/install/nav2_msgs/lib/python3.8/site-packages/nav2_msgs/action/_follow_waypoints_s.c
[6.187s] -- Up-to-date: /home/dfolse/repos/SPIDER/SPIDER_ws/install/nav2_msgs/lib/python3.8/site-packages/nav2_msgs/action/_compute_path_to_pose.py
[6.187s] -- Up-to-date: /home/dfolse/repos/SPIDER/SPIDER_ws/install/nav2_msgs/lib/python3.8/site-packages/nav2_msgs/action/_follow_waypoints.py
[6.187s] -- Up-to-date: /home/dfolse/repos/SPIDER/SPIDER_ws/install/nav2_msgs/lib/python3.8/site-packages/nav2_msgs/action/_dummy_recovery.py
[6.187s] -- Up-to-date: /home/dfolse/repos/SPIDER/SPIDER_ws/install/nav2_msgs/lib/python3.8/site-packages/nav2_msgs/action/_follow_path_s.c
[6.187s] -- Up-to-date: /home/dfolse/repos/SPIDER/SPIDER_ws/install/nav2_msgs/lib/python3.8/site-packages/nav2_msgs/nav2_msgs_s__rosidl_typesupport_fastrtps_c.cpython-38-aarch64-linux-gnu.so
[6.187s] -- Up-to-date: /home/dfolse/repos/SPIDER/SPIDER_ws/install/nav2_msgs/lib/python3.8/site-packages/nav2_msgs/nav2_msgs_s__rosidl_typesupport_introspection_c.cpython-38-aarch64-linux-gnu.so
[6.188s] -- Up-to-date: /home/dfolse/repos/SPIDER/SPIDER_ws/install/nav2_msgs/lib/python3.8/site-packages/nav2_msgs/nav2_msgs_s__rosidl_typesupport_c.cpython-38-aarch64-linux-gnu.so
[6.189s] -- Up-to-date: /home/dfolse/repos/SPIDER/SPIDER_ws/install/nav2_msgs/lib/libnav2_msgs__python.so
[6.190s] -- Up-to-date: /home/dfolse/repos/SPIDER/SPIDER_ws/install/nav2_msgs/share/nav2_msgs/msg/Costmap.idl
[6.190s] -- Up-to-date: /home/dfolse/repos/SPIDER/SPIDER_ws/install/nav2_msgs/share/nav2_msgs/msg/CostmapMetaData.idl
[6.190s] -- Up-to-date: /home/dfolse/repos/SPIDER/SPIDER_ws/install/nav2_msgs/share/nav2_msgs/msg/VoxelGrid.idl
[6.191s] -- Up-to-date: /home/dfolse/repos/SPIDER/SPIDER_ws/install/nav2_msgs/share/nav2_msgs/msg/BehaviorTreeStatusChange.idl
[6.192s] -- Up-to-date: /home/dfolse/repos/SPIDER/SPIDER_ws/install/nav2_msgs/share/nav2_msgs/msg/BehaviorTreeLog.idl
[6.193s] -- Up-to-date: /home/dfolse/repos/SPIDER/SPIDER_ws/install/nav2_msgs/share/nav2_msgs/msg/Particle.idl
[6.194s] -- Up-to-date: /home/dfolse/repos/SPIDER/SPIDER_ws/install/nav2_msgs/share/nav2_msgs/msg/ParticleCloud.idl
[6.195s] -- Up-to-date: /home/dfolse/repos/SPIDER/SPIDER_ws/install/nav2_msgs/share/nav2_msgs/srv/GetCostmap.idl
[6.196s] -- Up-to-date: /home/dfolse/repos/SPIDER/SPIDER_ws/install/nav2_msgs/share/nav2_msgs/srv/ClearCostmapExceptRegion.idl
[6.197s] -- Up-to-date: /home/dfolse/repos/SPIDER/SPIDER_ws/install/nav2_msgs/share/nav2_msgs/srv/ClearCostmapAroundRobot.idl
[6.197s] -- Up-to-date: /home/dfolse/repos/SPIDER/SPIDER_ws/install/nav2_msgs/share/nav2_msgs/srv/ClearEntireCostmap.idl
[6.198s] -- Up-to-date: /home/dfolse/repos/SPIDER/SPIDER_ws/install/nav2_msgs/share/nav2_msgs/srv/ManageLifecycleNodes.idl
[6.199s] -- Up-to-date: /home/dfolse/repos/SPIDER/SPIDER_ws/install/nav2_msgs/share/nav2_msgs/srv/LoadMap.idl
[6.199s] -- Up-to-date: /home/dfolse/repos/SPIDER/SPIDER_ws/install/nav2_msgs/share/nav2_msgs/srv/SaveMap.idl
[6.200s] -- Up-to-date: /home/dfolse/repos/SPIDER/SPIDER_ws/install/nav2_msgs/share/nav2_msgs/action/BackUp.idl
[6.201s] -- Up-to-date: /home/dfolse/repos/SPIDER/SPIDER_ws/install/nav2_msgs/share/nav2_msgs/action/ComputePathToPose.idl
[6.202s] -- Up-to-date: /home/dfolse/repos/SPIDER/SPIDER_ws/install/nav2_msgs/share/nav2_msgs/action/FollowPath.idl
[6.203s] -- Up-to-date: /home/dfolse/repos/SPIDER/SPIDER_ws/install/nav2_msgs/share/nav2_msgs/action/NavigateToPose.idl
[6.203s] -- Up-to-date: /home/dfolse/repos/SPIDER/SPIDER_ws/install/nav2_msgs/share/nav2_msgs/action/Wait.idl
[6.204s] -- Up-to-date: /home/dfolse/repos/SPIDER/SPIDER_ws/install/nav2_msgs/share/nav2_msgs/action/Spin.idl
[6.204s] -- Up-to-date: /home/dfolse/repos/SPIDER/SPIDER_ws/install/nav2_msgs/share/nav2_msgs/action/DummyRecovery.idl
[6.205s] -- Up-to-date: /home/dfolse/repos/SPIDER/SPIDER_ws/install/nav2_msgs/share/nav2_msgs/action/FollowWaypoints.idl
[6.206s] -- Up-to-date: /home/dfolse/repos/SPIDER/SPIDER_ws/install/nav2_msgs/share/nav2_msgs/msg/Costmap.msg
[6.206s] -- Up-to-date: /home/dfolse/repos/SPIDER/SPIDER_ws/install/nav2_msgs/share/nav2_msgs/msg/CostmapMetaData.msg
[6.207s] -- Up-to-date: /home/dfolse/repos/SPIDER/SPIDER_ws/install/nav2_msgs/share/nav2_msgs/msg/VoxelGrid.msg
[6.208s] -- Up-to-date: /home/dfolse/repos/SPIDER/SPIDER_ws/install/nav2_msgs/share/nav2_msgs/msg/BehaviorTreeStatusChange.msg
[6.209s] -- Up-to-date: /home/dfolse/repos/SPIDER/SPIDER_ws/install/nav2_msgs/share/nav2_msgs/msg/BehaviorTreeLog.msg
[6.209s] -- Up-to-date: /home/dfolse/repos/SPIDER/SPIDER_ws/install/nav2_msgs/share/nav2_msgs/msg/Particle.msg
[6.211s] -- Up-to-date: /home/dfolse/repos/SPIDER/SPIDER_ws/install/nav2_msgs/share/nav2_msgs/msg/ParticleCloud.msg
[6.211s] -- Up-to-date: /home/dfolse/repos/SPIDER/SPIDER_ws/install/nav2_msgs/share/nav2_msgs/srv/GetCostmap.srv
[6.212s] -- Up-to-date: /home/dfolse/repos/SPIDER/SPIDER_ws/install/nav2_msgs/share/nav2_msgs/srv/GetCostmap_Request.msg
[6.213s] -- Up-to-date: /home/dfolse/repos/SPIDER/SPIDER_ws/install/nav2_msgs/share/nav2_msgs/srv/GetCostmap_Response.msg
[6.214s] -- Up-to-date: /home/dfolse/repos/SPIDER/SPIDER_ws/install/nav2_msgs/share/nav2_msgs/srv/ClearCostmapExceptRegion.srv
[6.214s] -- Up-to-date: /home/dfolse/repos/SPIDER/SPIDER_ws/install/nav2_msgs/share/nav2_msgs/srv/ClearCostmapExceptRegion_Request.msg
[6.215s] -- Up-to-date: /home/dfolse/repos/SPIDER/SPIDER_ws/install/nav2_msgs/share/nav2_msgs/srv/ClearCostmapExceptRegion_Response.msg
[6.216s] -- Up-to-date: /home/dfolse/repos/SPIDER/SPIDER_ws/install/nav2_msgs/share/nav2_msgs/srv/ClearCostmapAroundRobot.srv
[6.216s] -- Up-to-date: /home/dfolse/repos/SPIDER/SPIDER_ws/install/nav2_msgs/share/nav2_msgs/srv/ClearCostmapAroundRobot_Request.msg
[6.217s] -- Up-to-date: /home/dfolse/repos/SPIDER/SPIDER_ws/install/nav2_msgs/share/nav2_msgs/srv/ClearCostmapAroundRobot_Response.msg
[6.218s] -- Up-to-date: /home/dfolse/repos/SPIDER/SPIDER_ws/install/nav2_msgs/share/nav2_msgs/srv/ClearEntireCostmap.srv
[6.218s] -- Up-to-date: /home/dfolse/repos/SPIDER/SPIDER_ws/install/nav2_msgs/share/nav2_msgs/srv/ClearEntireCostmap_Request.msg
[6.219s] -- Up-to-date: /home/dfolse/repos/SPIDER/SPIDER_ws/install/nav2_msgs/share/nav2_msgs/srv/ClearEntireCostmap_Response.msg
[6.220s] -- Up-to-date: /home/dfolse/repos/SPIDER/SPIDER_ws/install/nav2_msgs/share/nav2_msgs/srv/ManageLifecycleNodes.srv
[6.220s] -- Up-to-date: /home/dfolse/repos/SPIDER/SPIDER_ws/install/nav2_msgs/share/nav2_msgs/srv/ManageLifecycleNodes_Request.msg
[6.221s] -- Up-to-date: /home/dfolse/repos/SPIDER/SPIDER_ws/install/nav2_msgs/share/nav2_msgs/srv/ManageLifecycleNodes_Response.msg
[6.222s] -- Up-to-date: /home/dfolse/repos/SPIDER/SPIDER_ws/install/nav2_msgs/share/nav2_msgs/srv/LoadMap.srv
[6.223s] -- Up-to-date: /home/dfolse/repos/SPIDER/SPIDER_ws/install/nav2_msgs/share/nav2_msgs/srv/LoadMap_Request.msg
[6.223s] -- Up-to-date: /home/dfolse/repos/SPIDER/SPIDER_ws/install/nav2_msgs/share/nav2_msgs/srv/LoadMap_Response.msg
[6.223s] -- Up-to-date: /home/dfolse/repos/SPIDER/SPIDER_ws/install/nav2_msgs/share/nav2_msgs/srv/SaveMap.srv
[6.224s] -- Up-to-date: /home/dfolse/repos/SPIDER/SPIDER_ws/install/nav2_msgs/share/nav2_msgs/srv/SaveMap_Request.msg
[6.224s] -- Up-to-date: /home/dfolse/repos/SPIDER/SPIDER_ws/install/nav2_msgs/share/nav2_msgs/srv/SaveMap_Response.msg
[6.224s] -- Up-to-date: /home/dfolse/repos/SPIDER/SPIDER_ws/install/nav2_msgs/share/nav2_msgs/action/BackUp.action
[6.224s] -- Up-to-date: /home/dfolse/repos/SPIDER/SPIDER_ws/install/nav2_msgs/share/nav2_msgs/action/ComputePathToPose.action
[6.225s] -- Up-to-date: /home/dfolse/repos/SPIDER/SPIDER_ws/install/nav2_msgs/share/nav2_msgs/action/FollowPath.action
[6.225s] -- Up-to-date: /home/dfolse/repos/SPIDER/SPIDER_ws/install/nav2_msgs/share/nav2_msgs/action/NavigateToPose.action
[6.225s] -- Up-to-date: /home/dfolse/repos/SPIDER/SPIDER_ws/install/nav2_msgs/share/nav2_msgs/action/Wait.action
[6.225s] -- Up-to-date: /home/dfolse/repos/SPIDER/SPIDER_ws/install/nav2_msgs/share/nav2_msgs/action/Spin.action
[6.225s] -- Up-to-date: /home/dfolse/repos/SPIDER/SPIDER_ws/install/nav2_msgs/share/nav2_msgs/action/DummyRecovery.action
[6.225s] -- Up-to-date: /home/dfolse/repos/SPIDER/SPIDER_ws/install/nav2_msgs/share/nav2_msgs/action/FollowWaypoints.action
[6.226s] -- Up-to-date: /home/dfolse/repos/SPIDER/SPIDER_ws/install/nav2_msgs/share/ament_index/resource_index/package_run_dependencies/nav2_msgs
[6.226s] -- Up-to-date: /home/dfolse/repos/SPIDER/SPIDER_ws/install/nav2_msgs/share/ament_index/resource_index/parent_prefix_path/nav2_msgs
[6.226s] -- Up-to-date: /home/dfolse/repos/SPIDER/SPIDER_ws/install/nav2_msgs/share/nav2_msgs/environment/ament_prefix_path.sh
[6.226s] -- Up-to-date: /home/dfolse/repos/SPIDER/SPIDER_ws/install/nav2_msgs/share/nav2_msgs/environment/ament_prefix_path.dsv
[6.227s] -- Up-to-date: /home/dfolse/repos/SPIDER/SPIDER_ws/install/nav2_msgs/share/nav2_msgs/environment/path.sh
[6.227s] -- Up-to-date: /home/dfolse/repos/SPIDER/SPIDER_ws/install/nav2_msgs/share/nav2_msgs/environment/path.dsv
[6.227s] -- Up-to-date: /home/dfolse/repos/SPIDER/SPIDER_ws/install/nav2_msgs/share/nav2_msgs/local_setup.bash
[6.227s] -- Up-to-date: /home/dfolse/repos/SPIDER/SPIDER_ws/install/nav2_msgs/share/nav2_msgs/local_setup.sh
[6.228s] -- Up-to-date: /home/dfolse/repos/SPIDER/SPIDER_ws/install/nav2_msgs/share/nav2_msgs/local_setup.zsh
[6.228s] -- Up-to-date: /home/dfolse/repos/SPIDER/SPIDER_ws/install/nav2_msgs/share/nav2_msgs/local_setup.dsv
[6.228s] -- Installing: /home/dfolse/repos/SPIDER/SPIDER_ws/install/nav2_msgs/share/nav2_msgs/package.dsv
[6.229s] -- Up-to-date: /home/dfolse/repos/SPIDER/SPIDER_ws/install/nav2_msgs/share/ament_index/resource_index/packages/nav2_msgs
[6.232s] -- Up-to-date: /home/dfolse/repos/SPIDER/SPIDER_ws/install/nav2_msgs/share/nav2_msgs/cmake/nav2_msgs__rosidl_generator_cExport.cmake
[6.232s] -- Up-to-date: /home/dfolse/repos/SPIDER/SPIDER_ws/install/nav2_msgs/share/nav2_msgs/cmake/nav2_msgs__rosidl_generator_cExport-release.cmake
[6.233s] -- Up-to-date: /home/dfolse/repos/SPIDER/SPIDER_ws/install/nav2_msgs/share/nav2_msgs/cmake/nav2_msgs__rosidl_typesupport_introspection_cExport.cmake
[6.234s] -- Up-to-date: /home/dfolse/repos/SPIDER/SPIDER_ws/install/nav2_msgs/share/nav2_msgs/cmake/nav2_msgs__rosidl_typesupport_introspection_cExport-release.cmake
[6.234s] -- Up-to-date: /home/dfolse/repos/SPIDER/SPIDER_ws/install/nav2_msgs/share/nav2_msgs/cmake/nav2_msgs__rosidl_typesupport_cExport.cmake
[6.234s] -- Up-to-date: /home/dfolse/repos/SPIDER/SPIDER_ws/install/nav2_msgs/share/nav2_msgs/cmake/nav2_msgs__rosidl_typesupport_cExport-release.cmake
[6.235s] -- Up-to-date: /home/dfolse/repos/SPIDER/SPIDER_ws/install/nav2_msgs/share/nav2_msgs/cmake/nav2_msgs__rosidl_generator_cppExport.cmake
[6.236s] -- Up-to-date: /home/dfolse/repos/SPIDER/SPIDER_ws/install/nav2_msgs/share/nav2_msgs/cmake/nav2_msgs__rosidl_typesupport_introspection_cppExport.cmake
[6.237s] -- Up-to-date: /home/dfolse/repos/SPIDER/SPIDER_ws/install/nav2_msgs/share/nav2_msgs/cmake/nav2_msgs__rosidl_typesupport_introspection_cppExport-release.cmake
[6.238s] -- Up-to-date: /home/dfolse/repos/SPIDER/SPIDER_ws/install/nav2_msgs/share/nav2_msgs/cmake/nav2_msgs__rosidl_typesupport_cppExport.cmake
[6.238s] -- Up-to-date: /home/dfolse/repos/SPIDER/SPIDER_ws/install/nav2_msgs/share/nav2_msgs/cmake/nav2_msgs__rosidl_typesupport_cppExport-release.cmake
[6.238s] -- Up-to-date: /home/dfolse/repos/SPIDER/SPIDER_ws/install/nav2_msgs/share/nav2_msgs/cmake/rosidl_cmake-extras.cmake
[6.238s] -- Up-to-date: /home/dfolse/repos/SPIDER/SPIDER_ws/install/nav2_msgs/share/nav2_msgs/cmake/ament_cmake_export_dependencies-extras.cmake
[6.239s] -- Up-to-date: /home/dfolse/repos/SPIDER/SPIDER_ws/install/nav2_msgs/share/nav2_msgs/cmake/ament_cmake_export_libraries-extras.cmake
[6.239s] -- Up-to-date: /home/dfolse/repos/SPIDER/SPIDER_ws/install/nav2_msgs/share/nav2_msgs/cmake/ament_cmake_export_targets-extras.cmake
[6.239s] -- Up-to-date: /home/dfolse/repos/SPIDER/SPIDER_ws/install/nav2_msgs/share/nav2_msgs/cmake/ament_cmake_export_include_directories-extras.cmake
[6.239s] -- Up-to-date: /home/dfolse/repos/SPIDER/SPIDER_ws/install/nav2_msgs/share/nav2_msgs/cmake/rosidl_cmake_export_typesupport_libraries-extras.cmake
[6.239s] -- Up-to-date: /home/dfolse/repos/SPIDER/SPIDER_ws/install/nav2_msgs/share/nav2_msgs/cmake/rosidl_cmake_export_typesupport_targets-extras.cmake
[6.240s] -- Up-to-date: /home/dfolse/repos/SPIDER/SPIDER_ws/install/nav2_msgs/share/nav2_msgs/cmake/nav2_msgsConfig.cmake
[6.240s] -- Up-to-date: /home/dfolse/repos/SPIDER/SPIDER_ws/install/nav2_msgs/share/nav2_msgs/cmake/nav2_msgsConfig-version.cmake
[6.240s] -- Up-to-date: /home/dfolse/repos/SPIDER/SPIDER_ws/install/nav2_msgs/share/nav2_msgs/package.xml
[6.253s] Invoked command in '/home/dfolse/repos/SPIDER/SPIDER_ws/build/nav2_msgs' returned '0': AMENT_PREFIX_PATH=/home/dfolse/repos/SPIDER/SPIDER_ws/install/nav2_common:${AMENT_PREFIX_PATH} CMAKE_PREFIX_PATH=/home/dfolse/repos/SPIDER/SPIDER_ws/install/nav2_common:/opt/ros/foxy NX_CONNECTION=192.168.1.26 63880 192.168.1.53 4000 PYTHONPATH=/home/dfolse/repos/SPIDER/SPIDER_ws/install/nav2_common/lib/python3.8/site-packages:${PYTHONPATH} /usr/bin/cmake --install /home/dfolse/repos/SPIDER/SPIDER_ws/build/nav2_msgs
