[1.533s] Invoking command in '/home/dfolse/repos/SPIDER/SPIDER_ws/build/nav_2d_msgs': CMAKE_PREFIX_PATH=/opt/ros/foxy NX_CONNECTION=192.168.1.26 58481 192.168.1.53 4000 /usr/bin/cmake --build /home/dfolse/repos/SPIDER/SPIDER_ws/build/nav_2d_msgs -- -j6 -l6
[1.707s] [  1%] Built target nav_2d_msgs__cpp
[1.727s] [ 12%] Built target nav_2d_msgs__rosidl_generator_c
[1.840s] [ 23%] Built target nav_2d_msgs__rosidl_typesupport_introspection_cpp
[1.854s] [ 35%] Built target nav_2d_msgs__rosidl_typesupport_cpp
[1.858s] [ 46%] Built target nav_2d_msgs__rosidl_typesupport_fastrtps_cpp
[1.886s] [ 57%] Built target nav_2d_msgs__rosidl_typesupport_c
[1.890s] [ 69%] Built target nav_2d_msgs__rosidl_typesupport_introspection_c
[1.990s] [ 80%] Built target nav_2d_msgs__rosidl_typesupport_fastrtps_c
[2.063s] [ 80%] Built target nav_2d_msgs
[2.134s] [ 81%] Built target nav_2d_msgs__py
[2.228s] [ 91%] Built target nav_2d_msgs__python
[2.363s] [ 94%] Built target nav_2d_msgs__rosidl_typesupport_introspection_c__pyext
[2.369s] [ 97%] Built target nav_2d_msgs__rosidl_typesupport_fastrtps_c__pyext
[2.380s] [100%] Built target nav_2d_msgs__rosidl_typesupport_c__pyext
[2.634s] Invoked command in '/home/dfolse/repos/SPIDER/SPIDER_ws/build/nav_2d_msgs' returned '0': CMAKE_PREFIX_PATH=/opt/ros/foxy NX_CONNECTION=192.168.1.26 58481 192.168.1.53 4000 /usr/bin/cmake --build /home/dfolse/repos/SPIDER/SPIDER_ws/build/nav_2d_msgs -- -j6 -l6
[4.080s] Invoking command in '/home/dfolse/repos/SPIDER/SPIDER_ws/build/nav_2d_msgs': CMAKE_PREFIX_PATH=/opt/ros/foxy NX_CONNECTION=192.168.1.26 58481 192.168.1.53 4000 /usr/bin/cmake --install /home/dfolse/repos/SPIDER/SPIDER_ws/build/nav_2d_msgs
[4.112s] -- Install configuration: ""
[4.112s] -- Up-to-date: /home/dfolse/repos/SPIDER/SPIDER_ws/install/nav_2d_msgs/share/ament_index/resource_index/rosidl_interfaces/nav_2d_msgs
[4.112s] -- Up-to-date: /home/dfolse/repos/SPIDER/SPIDER_ws/install/nav_2d_msgs/include/nav_2d_msgs
[4.113s] -- Up-to-date: /home/dfolse/repos/SPIDER/SPIDER_ws/install/nav_2d_msgs/include/nav_2d_msgs/msg
[4.113s] -- Up-to-date: /home/dfolse/repos/SPIDER/SPIDER_ws/install/nav_2d_msgs/include/nav_2d_msgs/msg/twist2_d.h
[4.113s] -- Up-to-date: /home/dfolse/repos/SPIDER/SPIDER_ws/install/nav_2d_msgs/include/nav_2d_msgs/msg/path2_d.h
[4.113s] -- Up-to-date: /home/dfolse/repos/SPIDER/SPIDER_ws/install/nav_2d_msgs/include/nav_2d_msgs/msg/twist2_d32.h
[4.113s] -- Up-to-date: /home/dfolse/repos/SPIDER/SPIDER_ws/install/nav_2d_msgs/include/nav_2d_msgs/msg/twist2_d_stamped.h
[4.113s] -- Up-to-date: /home/dfolse/repos/SPIDER/SPIDER_ws/install/nav_2d_msgs/include/nav_2d_msgs/msg/detail
[4.113s] -- Up-to-date: /home/dfolse/repos/SPIDER/SPIDER_ws/install/nav_2d_msgs/include/nav_2d_msgs/msg/detail/twist2_d__functions.h
[4.114s] -- Up-to-date: /home/dfolse/repos/SPIDER/SPIDER_ws/install/nav_2d_msgs/include/nav_2d_msgs/msg/detail/twist2_d_stamped__type_support.h
[4.114s] -- Up-to-date: /home/dfolse/repos/SPIDER/SPIDER_ws/install/nav_2d_msgs/include/nav_2d_msgs/msg/detail/twist2_d32__functions.c
[4.114s] -- Up-to-date: /home/dfolse/repos/SPIDER/SPIDER_ws/install/nav_2d_msgs/include/nav_2d_msgs/msg/detail/pose2_d32__functions.h
[4.114s] -- Up-to-date: /home/dfolse/repos/SPIDER/SPIDER_ws/install/nav_2d_msgs/include/nav_2d_msgs/msg/detail/pose2_d_stamped__struct.h
[4.114s] -- Up-to-date: /home/dfolse/repos/SPIDER/SPIDER_ws/install/nav_2d_msgs/include/nav_2d_msgs/msg/detail/path2_d__type_support.h
[4.114s] -- Up-to-date: /home/dfolse/repos/SPIDER/SPIDER_ws/install/nav_2d_msgs/include/nav_2d_msgs/msg/detail/twist2_d__functions.c
[4.114s] -- Up-to-date: /home/dfolse/repos/SPIDER/SPIDER_ws/install/nav_2d_msgs/include/nav_2d_msgs/msg/detail/path2_d__functions.h
[4.115s] -- Up-to-date: /home/dfolse/repos/SPIDER/SPIDER_ws/install/nav_2d_msgs/include/nav_2d_msgs/msg/detail/path2_d__struct.h
[4.116s] -- Up-to-date: /home/dfolse/repos/SPIDER/SPIDER_ws/install/nav_2d_msgs/include/nav_2d_msgs/msg/detail/twist2_d32__type_support.h
[4.116s] -- Up-to-date: /home/dfolse/repos/SPIDER/SPIDER_ws/install/nav_2d_msgs/include/nav_2d_msgs/msg/detail/pose2_d32__type_support.h
[4.116s] -- Up-to-date: /home/dfolse/repos/SPIDER/SPIDER_ws/install/nav_2d_msgs/include/nav_2d_msgs/msg/detail/pose2_d32__functions.c
[4.116s] -- Up-to-date: /home/dfolse/repos/SPIDER/SPIDER_ws/install/nav_2d_msgs/include/nav_2d_msgs/msg/detail/twist2_d32__functions.h
[4.116s] -- Up-to-date: /home/dfolse/repos/SPIDER/SPIDER_ws/install/nav_2d_msgs/include/nav_2d_msgs/msg/detail/twist2_d32__struct.h
[4.116s] -- Up-to-date: /home/dfolse/repos/SPIDER/SPIDER_ws/install/nav_2d_msgs/include/nav_2d_msgs/msg/detail/pose2_d_stamped__type_support.h
[4.117s] -- Up-to-date: /home/dfolse/repos/SPIDER/SPIDER_ws/install/nav_2d_msgs/include/nav_2d_msgs/msg/detail/twist2_d__type_support.h
[4.117s] -- Up-to-date: /home/dfolse/repos/SPIDER/SPIDER_ws/install/nav_2d_msgs/include/nav_2d_msgs/msg/detail/pose2_d_stamped__functions.h
[4.117s] -- Up-to-date: /home/dfolse/repos/SPIDER/SPIDER_ws/install/nav_2d_msgs/include/nav_2d_msgs/msg/detail/path2_d__functions.c
[4.117s] -- Up-to-date: /home/dfolse/repos/SPIDER/SPIDER_ws/install/nav_2d_msgs/include/nav_2d_msgs/msg/detail/twist2_d_stamped__functions.c
[4.118s] -- Up-to-date: /home/dfolse/repos/SPIDER/SPIDER_ws/install/nav_2d_msgs/include/nav_2d_msgs/msg/detail/twist2_d_stamped__struct.h
[4.118s] -- Up-to-date: /home/dfolse/repos/SPIDER/SPIDER_ws/install/nav_2d_msgs/include/nav_2d_msgs/msg/detail/pose2_d_stamped__functions.c
[4.118s] -- Up-to-date: /home/dfolse/repos/SPIDER/SPIDER_ws/install/nav_2d_msgs/include/nav_2d_msgs/msg/detail/twist2_d__struct.h
[4.118s] -- Up-to-date: /home/dfolse/repos/SPIDER/SPIDER_ws/install/nav_2d_msgs/include/nav_2d_msgs/msg/detail/twist2_d_stamped__functions.h
[4.119s] -- Up-to-date: /home/dfolse/repos/SPIDER/SPIDER_ws/install/nav_2d_msgs/include/nav_2d_msgs/msg/detail/pose2_d32__struct.h
[4.119s] -- Up-to-date: /home/dfolse/repos/SPIDER/SPIDER_ws/install/nav_2d_msgs/include/nav_2d_msgs/msg/pose2_d32.h
[4.119s] -- Up-to-date: /home/dfolse/repos/SPIDER/SPIDER_ws/install/nav_2d_msgs/include/nav_2d_msgs/msg/pose2_d_stamped.h
[4.119s] -- Up-to-date: /home/dfolse/repos/SPIDER/SPIDER_ws/install/nav_2d_msgs/include/nav_2d_msgs/msg/rosidl_generator_c__visibility_control.h
[4.120s] -- Up-to-date: /home/dfolse/repos/SPIDER/SPIDER_ws/install/nav_2d_msgs/share/nav_2d_msgs/environment/library_path.sh
[4.120s] -- Up-to-date: /home/dfolse/repos/SPIDER/SPIDER_ws/install/nav_2d_msgs/share/nav_2d_msgs/environment/library_path.dsv
[4.120s] -- Up-to-date: /home/dfolse/repos/SPIDER/SPIDER_ws/install/nav_2d_msgs/lib/libnav_2d_msgs__rosidl_generator_c.so
[4.120s] -- Up-to-date: /home/dfolse/repos/SPIDER/SPIDER_ws/install/nav_2d_msgs/include/nav_2d_msgs
[4.120s] -- Up-to-date: /home/dfolse/repos/SPIDER/SPIDER_ws/install/nav_2d_msgs/include/nav_2d_msgs/msg
[4.120s] -- Up-to-date: /home/dfolse/repos/SPIDER/SPIDER_ws/install/nav_2d_msgs/include/nav_2d_msgs/msg/rosidl_typesupport_fastrtps_c__visibility_control.h
[4.121s] -- Up-to-date: /home/dfolse/repos/SPIDER/SPIDER_ws/install/nav_2d_msgs/include/nav_2d_msgs/msg/detail
[4.121s] -- Up-to-date: /home/dfolse/repos/SPIDER/SPIDER_ws/install/nav_2d_msgs/include/nav_2d_msgs/msg/detail/twist2_d_stamped__rosidl_typesupport_fastrtps_c.h
[4.121s] -- Up-to-date: /home/dfolse/repos/SPIDER/SPIDER_ws/install/nav_2d_msgs/include/nav_2d_msgs/msg/detail/twist2_d32__rosidl_typesupport_fastrtps_c.h
[4.121s] -- Up-to-date: /home/dfolse/repos/SPIDER/SPIDER_ws/install/nav_2d_msgs/include/nav_2d_msgs/msg/detail/pose2_d32__rosidl_typesupport_fastrtps_c.h
[4.121s] -- Up-to-date: /home/dfolse/repos/SPIDER/SPIDER_ws/install/nav_2d_msgs/include/nav_2d_msgs/msg/detail/pose2_d_stamped__rosidl_typesupport_fastrtps_c.h
[4.121s] -- Up-to-date: /home/dfolse/repos/SPIDER/SPIDER_ws/install/nav_2d_msgs/include/nav_2d_msgs/msg/detail/path2_d__rosidl_typesupport_fastrtps_c.h
[4.121s] -- Up-to-date: /home/dfolse/repos/SPIDER/SPIDER_ws/install/nav_2d_msgs/include/nav_2d_msgs/msg/detail/twist2_d__rosidl_typesupport_fastrtps_c.h
[4.122s] -- Up-to-date: /home/dfolse/repos/SPIDER/SPIDER_ws/install/nav_2d_msgs/lib/libnav_2d_msgs__rosidl_typesupport_fastrtps_c.so
[4.122s] -- Up-to-date: /home/dfolse/repos/SPIDER/SPIDER_ws/install/nav_2d_msgs/include/nav_2d_msgs
[4.122s] -- Up-to-date: /home/dfolse/repos/SPIDER/SPIDER_ws/install/nav_2d_msgs/include/nav_2d_msgs/msg
[4.124s] -- Up-to-date: /home/dfolse/repos/SPIDER/SPIDER_ws/install/nav_2d_msgs/include/nav_2d_msgs/msg/detail
[4.125s] -- Up-to-date: /home/dfolse/repos/SPIDER/SPIDER_ws/install/nav_2d_msgs/include/nav_2d_msgs/msg/detail/path2_d__rosidl_typesupport_fastrtps_cpp.hpp
[4.127s] -- Up-to-date: /home/dfolse/repos/SPIDER/SPIDER_ws/install/nav_2d_msgs/include/nav_2d_msgs/msg/detail/pose2_d_stamped__rosidl_typesupport_fastrtps_cpp.hpp
[4.128s] -- Up-to-date: /home/dfolse/repos/SPIDER/SPIDER_ws/install/nav_2d_msgs/include/nav_2d_msgs/msg/detail/twist2_d_stamped__rosidl_typesupport_fastrtps_cpp.hpp
[4.130s] -- Up-to-date: /home/dfolse/repos/SPIDER/SPIDER_ws/install/nav_2d_msgs/include/nav_2d_msgs/msg/detail/twist2_d__rosidl_typesupport_fastrtps_cpp.hpp
[4.130s] -- Up-to-date: /home/dfolse/repos/SPIDER/SPIDER_ws/install/nav_2d_msgs/include/nav_2d_msgs/msg/detail/dds_fastrtps
[4.131s] -- Up-to-date: /home/dfolse/repos/SPIDER/SPIDER_ws/install/nav_2d_msgs/include/nav_2d_msgs/msg/detail/twist2_d32__rosidl_typesupport_fastrtps_cpp.hpp
[4.132s] -- Up-to-date: /home/dfolse/repos/SPIDER/SPIDER_ws/install/nav_2d_msgs/include/nav_2d_msgs/msg/detail/pose2_d32__rosidl_typesupport_fastrtps_cpp.hpp
[4.132s] -- Up-to-date: /home/dfolse/repos/SPIDER/SPIDER_ws/install/nav_2d_msgs/include/nav_2d_msgs/msg/rosidl_typesupport_fastrtps_cpp__visibility_control.h
[4.132s] -- Up-to-date: /home/dfolse/repos/SPIDER/SPIDER_ws/install/nav_2d_msgs/lib/libnav_2d_msgs__rosidl_typesupport_fastrtps_cpp.so
[4.132s] -- Up-to-date: /home/dfolse/repos/SPIDER/SPIDER_ws/install/nav_2d_msgs/include/nav_2d_msgs
[4.132s] -- Up-to-date: /home/dfolse/repos/SPIDER/SPIDER_ws/install/nav_2d_msgs/include/nav_2d_msgs/msg
[4.133s] -- Up-to-date: /home/dfolse/repos/SPIDER/SPIDER_ws/install/nav_2d_msgs/include/nav_2d_msgs/msg/detail
[4.133s] -- Up-to-date: /home/dfolse/repos/SPIDER/SPIDER_ws/install/nav_2d_msgs/include/nav_2d_msgs/msg/detail/twist2_d32__type_support.c
[4.133s] -- Up-to-date: /home/dfolse/repos/SPIDER/SPIDER_ws/install/nav_2d_msgs/include/nav_2d_msgs/msg/detail/pose2_d_stamped__type_support.c
[4.133s] -- Up-to-date: /home/dfolse/repos/SPIDER/SPIDER_ws/install/nav_2d_msgs/include/nav_2d_msgs/msg/detail/twist2_d_stamped__rosidl_typesupport_introspection_c.h
[4.133s] -- Up-to-date: /home/dfolse/repos/SPIDER/SPIDER_ws/install/nav_2d_msgs/include/nav_2d_msgs/msg/detail/path2_d__type_support.c
[4.133s] -- Up-to-date: /home/dfolse/repos/SPIDER/SPIDER_ws/install/nav_2d_msgs/include/nav_2d_msgs/msg/detail/path2_d__rosidl_typesupport_introspection_c.h
[4.133s] -- Up-to-date: /home/dfolse/repos/SPIDER/SPIDER_ws/install/nav_2d_msgs/include/nav_2d_msgs/msg/detail/twist2_d__rosidl_typesupport_introspection_c.h
[4.133s] -- Up-to-date: /home/dfolse/repos/SPIDER/SPIDER_ws/install/nav_2d_msgs/include/nav_2d_msgs/msg/detail/pose2_d_stamped__rosidl_typesupport_introspection_c.h
[4.134s] -- Up-to-date: /home/dfolse/repos/SPIDER/SPIDER_ws/install/nav_2d_msgs/include/nav_2d_msgs/msg/detail/pose2_d32__type_support.c
[4.134s] -- Up-to-date: /home/dfolse/repos/SPIDER/SPIDER_ws/install/nav_2d_msgs/include/nav_2d_msgs/msg/detail/twist2_d32__rosidl_typesupport_introspection_c.h
[4.134s] -- Up-to-date: /home/dfolse/repos/SPIDER/SPIDER_ws/install/nav_2d_msgs/include/nav_2d_msgs/msg/detail/pose2_d32__rosidl_typesupport_introspection_c.h
[4.134s] -- Up-to-date: /home/dfolse/repos/SPIDER/SPIDER_ws/install/nav_2d_msgs/include/nav_2d_msgs/msg/detail/twist2_d_stamped__type_support.c
[4.134s] -- Up-to-date: /home/dfolse/repos/SPIDER/SPIDER_ws/install/nav_2d_msgs/include/nav_2d_msgs/msg/detail/twist2_d__type_support.c
[4.134s] -- Up-to-date: /home/dfolse/repos/SPIDER/SPIDER_ws/install/nav_2d_msgs/include/nav_2d_msgs/msg/rosidl_typesupport_introspection_c__visibility_control.h
[4.134s] -- Up-to-date: /home/dfolse/repos/SPIDER/SPIDER_ws/install/nav_2d_msgs/lib/libnav_2d_msgs__rosidl_typesupport_introspection_c.so
[4.135s] -- Up-to-date: /home/dfolse/repos/SPIDER/SPIDER_ws/install/nav_2d_msgs/lib/libnav_2d_msgs__rosidl_typesupport_c.so
[4.135s] -- Up-to-date: /home/dfolse/repos/SPIDER/SPIDER_ws/install/nav_2d_msgs/include/nav_2d_msgs
[4.135s] -- Up-to-date: /home/dfolse/repos/SPIDER/SPIDER_ws/install/nav_2d_msgs/include/nav_2d_msgs/msg
[4.135s] -- Up-to-date: /home/dfolse/repos/SPIDER/SPIDER_ws/install/nav_2d_msgs/include/nav_2d_msgs/msg/twist2_d.hpp
[4.135s] -- Up-to-date: /home/dfolse/repos/SPIDER/SPIDER_ws/install/nav_2d_msgs/include/nav_2d_msgs/msg/twist2_d32.hpp
[4.135s] -- Up-to-date: /home/dfolse/repos/SPIDER/SPIDER_ws/install/nav_2d_msgs/include/nav_2d_msgs/msg/path2_d.hpp
[4.135s] -- Up-to-date: /home/dfolse/repos/SPIDER/SPIDER_ws/install/nav_2d_msgs/include/nav_2d_msgs/msg/rosidl_generator_cpp__visibility_control.hpp
[4.135s] -- Up-to-date: /home/dfolse/repos/SPIDER/SPIDER_ws/install/nav_2d_msgs/include/nav_2d_msgs/msg/detail
[4.136s] -- Up-to-date: /home/dfolse/repos/SPIDER/SPIDER_ws/install/nav_2d_msgs/include/nav_2d_msgs/msg/detail/twist2_d_stamped__struct.hpp
[4.136s] -- Up-to-date: /home/dfolse/repos/SPIDER/SPIDER_ws/install/nav_2d_msgs/include/nav_2d_msgs/msg/detail/twist2_d32__struct.hpp
[4.136s] -- Up-to-date: /home/dfolse/repos/SPIDER/SPIDER_ws/install/nav_2d_msgs/include/nav_2d_msgs/msg/detail/path2_d__traits.hpp
[4.136s] -- Up-to-date: /home/dfolse/repos/SPIDER/SPIDER_ws/install/nav_2d_msgs/include/nav_2d_msgs/msg/detail/twist2_d32__type_support.hpp
[4.136s] -- Up-to-date: /home/dfolse/repos/SPIDER/SPIDER_ws/install/nav_2d_msgs/include/nav_2d_msgs/msg/detail/twist2_d_stamped__builder.hpp
[4.136s] -- Up-to-date: /home/dfolse/repos/SPIDER/SPIDER_ws/install/nav_2d_msgs/include/nav_2d_msgs/msg/detail/pose2_d32__builder.hpp
[4.136s] -- Up-to-date: /home/dfolse/repos/SPIDER/SPIDER_ws/install/nav_2d_msgs/include/nav_2d_msgs/msg/detail/twist2_d_stamped__traits.hpp
[4.137s] -- Up-to-date: /home/dfolse/repos/SPIDER/SPIDER_ws/install/nav_2d_msgs/include/nav_2d_msgs/msg/detail/path2_d__builder.hpp
[4.137s] -- Up-to-date: /home/dfolse/repos/SPIDER/SPIDER_ws/install/nav_2d_msgs/include/nav_2d_msgs/msg/detail/twist2_d__traits.hpp
[4.137s] -- Up-to-date: /home/dfolse/repos/SPIDER/SPIDER_ws/install/nav_2d_msgs/include/nav_2d_msgs/msg/detail/twist2_d32__traits.hpp
[4.137s] -- Up-to-date: /home/dfolse/repos/SPIDER/SPIDER_ws/install/nav_2d_msgs/include/nav_2d_msgs/msg/detail/twist2_d32__builder.hpp
[4.137s] -- Up-to-date: /home/dfolse/repos/SPIDER/SPIDER_ws/install/nav_2d_msgs/include/nav_2d_msgs/msg/detail/path2_d__struct.hpp
[4.137s] -- Up-to-date: /home/dfolse/repos/SPIDER/SPIDER_ws/install/nav_2d_msgs/include/nav_2d_msgs/msg/detail/pose2_d_stamped__struct.hpp
[4.138s] -- Up-to-date: /home/dfolse/repos/SPIDER/SPIDER_ws/install/nav_2d_msgs/include/nav_2d_msgs/msg/detail/twist2_d__builder.hpp
[4.139s] -- Up-to-date: /home/dfolse/repos/SPIDER/SPIDER_ws/install/nav_2d_msgs/include/nav_2d_msgs/msg/detail/pose2_d32__traits.hpp
[4.141s] -- Up-to-date: /home/dfolse/repos/SPIDER/SPIDER_ws/install/nav_2d_msgs/include/nav_2d_msgs/msg/detail/pose2_d_stamped__builder.hpp
[4.141s] -- Up-to-date: /home/dfolse/repos/SPIDER/SPIDER_ws/install/nav_2d_msgs/include/nav_2d_msgs/msg/detail/pose2_d_stamped__type_support.hpp
[4.142s] -- Up-to-date: /home/dfolse/repos/SPIDER/SPIDER_ws/install/nav_2d_msgs/include/nav_2d_msgs/msg/detail/twist2_d_stamped__type_support.hpp
[4.143s] -- Up-to-date: /home/dfolse/repos/SPIDER/SPIDER_ws/install/nav_2d_msgs/include/nav_2d_msgs/msg/detail/path2_d__type_support.hpp
[4.144s] -- Up-to-date: /home/dfolse/repos/SPIDER/SPIDER_ws/install/nav_2d_msgs/include/nav_2d_msgs/msg/detail/twist2_d__struct.hpp
[4.145s] -- Up-to-date: /home/dfolse/repos/SPIDER/SPIDER_ws/install/nav_2d_msgs/include/nav_2d_msgs/msg/detail/pose2_d_stamped__traits.hpp
[4.146s] -- Up-to-date: /home/dfolse/repos/SPIDER/SPIDER_ws/install/nav_2d_msgs/include/nav_2d_msgs/msg/detail/pose2_d32__struct.hpp
[4.151s] -- Up-to-date: /home/dfolse/repos/SPIDER/SPIDER_ws/install/nav_2d_msgs/include/nav_2d_msgs/msg/detail/pose2_d32__type_support.hpp
[4.151s] -- Up-to-date: /home/dfolse/repos/SPIDER/SPIDER_ws/install/nav_2d_msgs/include/nav_2d_msgs/msg/detail/twist2_d__type_support.hpp
[4.153s] -- Up-to-date: /home/dfolse/repos/SPIDER/SPIDER_ws/install/nav_2d_msgs/include/nav_2d_msgs/msg/twist2_d_stamped.hpp
[4.154s] -- Up-to-date: /home/dfolse/repos/SPIDER/SPIDER_ws/install/nav_2d_msgs/include/nav_2d_msgs/msg/pose2_d_stamped.hpp
[4.155s] -- Up-to-date: /home/dfolse/repos/SPIDER/SPIDER_ws/install/nav_2d_msgs/include/nav_2d_msgs/msg/pose2_d32.hpp
[4.156s] -- Up-to-date: /home/dfolse/repos/SPIDER/SPIDER_ws/install/nav_2d_msgs/include/nav_2d_msgs
[4.157s] -- Up-to-date: /home/dfolse/repos/SPIDER/SPIDER_ws/install/nav_2d_msgs/include/nav_2d_msgs/msg
[4.157s] -- Up-to-date: /home/dfolse/repos/SPIDER/SPIDER_ws/install/nav_2d_msgs/include/nav_2d_msgs/msg/detail
[4.158s] -- Up-to-date: /home/dfolse/repos/SPIDER/SPIDER_ws/install/nav_2d_msgs/include/nav_2d_msgs/msg/detail/twist2_d__rosidl_typesupport_introspection_cpp.hpp
[4.164s] -- Up-to-date: /home/dfolse/repos/SPIDER/SPIDER_ws/install/nav_2d_msgs/include/nav_2d_msgs/msg/detail/twist2_d__type_support.cpp
[4.168s] -- Up-to-date: /home/dfolse/repos/SPIDER/SPIDER_ws/install/nav_2d_msgs/include/nav_2d_msgs/msg/detail/twist2_d_stamped__type_support.cpp
[4.169s] -- Up-to-date: /home/dfolse/repos/SPIDER/SPIDER_ws/install/nav_2d_msgs/include/nav_2d_msgs/msg/detail/twist2_d32__type_support.cpp
[4.170s] -- Up-to-date: /home/dfolse/repos/SPIDER/SPIDER_ws/install/nav_2d_msgs/include/nav_2d_msgs/msg/detail/pose2_d32__type_support.cpp
[4.171s] -- Up-to-date: /home/dfolse/repos/SPIDER/SPIDER_ws/install/nav_2d_msgs/include/nav_2d_msgs/msg/detail/pose2_d32__rosidl_typesupport_introspection_cpp.hpp
[4.172s] -- Up-to-date: /home/dfolse/repos/SPIDER/SPIDER_ws/install/nav_2d_msgs/include/nav_2d_msgs/msg/detail/path2_d__rosidl_typesupport_introspection_cpp.hpp
[4.172s] -- Up-to-date: /home/dfolse/repos/SPIDER/SPIDER_ws/install/nav_2d_msgs/include/nav_2d_msgs/msg/detail/twist2_d_stamped__rosidl_typesupport_introspection_cpp.hpp
[4.173s] -- Up-to-date: /home/dfolse/repos/SPIDER/SPIDER_ws/install/nav_2d_msgs/include/nav_2d_msgs/msg/detail/pose2_d_stamped__type_support.cpp
[4.174s] -- Up-to-date: /home/dfolse/repos/SPIDER/SPIDER_ws/install/nav_2d_msgs/include/nav_2d_msgs/msg/detail/pose2_d_stamped__rosidl_typesupport_introspection_cpp.hpp
[4.175s] -- Up-to-date: /home/dfolse/repos/SPIDER/SPIDER_ws/install/nav_2d_msgs/include/nav_2d_msgs/msg/detail/twist2_d32__rosidl_typesupport_introspection_cpp.hpp
[4.177s] -- Up-to-date: /home/dfolse/repos/SPIDER/SPIDER_ws/install/nav_2d_msgs/include/nav_2d_msgs/msg/detail/path2_d__type_support.cpp
[4.178s] -- Up-to-date: /home/dfolse/repos/SPIDER/SPIDER_ws/install/nav_2d_msgs/lib/libnav_2d_msgs__rosidl_typesupport_introspection_cpp.so
[4.178s] -- Up-to-date: /home/dfolse/repos/SPIDER/SPIDER_ws/install/nav_2d_msgs/lib/libnav_2d_msgs__rosidl_typesupport_cpp.so
[4.178s] -- Up-to-date: /home/dfolse/repos/SPIDER/SPIDER_ws/install/nav_2d_msgs/share/nav_2d_msgs/environment/pythonpath.sh
[4.178s] -- Up-to-date: /home/dfolse/repos/SPIDER/SPIDER_ws/install/nav_2d_msgs/share/nav_2d_msgs/environment/pythonpath.dsv
[4.179s] -- Up-to-date: /home/dfolse/repos/SPIDER/SPIDER_ws/install/nav_2d_msgs/lib/python3.8/site-packages/nav_2d_msgs/__init__.py
[4.392s] -- Up-to-date: /home/dfolse/repos/SPIDER/SPIDER_ws/install/nav_2d_msgs/lib/python3.8/site-packages/nav_2d_msgs/msg
[4.392s] -- Up-to-date: /home/dfolse/repos/SPIDER/SPIDER_ws/install/nav_2d_msgs/lib/python3.8/site-packages/nav_2d_msgs/msg/_twist2_d_stamped_s.c
[4.394s] -- Up-to-date: /home/dfolse/repos/SPIDER/SPIDER_ws/install/nav_2d_msgs/lib/python3.8/site-packages/nav_2d_msgs/msg/_twist2_d32.py
[4.394s] -- Up-to-date: /home/dfolse/repos/SPIDER/SPIDER_ws/install/nav_2d_msgs/lib/python3.8/site-packages/nav_2d_msgs/msg/_pose2_d32_s.c
[4.394s] -- Up-to-date: /home/dfolse/repos/SPIDER/SPIDER_ws/install/nav_2d_msgs/lib/python3.8/site-packages/nav_2d_msgs/msg/_twist2_d_stamped.py
[4.396s] -- Up-to-date: /home/dfolse/repos/SPIDER/SPIDER_ws/install/nav_2d_msgs/lib/python3.8/site-packages/nav_2d_msgs/msg/_twist2_d32_s.c
[4.397s] -- Up-to-date: /home/dfolse/repos/SPIDER/SPIDER_ws/install/nav_2d_msgs/lib/python3.8/site-packages/nav_2d_msgs/msg/_pose2_d32.py
[4.397s] -- Up-to-date: /home/dfolse/repos/SPIDER/SPIDER_ws/install/nav_2d_msgs/lib/python3.8/site-packages/nav_2d_msgs/msg/_path2_d.py
[4.400s] -- Up-to-date: /home/dfolse/repos/SPIDER/SPIDER_ws/install/nav_2d_msgs/lib/python3.8/site-packages/nav_2d_msgs/msg/_twist2_d_s.c
[4.400s] -- Up-to-date: /home/dfolse/repos/SPIDER/SPIDER_ws/install/nav_2d_msgs/lib/python3.8/site-packages/nav_2d_msgs/msg/_pose2_d_stamped.py
[4.401s] -- Up-to-date: /home/dfolse/repos/SPIDER/SPIDER_ws/install/nav_2d_msgs/lib/python3.8/site-packages/nav_2d_msgs/msg/_pose2_d_stamped_s.c
[4.401s] -- Up-to-date: /home/dfolse/repos/SPIDER/SPIDER_ws/install/nav_2d_msgs/lib/python3.8/site-packages/nav_2d_msgs/msg/_path2_d_s.c
[4.401s] -- Up-to-date: /home/dfolse/repos/SPIDER/SPIDER_ws/install/nav_2d_msgs/lib/python3.8/site-packages/nav_2d_msgs/msg/__init__.py
[4.401s] -- Up-to-date: /home/dfolse/repos/SPIDER/SPIDER_ws/install/nav_2d_msgs/lib/python3.8/site-packages/nav_2d_msgs/msg/_twist2_d.py
[4.401s] -- Up-to-date: /home/dfolse/repos/SPIDER/SPIDER_ws/install/nav_2d_msgs/lib/python3.8/site-packages/nav_2d_msgs/nav_2d_msgs_s__rosidl_typesupport_fastrtps_c.cpython-38-aarch64-linux-gnu.so
[4.402s] -- Up-to-date: /home/dfolse/repos/SPIDER/SPIDER_ws/install/nav_2d_msgs/lib/python3.8/site-packages/nav_2d_msgs/nav_2d_msgs_s__rosidl_typesupport_introspection_c.cpython-38-aarch64-linux-gnu.so
[4.402s] -- Up-to-date: /home/dfolse/repos/SPIDER/SPIDER_ws/install/nav_2d_msgs/lib/python3.8/site-packages/nav_2d_msgs/nav_2d_msgs_s__rosidl_typesupport_c.cpython-38-aarch64-linux-gnu.so
[4.403s] -- Up-to-date: /home/dfolse/repos/SPIDER/SPIDER_ws/install/nav_2d_msgs/lib/libnav_2d_msgs__python.so
[4.403s] -- Up-to-date: /home/dfolse/repos/SPIDER/SPIDER_ws/install/nav_2d_msgs/share/nav_2d_msgs/msg/Path2D.idl
[4.404s] -- Up-to-date: /home/dfolse/repos/SPIDER/SPIDER_ws/install/nav_2d_msgs/share/nav_2d_msgs/msg/Pose2D32.idl
[4.404s] -- Up-to-date: /home/dfolse/repos/SPIDER/SPIDER_ws/install/nav_2d_msgs/share/nav_2d_msgs/msg/Pose2DStamped.idl
[4.404s] -- Up-to-date: /home/dfolse/repos/SPIDER/SPIDER_ws/install/nav_2d_msgs/share/nav_2d_msgs/msg/Twist2D.idl
[4.405s] -- Up-to-date: /home/dfolse/repos/SPIDER/SPIDER_ws/install/nav_2d_msgs/share/nav_2d_msgs/msg/Twist2D32.idl
[4.405s] -- Up-to-date: /home/dfolse/repos/SPIDER/SPIDER_ws/install/nav_2d_msgs/share/nav_2d_msgs/msg/Twist2DStamped.idl
[4.405s] -- Up-to-date: /home/dfolse/repos/SPIDER/SPIDER_ws/install/nav_2d_msgs/share/nav_2d_msgs/msg/Path2D.msg
[4.405s] -- Up-to-date: /home/dfolse/repos/SPIDER/SPIDER_ws/install/nav_2d_msgs/share/nav_2d_msgs/msg/Pose2D32.msg
[4.405s] -- Up-to-date: /home/dfolse/repos/SPIDER/SPIDER_ws/install/nav_2d_msgs/share/nav_2d_msgs/msg/Pose2DStamped.msg
[4.405s] -- Up-to-date: /home/dfolse/repos/SPIDER/SPIDER_ws/install/nav_2d_msgs/share/nav_2d_msgs/msg/Twist2D.msg
[4.406s] -- Up-to-date: /home/dfolse/repos/SPIDER/SPIDER_ws/install/nav_2d_msgs/share/nav_2d_msgs/msg/Twist2D32.msg
[4.406s] -- Up-to-date: /home/dfolse/repos/SPIDER/SPIDER_ws/install/nav_2d_msgs/share/nav_2d_msgs/msg/Twist2DStamped.msg
[4.406s] -- Up-to-date: /home/dfolse/repos/SPIDER/SPIDER_ws/install/nav_2d_msgs/share/ament_index/resource_index/package_run_dependencies/nav_2d_msgs
[4.406s] -- Up-to-date: /home/dfolse/repos/SPIDER/SPIDER_ws/install/nav_2d_msgs/share/ament_index/resource_index/parent_prefix_path/nav_2d_msgs
[4.406s] -- Up-to-date: /home/dfolse/repos/SPIDER/SPIDER_ws/install/nav_2d_msgs/share/nav_2d_msgs/environment/ament_prefix_path.sh
[4.407s] -- Up-to-date: /home/dfolse/repos/SPIDER/SPIDER_ws/install/nav_2d_msgs/share/nav_2d_msgs/environment/ament_prefix_path.dsv
[4.407s] -- Up-to-date: /home/dfolse/repos/SPIDER/SPIDER_ws/install/nav_2d_msgs/share/nav_2d_msgs/environment/path.sh
[4.407s] -- Up-to-date: /home/dfolse/repos/SPIDER/SPIDER_ws/install/nav_2d_msgs/share/nav_2d_msgs/environment/path.dsv
[4.407s] -- Up-to-date: /home/dfolse/repos/SPIDER/SPIDER_ws/install/nav_2d_msgs/share/nav_2d_msgs/local_setup.bash
[4.407s] -- Up-to-date: /home/dfolse/repos/SPIDER/SPIDER_ws/install/nav_2d_msgs/share/nav_2d_msgs/local_setup.sh
[4.407s] -- Up-to-date: /home/dfolse/repos/SPIDER/SPIDER_ws/install/nav_2d_msgs/share/nav_2d_msgs/local_setup.zsh
[4.407s] -- Up-to-date: /home/dfolse/repos/SPIDER/SPIDER_ws/install/nav_2d_msgs/share/nav_2d_msgs/local_setup.dsv
[4.408s] -- Installing: /home/dfolse/repos/SPIDER/SPIDER_ws/install/nav_2d_msgs/share/nav_2d_msgs/package.dsv
[4.408s] -- Up-to-date: /home/dfolse/repos/SPIDER/SPIDER_ws/install/nav_2d_msgs/share/ament_index/resource_index/packages/nav_2d_msgs
[4.412s] -- Up-to-date: /home/dfolse/repos/SPIDER/SPIDER_ws/install/nav_2d_msgs/share/nav_2d_msgs/cmake/nav_2d_msgs__rosidl_generator_cExport.cmake
[4.413s] -- Up-to-date: /home/dfolse/repos/SPIDER/SPIDER_ws/install/nav_2d_msgs/share/nav_2d_msgs/cmake/nav_2d_msgs__rosidl_generator_cExport-noconfig.cmake
[4.415s] -- Up-to-date: /home/dfolse/repos/SPIDER/SPIDER_ws/install/nav_2d_msgs/share/nav_2d_msgs/cmake/nav_2d_msgs__rosidl_typesupport_introspection_cExport.cmake
[4.415s] -- Up-to-date: /home/dfolse/repos/SPIDER/SPIDER_ws/install/nav_2d_msgs/share/nav_2d_msgs/cmake/nav_2d_msgs__rosidl_typesupport_introspection_cExport-noconfig.cmake
[4.415s] -- Up-to-date: /home/dfolse/repos/SPIDER/SPIDER_ws/install/nav_2d_msgs/share/nav_2d_msgs/cmake/nav_2d_msgs__rosidl_typesupport_cExport.cmake
[4.415s] -- Up-to-date: /home/dfolse/repos/SPIDER/SPIDER_ws/install/nav_2d_msgs/share/nav_2d_msgs/cmake/nav_2d_msgs__rosidl_typesupport_cExport-noconfig.cmake
[4.415s] -- Up-to-date: /home/dfolse/repos/SPIDER/SPIDER_ws/install/nav_2d_msgs/share/nav_2d_msgs/cmake/nav_2d_msgs__rosidl_generator_cppExport.cmake
[4.416s] -- Up-to-date: /home/dfolse/repos/SPIDER/SPIDER_ws/install/nav_2d_msgs/share/nav_2d_msgs/cmake/nav_2d_msgs__rosidl_typesupport_introspection_cppExport.cmake
[4.416s] -- Up-to-date: /home/dfolse/repos/SPIDER/SPIDER_ws/install/nav_2d_msgs/share/nav_2d_msgs/cmake/nav_2d_msgs__rosidl_typesupport_introspection_cppExport-noconfig.cmake
[4.416s] -- Up-to-date: /home/dfolse/repos/SPIDER/SPIDER_ws/install/nav_2d_msgs/share/nav_2d_msgs/cmake/nav_2d_msgs__rosidl_typesupport_cppExport.cmake
[4.417s] -- Up-to-date: /home/dfolse/repos/SPIDER/SPIDER_ws/install/nav_2d_msgs/share/nav_2d_msgs/cmake/nav_2d_msgs__rosidl_typesupport_cppExport-noconfig.cmake
[4.417s] -- Up-to-date: /home/dfolse/repos/SPIDER/SPIDER_ws/install/nav_2d_msgs/share/nav_2d_msgs/cmake/rosidl_cmake-extras.cmake
[4.417s] -- Up-to-date: /home/dfolse/repos/SPIDER/SPIDER_ws/install/nav_2d_msgs/share/nav_2d_msgs/cmake/ament_cmake_export_dependencies-extras.cmake
[4.417s] -- Up-to-date: /home/dfolse/repos/SPIDER/SPIDER_ws/install/nav_2d_msgs/share/nav_2d_msgs/cmake/ament_cmake_export_libraries-extras.cmake
[4.417s] -- Up-to-date: /home/dfolse/repos/SPIDER/SPIDER_ws/install/nav_2d_msgs/share/nav_2d_msgs/cmake/ament_cmake_export_targets-extras.cmake
[4.417s] -- Up-to-date: /home/dfolse/repos/SPIDER/SPIDER_ws/install/nav_2d_msgs/share/nav_2d_msgs/cmake/ament_cmake_export_include_directories-extras.cmake
[4.418s] -- Up-to-date: /home/dfolse/repos/SPIDER/SPIDER_ws/install/nav_2d_msgs/share/nav_2d_msgs/cmake/rosidl_cmake_export_typesupport_libraries-extras.cmake
[4.418s] -- Up-to-date: /home/dfolse/repos/SPIDER/SPIDER_ws/install/nav_2d_msgs/share/nav_2d_msgs/cmake/rosidl_cmake_export_typesupport_targets-extras.cmake
[4.418s] -- Up-to-date: /home/dfolse/repos/SPIDER/SPIDER_ws/install/nav_2d_msgs/share/nav_2d_msgs/cmake/nav_2d_msgsConfig.cmake
[4.418s] -- Up-to-date: /home/dfolse/repos/SPIDER/SPIDER_ws/install/nav_2d_msgs/share/nav_2d_msgs/cmake/nav_2d_msgsConfig-version.cmake
[4.418s] -- Up-to-date: /home/dfolse/repos/SPIDER/SPIDER_ws/install/nav_2d_msgs/share/nav_2d_msgs/package.xml
[5.016s] Invoked command in '/home/dfolse/repos/SPIDER/SPIDER_ws/build/nav_2d_msgs' returned '0': CMAKE_PREFIX_PATH=/opt/ros/foxy NX_CONNECTION=192.168.1.26 58481 192.168.1.53 4000 /usr/bin/cmake --install /home/dfolse/repos/SPIDER/SPIDER_ws/build/nav_2d_msgs
