[0.136s] Invoking command in '/home/dfolse/repos/SPIDER/SPIDER_ws/build/nav2_amcl': AMENT_PREFIX_PATH=/home/dfolse/repos/SPIDER/SPIDER_ws/install/nav2_util:/home/dfolse/repos/SPIDER/SPIDER_ws/install/nav2_msgs:/home/dfolse/repos/SPIDER/SPIDER_ws/install/nav2_common:${AMENT_PREFIX_PATH} CMAKE_PREFIX_PATH=/home/dfolse/repos/SPIDER/SPIDER_ws/install/nav2_util:/home/dfolse/repos/SPIDER/SPIDER_ws/install/nav2_msgs:/home/dfolse/repos/SPIDER/SPIDER_ws/install/nav2_common:/opt/ros/foxy LD_LIBRARY_PATH=/home/dfolse/repos/SPIDER/SPIDER_ws/install/nav2_util/lib:/home/dfolse/repos/SPIDER/SPIDER_ws/install/nav2_msgs/lib:${LD_LIBRARY_PATH} NX_CONNECTION=192.168.1.26 63880 192.168.1.53 4000 PYTHONPATH=/home/dfolse/repos/SPIDER/SPIDER_ws/install/nav2_msgs/lib/python3.8/site-packages:/home/dfolse/repos/SPIDER/SPIDER_ws/install/nav2_common/lib/python3.8/site-packages:${PYTHONPATH} /usr/bin/cmake /home/dfolse/repos/SPIDER/SPIDER_ws/src/navigation2/nav2_amcl -DCMAKE_INSTALL_PREFIX=/home/dfolse/repos/SPIDER/SPIDER_ws/install/nav2_amcl
[0.382s] -- The C compiler identification is GNU 9.4.0
[0.551s] -- The CXX compiler identification is GNU 9.4.0
[0.569s] -- Check for working C compiler: /usr/bin/cc
[0.853s] -- Check for working C compiler: /usr/bin/cc -- works
[0.855s] -- Detecting C compiler ABI info
[1.157s] -- Detecting C compiler ABI info - done
[1.178s] -- Detecting C compile features
[1.180s] -- Detecting C compile features - done
[1.187s] -- Check for working CXX compiler: /usr/bin/c++
[1.463s] -- Check for working CXX compiler: /usr/bin/c++ -- works
[1.466s] -- Detecting CXX compiler ABI info
[1.768s] -- Detecting CXX compiler ABI info - done
[1.789s] -- Detecting CXX compile features
[1.796s] -- Detecting CXX compile features - done
[1.803s] -- Found ament_cmake: 0.9.12 (/opt/ros/foxy/share/ament_cmake/cmake)
[2.197s] -- Found PythonInterp: /home/dfolse/.pyenv/shims/python3 (found suitable version "3.8.10", minimum required is "3") 
[2.197s] -- Using PYTHON_EXECUTABLE: /home/dfolse/.pyenv/shims/python3
[3.071s] -- Found nav2_common: 0.4.7 (/home/dfolse/repos/SPIDER/SPIDER_ws/install/nav2_common/share/nav2_common/cmake)
[3.076s] -- Found rclcpp: 2.4.3 (/opt/ros/foxy/share/rclcpp/cmake)
[3.256s] -- Using all available rosidl_typesupport_c: rosidl_typesupport_fastrtps_c;rosidl_typesupport_introspection_c
[3.281s] -- Found rosidl_adapter: 1.3.1 (/opt/ros/foxy/share/rosidl_adapter/cmake)
[3.603s] -- Found OpenSSL: /usr/lib/aarch64-linux-gnu/libcrypto.so (found version "1.1.1f")  
[3.693s] -- Found FastRTPS: /opt/ros/foxy/include  
[3.924s] -- Using all available rosidl_typesupport_cpp: rosidl_typesupport_fastrtps_cpp;rosidl_typesupport_introspection_cpp
[4.053s] -- Found rmw_implementation_cmake: 1.0.4 (/opt/ros/foxy/share/rmw_implementation_cmake/cmake)
[4.056s] -- Using RMW implementation 'rmw_fastrtps_cpp' as default
[4.073s] -- Looking for pthread.h
[4.411s] -- Looking for pthread.h - found
[4.412s] -- Performing Test CMAKE_HAVE_LIBC_PTHREAD
[4.773s] -- Performing Test CMAKE_HAVE_LIBC_PTHREAD - Failed
[4.774s] -- Looking for pthread_create in pthreads
[5.002s] -- Looking for pthread_create in pthreads - not found
[5.003s] -- Looking for pthread_create in pthread
[5.249s] -- Looking for pthread_create in pthread - found
[5.251s] -- Found Threads: TRUE  
[5.609s] -- Found rclcpp_lifecycle: 2.4.3 (/opt/ros/foxy/share/rclcpp_lifecycle/cmake)
[5.685s] -- Found message_filters: 3.2.7 (/opt/ros/foxy/share/message_filters/cmake)
[5.695s] -- Found tf2_geometry_msgs: 0.13.14 (/opt/ros/foxy/share/tf2_geometry_msgs/cmake)
[5.795s] -- Found eigen3_cmake_module: 0.1.1 (/opt/ros/foxy/share/eigen3_cmake_module/cmake)
[5.813s] -- Found Eigen3: TRUE (found version "3.3.7") 
[6.895s] -- Found nav_msgs: 2.0.5 (/opt/ros/foxy/share/nav_msgs/cmake)
[7.036s] -- Found sensor_msgs: 2.0.5 (/opt/ros/foxy/share/sensor_msgs/cmake)
[7.206s] -- Found std_srvs: 2.0.5 (/opt/ros/foxy/share/std_srvs/cmake)
[7.247s] -- Found nav2_util: 0.4.7 (/home/dfolse/repos/SPIDER/SPIDER_ws/install/nav2_util/share/nav2_util/cmake)
[8.109s] -- Setting build type to Release as none was specified.
[8.115s] -- Looking for drand48
[8.490s] -- Looking for drand48 - found
[10.280s] -- Found ament_lint_auto: 0.9.8 (/opt/ros/foxy/share/ament_lint_auto/cmake)
[11.004s] -- Added test 'cppcheck' to perform static code analysis on C / C++ code
[11.004s] -- Configured cppcheck include dirs: /home/dfolse/repos/SPIDER/SPIDER_ws/src/navigation2/nav2_amcl/include;/home/dfolse/repos/SPIDER/SPIDER_ws/src/navigation2/nav2_amcl/src/include
[11.005s] -- Configured cppcheck exclude dirs and/or files: 
[11.007s] -- Added test 'lint_cmake' to check CMake code style
[11.013s] -- Added test 'uncrustify' to check C / C++ code style
[11.014s] -- Configured uncrustify additional arguments: 
[11.016s] -- Added test 'xmllint' to check XML markup files
[11.033s] -- Configuring done
[11.326s] -- Generating done
[11.332s] -- Build files have been written to: /home/dfolse/repos/SPIDER/SPIDER_ws/build/nav2_amcl
[11.371s] Invoked command in '/home/dfolse/repos/SPIDER/SPIDER_ws/build/nav2_amcl' returned '0': AMENT_PREFIX_PATH=/home/dfolse/repos/SPIDER/SPIDER_ws/install/nav2_util:/home/dfolse/repos/SPIDER/SPIDER_ws/install/nav2_msgs:/home/dfolse/repos/SPIDER/SPIDER_ws/install/nav2_common:${AMENT_PREFIX_PATH} CMAKE_PREFIX_PATH=/home/dfolse/repos/SPIDER/SPIDER_ws/install/nav2_util:/home/dfolse/repos/SPIDER/SPIDER_ws/install/nav2_msgs:/home/dfolse/repos/SPIDER/SPIDER_ws/install/nav2_common:/opt/ros/foxy LD_LIBRARY_PATH=/home/dfolse/repos/SPIDER/SPIDER_ws/install/nav2_util/lib:/home/dfolse/repos/SPIDER/SPIDER_ws/install/nav2_msgs/lib:${LD_LIBRARY_PATH} NX_CONNECTION=192.168.1.26 63880 192.168.1.53 4000 PYTHONPATH=/home/dfolse/repos/SPIDER/SPIDER_ws/install/nav2_msgs/lib/python3.8/site-packages:/home/dfolse/repos/SPIDER/SPIDER_ws/install/nav2_common/lib/python3.8/site-packages:${PYTHONPATH} /usr/bin/cmake /home/dfolse/repos/SPIDER/SPIDER_ws/src/navigation2/nav2_amcl -DCMAKE_INSTALL_PREFIX=/home/dfolse/repos/SPIDER/SPIDER_ws/install/nav2_amcl
[11.381s] Invoking command in '/home/dfolse/repos/SPIDER/SPIDER_ws/build/nav2_amcl': AMENT_PREFIX_PATH=/home/dfolse/repos/SPIDER/SPIDER_ws/install/nav2_util:/home/dfolse/repos/SPIDER/SPIDER_ws/install/nav2_msgs:/home/dfolse/repos/SPIDER/SPIDER_ws/install/nav2_common:${AMENT_PREFIX_PATH} CMAKE_PREFIX_PATH=/home/dfolse/repos/SPIDER/SPIDER_ws/install/nav2_util:/home/dfolse/repos/SPIDER/SPIDER_ws/install/nav2_msgs:/home/dfolse/repos/SPIDER/SPIDER_ws/install/nav2_common:/opt/ros/foxy LD_LIBRARY_PATH=/home/dfolse/repos/SPIDER/SPIDER_ws/install/nav2_util/lib:/home/dfolse/repos/SPIDER/SPIDER_ws/install/nav2_msgs/lib:${LD_LIBRARY_PATH} NX_CONNECTION=192.168.1.26 63880 192.168.1.53 4000 PYTHONPATH=/home/dfolse/repos/SPIDER/SPIDER_ws/install/nav2_msgs/lib/python3.8/site-packages:/home/dfolse/repos/SPIDER/SPIDER_ws/install/nav2_common/lib/python3.8/site-packages:${PYTHONPATH} /usr/bin/cmake --build /home/dfolse/repos/SPIDER/SPIDER_ws/build/nav2_amcl
[28.868s] [35m[1mScanning dependencies of target pf_lib[0m
[28.874s] [  3%] [32mBuilding C object src/pf/CMakeFiles/pf_lib.dir/pf.c.o[0m
[28.874s] [  7%] [32mBuilding C object src/pf/CMakeFiles/pf_lib.dir/pf_kdtree.c.o[0m
[28.874s] [ 11%] [32mBuilding C object src/pf/CMakeFiles/pf_lib.dir/pf_pdf.c.o[0m
[28.874s] [ 15%] [32mBuilding C object src/pf/CMakeFiles/pf_lib.dir/pf_vector.c.o[0m
[28.874s] [ 19%] [32mBuilding C object src/pf/CMakeFiles/pf_lib.dir/eig3.c.o[0m
[28.875s] [ 23%] [32mBuilding C object src/pf/CMakeFiles/pf_lib.dir/pf_draw.c.o[0m
[28.875s] [ 26%] [32m[1mLinking C shared library libpf_lib.so[0m
[28.875s] [ 26%] Built target pf_lib
[28.875s] [35m[1mScanning dependencies of target map_lib[0m
[28.875s] [ 30%] [32mBuilding C object src/map/CMakeFiles/map_lib.dir/map.c.o[0m
[28.875s] [ 34%] [32mBuilding C object src/map/CMakeFiles/map_lib.dir/map_store.c.o[0m
[28.875s] [ 38%] [32mBuilding C object src/map/CMakeFiles/map_lib.dir/map_range.c.o[0m
[28.876s] [ 42%] [32mBuilding C object src/map/CMakeFiles/map_lib.dir/map_draw.c.o[0m
[28.876s] [ 46%] [32mBuilding CXX object src/map/CMakeFiles/map_lib.dir/map_cspace.cpp.o[0m
[28.876s] [ 50%] [32m[1mLinking CXX shared library libmap_lib.so[0m
[28.876s] [ 50%] Built target map_lib
[28.876s] [35m[1mScanning dependencies of target motions_lib[0m
[28.876s] [ 53%] [32mBuilding CXX object src/motion_model/CMakeFiles/motions_lib.dir/omni_motion_model.cpp.o[0m
[28.876s] [ 57%] [32mBuilding CXX object src/motion_model/CMakeFiles/motions_lib.dir/differential_motion_model.cpp.o[0m
[28.877s] [ 61%] [32mBuilding CXX object src/motion_model/CMakeFiles/motions_lib.dir/motion_model.cpp.o[0m
[28.877s] [ 65%] [32m[1mLinking CXX shared library libmotions_lib.so[0m
[28.877s] [ 65%] Built target motions_lib
[28.877s] [35m[1mScanning dependencies of target sensors_lib[0m
[28.877s] [ 69%] [32mBuilding CXX object src/sensors/CMakeFiles/sensors_lib.dir/laser/laser.cpp.o[0m
[28.877s] [ 73%] [32mBuilding CXX object src/sensors/CMakeFiles/sensors_lib.dir/laser/beam_model.cpp.o[0m
[28.877s] [ 76%] [32mBuilding CXX object src/sensors/CMakeFiles/sensors_lib.dir/laser/likelihood_field_model.cpp.o[0m
[28.878s] [ 80%] [32mBuilding CXX object src/sensors/CMakeFiles/sensors_lib.dir/laser/likelihood_field_model_prob.cpp.o[0m
[28.878s] [ 84%] [32m[1mLinking CXX shared library libsensors_lib.so[0m
[28.878s] [ 84%] Built target sensors_lib
[28.878s] [35m[1mScanning dependencies of target amcl_core[0m
[28.878s] [ 88%] [32mBuilding CXX object CMakeFiles/amcl_core.dir/src/amcl_node.cpp.o[0m
[88.320s] [ 92%] [32m[1mLinking CXX shared library libamcl_core.so[0m
[89.428s] [ 92%] Built target amcl_core
[89.531s] [35m[1mScanning dependencies of target amcl[0m
[89.717s] [ 96%] [32mBuilding CXX object CMakeFiles/amcl.dir/src/main.cpp.o[0m
[96.778s] [100%] [32m[1mLinking CXX executable amcl[0m
[97.370s] [100%] Built target amcl
