[0.462s] DEBUG:colcon:Command line arguments: ['/usr/bin/colcon', 'build']
[0.462s] DEBUG:colcon:Parsed command line arguments: Namespace(allow_overriding=[], ament_cmake_args=None, base_paths=['.'], build_base='build', catkin_cmake_args=None, catkin_skip_building_tests=False, cmake_args=None, cmake_clean_cache=False, cmake_clean_first=False, cmake_force_configure=False, cmake_target=None, cmake_target_skip_unavailable=False, continue_on_error=False, event_handlers=None, executor='parallel', ignore_user_meta=False, install_base='install', log_base=None, log_level=None, main=<bound method BuildVerb.main of <colcon_core.verb.build.BuildVerb object at 0xffff8484e5b0>>, merge_install=False, metas=['./colcon.meta'], packages_above=None, packages_above_and_dependencies=None, packages_above_depth=None, packages_end=None, packages_ignore=None, packages_ignore_regex=None, packages_select=None, packages_select_build_failed=False, packages_select_by_dep=None, packages_select_regex=None, packages_select_test_failures=False, packages_skip=None, packages_skip_build_finished=False, packages_skip_by_dep=None, packages_skip_regex=None, packages_skip_test_passed=False, packages_skip_up_to=None, packages_start=None, packages_up_to=None, packages_up_to_regex=None, parallel_workers=6, paths=None, symlink_install=False, test_result_base=None, verb_extension=<colcon_core.verb.build.BuildVerb object at 0xffff8484e5b0>, verb_name='build', verb_parser=<colcon_defaults.argument_parser.defaults.DefaultArgumentsDecorator object at 0xffff8484eac0>)
[0.875s] Level 1:colcon.colcon_core.package_discovery:discover_packages(colcon_meta) check parameters
[0.876s] Level 1:colcon.colcon_core.package_discovery:discover_packages(recursive) check parameters
[0.876s] Level 1:colcon.colcon_core.package_discovery:discover_packages(ignore) check parameters
[0.876s] Level 1:colcon.colcon_core.package_discovery:discover_packages(path) check parameters
[0.876s] Level 1:colcon.colcon_core.package_discovery:discover_packages(colcon_meta) discover
[0.876s] Level 1:colcon.colcon_core.package_discovery:discover_packages(recursive) discover
[0.876s] INFO:colcon.colcon_core.package_discovery:Crawling recursively for packages in '/home/dfolse/repos/SPIDER/SPIDER_ws'
[0.877s] Level 1:colcon.colcon_core.package_identification:_identify(.) by extensions ['ignore', 'ignore_ament_install']
[0.877s] Level 1:colcon.colcon_core.package_identification:_identify(.) by extension 'ignore'
[0.877s] Level 1:colcon.colcon_core.package_identification:_identify(.) by extension 'ignore_ament_install'
[0.877s] Level 1:colcon.colcon_core.package_identification:_identify(.) by extensions ['colcon_pkg']
[0.877s] Level 1:colcon.colcon_core.package_identification:_identify(.) by extension 'colcon_pkg'
[0.877s] Level 1:colcon.colcon_core.package_identification:_identify(.) by extensions ['colcon_meta']
[0.877s] Level 1:colcon.colcon_core.package_identification:_identify(.) by extension 'colcon_meta'
[0.878s] Level 1:colcon.colcon_core.package_identification:_identify(.) by extensions ['ros']
[0.878s] Level 1:colcon.colcon_core.package_identification:_identify(.) by extension 'ros'
[0.929s] Level 1:colcon.colcon_core.package_identification:_identify(.) by extensions ['cmake', 'python']
[0.929s] Level 1:colcon.colcon_core.package_identification:_identify(.) by extension 'cmake'
[0.929s] Level 1:colcon.colcon_core.package_identification:_identify(.) by extension 'python'
[0.929s] Level 1:colcon.colcon_core.package_identification:_identify(.) by extensions ['python_setup_py']
[0.929s] Level 1:colcon.colcon_core.package_identification:_identify(.) by extension 'python_setup_py'
[0.930s] Level 1:colcon.colcon_core.package_identification:_identify(build) by extensions ['ignore', 'ignore_ament_install']
[0.931s] Level 1:colcon.colcon_core.package_identification:_identify(build) by extension 'ignore'
[0.931s] Level 1:colcon.colcon_core.package_identification:_identify(build) ignored
[0.931s] Level 1:colcon.colcon_core.package_identification:_identify(config) by extensions ['ignore', 'ignore_ament_install']
[0.932s] Level 1:colcon.colcon_core.package_identification:_identify(config) by extension 'ignore'
[0.932s] Level 1:colcon.colcon_core.package_identification:_identify(config) by extension 'ignore_ament_install'
[0.932s] Level 1:colcon.colcon_core.package_identification:_identify(config) by extensions ['colcon_pkg']
[0.932s] Level 1:colcon.colcon_core.package_identification:_identify(config) by extension 'colcon_pkg'
[0.932s] Level 1:colcon.colcon_core.package_identification:_identify(config) by extensions ['colcon_meta']
[0.932s] Level 1:colcon.colcon_core.package_identification:_identify(config) by extension 'colcon_meta'
[0.932s] Level 1:colcon.colcon_core.package_identification:_identify(config) by extensions ['ros']
[0.932s] Level 1:colcon.colcon_core.package_identification:_identify(config) by extension 'ros'
[0.933s] Level 1:colcon.colcon_core.package_identification:_identify(config) by extensions ['cmake', 'python']
[0.933s] Level 1:colcon.colcon_core.package_identification:_identify(config) by extension 'cmake'
[0.933s] Level 1:colcon.colcon_core.package_identification:_identify(config) by extension 'python'
[0.933s] Level 1:colcon.colcon_core.package_identification:_identify(config) by extensions ['python_setup_py']
[0.933s] Level 1:colcon.colcon_core.package_identification:_identify(config) by extension 'python_setup_py'
[0.933s] Level 1:colcon.colcon_core.package_identification:_identify(install) by extensions ['ignore', 'ignore_ament_install']
[0.934s] Level 1:colcon.colcon_core.package_identification:_identify(install) by extension 'ignore'
[0.934s] Level 1:colcon.colcon_core.package_identification:_identify(install) ignored
[0.934s] Level 1:colcon.colcon_core.package_identification:_identify(log) by extensions ['ignore', 'ignore_ament_install']
[0.935s] Level 1:colcon.colcon_core.package_identification:_identify(log) by extension 'ignore'
[0.935s] Level 1:colcon.colcon_core.package_identification:_identify(log) ignored
[0.935s] Level 1:colcon.colcon_core.package_identification:_identify(src) by extensions ['ignore', 'ignore_ament_install']
[0.935s] Level 1:colcon.colcon_core.package_identification:_identify(src) by extension 'ignore'
[0.935s] Level 1:colcon.colcon_core.package_identification:_identify(src) by extension 'ignore_ament_install'
[0.935s] Level 1:colcon.colcon_core.package_identification:_identify(src) by extensions ['colcon_pkg']
[0.935s] Level 1:colcon.colcon_core.package_identification:_identify(src) by extension 'colcon_pkg'
[0.935s] Level 1:colcon.colcon_core.package_identification:_identify(src) by extensions ['colcon_meta']
[0.936s] Level 1:colcon.colcon_core.package_identification:_identify(src) by extension 'colcon_meta'
[0.936s] Level 1:colcon.colcon_core.package_identification:_identify(src) by extensions ['ros']
[0.936s] Level 1:colcon.colcon_core.package_identification:_identify(src) by extension 'ros'
[0.936s] Level 1:colcon.colcon_core.package_identification:_identify(src) by extensions ['cmake', 'python']
[0.936s] Level 1:colcon.colcon_core.package_identification:_identify(src) by extension 'cmake'
[0.936s] Level 1:colcon.colcon_core.package_identification:_identify(src) by extension 'python'
[0.936s] Level 1:colcon.colcon_core.package_identification:_identify(src) by extensions ['python_setup_py']
[0.936s] Level 1:colcon.colcon_core.package_identification:_identify(src) by extension 'python_setup_py'
[0.937s] Level 1:colcon.colcon_core.package_identification:_identify(src/data_transfer) by extensions ['ignore', 'ignore_ament_install']
[0.937s] Level 1:colcon.colcon_core.package_identification:_identify(src/data_transfer) by extension 'ignore'
[0.937s] Level 1:colcon.colcon_core.package_identification:_identify(src/data_transfer) by extension 'ignore_ament_install'
[0.937s] Level 1:colcon.colcon_core.package_identification:_identify(src/data_transfer) by extensions ['colcon_pkg']
[0.937s] Level 1:colcon.colcon_core.package_identification:_identify(src/data_transfer) by extension 'colcon_pkg'
[0.937s] Level 1:colcon.colcon_core.package_identification:_identify(src/data_transfer) by extensions ['colcon_meta']
[0.937s] Level 1:colcon.colcon_core.package_identification:_identify(src/data_transfer) by extension 'colcon_meta'
[0.937s] Level 1:colcon.colcon_core.package_identification:_identify(src/data_transfer) by extensions ['ros']
[0.937s] Level 1:colcon.colcon_core.package_identification:_identify(src/data_transfer) by extension 'ros'
[0.944s] DEBUG:colcon.colcon_core.package_identification:Package 'src/data_transfer' with type 'ros.ament_python' and name 'data_transfer'
[0.945s] Level 1:colcon.colcon_core.package_identification:_identify(src/locomotion) by extensions ['ignore', 'ignore_ament_install']
[0.945s] Level 1:colcon.colcon_core.package_identification:_identify(src/locomotion) by extension 'ignore'
[0.945s] Level 1:colcon.colcon_core.package_identification:_identify(src/locomotion) by extension 'ignore_ament_install'
[0.946s] Level 1:colcon.colcon_core.package_identification:_identify(src/locomotion) by extensions ['colcon_pkg']
[0.946s] Level 1:colcon.colcon_core.package_identification:_identify(src/locomotion) by extension 'colcon_pkg'
[0.946s] Level 1:colcon.colcon_core.package_identification:_identify(src/locomotion) by extensions ['colcon_meta']
[0.946s] Level 1:colcon.colcon_core.package_identification:_identify(src/locomotion) by extension 'colcon_meta'
[0.946s] Level 1:colcon.colcon_core.package_identification:_identify(src/locomotion) by extensions ['ros']
[0.946s] Level 1:colcon.colcon_core.package_identification:_identify(src/locomotion) by extension 'ros'
[0.948s] DEBUG:colcon.colcon_core.package_identification:Package 'src/locomotion' with type 'ros.ament_python' and name 'locomotion'
[0.948s] Level 1:colcon.colcon_core.package_identification:_identify(src/oak_d_lite) by extensions ['ignore', 'ignore_ament_install']
[0.948s] Level 1:colcon.colcon_core.package_identification:_identify(src/oak_d_lite) by extension 'ignore'
[0.949s] Level 1:colcon.colcon_core.package_identification:_identify(src/oak_d_lite) by extension 'ignore_ament_install'
[0.949s] Level 1:colcon.colcon_core.package_identification:_identify(src/oak_d_lite) by extensions ['colcon_pkg']
[0.949s] Level 1:colcon.colcon_core.package_identification:_identify(src/oak_d_lite) by extension 'colcon_pkg'
[0.949s] Level 1:colcon.colcon_core.package_identification:_identify(src/oak_d_lite) by extensions ['colcon_meta']
[0.949s] Level 1:colcon.colcon_core.package_identification:_identify(src/oak_d_lite) by extension 'colcon_meta'
[0.949s] Level 1:colcon.colcon_core.package_identification:_identify(src/oak_d_lite) by extensions ['ros']
[0.949s] Level 1:colcon.colcon_core.package_identification:_identify(src/oak_d_lite) by extension 'ros'
[0.952s] DEBUG:colcon.colcon_core.package_identification:Package 'src/oak_d_lite' with type 'ros.ament_python' and name 'oak_d_lite'
[0.952s] Level 1:colcon.colcon_core.package_identification:_identify(src/spider_description) by extensions ['ignore', 'ignore_ament_install']
[0.952s] Level 1:colcon.colcon_core.package_identification:_identify(src/spider_description) by extension 'ignore'
[0.952s] Level 1:colcon.colcon_core.package_identification:_identify(src/spider_description) by extension 'ignore_ament_install'
[0.953s] Level 1:colcon.colcon_core.package_identification:_identify(src/spider_description) by extensions ['colcon_pkg']
[0.953s] Level 1:colcon.colcon_core.package_identification:_identify(src/spider_description) by extension 'colcon_pkg'
[0.953s] Level 1:colcon.colcon_core.package_identification:_identify(src/spider_description) by extensions ['colcon_meta']
[0.953s] Level 1:colcon.colcon_core.package_identification:_identify(src/spider_description) by extension 'colcon_meta'
[0.953s] Level 1:colcon.colcon_core.package_identification:_identify(src/spider_description) by extensions ['ros']
[0.953s] Level 1:colcon.colcon_core.package_identification:_identify(src/spider_description) by extension 'ros'
[0.954s] DEBUG:colcon.colcon_core.package_identification:Package 'src/spider_description' with type 'ros.ament_cmake' and name 'spider_description'
[0.955s] Level 1:colcon.colcon_core.package_identification:_identify(src/spider_interfaces) by extensions ['ignore', 'ignore_ament_install']
[0.955s] Level 1:colcon.colcon_core.package_identification:_identify(src/spider_interfaces) by extension 'ignore'
[0.955s] Level 1:colcon.colcon_core.package_identification:_identify(src/spider_interfaces) by extension 'ignore_ament_install'
[0.955s] Level 1:colcon.colcon_core.package_identification:_identify(src/spider_interfaces) by extensions ['colcon_pkg']
[0.955s] Level 1:colcon.colcon_core.package_identification:_identify(src/spider_interfaces) by extension 'colcon_pkg'
[0.955s] Level 1:colcon.colcon_core.package_identification:_identify(src/spider_interfaces) by extensions ['colcon_meta']
[0.955s] Level 1:colcon.colcon_core.package_identification:_identify(src/spider_interfaces) by extension 'colcon_meta'
[0.955s] Level 1:colcon.colcon_core.package_identification:_identify(src/spider_interfaces) by extensions ['ros']
[0.956s] Level 1:colcon.colcon_core.package_identification:_identify(src/spider_interfaces) by extension 'ros'
[0.957s] DEBUG:colcon.colcon_core.package_identification:Package 'src/spider_interfaces' with type 'ros.ament_cmake' and name 'spider_interfaces'
[0.957s] Level 1:colcon.colcon_core.package_identification:_identify(src/spider_nav) by extensions ['ignore', 'ignore_ament_install']
[0.957s] Level 1:colcon.colcon_core.package_identification:_identify(src/spider_nav) by extension 'ignore'
[0.957s] Level 1:colcon.colcon_core.package_identification:_identify(src/spider_nav) by extension 'ignore_ament_install'
[0.957s] Level 1:colcon.colcon_core.package_identification:_identify(src/spider_nav) by extensions ['colcon_pkg']
[0.957s] Level 1:colcon.colcon_core.package_identification:_identify(src/spider_nav) by extension 'colcon_pkg'
[0.958s] Level 1:colcon.colcon_core.package_identification:_identify(src/spider_nav) by extensions ['colcon_meta']
[0.958s] Level 1:colcon.colcon_core.package_identification:_identify(src/spider_nav) by extension 'colcon_meta'
[0.958s] Level 1:colcon.colcon_core.package_identification:_identify(src/spider_nav) by extensions ['ros']
[0.958s] Level 1:colcon.colcon_core.package_identification:_identify(src/spider_nav) by extension 'ros'
[0.960s] DEBUG:colcon.colcon_core.package_identification:Package 'src/spider_nav' with type 'ros.ament_python' and name 'spider_nav'
[0.960s] Level 1:colcon.colcon_core.package_discovery:discover_packages(recursive) using defaults
[0.960s] Level 1:colcon.colcon_core.package_discovery:discover_packages(ignore) discover
[0.960s] Level 1:colcon.colcon_core.package_discovery:discover_packages(ignore) using defaults
[0.960s] Level 1:colcon.colcon_core.package_discovery:discover_packages(path) discover
[0.960s] Level 1:colcon.colcon_core.package_discovery:discover_packages(path) using defaults
[1.003s] Level 1:colcon.colcon_core.package_discovery:discover_packages(prefix_path) check parameters
[1.003s] Level 1:colcon.colcon_core.package_discovery:discover_packages(prefix_path) discover
[1.008s] DEBUG:colcon.colcon_installed_package_information.package_discovery:Found 7 installed packages in /home/dfolse/repos/SPIDER/SPIDER_ws/install
[1.011s] DEBUG:colcon.colcon_installed_package_information.package_discovery:Found 371 installed packages in /opt/ros/foxy
[1.017s] Level 1:colcon.colcon_core.package_discovery:discover_packages(prefix_path) using defaults
[1.189s] Level 5:colcon.colcon_core.verb:set package 'data_transfer' build argument 'cmake_args' from command line to 'None'
[1.189s] Level 5:colcon.colcon_core.verb:set package 'data_transfer' build argument 'cmake_target' from command line to 'None'
[1.189s] Level 5:colcon.colcon_core.verb:set package 'data_transfer' build argument 'cmake_target_skip_unavailable' from command line to 'False'
[1.189s] Level 5:colcon.colcon_core.verb:set package 'data_transfer' build argument 'cmake_clean_cache' from command line to 'False'
[1.190s] Level 5:colcon.colcon_core.verb:set package 'data_transfer' build argument 'cmake_clean_first' from command line to 'False'
[1.190s] Level 5:colcon.colcon_core.verb:set package 'data_transfer' build argument 'cmake_force_configure' from command line to 'False'
[1.190s] Level 5:colcon.colcon_core.verb:set package 'data_transfer' build argument 'ament_cmake_args' from command line to 'None'
[1.190s] Level 5:colcon.colcon_core.verb:set package 'data_transfer' build argument 'catkin_cmake_args' from command line to 'None'
[1.190s] Level 5:colcon.colcon_core.verb:set package 'data_transfer' build argument 'catkin_skip_building_tests' from command line to 'False'
[1.190s] DEBUG:colcon.colcon_core.verb:Building package 'data_transfer' with the following arguments: {'ament_cmake_args': None, 'build_base': '/home/dfolse/repos/SPIDER/SPIDER_ws/build/data_transfer', 'catkin_cmake_args': None, 'catkin_skip_building_tests': False, 'cmake_args': None, 'cmake_clean_cache': False, 'cmake_clean_first': False, 'cmake_force_configure': False, 'cmake_target': None, 'cmake_target_skip_unavailable': False, 'install_base': '/home/dfolse/repos/SPIDER/SPIDER_ws/install/data_transfer', 'merge_install': False, 'path': '/home/dfolse/repos/SPIDER/SPIDER_ws/src/data_transfer', 'symlink_install': False, 'test_result_base': None}
[1.191s] Level 5:colcon.colcon_core.verb:set package 'oak_d_lite' build argument 'cmake_args' from command line to 'None'
[1.191s] Level 5:colcon.colcon_core.verb:set package 'oak_d_lite' build argument 'cmake_target' from command line to 'None'
[1.191s] Level 5:colcon.colcon_core.verb:set package 'oak_d_lite' build argument 'cmake_target_skip_unavailable' from command line to 'False'
[1.191s] Level 5:colcon.colcon_core.verb:set package 'oak_d_lite' build argument 'cmake_clean_cache' from command line to 'False'
[1.191s] Level 5:colcon.colcon_core.verb:set package 'oak_d_lite' build argument 'cmake_clean_first' from command line to 'False'
[1.191s] Level 5:colcon.colcon_core.verb:set package 'oak_d_lite' build argument 'cmake_force_configure' from command line to 'False'
[1.191s] Level 5:colcon.colcon_core.verb:set package 'oak_d_lite' build argument 'ament_cmake_args' from command line to 'None'
[1.191s] Level 5:colcon.colcon_core.verb:set package 'oak_d_lite' build argument 'catkin_cmake_args' from command line to 'None'
[1.191s] Level 5:colcon.colcon_core.verb:set package 'oak_d_lite' build argument 'catkin_skip_building_tests' from command line to 'False'
[1.192s] DEBUG:colcon.colcon_core.verb:Building package 'oak_d_lite' with the following arguments: {'ament_cmake_args': None, 'build_base': '/home/dfolse/repos/SPIDER/SPIDER_ws/build/oak_d_lite', 'catkin_cmake_args': None, 'catkin_skip_building_tests': False, 'cmake_args': None, 'cmake_clean_cache': False, 'cmake_clean_first': False, 'cmake_force_configure': False, 'cmake_target': None, 'cmake_target_skip_unavailable': False, 'install_base': '/home/dfolse/repos/SPIDER/SPIDER_ws/install/oak_d_lite', 'merge_install': False, 'path': '/home/dfolse/repos/SPIDER/SPIDER_ws/src/oak_d_lite', 'symlink_install': False, 'test_result_base': None}
[1.192s] Level 5:colcon.colcon_core.verb:set package 'spider_description' build argument 'cmake_args' from command line to 'None'
[1.192s] Level 5:colcon.colcon_core.verb:set package 'spider_description' build argument 'cmake_target' from command line to 'None'
[1.193s] Level 5:colcon.colcon_core.verb:set package 'spider_description' build argument 'cmake_target_skip_unavailable' from command line to 'False'
[1.193s] Level 5:colcon.colcon_core.verb:set package 'spider_description' build argument 'cmake_clean_cache' from command line to 'False'
[1.193s] Level 5:colcon.colcon_core.verb:set package 'spider_description' build argument 'cmake_clean_first' from command line to 'False'
[1.193s] Level 5:colcon.colcon_core.verb:set package 'spider_description' build argument 'cmake_force_configure' from command line to 'False'
[1.193s] Level 5:colcon.colcon_core.verb:set package 'spider_description' build argument 'ament_cmake_args' from command line to 'None'
[1.193s] Level 5:colcon.colcon_core.verb:set package 'spider_description' build argument 'catkin_cmake_args' from command line to 'None'
[1.193s] Level 5:colcon.colcon_core.verb:set package 'spider_description' build argument 'catkin_skip_building_tests' from command line to 'False'
[1.193s] DEBUG:colcon.colcon_core.verb:Building package 'spider_description' with the following arguments: {'ament_cmake_args': None, 'build_base': '/home/dfolse/repos/SPIDER/SPIDER_ws/build/spider_description', 'catkin_cmake_args': None, 'catkin_skip_building_tests': False, 'cmake_args': None, 'cmake_clean_cache': False, 'cmake_clean_first': False, 'cmake_force_configure': False, 'cmake_target': None, 'cmake_target_skip_unavailable': False, 'install_base': '/home/dfolse/repos/SPIDER/SPIDER_ws/install/spider_description', 'merge_install': False, 'path': '/home/dfolse/repos/SPIDER/SPIDER_ws/src/spider_description', 'symlink_install': False, 'test_result_base': None}
[1.194s] Level 5:colcon.colcon_core.verb:set package 'spider_interfaces' build argument 'cmake_args' from command line to 'None'
[1.194s] Level 5:colcon.colcon_core.verb:set package 'spider_interfaces' build argument 'cmake_target' from command line to 'None'
[1.194s] Level 5:colcon.colcon_core.verb:set package 'spider_interfaces' build argument 'cmake_target_skip_unavailable' from command line to 'False'
[1.194s] Level 5:colcon.colcon_core.verb:set package 'spider_interfaces' build argument 'cmake_clean_cache' from command line to 'False'
[1.194s] Level 5:colcon.colcon_core.verb:set package 'spider_interfaces' build argument 'cmake_clean_first' from command line to 'False'
[1.194s] Level 5:colcon.colcon_core.verb:set package 'spider_interfaces' build argument 'cmake_force_configure' from command line to 'False'
[1.194s] Level 5:colcon.colcon_core.verb:set package 'spider_interfaces' build argument 'ament_cmake_args' from command line to 'None'
[1.194s] Level 5:colcon.colcon_core.verb:set package 'spider_interfaces' build argument 'catkin_cmake_args' from command line to 'None'
[1.194s] Level 5:colcon.colcon_core.verb:set package 'spider_interfaces' build argument 'catkin_skip_building_tests' from command line to 'False'
[1.194s] DEBUG:colcon.colcon_core.verb:Building package 'spider_interfaces' with the following arguments: {'ament_cmake_args': None, 'build_base': '/home/dfolse/repos/SPIDER/SPIDER_ws/build/spider_interfaces', 'catkin_cmake_args': None, 'catkin_skip_building_tests': False, 'cmake_args': None, 'cmake_clean_cache': False, 'cmake_clean_first': False, 'cmake_force_configure': False, 'cmake_target': None, 'cmake_target_skip_unavailable': False, 'install_base': '/home/dfolse/repos/SPIDER/SPIDER_ws/install/spider_interfaces', 'merge_install': False, 'path': '/home/dfolse/repos/SPIDER/SPIDER_ws/src/spider_interfaces', 'symlink_install': False, 'test_result_base': None}
[1.195s] Level 5:colcon.colcon_core.verb:set package 'spider_nav' build argument 'cmake_args' from command line to 'None'
[1.195s] Level 5:colcon.colcon_core.verb:set package 'spider_nav' build argument 'cmake_target' from command line to 'None'
[1.195s] Level 5:colcon.colcon_core.verb:set package 'spider_nav' build argument 'cmake_target_skip_unavailable' from command line to 'False'
[1.195s] Level 5:colcon.colcon_core.verb:set package 'spider_nav' build argument 'cmake_clean_cache' from command line to 'False'
[1.195s] Level 5:colcon.colcon_core.verb:set package 'spider_nav' build argument 'cmake_clean_first' from command line to 'False'
[1.195s] Level 5:colcon.colcon_core.verb:set package 'spider_nav' build argument 'cmake_force_configure' from command line to 'False'
[1.195s] Level 5:colcon.colcon_core.verb:set package 'spider_nav' build argument 'ament_cmake_args' from command line to 'None'
[1.195s] Level 5:colcon.colcon_core.verb:set package 'spider_nav' build argument 'catkin_cmake_args' from command line to 'None'
[1.195s] Level 5:colcon.colcon_core.verb:set package 'spider_nav' build argument 'catkin_skip_building_tests' from command line to 'False'
[1.195s] DEBUG:colcon.colcon_core.verb:Building package 'spider_nav' with the following arguments: {'ament_cmake_args': None, 'build_base': '/home/dfolse/repos/SPIDER/SPIDER_ws/build/spider_nav', 'catkin_cmake_args': None, 'catkin_skip_building_tests': False, 'cmake_args': None, 'cmake_clean_cache': False, 'cmake_clean_first': False, 'cmake_force_configure': False, 'cmake_target': None, 'cmake_target_skip_unavailable': False, 'install_base': '/home/dfolse/repos/SPIDER/SPIDER_ws/install/spider_nav', 'merge_install': False, 'path': '/home/dfolse/repos/SPIDER/SPIDER_ws/src/spider_nav', 'symlink_install': False, 'test_result_base': None}
[1.196s] Level 5:colcon.colcon_core.verb:set package 'locomotion' build argument 'cmake_args' from command line to 'None'
[1.196s] Level 5:colcon.colcon_core.verb:set package 'locomotion' build argument 'cmake_target' from command line to 'None'
[1.196s] Level 5:colcon.colcon_core.verb:set package 'locomotion' build argument 'cmake_target_skip_unavailable' from command line to 'False'
[1.196s] Level 5:colcon.colcon_core.verb:set package 'locomotion' build argument 'cmake_clean_cache' from command line to 'False'
[1.196s] Level 5:colcon.colcon_core.verb:set package 'locomotion' build argument 'cmake_clean_first' from command line to 'False'
[1.196s] Level 5:colcon.colcon_core.verb:set package 'locomotion' build argument 'cmake_force_configure' from command line to 'False'
[1.196s] Level 5:colcon.colcon_core.verb:set package 'locomotion' build argument 'ament_cmake_args' from command line to 'None'
[1.196s] Level 5:colcon.colcon_core.verb:set package 'locomotion' build argument 'catkin_cmake_args' from command line to 'None'
[1.196s] Level 5:colcon.colcon_core.verb:set package 'locomotion' build argument 'catkin_skip_building_tests' from command line to 'False'
[1.196s] DEBUG:colcon.colcon_core.verb:Building package 'locomotion' with the following arguments: {'ament_cmake_args': None, 'build_base': '/home/dfolse/repos/SPIDER/SPIDER_ws/build/locomotion', 'catkin_cmake_args': None, 'catkin_skip_building_tests': False, 'cmake_args': None, 'cmake_clean_cache': False, 'cmake_clean_first': False, 'cmake_force_configure': False, 'cmake_target': None, 'cmake_target_skip_unavailable': False, 'install_base': '/home/dfolse/repos/SPIDER/SPIDER_ws/install/locomotion', 'merge_install': False, 'path': '/home/dfolse/repos/SPIDER/SPIDER_ws/src/locomotion', 'symlink_install': False, 'test_result_base': None}
[1.197s] INFO:colcon.colcon_core.executor:Executing jobs using 'parallel' executor
[1.202s] DEBUG:colcon.colcon_parallel_executor.executor.parallel:run_until_complete
[1.203s] INFO:colcon.colcon_ros.task.ament_cmake.build:Building ROS package in '/home/dfolse/repos/SPIDER/SPIDER_ws/src/spider_interfaces' with build type 'ament_cmake'
[1.203s] INFO:colcon.colcon_cmake.task.cmake.build:Building CMake package in '/home/dfolse/repos/SPIDER/SPIDER_ws/src/spider_interfaces'
[1.209s] INFO:colcon.colcon_core.plugin_system:Skipping extension 'colcon_core.shell.bat': Not used on non-Windows systems
[1.209s] INFO:colcon.colcon_core.shell:Skip shell extension 'powershell' for command environment: Not usable outside of PowerShell
[1.209s] DEBUG:colcon.colcon_core.shell:Skip shell extension 'dsv' for command environment
[1.226s] INFO:colcon.colcon_ros.task.ament_python.build:Building ROS package in '/home/dfolse/repos/SPIDER/SPIDER_ws/src/data_transfer' with build type 'ament_python'
[1.227s] Level 1:colcon.colcon_core.shell:create_environment_hook('data_transfer', 'ament_prefix_path')
[1.228s] INFO:colcon.colcon_core.shell:Creating environment hook '/home/dfolse/repos/SPIDER/SPIDER_ws/install/data_transfer/share/data_transfer/hook/ament_prefix_path.ps1'
[1.230s] INFO:colcon.colcon_core.shell:Creating environment descriptor '/home/dfolse/repos/SPIDER/SPIDER_ws/install/data_transfer/share/data_transfer/hook/ament_prefix_path.dsv'
[1.231s] INFO:colcon.colcon_core.shell:Creating environment hook '/home/dfolse/repos/SPIDER/SPIDER_ws/install/data_transfer/share/data_transfer/hook/ament_prefix_path.sh'
[1.233s] INFO:colcon.colcon_core.shell:Skip shell extension 'powershell' for command environment: Not usable outside of PowerShell
[1.233s] DEBUG:colcon.colcon_core.shell:Skip shell extension 'dsv' for command environment
[1.253s] INFO:colcon.colcon_ros.task.ament_python.build:Building ROS package in '/home/dfolse/repos/SPIDER/SPIDER_ws/src/oak_d_lite' with build type 'ament_python'
[1.254s] Level 1:colcon.colcon_core.shell:create_environment_hook('oak_d_lite', 'ament_prefix_path')
[1.256s] INFO:colcon.colcon_core.shell:Creating environment hook '/home/dfolse/repos/SPIDER/SPIDER_ws/install/oak_d_lite/share/oak_d_lite/hook/ament_prefix_path.ps1'
[1.257s] INFO:colcon.colcon_core.shell:Creating environment descriptor '/home/dfolse/repos/SPIDER/SPIDER_ws/install/oak_d_lite/share/oak_d_lite/hook/ament_prefix_path.dsv'
[1.258s] INFO:colcon.colcon_core.shell:Creating environment hook '/home/dfolse/repos/SPIDER/SPIDER_ws/install/oak_d_lite/share/oak_d_lite/hook/ament_prefix_path.sh'
[1.261s] INFO:colcon.colcon_core.shell:Skip shell extension 'powershell' for command environment: Not usable outside of PowerShell
[1.261s] DEBUG:colcon.colcon_core.shell:Skip shell extension 'dsv' for command environment
[1.277s] INFO:colcon.colcon_ros.task.ament_cmake.build:Building ROS package in '/home/dfolse/repos/SPIDER/SPIDER_ws/src/spider_description' with build type 'ament_cmake'
[1.279s] INFO:colcon.colcon_cmake.task.cmake.build:Building CMake package in '/home/dfolse/repos/SPIDER/SPIDER_ws/src/spider_description'
[1.280s] INFO:colcon.colcon_core.shell:Skip shell extension 'powershell' for command environment: Not usable outside of PowerShell
[1.280s] DEBUG:colcon.colcon_core.shell:Skip shell extension 'dsv' for command environment
[1.302s] INFO:colcon.colcon_ros.task.ament_python.build:Building ROS package in '/home/dfolse/repos/SPIDER/SPIDER_ws/src/spider_nav' with build type 'ament_python'
[1.303s] Level 1:colcon.colcon_core.shell:create_environment_hook('spider_nav', 'ament_prefix_path')
[1.304s] INFO:colcon.colcon_core.shell:Creating environment hook '/home/dfolse/repos/SPIDER/SPIDER_ws/install/spider_nav/share/spider_nav/hook/ament_prefix_path.ps1'
[1.307s] INFO:colcon.colcon_core.shell:Creating environment descriptor '/home/dfolse/repos/SPIDER/SPIDER_ws/install/spider_nav/share/spider_nav/hook/ament_prefix_path.dsv'
[1.307s] INFO:colcon.colcon_core.shell:Creating environment hook '/home/dfolse/repos/SPIDER/SPIDER_ws/install/spider_nav/share/spider_nav/hook/ament_prefix_path.sh'
[1.309s] INFO:colcon.colcon_core.shell:Skip shell extension 'powershell' for command environment: Not usable outside of PowerShell
[1.309s] DEBUG:colcon.colcon_core.shell:Skip shell extension 'dsv' for command environment
[1.342s] DEBUG:colcon.colcon_core.event_handler.log_command:Invoking command in '/home/dfolse/repos/SPIDER/SPIDER_ws/build/spider_interfaces': CMAKE_PREFIX_PATH=${CMAKE_PREFIX_PATH}:/home/dfolse/repos/SPIDER/SPIDER_ws/install/spider_nav:/home/dfolse/repos/SPIDER/SPIDER_ws/install/locomotion:/home/dfolse/repos/SPIDER/SPIDER_ws/install/oak_d_lite:/home/dfolse/repos/SPIDER/SPIDER_ws/install/nav2_gps_waypoint_follower_demo:/home/dfolse/repos/SPIDER/SPIDER_ws/install/data_transfer:/opt/ros/foxy NX_CONNECTION=192.168.1.26 58745 192.168.1.53 4000 /usr/bin/cmake --build /home/dfolse/repos/SPIDER/SPIDER_ws/build/spider_interfaces -- -j6 -l6
[2.015s] INFO:colcon.colcon_core.task.python.build:Building Python package in '/home/dfolse/repos/SPIDER/SPIDER_ws/src/data_transfer'
[2.016s] INFO:colcon.colcon_core.shell:Skip shell extension 'powershell' for command environment: Not usable outside of PowerShell
[2.016s] DEBUG:colcon.colcon_core.shell:Skip shell extension 'dsv' for command environment
[2.607s] INFO:colcon.colcon_core.task.python.build:Building Python package in '/home/dfolse/repos/SPIDER/SPIDER_ws/src/oak_d_lite'
[2.608s] INFO:colcon.colcon_core.shell:Skip shell extension 'powershell' for command environment: Not usable outside of PowerShell
[2.609s] DEBUG:colcon.colcon_core.shell:Skip shell extension 'dsv' for command environment
[2.635s] DEBUG:colcon.colcon_core.event_handler.log_command:Invoking command in '/home/dfolse/repos/SPIDER/SPIDER_ws/build/spider_description': CMAKE_PREFIX_PATH=${CMAKE_PREFIX_PATH}:/home/dfolse/repos/SPIDER/SPIDER_ws/install/spider_nav:/home/dfolse/repos/SPIDER/SPIDER_ws/install/locomotion:/home/dfolse/repos/SPIDER/SPIDER_ws/install/oak_d_lite:/home/dfolse/repos/SPIDER/SPIDER_ws/install/nav2_gps_waypoint_follower_demo:/home/dfolse/repos/SPIDER/SPIDER_ws/install/data_transfer:/opt/ros/foxy NX_CONNECTION=192.168.1.26 58745 192.168.1.53 4000 /usr/bin/cmake --build /home/dfolse/repos/SPIDER/SPIDER_ws/build/spider_description -- -j6 -l6
[2.655s] DEBUG:colcon.colcon_core.event_handler.log_command:Invoked command in '/home/dfolse/repos/SPIDER/SPIDER_ws/build/spider_interfaces' returned '0': CMAKE_PREFIX_PATH=${CMAKE_PREFIX_PATH}:/home/dfolse/repos/SPIDER/SPIDER_ws/install/spider_nav:/home/dfolse/repos/SPIDER/SPIDER_ws/install/locomotion:/home/dfolse/repos/SPIDER/SPIDER_ws/install/oak_d_lite:/home/dfolse/repos/SPIDER/SPIDER_ws/install/nav2_gps_waypoint_follower_demo:/home/dfolse/repos/SPIDER/SPIDER_ws/install/data_transfer:/opt/ros/foxy NX_CONNECTION=192.168.1.26 58745 192.168.1.53 4000 /usr/bin/cmake --build /home/dfolse/repos/SPIDER/SPIDER_ws/build/spider_interfaces -- -j6 -l6
[3.238s] INFO:colcon.colcon_core.task.python.build:Building Python package in '/home/dfolse/repos/SPIDER/SPIDER_ws/src/spider_nav'
[3.240s] INFO:colcon.colcon_core.shell:Skip shell extension 'powershell' for command environment: Not usable outside of PowerShell
[3.240s] DEBUG:colcon.colcon_core.shell:Skip shell extension 'dsv' for command environment
[3.284s] DEBUG:colcon.colcon_core.event_handler.log_command:Invoked command in '/home/dfolse/repos/SPIDER/SPIDER_ws/build/spider_description' returned '0': CMAKE_PREFIX_PATH=${CMAKE_PREFIX_PATH}:/home/dfolse/repos/SPIDER/SPIDER_ws/install/spider_nav:/home/dfolse/repos/SPIDER/SPIDER_ws/install/locomotion:/home/dfolse/repos/SPIDER/SPIDER_ws/install/oak_d_lite:/home/dfolse/repos/SPIDER/SPIDER_ws/install/nav2_gps_waypoint_follower_demo:/home/dfolse/repos/SPIDER/SPIDER_ws/install/data_transfer:/opt/ros/foxy NX_CONNECTION=192.168.1.26 58745 192.168.1.53 4000 /usr/bin/cmake --build /home/dfolse/repos/SPIDER/SPIDER_ws/build/spider_description -- -j6 -l6
[3.326s] DEBUG:colcon.colcon_core.event_handler.log_command:Invoking command in '/home/dfolse/repos/SPIDER/SPIDER_ws/build/spider_interfaces': CMAKE_PREFIX_PATH=${CMAKE_PREFIX_PATH}:/home/dfolse/repos/SPIDER/SPIDER_ws/install/spider_nav:/home/dfolse/repos/SPIDER/SPIDER_ws/install/locomotion:/home/dfolse/repos/SPIDER/SPIDER_ws/install/oak_d_lite:/home/dfolse/repos/SPIDER/SPIDER_ws/install/nav2_gps_waypoint_follower_demo:/home/dfolse/repos/SPIDER/SPIDER_ws/install/data_transfer:/opt/ros/foxy NX_CONNECTION=192.168.1.26 58745 192.168.1.53 4000 /usr/bin/cmake --install /home/dfolse/repos/SPIDER/SPIDER_ws/build/spider_interfaces
[3.399s] DEBUG:colcon.colcon_core.event_handler.log_command:Invoking command in '/home/dfolse/repos/SPIDER/SPIDER_ws/build/spider_description': CMAKE_PREFIX_PATH=${CMAKE_PREFIX_PATH}:/home/dfolse/repos/SPIDER/SPIDER_ws/install/spider_nav:/home/dfolse/repos/SPIDER/SPIDER_ws/install/locomotion:/home/dfolse/repos/SPIDER/SPIDER_ws/install/oak_d_lite:/home/dfolse/repos/SPIDER/SPIDER_ws/install/nav2_gps_waypoint_follower_demo:/home/dfolse/repos/SPIDER/SPIDER_ws/install/data_transfer:/opt/ros/foxy NX_CONNECTION=192.168.1.26 58745 192.168.1.53 4000 /usr/bin/cmake --install /home/dfolse/repos/SPIDER/SPIDER_ws/build/spider_description
[3.434s] Level 1:colcon.colcon_core.environment:create_environment_scripts_only(spider_description)
[3.436s] DEBUG:colcon.colcon_core.event_handler.log_command:Invoked command in '/home/dfolse/repos/SPIDER/SPIDER_ws/build/spider_description' returned '0': CMAKE_PREFIX_PATH=${CMAKE_PREFIX_PATH}:/home/dfolse/repos/SPIDER/SPIDER_ws/install/spider_nav:/home/dfolse/repos/SPIDER/SPIDER_ws/install/locomotion:/home/dfolse/repos/SPIDER/SPIDER_ws/install/oak_d_lite:/home/dfolse/repos/SPIDER/SPIDER_ws/install/nav2_gps_waypoint_follower_demo:/home/dfolse/repos/SPIDER/SPIDER_ws/install/data_transfer:/opt/ros/foxy NX_CONNECTION=192.168.1.26 58745 192.168.1.53 4000 /usr/bin/cmake --install /home/dfolse/repos/SPIDER/SPIDER_ws/build/spider_description
[3.442s] Level 1:colcon.colcon_core.environment:checking '/home/dfolse/repos/SPIDER/SPIDER_ws/install/spider_description' for CMake module files
[3.443s] Level 1:colcon.colcon_core.environment:checking '/home/dfolse/repos/SPIDER/SPIDER_ws/install/spider_description' for CMake config files
[3.444s] Level 1:colcon.colcon_core.shell:create_environment_hook('spider_description', 'cmake_prefix_path')
[3.445s] INFO:colcon.colcon_core.shell:Creating environment hook '/home/dfolse/repos/SPIDER/SPIDER_ws/install/spider_description/share/spider_description/hook/cmake_prefix_path.ps1'
[3.447s] INFO:colcon.colcon_core.shell:Creating environment descriptor '/home/dfolse/repos/SPIDER/SPIDER_ws/install/spider_description/share/spider_description/hook/cmake_prefix_path.dsv'
[3.448s] INFO:colcon.colcon_core.shell:Creating environment hook '/home/dfolse/repos/SPIDER/SPIDER_ws/install/spider_description/share/spider_description/hook/cmake_prefix_path.sh'
[3.450s] Level 1:colcon.colcon_core.environment:checking '/home/dfolse/repos/SPIDER/SPIDER_ws/install/spider_description/bin'
[3.450s] Level 1:colcon.colcon_core.environment:checking '/home/dfolse/repos/SPIDER/SPIDER_ws/install/spider_description/lib/pkgconfig/spider_description.pc'
[3.451s] Level 1:colcon.colcon_core.environment:checking '/home/dfolse/repos/SPIDER/SPIDER_ws/install/spider_description/lib/python3.8/site-packages'
[3.451s] Level 1:colcon.colcon_core.environment:checking '/home/dfolse/repos/SPIDER/SPIDER_ws/install/spider_description/bin'
[3.452s] INFO:colcon.colcon_core.shell:Creating package script '/home/dfolse/repos/SPIDER/SPIDER_ws/install/spider_description/share/spider_description/package.ps1'
[3.459s] INFO:colcon.colcon_core.shell:Creating package descriptor '/home/dfolse/repos/SPIDER/SPIDER_ws/install/spider_description/share/spider_description/package.dsv'
[3.460s] INFO:colcon.colcon_core.shell:Creating package script '/home/dfolse/repos/SPIDER/SPIDER_ws/install/spider_description/share/spider_description/package.sh'
[3.462s] INFO:colcon.colcon_core.shell:Creating package script '/home/dfolse/repos/SPIDER/SPIDER_ws/install/spider_description/share/spider_description/package.bash'
[3.464s] INFO:colcon.colcon_core.shell:Creating package script '/home/dfolse/repos/SPIDER/SPIDER_ws/install/spider_description/share/spider_description/package.zsh'
[3.465s] Level 1:colcon.colcon_core.environment:create_file_with_runtime_dependencies(/home/dfolse/repos/SPIDER/SPIDER_ws/install/spider_description/share/colcon-core/packages/spider_description)
[3.488s] Level 1:colcon.colcon_core.environment:create_environment_scripts_only(spider_interfaces)
[3.489s] Level 1:colcon.colcon_core.environment:checking '/home/dfolse/repos/SPIDER/SPIDER_ws/install/spider_interfaces' for CMake module files
[3.491s] Level 1:colcon.colcon_core.environment:checking '/home/dfolse/repos/SPIDER/SPIDER_ws/install/spider_interfaces' for CMake config files
[3.491s] Level 1:colcon.colcon_core.shell:create_environment_hook('spider_interfaces', 'cmake_prefix_path')
[3.492s] INFO:colcon.colcon_core.shell:Creating environment hook '/home/dfolse/repos/SPIDER/SPIDER_ws/install/spider_interfaces/share/spider_interfaces/hook/cmake_prefix_path.ps1'
[3.493s] INFO:colcon.colcon_core.shell:Creating environment descriptor '/home/dfolse/repos/SPIDER/SPIDER_ws/install/spider_interfaces/share/spider_interfaces/hook/cmake_prefix_path.dsv'
[3.490s] DEBUG:colcon.colcon_core.event_handler.log_command:Invoked command in '/home/dfolse/repos/SPIDER/SPIDER_ws/build/spider_interfaces' returned '0': CMAKE_PREFIX_PATH=${CMAKE_PREFIX_PATH}:/home/dfolse/repos/SPIDER/SPIDER_ws/install/spider_nav:/home/dfolse/repos/SPIDER/SPIDER_ws/install/locomotion:/home/dfolse/repos/SPIDER/SPIDER_ws/install/oak_d_lite:/home/dfolse/repos/SPIDER/SPIDER_ws/install/nav2_gps_waypoint_follower_demo:/home/dfolse/repos/SPIDER/SPIDER_ws/install/data_transfer:/opt/ros/foxy NX_CONNECTION=192.168.1.26 58745 192.168.1.53 4000 /usr/bin/cmake --install /home/dfolse/repos/SPIDER/SPIDER_ws/build/spider_interfaces
[3.494s] INFO:colcon.colcon_core.shell:Creating environment hook '/home/dfolse/repos/SPIDER/SPIDER_ws/install/spider_interfaces/share/spider_interfaces/hook/cmake_prefix_path.sh'
[3.497s] Level 1:colcon.colcon_core.environment:checking '/home/dfolse/repos/SPIDER/SPIDER_ws/install/spider_interfaces/lib'
[3.498s] Level 1:colcon.colcon_core.shell:create_environment_hook('spider_interfaces', 'ld_library_path_lib')
[3.499s] INFO:colcon.colcon_core.shell:Creating environment hook '/home/dfolse/repos/SPIDER/SPIDER_ws/install/spider_interfaces/share/spider_interfaces/hook/ld_library_path_lib.ps1'
[3.500s] INFO:colcon.colcon_core.shell:Creating environment descriptor '/home/dfolse/repos/SPIDER/SPIDER_ws/install/spider_interfaces/share/spider_interfaces/hook/ld_library_path_lib.dsv'
[3.502s] INFO:colcon.colcon_core.shell:Creating environment hook '/home/dfolse/repos/SPIDER/SPIDER_ws/install/spider_interfaces/share/spider_interfaces/hook/ld_library_path_lib.sh'
[3.502s] Level 1:colcon.colcon_core.environment:checking '/home/dfolse/repos/SPIDER/SPIDER_ws/install/spider_interfaces/bin'
[3.503s] Level 1:colcon.colcon_core.environment:checking '/home/dfolse/repos/SPIDER/SPIDER_ws/install/spider_interfaces/lib/pkgconfig/spider_interfaces.pc'
[3.503s] Level 1:colcon.colcon_core.environment:checking '/home/dfolse/repos/SPIDER/SPIDER_ws/install/spider_interfaces/lib/python3.8/site-packages'
[3.503s] Level 1:colcon.colcon_core.shell:create_environment_hook('spider_interfaces', 'pythonpath')
[3.504s] INFO:colcon.colcon_core.shell:Creating environment hook '/home/dfolse/repos/SPIDER/SPIDER_ws/install/spider_interfaces/share/spider_interfaces/hook/pythonpath.ps1'
[3.505s] INFO:colcon.colcon_core.shell:Creating environment descriptor '/home/dfolse/repos/SPIDER/SPIDER_ws/install/spider_interfaces/share/spider_interfaces/hook/pythonpath.dsv'
[3.506s] INFO:colcon.colcon_core.shell:Creating environment hook '/home/dfolse/repos/SPIDER/SPIDER_ws/install/spider_interfaces/share/spider_interfaces/hook/pythonpath.sh'
[3.507s] Level 1:colcon.colcon_core.environment:checking '/home/dfolse/repos/SPIDER/SPIDER_ws/install/spider_interfaces/bin'
[3.508s] INFO:colcon.colcon_core.shell:Creating package script '/home/dfolse/repos/SPIDER/SPIDER_ws/install/spider_interfaces/share/spider_interfaces/package.ps1'
[3.511s] INFO:colcon.colcon_core.shell:Creating package descriptor '/home/dfolse/repos/SPIDER/SPIDER_ws/install/spider_interfaces/share/spider_interfaces/package.dsv'
[3.512s] INFO:colcon.colcon_core.shell:Creating package script '/home/dfolse/repos/SPIDER/SPIDER_ws/install/spider_interfaces/share/spider_interfaces/package.sh'
[3.513s] INFO:colcon.colcon_core.shell:Creating package script '/home/dfolse/repos/SPIDER/SPIDER_ws/install/spider_interfaces/share/spider_interfaces/package.bash'
[3.514s] INFO:colcon.colcon_core.shell:Creating package script '/home/dfolse/repos/SPIDER/SPIDER_ws/install/spider_interfaces/share/spider_interfaces/package.zsh'
[3.515s] Level 1:colcon.colcon_core.environment:create_file_with_runtime_dependencies(/home/dfolse/repos/SPIDER/SPIDER_ws/install/spider_interfaces/share/colcon-core/packages/spider_interfaces)
[3.572s] Level 1:colcon.colcon_core.environment:create_environment_scripts_only(spider_description)
[3.573s] Level 1:colcon.colcon_core.environment:checking '/home/dfolse/repos/SPIDER/SPIDER_ws/install/spider_description' for CMake module files
[3.574s] Level 1:colcon.colcon_core.environment:checking '/home/dfolse/repos/SPIDER/SPIDER_ws/install/spider_description' for CMake config files
[3.575s] Level 1:colcon.colcon_core.shell:create_environment_hook('spider_description', 'cmake_prefix_path')
[3.575s] INFO:colcon.colcon_core.shell:Creating environment hook '/home/dfolse/repos/SPIDER/SPIDER_ws/install/spider_description/share/spider_description/hook/cmake_prefix_path.ps1'
[3.576s] INFO:colcon.colcon_core.shell:Creating environment descriptor '/home/dfolse/repos/SPIDER/SPIDER_ws/install/spider_description/share/spider_description/hook/cmake_prefix_path.dsv'
[3.577s] INFO:colcon.colcon_core.shell:Creating environment hook '/home/dfolse/repos/SPIDER/SPIDER_ws/install/spider_description/share/spider_description/hook/cmake_prefix_path.sh'
[3.578s] Level 1:colcon.colcon_core.environment:checking '/home/dfolse/repos/SPIDER/SPIDER_ws/install/spider_description/bin'
[3.578s] Level 1:colcon.colcon_core.environment:checking '/home/dfolse/repos/SPIDER/SPIDER_ws/install/spider_description/lib/pkgconfig/spider_description.pc'
[3.579s] Level 1:colcon.colcon_core.environment:checking '/home/dfolse/repos/SPIDER/SPIDER_ws/install/spider_description/lib/python3.8/site-packages'
[3.579s] Level 1:colcon.colcon_core.environment:checking '/home/dfolse/repos/SPIDER/SPIDER_ws/install/spider_description/bin'
[3.580s] INFO:colcon.colcon_core.shell:Creating package script '/home/dfolse/repos/SPIDER/SPIDER_ws/install/spider_description/share/spider_description/package.ps1'
[3.581s] INFO:colcon.colcon_core.shell:Creating package descriptor '/home/dfolse/repos/SPIDER/SPIDER_ws/install/spider_description/share/spider_description/package.dsv'
[3.582s] INFO:colcon.colcon_core.shell:Creating package script '/home/dfolse/repos/SPIDER/SPIDER_ws/install/spider_description/share/spider_description/package.sh'
[3.583s] INFO:colcon.colcon_core.shell:Creating package script '/home/dfolse/repos/SPIDER/SPIDER_ws/install/spider_description/share/spider_description/package.bash'
[3.585s] INFO:colcon.colcon_core.shell:Creating package script '/home/dfolse/repos/SPIDER/SPIDER_ws/install/spider_description/share/spider_description/package.zsh'
[3.585s] Level 1:colcon.colcon_core.environment:create_file_with_runtime_dependencies(/home/dfolse/repos/SPIDER/SPIDER_ws/install/spider_description/share/colcon-core/packages/spider_description)
[3.926s] Level 1:colcon.colcon_core.environment:create_environment_scripts_only(spider_interfaces)
[3.927s] Level 1:colcon.colcon_core.environment:checking '/home/dfolse/repos/SPIDER/SPIDER_ws/install/spider_interfaces' for CMake module files
[3.929s] Level 1:colcon.colcon_core.environment:checking '/home/dfolse/repos/SPIDER/SPIDER_ws/install/spider_interfaces' for CMake config files
[3.930s] Level 1:colcon.colcon_core.shell:create_environment_hook('spider_interfaces', 'cmake_prefix_path')
[3.931s] INFO:colcon.colcon_core.shell:Creating environment hook '/home/dfolse/repos/SPIDER/SPIDER_ws/install/spider_interfaces/share/spider_interfaces/hook/cmake_prefix_path.ps1'
[3.933s] INFO:colcon.colcon_core.shell:Creating environment descriptor '/home/dfolse/repos/SPIDER/SPIDER_ws/install/spider_interfaces/share/spider_interfaces/hook/cmake_prefix_path.dsv'
[3.934s] INFO:colcon.colcon_core.shell:Creating environment hook '/home/dfolse/repos/SPIDER/SPIDER_ws/install/spider_interfaces/share/spider_interfaces/hook/cmake_prefix_path.sh'
[3.935s] Level 1:colcon.colcon_core.environment:checking '/home/dfolse/repos/SPIDER/SPIDER_ws/install/spider_interfaces/lib'
[3.936s] Level 1:colcon.colcon_core.shell:create_environment_hook('spider_interfaces', 'ld_library_path_lib')
[3.938s] INFO:colcon.colcon_core.shell:Creating environment hook '/home/dfolse/repos/SPIDER/SPIDER_ws/install/spider_interfaces/share/spider_interfaces/hook/ld_library_path_lib.ps1'
[3.939s] INFO:colcon.colcon_core.shell:Creating environment descriptor '/home/dfolse/repos/SPIDER/SPIDER_ws/install/spider_interfaces/share/spider_interfaces/hook/ld_library_path_lib.dsv'
[3.940s] INFO:colcon.colcon_core.shell:Creating environment hook '/home/dfolse/repos/SPIDER/SPIDER_ws/install/spider_interfaces/share/spider_interfaces/hook/ld_library_path_lib.sh'
[3.941s] Level 1:colcon.colcon_core.environment:checking '/home/dfolse/repos/SPIDER/SPIDER_ws/install/spider_interfaces/bin'
[3.941s] Level 1:colcon.colcon_core.environment:checking '/home/dfolse/repos/SPIDER/SPIDER_ws/install/spider_interfaces/lib/pkgconfig/spider_interfaces.pc'
[3.942s] Level 1:colcon.colcon_core.environment:checking '/home/dfolse/repos/SPIDER/SPIDER_ws/install/spider_interfaces/lib/python3.8/site-packages'
[3.942s] Level 1:colcon.colcon_core.shell:create_environment_hook('spider_interfaces', 'pythonpath')
[3.943s] INFO:colcon.colcon_core.shell:Creating environment hook '/home/dfolse/repos/SPIDER/SPIDER_ws/install/spider_interfaces/share/spider_interfaces/hook/pythonpath.ps1'
[3.949s] INFO:colcon.colcon_core.shell:Creating environment descriptor '/home/dfolse/repos/SPIDER/SPIDER_ws/install/spider_interfaces/share/spider_interfaces/hook/pythonpath.dsv'
[3.950s] INFO:colcon.colcon_core.shell:Creating environment hook '/home/dfolse/repos/SPIDER/SPIDER_ws/install/spider_interfaces/share/spider_interfaces/hook/pythonpath.sh'
[3.952s] Level 1:colcon.colcon_core.environment:checking '/home/dfolse/repos/SPIDER/SPIDER_ws/install/spider_interfaces/bin'
[3.953s] INFO:colcon.colcon_core.shell:Creating package script '/home/dfolse/repos/SPIDER/SPIDER_ws/install/spider_interfaces/share/spider_interfaces/package.ps1'
[3.954s] INFO:colcon.colcon_core.shell:Creating package descriptor '/home/dfolse/repos/SPIDER/SPIDER_ws/install/spider_interfaces/share/spider_interfaces/package.dsv'
[3.956s] INFO:colcon.colcon_core.shell:Creating package script '/home/dfolse/repos/SPIDER/SPIDER_ws/install/spider_interfaces/share/spider_interfaces/package.sh'
[3.957s] INFO:colcon.colcon_core.shell:Creating package script '/home/dfolse/repos/SPIDER/SPIDER_ws/install/spider_interfaces/share/spider_interfaces/package.bash'
[3.959s] INFO:colcon.colcon_core.shell:Creating package script '/home/dfolse/repos/SPIDER/SPIDER_ws/install/spider_interfaces/share/spider_interfaces/package.zsh'
[3.959s] Level 1:colcon.colcon_core.environment:create_file_with_runtime_dependencies(/home/dfolse/repos/SPIDER/SPIDER_ws/install/spider_interfaces/share/colcon-core/packages/spider_interfaces)
[3.962s] INFO:colcon.colcon_ros.task.ament_python.build:Building ROS package in '/home/dfolse/repos/SPIDER/SPIDER_ws/src/locomotion' with build type 'ament_python'
[3.962s] Level 1:colcon.colcon_core.shell:create_environment_hook('locomotion', 'ament_prefix_path')
[3.963s] INFO:colcon.colcon_core.shell:Creating environment hook '/home/dfolse/repos/SPIDER/SPIDER_ws/install/locomotion/share/locomotion/hook/ament_prefix_path.ps1'
[3.964s] INFO:colcon.colcon_core.shell:Creating environment descriptor '/home/dfolse/repos/SPIDER/SPIDER_ws/install/locomotion/share/locomotion/hook/ament_prefix_path.dsv'
[3.965s] INFO:colcon.colcon_core.shell:Creating environment hook '/home/dfolse/repos/SPIDER/SPIDER_ws/install/locomotion/share/locomotion/hook/ament_prefix_path.sh'
[3.967s] INFO:colcon.colcon_core.shell:Skip shell extension 'powershell' for command environment: Not usable outside of PowerShell
[3.967s] DEBUG:colcon.colcon_core.shell:Skip shell extension 'dsv' for command environment
[4.621s] INFO:colcon.colcon_core.task.python.build:Building Python package in '/home/dfolse/repos/SPIDER/SPIDER_ws/src/locomotion'
[4.622s] INFO:colcon.colcon_core.shell:Skip shell extension 'powershell' for command environment: Not usable outside of PowerShell
[4.622s] DEBUG:colcon.colcon_core.shell:Skip shell extension 'dsv' for command environment
[4.652s] DEBUG:colcon.colcon_core.event_handler.log_command:Invoking command in '/home/dfolse/repos/SPIDER/SPIDER_ws/src/data_transfer': NX_CONNECTION=192.168.1.26 58745 192.168.1.53 4000 PYTHONPATH=/home/dfolse/repos/SPIDER/SPIDER_ws/build/data_transfer/prefix_override:/home/dfolse/repos/SPIDER/SPIDER_ws/install/data_transfer/lib/python3.8/site-packages:${PYTHONPATH} /usr/bin/python3 -W ignore:setup.py install is deprecated setup.py egg_info --egg-base ../../build/data_transfer build --build-base /home/dfolse/repos/SPIDER/SPIDER_ws/build/data_transfer/build install --record /home/dfolse/repos/SPIDER/SPIDER_ws/build/data_transfer/install.log --single-version-externally-managed install_data
[4.661s] DEBUG:colcon.colcon_core.event_handler.log_command:Invoking command in '/home/dfolse/repos/SPIDER/SPIDER_ws/src/oak_d_lite': NX_CONNECTION=192.168.1.26 58745 192.168.1.53 4000 PYTHONPATH=/home/dfolse/repos/SPIDER/SPIDER_ws/build/oak_d_lite/prefix_override:/home/dfolse/repos/SPIDER/SPIDER_ws/install/oak_d_lite/lib/python3.8/site-packages:${PYTHONPATH} /usr/bin/python3 -W ignore:setup.py install is deprecated setup.py egg_info --egg-base ../../build/oak_d_lite build --build-base /home/dfolse/repos/SPIDER/SPIDER_ws/build/oak_d_lite/build install --record /home/dfolse/repos/SPIDER/SPIDER_ws/build/oak_d_lite/install.log --single-version-externally-managed install_data
[4.674s] DEBUG:colcon.colcon_core.event_handler.log_command:Invoking command in '/home/dfolse/repos/SPIDER/SPIDER_ws/src/spider_nav': NX_CONNECTION=192.168.1.26 58745 192.168.1.53 4000 PYTHONPATH=/home/dfolse/repos/SPIDER/SPIDER_ws/build/spider_nav/prefix_override:/home/dfolse/repos/SPIDER/SPIDER_ws/install/spider_nav/lib/python3.8/site-packages:${PYTHONPATH} /usr/bin/python3 -W ignore:setup.py install is deprecated setup.py egg_info --egg-base ../../build/spider_nav build --build-base /home/dfolse/repos/SPIDER/SPIDER_ws/build/spider_nav/build install --record /home/dfolse/repos/SPIDER/SPIDER_ws/build/spider_nav/install.log --single-version-externally-managed install_data
[5.349s] Level 1:colcon.colcon_core.environment:checking '/home/dfolse/repos/SPIDER/SPIDER_ws/install/data_transfer' for CMake module files
[5.351s] DEBUG:colcon.colcon_core.event_handler.log_command:Invoked command in '/home/dfolse/repos/SPIDER/SPIDER_ws/src/data_transfer' returned '0': NX_CONNECTION=192.168.1.26 58745 192.168.1.53 4000 PYTHONPATH=/home/dfolse/repos/SPIDER/SPIDER_ws/build/data_transfer/prefix_override:/home/dfolse/repos/SPIDER/SPIDER_ws/install/data_transfer/lib/python3.8/site-packages:${PYTHONPATH} /usr/bin/python3 -W ignore:setup.py install is deprecated setup.py egg_info --egg-base ../../build/data_transfer build --build-base /home/dfolse/repos/SPIDER/SPIDER_ws/build/data_transfer/build install --record /home/dfolse/repos/SPIDER/SPIDER_ws/build/data_transfer/install.log --single-version-externally-managed install_data
[5.351s] Level 1:colcon.colcon_core.environment:checking '/home/dfolse/repos/SPIDER/SPIDER_ws/install/data_transfer' for CMake config files
[5.353s] Level 1:colcon.colcon_core.environment:checking '/home/dfolse/repos/SPIDER/SPIDER_ws/install/data_transfer/lib'
[5.353s] Level 1:colcon.colcon_core.environment:checking '/home/dfolse/repos/SPIDER/SPIDER_ws/install/data_transfer/bin'
[5.353s] Level 1:colcon.colcon_core.environment:checking '/home/dfolse/repos/SPIDER/SPIDER_ws/install/data_transfer/lib/pkgconfig/data_transfer.pc'
[5.354s] Level 1:colcon.colcon_core.environment:checking '/home/dfolse/repos/SPIDER/SPIDER_ws/install/data_transfer/lib/python3.8/site-packages'
[5.354s] Level 1:colcon.colcon_core.shell:create_environment_hook('data_transfer', 'pythonpath')
[5.355s] INFO:colcon.colcon_core.shell:Creating environment hook '/home/dfolse/repos/SPIDER/SPIDER_ws/install/data_transfer/share/data_transfer/hook/pythonpath.ps1'
[5.356s] INFO:colcon.colcon_core.shell:Creating environment descriptor '/home/dfolse/repos/SPIDER/SPIDER_ws/install/data_transfer/share/data_transfer/hook/pythonpath.dsv'
[5.357s] INFO:colcon.colcon_core.shell:Creating environment hook '/home/dfolse/repos/SPIDER/SPIDER_ws/install/data_transfer/share/data_transfer/hook/pythonpath.sh'
[5.358s] Level 1:colcon.colcon_core.environment:checking '/home/dfolse/repos/SPIDER/SPIDER_ws/install/data_transfer/bin'
[5.358s] Level 1:colcon.colcon_core.environment:create_environment_scripts_only(data_transfer)
[5.359s] INFO:colcon.colcon_core.shell:Creating package script '/home/dfolse/repos/SPIDER/SPIDER_ws/install/data_transfer/share/data_transfer/package.ps1'
[5.360s] INFO:colcon.colcon_core.shell:Creating package descriptor '/home/dfolse/repos/SPIDER/SPIDER_ws/install/data_transfer/share/data_transfer/package.dsv'
[5.361s] INFO:colcon.colcon_core.shell:Creating package script '/home/dfolse/repos/SPIDER/SPIDER_ws/install/data_transfer/share/data_transfer/package.sh'
[5.362s] INFO:colcon.colcon_core.shell:Creating package script '/home/dfolse/repos/SPIDER/SPIDER_ws/install/data_transfer/share/data_transfer/package.bash'
[5.363s] INFO:colcon.colcon_core.shell:Creating package script '/home/dfolse/repos/SPIDER/SPIDER_ws/install/data_transfer/share/data_transfer/package.zsh'
[5.364s] Level 1:colcon.colcon_core.environment:create_file_with_runtime_dependencies(/home/dfolse/repos/SPIDER/SPIDER_ws/install/data_transfer/share/colcon-core/packages/data_transfer)
[5.368s] Level 1:colcon.colcon_core.environment:checking '/home/dfolse/repos/SPIDER/SPIDER_ws/install/oak_d_lite' for CMake module files
[5.372s] Level 1:colcon.colcon_core.environment:checking '/home/dfolse/repos/SPIDER/SPIDER_ws/install/oak_d_lite' for CMake config files
[5.374s] Level 1:colcon.colcon_core.environment:checking '/home/dfolse/repos/SPIDER/SPIDER_ws/install/oak_d_lite/lib'
[5.375s] Level 1:colcon.colcon_core.environment:checking '/home/dfolse/repos/SPIDER/SPIDER_ws/install/oak_d_lite/bin'
[5.375s] Level 1:colcon.colcon_core.environment:checking '/home/dfolse/repos/SPIDER/SPIDER_ws/install/oak_d_lite/lib/pkgconfig/oak_d_lite.pc'
[5.375s] Level 1:colcon.colcon_core.environment:checking '/home/dfolse/repos/SPIDER/SPIDER_ws/install/oak_d_lite/lib/python3.8/site-packages'
[5.375s] Level 1:colcon.colcon_core.shell:create_environment_hook('oak_d_lite', 'pythonpath')
[5.376s] INFO:colcon.colcon_core.shell:Creating environment hook '/home/dfolse/repos/SPIDER/SPIDER_ws/install/oak_d_lite/share/oak_d_lite/hook/pythonpath.ps1'
[5.377s] INFO:colcon.colcon_core.shell:Creating environment descriptor '/home/dfolse/repos/SPIDER/SPIDER_ws/install/oak_d_lite/share/oak_d_lite/hook/pythonpath.dsv'
[5.378s] INFO:colcon.colcon_core.shell:Creating environment hook '/home/dfolse/repos/SPIDER/SPIDER_ws/install/oak_d_lite/share/oak_d_lite/hook/pythonpath.sh'
[5.379s] Level 1:colcon.colcon_core.environment:checking '/home/dfolse/repos/SPIDER/SPIDER_ws/install/oak_d_lite/bin'
[5.379s] Level 1:colcon.colcon_core.environment:create_environment_scripts_only(oak_d_lite)
[5.380s] INFO:colcon.colcon_core.shell:Creating package script '/home/dfolse/repos/SPIDER/SPIDER_ws/install/oak_d_lite/share/oak_d_lite/package.ps1'
[5.381s] INFO:colcon.colcon_core.shell:Creating package descriptor '/home/dfolse/repos/SPIDER/SPIDER_ws/install/oak_d_lite/share/oak_d_lite/package.dsv'
[5.382s] INFO:colcon.colcon_core.shell:Creating package script '/home/dfolse/repos/SPIDER/SPIDER_ws/install/oak_d_lite/share/oak_d_lite/package.sh'
[5.383s] INFO:colcon.colcon_core.shell:Creating package script '/home/dfolse/repos/SPIDER/SPIDER_ws/install/oak_d_lite/share/oak_d_lite/package.bash'
[5.384s] INFO:colcon.colcon_core.shell:Creating package script '/home/dfolse/repos/SPIDER/SPIDER_ws/install/oak_d_lite/share/oak_d_lite/package.zsh'
[5.384s] Level 1:colcon.colcon_core.environment:create_file_with_runtime_dependencies(/home/dfolse/repos/SPIDER/SPIDER_ws/install/oak_d_lite/share/colcon-core/packages/oak_d_lite)
[5.385s] DEBUG:colcon.colcon_core.event_handler.log_command:Invoked command in '/home/dfolse/repos/SPIDER/SPIDER_ws/src/oak_d_lite' returned '0': NX_CONNECTION=192.168.1.26 58745 192.168.1.53 4000 PYTHONPATH=/home/dfolse/repos/SPIDER/SPIDER_ws/build/oak_d_lite/prefix_override:/home/dfolse/repos/SPIDER/SPIDER_ws/install/oak_d_lite/lib/python3.8/site-packages:${PYTHONPATH} /usr/bin/python3 -W ignore:setup.py install is deprecated setup.py egg_info --egg-base ../../build/oak_d_lite build --build-base /home/dfolse/repos/SPIDER/SPIDER_ws/build/oak_d_lite/build install --record /home/dfolse/repos/SPIDER/SPIDER_ws/build/oak_d_lite/install.log --single-version-externally-managed install_data
[5.405s] Level 1:colcon.colcon_core.environment:checking '/home/dfolse/repos/SPIDER/SPIDER_ws/install/spider_nav' for CMake module files
[5.407s] DEBUG:colcon.colcon_core.event_handler.log_command:Invoked command in '/home/dfolse/repos/SPIDER/SPIDER_ws/src/spider_nav' returned '0': NX_CONNECTION=192.168.1.26 58745 192.168.1.53 4000 PYTHONPATH=/home/dfolse/repos/SPIDER/SPIDER_ws/build/spider_nav/prefix_override:/home/dfolse/repos/SPIDER/SPIDER_ws/install/spider_nav/lib/python3.8/site-packages:${PYTHONPATH} /usr/bin/python3 -W ignore:setup.py install is deprecated setup.py egg_info --egg-base ../../build/spider_nav build --build-base /home/dfolse/repos/SPIDER/SPIDER_ws/build/spider_nav/build install --record /home/dfolse/repos/SPIDER/SPIDER_ws/build/spider_nav/install.log --single-version-externally-managed install_data
[5.408s] Level 1:colcon.colcon_core.environment:checking '/home/dfolse/repos/SPIDER/SPIDER_ws/install/spider_nav' for CMake config files
[5.410s] Level 1:colcon.colcon_core.environment:checking '/home/dfolse/repos/SPIDER/SPIDER_ws/install/spider_nav/lib'
[5.410s] Level 1:colcon.colcon_core.environment:checking '/home/dfolse/repos/SPIDER/SPIDER_ws/install/spider_nav/bin'
[5.410s] Level 1:colcon.colcon_core.environment:checking '/home/dfolse/repos/SPIDER/SPIDER_ws/install/spider_nav/lib/pkgconfig/spider_nav.pc'
[5.410s] Level 1:colcon.colcon_core.environment:checking '/home/dfolse/repos/SPIDER/SPIDER_ws/install/spider_nav/lib/python3.8/site-packages'
[5.410s] Level 1:colcon.colcon_core.shell:create_environment_hook('spider_nav', 'pythonpath')
[5.411s] INFO:colcon.colcon_core.shell:Creating environment hook '/home/dfolse/repos/SPIDER/SPIDER_ws/install/spider_nav/share/spider_nav/hook/pythonpath.ps1'
[5.412s] INFO:colcon.colcon_core.shell:Creating environment descriptor '/home/dfolse/repos/SPIDER/SPIDER_ws/install/spider_nav/share/spider_nav/hook/pythonpath.dsv'
[5.413s] INFO:colcon.colcon_core.shell:Creating environment hook '/home/dfolse/repos/SPIDER/SPIDER_ws/install/spider_nav/share/spider_nav/hook/pythonpath.sh'
[5.414s] Level 1:colcon.colcon_core.environment:checking '/home/dfolse/repos/SPIDER/SPIDER_ws/install/spider_nav/bin'
[5.414s] Level 1:colcon.colcon_core.environment:create_environment_scripts_only(spider_nav)
[5.415s] INFO:colcon.colcon_core.shell:Creating package script '/home/dfolse/repos/SPIDER/SPIDER_ws/install/spider_nav/share/spider_nav/package.ps1'
[5.416s] INFO:colcon.colcon_core.shell:Creating package descriptor '/home/dfolse/repos/SPIDER/SPIDER_ws/install/spider_nav/share/spider_nav/package.dsv'
[5.417s] INFO:colcon.colcon_core.shell:Creating package script '/home/dfolse/repos/SPIDER/SPIDER_ws/install/spider_nav/share/spider_nav/package.sh'
[5.418s] INFO:colcon.colcon_core.shell:Creating package script '/home/dfolse/repos/SPIDER/SPIDER_ws/install/spider_nav/share/spider_nav/package.bash'
[5.419s] INFO:colcon.colcon_core.shell:Creating package script '/home/dfolse/repos/SPIDER/SPIDER_ws/install/spider_nav/share/spider_nav/package.zsh'
[5.419s] Level 1:colcon.colcon_core.environment:create_file_with_runtime_dependencies(/home/dfolse/repos/SPIDER/SPIDER_ws/install/spider_nav/share/colcon-core/packages/spider_nav)
[5.680s] DEBUG:colcon.colcon_core.event_handler.log_command:Invoking command in '/home/dfolse/repos/SPIDER/SPIDER_ws/src/locomotion': NX_CONNECTION=192.168.1.26 58745 192.168.1.53 4000 PYTHONPATH=/home/dfolse/repos/SPIDER/SPIDER_ws/build/locomotion/prefix_override:/home/dfolse/repos/SPIDER/SPIDER_ws/install/locomotion/lib/python3.8/site-packages:/home/dfolse/repos/SPIDER/SPIDER_ws/install/spider_interfaces/lib/python3.8/site-packages:/home/dfolse/repos/SPIDER/SPIDER_ws/install/spider_nav/lib/python3.8/site-packages:/home/dfolse/repos/SPIDER/SPIDER_ws/install/locomotion/lib/python3.8/site-packages:/home/dfolse/repos/SPIDER/SPIDER_ws/install/oak_d_lite/lib/python3.8/site-packages:/home/dfolse/repos/SPIDER/SPIDER_ws/install/nav2_gps_waypoint_follower_demo/lib/python3.8/site-packages:/home/dfolse/repos/SPIDER/SPIDER_ws/install/data_transfer/lib/python3.8/site-packages:/opt/ros/foxy/lib/python3.8/site-packages /usr/bin/python3 -W ignore:setup.py install is deprecated setup.py egg_info --egg-base ../../build/locomotion build --build-base /home/dfolse/repos/SPIDER/SPIDER_ws/build/locomotion/build install --record /home/dfolse/repos/SPIDER/SPIDER_ws/build/locomotion/install.log --single-version-externally-managed install_data
[6.350s] Level 1:colcon.colcon_core.environment:checking '/home/dfolse/repos/SPIDER/SPIDER_ws/install/locomotion' for CMake module files
[6.352s] DEBUG:colcon.colcon_core.event_handler.log_command:Invoked command in '/home/dfolse/repos/SPIDER/SPIDER_ws/src/locomotion' returned '0': NX_CONNECTION=192.168.1.26 58745 192.168.1.53 4000 PYTHONPATH=/home/dfolse/repos/SPIDER/SPIDER_ws/build/locomotion/prefix_override:/home/dfolse/repos/SPIDER/SPIDER_ws/install/locomotion/lib/python3.8/site-packages:/home/dfolse/repos/SPIDER/SPIDER_ws/install/spider_interfaces/lib/python3.8/site-packages:/home/dfolse/repos/SPIDER/SPIDER_ws/install/spider_nav/lib/python3.8/site-packages:/home/dfolse/repos/SPIDER/SPIDER_ws/install/locomotion/lib/python3.8/site-packages:/home/dfolse/repos/SPIDER/SPIDER_ws/install/oak_d_lite/lib/python3.8/site-packages:/home/dfolse/repos/SPIDER/SPIDER_ws/install/nav2_gps_waypoint_follower_demo/lib/python3.8/site-packages:/home/dfolse/repos/SPIDER/SPIDER_ws/install/data_transfer/lib/python3.8/site-packages:/opt/ros/foxy/lib/python3.8/site-packages /usr/bin/python3 -W ignore:setup.py install is deprecated setup.py egg_info --egg-base ../../build/locomotion build --build-base /home/dfolse/repos/SPIDER/SPIDER_ws/build/locomotion/build install --record /home/dfolse/repos/SPIDER/SPIDER_ws/build/locomotion/install.log --single-version-externally-managed install_data
[6.353s] Level 1:colcon.colcon_core.environment:checking '/home/dfolse/repos/SPIDER/SPIDER_ws/install/locomotion' for CMake config files
[6.355s] Level 1:colcon.colcon_core.environment:checking '/home/dfolse/repos/SPIDER/SPIDER_ws/install/locomotion/lib'
[6.356s] Level 1:colcon.colcon_core.environment:checking '/home/dfolse/repos/SPIDER/SPIDER_ws/install/locomotion/bin'
[6.356s] Level 1:colcon.colcon_core.environment:checking '/home/dfolse/repos/SPIDER/SPIDER_ws/install/locomotion/lib/pkgconfig/locomotion.pc'
[6.357s] Level 1:colcon.colcon_core.environment:checking '/home/dfolse/repos/SPIDER/SPIDER_ws/install/locomotion/lib/python3.8/site-packages'
[6.357s] Level 1:colcon.colcon_core.shell:create_environment_hook('locomotion', 'pythonpath')
[6.358s] INFO:colcon.colcon_core.shell:Creating environment hook '/home/dfolse/repos/SPIDER/SPIDER_ws/install/locomotion/share/locomotion/hook/pythonpath.ps1'
[6.360s] INFO:colcon.colcon_core.shell:Creating environment descriptor '/home/dfolse/repos/SPIDER/SPIDER_ws/install/locomotion/share/locomotion/hook/pythonpath.dsv'
[6.361s] INFO:colcon.colcon_core.shell:Creating environment hook '/home/dfolse/repos/SPIDER/SPIDER_ws/install/locomotion/share/locomotion/hook/pythonpath.sh'
[6.363s] Level 1:colcon.colcon_core.environment:checking '/home/dfolse/repos/SPIDER/SPIDER_ws/install/locomotion/bin'
[6.363s] Level 1:colcon.colcon_core.environment:create_environment_scripts_only(locomotion)
[6.364s] INFO:colcon.colcon_core.shell:Creating package script '/home/dfolse/repos/SPIDER/SPIDER_ws/install/locomotion/share/locomotion/package.ps1'
[6.366s] INFO:colcon.colcon_core.shell:Creating package descriptor '/home/dfolse/repos/SPIDER/SPIDER_ws/install/locomotion/share/locomotion/package.dsv'
[6.368s] INFO:colcon.colcon_core.shell:Creating package script '/home/dfolse/repos/SPIDER/SPIDER_ws/install/locomotion/share/locomotion/package.sh'
[6.369s] INFO:colcon.colcon_core.shell:Creating package script '/home/dfolse/repos/SPIDER/SPIDER_ws/install/locomotion/share/locomotion/package.bash'
[6.370s] INFO:colcon.colcon_core.shell:Creating package script '/home/dfolse/repos/SPIDER/SPIDER_ws/install/locomotion/share/locomotion/package.zsh'
[6.372s] Level 1:colcon.colcon_core.environment:create_file_with_runtime_dependencies(/home/dfolse/repos/SPIDER/SPIDER_ws/install/locomotion/share/colcon-core/packages/locomotion)
[6.373s] DEBUG:colcon.colcon_parallel_executor.executor.parallel:closing loop
[6.374s] DEBUG:colcon.colcon_parallel_executor.executor.parallel:loop closed
[6.374s] DEBUG:colcon.colcon_parallel_executor.executor.parallel:run_until_complete finished with '0'
[6.375s] DEBUG:colcon.colcon_core.event_reactor:joining thread
[6.396s] INFO:colcon.colcon_core.plugin_system:Skipping extension 'colcon_notification.desktop_notification.terminal_notifier': Not used on non-Darwin systems
[6.397s] INFO:colcon.colcon_core.plugin_system:Skipping extension 'colcon_notification.desktop_notification.win32': Not used on non-Windows systems
[6.397s] INFO:colcon.colcon_notification.desktop_notification:Sending desktop notification using 'notify2'
[6.455s] DEBUG:colcon.colcon_core.event_reactor:joined thread
[6.457s] INFO:colcon.colcon_core.shell:Creating prefix script '/home/dfolse/repos/SPIDER/SPIDER_ws/install/local_setup.ps1'
[6.459s] INFO:colcon.colcon_core.shell:Creating prefix util module '/home/dfolse/repos/SPIDER/SPIDER_ws/install/_local_setup_util_ps1.py'
[6.462s] INFO:colcon.colcon_core.shell:Creating prefix chain script '/home/dfolse/repos/SPIDER/SPIDER_ws/install/setup.ps1'
[6.465s] INFO:colcon.colcon_core.shell:Creating prefix script '/home/dfolse/repos/SPIDER/SPIDER_ws/install/local_setup.sh'
[6.466s] INFO:colcon.colcon_core.shell:Creating prefix util module '/home/dfolse/repos/SPIDER/SPIDER_ws/install/_local_setup_util_sh.py'
[6.467s] INFO:colcon.colcon_core.shell:Creating prefix chain script '/home/dfolse/repos/SPIDER/SPIDER_ws/install/setup.sh'
[6.469s] INFO:colcon.colcon_core.shell:Creating prefix script '/home/dfolse/repos/SPIDER/SPIDER_ws/install/local_setup.bash'
[6.470s] INFO:colcon.colcon_core.shell:Creating prefix chain script '/home/dfolse/repos/SPIDER/SPIDER_ws/install/setup.bash'
[6.473s] INFO:colcon.colcon_core.shell:Creating prefix script '/home/dfolse/repos/SPIDER/SPIDER_ws/install/local_setup.zsh'
[6.474s] INFO:colcon.colcon_core.shell:Creating prefix chain script '/home/dfolse/repos/SPIDER/SPIDER_ws/install/setup.zsh'
