[1.855s] Invoking command in '/home/dfolse/repos/SPIDER/SPIDER_ws/src/locomotion': CMAKE_PREFIX_PATH=/home/dfolse/repos/SPIDER/SPIDER_ws/install/spider_interfaces:/home/dfolse/repos/SPIDER/SPIDER_ws/install/locomotion:/home/dfolse/repos/SPIDER/SPIDER_ws/install/spider_description:/home/dfolse/repos/SPIDER/SPIDER_ws/install/nav_2d_utils:/home/dfolse/repos/SPIDER/SPIDER_ws/install/dwb_msgs:/home/dfolse/repos/SPIDER/SPIDER_ws/install/nav_2d_msgs:/home/dfolse/repos/SPIDER/SPIDER_ws/install/nav2_waypoint_follower:/home/dfolse/repos/SPIDER/SPIDER_ws/install/nav2_voxel_grid:/home/dfolse/repos/SPIDER/SPIDER_ws/install/nav2_lifecycle_manager:/home/dfolse/repos/SPIDER/SPIDER_ws/install/nav2_util:/home/dfolse/repos/SPIDER/SPIDER_ws/install/nav2_msgs:/home/dfolse/repos/SPIDER/SPIDER_ws/install/nav2_common:/home/dfolse/repos/SPIDER/SPIDER_ws/install/depthai_ros_msgs:/home/dfolse/repos/SPIDER/SPIDER_ws/install/depthai_descriptions NX_CONNECTION=192.168.1.26 63880 192.168.1.53 4000 PYTHONPATH=/home/dfolse/repos/SPIDER/SPIDER_ws/build/locomotion/prefix_override:/home/dfolse/repos/SPIDER/SPIDER_ws/install/locomotion/lib/python3.8/site-packages:/home/dfolse/repos/SPIDER/SPIDER_ws/install/spider_interfaces/lib/python3.8/site-packages:/home/dfolse/repos/SPIDER/SPIDER_ws/install/spider_nav/lib/python3.8/site-packages:/home/dfolse/repos/SPIDER/SPIDER_ws/install/locomotion/lib/python3.8/site-packages:/home/dfolse/repos/SPIDER/SPIDER_ws/install/oak_d_lite/lib/python3.8/site-packages:/home/dfolse/repos/SPIDER/SPIDER_ws/install/dwb_msgs/lib/python3.8/site-packages:/home/dfolse/repos/SPIDER/SPIDER_ws/install/nav_2d_msgs/lib/python3.8/site-packages:/home/dfolse/repos/SPIDER/SPIDER_ws/install/nav2_msgs/lib/python3.8/site-packages:/home/dfolse/repos/SPIDER/SPIDER_ws/install/nav2_gazebo_spawner/lib/python3.8/site-packages:/home/dfolse/repos/SPIDER/SPIDER_ws/install/nav2_common/lib/python3.8/site-packages:/home/dfolse/repos/SPIDER/SPIDER_ws/install/depthai_ros_msgs/lib/python3.8/site-packages:/home/dfolse/repos/SPIDER/SPIDER_ws/install/data_transfer/lib/python3.8/site-packages:/opt/ros/foxy/lib/python3.8/site-packages /usr/bin/python3 -W ignore:setup.py install is deprecated setup.py egg_info --egg-base ../../build/locomotion build --build-base /home/dfolse/repos/SPIDER/SPIDER_ws/build/locomotion/build install --record /home/dfolse/repos/SPIDER/SPIDER_ws/build/locomotion/install.log --single-version-externally-managed install_data
[2.409s] running egg_info
[2.410s] writing ../../build/locomotion/locomotion.egg-info/PKG-INFO
[2.410s] writing dependency_links to ../../build/locomotion/locomotion.egg-info/dependency_links.txt
[2.410s] writing entry points to ../../build/locomotion/locomotion.egg-info/entry_points.txt
[2.410s] writing requirements to ../../build/locomotion/locomotion.egg-info/requires.txt
[2.411s] writing top-level names to ../../build/locomotion/locomotion.egg-info/top_level.txt
[2.418s] reading manifest file '../../build/locomotion/locomotion.egg-info/SOURCES.txt'
[2.421s] writing manifest file '../../build/locomotion/locomotion.egg-info/SOURCES.txt'
[2.421s] running build
[2.421s] running build_py
[2.423s] running install
[2.425s] running install_lib
[2.430s] running install_data
[2.430s] running install_egg_info
[2.433s] removing '/home/dfolse/repos/SPIDER/SPIDER_ws/install/locomotion/lib/python3.8/site-packages/locomotion-0.0.0-py3.8.egg-info' (and everything under it)
[2.434s] Copying ../../build/locomotion/locomotion.egg-info to /home/dfolse/repos/SPIDER/SPIDER_ws/install/locomotion/lib/python3.8/site-packages/locomotion-0.0.0-py3.8.egg-info
[2.436s] running install_scripts
[2.479s] Installing client script to /home/dfolse/repos/SPIDER/SPIDER_ws/install/locomotion/lib/locomotion
[2.480s] Installing service script to /home/dfolse/repos/SPIDER/SPIDER_ws/install/locomotion/lib/locomotion
[2.481s] writing list of installed files to '/home/dfolse/repos/SPIDER/SPIDER_ws/build/locomotion/install.log'
[2.539s] Invoked command in '/home/dfolse/repos/SPIDER/SPIDER_ws/src/locomotion' returned '0': CMAKE_PREFIX_PATH=/home/dfolse/repos/SPIDER/SPIDER_ws/install/spider_interfaces:/home/dfolse/repos/SPIDER/SPIDER_ws/install/locomotion:/home/dfolse/repos/SPIDER/SPIDER_ws/install/spider_description:/home/dfolse/repos/SPIDER/SPIDER_ws/install/nav_2d_utils:/home/dfolse/repos/SPIDER/SPIDER_ws/install/dwb_msgs:/home/dfolse/repos/SPIDER/SPIDER_ws/install/nav_2d_msgs:/home/dfolse/repos/SPIDER/SPIDER_ws/install/nav2_waypoint_follower:/home/dfolse/repos/SPIDER/SPIDER_ws/install/nav2_voxel_grid:/home/dfolse/repos/SPIDER/SPIDER_ws/install/nav2_lifecycle_manager:/home/dfolse/repos/SPIDER/SPIDER_ws/install/nav2_util:/home/dfolse/repos/SPIDER/SPIDER_ws/install/nav2_msgs:/home/dfolse/repos/SPIDER/SPIDER_ws/install/nav2_common:/home/dfolse/repos/SPIDER/SPIDER_ws/install/depthai_ros_msgs:/home/dfolse/repos/SPIDER/SPIDER_ws/install/depthai_descriptions NX_CONNECTION=192.168.1.26 63880 192.168.1.53 4000 PYTHONPATH=/home/dfolse/repos/SPIDER/SPIDER_ws/build/locomotion/prefix_override:/home/dfolse/repos/SPIDER/SPIDER_ws/install/locomotion/lib/python3.8/site-packages:/home/dfolse/repos/SPIDER/SPIDER_ws/install/spider_interfaces/lib/python3.8/site-packages:/home/dfolse/repos/SPIDER/SPIDER_ws/install/spider_nav/lib/python3.8/site-packages:/home/dfolse/repos/SPIDER/SPIDER_ws/install/locomotion/lib/python3.8/site-packages:/home/dfolse/repos/SPIDER/SPIDER_ws/install/oak_d_lite/lib/python3.8/site-packages:/home/dfolse/repos/SPIDER/SPIDER_ws/install/dwb_msgs/lib/python3.8/site-packages:/home/dfolse/repos/SPIDER/SPIDER_ws/install/nav_2d_msgs/lib/python3.8/site-packages:/home/dfolse/repos/SPIDER/SPIDER_ws/install/nav2_msgs/lib/python3.8/site-packages:/home/dfolse/repos/SPIDER/SPIDER_ws/install/nav2_gazebo_spawner/lib/python3.8/site-packages:/home/dfolse/repos/SPIDER/SPIDER_ws/install/nav2_common/lib/python3.8/site-packages:/home/dfolse/repos/SPIDER/SPIDER_ws/install/depthai_ros_msgs/lib/python3.8/site-packages:/home/dfolse/repos/SPIDER/SPIDER_ws/install/data_transfer/lib/python3.8/site-packages:/opt/ros/foxy/lib/python3.8/site-packages /usr/bin/python3 -W ignore:setup.py install is deprecated setup.py egg_info --egg-base ../../build/locomotion build --build-base /home/dfolse/repos/SPIDER/SPIDER_ws/build/locomotion/build install --record /home/dfolse/repos/SPIDER/SPIDER_ws/build/locomotion/install.log --single-version-externally-managed install_data
