[3.329s] Invoking command in '/home/dfolse/repos/SPIDER/SPIDER_ws/src/data_transfer': NX_CONNECTION=192.168.1.26 58745 192.168.1.53 4000 PYTHONPATH=/home/dfolse/repos/SPIDER/SPIDER_ws/build/data_transfer/prefix_override:/home/dfolse/repos/SPIDER/SPIDER_ws/install/data_transfer/lib/python3.8/site-packages:${PYTHONPATH} /usr/bin/python3 -W ignore:setup.py install is deprecated setup.py egg_info --egg-base ../../build/data_transfer build --build-base /home/dfolse/repos/SPIDER/SPIDER_ws/build/data_transfer/build install --record /home/dfolse/repos/SPIDER/SPIDER_ws/build/data_transfer/install.log --single-version-externally-managed install_data
[3.892s] running egg_info
[3.894s] writing ../../build/data_transfer/data_transfer.egg-info/PKG-INFO
[3.894s] writing dependency_links to ../../build/data_transfer/data_transfer.egg-info/dependency_links.txt
[3.895s] writing entry points to ../../build/data_transfer/data_transfer.egg-info/entry_points.txt
[3.895s] writing requirements to ../../build/data_transfer/data_transfer.egg-info/requires.txt
[3.895s] writing top-level names to ../../build/data_transfer/data_transfer.egg-info/top_level.txt
[3.902s] reading manifest file '../../build/data_transfer/data_transfer.egg-info/SOURCES.txt'
[3.904s] writing manifest file '../../build/data_transfer/data_transfer.egg-info/SOURCES.txt'
[3.904s] running build
[3.904s] running build_py
[3.904s] running install
[3.906s] running install_lib
[3.910s] running install_data
[3.910s] running install_egg_info
[3.913s] removing '/home/dfolse/repos/SPIDER/SPIDER_ws/install/data_transfer/lib/python3.8/site-packages/data_transfer-0.0.0-py3.8.egg-info' (and everything under it)
[3.914s] Copying ../../build/data_transfer/data_transfer.egg-info to /home/dfolse/repos/SPIDER/SPIDER_ws/install/data_transfer/lib/python3.8/site-packages/data_transfer-0.0.0-py3.8.egg-info
[3.921s] running install_scripts
[3.960s] Installing listener script to /home/dfolse/repos/SPIDER/SPIDER_ws/install/data_transfer/lib/data_transfer
[3.961s] Installing talker script to /home/dfolse/repos/SPIDER/SPIDER_ws/install/data_transfer/lib/data_transfer
[3.961s] writing list of installed files to '/home/dfolse/repos/SPIDER/SPIDER_ws/build/data_transfer/install.log'
[4.080s] Invoked command in '/home/dfolse/repos/SPIDER/SPIDER_ws/src/data_transfer' returned '0': NX_CONNECTION=192.168.1.26 58745 192.168.1.53 4000 PYTHONPATH=/home/dfolse/repos/SPIDER/SPIDER_ws/build/data_transfer/prefix_override:/home/dfolse/repos/SPIDER/SPIDER_ws/install/data_transfer/lib/python3.8/site-packages:${PYTHONPATH} /usr/bin/python3 -W ignore:setup.py install is deprecated setup.py egg_info --egg-base ../../build/data_transfer build --build-base /home/dfolse/repos/SPIDER/SPIDER_ws/build/data_transfer/build install --record /home/dfolse/repos/SPIDER/SPIDER_ws/build/data_transfer/install.log --single-version-externally-managed install_data
