running egg_info
writing ../../build/locomotion/locomotion.egg-info/PKG-INFO
writing dependency_links to ../../build/locomotion/locomotion.egg-info/dependency_links.txt
writing entry points to ../../build/locomotion/locomotion.egg-info/entry_points.txt
writing requirements to ../../build/locomotion/locomotion.egg-info/requires.txt
writing top-level names to ../../build/locomotion/locomotion.egg-info/top_level.txt
reading manifest file '../../build/locomotion/locomotion.egg-info/SOURCES.txt'
writing manifest file '../../build/locomotion/locomotion.egg-info/SOURCES.txt'
running build
running build_py
copying locomotion/locomotion_publisher.py -> /home/dfolse/repos/SPIDER/SPIDER_ws/build/locomotion/build/lib/locomotion
running install
running install_lib
copying /home/dfolse/repos/SPIDER/SPIDER_ws/build/locomotion/build/lib/locomotion/locomotion_publisher.py -> /home/dfolse/repos/SPIDER/SPIDER_ws/install/locomotion/lib/python3.8/site-packages/locomotion
byte-compiling /home/dfolse/repos/SPIDER/SPIDER_ws/install/locomotion/lib/python3.8/site-packages/locomotion/locomotion_publisher.py to locomotion_publisher.cpython-38.pyc
running install_data
running install_egg_info
removing '/home/dfolse/repos/SPIDER/SPIDER_ws/install/locomotion/lib/python3.8/site-packages/locomotion-0.0.0-py3.8.egg-info' (and everything under it)
Copying ../../build/locomotion/locomotion.egg-info to /home/dfolse/repos/SPIDER/SPIDER_ws/install/locomotion/lib/python3.8/site-packages/locomotion-0.0.0-py3.8.egg-info
running install_scripts
Installing client script to /home/dfolse/repos/SPIDER/SPIDER_ws/install/locomotion/lib/locomotion
Installing listener script to /home/dfolse/repos/SPIDER/SPIDER_ws/install/locomotion/lib/locomotion
Installing talker script to /home/dfolse/repos/SPIDER/SPIDER_ws/install/locomotion/lib/locomotion
writing list of installed files to '/home/dfolse/repos/SPIDER/SPIDER_ws/build/locomotion/install.log'
