[0.935s] DEBUG:colcon:Command line arguments: ['/usr/bin/colcon', 'build', '--symlink-install']
[0.935s] DEBUG:colcon:Parsed command line arguments: Namespace(allow_overriding=[], ament_cmake_args=None, base_paths=['.'], build_base='build', catkin_cmake_args=None, catkin_skip_building_tests=False, cmake_args=None, cmake_clean_cache=False, cmake_clean_first=False, cmake_force_configure=False, cmake_target=None, cmake_target_skip_unavailable=False, continue_on_error=False, event_handlers=None, executor='parallel', ignore_user_meta=False, install_base='install', log_base=None, log_level=None, main=<bound method BuildVerb.main of <colcon_core.verb.build.BuildVerb object at 0xffffae9368e0>>, merge_install=False, metas=['./colcon.meta'], packages_above=None, packages_above_and_dependencies=None, packages_above_depth=None, packages_end=None, packages_ignore=None, packages_ignore_regex=None, packages_select=None, packages_select_build_failed=False, packages_select_by_dep=None, packages_select_regex=None, packages_select_test_failures=False, packages_skip=None, packages_skip_build_finished=False, packages_skip_by_dep=None, packages_skip_regex=None, packages_skip_test_passed=False, packages_skip_up_to=None, packages_start=None, packages_up_to=None, packages_up_to_regex=None, parallel_workers=4, paths=None, symlink_install=True, test_result_base=None, verb_extension=<colcon_core.verb.build.BuildVerb object at 0xffffae9368e0>, verb_name='build', verb_parser=<colcon_defaults.argument_parser.defaults.DefaultArgumentsDecorator object at 0xffffae828370>)
[1.734s] Level 1:colcon.colcon_core.package_discovery:discover_packages(colcon_meta) check parameters
[1.735s] Level 1:colcon.colcon_core.package_discovery:discover_packages(recursive) check parameters
[1.735s] Level 1:colcon.colcon_core.package_discovery:discover_packages(ignore) check parameters
[1.735s] Level 1:colcon.colcon_core.package_discovery:discover_packages(path) check parameters
[1.735s] Level 1:colcon.colcon_core.package_discovery:discover_packages(colcon_meta) discover
[1.736s] Level 1:colcon.colcon_core.package_discovery:discover_packages(recursive) discover
[1.736s] INFO:colcon.colcon_core.package_discovery:Crawling recursively for packages in '/home/dfolse/repos/SPIDER/SPIDER_ws'
[1.736s] Level 1:colcon.colcon_core.package_identification:_identify(.) by extensions ['ignore', 'ignore_ament_install']
[1.737s] Level 1:colcon.colcon_core.package_identification:_identify(.) by extension 'ignore'
[1.737s] Level 1:colcon.colcon_core.package_identification:_identify(.) by extension 'ignore_ament_install'
[1.737s] Level 1:colcon.colcon_core.package_identification:_identify(.) by extensions ['colcon_pkg']
[1.737s] Level 1:colcon.colcon_core.package_identification:_identify(.) by extension 'colcon_pkg'
[1.737s] Level 1:colcon.colcon_core.package_identification:_identify(.) by extensions ['colcon_meta']
[1.738s] Level 1:colcon.colcon_core.package_identification:_identify(.) by extension 'colcon_meta'
[1.738s] Level 1:colcon.colcon_core.package_identification:_identify(.) by extensions ['ros']
[1.738s] Level 1:colcon.colcon_core.package_identification:_identify(.) by extension 'ros'
[1.787s] Level 1:colcon.colcon_core.package_identification:_identify(.) by extensions ['cmake', 'python']
[1.787s] Level 1:colcon.colcon_core.package_identification:_identify(.) by extension 'cmake'
[1.787s] Level 1:colcon.colcon_core.package_identification:_identify(.) by extension 'python'
[1.787s] Level 1:colcon.colcon_core.package_identification:_identify(.) by extensions ['python_setup_py']
[1.787s] Level 1:colcon.colcon_core.package_identification:_identify(.) by extension 'python_setup_py'
[1.788s] Level 1:colcon.colcon_core.package_identification:_identify(build) by extensions ['ignore', 'ignore_ament_install']
[1.789s] Level 1:colcon.colcon_core.package_identification:_identify(build) by extension 'ignore'
[1.789s] Level 1:colcon.colcon_core.package_identification:_identify(build) ignored
[1.790s] Level 1:colcon.colcon_core.package_identification:_identify(config) by extensions ['ignore', 'ignore_ament_install']
[1.790s] Level 1:colcon.colcon_core.package_identification:_identify(config) by extension 'ignore'
[1.790s] Level 1:colcon.colcon_core.package_identification:_identify(config) by extension 'ignore_ament_install'
[1.790s] Level 1:colcon.colcon_core.package_identification:_identify(config) by extensions ['colcon_pkg']
[1.791s] Level 1:colcon.colcon_core.package_identification:_identify(config) by extension 'colcon_pkg'
[1.791s] Level 1:colcon.colcon_core.package_identification:_identify(config) by extensions ['colcon_meta']
[1.791s] Level 1:colcon.colcon_core.package_identification:_identify(config) by extension 'colcon_meta'
[1.791s] Level 1:colcon.colcon_core.package_identification:_identify(config) by extensions ['ros']
[1.791s] Level 1:colcon.colcon_core.package_identification:_identify(config) by extension 'ros'
[1.792s] Level 1:colcon.colcon_core.package_identification:_identify(config) by extensions ['cmake', 'python']
[1.792s] Level 1:colcon.colcon_core.package_identification:_identify(config) by extension 'cmake'
[1.792s] Level 1:colcon.colcon_core.package_identification:_identify(config) by extension 'python'
[1.792s] Level 1:colcon.colcon_core.package_identification:_identify(config) by extensions ['python_setup_py']
[1.792s] Level 1:colcon.colcon_core.package_identification:_identify(config) by extension 'python_setup_py'
[1.793s] Level 1:colcon.colcon_core.package_identification:_identify(install) by extensions ['ignore', 'ignore_ament_install']
[1.793s] Level 1:colcon.colcon_core.package_identification:_identify(install) by extension 'ignore'
[1.793s] Level 1:colcon.colcon_core.package_identification:_identify(install) ignored
[1.797s] Level 1:colcon.colcon_core.package_identification:_identify(log) by extensions ['ignore', 'ignore_ament_install']
[1.798s] Level 1:colcon.colcon_core.package_identification:_identify(log) by extension 'ignore'
[1.798s] Level 1:colcon.colcon_core.package_identification:_identify(log) ignored
[1.798s] Level 1:colcon.colcon_core.package_identification:_identify(src) by extensions ['ignore', 'ignore_ament_install']
[1.798s] Level 1:colcon.colcon_core.package_identification:_identify(src) by extension 'ignore'
[1.799s] Level 1:colcon.colcon_core.package_identification:_identify(src) by extension 'ignore_ament_install'
[1.799s] Level 1:colcon.colcon_core.package_identification:_identify(src) by extensions ['colcon_pkg']
[1.799s] Level 1:colcon.colcon_core.package_identification:_identify(src) by extension 'colcon_pkg'
[1.799s] Level 1:colcon.colcon_core.package_identification:_identify(src) by extensions ['colcon_meta']
[1.799s] Level 1:colcon.colcon_core.package_identification:_identify(src) by extension 'colcon_meta'
[1.800s] Level 1:colcon.colcon_core.package_identification:_identify(src) by extensions ['ros']
[1.800s] Level 1:colcon.colcon_core.package_identification:_identify(src) by extension 'ros'
[1.800s] Level 1:colcon.colcon_core.package_identification:_identify(src) by extensions ['cmake', 'python']
[1.800s] Level 1:colcon.colcon_core.package_identification:_identify(src) by extension 'cmake'
[1.800s] Level 1:colcon.colcon_core.package_identification:_identify(src) by extension 'python'
[1.801s] Level 1:colcon.colcon_core.package_identification:_identify(src) by extensions ['python_setup_py']
[1.801s] Level 1:colcon.colcon_core.package_identification:_identify(src) by extension 'python_setup_py'
[1.801s] Level 1:colcon.colcon_core.package_identification:_identify(src/data_transfer) by extensions ['ignore', 'ignore_ament_install']
[1.802s] Level 1:colcon.colcon_core.package_identification:_identify(src/data_transfer) by extension 'ignore'
[1.802s] Level 1:colcon.colcon_core.package_identification:_identify(src/data_transfer) by extension 'ignore_ament_install'
[1.802s] Level 1:colcon.colcon_core.package_identification:_identify(src/data_transfer) by extensions ['colcon_pkg']
[1.802s] Level 1:colcon.colcon_core.package_identification:_identify(src/data_transfer) by extension 'colcon_pkg'
[1.802s] Level 1:colcon.colcon_core.package_identification:_identify(src/data_transfer) by extensions ['colcon_meta']
[1.802s] Level 1:colcon.colcon_core.package_identification:_identify(src/data_transfer) by extension 'colcon_meta'
[1.803s] Level 1:colcon.colcon_core.package_identification:_identify(src/data_transfer) by extensions ['ros']
[1.803s] Level 1:colcon.colcon_core.package_identification:_identify(src/data_transfer) by extension 'ros'
[1.812s] DEBUG:colcon.colcon_core.package_identification:Package 'src/data_transfer' with type 'ros.ament_python' and name 'data_transfer'
[1.813s] Level 1:colcon.colcon_core.package_identification:_identify(src/locomotion) by extensions ['ignore', 'ignore_ament_install']
[1.813s] Level 1:colcon.colcon_core.package_identification:_identify(src/locomotion) by extension 'ignore'
[1.813s] Level 1:colcon.colcon_core.package_identification:_identify(src/locomotion) by extension 'ignore_ament_install'
[1.814s] Level 1:colcon.colcon_core.package_identification:_identify(src/locomotion) by extensions ['colcon_pkg']
[1.814s] Level 1:colcon.colcon_core.package_identification:_identify(src/locomotion) by extension 'colcon_pkg'
[1.814s] Level 1:colcon.colcon_core.package_identification:_identify(src/locomotion) by extensions ['colcon_meta']
[1.814s] Level 1:colcon.colcon_core.package_identification:_identify(src/locomotion) by extension 'colcon_meta'
[1.814s] Level 1:colcon.colcon_core.package_identification:_identify(src/locomotion) by extensions ['ros']
[1.815s] Level 1:colcon.colcon_core.package_identification:_identify(src/locomotion) by extension 'ros'
[1.817s] DEBUG:colcon.colcon_core.package_identification:Package 'src/locomotion' with type 'ros.ament_python' and name 'locomotion'
[1.817s] Level 1:colcon.colcon_core.package_identification:_identify(src/spider_interfaces) by extensions ['ignore', 'ignore_ament_install']
[1.818s] Level 1:colcon.colcon_core.package_identification:_identify(src/spider_interfaces) by extension 'ignore'
[1.818s] Level 1:colcon.colcon_core.package_identification:_identify(src/spider_interfaces) by extension 'ignore_ament_install'
[1.818s] Level 1:colcon.colcon_core.package_identification:_identify(src/spider_interfaces) by extensions ['colcon_pkg']
[1.818s] Level 1:colcon.colcon_core.package_identification:_identify(src/spider_interfaces) by extension 'colcon_pkg'
[1.819s] Level 1:colcon.colcon_core.package_identification:_identify(src/spider_interfaces) by extensions ['colcon_meta']
[1.819s] Level 1:colcon.colcon_core.package_identification:_identify(src/spider_interfaces) by extension 'colcon_meta'
[1.819s] Level 1:colcon.colcon_core.package_identification:_identify(src/spider_interfaces) by extensions ['ros']
[1.819s] Level 1:colcon.colcon_core.package_identification:_identify(src/spider_interfaces) by extension 'ros'
[1.821s] DEBUG:colcon.colcon_core.package_identification:Package 'src/spider_interfaces' with type 'ros.ament_cmake' and name 'spider_interfaces'
[1.822s] Level 1:colcon.colcon_core.package_identification:_identify(src/spider_nav) by extensions ['ignore', 'ignore_ament_install']
[1.822s] Level 1:colcon.colcon_core.package_identification:_identify(src/spider_nav) by extension 'ignore'
[1.822s] Level 1:colcon.colcon_core.package_identification:_identify(src/spider_nav) by extension 'ignore_ament_install'
[1.823s] Level 1:colcon.colcon_core.package_identification:_identify(src/spider_nav) by extensions ['colcon_pkg']
[1.823s] Level 1:colcon.colcon_core.package_identification:_identify(src/spider_nav) by extension 'colcon_pkg'
[1.823s] Level 1:colcon.colcon_core.package_identification:_identify(src/spider_nav) by extensions ['colcon_meta']
[1.823s] Level 1:colcon.colcon_core.package_identification:_identify(src/spider_nav) by extension 'colcon_meta'
[1.823s] Level 1:colcon.colcon_core.package_identification:_identify(src/spider_nav) by extensions ['ros']
[1.823s] Level 1:colcon.colcon_core.package_identification:_identify(src/spider_nav) by extension 'ros'
[1.828s] DEBUG:colcon.colcon_core.package_identification:Package 'src/spider_nav' with type 'ros.ament_python' and name 'spider_nav'
[1.828s] Level 1:colcon.colcon_core.package_discovery:discover_packages(recursive) using defaults
[1.828s] Level 1:colcon.colcon_core.package_discovery:discover_packages(ignore) discover
[1.828s] Level 1:colcon.colcon_core.package_discovery:discover_packages(ignore) using defaults
[1.828s] Level 1:colcon.colcon_core.package_discovery:discover_packages(path) discover
[1.829s] Level 1:colcon.colcon_core.package_discovery:discover_packages(path) using defaults
[1.900s] Level 1:colcon.colcon_core.package_discovery:discover_packages(prefix_path) check parameters
[1.900s] Level 1:colcon.colcon_core.package_discovery:discover_packages(prefix_path) discover
[1.911s] DEBUG:colcon.colcon_installed_package_information.package_discovery:Found 7 installed packages in /home/dfolse/repos/SPIDER/SPIDER_ws/install
[1.921s] DEBUG:colcon.colcon_installed_package_information.package_discovery:Found 308 installed packages in /opt/ros/foxy
[1.971s] Level 1:colcon.colcon_core.package_discovery:discover_packages(prefix_path) using defaults
[2.380s] Level 5:colcon.colcon_core.verb:set package 'spider_interfaces' build argument 'cmake_args' from command line to 'None'
[2.380s] Level 5:colcon.colcon_core.verb:set package 'spider_interfaces' build argument 'cmake_target' from command line to 'None'
[2.380s] Level 5:colcon.colcon_core.verb:set package 'spider_interfaces' build argument 'cmake_target_skip_unavailable' from command line to 'False'
[2.380s] Level 5:colcon.colcon_core.verb:set package 'spider_interfaces' build argument 'cmake_clean_cache' from command line to 'False'
[2.380s] Level 5:colcon.colcon_core.verb:set package 'spider_interfaces' build argument 'cmake_clean_first' from command line to 'False'
[2.381s] Level 5:colcon.colcon_core.verb:set package 'spider_interfaces' build argument 'cmake_force_configure' from command line to 'False'
[2.381s] Level 5:colcon.colcon_core.verb:set package 'spider_interfaces' build argument 'ament_cmake_args' from command line to 'None'
[2.381s] Level 5:colcon.colcon_core.verb:set package 'spider_interfaces' build argument 'catkin_cmake_args' from command line to 'None'
[2.381s] Level 5:colcon.colcon_core.verb:set package 'spider_interfaces' build argument 'catkin_skip_building_tests' from command line to 'False'
[2.381s] DEBUG:colcon.colcon_core.verb:Building package 'spider_interfaces' with the following arguments: {'ament_cmake_args': None, 'build_base': '/home/dfolse/repos/SPIDER/SPIDER_ws/build/spider_interfaces', 'catkin_cmake_args': None, 'catkin_skip_building_tests': False, 'cmake_args': None, 'cmake_clean_cache': False, 'cmake_clean_first': False, 'cmake_force_configure': False, 'cmake_target': None, 'cmake_target_skip_unavailable': False, 'install_base': '/home/dfolse/repos/SPIDER/SPIDER_ws/install/spider_interfaces', 'merge_install': False, 'path': '/home/dfolse/repos/SPIDER/SPIDER_ws/src/spider_interfaces', 'symlink_install': True, 'test_result_base': None}
[2.383s] Level 5:colcon.colcon_core.verb:set package 'locomotion' build argument 'cmake_args' from command line to 'None'
[2.383s] Level 5:colcon.colcon_core.verb:set package 'locomotion' build argument 'cmake_target' from command line to 'None'
[2.383s] Level 5:colcon.colcon_core.verb:set package 'locomotion' build argument 'cmake_target_skip_unavailable' from command line to 'False'
[2.383s] Level 5:colcon.colcon_core.verb:set package 'locomotion' build argument 'cmake_clean_cache' from command line to 'False'
[2.383s] Level 5:colcon.colcon_core.verb:set package 'locomotion' build argument 'cmake_clean_first' from command line to 'False'
[2.383s] Level 5:colcon.colcon_core.verb:set package 'locomotion' build argument 'cmake_force_configure' from command line to 'False'
[2.384s] Level 5:colcon.colcon_core.verb:set package 'locomotion' build argument 'ament_cmake_args' from command line to 'None'
[2.384s] Level 5:colcon.colcon_core.verb:set package 'locomotion' build argument 'catkin_cmake_args' from command line to 'None'
[2.384s] Level 5:colcon.colcon_core.verb:set package 'locomotion' build argument 'catkin_skip_building_tests' from command line to 'False'
[2.384s] DEBUG:colcon.colcon_core.verb:Building package 'locomotion' with the following arguments: {'ament_cmake_args': None, 'build_base': '/home/dfolse/repos/SPIDER/SPIDER_ws/build/locomotion', 'catkin_cmake_args': None, 'catkin_skip_building_tests': False, 'cmake_args': None, 'cmake_clean_cache': False, 'cmake_clean_first': False, 'cmake_force_configure': False, 'cmake_target': None, 'cmake_target_skip_unavailable': False, 'install_base': '/home/dfolse/repos/SPIDER/SPIDER_ws/install/locomotion', 'merge_install': False, 'path': '/home/dfolse/repos/SPIDER/SPIDER_ws/src/locomotion', 'symlink_install': True, 'test_result_base': None}
[2.386s] Level 5:colcon.colcon_core.verb:set package 'spider_nav' build argument 'cmake_args' from command line to 'None'
[2.386s] Level 5:colcon.colcon_core.verb:set package 'spider_nav' build argument 'cmake_target' from command line to 'None'
[2.386s] Level 5:colcon.colcon_core.verb:set package 'spider_nav' build argument 'cmake_target_skip_unavailable' from command line to 'False'
[2.386s] Level 5:colcon.colcon_core.verb:set package 'spider_nav' build argument 'cmake_clean_cache' from command line to 'False'
[2.386s] Level 5:colcon.colcon_core.verb:set package 'spider_nav' build argument 'cmake_clean_first' from command line to 'False'
[2.386s] Level 5:colcon.colcon_core.verb:set package 'spider_nav' build argument 'cmake_force_configure' from command line to 'False'
[2.386s] Level 5:colcon.colcon_core.verb:set package 'spider_nav' build argument 'ament_cmake_args' from command line to 'None'
[2.386s] Level 5:colcon.colcon_core.verb:set package 'spider_nav' build argument 'catkin_cmake_args' from command line to 'None'
[2.387s] Level 5:colcon.colcon_core.verb:set package 'spider_nav' build argument 'catkin_skip_building_tests' from command line to 'False'
[2.387s] DEBUG:colcon.colcon_core.verb:Building package 'spider_nav' with the following arguments: {'ament_cmake_args': None, 'build_base': '/home/dfolse/repos/SPIDER/SPIDER_ws/build/spider_nav', 'catkin_cmake_args': None, 'catkin_skip_building_tests': False, 'cmake_args': None, 'cmake_clean_cache': False, 'cmake_clean_first': False, 'cmake_force_configure': False, 'cmake_target': None, 'cmake_target_skip_unavailable': False, 'install_base': '/home/dfolse/repos/SPIDER/SPIDER_ws/install/spider_nav', 'merge_install': False, 'path': '/home/dfolse/repos/SPIDER/SPIDER_ws/src/spider_nav', 'symlink_install': True, 'test_result_base': None}
[2.388s] Level 5:colcon.colcon_core.verb:set package 'data_transfer' build argument 'cmake_args' from command line to 'None'
[2.389s] Level 5:colcon.colcon_core.verb:set package 'data_transfer' build argument 'cmake_target' from command line to 'None'
[2.389s] Level 5:colcon.colcon_core.verb:set package 'data_transfer' build argument 'cmake_target_skip_unavailable' from command line to 'False'
[2.389s] Level 5:colcon.colcon_core.verb:set package 'data_transfer' build argument 'cmake_clean_cache' from command line to 'False'
[2.389s] Level 5:colcon.colcon_core.verb:set package 'data_transfer' build argument 'cmake_clean_first' from command line to 'False'
[2.389s] Level 5:colcon.colcon_core.verb:set package 'data_transfer' build argument 'cmake_force_configure' from command line to 'False'
[2.389s] Level 5:colcon.colcon_core.verb:set package 'data_transfer' build argument 'ament_cmake_args' from command line to 'None'
[2.389s] Level 5:colcon.colcon_core.verb:set package 'data_transfer' build argument 'catkin_cmake_args' from command line to 'None'
[2.389s] Level 5:colcon.colcon_core.verb:set package 'data_transfer' build argument 'catkin_skip_building_tests' from command line to 'False'
[2.390s] DEBUG:colcon.colcon_core.verb:Building package 'data_transfer' with the following arguments: {'ament_cmake_args': None, 'build_base': '/home/dfolse/repos/SPIDER/SPIDER_ws/build/data_transfer', 'catkin_cmake_args': None, 'catkin_skip_building_tests': False, 'cmake_args': None, 'cmake_clean_cache': False, 'cmake_clean_first': False, 'cmake_force_configure': False, 'cmake_target': None, 'cmake_target_skip_unavailable': False, 'install_base': '/home/dfolse/repos/SPIDER/SPIDER_ws/install/data_transfer', 'merge_install': False, 'path': '/home/dfolse/repos/SPIDER/SPIDER_ws/src/data_transfer', 'symlink_install': True, 'test_result_base': None}
[2.390s] INFO:colcon.colcon_core.executor:Executing jobs using 'parallel' executor
[2.394s] DEBUG:colcon.colcon_parallel_executor.executor.parallel:run_until_complete
[2.395s] INFO:colcon.colcon_ros.task.ament_cmake.build:Building ROS package in '/home/dfolse/repos/SPIDER/SPIDER_ws/src/spider_interfaces' with build type 'ament_cmake'
[2.396s] INFO:colcon.colcon_cmake.task.cmake.build:Building CMake package in '/home/dfolse/repos/SPIDER/SPIDER_ws/src/spider_interfaces'
[2.406s] INFO:colcon.colcon_core.plugin_system:Skipping extension 'colcon_core.shell.bat': Not used on non-Windows systems
[2.407s] INFO:colcon.colcon_core.shell:Skip shell extension 'powershell' for command environment: Not usable outside of PowerShell
[2.407s] DEBUG:colcon.colcon_core.shell:Skip shell extension 'dsv' for command environment
[2.455s] DEBUG:colcon.colcon_core.event_handler.log_command:Invoking command in '/home/dfolse/repos/SPIDER/SPIDER_ws/build/spider_interfaces': CMAKE_PREFIX_PATH=${CMAKE_PREFIX_PATH}:/home/dfolse/repos/SPIDER/SPIDER_ws/install/data_transfer:/home/dfolse/repos/SPIDER/SPIDER_ws/install/spider_nav:/home/dfolse/repos/SPIDER/SPIDER_ws/install/locomotion:/home/dfolse/repos/SPIDER/SPIDER_ws/install/oak_d_lite:/home/dfolse/repos/SPIDER/SPIDER_ws/install/nav2_gps_waypoint_follower_demo:/opt/ros/foxy /usr/bin/cmake --build /home/dfolse/repos/SPIDER/SPIDER_ws/build/spider_interfaces -- -j4 -l4
[3.627s] DEBUG:colcon.colcon_core.event_handler.log_command:Invoked command in '/home/dfolse/repos/SPIDER/SPIDER_ws/build/spider_interfaces' returned '0': CMAKE_PREFIX_PATH=${CMAKE_PREFIX_PATH}:/home/dfolse/repos/SPIDER/SPIDER_ws/install/data_transfer:/home/dfolse/repos/SPIDER/SPIDER_ws/install/spider_nav:/home/dfolse/repos/SPIDER/SPIDER_ws/install/locomotion:/home/dfolse/repos/SPIDER/SPIDER_ws/install/oak_d_lite:/home/dfolse/repos/SPIDER/SPIDER_ws/install/nav2_gps_waypoint_follower_demo:/opt/ros/foxy /usr/bin/cmake --build /home/dfolse/repos/SPIDER/SPIDER_ws/build/spider_interfaces -- -j4 -l4
[4.132s] DEBUG:colcon.colcon_core.event_handler.log_command:Invoking command in '/home/dfolse/repos/SPIDER/SPIDER_ws/build/spider_interfaces': CMAKE_PREFIX_PATH=${CMAKE_PREFIX_PATH}:/home/dfolse/repos/SPIDER/SPIDER_ws/install/data_transfer:/home/dfolse/repos/SPIDER/SPIDER_ws/install/spider_nav:/home/dfolse/repos/SPIDER/SPIDER_ws/install/locomotion:/home/dfolse/repos/SPIDER/SPIDER_ws/install/oak_d_lite:/home/dfolse/repos/SPIDER/SPIDER_ws/install/nav2_gps_waypoint_follower_demo:/opt/ros/foxy /usr/bin/cmake --install /home/dfolse/repos/SPIDER/SPIDER_ws/build/spider_interfaces
[4.567s] Level 1:colcon.colcon_core.environment:create_environment_scripts_only(spider_interfaces)
[4.569s] DEBUG:colcon.colcon_core.event_handler.log_command:Invoked command in '/home/dfolse/repos/SPIDER/SPIDER_ws/build/spider_interfaces' returned '0': CMAKE_PREFIX_PATH=${CMAKE_PREFIX_PATH}:/home/dfolse/repos/SPIDER/SPIDER_ws/install/data_transfer:/home/dfolse/repos/SPIDER/SPIDER_ws/install/spider_nav:/home/dfolse/repos/SPIDER/SPIDER_ws/install/locomotion:/home/dfolse/repos/SPIDER/SPIDER_ws/install/oak_d_lite:/home/dfolse/repos/SPIDER/SPIDER_ws/install/nav2_gps_waypoint_follower_demo:/opt/ros/foxy /usr/bin/cmake --install /home/dfolse/repos/SPIDER/SPIDER_ws/build/spider_interfaces
[4.585s] Level 1:colcon.colcon_core.environment:checking '/home/dfolse/repos/SPIDER/SPIDER_ws/install/spider_interfaces' for CMake module files
[4.589s] Level 1:colcon.colcon_core.environment:checking '/home/dfolse/repos/SPIDER/SPIDER_ws/install/spider_interfaces' for CMake config files
[4.598s] Level 1:colcon.colcon_core.shell:create_environment_hook('spider_interfaces', 'cmake_prefix_path')
[4.599s] INFO:colcon.colcon_core.shell:Creating environment hook '/home/dfolse/repos/SPIDER/SPIDER_ws/install/spider_interfaces/share/spider_interfaces/hook/cmake_prefix_path.ps1'
[4.601s] INFO:colcon.colcon_core.shell:Creating environment descriptor '/home/dfolse/repos/SPIDER/SPIDER_ws/install/spider_interfaces/share/spider_interfaces/hook/cmake_prefix_path.dsv'
[4.604s] INFO:colcon.colcon_core.shell:Creating environment hook '/home/dfolse/repos/SPIDER/SPIDER_ws/install/spider_interfaces/share/spider_interfaces/hook/cmake_prefix_path.sh'
[4.608s] Level 1:colcon.colcon_core.environment:checking '/home/dfolse/repos/SPIDER/SPIDER_ws/install/spider_interfaces/lib'
[4.609s] Level 1:colcon.colcon_core.shell:create_environment_hook('spider_interfaces', 'ld_library_path_lib')
[4.610s] INFO:colcon.colcon_core.shell:Creating environment hook '/home/dfolse/repos/SPIDER/SPIDER_ws/install/spider_interfaces/share/spider_interfaces/hook/ld_library_path_lib.ps1'
[4.612s] INFO:colcon.colcon_core.shell:Creating environment descriptor '/home/dfolse/repos/SPIDER/SPIDER_ws/install/spider_interfaces/share/spider_interfaces/hook/ld_library_path_lib.dsv'
[4.614s] INFO:colcon.colcon_core.shell:Creating environment hook '/home/dfolse/repos/SPIDER/SPIDER_ws/install/spider_interfaces/share/spider_interfaces/hook/ld_library_path_lib.sh'
[4.615s] Level 1:colcon.colcon_core.environment:checking '/home/dfolse/repos/SPIDER/SPIDER_ws/install/spider_interfaces/bin'
[4.616s] Level 1:colcon.colcon_core.environment:checking '/home/dfolse/repos/SPIDER/SPIDER_ws/install/spider_interfaces/lib/pkgconfig/spider_interfaces.pc'
[4.617s] Level 1:colcon.colcon_core.environment:checking '/home/dfolse/repos/SPIDER/SPIDER_ws/install/spider_interfaces/lib/python3.8/site-packages'
[4.617s] Level 1:colcon.colcon_core.shell:create_environment_hook('spider_interfaces', 'pythonpath')
[4.618s] INFO:colcon.colcon_core.shell:Creating environment hook '/home/dfolse/repos/SPIDER/SPIDER_ws/install/spider_interfaces/share/spider_interfaces/hook/pythonpath.ps1'
[4.620s] INFO:colcon.colcon_core.shell:Creating environment descriptor '/home/dfolse/repos/SPIDER/SPIDER_ws/install/spider_interfaces/share/spider_interfaces/hook/pythonpath.dsv'
[4.621s] INFO:colcon.colcon_core.shell:Creating environment hook '/home/dfolse/repos/SPIDER/SPIDER_ws/install/spider_interfaces/share/spider_interfaces/hook/pythonpath.sh'
[4.624s] Level 1:colcon.colcon_core.environment:checking '/home/dfolse/repos/SPIDER/SPIDER_ws/install/spider_interfaces/bin'
[4.626s] INFO:colcon.colcon_core.shell:Creating package script '/home/dfolse/repos/SPIDER/SPIDER_ws/install/spider_interfaces/share/spider_interfaces/package.ps1'
[4.629s] INFO:colcon.colcon_core.shell:Creating package descriptor '/home/dfolse/repos/SPIDER/SPIDER_ws/install/spider_interfaces/share/spider_interfaces/package.dsv'
[4.632s] INFO:colcon.colcon_core.shell:Creating package script '/home/dfolse/repos/SPIDER/SPIDER_ws/install/spider_interfaces/share/spider_interfaces/package.sh'
[4.635s] INFO:colcon.colcon_core.shell:Creating package script '/home/dfolse/repos/SPIDER/SPIDER_ws/install/spider_interfaces/share/spider_interfaces/package.bash'
[4.639s] INFO:colcon.colcon_core.shell:Creating package script '/home/dfolse/repos/SPIDER/SPIDER_ws/install/spider_interfaces/share/spider_interfaces/package.zsh'
[4.642s] Level 1:colcon.colcon_core.environment:create_file_with_runtime_dependencies(/home/dfolse/repos/SPIDER/SPIDER_ws/install/spider_interfaces/share/colcon-core/packages/spider_interfaces)
[5.099s] Level 1:colcon.colcon_core.environment:create_environment_scripts_only(spider_interfaces)
[5.100s] Level 1:colcon.colcon_core.environment:checking '/home/dfolse/repos/SPIDER/SPIDER_ws/install/spider_interfaces' for CMake module files
[5.106s] Level 1:colcon.colcon_core.environment:checking '/home/dfolse/repos/SPIDER/SPIDER_ws/install/spider_interfaces' for CMake config files
[5.117s] Level 1:colcon.colcon_core.shell:create_environment_hook('spider_interfaces', 'cmake_prefix_path')
[5.118s] INFO:colcon.colcon_core.shell:Creating environment hook '/home/dfolse/repos/SPIDER/SPIDER_ws/install/spider_interfaces/share/spider_interfaces/hook/cmake_prefix_path.ps1'
[5.120s] INFO:colcon.colcon_core.shell:Creating environment descriptor '/home/dfolse/repos/SPIDER/SPIDER_ws/install/spider_interfaces/share/spider_interfaces/hook/cmake_prefix_path.dsv'
[5.122s] INFO:colcon.colcon_core.shell:Creating environment hook '/home/dfolse/repos/SPIDER/SPIDER_ws/install/spider_interfaces/share/spider_interfaces/hook/cmake_prefix_path.sh'
[5.124s] Level 1:colcon.colcon_core.environment:checking '/home/dfolse/repos/SPIDER/SPIDER_ws/install/spider_interfaces/lib'
[5.125s] Level 1:colcon.colcon_core.shell:create_environment_hook('spider_interfaces', 'ld_library_path_lib')
[5.126s] INFO:colcon.colcon_core.shell:Creating environment hook '/home/dfolse/repos/SPIDER/SPIDER_ws/install/spider_interfaces/share/spider_interfaces/hook/ld_library_path_lib.ps1'
[5.128s] INFO:colcon.colcon_core.shell:Creating environment descriptor '/home/dfolse/repos/SPIDER/SPIDER_ws/install/spider_interfaces/share/spider_interfaces/hook/ld_library_path_lib.dsv'
[5.130s] INFO:colcon.colcon_core.shell:Creating environment hook '/home/dfolse/repos/SPIDER/SPIDER_ws/install/spider_interfaces/share/spider_interfaces/hook/ld_library_path_lib.sh'
[5.131s] Level 1:colcon.colcon_core.environment:checking '/home/dfolse/repos/SPIDER/SPIDER_ws/install/spider_interfaces/bin'
[5.132s] Level 1:colcon.colcon_core.environment:checking '/home/dfolse/repos/SPIDER/SPIDER_ws/install/spider_interfaces/lib/pkgconfig/spider_interfaces.pc'
[5.133s] Level 1:colcon.colcon_core.environment:checking '/home/dfolse/repos/SPIDER/SPIDER_ws/install/spider_interfaces/lib/python3.8/site-packages'
[5.133s] Level 1:colcon.colcon_core.shell:create_environment_hook('spider_interfaces', 'pythonpath')
[5.134s] INFO:colcon.colcon_core.shell:Creating environment hook '/home/dfolse/repos/SPIDER/SPIDER_ws/install/spider_interfaces/share/spider_interfaces/hook/pythonpath.ps1'
[5.136s] INFO:colcon.colcon_core.shell:Creating environment descriptor '/home/dfolse/repos/SPIDER/SPIDER_ws/install/spider_interfaces/share/spider_interfaces/hook/pythonpath.dsv'
[5.138s] INFO:colcon.colcon_core.shell:Creating environment hook '/home/dfolse/repos/SPIDER/SPIDER_ws/install/spider_interfaces/share/spider_interfaces/hook/pythonpath.sh'
[5.140s] Level 1:colcon.colcon_core.environment:checking '/home/dfolse/repos/SPIDER/SPIDER_ws/install/spider_interfaces/bin'
[5.142s] INFO:colcon.colcon_core.shell:Creating package script '/home/dfolse/repos/SPIDER/SPIDER_ws/install/spider_interfaces/share/spider_interfaces/package.ps1'
[5.145s] INFO:colcon.colcon_core.shell:Creating package descriptor '/home/dfolse/repos/SPIDER/SPIDER_ws/install/spider_interfaces/share/spider_interfaces/package.dsv'
[5.148s] INFO:colcon.colcon_core.shell:Creating package script '/home/dfolse/repos/SPIDER/SPIDER_ws/install/spider_interfaces/share/spider_interfaces/package.sh'
[5.150s] INFO:colcon.colcon_core.shell:Creating package script '/home/dfolse/repos/SPIDER/SPIDER_ws/install/spider_interfaces/share/spider_interfaces/package.bash'
[5.152s] INFO:colcon.colcon_core.shell:Creating package script '/home/dfolse/repos/SPIDER/SPIDER_ws/install/spider_interfaces/share/spider_interfaces/package.zsh'
[5.154s] Level 1:colcon.colcon_core.environment:create_file_with_runtime_dependencies(/home/dfolse/repos/SPIDER/SPIDER_ws/install/spider_interfaces/share/colcon-core/packages/spider_interfaces)
[5.156s] INFO:colcon.colcon_ros.task.ament_python.build:Building ROS package in '/home/dfolse/repos/SPIDER/SPIDER_ws/src/locomotion' with build type 'ament_python'
[5.157s] Level 1:colcon.colcon_core.shell:create_environment_hook('locomotion', 'ament_prefix_path')
[5.158s] INFO:colcon.colcon_core.shell:Creating environment hook '/home/dfolse/repos/SPIDER/SPIDER_ws/install/locomotion/share/locomotion/hook/ament_prefix_path.ps1'
[5.161s] INFO:colcon.colcon_core.shell:Creating environment descriptor '/home/dfolse/repos/SPIDER/SPIDER_ws/install/locomotion/share/locomotion/hook/ament_prefix_path.dsv'
[5.163s] INFO:colcon.colcon_core.shell:Creating environment hook '/home/dfolse/repos/SPIDER/SPIDER_ws/install/locomotion/share/locomotion/hook/ament_prefix_path.sh'
[5.166s] INFO:colcon.colcon_core.shell:Skip shell extension 'powershell' for command environment: Not usable outside of PowerShell
[5.167s] DEBUG:colcon.colcon_core.shell:Skip shell extension 'dsv' for command environment
[6.337s] INFO:colcon.colcon_core.task.python.build:Building Python package in '/home/dfolse/repos/SPIDER/SPIDER_ws/src/locomotion'
[6.339s] INFO:colcon.colcon_core.shell:Skip shell extension 'powershell' for command environment: Not usable outside of PowerShell
[6.339s] DEBUG:colcon.colcon_core.shell:Skip shell extension 'dsv' for command environment
[8.209s] DEBUG:colcon.colcon_core.event_handler.log_command:Invoking command in '/home/dfolse/repos/SPIDER/SPIDER_ws/build/locomotion': PYTHONPATH=/home/dfolse/repos/SPIDER/SPIDER_ws/build/locomotion/prefix_override:/home/dfolse/repos/SPIDER/SPIDER_ws/install/locomotion/lib/python3.8/site-packages:/home/dfolse/repos/SPIDER/SPIDER_ws/install/spider_interfaces/lib/python3.8/site-packages:/home/dfolse/repos/SPIDER/SPIDER_ws/build/data_transfer:/home/dfolse/repos/SPIDER/SPIDER_ws/install/data_transfer/lib/python3.8/site-packages:/home/dfolse/repos/SPIDER/SPIDER_ws/build/spider_nav:/home/dfolse/repos/SPIDER/SPIDER_ws/install/spider_nav/lib/python3.8/site-packages:/home/dfolse/repos/SPIDER/SPIDER_ws/build/locomotion:/home/dfolse/repos/SPIDER/SPIDER_ws/install/locomotion/lib/python3.8/site-packages:/home/dfolse/repos/SPIDER/SPIDER_ws/install/oak_d_lite/lib/python3.8/site-packages:/home/dfolse/repos/SPIDER/SPIDER_ws/install/nav2_gps_waypoint_follower_demo/lib/python3.8/site-packages:/opt/ros/foxy/lib/python3.8/site-packages /usr/bin/python3 -W ignore:setup.py install is deprecated setup.py develop --editable --build-directory /home/dfolse/repos/SPIDER/SPIDER_ws/build/locomotion/build --no-deps symlink_data
[10.580s] Level 1:colcon.colcon_core.shell:create_environment_hook('locomotion', 'pythonpath_develop')
[10.581s] INFO:colcon.colcon_core.shell:Creating environment hook '/home/dfolse/repos/SPIDER/SPIDER_ws/build/locomotion/share/locomotion/hook/pythonpath_develop.ps1'
[10.582s] DEBUG:colcon.colcon_core.event_handler.log_command:Invoked command in '/home/dfolse/repos/SPIDER/SPIDER_ws/build/locomotion' returned '0': PYTHONPATH=/home/dfolse/repos/SPIDER/SPIDER_ws/build/locomotion/prefix_override:/home/dfolse/repos/SPIDER/SPIDER_ws/install/locomotion/lib/python3.8/site-packages:/home/dfolse/repos/SPIDER/SPIDER_ws/install/spider_interfaces/lib/python3.8/site-packages:/home/dfolse/repos/SPIDER/SPIDER_ws/build/data_transfer:/home/dfolse/repos/SPIDER/SPIDER_ws/install/data_transfer/lib/python3.8/site-packages:/home/dfolse/repos/SPIDER/SPIDER_ws/build/spider_nav:/home/dfolse/repos/SPIDER/SPIDER_ws/install/spider_nav/lib/python3.8/site-packages:/home/dfolse/repos/SPIDER/SPIDER_ws/build/locomotion:/home/dfolse/repos/SPIDER/SPIDER_ws/install/locomotion/lib/python3.8/site-packages:/home/dfolse/repos/SPIDER/SPIDER_ws/install/oak_d_lite/lib/python3.8/site-packages:/home/dfolse/repos/SPIDER/SPIDER_ws/install/nav2_gps_waypoint_follower_demo/lib/python3.8/site-packages:/opt/ros/foxy/lib/python3.8/site-packages /usr/bin/python3 -W ignore:setup.py install is deprecated setup.py develop --editable --build-directory /home/dfolse/repos/SPIDER/SPIDER_ws/build/locomotion/build --no-deps symlink_data
[10.584s] INFO:colcon.colcon_core.shell:Creating environment descriptor '/home/dfolse/repos/SPIDER/SPIDER_ws/build/locomotion/share/locomotion/hook/pythonpath_develop.dsv'
[10.586s] INFO:colcon.colcon_core.shell:Creating environment hook '/home/dfolse/repos/SPIDER/SPIDER_ws/build/locomotion/share/locomotion/hook/pythonpath_develop.sh'
[10.589s] Level 1:colcon.colcon_core.environment:checking '/home/dfolse/repos/SPIDER/SPIDER_ws/install/locomotion' for CMake module files
[10.592s] Level 1:colcon.colcon_core.environment:checking '/home/dfolse/repos/SPIDER/SPIDER_ws/install/locomotion' for CMake config files
[10.596s] Level 1:colcon.colcon_core.environment:checking '/home/dfolse/repos/SPIDER/SPIDER_ws/install/locomotion/lib'
[10.596s] Level 1:colcon.colcon_core.environment:checking '/home/dfolse/repos/SPIDER/SPIDER_ws/install/locomotion/bin'
[10.597s] Level 1:colcon.colcon_core.environment:checking '/home/dfolse/repos/SPIDER/SPIDER_ws/install/locomotion/lib/pkgconfig/locomotion.pc'
[10.598s] Level 1:colcon.colcon_core.environment:checking '/home/dfolse/repos/SPIDER/SPIDER_ws/install/locomotion/lib/python3.8/site-packages'
[10.598s] Level 1:colcon.colcon_core.shell:create_environment_hook('locomotion', 'pythonpath')
[10.599s] INFO:colcon.colcon_core.shell:Creating environment hook '/home/dfolse/repos/SPIDER/SPIDER_ws/install/locomotion/share/locomotion/hook/pythonpath.ps1'
[10.601s] INFO:colcon.colcon_core.shell:Creating environment descriptor '/home/dfolse/repos/SPIDER/SPIDER_ws/install/locomotion/share/locomotion/hook/pythonpath.dsv'
[10.603s] INFO:colcon.colcon_core.shell:Creating environment hook '/home/dfolse/repos/SPIDER/SPIDER_ws/install/locomotion/share/locomotion/hook/pythonpath.sh'
[10.605s] Level 1:colcon.colcon_core.environment:checking '/home/dfolse/repos/SPIDER/SPIDER_ws/install/locomotion/bin'
[10.606s] Level 1:colcon.colcon_core.environment:create_environment_scripts_only(locomotion)
[10.607s] INFO:colcon.colcon_core.shell:Creating package script '/home/dfolse/repos/SPIDER/SPIDER_ws/install/locomotion/share/locomotion/package.ps1'
[10.610s] INFO:colcon.colcon_core.shell:Creating package descriptor '/home/dfolse/repos/SPIDER/SPIDER_ws/install/locomotion/share/locomotion/package.dsv'
[10.612s] INFO:colcon.colcon_core.shell:Creating package script '/home/dfolse/repos/SPIDER/SPIDER_ws/install/locomotion/share/locomotion/package.sh'
[10.615s] INFO:colcon.colcon_core.shell:Creating package script '/home/dfolse/repos/SPIDER/SPIDER_ws/install/locomotion/share/locomotion/package.bash'
[10.616s] INFO:colcon.colcon_core.shell:Creating package script '/home/dfolse/repos/SPIDER/SPIDER_ws/install/locomotion/share/locomotion/package.zsh'
[10.618s] Level 1:colcon.colcon_core.environment:create_file_with_runtime_dependencies(/home/dfolse/repos/SPIDER/SPIDER_ws/install/locomotion/share/colcon-core/packages/locomotion)
[10.620s] INFO:colcon.colcon_ros.task.ament_python.build:Building ROS package in '/home/dfolse/repos/SPIDER/SPIDER_ws/src/spider_nav' with build type 'ament_python'
[10.621s] Level 1:colcon.colcon_core.shell:create_environment_hook('spider_nav', 'ament_prefix_path')
[10.622s] INFO:colcon.colcon_core.shell:Creating environment hook '/home/dfolse/repos/SPIDER/SPIDER_ws/install/spider_nav/share/spider_nav/hook/ament_prefix_path.ps1'
[10.625s] INFO:colcon.colcon_core.shell:Creating environment descriptor '/home/dfolse/repos/SPIDER/SPIDER_ws/install/spider_nav/share/spider_nav/hook/ament_prefix_path.dsv'
[10.627s] INFO:colcon.colcon_core.shell:Creating environment hook '/home/dfolse/repos/SPIDER/SPIDER_ws/install/spider_nav/share/spider_nav/hook/ament_prefix_path.sh'
[10.630s] INFO:colcon.colcon_core.shell:Skip shell extension 'powershell' for command environment: Not usable outside of PowerShell
[10.630s] DEBUG:colcon.colcon_core.shell:Skip shell extension 'dsv' for command environment
[11.804s] INFO:colcon.colcon_core.task.python.build:Building Python package in '/home/dfolse/repos/SPIDER/SPIDER_ws/src/spider_nav'
[11.806s] INFO:colcon.colcon_core.shell:Skip shell extension 'powershell' for command environment: Not usable outside of PowerShell
[11.806s] DEBUG:colcon.colcon_core.shell:Skip shell extension 'dsv' for command environment
[13.699s] DEBUG:colcon.colcon_core.event_handler.log_command:Invoking command in '/home/dfolse/repos/SPIDER/SPIDER_ws/build/spider_nav': AMENT_PREFIX_PATH=/home/dfolse/repos/SPIDER/SPIDER_ws/install/locomotion:/home/dfolse/repos/SPIDER/SPIDER_ws/install/data_transfer:/home/dfolse/repos/SPIDER/SPIDER_ws/install/spider_nav:/home/dfolse/repos/SPIDER/SPIDER_ws/install/spider_interfaces:/home/dfolse/repos/SPIDER/SPIDER_ws/install/spider_description:/home/dfolse/repos/SPIDER/SPIDER_ws/install/oak_d_lite:/home/dfolse/repos/SPIDER/SPIDER_ws/install/nav2_gps_waypoint_follower_demo:/opt/ros/foxy PYTHONPATH=/home/dfolse/repos/SPIDER/SPIDER_ws/build/spider_nav/prefix_override:/home/dfolse/repos/SPIDER/SPIDER_ws/install/spider_nav/lib/python3.8/site-packages:/home/dfolse/repos/SPIDER/SPIDER_ws/build/locomotion:/home/dfolse/repos/SPIDER/SPIDER_ws/install/locomotion/lib/python3.8/site-packages:/home/dfolse/repos/SPIDER/SPIDER_ws/install/spider_interfaces/lib/python3.8/site-packages:/home/dfolse/repos/SPIDER/SPIDER_ws/build/data_transfer:/home/dfolse/repos/SPIDER/SPIDER_ws/install/data_transfer/lib/python3.8/site-packages:/home/dfolse/repos/SPIDER/SPIDER_ws/build/spider_nav:/home/dfolse/repos/SPIDER/SPIDER_ws/install/spider_nav/lib/python3.8/site-packages:/home/dfolse/repos/SPIDER/SPIDER_ws/install/oak_d_lite/lib/python3.8/site-packages:/home/dfolse/repos/SPIDER/SPIDER_ws/install/nav2_gps_waypoint_follower_demo/lib/python3.8/site-packages:/opt/ros/foxy/lib/python3.8/site-packages /usr/bin/python3 -W ignore:setup.py install is deprecated setup.py develop --editable --build-directory /home/dfolse/repos/SPIDER/SPIDER_ws/build/spider_nav/build --no-deps symlink_data
[16.074s] Level 1:colcon.colcon_core.shell:create_environment_hook('spider_nav', 'pythonpath_develop')
[16.076s] INFO:colcon.colcon_core.shell:Creating environment hook '/home/dfolse/repos/SPIDER/SPIDER_ws/build/spider_nav/share/spider_nav/hook/pythonpath_develop.ps1'
[16.077s] DEBUG:colcon.colcon_core.event_handler.log_command:Invoked command in '/home/dfolse/repos/SPIDER/SPIDER_ws/build/spider_nav' returned '0': AMENT_PREFIX_PATH=/home/dfolse/repos/SPIDER/SPIDER_ws/install/locomotion:/home/dfolse/repos/SPIDER/SPIDER_ws/install/data_transfer:/home/dfolse/repos/SPIDER/SPIDER_ws/install/spider_nav:/home/dfolse/repos/SPIDER/SPIDER_ws/install/spider_interfaces:/home/dfolse/repos/SPIDER/SPIDER_ws/install/spider_description:/home/dfolse/repos/SPIDER/SPIDER_ws/install/oak_d_lite:/home/dfolse/repos/SPIDER/SPIDER_ws/install/nav2_gps_waypoint_follower_demo:/opt/ros/foxy PYTHONPATH=/home/dfolse/repos/SPIDER/SPIDER_ws/build/spider_nav/prefix_override:/home/dfolse/repos/SPIDER/SPIDER_ws/install/spider_nav/lib/python3.8/site-packages:/home/dfolse/repos/SPIDER/SPIDER_ws/build/locomotion:/home/dfolse/repos/SPIDER/SPIDER_ws/install/locomotion/lib/python3.8/site-packages:/home/dfolse/repos/SPIDER/SPIDER_ws/install/spider_interfaces/lib/python3.8/site-packages:/home/dfolse/repos/SPIDER/SPIDER_ws/build/data_transfer:/home/dfolse/repos/SPIDER/SPIDER_ws/install/data_transfer/lib/python3.8/site-packages:/home/dfolse/repos/SPIDER/SPIDER_ws/build/spider_nav:/home/dfolse/repos/SPIDER/SPIDER_ws/install/spider_nav/lib/python3.8/site-packages:/home/dfolse/repos/SPIDER/SPIDER_ws/install/oak_d_lite/lib/python3.8/site-packages:/home/dfolse/repos/SPIDER/SPIDER_ws/install/nav2_gps_waypoint_follower_demo/lib/python3.8/site-packages:/opt/ros/foxy/lib/python3.8/site-packages /usr/bin/python3 -W ignore:setup.py install is deprecated setup.py develop --editable --build-directory /home/dfolse/repos/SPIDER/SPIDER_ws/build/spider_nav/build --no-deps symlink_data
[16.079s] INFO:colcon.colcon_core.shell:Creating environment descriptor '/home/dfolse/repos/SPIDER/SPIDER_ws/build/spider_nav/share/spider_nav/hook/pythonpath_develop.dsv'
[16.081s] INFO:colcon.colcon_core.shell:Creating environment hook '/home/dfolse/repos/SPIDER/SPIDER_ws/build/spider_nav/share/spider_nav/hook/pythonpath_develop.sh'
[16.084s] Level 1:colcon.colcon_core.environment:checking '/home/dfolse/repos/SPIDER/SPIDER_ws/install/spider_nav' for CMake module files
[16.087s] Level 1:colcon.colcon_core.environment:checking '/home/dfolse/repos/SPIDER/SPIDER_ws/install/spider_nav' for CMake config files
[16.092s] Level 1:colcon.colcon_core.environment:checking '/home/dfolse/repos/SPIDER/SPIDER_ws/install/spider_nav/lib'
[16.092s] Level 1:colcon.colcon_core.environment:checking '/home/dfolse/repos/SPIDER/SPIDER_ws/install/spider_nav/bin'
[16.093s] Level 1:colcon.colcon_core.environment:checking '/home/dfolse/repos/SPIDER/SPIDER_ws/install/spider_nav/lib/pkgconfig/spider_nav.pc'
[16.094s] Level 1:colcon.colcon_core.environment:checking '/home/dfolse/repos/SPIDER/SPIDER_ws/install/spider_nav/lib/python3.8/site-packages'
[16.094s] Level 1:colcon.colcon_core.shell:create_environment_hook('spider_nav', 'pythonpath')
[16.095s] INFO:colcon.colcon_core.shell:Creating environment hook '/home/dfolse/repos/SPIDER/SPIDER_ws/install/spider_nav/share/spider_nav/hook/pythonpath.ps1'
[16.097s] INFO:colcon.colcon_core.shell:Creating environment descriptor '/home/dfolse/repos/SPIDER/SPIDER_ws/install/spider_nav/share/spider_nav/hook/pythonpath.dsv'
[16.099s] INFO:colcon.colcon_core.shell:Creating environment hook '/home/dfolse/repos/SPIDER/SPIDER_ws/install/spider_nav/share/spider_nav/hook/pythonpath.sh'
[16.101s] Level 1:colcon.colcon_core.environment:checking '/home/dfolse/repos/SPIDER/SPIDER_ws/install/spider_nav/bin'
[16.101s] Level 1:colcon.colcon_core.environment:create_environment_scripts_only(spider_nav)
[16.103s] INFO:colcon.colcon_core.shell:Creating package script '/home/dfolse/repos/SPIDER/SPIDER_ws/install/spider_nav/share/spider_nav/package.ps1'
[16.105s] INFO:colcon.colcon_core.shell:Creating package descriptor '/home/dfolse/repos/SPIDER/SPIDER_ws/install/spider_nav/share/spider_nav/package.dsv'
[16.108s] INFO:colcon.colcon_core.shell:Creating package script '/home/dfolse/repos/SPIDER/SPIDER_ws/install/spider_nav/share/spider_nav/package.sh'
[16.110s] INFO:colcon.colcon_core.shell:Creating package script '/home/dfolse/repos/SPIDER/SPIDER_ws/install/spider_nav/share/spider_nav/package.bash'
[16.112s] INFO:colcon.colcon_core.shell:Creating package script '/home/dfolse/repos/SPIDER/SPIDER_ws/install/spider_nav/share/spider_nav/package.zsh'
[16.113s] Level 1:colcon.colcon_core.environment:create_file_with_runtime_dependencies(/home/dfolse/repos/SPIDER/SPIDER_ws/install/spider_nav/share/colcon-core/packages/spider_nav)
[16.115s] INFO:colcon.colcon_ros.task.ament_python.build:Building ROS package in '/home/dfolse/repos/SPIDER/SPIDER_ws/src/data_transfer' with build type 'ament_python'
[16.116s] Level 1:colcon.colcon_core.shell:create_environment_hook('data_transfer', 'ament_prefix_path')
[16.117s] INFO:colcon.colcon_core.shell:Creating environment hook '/home/dfolse/repos/SPIDER/SPIDER_ws/install/data_transfer/share/data_transfer/hook/ament_prefix_path.ps1'
[16.119s] INFO:colcon.colcon_core.shell:Creating environment descriptor '/home/dfolse/repos/SPIDER/SPIDER_ws/install/data_transfer/share/data_transfer/hook/ament_prefix_path.dsv'
[16.122s] INFO:colcon.colcon_core.shell:Creating environment hook '/home/dfolse/repos/SPIDER/SPIDER_ws/install/data_transfer/share/data_transfer/hook/ament_prefix_path.sh'
[16.124s] INFO:colcon.colcon_core.shell:Skip shell extension 'powershell' for command environment: Not usable outside of PowerShell
[16.125s] DEBUG:colcon.colcon_core.shell:Skip shell extension 'dsv' for command environment
[17.313s] INFO:colcon.colcon_core.task.python.build:Building Python package in '/home/dfolse/repos/SPIDER/SPIDER_ws/src/data_transfer'
[17.315s] INFO:colcon.colcon_core.shell:Skip shell extension 'powershell' for command environment: Not usable outside of PowerShell
[17.315s] DEBUG:colcon.colcon_core.shell:Skip shell extension 'dsv' for command environment
[19.210s] DEBUG:colcon.colcon_core.event_handler.log_command:Invoking command in '/home/dfolse/repos/SPIDER/SPIDER_ws/build/data_transfer': AMENT_PREFIX_PATH=/home/dfolse/repos/SPIDER/SPIDER_ws/install/spider_nav:/home/dfolse/repos/SPIDER/SPIDER_ws/install/locomotion:/home/dfolse/repos/SPIDER/SPIDER_ws/install/data_transfer:/home/dfolse/repos/SPIDER/SPIDER_ws/install/spider_interfaces:/home/dfolse/repos/SPIDER/SPIDER_ws/install/spider_description:/home/dfolse/repos/SPIDER/SPIDER_ws/install/oak_d_lite:/home/dfolse/repos/SPIDER/SPIDER_ws/install/nav2_gps_waypoint_follower_demo:/opt/ros/foxy PYTHONPATH=/home/dfolse/repos/SPIDER/SPIDER_ws/build/data_transfer/prefix_override:/home/dfolse/repos/SPIDER/SPIDER_ws/install/data_transfer/lib/python3.8/site-packages:/home/dfolse/repos/SPIDER/SPIDER_ws/build/spider_nav:/home/dfolse/repos/SPIDER/SPIDER_ws/install/spider_nav/lib/python3.8/site-packages:/home/dfolse/repos/SPIDER/SPIDER_ws/build/locomotion:/home/dfolse/repos/SPIDER/SPIDER_ws/install/locomotion/lib/python3.8/site-packages:/home/dfolse/repos/SPIDER/SPIDER_ws/install/spider_interfaces/lib/python3.8/site-packages:/home/dfolse/repos/SPIDER/SPIDER_ws/build/data_transfer:/home/dfolse/repos/SPIDER/SPIDER_ws/install/data_transfer/lib/python3.8/site-packages:/home/dfolse/repos/SPIDER/SPIDER_ws/install/oak_d_lite/lib/python3.8/site-packages:/home/dfolse/repos/SPIDER/SPIDER_ws/install/nav2_gps_waypoint_follower_demo/lib/python3.8/site-packages:/opt/ros/foxy/lib/python3.8/site-packages /usr/bin/python3 -W ignore:setup.py install is deprecated setup.py develop --editable --build-directory /home/dfolse/repos/SPIDER/SPIDER_ws/build/data_transfer/build --no-deps symlink_data
[21.593s] Level 1:colcon.colcon_core.shell:create_environment_hook('data_transfer', 'pythonpath_develop')
[21.595s] INFO:colcon.colcon_core.shell:Creating environment hook '/home/dfolse/repos/SPIDER/SPIDER_ws/build/data_transfer/share/data_transfer/hook/pythonpath_develop.ps1'
[21.596s] DEBUG:colcon.colcon_core.event_handler.log_command:Invoked command in '/home/dfolse/repos/SPIDER/SPIDER_ws/build/data_transfer' returned '0': AMENT_PREFIX_PATH=/home/dfolse/repos/SPIDER/SPIDER_ws/install/spider_nav:/home/dfolse/repos/SPIDER/SPIDER_ws/install/locomotion:/home/dfolse/repos/SPIDER/SPIDER_ws/install/data_transfer:/home/dfolse/repos/SPIDER/SPIDER_ws/install/spider_interfaces:/home/dfolse/repos/SPIDER/SPIDER_ws/install/spider_description:/home/dfolse/repos/SPIDER/SPIDER_ws/install/oak_d_lite:/home/dfolse/repos/SPIDER/SPIDER_ws/install/nav2_gps_waypoint_follower_demo:/opt/ros/foxy PYTHONPATH=/home/dfolse/repos/SPIDER/SPIDER_ws/build/data_transfer/prefix_override:/home/dfolse/repos/SPIDER/SPIDER_ws/install/data_transfer/lib/python3.8/site-packages:/home/dfolse/repos/SPIDER/SPIDER_ws/build/spider_nav:/home/dfolse/repos/SPIDER/SPIDER_ws/install/spider_nav/lib/python3.8/site-packages:/home/dfolse/repos/SPIDER/SPIDER_ws/build/locomotion:/home/dfolse/repos/SPIDER/SPIDER_ws/install/locomotion/lib/python3.8/site-packages:/home/dfolse/repos/SPIDER/SPIDER_ws/install/spider_interfaces/lib/python3.8/site-packages:/home/dfolse/repos/SPIDER/SPIDER_ws/build/data_transfer:/home/dfolse/repos/SPIDER/SPIDER_ws/install/data_transfer/lib/python3.8/site-packages:/home/dfolse/repos/SPIDER/SPIDER_ws/install/oak_d_lite/lib/python3.8/site-packages:/home/dfolse/repos/SPIDER/SPIDER_ws/install/nav2_gps_waypoint_follower_demo/lib/python3.8/site-packages:/opt/ros/foxy/lib/python3.8/site-packages /usr/bin/python3 -W ignore:setup.py install is deprecated setup.py develop --editable --build-directory /home/dfolse/repos/SPIDER/SPIDER_ws/build/data_transfer/build --no-deps symlink_data
[21.598s] INFO:colcon.colcon_core.shell:Creating environment descriptor '/home/dfolse/repos/SPIDER/SPIDER_ws/build/data_transfer/share/data_transfer/hook/pythonpath_develop.dsv'
[21.600s] INFO:colcon.colcon_core.shell:Creating environment hook '/home/dfolse/repos/SPIDER/SPIDER_ws/build/data_transfer/share/data_transfer/hook/pythonpath_develop.sh'
[21.604s] Level 1:colcon.colcon_core.environment:checking '/home/dfolse/repos/SPIDER/SPIDER_ws/install/data_transfer' for CMake module files
[21.607s] Level 1:colcon.colcon_core.environment:checking '/home/dfolse/repos/SPIDER/SPIDER_ws/install/data_transfer' for CMake config files
[21.611s] Level 1:colcon.colcon_core.environment:checking '/home/dfolse/repos/SPIDER/SPIDER_ws/install/data_transfer/lib'
[21.611s] Level 1:colcon.colcon_core.environment:checking '/home/dfolse/repos/SPIDER/SPIDER_ws/install/data_transfer/bin'
[21.612s] Level 1:colcon.colcon_core.environment:checking '/home/dfolse/repos/SPIDER/SPIDER_ws/install/data_transfer/lib/pkgconfig/data_transfer.pc'
[21.613s] Level 1:colcon.colcon_core.environment:checking '/home/dfolse/repos/SPIDER/SPIDER_ws/install/data_transfer/lib/python3.8/site-packages'
[21.613s] Level 1:colcon.colcon_core.shell:create_environment_hook('data_transfer', 'pythonpath')
[21.614s] INFO:colcon.colcon_core.shell:Creating environment hook '/home/dfolse/repos/SPIDER/SPIDER_ws/install/data_transfer/share/data_transfer/hook/pythonpath.ps1'
[21.616s] INFO:colcon.colcon_core.shell:Creating environment descriptor '/home/dfolse/repos/SPIDER/SPIDER_ws/install/data_transfer/share/data_transfer/hook/pythonpath.dsv'
[21.618s] INFO:colcon.colcon_core.shell:Creating environment hook '/home/dfolse/repos/SPIDER/SPIDER_ws/install/data_transfer/share/data_transfer/hook/pythonpath.sh'
[21.620s] Level 1:colcon.colcon_core.environment:checking '/home/dfolse/repos/SPIDER/SPIDER_ws/install/data_transfer/bin'
[21.621s] Level 1:colcon.colcon_core.environment:create_environment_scripts_only(data_transfer)
[21.623s] INFO:colcon.colcon_core.shell:Creating package script '/home/dfolse/repos/SPIDER/SPIDER_ws/install/data_transfer/share/data_transfer/package.ps1'
[21.625s] INFO:colcon.colcon_core.shell:Creating package descriptor '/home/dfolse/repos/SPIDER/SPIDER_ws/install/data_transfer/share/data_transfer/package.dsv'
[21.628s] INFO:colcon.colcon_core.shell:Creating package script '/home/dfolse/repos/SPIDER/SPIDER_ws/install/data_transfer/share/data_transfer/package.sh'
[21.630s] INFO:colcon.colcon_core.shell:Creating package script '/home/dfolse/repos/SPIDER/SPIDER_ws/install/data_transfer/share/data_transfer/package.bash'
[21.632s] INFO:colcon.colcon_core.shell:Creating package script '/home/dfolse/repos/SPIDER/SPIDER_ws/install/data_transfer/share/data_transfer/package.zsh'
[21.634s] Level 1:colcon.colcon_core.environment:create_file_with_runtime_dependencies(/home/dfolse/repos/SPIDER/SPIDER_ws/install/data_transfer/share/colcon-core/packages/data_transfer)
[21.636s] DEBUG:colcon.colcon_parallel_executor.executor.parallel:closing loop
[21.637s] DEBUG:colcon.colcon_parallel_executor.executor.parallel:loop closed
[21.638s] DEBUG:colcon.colcon_parallel_executor.executor.parallel:run_until_complete finished with '0'
[21.638s] DEBUG:colcon.colcon_core.event_reactor:joining thread
[21.666s] INFO:colcon.colcon_core.plugin_system:Skipping extension 'colcon_notification.desktop_notification.terminal_notifier': Not used on non-Darwin systems
[21.667s] INFO:colcon.colcon_core.plugin_system:Skipping extension 'colcon_notification.desktop_notification.win32': Not used on non-Windows systems
[21.667s] INFO:colcon.colcon_notification.desktop_notification:Sending desktop notification using 'notify2'
[21.671s] DEBUG:colcon.colcon_notification.desktop_notification.notify2:Failed to initialize notify2: org.freedesktop.DBus.Error.ServiceUnknown: The name org.freedesktop.Notifications was not provided by any .service files
[21.672s] DEBUG:colcon.colcon_core.event_reactor:joined thread
[21.673s] INFO:colcon.colcon_core.shell:Creating prefix script '/home/dfolse/repos/SPIDER/SPIDER_ws/install/local_setup.ps1'
[21.677s] INFO:colcon.colcon_core.shell:Creating prefix util module '/home/dfolse/repos/SPIDER/SPIDER_ws/install/_local_setup_util_ps1.py'
[21.684s] INFO:colcon.colcon_core.shell:Creating prefix chain script '/home/dfolse/repos/SPIDER/SPIDER_ws/install/setup.ps1'
[21.692s] INFO:colcon.colcon_core.shell:Creating prefix script '/home/dfolse/repos/SPIDER/SPIDER_ws/install/local_setup.sh'
[21.694s] INFO:colcon.colcon_core.shell:Creating prefix util module '/home/dfolse/repos/SPIDER/SPIDER_ws/install/_local_setup_util_sh.py'
[21.696s] INFO:colcon.colcon_core.shell:Creating prefix chain script '/home/dfolse/repos/SPIDER/SPIDER_ws/install/setup.sh'
[21.702s] INFO:colcon.colcon_core.shell:Creating prefix script '/home/dfolse/repos/SPIDER/SPIDER_ws/install/local_setup.bash'
[21.705s] INFO:colcon.colcon_core.shell:Creating prefix chain script '/home/dfolse/repos/SPIDER/SPIDER_ws/install/setup.bash'
[21.710s] INFO:colcon.colcon_core.shell:Creating prefix script '/home/dfolse/repos/SPIDER/SPIDER_ws/install/local_setup.zsh'
[21.713s] INFO:colcon.colcon_core.shell:Creating prefix chain script '/home/dfolse/repos/SPIDER/SPIDER_ws/install/setup.zsh'
