[2.210s] Invoking command in '/home/dfolse/repos/SPIDER/SPIDER_ws/src/locomotion': AMENT_PREFIX_PATH=/home/dfolse/repos/SPIDER/SPIDER_ws/install/spider_interfaces:${AMENT_PREFIX_PATH} CMAKE_PREFIX_PATH=/home/dfolse/repos/SPIDER/SPIDER_ws/install/spider_interfaces:${CMAKE_PREFIX_PATH} LD_LIBRARY_PATH=/home/dfolse/repos/SPIDER/SPIDER_ws/install/spider_interfaces/lib:${LD_LIBRARY_PATH} NX_CONNECTION=192.168.1.26 54739 192.168.1.53 4000 PYTHONPATH=/home/dfolse/repos/SPIDER/SPIDER_ws/build/locomotion/prefix_override:/home/dfolse/repos/SPIDER/SPIDER_ws/install/locomotion/lib/python3.8/site-packages:/home/dfolse/repos/SPIDER/SPIDER_ws/install/spider_interfaces/lib/python3.8/site-packages:${PYTHONPATH} /usr/bin/python3 setup.py egg_info --egg-base ../../build/locomotion build --build-base /home/dfolse/repos/SPIDER/SPIDER_ws/build/locomotion/build install --record /home/dfolse/repos/SPIDER/SPIDER_ws/build/locomotion/install.log --single-version-externally-managed
[2.726s] running egg_info
[2.727s] writing ../../build/locomotion/locomotion.egg-info/PKG-INFO
[2.727s] writing dependency_links to ../../build/locomotion/locomotion.egg-info/dependency_links.txt
[2.728s] writing entry points to ../../build/locomotion/locomotion.egg-info/entry_points.txt
[2.728s] writing requirements to ../../build/locomotion/locomotion.egg-info/requires.txt
[2.728s] writing top-level names to ../../build/locomotion/locomotion.egg-info/top_level.txt
[2.734s] reading manifest file '../../build/locomotion/locomotion.egg-info/SOURCES.txt'
[2.736s] writing manifest file '../../build/locomotion/locomotion.egg-info/SOURCES.txt'
[2.736s] running build
[2.737s] running build_py
[2.737s] copying locomotion/locomotion_subscriber.py -> /home/dfolse/repos/SPIDER/SPIDER_ws/build/locomotion/build/lib/locomotion
[2.738s] running install
[2.739s] running install_lib
[2.741s] copying /home/dfolse/repos/SPIDER/SPIDER_ws/build/locomotion/build/lib/locomotion/locomotion_subscriber.py -> /home/dfolse/repos/SPIDER/SPIDER_ws/install/locomotion/lib/python3.8/site-packages/locomotion
[2.742s] byte-compiling /home/dfolse/repos/SPIDER/SPIDER_ws/install/locomotion/lib/python3.8/site-packages/locomotion/locomotion_subscriber.py to locomotion_subscriber.cpython-38.pyc
[2.744s] running install_data
[2.745s] running install_egg_info
[2.748s] removing '/home/dfolse/repos/SPIDER/SPIDER_ws/install/locomotion/lib/python3.8/site-packages/locomotion-0.0.0-py3.8.egg-info' (and everything under it)
[2.749s] Copying ../../build/locomotion/locomotion.egg-info to /home/dfolse/repos/SPIDER/SPIDER_ws/install/locomotion/lib/python3.8/site-packages/locomotion-0.0.0-py3.8.egg-info
[2.751s] running install_scripts
[2.789s] Installing client script to /home/dfolse/repos/SPIDER/SPIDER_ws/install/locomotion/lib/locomotion
[2.790s] Installing listener script to /home/dfolse/repos/SPIDER/SPIDER_ws/install/locomotion/lib/locomotion
[2.790s] Installing talker script to /home/dfolse/repos/SPIDER/SPIDER_ws/install/locomotion/lib/locomotion
[2.790s] writing list of installed files to '/home/dfolse/repos/SPIDER/SPIDER_ws/build/locomotion/install.log'
[2.847s] Invoked command in '/home/dfolse/repos/SPIDER/SPIDER_ws/src/locomotion' returned '0': AMENT_PREFIX_PATH=/home/dfolse/repos/SPIDER/SPIDER_ws/install/spider_interfaces:${AMENT_PREFIX_PATH} CMAKE_PREFIX_PATH=/home/dfolse/repos/SPIDER/SPIDER_ws/install/spider_interfaces:${CMAKE_PREFIX_PATH} LD_LIBRARY_PATH=/home/dfolse/repos/SPIDER/SPIDER_ws/install/spider_interfaces/lib:${LD_LIBRARY_PATH} NX_CONNECTION=192.168.1.26 54739 192.168.1.53 4000 PYTHONPATH=/home/dfolse/repos/SPIDER/SPIDER_ws/build/locomotion/prefix_override:/home/dfolse/repos/SPIDER/SPIDER_ws/install/locomotion/lib/python3.8/site-packages:/home/dfolse/repos/SPIDER/SPIDER_ws/install/spider_interfaces/lib/python3.8/site-packages:${PYTHONPATH} /usr/bin/python3 setup.py egg_info --egg-base ../../build/locomotion build --build-base /home/dfolse/repos/SPIDER/SPIDER_ws/build/locomotion/build install --record /home/dfolse/repos/SPIDER/SPIDER_ws/build/locomotion/install.log --single-version-externally-managed
