[1.851s] Invoking command in '/home/dfolse/repos/SPIDER/SPIDER_ws/src/locomotion': NX_CONNECTION=192.168.1.26 58745 192.168.1.53 4000 PYTHONPATH=/home/dfolse/repos/SPIDER/SPIDER_ws/build/locomotion/prefix_override:/home/dfolse/repos/SPIDER/SPIDER_ws/install/locomotion/lib/python3.8/site-packages:/home/dfolse/repos/SPIDER/SPIDER_ws/install/spider_interfaces/lib/python3.8/site-packages:/home/dfolse/repos/SPIDER/SPIDER_ws/install/spider_nav/lib/python3.8/site-packages:/home/dfolse/repos/SPIDER/SPIDER_ws/install/locomotion/lib/python3.8/site-packages:/home/dfolse/repos/SPIDER/SPIDER_ws/install/oak_d_lite/lib/python3.8/site-packages:/home/dfolse/repos/SPIDER/SPIDER_ws/install/nav2_gps_waypoint_follower_demo/lib/python3.8/site-packages:/home/dfolse/repos/SPIDER/SPIDER_ws/install/data_transfer/lib/python3.8/site-packages:/opt/ros/foxy/lib/python3.8/site-packages /usr/bin/python3 -W ignore:setup.py install is deprecated setup.py egg_info --egg-base ../../build/locomotion build --build-base /home/dfolse/repos/SPIDER/SPIDER_ws/build/locomotion/build install --record /home/dfolse/repos/SPIDER/SPIDER_ws/build/locomotion/install.log --single-version-externally-managed install_data
[2.413s] running egg_info
[2.413s] writing ../../build/locomotion/locomotion.egg-info/PKG-INFO
[2.414s] writing dependency_links to ../../build/locomotion/locomotion.egg-info/dependency_links.txt
[2.414s] writing entry points to ../../build/locomotion/locomotion.egg-info/entry_points.txt
[2.414s] writing requirements to ../../build/locomotion/locomotion.egg-info/requires.txt
[2.415s] writing top-level names to ../../build/locomotion/locomotion.egg-info/top_level.txt
[2.416s] reading manifest file '../../build/locomotion/locomotion.egg-info/SOURCES.txt'
[2.418s] writing manifest file '../../build/locomotion/locomotion.egg-info/SOURCES.txt'
[2.418s] running build
[2.419s] running build_py
[2.419s] copying locomotion/servoLeveler.py -> /home/dfolse/repos/SPIDER/SPIDER_ws/build/locomotion/build/lib/locomotion
[2.420s] running install
[2.421s] running install_lib
[2.423s] copying /home/dfolse/repos/SPIDER/SPIDER_ws/build/locomotion/build/lib/locomotion/servoLeveler.py -> /home/dfolse/repos/SPIDER/SPIDER_ws/install/locomotion/lib/python3.8/site-packages/locomotion
[2.425s] byte-compiling /home/dfolse/repos/SPIDER/SPIDER_ws/install/locomotion/lib/python3.8/site-packages/locomotion/servoLeveler.py to servoLeveler.cpython-38.pyc
[2.426s] running install_data
[2.426s] running install_egg_info
[2.430s] removing '/home/dfolse/repos/SPIDER/SPIDER_ws/install/locomotion/lib/python3.8/site-packages/locomotion-0.0.0-py3.8.egg-info' (and everything under it)
[2.430s] Copying ../../build/locomotion/locomotion.egg-info to /home/dfolse/repos/SPIDER/SPIDER_ws/install/locomotion/lib/python3.8/site-packages/locomotion-0.0.0-py3.8.egg-info
[2.432s] running install_scripts
[2.474s] Installing client script to /home/dfolse/repos/SPIDER/SPIDER_ws/install/locomotion/lib/locomotion
[2.474s] Installing imu_pub script to /home/dfolse/repos/SPIDER/SPIDER_ws/install/locomotion/lib/locomotion
[2.474s] Installing service script to /home/dfolse/repos/SPIDER/SPIDER_ws/install/locomotion/lib/locomotion
[2.475s] writing list of installed files to '/home/dfolse/repos/SPIDER/SPIDER_ws/build/locomotion/install.log'
[2.532s] Invoked command in '/home/dfolse/repos/SPIDER/SPIDER_ws/src/locomotion' returned '0': NX_CONNECTION=192.168.1.26 58745 192.168.1.53 4000 PYTHONPATH=/home/dfolse/repos/SPIDER/SPIDER_ws/build/locomotion/prefix_override:/home/dfolse/repos/SPIDER/SPIDER_ws/install/locomotion/lib/python3.8/site-packages:/home/dfolse/repos/SPIDER/SPIDER_ws/install/spider_interfaces/lib/python3.8/site-packages:/home/dfolse/repos/SPIDER/SPIDER_ws/install/spider_nav/lib/python3.8/site-packages:/home/dfolse/repos/SPIDER/SPIDER_ws/install/locomotion/lib/python3.8/site-packages:/home/dfolse/repos/SPIDER/SPIDER_ws/install/oak_d_lite/lib/python3.8/site-packages:/home/dfolse/repos/SPIDER/SPIDER_ws/install/nav2_gps_waypoint_follower_demo/lib/python3.8/site-packages:/home/dfolse/repos/SPIDER/SPIDER_ws/install/data_transfer/lib/python3.8/site-packages:/opt/ros/foxy/lib/python3.8/site-packages /usr/bin/python3 -W ignore:setup.py install is deprecated setup.py egg_info --egg-base ../../build/locomotion build --build-base /home/dfolse/repos/SPIDER/SPIDER_ws/build/locomotion/build install --record /home/dfolse/repos/SPIDER/SPIDER_ws/build/locomotion/install.log --single-version-externally-managed install_data
