[3.271s] Invoking command in '/home/dfolse/repos/SPIDER/SPIDER_ws/src/spider_nav': NX_CONNECTION=192.168.1.26 58745 192.168.1.53 4000 PYTHONPATH=/home/dfolse/repos/SPIDER/SPIDER_ws/build/spider_nav/prefix_override:/home/dfolse/repos/SPIDER/SPIDER_ws/install/spider_nav/lib/python3.8/site-packages:${PYTHONPATH} /usr/bin/python3 -W ignore:setup.py install is deprecated setup.py egg_info --egg-base ../../build/spider_nav build --build-base /home/dfolse/repos/SPIDER/SPIDER_ws/build/spider_nav/build install --record /home/dfolse/repos/SPIDER/SPIDER_ws/build/spider_nav/install.log --single-version-externally-managed install_data
[3.846s] running egg_info
[3.847s] writing ../../build/spider_nav/spider_nav.egg-info/PKG-INFO
[3.848s] writing dependency_links to ../../build/spider_nav/spider_nav.egg-info/dependency_links.txt
[3.849s] writing entry points to ../../build/spider_nav/spider_nav.egg-info/entry_points.txt
[3.849s] writing requirements to ../../build/spider_nav/spider_nav.egg-info/requires.txt
[3.849s] writing top-level names to ../../build/spider_nav/spider_nav.egg-info/top_level.txt
[3.857s] reading manifest file '../../build/spider_nav/spider_nav.egg-info/SOURCES.txt'
[3.859s] writing manifest file '../../build/spider_nav/spider_nav.egg-info/SOURCES.txt'
[3.859s] running build
[3.860s] running build_py
[3.860s] copying spider_nav/spider_gps_pub.py -> /home/dfolse/repos/SPIDER/SPIDER_ws/build/spider_nav/build/lib/spider_nav
[3.861s] running install
[3.864s] running install_lib
[3.865s] copying /home/dfolse/repos/SPIDER/SPIDER_ws/build/spider_nav/build/lib/spider_nav/spider_gps_pub.py -> /home/dfolse/repos/SPIDER/SPIDER_ws/install/spider_nav/lib/python3.8/site-packages/spider_nav
[3.867s] byte-compiling /home/dfolse/repos/SPIDER/SPIDER_ws/install/spider_nav/lib/python3.8/site-packages/spider_nav/spider_gps_pub.py to spider_gps_pub.cpython-38.pyc
[3.870s] running install_data
[3.870s] running install_egg_info
[3.873s] removing '/home/dfolse/repos/SPIDER/SPIDER_ws/install/spider_nav/lib/python3.8/site-packages/spider_nav-0.0.0-py3.8.egg-info' (and everything under it)
[3.874s] Copying ../../build/spider_nav/spider_nav.egg-info to /home/dfolse/repos/SPIDER/SPIDER_ws/install/spider_nav/lib/python3.8/site-packages/spider_nav-0.0.0-py3.8.egg-info
[3.877s] running install_scripts
[3.922s] Installing gps_waypoint_logger script to /home/dfolse/repos/SPIDER/SPIDER_ws/install/spider_nav/lib/spider_nav
[3.923s] Installing interactive_waypoint_follower script to /home/dfolse/repos/SPIDER/SPIDER_ws/install/spider_nav/lib/spider_nav
[3.923s] Installing logged_waypoint_follower script to /home/dfolse/repos/SPIDER/SPIDER_ws/install/spider_nav/lib/spider_nav
[3.923s] Installing spider_gps_pub script to /home/dfolse/repos/SPIDER/SPIDER_ws/install/spider_nav/lib/spider_nav
[3.924s] writing list of installed files to '/home/dfolse/repos/SPIDER/SPIDER_ws/build/spider_nav/install.log'
[3.999s] Invoked command in '/home/dfolse/repos/SPIDER/SPIDER_ws/src/spider_nav' returned '0': NX_CONNECTION=192.168.1.26 58745 192.168.1.53 4000 PYTHONPATH=/home/dfolse/repos/SPIDER/SPIDER_ws/build/spider_nav/prefix_override:/home/dfolse/repos/SPIDER/SPIDER_ws/install/spider_nav/lib/python3.8/site-packages:${PYTHONPATH} /usr/bin/python3 -W ignore:setup.py install is deprecated setup.py egg_info --egg-base ../../build/spider_nav build --build-base /home/dfolse/repos/SPIDER/SPIDER_ws/build/spider_nav/build install --record /home/dfolse/repos/SPIDER/SPIDER_ws/build/spider_nav/install.log --single-version-externally-managed install_data
