[3.849s] Invoking command in '/home/dfolse/repos/SPIDER/SPIDER_ws/build/spider_description': CMAKE_PREFIX_PATH=/home/dfolse/repos/SPIDER/SPIDER_ws/install/locomotion:/home/dfolse/repos/SPIDER/SPIDER_ws/install/spider_interfaces:/home/dfolse/repos/SPIDER/SPIDER_ws/install/spider_nav:/home/dfolse/repos/SPIDER/SPIDER_ws/install/oak_d_lite:/home/dfolse/repos/SPIDER/SPIDER_ws/install/nav2_gazebo_spawner:/home/dfolse/repos/SPIDER/SPIDER_ws/install/data_transfer:/opt/ros/foxy:/home/dfolse/repos/SPIDER/SPIDER_ws/install/spider_description:/home/dfolse/repos/SPIDER/SPIDER_ws/install/nav2_common NX_CONNECTION=192.168.1.26 58481 192.168.1.53 4000 /usr/bin/cmake --build /home/dfolse/repos/SPIDER/SPIDER_ws/build/spider_description -- -j6 -l6
[7.087s] Invoked command in '/home/dfolse/repos/SPIDER/SPIDER_ws/build/spider_description' returned '0': CMAKE_PREFIX_PATH=/home/dfolse/repos/SPIDER/SPIDER_ws/install/locomotion:/home/dfolse/repos/SPIDER/SPIDER_ws/install/spider_interfaces:/home/dfolse/repos/SPIDER/SPIDER_ws/install/spider_nav:/home/dfolse/repos/SPIDER/SPIDER_ws/install/oak_d_lite:/home/dfolse/repos/SPIDER/SPIDER_ws/install/nav2_gazebo_spawner:/home/dfolse/repos/SPIDER/SPIDER_ws/install/data_transfer:/opt/ros/foxy:/home/dfolse/repos/SPIDER/SPIDER_ws/install/spider_description:/home/dfolse/repos/SPIDER/SPIDER_ws/install/nav2_common NX_CONNECTION=192.168.1.26 58481 192.168.1.53 4000 /usr/bin/cmake --build /home/dfolse/repos/SPIDER/SPIDER_ws/build/spider_description -- -j6 -l6
[7.394s] Invoking command in '/home/dfolse/repos/SPIDER/SPIDER_ws/build/spider_description': CMAKE_PREFIX_PATH=/home/dfolse/repos/SPIDER/SPIDER_ws/install/locomotion:/home/dfolse/repos/SPIDER/SPIDER_ws/install/spider_interfaces:/home/dfolse/repos/SPIDER/SPIDER_ws/install/spider_nav:/home/dfolse/repos/SPIDER/SPIDER_ws/install/oak_d_lite:/home/dfolse/repos/SPIDER/SPIDER_ws/install/nav2_gazebo_spawner:/home/dfolse/repos/SPIDER/SPIDER_ws/install/data_transfer:/opt/ros/foxy:/home/dfolse/repos/SPIDER/SPIDER_ws/install/spider_description:/home/dfolse/repos/SPIDER/SPIDER_ws/install/nav2_common NX_CONNECTION=192.168.1.26 58481 192.168.1.53 4000 /usr/bin/cmake --install /home/dfolse/repos/SPIDER/SPIDER_ws/build/spider_description
[7.443s] -- Install configuration: ""
[7.444s] -- Up-to-date: /home/dfolse/repos/SPIDER/SPIDER_ws/install/spider_description/share/spider_description/src
[7.444s] -- Up-to-date: /home/dfolse/repos/SPIDER/SPIDER_ws/install/spider_description/share/spider_description/src/description
[7.449s] -- Up-to-date: /home/dfolse/repos/SPIDER/SPIDER_ws/install/spider_description/share/spider_description/src/description/spider_description.csv
[7.449s] -- Installing: /home/dfolse/repos/SPIDER/SPIDER_ws/install/spider_description/share/spider_description/src/description/spider_description.urdf
[7.455s] -- Up-to-date: /home/dfolse/repos/SPIDER/SPIDER_ws/install/spider_description/share/spider_description/launch
[7.458s] -- Up-to-date: /home/dfolse/repos/SPIDER/SPIDER_ws/install/spider_description/share/spider_description/launch/display.launch.py
[7.460s] -- Up-to-date: /home/dfolse/repos/SPIDER/SPIDER_ws/install/spider_description/share/spider_description/rviz
[7.461s] -- Up-to-date: /home/dfolse/repos/SPIDER/SPIDER_ws/install/spider_description/share/spider_description/rviz/urdf_config.rviz
[7.462s] -- Up-to-date: /home/dfolse/repos/SPIDER/SPIDER_ws/install/spider_description/share/spider_description/meshes
[7.463s] -- Up-to-date: /home/dfolse/repos/SPIDER/SPIDER_ws/install/spider_description/share/spider_description/meshes/r4u_link.STL
[7.463s] -- Up-to-date: /home/dfolse/repos/SPIDER/SPIDER_ws/install/spider_description/share/spider_description/meshes/r2u_link.STL
[7.463s] -- Up-to-date: /home/dfolse/repos/SPIDER/SPIDER_ws/install/spider_description/share/spider_description/meshes/l1u_link.STL
[7.463s] -- Up-to-date: /home/dfolse/repos/SPIDER/SPIDER_ws/install/spider_description/share/spider_description/meshes/r1l_link.STL
[7.463s] -- Up-to-date: /home/dfolse/repos/SPIDER/SPIDER_ws/install/spider_description/share/spider_description/meshes/l2u_link.STL
[7.464s] -- Up-to-date: /home/dfolse/repos/SPIDER/SPIDER_ws/install/spider_description/share/spider_description/meshes/r3m_link.STL
[7.464s] -- Up-to-date: /home/dfolse/repos/SPIDER/SPIDER_ws/install/spider_description/share/spider_description/meshes/r2l_link.STL
[7.464s] -- Up-to-date: /home/dfolse/repos/SPIDER/SPIDER_ws/install/spider_description/share/spider_description/meshes/r2m_link.STL
[7.464s] -- Up-to-date: /home/dfolse/repos/SPIDER/SPIDER_ws/install/spider_description/share/spider_description/meshes/l3l_link.STL
[7.464s] -- Up-to-date: /home/dfolse/repos/SPIDER/SPIDER_ws/install/spider_description/share/spider_description/meshes/r3l_link.STL
[7.464s] -- Up-to-date: /home/dfolse/repos/SPIDER/SPIDER_ws/install/spider_description/share/spider_description/meshes/base_link.STL
[7.464s] -- Up-to-date: /home/dfolse/repos/SPIDER/SPIDER_ws/install/spider_description/share/spider_description/meshes/l1m_link.STL
[7.465s] -- Up-to-date: /home/dfolse/repos/SPIDER/SPIDER_ws/install/spider_description/share/spider_description/meshes/r3u_link.STL
[7.465s] -- Up-to-date: /home/dfolse/repos/SPIDER/SPIDER_ws/install/spider_description/share/spider_description/meshes/l2m_link.STL
[7.465s] -- Up-to-date: /home/dfolse/repos/SPIDER/SPIDER_ws/install/spider_description/share/spider_description/meshes/l4u_link.STL
[7.465s] -- Up-to-date: /home/dfolse/repos/SPIDER/SPIDER_ws/install/spider_description/share/spider_description/meshes/r1m_link.STL
[7.466s] -- Up-to-date: /home/dfolse/repos/SPIDER/SPIDER_ws/install/spider_description/share/spider_description/meshes/r4m_link.STL
[7.466s] -- Up-to-date: /home/dfolse/repos/SPIDER/SPIDER_ws/install/spider_description/share/spider_description/meshes/r4l_link.STL
[7.466s] -- Up-to-date: /home/dfolse/repos/SPIDER/SPIDER_ws/install/spider_description/share/spider_description/meshes/l4l_link.STL
[7.466s] -- Up-to-date: /home/dfolse/repos/SPIDER/SPIDER_ws/install/spider_description/share/spider_description/meshes/r1u_link.STL
[7.466s] -- Up-to-date: /home/dfolse/repos/SPIDER/SPIDER_ws/install/spider_description/share/spider_description/meshes/l1l_link.STL
[7.466s] -- Up-to-date: /home/dfolse/repos/SPIDER/SPIDER_ws/install/spider_description/share/spider_description/meshes/l3m_link.STL
[7.466s] -- Up-to-date: /home/dfolse/repos/SPIDER/SPIDER_ws/install/spider_description/share/spider_description/meshes/l4m_link.STL
[7.466s] -- Up-to-date: /home/dfolse/repos/SPIDER/SPIDER_ws/install/spider_description/share/spider_description/meshes/l3u_link.STL
[7.467s] -- Up-to-date: /home/dfolse/repos/SPIDER/SPIDER_ws/install/spider_description/share/spider_description/meshes/l2l_link.STL
[7.467s] -- Up-to-date: /home/dfolse/repos/SPIDER/SPIDER_ws/install/spider_description/share/ament_index/resource_index/package_run_dependencies/spider_description
[7.467s] -- Up-to-date: /home/dfolse/repos/SPIDER/SPIDER_ws/install/spider_description/share/ament_index/resource_index/parent_prefix_path/spider_description
[7.467s] -- Up-to-date: /home/dfolse/repos/SPIDER/SPIDER_ws/install/spider_description/share/spider_description/environment/ament_prefix_path.sh
[7.467s] -- Up-to-date: /home/dfolse/repos/SPIDER/SPIDER_ws/install/spider_description/share/spider_description/environment/ament_prefix_path.dsv
[7.467s] -- Up-to-date: /home/dfolse/repos/SPIDER/SPIDER_ws/install/spider_description/share/spider_description/environment/path.sh
[7.467s] -- Up-to-date: /home/dfolse/repos/SPIDER/SPIDER_ws/install/spider_description/share/spider_description/environment/path.dsv
[7.467s] -- Up-to-date: /home/dfolse/repos/SPIDER/SPIDER_ws/install/spider_description/share/spider_description/local_setup.bash
[7.468s] -- Up-to-date: /home/dfolse/repos/SPIDER/SPIDER_ws/install/spider_description/share/spider_description/local_setup.sh
[7.468s] -- Up-to-date: /home/dfolse/repos/SPIDER/SPIDER_ws/install/spider_description/share/spider_description/local_setup.zsh
[7.468s] -- Up-to-date: /home/dfolse/repos/SPIDER/SPIDER_ws/install/spider_description/share/spider_description/local_setup.dsv
[7.468s] -- Installing: /home/dfolse/repos/SPIDER/SPIDER_ws/install/spider_description/share/spider_description/package.dsv
[7.475s] -- Up-to-date: /home/dfolse/repos/SPIDER/SPIDER_ws/install/spider_description/share/ament_index/resource_index/packages/spider_description
[7.475s] -- Up-to-date: /home/dfolse/repos/SPIDER/SPIDER_ws/install/spider_description/share/spider_description/cmake/spider_descriptionConfig.cmake
[7.475s] -- Up-to-date: /home/dfolse/repos/SPIDER/SPIDER_ws/install/spider_description/share/spider_description/cmake/spider_descriptionConfig-version.cmake
[7.475s] -- Up-to-date: /home/dfolse/repos/SPIDER/SPIDER_ws/install/spider_description/share/spider_description/package.xml
[7.496s] Invoked command in '/home/dfolse/repos/SPIDER/SPIDER_ws/build/spider_description' returned '0': CMAKE_PREFIX_PATH=/home/dfolse/repos/SPIDER/SPIDER_ws/install/locomotion:/home/dfolse/repos/SPIDER/SPIDER_ws/install/spider_interfaces:/home/dfolse/repos/SPIDER/SPIDER_ws/install/spider_nav:/home/dfolse/repos/SPIDER/SPIDER_ws/install/oak_d_lite:/home/dfolse/repos/SPIDER/SPIDER_ws/install/nav2_gazebo_spawner:/home/dfolse/repos/SPIDER/SPIDER_ws/install/data_transfer:/opt/ros/foxy:/home/dfolse/repos/SPIDER/SPIDER_ws/install/spider_description:/home/dfolse/repos/SPIDER/SPIDER_ws/install/nav2_common NX_CONNECTION=192.168.1.26 58481 192.168.1.53 4000 /usr/bin/cmake --install /home/dfolse/repos/SPIDER/SPIDER_ws/build/spider_description
