running egg_info
writing ../../build/data_transfer/data_transfer.egg-info/PKG-INFO
writing dependency_links to ../../build/data_transfer/data_transfer.egg-info/dependency_links.txt
writing entry points to ../../build/data_transfer/data_transfer.egg-info/entry_points.txt
writing requirements to ../../build/data_transfer/data_transfer.egg-info/requires.txt
writing top-level names to ../../build/data_transfer/data_transfer.egg-info/top_level.txt
reading manifest file '../../build/data_transfer/data_transfer.egg-info/SOURCES.txt'
writing manifest file '../../build/data_transfer/data_transfer.egg-info/SOURCES.txt'
running build
running build_py
running install
running install_lib
creating /home/dfolse/repos/SPIDER/SPIDER_ws/install/data_transfer/lib/python3.8/site-packages/data_transfer
copying /home/dfolse/repos/SPIDER/SPIDER_ws/build/data_transfer/build/lib/data_transfer/publish_transfer.py -> /home/dfolse/repos/SPIDER/SPIDER_ws/install/data_transfer/lib/python3.8/site-packages/data_transfer
copying /home/dfolse/repos/SPIDER/SPIDER_ws/build/data_transfer/build/lib/data_transfer/subscribe_transfer.py -> /home/dfolse/repos/SPIDER/SPIDER_ws/install/data_transfer/lib/python3.8/site-packages/data_transfer
copying /home/dfolse/repos/SPIDER/SPIDER_ws/build/data_transfer/build/lib/data_transfer/create_test_data.py -> /home/dfolse/repos/SPIDER/SPIDER_ws/install/data_transfer/lib/python3.8/site-packages/data_transfer
copying /home/dfolse/repos/SPIDER/SPIDER_ws/build/data_transfer/build/lib/data_transfer/__init__.py -> /home/dfolse/repos/SPIDER/SPIDER_ws/install/data_transfer/lib/python3.8/site-packages/data_transfer
byte-compiling /home/dfolse/repos/SPIDER/SPIDER_ws/install/data_transfer/lib/python3.8/site-packages/data_transfer/publish_transfer.py to publish_transfer.cpython-38.pyc
byte-compiling /home/dfolse/repos/SPIDER/SPIDER_ws/install/data_transfer/lib/python3.8/site-packages/data_transfer/subscribe_transfer.py to subscribe_transfer.cpython-38.pyc
byte-compiling /home/dfolse/repos/SPIDER/SPIDER_ws/install/data_transfer/lib/python3.8/site-packages/data_transfer/create_test_data.py to create_test_data.cpython-38.pyc
byte-compiling /home/dfolse/repos/SPIDER/SPIDER_ws/install/data_transfer/lib/python3.8/site-packages/data_transfer/__init__.py to __init__.cpython-38.pyc
running install_data
creating /home/dfolse/repos/SPIDER/SPIDER_ws/install/data_transfer/share/ament_index
creating /home/dfolse/repos/SPIDER/SPIDER_ws/install/data_transfer/share/ament_index/resource_index
creating /home/dfolse/repos/SPIDER/SPIDER_ws/install/data_transfer/share/ament_index/resource_index/packages
copying resource/data_transfer -> /home/dfolse/repos/SPIDER/SPIDER_ws/install/data_transfer/share/ament_index/resource_index/packages
copying package.xml -> /home/dfolse/repos/SPIDER/SPIDER_ws/install/data_transfer/share/data_transfer
running install_egg_info
Copying ../../build/data_transfer/data_transfer.egg-info to /home/dfolse/repos/SPIDER/SPIDER_ws/install/data_transfer/lib/python3.8/site-packages/data_transfer-0.0.0-py3.8.egg-info
running install_scripts
Installing listener script to /home/dfolse/repos/SPIDER/SPIDER_ws/install/data_transfer/lib/data_transfer
Installing talker script to /home/dfolse/repos/SPIDER/SPIDER_ws/install/data_transfer/lib/data_transfer
writing list of installed files to '/home/dfolse/repos/SPIDER/SPIDER_ws/build/data_transfer/install.log'
