[0.921s] Invoking command in '/home/dfolse/repos/SPIDER/SPIDER_ws/build/spider_interfaces': CMAKE_PREFIX_PATH=/home/dfolse/repos/SPIDER/SPIDER_ws/install/locomotion:/home/dfolse/repos/SPIDER/SPIDER_ws/install/spider_interfaces:/home/dfolse/repos/SPIDER/SPIDER_ws/install/spider_nav:/home/dfolse/repos/SPIDER/SPIDER_ws/install/oak_d_lite:/home/dfolse/repos/SPIDER/SPIDER_ws/install/nav2_gazebo_spawner:/home/dfolse/repos/SPIDER/SPIDER_ws/install/data_transfer:/opt/ros/foxy:/home/dfolse/repos/SPIDER/SPIDER_ws/install/spider_description:/home/dfolse/repos/SPIDER/SPIDER_ws/install/nav2_common NX_CONNECTION=192.168.1.26 58481 192.168.1.53 4000 /usr/bin/cmake --build /home/dfolse/repos/SPIDER/SPIDER_ws/build/spider_interfaces -- -j6 -l6
[1.112s] [  2%] Built target spider_interfaces__cpp
[1.147s] [ 12%] Built target spider_interfaces__rosidl_generator_c
[1.261s] [ 23%] Built target spider_interfaces__rosidl_typesupport_introspection_cpp
[1.292s] [ 33%] Built target spider_interfaces__rosidl_typesupport_fastrtps_cpp
[1.300s] [ 43%] Built target spider_interfaces__rosidl_typesupport_cpp
[1.325s] [ 53%] Built target spider_interfaces__rosidl_typesupport_c
[1.335s] [ 64%] Built target spider_interfaces__rosidl_typesupport_introspection_c
[1.388s] [ 74%] Built target spider_interfaces__rosidl_typesupport_fastrtps_c
[1.500s] [ 74%] Built target spider_interfaces
[1.585s] [ 76%] Built target spider_interfaces__py
[1.685s] [ 84%] Built target spider_interfaces__python
[1.820s] [ 89%] Built target spider_interfaces__rosidl_typesupport_c__pyext
[1.846s] [ 94%] Built target spider_interfaces__rosidl_typesupport_fastrtps_c__pyext
[1.854s] [100%] Built target spider_interfaces__rosidl_typesupport_introspection_c__pyext
[2.188s] Invoked command in '/home/dfolse/repos/SPIDER/SPIDER_ws/build/spider_interfaces' returned '0': CMAKE_PREFIX_PATH=/home/dfolse/repos/SPIDER/SPIDER_ws/install/locomotion:/home/dfolse/repos/SPIDER/SPIDER_ws/install/spider_interfaces:/home/dfolse/repos/SPIDER/SPIDER_ws/install/spider_nav:/home/dfolse/repos/SPIDER/SPIDER_ws/install/oak_d_lite:/home/dfolse/repos/SPIDER/SPIDER_ws/install/nav2_gazebo_spawner:/home/dfolse/repos/SPIDER/SPIDER_ws/install/data_transfer:/opt/ros/foxy:/home/dfolse/repos/SPIDER/SPIDER_ws/install/spider_description:/home/dfolse/repos/SPIDER/SPIDER_ws/install/nav2_common NX_CONNECTION=192.168.1.26 58481 192.168.1.53 4000 /usr/bin/cmake --build /home/dfolse/repos/SPIDER/SPIDER_ws/build/spider_interfaces -- -j6 -l6
[3.810s] Invoking command in '/home/dfolse/repos/SPIDER/SPIDER_ws/build/spider_interfaces': CMAKE_PREFIX_PATH=/home/dfolse/repos/SPIDER/SPIDER_ws/install/locomotion:/home/dfolse/repos/SPIDER/SPIDER_ws/install/spider_interfaces:/home/dfolse/repos/SPIDER/SPIDER_ws/install/spider_nav:/home/dfolse/repos/SPIDER/SPIDER_ws/install/oak_d_lite:/home/dfolse/repos/SPIDER/SPIDER_ws/install/nav2_gazebo_spawner:/home/dfolse/repos/SPIDER/SPIDER_ws/install/data_transfer:/opt/ros/foxy:/home/dfolse/repos/SPIDER/SPIDER_ws/install/spider_description:/home/dfolse/repos/SPIDER/SPIDER_ws/install/nav2_common NX_CONNECTION=192.168.1.26 58481 192.168.1.53 4000 /usr/bin/cmake --install /home/dfolse/repos/SPIDER/SPIDER_ws/build/spider_interfaces
[3.872s] -- Install configuration: ""
[3.872s] -- Up-to-date: /home/dfolse/repos/SPIDER/SPIDER_ws/install/spider_interfaces/share/ament_index/resource_index/rosidl_interfaces/spider_interfaces
[3.872s] -- Up-to-date: /home/dfolse/repos/SPIDER/SPIDER_ws/install/spider_interfaces/include/spider_interfaces
[3.873s] -- Up-to-date: /home/dfolse/repos/SPIDER/SPIDER_ws/install/spider_interfaces/include/spider_interfaces/srv
[3.873s] -- Up-to-date: /home/dfolse/repos/SPIDER/SPIDER_ws/install/spider_interfaces/include/spider_interfaces/srv/detail
[3.873s] -- Up-to-date: /home/dfolse/repos/SPIDER/SPIDER_ws/install/spider_interfaces/include/spider_interfaces/srv/detail/loc_service__type_support.h
[3.873s] -- Up-to-date: /home/dfolse/repos/SPIDER/SPIDER_ws/install/spider_interfaces/include/spider_interfaces/srv/detail/loc_service__functions.c
[3.873s] -- Up-to-date: /home/dfolse/repos/SPIDER/SPIDER_ws/install/spider_interfaces/include/spider_interfaces/srv/detail/loc_service__functions.h
[3.873s] -- Up-to-date: /home/dfolse/repos/SPIDER/SPIDER_ws/install/spider_interfaces/include/spider_interfaces/srv/detail/loc_service__struct.h
[3.873s] -- Up-to-date: /home/dfolse/repos/SPIDER/SPIDER_ws/install/spider_interfaces/include/spider_interfaces/srv/loc_service.h
[3.873s] -- Up-to-date: /home/dfolse/repos/SPIDER/SPIDER_ws/install/spider_interfaces/include/spider_interfaces/msg
[3.874s] -- Up-to-date: /home/dfolse/repos/SPIDER/SPIDER_ws/install/spider_interfaces/include/spider_interfaces/msg/loc_commands.h
[3.874s] -- Up-to-date: /home/dfolse/repos/SPIDER/SPIDER_ws/install/spider_interfaces/include/spider_interfaces/msg/detail
[3.874s] -- Up-to-date: /home/dfolse/repos/SPIDER/SPIDER_ws/install/spider_interfaces/include/spider_interfaces/msg/detail/loc_commands__functions.h
[3.874s] -- Up-to-date: /home/dfolse/repos/SPIDER/SPIDER_ws/install/spider_interfaces/include/spider_interfaces/msg/detail/loc_commands__functions.c
[3.874s] -- Up-to-date: /home/dfolse/repos/SPIDER/SPIDER_ws/install/spider_interfaces/include/spider_interfaces/msg/detail/loc_commands__type_support.h
[3.874s] -- Up-to-date: /home/dfolse/repos/SPIDER/SPIDER_ws/install/spider_interfaces/include/spider_interfaces/msg/detail/loc_commands__struct.h
[3.875s] -- Up-to-date: /home/dfolse/repos/SPIDER/SPIDER_ws/install/spider_interfaces/include/spider_interfaces/msg/rosidl_generator_c__visibility_control.h
[3.875s] -- Up-to-date: /home/dfolse/repos/SPIDER/SPIDER_ws/install/spider_interfaces/share/spider_interfaces/environment/library_path.sh
[3.875s] -- Up-to-date: /home/dfolse/repos/SPIDER/SPIDER_ws/install/spider_interfaces/share/spider_interfaces/environment/library_path.dsv
[3.879s] -- Up-to-date: /home/dfolse/repos/SPIDER/SPIDER_ws/install/spider_interfaces/lib/libspider_interfaces__rosidl_generator_c.so
[3.879s] -- Up-to-date: /home/dfolse/repos/SPIDER/SPIDER_ws/install/spider_interfaces/include/spider_interfaces
[3.880s] -- Up-to-date: /home/dfolse/repos/SPIDER/SPIDER_ws/install/spider_interfaces/include/spider_interfaces/srv
[3.880s] -- Up-to-date: /home/dfolse/repos/SPIDER/SPIDER_ws/install/spider_interfaces/include/spider_interfaces/srv/detail
[3.880s] -- Up-to-date: /home/dfolse/repos/SPIDER/SPIDER_ws/install/spider_interfaces/include/spider_interfaces/srv/detail/loc_service__rosidl_typesupport_fastrtps_c.h
[3.880s] -- Up-to-date: /home/dfolse/repos/SPIDER/SPIDER_ws/install/spider_interfaces/include/spider_interfaces/msg
[3.880s] -- Up-to-date: /home/dfolse/repos/SPIDER/SPIDER_ws/install/spider_interfaces/include/spider_interfaces/msg/rosidl_typesupport_fastrtps_c__visibility_control.h
[3.881s] -- Up-to-date: /home/dfolse/repos/SPIDER/SPIDER_ws/install/spider_interfaces/include/spider_interfaces/msg/detail
[3.881s] -- Up-to-date: /home/dfolse/repos/SPIDER/SPIDER_ws/install/spider_interfaces/include/spider_interfaces/msg/detail/loc_commands__rosidl_typesupport_fastrtps_c.h
[3.888s] -- Up-to-date: /home/dfolse/repos/SPIDER/SPIDER_ws/install/spider_interfaces/lib/libspider_interfaces__rosidl_typesupport_fastrtps_c.so
[3.889s] -- Up-to-date: /home/dfolse/repos/SPIDER/SPIDER_ws/install/spider_interfaces/include/spider_interfaces
[3.889s] -- Up-to-date: /home/dfolse/repos/SPIDER/SPIDER_ws/install/spider_interfaces/include/spider_interfaces/srv
[3.889s] -- Up-to-date: /home/dfolse/repos/SPIDER/SPIDER_ws/install/spider_interfaces/include/spider_interfaces/srv/detail
[3.889s] -- Up-to-date: /home/dfolse/repos/SPIDER/SPIDER_ws/install/spider_interfaces/include/spider_interfaces/srv/detail/loc_service__rosidl_typesupport_fastrtps_cpp.hpp
[3.890s] -- Up-to-date: /home/dfolse/repos/SPIDER/SPIDER_ws/install/spider_interfaces/include/spider_interfaces/srv/detail/dds_fastrtps
[3.890s] -- Up-to-date: /home/dfolse/repos/SPIDER/SPIDER_ws/install/spider_interfaces/include/spider_interfaces/msg
[3.890s] -- Up-to-date: /home/dfolse/repos/SPIDER/SPIDER_ws/install/spider_interfaces/include/spider_interfaces/msg/detail
[3.890s] -- Up-to-date: /home/dfolse/repos/SPIDER/SPIDER_ws/install/spider_interfaces/include/spider_interfaces/msg/detail/dds_fastrtps
[3.890s] -- Up-to-date: /home/dfolse/repos/SPIDER/SPIDER_ws/install/spider_interfaces/include/spider_interfaces/msg/detail/loc_commands__rosidl_typesupport_fastrtps_cpp.hpp
[3.890s] -- Up-to-date: /home/dfolse/repos/SPIDER/SPIDER_ws/install/spider_interfaces/include/spider_interfaces/msg/rosidl_typesupport_fastrtps_cpp__visibility_control.h
[3.894s] -- Up-to-date: /home/dfolse/repos/SPIDER/SPIDER_ws/install/spider_interfaces/lib/libspider_interfaces__rosidl_typesupport_fastrtps_cpp.so
[3.895s] -- Up-to-date: /home/dfolse/repos/SPIDER/SPIDER_ws/install/spider_interfaces/include/spider_interfaces
[3.895s] -- Up-to-date: /home/dfolse/repos/SPIDER/SPIDER_ws/install/spider_interfaces/include/spider_interfaces/srv
[3.895s] -- Up-to-date: /home/dfolse/repos/SPIDER/SPIDER_ws/install/spider_interfaces/include/spider_interfaces/srv/detail
[3.895s] -- Up-to-date: /home/dfolse/repos/SPIDER/SPIDER_ws/install/spider_interfaces/include/spider_interfaces/srv/detail/loc_service__rosidl_typesupport_introspection_c.h
[3.895s] -- Up-to-date: /home/dfolse/repos/SPIDER/SPIDER_ws/install/spider_interfaces/include/spider_interfaces/srv/detail/loc_service__type_support.c
[3.895s] -- Up-to-date: /home/dfolse/repos/SPIDER/SPIDER_ws/install/spider_interfaces/include/spider_interfaces/msg
[3.896s] -- Up-to-date: /home/dfolse/repos/SPIDER/SPIDER_ws/install/spider_interfaces/include/spider_interfaces/msg/detail
[3.896s] -- Up-to-date: /home/dfolse/repos/SPIDER/SPIDER_ws/install/spider_interfaces/include/spider_interfaces/msg/detail/loc_commands__rosidl_typesupport_introspection_c.h
[3.896s] -- Up-to-date: /home/dfolse/repos/SPIDER/SPIDER_ws/install/spider_interfaces/include/spider_interfaces/msg/detail/loc_commands__type_support.c
[3.896s] -- Up-to-date: /home/dfolse/repos/SPIDER/SPIDER_ws/install/spider_interfaces/include/spider_interfaces/msg/rosidl_typesupport_introspection_c__visibility_control.h
[3.896s] -- Up-to-date: /home/dfolse/repos/SPIDER/SPIDER_ws/install/spider_interfaces/lib/libspider_interfaces__rosidl_typesupport_introspection_c.so
[3.909s] -- Up-to-date: /home/dfolse/repos/SPIDER/SPIDER_ws/install/spider_interfaces/lib/libspider_interfaces__rosidl_typesupport_c.so
[3.910s] -- Up-to-date: /home/dfolse/repos/SPIDER/SPIDER_ws/install/spider_interfaces/include/spider_interfaces
[3.910s] -- Up-to-date: /home/dfolse/repos/SPIDER/SPIDER_ws/install/spider_interfaces/include/spider_interfaces/srv
[3.910s] -- Up-to-date: /home/dfolse/repos/SPIDER/SPIDER_ws/install/spider_interfaces/include/spider_interfaces/srv/detail
[3.911s] -- Up-to-date: /home/dfolse/repos/SPIDER/SPIDER_ws/install/spider_interfaces/include/spider_interfaces/srv/detail/loc_service__builder.hpp
[3.911s] -- Up-to-date: /home/dfolse/repos/SPIDER/SPIDER_ws/install/spider_interfaces/include/spider_interfaces/srv/detail/loc_service__struct.hpp
[3.911s] -- Up-to-date: /home/dfolse/repos/SPIDER/SPIDER_ws/install/spider_interfaces/include/spider_interfaces/srv/detail/loc_service__type_support.hpp
[3.911s] -- Up-to-date: /home/dfolse/repos/SPIDER/SPIDER_ws/install/spider_interfaces/include/spider_interfaces/srv/detail/loc_service__traits.hpp
[3.911s] -- Up-to-date: /home/dfolse/repos/SPIDER/SPIDER_ws/install/spider_interfaces/include/spider_interfaces/srv/loc_service.hpp
[3.911s] -- Up-to-date: /home/dfolse/repos/SPIDER/SPIDER_ws/install/spider_interfaces/include/spider_interfaces/msg
[3.911s] -- Up-to-date: /home/dfolse/repos/SPIDER/SPIDER_ws/install/spider_interfaces/include/spider_interfaces/msg/loc_commands.hpp
[3.912s] -- Up-to-date: /home/dfolse/repos/SPIDER/SPIDER_ws/install/spider_interfaces/include/spider_interfaces/msg/rosidl_generator_cpp__visibility_control.hpp
[3.912s] -- Up-to-date: /home/dfolse/repos/SPIDER/SPIDER_ws/install/spider_interfaces/include/spider_interfaces/msg/detail
[3.912s] -- Up-to-date: /home/dfolse/repos/SPIDER/SPIDER_ws/install/spider_interfaces/include/spider_interfaces/msg/detail/loc_commands__traits.hpp
[3.912s] -- Up-to-date: /home/dfolse/repos/SPIDER/SPIDER_ws/install/spider_interfaces/include/spider_interfaces/msg/detail/loc_commands__struct.hpp
[3.912s] -- Up-to-date: /home/dfolse/repos/SPIDER/SPIDER_ws/install/spider_interfaces/include/spider_interfaces/msg/detail/loc_commands__type_support.hpp
[3.912s] -- Up-to-date: /home/dfolse/repos/SPIDER/SPIDER_ws/install/spider_interfaces/include/spider_interfaces/msg/detail/loc_commands__builder.hpp
[3.912s] -- Up-to-date: /home/dfolse/repos/SPIDER/SPIDER_ws/install/spider_interfaces/include/spider_interfaces
[3.912s] -- Up-to-date: /home/dfolse/repos/SPIDER/SPIDER_ws/install/spider_interfaces/include/spider_interfaces/srv
[3.913s] -- Up-to-date: /home/dfolse/repos/SPIDER/SPIDER_ws/install/spider_interfaces/include/spider_interfaces/srv/detail
[3.913s] -- Up-to-date: /home/dfolse/repos/SPIDER/SPIDER_ws/install/spider_interfaces/include/spider_interfaces/srv/detail/loc_service__type_support.cpp
[3.913s] -- Up-to-date: /home/dfolse/repos/SPIDER/SPIDER_ws/install/spider_interfaces/include/spider_interfaces/srv/detail/loc_service__rosidl_typesupport_introspection_cpp.hpp
[3.913s] -- Up-to-date: /home/dfolse/repos/SPIDER/SPIDER_ws/install/spider_interfaces/include/spider_interfaces/msg
[3.913s] -- Up-to-date: /home/dfolse/repos/SPIDER/SPIDER_ws/install/spider_interfaces/include/spider_interfaces/msg/detail
[3.913s] -- Up-to-date: /home/dfolse/repos/SPIDER/SPIDER_ws/install/spider_interfaces/include/spider_interfaces/msg/detail/loc_commands__type_support.cpp
[3.913s] -- Up-to-date: /home/dfolse/repos/SPIDER/SPIDER_ws/install/spider_interfaces/include/spider_interfaces/msg/detail/loc_commands__rosidl_typesupport_introspection_cpp.hpp
[3.913s] -- Up-to-date: /home/dfolse/repos/SPIDER/SPIDER_ws/install/spider_interfaces/lib/libspider_interfaces__rosidl_typesupport_introspection_cpp.so
[3.913s] -- Up-to-date: /home/dfolse/repos/SPIDER/SPIDER_ws/install/spider_interfaces/lib/libspider_interfaces__rosidl_typesupport_cpp.so
[3.914s] -- Up-to-date: /home/dfolse/repos/SPIDER/SPIDER_ws/install/spider_interfaces/share/spider_interfaces/environment/pythonpath.sh
[3.914s] -- Up-to-date: /home/dfolse/repos/SPIDER/SPIDER_ws/install/spider_interfaces/share/spider_interfaces/environment/pythonpath.dsv
[3.914s] -- Up-to-date: /home/dfolse/repos/SPIDER/SPIDER_ws/install/spider_interfaces/lib/python3.8/site-packages/spider_interfaces/__init__.py
[4.016s] -- Up-to-date: /home/dfolse/repos/SPIDER/SPIDER_ws/install/spider_interfaces/lib/python3.8/site-packages/spider_interfaces/msg
[4.017s] -- Up-to-date: /home/dfolse/repos/SPIDER/SPIDER_ws/install/spider_interfaces/lib/python3.8/site-packages/spider_interfaces/msg/_loc_commands.py
[4.017s] -- Up-to-date: /home/dfolse/repos/SPIDER/SPIDER_ws/install/spider_interfaces/lib/python3.8/site-packages/spider_interfaces/msg/_loc_commands_s.c
[4.017s] -- Up-to-date: /home/dfolse/repos/SPIDER/SPIDER_ws/install/spider_interfaces/lib/python3.8/site-packages/spider_interfaces/msg/__init__.py
[4.017s] -- Up-to-date: /home/dfolse/repos/SPIDER/SPIDER_ws/install/spider_interfaces/lib/python3.8/site-packages/spider_interfaces/srv
[4.027s] -- Up-to-date: /home/dfolse/repos/SPIDER/SPIDER_ws/install/spider_interfaces/lib/python3.8/site-packages/spider_interfaces/srv/_loc_service_s.c
[4.028s] -- Up-to-date: /home/dfolse/repos/SPIDER/SPIDER_ws/install/spider_interfaces/lib/python3.8/site-packages/spider_interfaces/srv/_loc_service.py
[4.028s] -- Up-to-date: /home/dfolse/repos/SPIDER/SPIDER_ws/install/spider_interfaces/lib/python3.8/site-packages/spider_interfaces/srv/__init__.py
[4.028s] -- Up-to-date: /home/dfolse/repos/SPIDER/SPIDER_ws/install/spider_interfaces/lib/python3.8/site-packages/spider_interfaces/spider_interfaces_s__rosidl_typesupport_fastrtps_c.cpython-38-aarch64-linux-gnu.so
[4.028s] -- Up-to-date: /home/dfolse/repos/SPIDER/SPIDER_ws/install/spider_interfaces/lib/python3.8/site-packages/spider_interfaces/spider_interfaces_s__rosidl_typesupport_introspection_c.cpython-38-aarch64-linux-gnu.so
[4.028s] -- Up-to-date: /home/dfolse/repos/SPIDER/SPIDER_ws/install/spider_interfaces/lib/python3.8/site-packages/spider_interfaces/spider_interfaces_s__rosidl_typesupport_c.cpython-38-aarch64-linux-gnu.so
[4.028s] -- Up-to-date: /home/dfolse/repos/SPIDER/SPIDER_ws/install/spider_interfaces/lib/libspider_interfaces__python.so
[4.029s] -- Up-to-date: /home/dfolse/repos/SPIDER/SPIDER_ws/install/spider_interfaces/share/spider_interfaces/msg/LocCommands.idl
[4.029s] -- Up-to-date: /home/dfolse/repos/SPIDER/SPIDER_ws/install/spider_interfaces/share/spider_interfaces/srv/LocService.idl
[4.029s] -- Up-to-date: /home/dfolse/repos/SPIDER/SPIDER_ws/install/spider_interfaces/share/spider_interfaces/msg/LocCommands.msg
[4.029s] -- Up-to-date: /home/dfolse/repos/SPIDER/SPIDER_ws/install/spider_interfaces/share/spider_interfaces/srv/LocService.srv
[4.029s] -- Up-to-date: /home/dfolse/repos/SPIDER/SPIDER_ws/install/spider_interfaces/share/spider_interfaces/srv/LocService_Request.msg
[4.029s] -- Up-to-date: /home/dfolse/repos/SPIDER/SPIDER_ws/install/spider_interfaces/share/spider_interfaces/srv/LocService_Response.msg
[4.029s] -- Up-to-date: /home/dfolse/repos/SPIDER/SPIDER_ws/install/spider_interfaces/share/ament_index/resource_index/package_run_dependencies/spider_interfaces
[4.030s] -- Up-to-date: /home/dfolse/repos/SPIDER/SPIDER_ws/install/spider_interfaces/share/ament_index/resource_index/parent_prefix_path/spider_interfaces
[4.030s] -- Up-to-date: /home/dfolse/repos/SPIDER/SPIDER_ws/install/spider_interfaces/share/spider_interfaces/environment/ament_prefix_path.sh
[4.030s] -- Up-to-date: /home/dfolse/repos/SPIDER/SPIDER_ws/install/spider_interfaces/share/spider_interfaces/environment/ament_prefix_path.dsv
[4.030s] -- Up-to-date: /home/dfolse/repos/SPIDER/SPIDER_ws/install/spider_interfaces/share/spider_interfaces/environment/path.sh
[4.030s] -- Up-to-date: /home/dfolse/repos/SPIDER/SPIDER_ws/install/spider_interfaces/share/spider_interfaces/environment/path.dsv
[4.030s] -- Up-to-date: /home/dfolse/repos/SPIDER/SPIDER_ws/install/spider_interfaces/share/spider_interfaces/local_setup.bash
[4.030s] -- Up-to-date: /home/dfolse/repos/SPIDER/SPIDER_ws/install/spider_interfaces/share/spider_interfaces/local_setup.sh
[4.031s] -- Up-to-date: /home/dfolse/repos/SPIDER/SPIDER_ws/install/spider_interfaces/share/spider_interfaces/local_setup.zsh
[4.031s] -- Up-to-date: /home/dfolse/repos/SPIDER/SPIDER_ws/install/spider_interfaces/share/spider_interfaces/local_setup.dsv
[4.031s] -- Installing: /home/dfolse/repos/SPIDER/SPIDER_ws/install/spider_interfaces/share/spider_interfaces/package.dsv
[4.047s] -- Up-to-date: /home/dfolse/repos/SPIDER/SPIDER_ws/install/spider_interfaces/share/ament_index/resource_index/packages/spider_interfaces
[4.048s] -- Up-to-date: /home/dfolse/repos/SPIDER/SPIDER_ws/install/spider_interfaces/share/spider_interfaces/cmake/spider_interfaces__rosidl_generator_cExport.cmake
[4.048s] -- Up-to-date: /home/dfolse/repos/SPIDER/SPIDER_ws/install/spider_interfaces/share/spider_interfaces/cmake/spider_interfaces__rosidl_generator_cExport-noconfig.cmake
[4.048s] -- Up-to-date: /home/dfolse/repos/SPIDER/SPIDER_ws/install/spider_interfaces/share/spider_interfaces/cmake/spider_interfaces__rosidl_typesupport_introspection_cExport.cmake
[4.048s] -- Up-to-date: /home/dfolse/repos/SPIDER/SPIDER_ws/install/spider_interfaces/share/spider_interfaces/cmake/spider_interfaces__rosidl_typesupport_introspection_cExport-noconfig.cmake
[4.048s] -- Up-to-date: /home/dfolse/repos/SPIDER/SPIDER_ws/install/spider_interfaces/share/spider_interfaces/cmake/spider_interfaces__rosidl_typesupport_cExport.cmake
[4.049s] -- Up-to-date: /home/dfolse/repos/SPIDER/SPIDER_ws/install/spider_interfaces/share/spider_interfaces/cmake/spider_interfaces__rosidl_typesupport_cExport-noconfig.cmake
[4.049s] -- Up-to-date: /home/dfolse/repos/SPIDER/SPIDER_ws/install/spider_interfaces/share/spider_interfaces/cmake/spider_interfaces__rosidl_generator_cppExport.cmake
[4.049s] -- Up-to-date: /home/dfolse/repos/SPIDER/SPIDER_ws/install/spider_interfaces/share/spider_interfaces/cmake/spider_interfaces__rosidl_typesupport_introspection_cppExport.cmake
[4.049s] -- Up-to-date: /home/dfolse/repos/SPIDER/SPIDER_ws/install/spider_interfaces/share/spider_interfaces/cmake/spider_interfaces__rosidl_typesupport_introspection_cppExport-noconfig.cmake
[4.049s] -- Up-to-date: /home/dfolse/repos/SPIDER/SPIDER_ws/install/spider_interfaces/share/spider_interfaces/cmake/spider_interfaces__rosidl_typesupport_cppExport.cmake
[4.049s] -- Up-to-date: /home/dfolse/repos/SPIDER/SPIDER_ws/install/spider_interfaces/share/spider_interfaces/cmake/spider_interfaces__rosidl_typesupport_cppExport-noconfig.cmake
[4.049s] -- Up-to-date: /home/dfolse/repos/SPIDER/SPIDER_ws/install/spider_interfaces/share/spider_interfaces/cmake/rosidl_cmake-extras.cmake
[4.049s] -- Up-to-date: /home/dfolse/repos/SPIDER/SPIDER_ws/install/spider_interfaces/share/spider_interfaces/cmake/ament_cmake_export_dependencies-extras.cmake
[4.050s] -- Up-to-date: /home/dfolse/repos/SPIDER/SPIDER_ws/install/spider_interfaces/share/spider_interfaces/cmake/ament_cmake_export_libraries-extras.cmake
[4.050s] -- Up-to-date: /home/dfolse/repos/SPIDER/SPIDER_ws/install/spider_interfaces/share/spider_interfaces/cmake/ament_cmake_export_targets-extras.cmake
[4.050s] -- Up-to-date: /home/dfolse/repos/SPIDER/SPIDER_ws/install/spider_interfaces/share/spider_interfaces/cmake/ament_cmake_export_include_directories-extras.cmake
[4.050s] -- Up-to-date: /home/dfolse/repos/SPIDER/SPIDER_ws/install/spider_interfaces/share/spider_interfaces/cmake/rosidl_cmake_export_typesupport_libraries-extras.cmake
[4.050s] -- Up-to-date: /home/dfolse/repos/SPIDER/SPIDER_ws/install/spider_interfaces/share/spider_interfaces/cmake/rosidl_cmake_export_typesupport_targets-extras.cmake
[4.050s] -- Up-to-date: /home/dfolse/repos/SPIDER/SPIDER_ws/install/spider_interfaces/share/spider_interfaces/cmake/spider_interfacesConfig.cmake
[4.051s] -- Up-to-date: /home/dfolse/repos/SPIDER/SPIDER_ws/install/spider_interfaces/share/spider_interfaces/cmake/spider_interfacesConfig-version.cmake
[4.051s] -- Up-to-date: /home/dfolse/repos/SPIDER/SPIDER_ws/install/spider_interfaces/share/spider_interfaces/package.xml
[5.982s] Invoked command in '/home/dfolse/repos/SPIDER/SPIDER_ws/build/spider_interfaces' returned '0': CMAKE_PREFIX_PATH=/home/dfolse/repos/SPIDER/SPIDER_ws/install/locomotion:/home/dfolse/repos/SPIDER/SPIDER_ws/install/spider_interfaces:/home/dfolse/repos/SPIDER/SPIDER_ws/install/spider_nav:/home/dfolse/repos/SPIDER/SPIDER_ws/install/oak_d_lite:/home/dfolse/repos/SPIDER/SPIDER_ws/install/nav2_gazebo_spawner:/home/dfolse/repos/SPIDER/SPIDER_ws/install/data_transfer:/opt/ros/foxy:/home/dfolse/repos/SPIDER/SPIDER_ws/install/spider_description:/home/dfolse/repos/SPIDER/SPIDER_ws/install/nav2_common NX_CONNECTION=192.168.1.26 58481 192.168.1.53 4000 /usr/bin/cmake --install /home/dfolse/repos/SPIDER/SPIDER_ws/build/spider_interfaces
