-- Install configuration: ""
-- Installing: /home/dfolse/repos/SPIDER/SPIDER_ws/install/depthai_descriptions/share/depthai_descriptions/launch
-- Installing: /home/dfolse/repos/SPIDER/SPIDER_ws/install/depthai_descriptions/share/depthai_descriptions/launch/urdf_launch.py
-- Installing: /home/dfolse/repos/SPIDER/SPIDER_ws/install/depthai_descriptions/share/depthai_descriptions/urdf
-- Installing: /home/dfolse/repos/SPIDER/SPIDER_ws/install/depthai_descriptions/share/depthai_descriptions/urdf/base_descr.urdf.xacro
-- Installing: /home/dfolse/repos/SPIDER/SPIDER_ws/install/depthai_descriptions/share/depthai_descriptions/urdf/depthai_descr.urdf.xacro
-- Installing: /home/dfolse/repos/SPIDER/SPIDER_ws/install/depthai_descriptions/share/depthai_descriptions/urdf/include
-- Installing: /home/dfolse/repos/SPIDER/SPIDER_ws/install/depthai_descriptions/share/depthai_descriptions/urdf/include/base_macro.urdf.xacro
-- Installing: /home/dfolse/repos/SPIDER/SPIDER_ws/install/depthai_descriptions/share/depthai_descriptions/urdf/include/depthai_macro.urdf.xacro
-- Installing: /home/dfolse/repos/SPIDER/SPIDER_ws/install/depthai_descriptions/share/depthai_descriptions/urdf/models
-- Installing: /home/dfolse/repos/SPIDER/SPIDER_ws/install/depthai_descriptions/share/depthai_descriptions/urdf/models/OAK-D-PRO.stl
-- Installing: /home/dfolse/repos/SPIDER/SPIDER_ws/install/depthai_descriptions/share/depthai_descriptions/urdf/models/OAK-D-PRO-W.stl
-- Installing: /home/dfolse/repos/SPIDER/SPIDER_ws/install/depthai_descriptions/share/depthai_descriptions/urdf/models/OAK-D-IOT-75.stl
-- Installing: /home/dfolse/repos/SPIDER/SPIDER_ws/install/depthai_descriptions/share/depthai_descriptions/urdf/models/OAK-D.stl
-- Installing: /home/dfolse/repos/SPIDER/SPIDER_ws/install/depthai_descriptions/share/depthai_descriptions/urdf/models/OAK-D-CM4-POE.stl
-- Installing: /home/dfolse/repos/SPIDER/SPIDER_ws/install/depthai_descriptions/share/depthai_descriptions/urdf/models/OAK-D-SR.stl
-- Installing: /home/dfolse/repos/SPIDER/SPIDER_ws/install/depthai_descriptions/share/depthai_descriptions/urdf/models/OAK-D-S2.stl
-- Installing: /home/dfolse/repos/SPIDER/SPIDER_ws/install/depthai_descriptions/share/depthai_descriptions/urdf/models/OAK-D-LR.stl
-- Installing: /home/dfolse/repos/SPIDER/SPIDER_ws/install/depthai_descriptions/share/depthai_descriptions/urdf/models/OAK-D-LITE.stl
-- Installing: /home/dfolse/repos/SPIDER/SPIDER_ws/install/depthai_descriptions/share/depthai_descriptions/urdf/models/OAK-D-POE.stl
-- Installing: /home/dfolse/repos/SPIDER/SPIDER_ws/install/depthai_descriptions/share/depthai_descriptions/environment/depthai_descriptions.sh
-- Installing: /home/dfolse/repos/SPIDER/SPIDER_ws/install/depthai_descriptions/share/depthai_descriptions/environment/depthai_descriptions.dsv
-- Installing: /home/dfolse/repos/SPIDER/SPIDER_ws/install/depthai_descriptions/share/ament_index/resource_index/package_run_dependencies/depthai_descriptions
-- Installing: /home/dfolse/repos/SPIDER/SPIDER_ws/install/depthai_descriptions/share/ament_index/resource_index/parent_prefix_path/depthai_descriptions
-- Installing: /home/dfolse/repos/SPIDER/SPIDER_ws/install/depthai_descriptions/share/depthai_descriptions/environment/ament_prefix_path.sh
-- Installing: /home/dfolse/repos/SPIDER/SPIDER_ws/install/depthai_descriptions/share/depthai_descriptions/environment/ament_prefix_path.dsv
-- Installing: /home/dfolse/repos/SPIDER/SPIDER_ws/install/depthai_descriptions/share/depthai_descriptions/environment/path.sh
-- Installing: /home/dfolse/repos/SPIDER/SPIDER_ws/install/depthai_descriptions/share/depthai_descriptions/environment/path.dsv
-- Installing: /home/dfolse/repos/SPIDER/SPIDER_ws/install/depthai_descriptions/share/depthai_descriptions/local_setup.bash
-- Installing: /home/dfolse/repos/SPIDER/SPIDER_ws/install/depthai_descriptions/share/depthai_descriptions/local_setup.sh
-- Installing: /home/dfolse/repos/SPIDER/SPIDER_ws/install/depthai_descriptions/share/depthai_descriptions/local_setup.zsh
-- Installing: /home/dfolse/repos/SPIDER/SPIDER_ws/install/depthai_descriptions/share/depthai_descriptions/local_setup.dsv
-- Installing: /home/dfolse/repos/SPIDER/SPIDER_ws/install/depthai_descriptions/share/depthai_descriptions/package.dsv
-- Installing: /home/dfolse/repos/SPIDER/SPIDER_ws/install/depthai_descriptions/share/ament_index/resource_index/packages/depthai_descriptions
-- Installing: /home/dfolse/repos/SPIDER/SPIDER_ws/install/depthai_descriptions/share/depthai_descriptions/cmake/depthai_descriptionsConfig.cmake
-- Installing: /home/dfolse/repos/SPIDER/SPIDER_ws/install/depthai_descriptions/share/depthai_descriptions/cmake/depthai_descriptionsConfig-version.cmake
-- Installing: /home/dfolse/repos/SPIDER/SPIDER_ws/install/depthai_descriptions/share/depthai_descriptions/package.xml
