[5.280s] Invoking command in '/home/dfolse/repos/SPIDER/SPIDER_ws/src/navigation2/nav2_bringup/nav2_gazebo_spawner': NX_CONNECTION=192.168.1.26 49420 192.168.1.53 4000 PYTHONPATH=/home/dfolse/repos/SPIDER/SPIDER_ws/build/nav2_gazebo_spawner/prefix_override:/home/dfolse/repos/SPIDER/SPIDER_ws/install/nav2_gazebo_spawner/lib/python3.8/site-packages:${PYTHONPATH} /usr/bin/python3 setup.py egg_info --egg-base ../../../../build/nav2_gazebo_spawner build --build-base /home/dfolse/repos/SPIDER/SPIDER_ws/build/nav2_gazebo_spawner/build install --record /home/dfolse/repos/SPIDER/SPIDER_ws/build/nav2_gazebo_spawner/install.log --single-version-externally-managed
[5.847s] running egg_info
[5.847s] creating ../../../../build/nav2_gazebo_spawner/nav2_gazebo_spawner.egg-info
[5.849s] writing ../../../../build/nav2_gazebo_spawner/nav2_gazebo_spawner.egg-info/PKG-INFO
[5.850s] writing dependency_links to ../../../../build/nav2_gazebo_spawner/nav2_gazebo_spawner.egg-info/dependency_links.txt
[5.850s] writing entry points to ../../../../build/nav2_gazebo_spawner/nav2_gazebo_spawner.egg-info/entry_points.txt
[5.850s] writing requirements to ../../../../build/nav2_gazebo_spawner/nav2_gazebo_spawner.egg-info/requires.txt
[5.850s] writing top-level names to ../../../../build/nav2_gazebo_spawner/nav2_gazebo_spawner.egg-info/top_level.txt
[5.852s] writing manifest file '../../../../build/nav2_gazebo_spawner/nav2_gazebo_spawner.egg-info/SOURCES.txt'
[5.857s] reading manifest file '../../../../build/nav2_gazebo_spawner/nav2_gazebo_spawner.egg-info/SOURCES.txt'
[5.859s] writing manifest file '../../../../build/nav2_gazebo_spawner/nav2_gazebo_spawner.egg-info/SOURCES.txt'
[5.860s] running build
[5.861s] running build_py
[5.864s] creating /home/dfolse/repos/SPIDER/SPIDER_ws/build/nav2_gazebo_spawner/build
[5.866s] creating /home/dfolse/repos/SPIDER/SPIDER_ws/build/nav2_gazebo_spawner/build/lib
[5.866s] creating /home/dfolse/repos/SPIDER/SPIDER_ws/build/nav2_gazebo_spawner/build/lib/nav2_gazebo_spawner
[5.868s] copying nav2_gazebo_spawner/nav2_gazebo_spawner.py -> /home/dfolse/repos/SPIDER/SPIDER_ws/build/nav2_gazebo_spawner/build/lib/nav2_gazebo_spawner
[5.868s] copying nav2_gazebo_spawner/__init__.py -> /home/dfolse/repos/SPIDER/SPIDER_ws/build/nav2_gazebo_spawner/build/lib/nav2_gazebo_spawner
[5.869s] running install
[5.871s] running install_lib
[5.873s] creating /home/dfolse/repos/SPIDER/SPIDER_ws/install/nav2_gazebo_spawner/lib/python3.8/site-packages/nav2_gazebo_spawner
[5.873s] copying /home/dfolse/repos/SPIDER/SPIDER_ws/build/nav2_gazebo_spawner/build/lib/nav2_gazebo_spawner/nav2_gazebo_spawner.py -> /home/dfolse/repos/SPIDER/SPIDER_ws/install/nav2_gazebo_spawner/lib/python3.8/site-packages/nav2_gazebo_spawner
[5.873s] copying /home/dfolse/repos/SPIDER/SPIDER_ws/build/nav2_gazebo_spawner/build/lib/nav2_gazebo_spawner/__init__.py -> /home/dfolse/repos/SPIDER/SPIDER_ws/install/nav2_gazebo_spawner/lib/python3.8/site-packages/nav2_gazebo_spawner
[5.873s] byte-compiling /home/dfolse/repos/SPIDER/SPIDER_ws/install/nav2_gazebo_spawner/lib/python3.8/site-packages/nav2_gazebo_spawner/nav2_gazebo_spawner.py to nav2_gazebo_spawner.cpython-38.pyc
[5.873s] byte-compiling /home/dfolse/repos/SPIDER/SPIDER_ws/install/nav2_gazebo_spawner/lib/python3.8/site-packages/nav2_gazebo_spawner/__init__.py to __init__.cpython-38.pyc
[5.874s] running install_data
[5.875s] creating /home/dfolse/repos/SPIDER/SPIDER_ws/install/nav2_gazebo_spawner/share/ament_index
[5.875s] creating /home/dfolse/repos/SPIDER/SPIDER_ws/install/nav2_gazebo_spawner/share/ament_index/resource_index
[5.877s] creating /home/dfolse/repos/SPIDER/SPIDER_ws/install/nav2_gazebo_spawner/share/ament_index/resource_index/packages
[5.877s] copying resource/nav2_gazebo_spawner -> /home/dfolse/repos/SPIDER/SPIDER_ws/install/nav2_gazebo_spawner/share/ament_index/resource_index/packages
[5.877s] copying package.xml -> /home/dfolse/repos/SPIDER/SPIDER_ws/install/nav2_gazebo_spawner/share/nav2_gazebo_spawner
[5.877s] running install_egg_info
[5.878s] Copying ../../../../build/nav2_gazebo_spawner/nav2_gazebo_spawner.egg-info to /home/dfolse/repos/SPIDER/SPIDER_ws/install/nav2_gazebo_spawner/lib/python3.8/site-packages/nav2_gazebo_spawner-0.3.0-py3.8.egg-info
[5.878s] running install_scripts
[5.931s] Installing nav2_gazebo_spawner script to /home/dfolse/repos/SPIDER/SPIDER_ws/install/nav2_gazebo_spawner/lib/nav2_gazebo_spawner
[5.933s] writing list of installed files to '/home/dfolse/repos/SPIDER/SPIDER_ws/build/nav2_gazebo_spawner/install.log'
[6.571s] Invoked command in '/home/dfolse/repos/SPIDER/SPIDER_ws/src/navigation2/nav2_bringup/nav2_gazebo_spawner' returned '0': NX_CONNECTION=192.168.1.26 49420 192.168.1.53 4000 PYTHONPATH=/home/dfolse/repos/SPIDER/SPIDER_ws/build/nav2_gazebo_spawner/prefix_override:/home/dfolse/repos/SPIDER/SPIDER_ws/install/nav2_gazebo_spawner/lib/python3.8/site-packages:${PYTHONPATH} /usr/bin/python3 setup.py egg_info --egg-base ../../../../build/nav2_gazebo_spawner build --build-base /home/dfolse/repos/SPIDER/SPIDER_ws/build/nav2_gazebo_spawner/build install --record /home/dfolse/repos/SPIDER/SPIDER_ws/build/nav2_gazebo_spawner/install.log --single-version-externally-managed
