[3.253s] Invoking command in '/home/dfolse/repos/SPIDER/SPIDER_ws/src/spider_nav': NX_CONNECTION=192.168.1.26 61486 192.168.1.53 4000 PYTHONPATH=/home/dfolse/repos/SPIDER/SPIDER_ws/build/spider_nav/prefix_override:/home/dfolse/repos/SPIDER/SPIDER_ws/install/spider_nav/lib/python3.8/site-packages:${PYTHONPATH} /usr/bin/python3 -W ignore:setup.py install is deprecated setup.py egg_info --egg-base ../../build/spider_nav build --build-base /home/dfolse/repos/SPIDER/SPIDER_ws/build/spider_nav/build install --record /home/dfolse/repos/SPIDER/SPIDER_ws/build/spider_nav/install.log --single-version-externally-managed install_data
[3.823s] running egg_info
[3.824s] writing ../../build/spider_nav/spider_nav.egg-info/PKG-INFO
[3.825s] writing dependency_links to ../../build/spider_nav/spider_nav.egg-info/dependency_links.txt
[3.825s] writing entry points to ../../build/spider_nav/spider_nav.egg-info/entry_points.txt
[3.825s] writing requirements to ../../build/spider_nav/spider_nav.egg-info/requires.txt
[3.826s] writing top-level names to ../../build/spider_nav/spider_nav.egg-info/top_level.txt
[3.833s] reading manifest file '../../build/spider_nav/spider_nav.egg-info/SOURCES.txt'
[3.835s] writing manifest file '../../build/spider_nav/spider_nav.egg-info/SOURCES.txt'
[3.835s] running build
[3.835s] running build_py
[3.837s] running install
[3.840s] running install_lib
[3.844s] running install_data
[3.846s] copying config/nav2_no_map_params.yaml -> /home/dfolse/repos/SPIDER/SPIDER_ws/install/spider_nav/share/spider_nav/config
[3.846s] running install_egg_info
[3.850s] removing '/home/dfolse/repos/SPIDER/SPIDER_ws/install/spider_nav/lib/python3.8/site-packages/spider_nav-0.0.0-py3.8.egg-info' (and everything under it)
[3.850s] Copying ../../build/spider_nav/spider_nav.egg-info to /home/dfolse/repos/SPIDER/SPIDER_ws/install/spider_nav/lib/python3.8/site-packages/spider_nav-0.0.0-py3.8.egg-info
[3.853s] running install_scripts
[3.905s] Installing gps_waypoint_logger script to /home/dfolse/repos/SPIDER/SPIDER_ws/install/spider_nav/lib/spider_nav
[3.905s] Installing interactive_waypoint_follower script to /home/dfolse/repos/SPIDER/SPIDER_ws/install/spider_nav/lib/spider_nav
[3.905s] Installing logged_waypoint_follower script to /home/dfolse/repos/SPIDER/SPIDER_ws/install/spider_nav/lib/spider_nav
[3.905s] writing list of installed files to '/home/dfolse/repos/SPIDER/SPIDER_ws/build/spider_nav/install.log'
[3.991s] Invoked command in '/home/dfolse/repos/SPIDER/SPIDER_ws/src/spider_nav' returned '0': NX_CONNECTION=192.168.1.26 61486 192.168.1.53 4000 PYTHONPATH=/home/dfolse/repos/SPIDER/SPIDER_ws/build/spider_nav/prefix_override:/home/dfolse/repos/SPIDER/SPIDER_ws/install/spider_nav/lib/python3.8/site-packages:${PYTHONPATH} /usr/bin/python3 -W ignore:setup.py install is deprecated setup.py egg_info --egg-base ../../build/spider_nav build --build-base /home/dfolse/repos/SPIDER/SPIDER_ws/build/spider_nav/build install --record /home/dfolse/repos/SPIDER/SPIDER_ws/build/spider_nav/install.log --single-version-externally-managed install_data
