[4.131s] Invoking command in '/home/dfolse/repos/SPIDER/SPIDER_ws/src/oak_d_lite': NX_CONNECTION=192.168.1.26 61486 192.168.1.53 4000 PYTHONPATH=/home/dfolse/repos/SPIDER/SPIDER_ws/build/oak_d_lite/prefix_override:/home/dfolse/repos/SPIDER/SPIDER_ws/install/oak_d_lite/lib/python3.8/site-packages:${PYTHONPATH} /usr/bin/python3 -W ignore:setup.py install is deprecated setup.py egg_info --egg-base ../../build/oak_d_lite build --build-base /home/dfolse/repos/SPIDER/SPIDER_ws/build/oak_d_lite/build install --record /home/dfolse/repos/SPIDER/SPIDER_ws/build/oak_d_lite/install.log --single-version-externally-managed install_data
[4.729s] running egg_info
[4.730s] writing ../../build/oak_d_lite/oak_d_lite.egg-info/PKG-INFO
[4.732s] writing dependency_links to ../../build/oak_d_lite/oak_d_lite.egg-info/dependency_links.txt
[4.734s] writing entry points to ../../build/oak_d_lite/oak_d_lite.egg-info/entry_points.txt
[4.735s] writing requirements to ../../build/oak_d_lite/oak_d_lite.egg-info/requires.txt
[4.735s] writing top-level names to ../../build/oak_d_lite/oak_d_lite.egg-info/top_level.txt
[4.744s] reading manifest file '../../build/oak_d_lite/oak_d_lite.egg-info/SOURCES.txt'
[4.744s] writing manifest file '../../build/oak_d_lite/oak_d_lite.egg-info/SOURCES.txt'
[4.744s] running build
[4.744s] running build_py
[4.745s] running install
[4.747s] running install_lib
[4.753s] running install_data
[4.753s] running install_egg_info
[4.757s] removing '/home/dfolse/repos/SPIDER/SPIDER_ws/install/oak_d_lite/lib/python3.8/site-packages/oak_d_lite-0.0.0-py3.8.egg-info' (and everything under it)
[4.758s] Copying ../../build/oak_d_lite/oak_d_lite.egg-info to /home/dfolse/repos/SPIDER/SPIDER_ws/install/oak_d_lite/lib/python3.8/site-packages/oak_d_lite-0.0.0-py3.8.egg-info
[4.760s] running install_scripts
[4.805s] Installing stereo script to /home/dfolse/repos/SPIDER/SPIDER_ws/install/oak_d_lite/lib/oak_d_lite
[4.806s] writing list of installed files to '/home/dfolse/repos/SPIDER/SPIDER_ws/build/oak_d_lite/install.log'
[4.920s] Invoked command in '/home/dfolse/repos/SPIDER/SPIDER_ws/src/oak_d_lite' returned '0': NX_CONNECTION=192.168.1.26 61486 192.168.1.53 4000 PYTHONPATH=/home/dfolse/repos/SPIDER/SPIDER_ws/build/oak_d_lite/prefix_override:/home/dfolse/repos/SPIDER/SPIDER_ws/install/oak_d_lite/lib/python3.8/site-packages:${PYTHONPATH} /usr/bin/python3 -W ignore:setup.py install is deprecated setup.py egg_info --egg-base ../../build/oak_d_lite build --build-base /home/dfolse/repos/SPIDER/SPIDER_ws/build/oak_d_lite/build install --record /home/dfolse/repos/SPIDER/SPIDER_ws/build/oak_d_lite/install.log --single-version-externally-managed install_data
