[3.128s] Invoking command in '/home/dfolse/repos/SPIDER/SPIDER_ws/src/spider_nav': NX_CONNECTION=192.168.1.26 63880 192.168.1.53 4000 PYTHONPATH=/home/dfolse/repos/SPIDER/SPIDER_ws/build/spider_nav/prefix_override:/home/dfolse/repos/SPIDER/SPIDER_ws/install/spider_nav/lib/python3.8/site-packages:${PYTHONPATH} /usr/bin/python3 -W ignore:setup.py install is deprecated setup.py egg_info --egg-base ../../build/spider_nav build --build-base /home/dfolse/repos/SPIDER/SPIDER_ws/build/spider_nav/build install --record /home/dfolse/repos/SPIDER/SPIDER_ws/build/spider_nav/install.log --single-version-externally-managed install_data
[3.733s] running egg_info
[3.734s] writing ../../build/spider_nav/spider_nav.egg-info/PKG-INFO
[3.735s] writing dependency_links to ../../build/spider_nav/spider_nav.egg-info/dependency_links.txt
[3.735s] writing entry points to ../../build/spider_nav/spider_nav.egg-info/entry_points.txt
[3.736s] writing requirements to ../../build/spider_nav/spider_nav.egg-info/requires.txt
[3.736s] writing top-level names to ../../build/spider_nav/spider_nav.egg-info/top_level.txt
[3.748s] reading manifest file '../../build/spider_nav/spider_nav.egg-info/SOURCES.txt'
[3.748s] writing manifest file '../../build/spider_nav/spider_nav.egg-info/SOURCES.txt'
[3.748s] running build
[3.748s] running build_py
[3.748s] running install
[3.750s] running install_lib
[3.754s] creating /home/dfolse/repos/SPIDER/SPIDER_ws/install/spider_nav/lib/python3.8/site-packages/spider_nav
[3.755s] copying /home/dfolse/repos/SPIDER/SPIDER_ws/build/spider_nav/build/lib/spider_nav/gps_waypoint_logger.py -> /home/dfolse/repos/SPIDER/SPIDER_ws/install/spider_nav/lib/python3.8/site-packages/spider_nav
[3.761s] copying /home/dfolse/repos/SPIDER/SPIDER_ws/build/spider_nav/build/lib/spider_nav/logged_waypoint_follower.py -> /home/dfolse/repos/SPIDER/SPIDER_ws/install/spider_nav/lib/python3.8/site-packages/spider_nav
[3.761s] copying /home/dfolse/repos/SPIDER/SPIDER_ws/build/spider_nav/build/lib/spider_nav/interactive_waypoint_follower.py -> /home/dfolse/repos/SPIDER/SPIDER_ws/install/spider_nav/lib/python3.8/site-packages/spider_nav
[3.773s] copying /home/dfolse/repos/SPIDER/SPIDER_ws/build/spider_nav/build/lib/spider_nav/__init__.py -> /home/dfolse/repos/SPIDER/SPIDER_ws/install/spider_nav/lib/python3.8/site-packages/spider_nav
[3.773s] creating /home/dfolse/repos/SPIDER/SPIDER_ws/install/spider_nav/lib/python3.8/site-packages/spider_nav/utils
[3.773s] copying /home/dfolse/repos/SPIDER/SPIDER_ws/build/spider_nav/build/lib/spider_nav/utils/gps_utils.py -> /home/dfolse/repos/SPIDER/SPIDER_ws/install/spider_nav/lib/python3.8/site-packages/spider_nav/utils
[3.778s] copying /home/dfolse/repos/SPIDER/SPIDER_ws/build/spider_nav/build/lib/spider_nav/utils/__init__.py -> /home/dfolse/repos/SPIDER/SPIDER_ws/install/spider_nav/lib/python3.8/site-packages/spider_nav/utils
[3.779s] byte-compiling /home/dfolse/repos/SPIDER/SPIDER_ws/install/spider_nav/lib/python3.8/site-packages/spider_nav/gps_waypoint_logger.py to gps_waypoint_logger.cpython-38.pyc
[3.782s] byte-compiling /home/dfolse/repos/SPIDER/SPIDER_ws/install/spider_nav/lib/python3.8/site-packages/spider_nav/logged_waypoint_follower.py to logged_waypoint_follower.cpython-38.pyc
[3.783s] byte-compiling /home/dfolse/repos/SPIDER/SPIDER_ws/install/spider_nav/lib/python3.8/site-packages/spider_nav/interactive_waypoint_follower.py to interactive_waypoint_follower.cpython-38.pyc
[3.784s] byte-compiling /home/dfolse/repos/SPIDER/SPIDER_ws/install/spider_nav/lib/python3.8/site-packages/spider_nav/__init__.py to __init__.cpython-38.pyc
[3.785s] byte-compiling /home/dfolse/repos/SPIDER/SPIDER_ws/install/spider_nav/lib/python3.8/site-packages/spider_nav/utils/gps_utils.py to gps_utils.cpython-38.pyc
[3.786s] byte-compiling /home/dfolse/repos/SPIDER/SPIDER_ws/install/spider_nav/lib/python3.8/site-packages/spider_nav/utils/__init__.py to __init__.cpython-38.pyc
[3.787s] running install_data
[3.787s] creating /home/dfolse/repos/SPIDER/SPIDER_ws/install/spider_nav/share/ament_index
[3.788s] creating /home/dfolse/repos/SPIDER/SPIDER_ws/install/spider_nav/share/ament_index/resource_index
[3.788s] creating /home/dfolse/repos/SPIDER/SPIDER_ws/install/spider_nav/share/ament_index/resource_index/packages
[3.789s] copying resource/spider_nav -> /home/dfolse/repos/SPIDER/SPIDER_ws/install/spider_nav/share/ament_index/resource_index/packages
[3.789s] copying package.xml -> /home/dfolse/repos/SPIDER/SPIDER_ws/install/spider_nav/share/spider_nav
[3.790s] creating /home/dfolse/repos/SPIDER/SPIDER_ws/install/spider_nav/share/spider_nav/launch
[3.791s] copying launch/mapviz.launch.py -> /home/dfolse/repos/SPIDER/SPIDER_ws/install/spider_nav/share/spider_nav/launch
[3.802s] copying launch/spider_nav.launch.py -> /home/dfolse/repos/SPIDER/SPIDER_ws/install/spider_nav/share/spider_nav/launch
[3.803s] creating /home/dfolse/repos/SPIDER/SPIDER_ws/install/spider_nav/share/spider_nav/config
[3.804s] copying config/gps_wpf_demo.mvc -> /home/dfolse/repos/SPIDER/SPIDER_ws/install/spider_nav/share/spider_nav/config
[3.804s] copying config/demo_waypoints.yaml -> /home/dfolse/repos/SPIDER/SPIDER_ws/install/spider_nav/share/spider_nav/config
[3.804s] copying config/nav2_no_map_params.yaml -> /home/dfolse/repos/SPIDER/SPIDER_ws/install/spider_nav/share/spider_nav/config
[3.804s] running install_egg_info
[3.808s] Copying ../../build/spider_nav/spider_nav.egg-info to /home/dfolse/repos/SPIDER/SPIDER_ws/install/spider_nav/lib/python3.8/site-packages/spider_nav-0.0.0-py3.8.egg-info
[3.811s] running install_scripts
[3.859s] Installing gps_waypoint_logger script to /home/dfolse/repos/SPIDER/SPIDER_ws/install/spider_nav/lib/spider_nav
[3.860s] Installing interactive_waypoint_follower script to /home/dfolse/repos/SPIDER/SPIDER_ws/install/spider_nav/lib/spider_nav
[3.860s] Installing logged_waypoint_follower script to /home/dfolse/repos/SPIDER/SPIDER_ws/install/spider_nav/lib/spider_nav
[3.862s] writing list of installed files to '/home/dfolse/repos/SPIDER/SPIDER_ws/build/spider_nav/install.log'
[4.392s] Invoked command in '/home/dfolse/repos/SPIDER/SPIDER_ws/src/spider_nav' returned '0': NX_CONNECTION=192.168.1.26 63880 192.168.1.53 4000 PYTHONPATH=/home/dfolse/repos/SPIDER/SPIDER_ws/build/spider_nav/prefix_override:/home/dfolse/repos/SPIDER/SPIDER_ws/install/spider_nav/lib/python3.8/site-packages:${PYTHONPATH} /usr/bin/python3 -W ignore:setup.py install is deprecated setup.py egg_info --egg-base ../../build/spider_nav build --build-base /home/dfolse/repos/SPIDER/SPIDER_ws/build/spider_nav/build install --record /home/dfolse/repos/SPIDER/SPIDER_ws/build/spider_nav/install.log --single-version-externally-managed install_data
