[0.062s] Invoking command in '/home/dfolse/repos/SPIDER/SPIDER_ws/build/nav2_util': CMAKE_PREFIX_PATH=/home/dfolse/repos/SPIDER/SPIDER_ws/install/nav2_msgs:/home/dfolse/repos/SPIDER/SPIDER_ws/install/nav2_common:/home/dfolse/repos/SPIDER/SPIDER_ws/install/locomotion:/home/dfolse/repos/SPIDER/SPIDER_ws/install/spider_interfaces:/home/dfolse/repos/SPIDER/SPIDER_ws/install/spider_nav:/home/dfolse/repos/SPIDER/SPIDER_ws/install/oak_d_lite:/home/dfolse/repos/SPIDER/SPIDER_ws/install/nav2_gazebo_spawner:/home/dfolse/repos/SPIDER/SPIDER_ws/install/data_transfer:/opt/ros/foxy:/home/dfolse/repos/SPIDER/SPIDER_ws/install/spider_description:/home/dfolse/repos/SPIDER/SPIDER_ws/install/nav_2d_utils:/home/dfolse/repos/SPIDER/SPIDER_ws/install/dwb_msgs:/home/dfolse/repos/SPIDER/SPIDER_ws/install/nav_2d_msgs:/home/dfolse/repos/SPIDER/SPIDER_ws/install/nav2_waypoint_follower:/home/dfolse/repos/SPIDER/SPIDER_ws/install/nav2_voxel_grid:/home/dfolse/repos/SPIDER/SPIDER_ws/install/nav2_lifecycle_manager:/home/dfolse/repos/SPIDER/SPIDER_ws/install/nav2_util:/home/dfolse/repos/SPIDER/SPIDER_ws/install/depthai_ros_msgs:/home/dfolse/repos/SPIDER/SPIDER_ws/install/depthai_descriptions LD_LIBRARY_PATH=/home/dfolse/repos/SPIDER/SPIDER_ws/install/nav2_msgs/lib:/home/dfolse/repos/SPIDER/SPIDER_ws/install/spider_interfaces/lib:/home/dfolse/repos/SPIDER/SPIDER_ws/install/nav_2d_utils/lib:/home/dfolse/repos/SPIDER/SPIDER_ws/install/dwb_msgs/lib:/home/dfolse/repos/SPIDER/SPIDER_ws/install/nav_2d_msgs/lib:/home/dfolse/repos/SPIDER/SPIDER_ws/install/nav2_waypoint_follower/lib:/home/dfolse/repos/SPIDER/SPIDER_ws/install/nav2_voxel_grid/lib:/home/dfolse/repos/SPIDER/SPIDER_ws/install/nav2_lifecycle_manager/lib:/home/dfolse/repos/SPIDER/SPIDER_ws/install/nav2_util/lib:/home/dfolse/repos/SPIDER/SPIDER_ws/install/depthai_ros_msgs/lib:/opt/ros/foxy/opt/yaml_cpp_vendor/lib:/opt/ros/foxy/opt/rviz_ogre_vendor/lib:/opt/ros/foxy/lib/aarch64-linux-gnu:/opt/ros/foxy/lib NX_CONNECTION=192.168.1.26 63880 192.168.1.53 4000 PYTHONPATH=/home/dfolse/repos/SPIDER/SPIDER_ws/install/nav2_msgs/lib/python3.8/site-packages:/home/dfolse/repos/SPIDER/SPIDER_ws/install/nav2_common/lib/python3.8/site-packages:/home/dfolse/repos/SPIDER/SPIDER_ws/install/spider_nav/lib/python3.8/site-packages:/home/dfolse/repos/SPIDER/SPIDER_ws/install/locomotion/lib/python3.8/site-packages:/home/dfolse/repos/SPIDER/SPIDER_ws/install/spider_interfaces/lib/python3.8/site-packages:/home/dfolse/repos/SPIDER/SPIDER_ws/install/oak_d_lite/lib/python3.8/site-packages:/home/dfolse/repos/SPIDER/SPIDER_ws/install/dwb_msgs/lib/python3.8/site-packages:/home/dfolse/repos/SPIDER/SPIDER_ws/install/nav_2d_msgs/lib/python3.8/site-packages:/home/dfolse/repos/SPIDER/SPIDER_ws/install/nav2_gazebo_spawner/lib/python3.8/site-packages:/home/dfolse/repos/SPIDER/SPIDER_ws/install/depthai_ros_msgs/lib/python3.8/site-packages:/home/dfolse/repos/SPIDER/SPIDER_ws/install/data_transfer/lib/python3.8/site-packages:/opt/ros/foxy/lib/python3.8/site-packages /usr/bin/cmake --build /home/dfolse/repos/SPIDER/SPIDER_ws/build/nav2_util -- -j6 -l6
[0.250s] [ 10%] Built target gtest
[0.250s] [ 10%] Built target gtest_main
[0.274s] [ 15%] Built target dump_params
[0.303s] [ 40%] Built target nav2_util_core
[0.335s] [ 45%] Built target test_execution_timer
[0.402s] [ 50%] Built target test_string_utils
[0.424s] [ 55%] Built target test_service_client
[0.430s] [ 60%] Built target lifecycle_bringup
[0.430s] [ 65%] Built target test_lifecycle_utils
[0.468s] [ 70%] Built target test_actions
[0.476s] [ 75%] Built target test_lifecycle_node
[0.541s] [ 80%] Built target test_node_utils
[0.548s] [ 85%] Built target test_geometry_utils
[0.561s] [ 95%] Built target test_lifecycle_cli_node
[0.562s] [ 95%] Built target test_odometry_utils
[0.593s] [100%] Built target test_robot_utils
[0.631s] Invoked command in '/home/dfolse/repos/SPIDER/SPIDER_ws/build/nav2_util' returned '0': CMAKE_PREFIX_PATH=/home/dfolse/repos/SPIDER/SPIDER_ws/install/nav2_msgs:/home/dfolse/repos/SPIDER/SPIDER_ws/install/nav2_common:/home/dfolse/repos/SPIDER/SPIDER_ws/install/locomotion:/home/dfolse/repos/SPIDER/SPIDER_ws/install/spider_interfaces:/home/dfolse/repos/SPIDER/SPIDER_ws/install/spider_nav:/home/dfolse/repos/SPIDER/SPIDER_ws/install/oak_d_lite:/home/dfolse/repos/SPIDER/SPIDER_ws/install/nav2_gazebo_spawner:/home/dfolse/repos/SPIDER/SPIDER_ws/install/data_transfer:/opt/ros/foxy:/home/dfolse/repos/SPIDER/SPIDER_ws/install/spider_description:/home/dfolse/repos/SPIDER/SPIDER_ws/install/nav_2d_utils:/home/dfolse/repos/SPIDER/SPIDER_ws/install/dwb_msgs:/home/dfolse/repos/SPIDER/SPIDER_ws/install/nav_2d_msgs:/home/dfolse/repos/SPIDER/SPIDER_ws/install/nav2_waypoint_follower:/home/dfolse/repos/SPIDER/SPIDER_ws/install/nav2_voxel_grid:/home/dfolse/repos/SPIDER/SPIDER_ws/install/nav2_lifecycle_manager:/home/dfolse/repos/SPIDER/SPIDER_ws/install/nav2_util:/home/dfolse/repos/SPIDER/SPIDER_ws/install/depthai_ros_msgs:/home/dfolse/repos/SPIDER/SPIDER_ws/install/depthai_descriptions LD_LIBRARY_PATH=/home/dfolse/repos/SPIDER/SPIDER_ws/install/nav2_msgs/lib:/home/dfolse/repos/SPIDER/SPIDER_ws/install/spider_interfaces/lib:/home/dfolse/repos/SPIDER/SPIDER_ws/install/nav_2d_utils/lib:/home/dfolse/repos/SPIDER/SPIDER_ws/install/dwb_msgs/lib:/home/dfolse/repos/SPIDER/SPIDER_ws/install/nav_2d_msgs/lib:/home/dfolse/repos/SPIDER/SPIDER_ws/install/nav2_waypoint_follower/lib:/home/dfolse/repos/SPIDER/SPIDER_ws/install/nav2_voxel_grid/lib:/home/dfolse/repos/SPIDER/SPIDER_ws/install/nav2_lifecycle_manager/lib:/home/dfolse/repos/SPIDER/SPIDER_ws/install/nav2_util/lib:/home/dfolse/repos/SPIDER/SPIDER_ws/install/depthai_ros_msgs/lib:/opt/ros/foxy/opt/yaml_cpp_vendor/lib:/opt/ros/foxy/opt/rviz_ogre_vendor/lib:/opt/ros/foxy/lib/aarch64-linux-gnu:/opt/ros/foxy/lib NX_CONNECTION=192.168.1.26 63880 192.168.1.53 4000 PYTHONPATH=/home/dfolse/repos/SPIDER/SPIDER_ws/install/nav2_msgs/lib/python3.8/site-packages:/home/dfolse/repos/SPIDER/SPIDER_ws/install/nav2_common/lib/python3.8/site-packages:/home/dfolse/repos/SPIDER/SPIDER_ws/install/spider_nav/lib/python3.8/site-packages:/home/dfolse/repos/SPIDER/SPIDER_ws/install/locomotion/lib/python3.8/site-packages:/home/dfolse/repos/SPIDER/SPIDER_ws/install/spider_interfaces/lib/python3.8/site-packages:/home/dfolse/repos/SPIDER/SPIDER_ws/install/oak_d_lite/lib/python3.8/site-packages:/home/dfolse/repos/SPIDER/SPIDER_ws/install/dwb_msgs/lib/python3.8/site-packages:/home/dfolse/repos/SPIDER/SPIDER_ws/install/nav_2d_msgs/lib/python3.8/site-packages:/home/dfolse/repos/SPIDER/SPIDER_ws/install/nav2_gazebo_spawner/lib/python3.8/site-packages:/home/dfolse/repos/SPIDER/SPIDER_ws/install/depthai_ros_msgs/lib/python3.8/site-packages:/home/dfolse/repos/SPIDER/SPIDER_ws/install/data_transfer/lib/python3.8/site-packages:/opt/ros/foxy/lib/python3.8/site-packages /usr/bin/cmake --build /home/dfolse/repos/SPIDER/SPIDER_ws/build/nav2_util -- -j6 -l6
[0.828s] Invoking command in '/home/dfolse/repos/SPIDER/SPIDER_ws/build/nav2_util': CMAKE_PREFIX_PATH=/home/dfolse/repos/SPIDER/SPIDER_ws/install/nav2_msgs:/home/dfolse/repos/SPIDER/SPIDER_ws/install/nav2_common:/home/dfolse/repos/SPIDER/SPIDER_ws/install/locomotion:/home/dfolse/repos/SPIDER/SPIDER_ws/install/spider_interfaces:/home/dfolse/repos/SPIDER/SPIDER_ws/install/spider_nav:/home/dfolse/repos/SPIDER/SPIDER_ws/install/oak_d_lite:/home/dfolse/repos/SPIDER/SPIDER_ws/install/nav2_gazebo_spawner:/home/dfolse/repos/SPIDER/SPIDER_ws/install/data_transfer:/opt/ros/foxy:/home/dfolse/repos/SPIDER/SPIDER_ws/install/spider_description:/home/dfolse/repos/SPIDER/SPIDER_ws/install/nav_2d_utils:/home/dfolse/repos/SPIDER/SPIDER_ws/install/dwb_msgs:/home/dfolse/repos/SPIDER/SPIDER_ws/install/nav_2d_msgs:/home/dfolse/repos/SPIDER/SPIDER_ws/install/nav2_waypoint_follower:/home/dfolse/repos/SPIDER/SPIDER_ws/install/nav2_voxel_grid:/home/dfolse/repos/SPIDER/SPIDER_ws/install/nav2_lifecycle_manager:/home/dfolse/repos/SPIDER/SPIDER_ws/install/nav2_util:/home/dfolse/repos/SPIDER/SPIDER_ws/install/depthai_ros_msgs:/home/dfolse/repos/SPIDER/SPIDER_ws/install/depthai_descriptions LD_LIBRARY_PATH=/home/dfolse/repos/SPIDER/SPIDER_ws/install/nav2_msgs/lib:/home/dfolse/repos/SPIDER/SPIDER_ws/install/spider_interfaces/lib:/home/dfolse/repos/SPIDER/SPIDER_ws/install/nav_2d_utils/lib:/home/dfolse/repos/SPIDER/SPIDER_ws/install/dwb_msgs/lib:/home/dfolse/repos/SPIDER/SPIDER_ws/install/nav_2d_msgs/lib:/home/dfolse/repos/SPIDER/SPIDER_ws/install/nav2_waypoint_follower/lib:/home/dfolse/repos/SPIDER/SPIDER_ws/install/nav2_voxel_grid/lib:/home/dfolse/repos/SPIDER/SPIDER_ws/install/nav2_lifecycle_manager/lib:/home/dfolse/repos/SPIDER/SPIDER_ws/install/nav2_util/lib:/home/dfolse/repos/SPIDER/SPIDER_ws/install/depthai_ros_msgs/lib:/opt/ros/foxy/opt/yaml_cpp_vendor/lib:/opt/ros/foxy/opt/rviz_ogre_vendor/lib:/opt/ros/foxy/lib/aarch64-linux-gnu:/opt/ros/foxy/lib NX_CONNECTION=192.168.1.26 63880 192.168.1.53 4000 PYTHONPATH=/home/dfolse/repos/SPIDER/SPIDER_ws/install/nav2_msgs/lib/python3.8/site-packages:/home/dfolse/repos/SPIDER/SPIDER_ws/install/nav2_common/lib/python3.8/site-packages:/home/dfolse/repos/SPIDER/SPIDER_ws/install/spider_nav/lib/python3.8/site-packages:/home/dfolse/repos/SPIDER/SPIDER_ws/install/locomotion/lib/python3.8/site-packages:/home/dfolse/repos/SPIDER/SPIDER_ws/install/spider_interfaces/lib/python3.8/site-packages:/home/dfolse/repos/SPIDER/SPIDER_ws/install/oak_d_lite/lib/python3.8/site-packages:/home/dfolse/repos/SPIDER/SPIDER_ws/install/dwb_msgs/lib/python3.8/site-packages:/home/dfolse/repos/SPIDER/SPIDER_ws/install/nav_2d_msgs/lib/python3.8/site-packages:/home/dfolse/repos/SPIDER/SPIDER_ws/install/nav2_gazebo_spawner/lib/python3.8/site-packages:/home/dfolse/repos/SPIDER/SPIDER_ws/install/depthai_ros_msgs/lib/python3.8/site-packages:/home/dfolse/repos/SPIDER/SPIDER_ws/install/data_transfer/lib/python3.8/site-packages:/opt/ros/foxy/lib/python3.8/site-packages /usr/bin/cmake --install /home/dfolse/repos/SPIDER/SPIDER_ws/build/nav2_util
[0.858s] -- Install configuration: "Release"
[0.858s] -- Up-to-date: /home/dfolse/repos/SPIDER/SPIDER_ws/install/nav2_util/include/
[0.858s] -- Up-to-date: /home/dfolse/repos/SPIDER/SPIDER_ws/install/nav2_util/include//nav2_util
[0.859s] -- Up-to-date: /home/dfolse/repos/SPIDER/SPIDER_ws/install/nav2_util/include//nav2_util/costmap.hpp
[0.859s] -- Up-to-date: /home/dfolse/repos/SPIDER/SPIDER_ws/install/nav2_util/include//nav2_util/lifecycle_node.hpp
[0.859s] -- Up-to-date: /home/dfolse/repos/SPIDER/SPIDER_ws/install/nav2_util/include//nav2_util/node_utils.hpp
[0.859s] -- Up-to-date: /home/dfolse/repos/SPIDER/SPIDER_ws/install/nav2_util/include//nav2_util/geometry_utils.hpp
[0.859s] -- Up-to-date: /home/dfolse/repos/SPIDER/SPIDER_ws/install/nav2_util/include//nav2_util/odometry_utils.hpp
[0.859s] -- Up-to-date: /home/dfolse/repos/SPIDER/SPIDER_ws/install/nav2_util/include//nav2_util/node_thread.hpp
[0.860s] -- Up-to-date: /home/dfolse/repos/SPIDER/SPIDER_ws/install/nav2_util/include//nav2_util/string_utils.hpp
[0.860s] -- Up-to-date: /home/dfolse/repos/SPIDER/SPIDER_ws/install/nav2_util/include//nav2_util/simple_action_server.hpp
[0.860s] -- Up-to-date: /home/dfolse/repos/SPIDER/SPIDER_ws/install/nav2_util/include//nav2_util/lifecycle_utils.hpp
[0.860s] -- Up-to-date: /home/dfolse/repos/SPIDER/SPIDER_ws/install/nav2_util/include//nav2_util/robot_utils.hpp
[0.860s] -- Up-to-date: /home/dfolse/repos/SPIDER/SPIDER_ws/install/nav2_util/include//nav2_util/execution_timer.hpp
[0.860s] -- Up-to-date: /home/dfolse/repos/SPIDER/SPIDER_ws/install/nav2_util/include//nav2_util/line_iterator.hpp
[0.861s] -- Up-to-date: /home/dfolse/repos/SPIDER/SPIDER_ws/install/nav2_util/include//nav2_util/service_client.hpp
[0.861s] -- Up-to-date: /home/dfolse/repos/SPIDER/SPIDER_ws/install/nav2_util/include//nav2_util/lifecycle_service_client.hpp
[0.861s] -- Up-to-date: /home/dfolse/repos/SPIDER/SPIDER_ws/install/nav2_util/include//nav2_util/clear_entirely_costmap_service_client.hpp
[0.861s] -- Up-to-date: /home/dfolse/repos/SPIDER/SPIDER_ws/install/nav2_util/share/nav2_util/environment/library_path.sh
[0.861s] -- Up-to-date: /home/dfolse/repos/SPIDER/SPIDER_ws/install/nav2_util/share/nav2_util/environment/library_path.dsv
[0.862s] -- Up-to-date: /home/dfolse/repos/SPIDER/SPIDER_ws/install/nav2_util/share/ament_index/resource_index/package_run_dependencies/nav2_util
[0.862s] -- Up-to-date: /home/dfolse/repos/SPIDER/SPIDER_ws/install/nav2_util/share/ament_index/resource_index/parent_prefix_path/nav2_util
[0.862s] -- Up-to-date: /home/dfolse/repos/SPIDER/SPIDER_ws/install/nav2_util/share/nav2_util/environment/ament_prefix_path.sh
[0.862s] -- Up-to-date: /home/dfolse/repos/SPIDER/SPIDER_ws/install/nav2_util/share/nav2_util/environment/ament_prefix_path.dsv
[0.862s] -- Up-to-date: /home/dfolse/repos/SPIDER/SPIDER_ws/install/nav2_util/share/nav2_util/environment/path.sh
[0.862s] -- Up-to-date: /home/dfolse/repos/SPIDER/SPIDER_ws/install/nav2_util/share/nav2_util/environment/path.dsv
[0.862s] -- Up-to-date: /home/dfolse/repos/SPIDER/SPIDER_ws/install/nav2_util/share/nav2_util/local_setup.bash
[0.862s] -- Up-to-date: /home/dfolse/repos/SPIDER/SPIDER_ws/install/nav2_util/share/nav2_util/local_setup.sh
[0.863s] -- Up-to-date: /home/dfolse/repos/SPIDER/SPIDER_ws/install/nav2_util/share/nav2_util/local_setup.zsh
[0.863s] -- Up-to-date: /home/dfolse/repos/SPIDER/SPIDER_ws/install/nav2_util/share/nav2_util/local_setup.dsv
[0.863s] -- Installing: /home/dfolse/repos/SPIDER/SPIDER_ws/install/nav2_util/share/nav2_util/package.dsv
[0.863s] -- Up-to-date: /home/dfolse/repos/SPIDER/SPIDER_ws/install/nav2_util/share/ament_index/resource_index/packages/nav2_util
[0.863s] -- Up-to-date: /home/dfolse/repos/SPIDER/SPIDER_ws/install/nav2_util/share/nav2_util/cmake/ament_cmake_export_include_directories-extras.cmake
[0.863s] -- Up-to-date: /home/dfolse/repos/SPIDER/SPIDER_ws/install/nav2_util/share/nav2_util/cmake/ament_cmake_export_libraries-extras.cmake
[0.863s] -- Up-to-date: /home/dfolse/repos/SPIDER/SPIDER_ws/install/nav2_util/share/nav2_util/cmake/ament_cmake_export_dependencies-extras.cmake
[0.863s] -- Up-to-date: /home/dfolse/repos/SPIDER/SPIDER_ws/install/nav2_util/share/nav2_util/cmake/nav2_utilConfig.cmake
[0.864s] -- Up-to-date: /home/dfolse/repos/SPIDER/SPIDER_ws/install/nav2_util/share/nav2_util/cmake/nav2_utilConfig-version.cmake
[0.864s] -- Up-to-date: /home/dfolse/repos/SPIDER/SPIDER_ws/install/nav2_util/share/nav2_util/package.xml
[0.864s] -- Up-to-date: /home/dfolse/repos/SPIDER/SPIDER_ws/install/nav2_util/lib/libnav2_util_core.so
[0.864s] -- Up-to-date: /home/dfolse/repos/SPIDER/SPIDER_ws/install/nav2_util/lib/nav2_util/lifecycle_bringup
[0.865s] -- Up-to-date: /home/dfolse/repos/SPIDER/SPIDER_ws/install/nav2_util/lib/nav2_util/dump_params
[0.876s] Invoked command in '/home/dfolse/repos/SPIDER/SPIDER_ws/build/nav2_util' returned '0': CMAKE_PREFIX_PATH=/home/dfolse/repos/SPIDER/SPIDER_ws/install/nav2_msgs:/home/dfolse/repos/SPIDER/SPIDER_ws/install/nav2_common:/home/dfolse/repos/SPIDER/SPIDER_ws/install/locomotion:/home/dfolse/repos/SPIDER/SPIDER_ws/install/spider_interfaces:/home/dfolse/repos/SPIDER/SPIDER_ws/install/spider_nav:/home/dfolse/repos/SPIDER/SPIDER_ws/install/oak_d_lite:/home/dfolse/repos/SPIDER/SPIDER_ws/install/nav2_gazebo_spawner:/home/dfolse/repos/SPIDER/SPIDER_ws/install/data_transfer:/opt/ros/foxy:/home/dfolse/repos/SPIDER/SPIDER_ws/install/spider_description:/home/dfolse/repos/SPIDER/SPIDER_ws/install/nav_2d_utils:/home/dfolse/repos/SPIDER/SPIDER_ws/install/dwb_msgs:/home/dfolse/repos/SPIDER/SPIDER_ws/install/nav_2d_msgs:/home/dfolse/repos/SPIDER/SPIDER_ws/install/nav2_waypoint_follower:/home/dfolse/repos/SPIDER/SPIDER_ws/install/nav2_voxel_grid:/home/dfolse/repos/SPIDER/SPIDER_ws/install/nav2_lifecycle_manager:/home/dfolse/repos/SPIDER/SPIDER_ws/install/nav2_util:/home/dfolse/repos/SPIDER/SPIDER_ws/install/depthai_ros_msgs:/home/dfolse/repos/SPIDER/SPIDER_ws/install/depthai_descriptions LD_LIBRARY_PATH=/home/dfolse/repos/SPIDER/SPIDER_ws/install/nav2_msgs/lib:/home/dfolse/repos/SPIDER/SPIDER_ws/install/spider_interfaces/lib:/home/dfolse/repos/SPIDER/SPIDER_ws/install/nav_2d_utils/lib:/home/dfolse/repos/SPIDER/SPIDER_ws/install/dwb_msgs/lib:/home/dfolse/repos/SPIDER/SPIDER_ws/install/nav_2d_msgs/lib:/home/dfolse/repos/SPIDER/SPIDER_ws/install/nav2_waypoint_follower/lib:/home/dfolse/repos/SPIDER/SPIDER_ws/install/nav2_voxel_grid/lib:/home/dfolse/repos/SPIDER/SPIDER_ws/install/nav2_lifecycle_manager/lib:/home/dfolse/repos/SPIDER/SPIDER_ws/install/nav2_util/lib:/home/dfolse/repos/SPIDER/SPIDER_ws/install/depthai_ros_msgs/lib:/opt/ros/foxy/opt/yaml_cpp_vendor/lib:/opt/ros/foxy/opt/rviz_ogre_vendor/lib:/opt/ros/foxy/lib/aarch64-linux-gnu:/opt/ros/foxy/lib NX_CONNECTION=192.168.1.26 63880 192.168.1.53 4000 PYTHONPATH=/home/dfolse/repos/SPIDER/SPIDER_ws/install/nav2_msgs/lib/python3.8/site-packages:/home/dfolse/repos/SPIDER/SPIDER_ws/install/nav2_common/lib/python3.8/site-packages:/home/dfolse/repos/SPIDER/SPIDER_ws/install/spider_nav/lib/python3.8/site-packages:/home/dfolse/repos/SPIDER/SPIDER_ws/install/locomotion/lib/python3.8/site-packages:/home/dfolse/repos/SPIDER/SPIDER_ws/install/spider_interfaces/lib/python3.8/site-packages:/home/dfolse/repos/SPIDER/SPIDER_ws/install/oak_d_lite/lib/python3.8/site-packages:/home/dfolse/repos/SPIDER/SPIDER_ws/install/dwb_msgs/lib/python3.8/site-packages:/home/dfolse/repos/SPIDER/SPIDER_ws/install/nav_2d_msgs/lib/python3.8/site-packages:/home/dfolse/repos/SPIDER/SPIDER_ws/install/nav2_gazebo_spawner/lib/python3.8/site-packages:/home/dfolse/repos/SPIDER/SPIDER_ws/install/depthai_ros_msgs/lib/python3.8/site-packages:/home/dfolse/repos/SPIDER/SPIDER_ws/install/data_transfer/lib/python3.8/site-packages:/opt/ros/foxy/lib/python3.8/site-packages /usr/bin/cmake --install /home/dfolse/repos/SPIDER/SPIDER_ws/build/nav2_util
