[0.730s] Invoking command in '/home/dfolse/SPIDER/SPIDER_ws/src/data_transfer': PYTHONPATH=/home/dfolse/SPIDER/SPIDER_ws/build/data_transfer/prefix_override:/home/dfolse/SPIDER/SPIDER_ws/install/data_transfer/lib/python3.10/site-packages:${PYTHONPATH} /usr/bin/python3 setup.py egg_info --egg-base ../../build/data_transfer build --build-base /home/dfolse/SPIDER/SPIDER_ws/build/data_transfer/build install --record /home/dfolse/SPIDER/SPIDER_ws/build/data_transfer/install.log --single-version-externally-managed
[0.951s] running egg_info
[0.953s] writing ../../build/data_transfer/data_transfer.egg-info/PKG-INFO
[0.955s] writing dependency_links to ../../build/data_transfer/data_transfer.egg-info/dependency_links.txt
[0.955s] writing entry points to ../../build/data_transfer/data_transfer.egg-info/entry_points.txt
[0.955s] writing requirements to ../../build/data_transfer/data_transfer.egg-info/requires.txt
[0.955s] writing top-level names to ../../build/data_transfer/data_transfer.egg-info/top_level.txt
[0.957s] reading manifest file '../../build/data_transfer/data_transfer.egg-info/SOURCES.txt'
[0.958s] writing manifest file '../../build/data_transfer/data_transfer.egg-info/SOURCES.txt'
[0.958s] running build
[0.958s] running build_py
[0.960s] /usr/lib/python3/dist-packages/setuptools/command/install.py:34: SetuptoolsDeprecationWarning: setup.py install is deprecated. Use build and pip and other standards-based tools.
[0.960s]   warnings.warn(
[0.960s] running install
[0.960s] running install_lib
[0.960s] running install_data
[0.960s] running install_egg_info
[0.967s] removing '/home/dfolse/SPIDER/SPIDER_ws/install/data_transfer/lib/python3.10/site-packages/data_transfer-0.0.0-py3.10.egg-info' (and everything under it)
[0.967s] Copying ../../build/data_transfer/data_transfer.egg-info to /home/dfolse/SPIDER/SPIDER_ws/install/data_transfer/lib/python3.10/site-packages/data_transfer-0.0.0-py3.10.egg-info
[0.968s] running install_scripts
[0.988s] Installing listener script to /home/dfolse/SPIDER/SPIDER_ws/install/data_transfer/lib/data_transfer
[0.989s] Installing talker script to /home/dfolse/SPIDER/SPIDER_ws/install/data_transfer/lib/data_transfer
[0.989s] writing list of installed files to '/home/dfolse/SPIDER/SPIDER_ws/build/data_transfer/install.log'
[1.010s] Invoked command in '/home/dfolse/SPIDER/SPIDER_ws/src/data_transfer' returned '0': PYTHONPATH=/home/dfolse/SPIDER/SPIDER_ws/build/data_transfer/prefix_override:/home/dfolse/SPIDER/SPIDER_ws/install/data_transfer/lib/python3.10/site-packages:${PYTHONPATH} /usr/bin/python3 setup.py egg_info --egg-base ../../build/data_transfer build --build-base /home/dfolse/SPIDER/SPIDER_ws/build/data_transfer/build install --record /home/dfolse/SPIDER/SPIDER_ws/build/data_transfer/install.log --single-version-externally-managed
