[6.956s] Invoking command in '/home/dfolse/repos/SPIDER/SPIDER_ws/build/spider_nav': AMENT_PREFIX_PATH=/home/dfolse/repos/SPIDER/SPIDER_ws/install/locomotion:/home/dfolse/repos/SPIDER/SPIDER_ws/install/data_transfer:/home/dfolse/repos/SPIDER/SPIDER_ws/install/spider_nav:/home/dfolse/repos/SPIDER/SPIDER_ws/install/spider_interfaces:/home/dfolse/repos/SPIDER/SPIDER_ws/install/spider_description:/home/dfolse/repos/SPIDER/SPIDER_ws/install/oak_d_lite:/home/dfolse/repos/SPIDER/SPIDER_ws/install/nav2_gps_waypoint_follower_demo:/opt/ros/foxy PYTHONPATH=/home/dfolse/repos/SPIDER/SPIDER_ws/build/spider_nav/prefix_override:/home/dfolse/repos/SPIDER/SPIDER_ws/install/spider_nav/lib/python3.8/site-packages:/home/dfolse/repos/SPIDER/SPIDER_ws/build/locomotion:/home/dfolse/repos/SPIDER/SPIDER_ws/install/locomotion/lib/python3.8/site-packages:/home/dfolse/repos/SPIDER/SPIDER_ws/install/spider_interfaces/lib/python3.8/site-packages:/home/dfolse/repos/SPIDER/SPIDER_ws/build/data_transfer:/home/dfolse/repos/SPIDER/SPIDER_ws/install/data_transfer/lib/python3.8/site-packages:/home/dfolse/repos/SPIDER/SPIDER_ws/build/spider_nav:/home/dfolse/repos/SPIDER/SPIDER_ws/install/spider_nav/lib/python3.8/site-packages:/home/dfolse/repos/SPIDER/SPIDER_ws/install/oak_d_lite/lib/python3.8/site-packages:/home/dfolse/repos/SPIDER/SPIDER_ws/install/nav2_gps_waypoint_follower_demo/lib/python3.8/site-packages:/opt/ros/foxy/lib/python3.8/site-packages /usr/bin/python3 -W ignore:setup.py install is deprecated setup.py develop --editable --build-directory /home/dfolse/repos/SPIDER/SPIDER_ws/build/spider_nav/build --no-deps symlink_data
[9.769s] running develop
[11.474s] running egg_info
[11.475s] writing spider_nav.egg-info/PKG-INFO
[11.477s] writing dependency_links to spider_nav.egg-info/dependency_links.txt
[11.479s] writing entry points to spider_nav.egg-info/entry_points.txt
[11.480s] writing requirements to spider_nav.egg-info/requires.txt
[11.482s] writing top-level names to spider_nav.egg-info/top_level.txt
[11.816s] reading manifest file 'spider_nav.egg-info/SOURCES.txt'
[11.826s] writing manifest file 'spider_nav.egg-info/SOURCES.txt'
[12.219s] running build_ext
[12.222s] Creating /home/dfolse/repos/SPIDER/SPIDER_ws/install/spider_nav/lib/python3.8/site-packages/spider-nav.egg-link (link to .)
[12.229s] Installing gps_waypoint_logger script to /home/dfolse/repos/SPIDER/SPIDER_ws/install/spider_nav/lib/spider_nav
[12.231s] Installing interactive_waypoint_follower script to /home/dfolse/repos/SPIDER/SPIDER_ws/install/spider_nav/lib/spider_nav
[12.233s] Installing logged_waypoint_follower script to /home/dfolse/repos/SPIDER/SPIDER_ws/install/spider_nav/lib/spider_nav
[12.234s] Installing spider_gps_pub script to /home/dfolse/repos/SPIDER/SPIDER_ws/install/spider_nav/lib/spider_nav
[12.236s] Installing spider_nav_main script to /home/dfolse/repos/SPIDER/SPIDER_ws/install/spider_nav/lib/spider_nav
[12.238s] 
[12.239s] Installed /home/dfolse/repos/SPIDER/SPIDER_ws/build/spider_nav
[12.240s] running symlink_data
[12.448s] Invoked command in '/home/dfolse/repos/SPIDER/SPIDER_ws/build/spider_nav' returned '0': AMENT_PREFIX_PATH=/home/dfolse/repos/SPIDER/SPIDER_ws/install/locomotion:/home/dfolse/repos/SPIDER/SPIDER_ws/install/data_transfer:/home/dfolse/repos/SPIDER/SPIDER_ws/install/spider_nav:/home/dfolse/repos/SPIDER/SPIDER_ws/install/spider_interfaces:/home/dfolse/repos/SPIDER/SPIDER_ws/install/spider_description:/home/dfolse/repos/SPIDER/SPIDER_ws/install/oak_d_lite:/home/dfolse/repos/SPIDER/SPIDER_ws/install/nav2_gps_waypoint_follower_demo:/opt/ros/foxy PYTHONPATH=/home/dfolse/repos/SPIDER/SPIDER_ws/build/spider_nav/prefix_override:/home/dfolse/repos/SPIDER/SPIDER_ws/install/spider_nav/lib/python3.8/site-packages:/home/dfolse/repos/SPIDER/SPIDER_ws/build/locomotion:/home/dfolse/repos/SPIDER/SPIDER_ws/install/locomotion/lib/python3.8/site-packages:/home/dfolse/repos/SPIDER/SPIDER_ws/install/spider_interfaces/lib/python3.8/site-packages:/home/dfolse/repos/SPIDER/SPIDER_ws/build/data_transfer:/home/dfolse/repos/SPIDER/SPIDER_ws/install/data_transfer/lib/python3.8/site-packages:/home/dfolse/repos/SPIDER/SPIDER_ws/build/spider_nav:/home/dfolse/repos/SPIDER/SPIDER_ws/install/spider_nav/lib/python3.8/site-packages:/home/dfolse/repos/SPIDER/SPIDER_ws/install/oak_d_lite/lib/python3.8/site-packages:/home/dfolse/repos/SPIDER/SPIDER_ws/install/nav2_gps_waypoint_follower_demo/lib/python3.8/site-packages:/opt/ros/foxy/lib/python3.8/site-packages /usr/bin/python3 -W ignore:setup.py install is deprecated setup.py develop --editable --build-directory /home/dfolse/repos/SPIDER/SPIDER_ws/build/spider_nav/build --no-deps symlink_data
