[0.393s] Invoking command in '/home/dfolse/repos/SPIDER/SPIDER_ws/build/spider_description': CMAKE_PREFIX_PATH=/home/dfolse/repos/SPIDER/SPIDER_ws/install/locomotion:/home/dfolse/repos/SPIDER/SPIDER_ws/install/spider_interfaces:/home/dfolse/repos/SPIDER/SPIDER_ws/install/oak_d_lite:/home/dfolse/repos/SPIDER/SPIDER_ws/install/nav2_gazebo_spawner:/home/dfolse/repos/SPIDER/SPIDER_ws/install/data_transfer:/opt/ros/foxy:/home/dfolse/repos/SPIDER/SPIDER_ws/install/spider_description:/home/dfolse/repos/SPIDER/SPIDER_ws/install/nav2_common NX_CONNECTION=192.168.1.26 58481 192.168.1.53 4000 /usr/bin/cmake --build /home/dfolse/repos/SPIDER/SPIDER_ws/build/spider_description -- -j6 -l6
[0.467s] -- Found ament_cmake: 0.9.12 (/opt/ros/foxy/share/ament_cmake/cmake)
[0.706s] -- Using PYTHON_EXECUTABLE: /home/dfolse/.pyenv/shims/python3
[1.329s] -- Found ament_lint_auto: 0.9.8 (/opt/ros/foxy/share/ament_lint_auto/cmake)
[1.664s] -- Added test 'copyright' to check source files copyright and LICENSE
[1.674s] -- Added test 'flake8' to check Python code syntax and style conventions
[1.675s] -- Added test 'lint_cmake' to check CMake code style
[1.676s] -- Added test 'pep257' to check Python code against some of the style conventions in PEP 257
[1.681s] -- Added test 'xmllint' to check XML markup files
[1.684s] -- Configuring done
[1.691s] -- Generating done
[1.693s] -- Build files have been written to: /home/dfolse/repos/SPIDER/SPIDER_ws/build/spider_description
[1.765s] Invoked command in '/home/dfolse/repos/SPIDER/SPIDER_ws/build/spider_description' returned '0': CMAKE_PREFIX_PATH=/home/dfolse/repos/SPIDER/SPIDER_ws/install/locomotion:/home/dfolse/repos/SPIDER/SPIDER_ws/install/spider_interfaces:/home/dfolse/repos/SPIDER/SPIDER_ws/install/oak_d_lite:/home/dfolse/repos/SPIDER/SPIDER_ws/install/nav2_gazebo_spawner:/home/dfolse/repos/SPIDER/SPIDER_ws/install/data_transfer:/opt/ros/foxy:/home/dfolse/repos/SPIDER/SPIDER_ws/install/spider_description:/home/dfolse/repos/SPIDER/SPIDER_ws/install/nav2_common NX_CONNECTION=192.168.1.26 58481 192.168.1.53 4000 /usr/bin/cmake --build /home/dfolse/repos/SPIDER/SPIDER_ws/build/spider_description -- -j6 -l6
[1.900s] Invoking command in '/home/dfolse/repos/SPIDER/SPIDER_ws/build/spider_description': CMAKE_PREFIX_PATH=/home/dfolse/repos/SPIDER/SPIDER_ws/install/locomotion:/home/dfolse/repos/SPIDER/SPIDER_ws/install/spider_interfaces:/home/dfolse/repos/SPIDER/SPIDER_ws/install/oak_d_lite:/home/dfolse/repos/SPIDER/SPIDER_ws/install/nav2_gazebo_spawner:/home/dfolse/repos/SPIDER/SPIDER_ws/install/data_transfer:/opt/ros/foxy:/home/dfolse/repos/SPIDER/SPIDER_ws/install/spider_description:/home/dfolse/repos/SPIDER/SPIDER_ws/install/nav2_common NX_CONNECTION=192.168.1.26 58481 192.168.1.53 4000 /usr/bin/cmake --install /home/dfolse/repos/SPIDER/SPIDER_ws/build/spider_description
[1.923s] -- Install configuration: ""
[1.924s] -- Up-to-date: /home/dfolse/repos/SPIDER/SPIDER_ws/install/spider_description/share/spider_description/src
[1.924s] -- Up-to-date: /home/dfolse/repos/SPIDER/SPIDER_ws/install/spider_description/share/spider_description/src/description
[1.924s] -- Up-to-date: /home/dfolse/repos/SPIDER/SPIDER_ws/install/spider_description/share/spider_description/src/description/spider_description.csv
[1.925s] -- Up-to-date: /home/dfolse/repos/SPIDER/SPIDER_ws/install/spider_description/share/spider_description/src/description/spider_description.urdf
[1.925s] -- Up-to-date: /home/dfolse/repos/SPIDER/SPIDER_ws/install/spider_description/share/spider_description/launch
[1.925s] -- Up-to-date: /home/dfolse/repos/SPIDER/SPIDER_ws/install/spider_description/share/spider_description/launch/display.launch.py
[1.925s] -- Up-to-date: /home/dfolse/repos/SPIDER/SPIDER_ws/install/spider_description/share/spider_description/rviz
[1.925s] -- Up-to-date: /home/dfolse/repos/SPIDER/SPIDER_ws/install/spider_description/share/spider_description/rviz/urdf_config.rviz
[1.926s] -- Up-to-date: /home/dfolse/repos/SPIDER/SPIDER_ws/install/spider_description/share/spider_description/meshes
[1.926s] -- Up-to-date: /home/dfolse/repos/SPIDER/SPIDER_ws/install/spider_description/share/spider_description/meshes/r4u_link.STL
[1.926s] -- Up-to-date: /home/dfolse/repos/SPIDER/SPIDER_ws/install/spider_description/share/spider_description/meshes/r2u_link.STL
[1.926s] -- Up-to-date: /home/dfolse/repos/SPIDER/SPIDER_ws/install/spider_description/share/spider_description/meshes/l1u_link.STL
[1.926s] -- Up-to-date: /home/dfolse/repos/SPIDER/SPIDER_ws/install/spider_description/share/spider_description/meshes/r1l_link.STL
[1.926s] -- Up-to-date: /home/dfolse/repos/SPIDER/SPIDER_ws/install/spider_description/share/spider_description/meshes/l2u_link.STL
[1.927s] -- Up-to-date: /home/dfolse/repos/SPIDER/SPIDER_ws/install/spider_description/share/spider_description/meshes/r3m_link.STL
[1.927s] -- Up-to-date: /home/dfolse/repos/SPIDER/SPIDER_ws/install/spider_description/share/spider_description/meshes/r2l_link.STL
[1.927s] -- Up-to-date: /home/dfolse/repos/SPIDER/SPIDER_ws/install/spider_description/share/spider_description/meshes/r2m_link.STL
[1.927s] -- Up-to-date: /home/dfolse/repos/SPIDER/SPIDER_ws/install/spider_description/share/spider_description/meshes/l3l_link.STL
[1.927s] -- Up-to-date: /home/dfolse/repos/SPIDER/SPIDER_ws/install/spider_description/share/spider_description/meshes/r3l_link.STL
[1.927s] -- Up-to-date: /home/dfolse/repos/SPIDER/SPIDER_ws/install/spider_description/share/spider_description/meshes/base_link.STL
[1.928s] -- Up-to-date: /home/dfolse/repos/SPIDER/SPIDER_ws/install/spider_description/share/spider_description/meshes/l1m_link.STL
[1.928s] -- Up-to-date: /home/dfolse/repos/SPIDER/SPIDER_ws/install/spider_description/share/spider_description/meshes/r3u_link.STL
[1.928s] -- Up-to-date: /home/dfolse/repos/SPIDER/SPIDER_ws/install/spider_description/share/spider_description/meshes/l2m_link.STL
[1.928s] -- Up-to-date: /home/dfolse/repos/SPIDER/SPIDER_ws/install/spider_description/share/spider_description/meshes/l4u_link.STL
[1.928s] -- Up-to-date: /home/dfolse/repos/SPIDER/SPIDER_ws/install/spider_description/share/spider_description/meshes/r1m_link.STL
[1.929s] -- Up-to-date: /home/dfolse/repos/SPIDER/SPIDER_ws/install/spider_description/share/spider_description/meshes/r4m_link.STL
[1.929s] -- Up-to-date: /home/dfolse/repos/SPIDER/SPIDER_ws/install/spider_description/share/spider_description/meshes/r4l_link.STL
[1.929s] -- Up-to-date: /home/dfolse/repos/SPIDER/SPIDER_ws/install/spider_description/share/spider_description/meshes/l4l_link.STL
[1.929s] -- Up-to-date: /home/dfolse/repos/SPIDER/SPIDER_ws/install/spider_description/share/spider_description/meshes/r1u_link.STL
[1.929s] -- Up-to-date: /home/dfolse/repos/SPIDER/SPIDER_ws/install/spider_description/share/spider_description/meshes/l1l_link.STL
[1.930s] -- Up-to-date: /home/dfolse/repos/SPIDER/SPIDER_ws/install/spider_description/share/spider_description/meshes/l3m_link.STL
[1.930s] -- Up-to-date: /home/dfolse/repos/SPIDER/SPIDER_ws/install/spider_description/share/spider_description/meshes/l4m_link.STL
[1.930s] -- Up-to-date: /home/dfolse/repos/SPIDER/SPIDER_ws/install/spider_description/share/spider_description/meshes/l3u_link.STL
[1.930s] -- Up-to-date: /home/dfolse/repos/SPIDER/SPIDER_ws/install/spider_description/share/spider_description/meshes/l2l_link.STL
[1.930s] -- Installing: /home/dfolse/repos/SPIDER/SPIDER_ws/install/spider_description/share/ament_index/resource_index/package_run_dependencies/spider_description
[1.930s] -- Up-to-date: /home/dfolse/repos/SPIDER/SPIDER_ws/install/spider_description/share/ament_index/resource_index/parent_prefix_path/spider_description
[1.931s] -- Up-to-date: /home/dfolse/repos/SPIDER/SPIDER_ws/install/spider_description/share/spider_description/environment/ament_prefix_path.sh
[1.931s] -- Installing: /home/dfolse/repos/SPIDER/SPIDER_ws/install/spider_description/share/spider_description/environment/ament_prefix_path.dsv
[1.932s] -- Up-to-date: /home/dfolse/repos/SPIDER/SPIDER_ws/install/spider_description/share/spider_description/environment/path.sh
[1.933s] -- Installing: /home/dfolse/repos/SPIDER/SPIDER_ws/install/spider_description/share/spider_description/environment/path.dsv
[1.933s] -- Up-to-date: /home/dfolse/repos/SPIDER/SPIDER_ws/install/spider_description/share/spider_description/local_setup.bash
[1.934s] -- Up-to-date: /home/dfolse/repos/SPIDER/SPIDER_ws/install/spider_description/share/spider_description/local_setup.sh
[1.934s] -- Up-to-date: /home/dfolse/repos/SPIDER/SPIDER_ws/install/spider_description/share/spider_description/local_setup.zsh
[1.934s] -- Installing: /home/dfolse/repos/SPIDER/SPIDER_ws/install/spider_description/share/spider_description/local_setup.dsv
[1.934s] -- Installing: /home/dfolse/repos/SPIDER/SPIDER_ws/install/spider_description/share/spider_description/package.dsv
[1.935s] -- Up-to-date: /home/dfolse/repos/SPIDER/SPIDER_ws/install/spider_description/share/ament_index/resource_index/packages/spider_description
[1.935s] -- Up-to-date: /home/dfolse/repos/SPIDER/SPIDER_ws/install/spider_description/share/spider_description/cmake/spider_descriptionConfig.cmake
[1.935s] -- Up-to-date: /home/dfolse/repos/SPIDER/SPIDER_ws/install/spider_description/share/spider_description/cmake/spider_descriptionConfig-version.cmake
[1.936s] -- Installing: /home/dfolse/repos/SPIDER/SPIDER_ws/install/spider_description/share/spider_description/package.xml
[1.936s] Invoked command in '/home/dfolse/repos/SPIDER/SPIDER_ws/build/spider_description' returned '0': CMAKE_PREFIX_PATH=/home/dfolse/repos/SPIDER/SPIDER_ws/install/locomotion:/home/dfolse/repos/SPIDER/SPIDER_ws/install/spider_interfaces:/home/dfolse/repos/SPIDER/SPIDER_ws/install/oak_d_lite:/home/dfolse/repos/SPIDER/SPIDER_ws/install/nav2_gazebo_spawner:/home/dfolse/repos/SPIDER/SPIDER_ws/install/data_transfer:/opt/ros/foxy:/home/dfolse/repos/SPIDER/SPIDER_ws/install/spider_description:/home/dfolse/repos/SPIDER/SPIDER_ws/install/nav2_common NX_CONNECTION=192.168.1.26 58481 192.168.1.53 4000 /usr/bin/cmake --install /home/dfolse/repos/SPIDER/SPIDER_ws/build/spider_description
