[0.127s] Invoking command in '/home/dfolse/repos/SPIDER/SPIDER_ws/build/spider_interfaces': CMAKE_PREFIX_PATH=/opt/ros/foxy /usr/bin/cmake --build /home/dfolse/repos/SPIDER/SPIDER_ws/build/spider_interfaces -- -j4 -l4
[0.863s] [  2%] Built target spider_interfaces__cpp
[0.930s] [ 12%] Built target spider_interfaces__rosidl_generator_c
[1.147s] [ 23%] Built target spider_interfaces__rosidl_typesupport_cpp
[1.153s] [ 33%] Built target spider_interfaces__rosidl_typesupport_introspection_cpp
[1.207s] [ 43%] Built target spider_interfaces__rosidl_typesupport_introspection_c
[1.271s] [ 53%] Built target spider_interfaces__rosidl_typesupport_fastrtps_cpp
[1.402s] [ 64%] Built target spider_interfaces__rosidl_typesupport_c
[1.642s] [ 74%] Built target spider_interfaces__rosidl_typesupport_fastrtps_c
[1.832s] [ 74%] Built target spider_interfaces
[2.011s] [ 76%] Built target spider_interfaces__py
[2.371s] [ 84%] Built target spider_interfaces__python
[2.734s] [ 89%] Built target spider_interfaces__rosidl_typesupport_introspection_c__pyext
[2.740s] [100%] Built target spider_interfaces__rosidl_typesupport_fastrtps_c__pyext
[2.741s] [100%] Built target spider_interfaces__rosidl_typesupport_c__pyext
[2.837s] Invoked command in '/home/dfolse/repos/SPIDER/SPIDER_ws/build/spider_interfaces' returned '0': CMAKE_PREFIX_PATH=/opt/ros/foxy /usr/bin/cmake --build /home/dfolse/repos/SPIDER/SPIDER_ws/build/spider_interfaces -- -j4 -l4
[3.569s] Invoking command in '/home/dfolse/repos/SPIDER/SPIDER_ws/build/spider_interfaces': CMAKE_PREFIX_PATH=/opt/ros/foxy /usr/bin/cmake --install /home/dfolse/repos/SPIDER/SPIDER_ws/build/spider_interfaces
[3.650s] -- Install configuration: ""
[3.657s] -- Execute custom install script
[3.665s] -- Up-to-date symlink: /home/dfolse/repos/SPIDER/SPIDER_ws/install/spider_interfaces/share/ament_index/resource_index/rosidl_interfaces/spider_interfaces
[3.680s] -- Up-to-date symlink: /home/dfolse/repos/SPIDER/SPIDER_ws/install/spider_interfaces/include/spider_interfaces/msg/detail/loc_commands__functions.h
[3.684s] -- Up-to-date symlink: /home/dfolse/repos/SPIDER/SPIDER_ws/install/spider_interfaces/include/spider_interfaces/msg/detail/loc_commands__struct.h
[3.688s] -- Up-to-date symlink: /home/dfolse/repos/SPIDER/SPIDER_ws/install/spider_interfaces/include/spider_interfaces/msg/detail/loc_commands__type_support.h
[3.691s] -- Up-to-date symlink: /home/dfolse/repos/SPIDER/SPIDER_ws/install/spider_interfaces/include/spider_interfaces/msg/loc_commands.h
[3.695s] -- Up-to-date symlink: /home/dfolse/repos/SPIDER/SPIDER_ws/install/spider_interfaces/include/spider_interfaces/msg/rosidl_generator_c__visibility_control.h
[3.700s] -- Up-to-date symlink: /home/dfolse/repos/SPIDER/SPIDER_ws/install/spider_interfaces/include/spider_interfaces/srv/detail/loc_service__functions.h
[3.704s] -- Up-to-date symlink: /home/dfolse/repos/SPIDER/SPIDER_ws/install/spider_interfaces/include/spider_interfaces/srv/detail/loc_service__struct.h
[3.708s] -- Up-to-date symlink: /home/dfolse/repos/SPIDER/SPIDER_ws/install/spider_interfaces/include/spider_interfaces/srv/detail/loc_service__type_support.h
[3.712s] -- Up-to-date symlink: /home/dfolse/repos/SPIDER/SPIDER_ws/install/spider_interfaces/include/spider_interfaces/srv/loc_service.h
[3.718s] -- Up-to-date symlink: /home/dfolse/repos/SPIDER/SPIDER_ws/install/spider_interfaces/share/spider_interfaces/environment/library_path.sh
[3.722s] -- Up-to-date symlink: /home/dfolse/repos/SPIDER/SPIDER_ws/install/spider_interfaces/share/spider_interfaces/environment/library_path.dsv
[3.734s] -- Up-to-date symlink: /home/dfolse/repos/SPIDER/SPIDER_ws/install/spider_interfaces/include/spider_interfaces/msg/detail/loc_commands__rosidl_typesupport_fastrtps_c.h
[3.738s] -- Up-to-date symlink: /home/dfolse/repos/SPIDER/SPIDER_ws/install/spider_interfaces/include/spider_interfaces/msg/rosidl_typesupport_fastrtps_c__visibility_control.h
[3.742s] -- Up-to-date symlink: /home/dfolse/repos/SPIDER/SPIDER_ws/install/spider_interfaces/include/spider_interfaces/srv/detail/loc_service__rosidl_typesupport_fastrtps_c.h
[3.749s] -- Up-to-date symlink: /home/dfolse/repos/SPIDER/SPIDER_ws/install/spider_interfaces/lib/libspider_interfaces__rosidl_typesupport_fastrtps_c.so
[3.762s] -- Up-to-date symlink: /home/dfolse/repos/SPIDER/SPIDER_ws/install/spider_interfaces/include/spider_interfaces/msg/detail/loc_commands__rosidl_typesupport_fastrtps_cpp.hpp
[3.766s] -- Up-to-date symlink: /home/dfolse/repos/SPIDER/SPIDER_ws/install/spider_interfaces/include/spider_interfaces/msg/rosidl_typesupport_fastrtps_cpp__visibility_control.h
[3.770s] -- Up-to-date symlink: /home/dfolse/repos/SPIDER/SPIDER_ws/install/spider_interfaces/include/spider_interfaces/srv/detail/loc_service__rosidl_typesupport_fastrtps_cpp.hpp
[3.776s] -- Up-to-date symlink: /home/dfolse/repos/SPIDER/SPIDER_ws/install/spider_interfaces/lib/libspider_interfaces__rosidl_typesupport_fastrtps_cpp.so
[3.786s] -- Up-to-date symlink: /home/dfolse/repos/SPIDER/SPIDER_ws/install/spider_interfaces/include/spider_interfaces/msg/detail/loc_commands__rosidl_typesupport_introspection_c.h
[3.789s] -- Up-to-date symlink: /home/dfolse/repos/SPIDER/SPIDER_ws/install/spider_interfaces/include/spider_interfaces/msg/rosidl_typesupport_introspection_c__visibility_control.h
[3.793s] -- Up-to-date symlink: /home/dfolse/repos/SPIDER/SPIDER_ws/install/spider_interfaces/include/spider_interfaces/srv/detail/loc_service__rosidl_typesupport_introspection_c.h
[3.804s] -- Up-to-date symlink: /home/dfolse/repos/SPIDER/SPIDER_ws/install/spider_interfaces/include/spider_interfaces/msg/detail/loc_commands__builder.hpp
[3.808s] -- Up-to-date symlink: /home/dfolse/repos/SPIDER/SPIDER_ws/install/spider_interfaces/include/spider_interfaces/msg/detail/loc_commands__struct.hpp
[3.812s] -- Up-to-date symlink: /home/dfolse/repos/SPIDER/SPIDER_ws/install/spider_interfaces/include/spider_interfaces/msg/detail/loc_commands__traits.hpp
[3.816s] -- Up-to-date symlink: /home/dfolse/repos/SPIDER/SPIDER_ws/install/spider_interfaces/include/spider_interfaces/msg/detail/loc_commands__type_support.hpp
[3.819s] -- Up-to-date symlink: /home/dfolse/repos/SPIDER/SPIDER_ws/install/spider_interfaces/include/spider_interfaces/msg/loc_commands.hpp
[3.823s] -- Up-to-date symlink: /home/dfolse/repos/SPIDER/SPIDER_ws/install/spider_interfaces/include/spider_interfaces/msg/rosidl_generator_cpp__visibility_control.hpp
[3.827s] -- Up-to-date symlink: /home/dfolse/repos/SPIDER/SPIDER_ws/install/spider_interfaces/include/spider_interfaces/srv/detail/loc_service__builder.hpp
[3.831s] -- Up-to-date symlink: /home/dfolse/repos/SPIDER/SPIDER_ws/install/spider_interfaces/include/spider_interfaces/srv/detail/loc_service__struct.hpp
[3.835s] -- Up-to-date symlink: /home/dfolse/repos/SPIDER/SPIDER_ws/install/spider_interfaces/include/spider_interfaces/srv/detail/loc_service__traits.hpp
[3.839s] -- Up-to-date symlink: /home/dfolse/repos/SPIDER/SPIDER_ws/install/spider_interfaces/include/spider_interfaces/srv/detail/loc_service__type_support.hpp
[3.843s] -- Up-to-date symlink: /home/dfolse/repos/SPIDER/SPIDER_ws/install/spider_interfaces/include/spider_interfaces/srv/loc_service.hpp
[3.852s] -- Up-to-date symlink: /home/dfolse/repos/SPIDER/SPIDER_ws/install/spider_interfaces/include/spider_interfaces/msg/detail/loc_commands__rosidl_typesupport_introspection_cpp.hpp
[3.855s] -- Up-to-date symlink: /home/dfolse/repos/SPIDER/SPIDER_ws/install/spider_interfaces/include/spider_interfaces/srv/detail/loc_service__rosidl_typesupport_introspection_cpp.hpp
[3.857s] -- Up-to-date symlink: /home/dfolse/repos/SPIDER/SPIDER_ws/install/spider_interfaces/share/spider_interfaces/environment/pythonpath.sh
[3.859s] -- Up-to-date symlink: /home/dfolse/repos/SPIDER/SPIDER_ws/install/spider_interfaces/share/spider_interfaces/environment/pythonpath.dsv
[3.862s] -- Up-to-date symlink: /home/dfolse/repos/SPIDER/SPIDER_ws/install/spider_interfaces/lib/python3.8/site-packages/spider_interfaces/__init__.py
[3.866s] -- Up-to-date symlink: /home/dfolse/repos/SPIDER/SPIDER_ws/install/spider_interfaces/lib/python3.8/site-packages/spider_interfaces/msg/__init__.py
[3.868s] -- Up-to-date symlink: /home/dfolse/repos/SPIDER/SPIDER_ws/install/spider_interfaces/lib/python3.8/site-packages/spider_interfaces/msg/_loc_commands.py
[3.872s] -- Up-to-date symlink: /home/dfolse/repos/SPIDER/SPIDER_ws/install/spider_interfaces/lib/python3.8/site-packages/spider_interfaces/srv/__init__.py
[3.874s] -- Up-to-date symlink: /home/dfolse/repos/SPIDER/SPIDER_ws/install/spider_interfaces/lib/python3.8/site-packages/spider_interfaces/srv/_loc_service.py
[3.878s] -- Up-to-date symlink: /home/dfolse/repos/SPIDER/SPIDER_ws/install/spider_interfaces/lib/python3.8/site-packages/spider_interfaces/spider_interfaces_s__rosidl_typesupport_fastrtps_c.cpython-38-aarch64-linux-gnu.so
[3.881s] -- Up-to-date symlink: /home/dfolse/repos/SPIDER/SPIDER_ws/install/spider_interfaces/lib/python3.8/site-packages/spider_interfaces/spider_interfaces_s__rosidl_typesupport_introspection_c.cpython-38-aarch64-linux-gnu.so
[3.885s] -- Up-to-date symlink: /home/dfolse/repos/SPIDER/SPIDER_ws/install/spider_interfaces/lib/python3.8/site-packages/spider_interfaces/spider_interfaces_s__rosidl_typesupport_c.cpython-38-aarch64-linux-gnu.so
[3.891s] -- Up-to-date symlink: /home/dfolse/repos/SPIDER/SPIDER_ws/install/spider_interfaces/lib/libspider_interfaces__python.so
[3.897s] -- Up-to-date symlink: /home/dfolse/repos/SPIDER/SPIDER_ws/install/spider_interfaces/share/spider_interfaces/msg/LocCommands.idl
[3.902s] -- Up-to-date symlink: /home/dfolse/repos/SPIDER/SPIDER_ws/install/spider_interfaces/share/spider_interfaces/srv/LocService.idl
[3.906s] -- Up-to-date symlink: /home/dfolse/repos/SPIDER/SPIDER_ws/install/spider_interfaces/share/spider_interfaces/msg/LocCommands.msg
[3.911s] -- Up-to-date symlink: /home/dfolse/repos/SPIDER/SPIDER_ws/install/spider_interfaces/share/spider_interfaces/srv/LocService.srv
[3.915s] -- Up-to-date symlink: /home/dfolse/repos/SPIDER/SPIDER_ws/install/spider_interfaces/share/spider_interfaces/srv/LocService_Request.msg
[3.920s] -- Up-to-date symlink: /home/dfolse/repos/SPIDER/SPIDER_ws/install/spider_interfaces/share/spider_interfaces/srv/LocService_Response.msg
[3.925s] -- Up-to-date symlink: /home/dfolse/repos/SPIDER/SPIDER_ws/install/spider_interfaces/share/ament_index/resource_index/package_run_dependencies/spider_interfaces
[3.931s] -- Up-to-date symlink: /home/dfolse/repos/SPIDER/SPIDER_ws/install/spider_interfaces/share/ament_index/resource_index/parent_prefix_path/spider_interfaces
[3.936s] -- Up-to-date symlink: /home/dfolse/repos/SPIDER/SPIDER_ws/install/spider_interfaces/share/spider_interfaces/environment/ament_prefix_path.sh
[3.940s] -- Up-to-date symlink: /home/dfolse/repos/SPIDER/SPIDER_ws/install/spider_interfaces/share/spider_interfaces/environment/ament_prefix_path.dsv
[3.945s] -- Up-to-date symlink: /home/dfolse/repos/SPIDER/SPIDER_ws/install/spider_interfaces/share/spider_interfaces/environment/path.sh
[3.949s] -- Up-to-date symlink: /home/dfolse/repos/SPIDER/SPIDER_ws/install/spider_interfaces/share/spider_interfaces/environment/path.dsv
[3.953s] -- Up-to-date symlink: /home/dfolse/repos/SPIDER/SPIDER_ws/install/spider_interfaces/share/spider_interfaces/local_setup.bash
[3.958s] -- Up-to-date symlink: /home/dfolse/repos/SPIDER/SPIDER_ws/install/spider_interfaces/share/spider_interfaces/local_setup.sh
[3.962s] -- Up-to-date symlink: /home/dfolse/repos/SPIDER/SPIDER_ws/install/spider_interfaces/share/spider_interfaces/local_setup.zsh
[3.966s] -- Up-to-date symlink: /home/dfolse/repos/SPIDER/SPIDER_ws/install/spider_interfaces/share/spider_interfaces/local_setup.dsv
[3.969s] -- Symlinking: /home/dfolse/repos/SPIDER/SPIDER_ws/install/spider_interfaces/share/spider_interfaces/package.dsv
[4.051s] -- Up-to-date symlink: /home/dfolse/repos/SPIDER/SPIDER_ws/install/spider_interfaces/share/ament_index/resource_index/packages/spider_interfaces
[4.056s] -- Up-to-date symlink: /home/dfolse/repos/SPIDER/SPIDER_ws/install/spider_interfaces/share/spider_interfaces/cmake/rosidl_cmake-extras.cmake
[4.060s] -- Up-to-date symlink: /home/dfolse/repos/SPIDER/SPIDER_ws/install/spider_interfaces/share/spider_interfaces/cmake/ament_cmake_export_dependencies-extras.cmake
[4.065s] -- Up-to-date symlink: /home/dfolse/repos/SPIDER/SPIDER_ws/install/spider_interfaces/share/spider_interfaces/cmake/ament_cmake_export_libraries-extras.cmake
[4.069s] -- Up-to-date symlink: /home/dfolse/repos/SPIDER/SPIDER_ws/install/spider_interfaces/share/spider_interfaces/cmake/ament_cmake_export_targets-extras.cmake
[4.074s] -- Up-to-date symlink: /home/dfolse/repos/SPIDER/SPIDER_ws/install/spider_interfaces/share/spider_interfaces/cmake/ament_cmake_export_include_directories-extras.cmake
[4.078s] -- Up-to-date symlink: /home/dfolse/repos/SPIDER/SPIDER_ws/install/spider_interfaces/share/spider_interfaces/cmake/rosidl_cmake_export_typesupport_libraries-extras.cmake
[4.083s] -- Up-to-date symlink: /home/dfolse/repos/SPIDER/SPIDER_ws/install/spider_interfaces/share/spider_interfaces/cmake/rosidl_cmake_export_typesupport_targets-extras.cmake
[4.087s] -- Up-to-date symlink: /home/dfolse/repos/SPIDER/SPIDER_ws/install/spider_interfaces/share/spider_interfaces/cmake/spider_interfacesConfig.cmake
[4.091s] -- Up-to-date symlink: /home/dfolse/repos/SPIDER/SPIDER_ws/install/spider_interfaces/share/spider_interfaces/cmake/spider_interfacesConfig-version.cmake
[4.095s] -- Up-to-date symlink: /home/dfolse/repos/SPIDER/SPIDER_ws/install/spider_interfaces/share/spider_interfaces/package.xml
[4.100s] -- Up-to-date: /home/dfolse/repos/SPIDER/SPIDER_ws/install/spider_interfaces/lib/libspider_interfaces__rosidl_generator_c.so
[4.107s] -- Up-to-date: /home/dfolse/repos/SPIDER/SPIDER_ws/install/spider_interfaces/lib/libspider_interfaces__rosidl_typesupport_introspection_c.so
[4.114s] -- Up-to-date: /home/dfolse/repos/SPIDER/SPIDER_ws/install/spider_interfaces/lib/libspider_interfaces__rosidl_typesupport_c.so
[4.121s] -- Up-to-date: /home/dfolse/repos/SPIDER/SPIDER_ws/install/spider_interfaces/lib/libspider_interfaces__rosidl_typesupport_introspection_cpp.so
[4.128s] -- Up-to-date: /home/dfolse/repos/SPIDER/SPIDER_ws/install/spider_interfaces/lib/libspider_interfaces__rosidl_typesupport_cpp.so
[4.452s] -- Up-to-date: /home/dfolse/repos/SPIDER/SPIDER_ws/install/spider_interfaces/share/spider_interfaces/cmake/spider_interfaces__rosidl_generator_cExport.cmake
[4.453s] -- Up-to-date: /home/dfolse/repos/SPIDER/SPIDER_ws/install/spider_interfaces/share/spider_interfaces/cmake/spider_interfaces__rosidl_generator_cExport-noconfig.cmake
[4.457s] -- Up-to-date: /home/dfolse/repos/SPIDER/SPIDER_ws/install/spider_interfaces/share/spider_interfaces/cmake/spider_interfaces__rosidl_typesupport_introspection_cExport.cmake
[4.458s] -- Up-to-date: /home/dfolse/repos/SPIDER/SPIDER_ws/install/spider_interfaces/share/spider_interfaces/cmake/spider_interfaces__rosidl_typesupport_introspection_cExport-noconfig.cmake
[4.463s] -- Up-to-date: /home/dfolse/repos/SPIDER/SPIDER_ws/install/spider_interfaces/share/spider_interfaces/cmake/spider_interfaces__rosidl_typesupport_cExport.cmake
[4.464s] -- Up-to-date: /home/dfolse/repos/SPIDER/SPIDER_ws/install/spider_interfaces/share/spider_interfaces/cmake/spider_interfaces__rosidl_typesupport_cExport-noconfig.cmake
[4.468s] -- Up-to-date: /home/dfolse/repos/SPIDER/SPIDER_ws/install/spider_interfaces/share/spider_interfaces/cmake/spider_interfaces__rosidl_generator_cppExport.cmake
[4.472s] -- Up-to-date: /home/dfolse/repos/SPIDER/SPIDER_ws/install/spider_interfaces/share/spider_interfaces/cmake/spider_interfaces__rosidl_typesupport_introspection_cppExport.cmake
[4.473s] -- Up-to-date: /home/dfolse/repos/SPIDER/SPIDER_ws/install/spider_interfaces/share/spider_interfaces/cmake/spider_interfaces__rosidl_typesupport_introspection_cppExport-noconfig.cmake
[4.478s] -- Up-to-date: /home/dfolse/repos/SPIDER/SPIDER_ws/install/spider_interfaces/share/spider_interfaces/cmake/spider_interfaces__rosidl_typesupport_cppExport.cmake
[4.479s] -- Up-to-date: /home/dfolse/repos/SPIDER/SPIDER_ws/install/spider_interfaces/share/spider_interfaces/cmake/spider_interfaces__rosidl_typesupport_cppExport-noconfig.cmake
[4.495s] Invoked command in '/home/dfolse/repos/SPIDER/SPIDER_ws/build/spider_interfaces' returned '0': CMAKE_PREFIX_PATH=/opt/ros/foxy /usr/bin/cmake --install /home/dfolse/repos/SPIDER/SPIDER_ws/build/spider_interfaces
