[2.102s] DEBUG:colcon:Command line arguments: ['/usr/bin/colcon', 'build']
[2.103s] DEBUG:colcon:Parsed command line arguments: Namespace(allow_overriding=[], ament_cmake_args=None, base_paths=['.'], build_base='build', catkin_cmake_args=None, catkin_skip_building_tests=False, cmake_args=None, cmake_clean_cache=False, cmake_clean_first=False, cmake_force_configure=False, cmake_target=None, cmake_target_skip_unavailable=False, continue_on_error=False, event_handlers=None, executor='parallel', ignore_user_meta=False, install_base='install', log_base=None, log_level=None, main=<bound method BuildVerb.main of <colcon_core.verb.build.BuildVerb object at 0xffff99bb1d30>>, merge_install=False, metas=['./colcon.meta'], packages_above=None, packages_above_and_dependencies=None, packages_above_depth=None, packages_end=None, packages_ignore=None, packages_ignore_regex=None, packages_select=None, packages_select_build_failed=False, packages_select_by_dep=None, packages_select_regex=None, packages_select_test_failures=False, packages_skip=None, packages_skip_build_finished=False, packages_skip_by_dep=None, packages_skip_regex=None, packages_skip_test_passed=False, packages_skip_up_to=None, packages_start=None, packages_up_to=None, packages_up_to_regex=None, parallel_workers=4, paths=None, symlink_install=False, test_result_base=None, verb_extension=<colcon_core.verb.build.BuildVerb object at 0xffff99bb1d30>, verb_name='build', verb_parser=<colcon_defaults.argument_parser.defaults.DefaultArgumentsDecorator object at 0xffff99aa87c0>)
[3.989s] Level 1:colcon.colcon_core.package_discovery:discover_packages(colcon_meta) check parameters
[3.990s] Level 1:colcon.colcon_core.package_discovery:discover_packages(recursive) check parameters
[3.991s] Level 1:colcon.colcon_core.package_discovery:discover_packages(ignore) check parameters
[3.991s] Level 1:colcon.colcon_core.package_discovery:discover_packages(path) check parameters
[3.991s] Level 1:colcon.colcon_core.package_discovery:discover_packages(colcon_meta) discover
[3.992s] Level 1:colcon.colcon_core.package_discovery:discover_packages(recursive) discover
[3.992s] INFO:colcon.colcon_core.package_discovery:Crawling recursively for packages in '/home/dfolse/repos/SPIDER/SPIDER_ws'
[3.993s] Level 1:colcon.colcon_core.package_identification:_identify(.) by extensions ['ignore', 'ignore_ament_install']
[3.994s] Level 1:colcon.colcon_core.package_identification:_identify(.) by extension 'ignore'
[3.995s] Level 1:colcon.colcon_core.package_identification:_identify(.) by extension 'ignore_ament_install'
[3.995s] Level 1:colcon.colcon_core.package_identification:_identify(.) by extensions ['colcon_pkg']
[3.995s] Level 1:colcon.colcon_core.package_identification:_identify(.) by extension 'colcon_pkg'
[3.996s] Level 1:colcon.colcon_core.package_identification:_identify(.) by extensions ['colcon_meta']
[3.996s] Level 1:colcon.colcon_core.package_identification:_identify(.) by extension 'colcon_meta'
[3.997s] Level 1:colcon.colcon_core.package_identification:_identify(.) by extensions ['ros']
[3.997s] Level 1:colcon.colcon_core.package_identification:_identify(.) by extension 'ros'
[4.104s] Level 1:colcon.colcon_core.package_identification:_identify(.) by extensions ['cmake', 'python']
[4.105s] Level 1:colcon.colcon_core.package_identification:_identify(.) by extension 'cmake'
[4.105s] Level 1:colcon.colcon_core.package_identification:_identify(.) by extension 'python'
[4.105s] Level 1:colcon.colcon_core.package_identification:_identify(.) by extensions ['python_setup_py']
[4.106s] Level 1:colcon.colcon_core.package_identification:_identify(.) by extension 'python_setup_py'
[4.108s] Level 1:colcon.colcon_core.package_identification:_identify(build) by extensions ['ignore', 'ignore_ament_install']
[4.109s] Level 1:colcon.colcon_core.package_identification:_identify(build) by extension 'ignore'
[4.109s] Level 1:colcon.colcon_core.package_identification:_identify(build) ignored
[4.111s] Level 1:colcon.colcon_core.package_identification:_identify(config) by extensions ['ignore', 'ignore_ament_install']
[4.111s] Level 1:colcon.colcon_core.package_identification:_identify(config) by extension 'ignore'
[4.112s] Level 1:colcon.colcon_core.package_identification:_identify(config) by extension 'ignore_ament_install'
[4.112s] Level 1:colcon.colcon_core.package_identification:_identify(config) by extensions ['colcon_pkg']
[4.113s] Level 1:colcon.colcon_core.package_identification:_identify(config) by extension 'colcon_pkg'
[4.113s] Level 1:colcon.colcon_core.package_identification:_identify(config) by extensions ['colcon_meta']
[4.114s] Level 1:colcon.colcon_core.package_identification:_identify(config) by extension 'colcon_meta'
[4.114s] Level 1:colcon.colcon_core.package_identification:_identify(config) by extensions ['ros']
[4.114s] Level 1:colcon.colcon_core.package_identification:_identify(config) by extension 'ros'
[4.115s] Level 1:colcon.colcon_core.package_identification:_identify(config) by extensions ['cmake', 'python']
[4.115s] Level 1:colcon.colcon_core.package_identification:_identify(config) by extension 'cmake'
[4.116s] Level 1:colcon.colcon_core.package_identification:_identify(config) by extension 'python'
[4.116s] Level 1:colcon.colcon_core.package_identification:_identify(config) by extensions ['python_setup_py']
[4.117s] Level 1:colcon.colcon_core.package_identification:_identify(config) by extension 'python_setup_py'
[4.118s] Level 1:colcon.colcon_core.package_identification:_identify(install) by extensions ['ignore', 'ignore_ament_install']
[4.119s] Level 1:colcon.colcon_core.package_identification:_identify(install) by extension 'ignore'
[4.119s] Level 1:colcon.colcon_core.package_identification:_identify(install) ignored
[4.129s] Level 1:colcon.colcon_core.package_identification:_identify(log) by extensions ['ignore', 'ignore_ament_install']
[4.130s] Level 1:colcon.colcon_core.package_identification:_identify(log) by extension 'ignore'
[4.130s] Level 1:colcon.colcon_core.package_identification:_identify(log) ignored
[4.131s] Level 1:colcon.colcon_core.package_identification:_identify(src) by extensions ['ignore', 'ignore_ament_install']
[4.132s] Level 1:colcon.colcon_core.package_identification:_identify(src) by extension 'ignore'
[4.132s] Level 1:colcon.colcon_core.package_identification:_identify(src) by extension 'ignore_ament_install'
[4.133s] Level 1:colcon.colcon_core.package_identification:_identify(src) by extensions ['colcon_pkg']
[4.133s] Level 1:colcon.colcon_core.package_identification:_identify(src) by extension 'colcon_pkg'
[4.133s] Level 1:colcon.colcon_core.package_identification:_identify(src) by extensions ['colcon_meta']
[4.134s] Level 1:colcon.colcon_core.package_identification:_identify(src) by extension 'colcon_meta'
[4.134s] Level 1:colcon.colcon_core.package_identification:_identify(src) by extensions ['ros']
[4.135s] Level 1:colcon.colcon_core.package_identification:_identify(src) by extension 'ros'
[4.135s] Level 1:colcon.colcon_core.package_identification:_identify(src) by extensions ['cmake', 'python']
[4.136s] Level 1:colcon.colcon_core.package_identification:_identify(src) by extension 'cmake'
[4.136s] Level 1:colcon.colcon_core.package_identification:_identify(src) by extension 'python'
[4.137s] Level 1:colcon.colcon_core.package_identification:_identify(src) by extensions ['python_setup_py']
[4.137s] Level 1:colcon.colcon_core.package_identification:_identify(src) by extension 'python_setup_py'
[4.138s] Level 1:colcon.colcon_core.package_identification:_identify(src/data_transfer) by extensions ['ignore', 'ignore_ament_install']
[4.139s] Level 1:colcon.colcon_core.package_identification:_identify(src/data_transfer) by extension 'ignore'
[4.139s] Level 1:colcon.colcon_core.package_identification:_identify(src/data_transfer) by extension 'ignore_ament_install'
[4.140s] Level 1:colcon.colcon_core.package_identification:_identify(src/data_transfer) by extensions ['colcon_pkg']
[4.140s] Level 1:colcon.colcon_core.package_identification:_identify(src/data_transfer) by extension 'colcon_pkg'
[4.141s] Level 1:colcon.colcon_core.package_identification:_identify(src/data_transfer) by extensions ['colcon_meta']
[4.141s] Level 1:colcon.colcon_core.package_identification:_identify(src/data_transfer) by extension 'colcon_meta'
[4.142s] Level 1:colcon.colcon_core.package_identification:_identify(src/data_transfer) by extensions ['ros']
[4.142s] Level 1:colcon.colcon_core.package_identification:_identify(src/data_transfer) by extension 'ros'
[4.162s] DEBUG:colcon.colcon_core.package_identification:Package 'src/data_transfer' with type 'ros.ament_python' and name 'data_transfer'
[4.164s] Level 1:colcon.colcon_core.package_identification:_identify(src/locomotion) by extensions ['ignore', 'ignore_ament_install']
[4.165s] Level 1:colcon.colcon_core.package_identification:_identify(src/locomotion) by extension 'ignore'
[4.165s] Level 1:colcon.colcon_core.package_identification:_identify(src/locomotion) by extension 'ignore_ament_install'
[4.166s] Level 1:colcon.colcon_core.package_identification:_identify(src/locomotion) by extensions ['colcon_pkg']
[4.166s] Level 1:colcon.colcon_core.package_identification:_identify(src/locomotion) by extension 'colcon_pkg'
[4.167s] Level 1:colcon.colcon_core.package_identification:_identify(src/locomotion) by extensions ['colcon_meta']
[4.167s] Level 1:colcon.colcon_core.package_identification:_identify(src/locomotion) by extension 'colcon_meta'
[4.167s] Level 1:colcon.colcon_core.package_identification:_identify(src/locomotion) by extensions ['ros']
[4.168s] Level 1:colcon.colcon_core.package_identification:_identify(src/locomotion) by extension 'ros'
[4.173s] DEBUG:colcon.colcon_core.package_identification:Package 'src/locomotion' with type 'ros.ament_python' and name 'locomotion'
[4.174s] Level 1:colcon.colcon_core.package_identification:_identify(src/spider_interfaces) by extensions ['ignore', 'ignore_ament_install']
[4.175s] Level 1:colcon.colcon_core.package_identification:_identify(src/spider_interfaces) by extension 'ignore'
[4.175s] Level 1:colcon.colcon_core.package_identification:_identify(src/spider_interfaces) by extension 'ignore_ament_install'
[4.176s] Level 1:colcon.colcon_core.package_identification:_identify(src/spider_interfaces) by extensions ['colcon_pkg']
[4.176s] Level 1:colcon.colcon_core.package_identification:_identify(src/spider_interfaces) by extension 'colcon_pkg'
[4.177s] Level 1:colcon.colcon_core.package_identification:_identify(src/spider_interfaces) by extensions ['colcon_meta']
[4.177s] Level 1:colcon.colcon_core.package_identification:_identify(src/spider_interfaces) by extension 'colcon_meta'
[4.178s] Level 1:colcon.colcon_core.package_identification:_identify(src/spider_interfaces) by extensions ['ros']
[4.178s] Level 1:colcon.colcon_core.package_identification:_identify(src/spider_interfaces) by extension 'ros'
[4.183s] DEBUG:colcon.colcon_core.package_identification:Package 'src/spider_interfaces' with type 'ros.ament_cmake' and name 'spider_interfaces'
[4.184s] Level 1:colcon.colcon_core.package_identification:_identify(src/spider_nav) by extensions ['ignore', 'ignore_ament_install']
[4.185s] Level 1:colcon.colcon_core.package_identification:_identify(src/spider_nav) by extension 'ignore'
[4.185s] Level 1:colcon.colcon_core.package_identification:_identify(src/spider_nav) by extension 'ignore_ament_install'
[4.186s] Level 1:colcon.colcon_core.package_identification:_identify(src/spider_nav) by extensions ['colcon_pkg']
[4.186s] Level 1:colcon.colcon_core.package_identification:_identify(src/spider_nav) by extension 'colcon_pkg'
[4.187s] Level 1:colcon.colcon_core.package_identification:_identify(src/spider_nav) by extensions ['colcon_meta']
[4.187s] Level 1:colcon.colcon_core.package_identification:_identify(src/spider_nav) by extension 'colcon_meta'
[4.187s] Level 1:colcon.colcon_core.package_identification:_identify(src/spider_nav) by extensions ['ros']
[4.188s] Level 1:colcon.colcon_core.package_identification:_identify(src/spider_nav) by extension 'ros'
[4.197s] DEBUG:colcon.colcon_core.package_identification:Package 'src/spider_nav' with type 'ros.ament_python' and name 'spider_nav'
[4.198s] Level 1:colcon.colcon_core.package_discovery:discover_packages(recursive) using defaults
[4.198s] Level 1:colcon.colcon_core.package_discovery:discover_packages(ignore) discover
[4.199s] Level 1:colcon.colcon_core.package_discovery:discover_packages(ignore) using defaults
[4.199s] Level 1:colcon.colcon_core.package_discovery:discover_packages(path) discover
[4.199s] Level 1:colcon.colcon_core.package_discovery:discover_packages(path) using defaults
[4.355s] Level 1:colcon.colcon_core.package_discovery:discover_packages(prefix_path) check parameters
[4.356s] Level 1:colcon.colcon_core.package_discovery:discover_packages(prefix_path) discover
[4.380s] DEBUG:colcon.colcon_installed_package_information.package_discovery:Found 7 installed packages in /home/dfolse/repos/SPIDER/SPIDER_ws/install
[4.405s] DEBUG:colcon.colcon_installed_package_information.package_discovery:Found 308 installed packages in /opt/ros/foxy
[4.494s] Level 1:colcon.colcon_core.package_discovery:discover_packages(prefix_path) using defaults
[5.474s] Level 5:colcon.colcon_core.verb:set package 'spider_interfaces' build argument 'cmake_args' from command line to 'None'
[5.474s] Level 5:colcon.colcon_core.verb:set package 'spider_interfaces' build argument 'cmake_target' from command line to 'None'
[5.474s] Level 5:colcon.colcon_core.verb:set package 'spider_interfaces' build argument 'cmake_target_skip_unavailable' from command line to 'False'
[5.475s] Level 5:colcon.colcon_core.verb:set package 'spider_interfaces' build argument 'cmake_clean_cache' from command line to 'False'
[5.475s] Level 5:colcon.colcon_core.verb:set package 'spider_interfaces' build argument 'cmake_clean_first' from command line to 'False'
[5.475s] Level 5:colcon.colcon_core.verb:set package 'spider_interfaces' build argument 'cmake_force_configure' from command line to 'False'
[5.476s] Level 5:colcon.colcon_core.verb:set package 'spider_interfaces' build argument 'ament_cmake_args' from command line to 'None'
[5.476s] Level 5:colcon.colcon_core.verb:set package 'spider_interfaces' build argument 'catkin_cmake_args' from command line to 'None'
[5.476s] Level 5:colcon.colcon_core.verb:set package 'spider_interfaces' build argument 'catkin_skip_building_tests' from command line to 'False'
[5.476s] DEBUG:colcon.colcon_core.verb:Building package 'spider_interfaces' with the following arguments: {'ament_cmake_args': None, 'build_base': '/home/dfolse/repos/SPIDER/SPIDER_ws/build/spider_interfaces', 'catkin_cmake_args': None, 'catkin_skip_building_tests': False, 'cmake_args': None, 'cmake_clean_cache': False, 'cmake_clean_first': False, 'cmake_force_configure': False, 'cmake_target': None, 'cmake_target_skip_unavailable': False, 'install_base': '/home/dfolse/repos/SPIDER/SPIDER_ws/install/spider_interfaces', 'merge_install': False, 'path': '/home/dfolse/repos/SPIDER/SPIDER_ws/src/spider_interfaces', 'symlink_install': False, 'test_result_base': None}
[5.481s] Level 5:colcon.colcon_core.verb:set package 'locomotion' build argument 'cmake_args' from command line to 'None'
[5.481s] Level 5:colcon.colcon_core.verb:set package 'locomotion' build argument 'cmake_target' from command line to 'None'
[5.481s] Level 5:colcon.colcon_core.verb:set package 'locomotion' build argument 'cmake_target_skip_unavailable' from command line to 'False'
[5.482s] Level 5:colcon.colcon_core.verb:set package 'locomotion' build argument 'cmake_clean_cache' from command line to 'False'
[5.482s] Level 5:colcon.colcon_core.verb:set package 'locomotion' build argument 'cmake_clean_first' from command line to 'False'
[5.482s] Level 5:colcon.colcon_core.verb:set package 'locomotion' build argument 'cmake_force_configure' from command line to 'False'
[5.483s] Level 5:colcon.colcon_core.verb:set package 'locomotion' build argument 'ament_cmake_args' from command line to 'None'
[5.483s] Level 5:colcon.colcon_core.verb:set package 'locomotion' build argument 'catkin_cmake_args' from command line to 'None'
[5.483s] Level 5:colcon.colcon_core.verb:set package 'locomotion' build argument 'catkin_skip_building_tests' from command line to 'False'
[5.483s] DEBUG:colcon.colcon_core.verb:Building package 'locomotion' with the following arguments: {'ament_cmake_args': None, 'build_base': '/home/dfolse/repos/SPIDER/SPIDER_ws/build/locomotion', 'catkin_cmake_args': None, 'catkin_skip_building_tests': False, 'cmake_args': None, 'cmake_clean_cache': False, 'cmake_clean_first': False, 'cmake_force_configure': False, 'cmake_target': None, 'cmake_target_skip_unavailable': False, 'install_base': '/home/dfolse/repos/SPIDER/SPIDER_ws/install/locomotion', 'merge_install': False, 'path': '/home/dfolse/repos/SPIDER/SPIDER_ws/src/locomotion', 'symlink_install': False, 'test_result_base': None}
[5.487s] Level 5:colcon.colcon_core.verb:set package 'spider_nav' build argument 'cmake_args' from command line to 'None'
[5.488s] Level 5:colcon.colcon_core.verb:set package 'spider_nav' build argument 'cmake_target' from command line to 'None'
[5.488s] Level 5:colcon.colcon_core.verb:set package 'spider_nav' build argument 'cmake_target_skip_unavailable' from command line to 'False'
[5.488s] Level 5:colcon.colcon_core.verb:set package 'spider_nav' build argument 'cmake_clean_cache' from command line to 'False'
[5.489s] Level 5:colcon.colcon_core.verb:set package 'spider_nav' build argument 'cmake_clean_first' from command line to 'False'
[5.489s] Level 5:colcon.colcon_core.verb:set package 'spider_nav' build argument 'cmake_force_configure' from command line to 'False'
[5.489s] Level 5:colcon.colcon_core.verb:set package 'spider_nav' build argument 'ament_cmake_args' from command line to 'None'
[5.489s] Level 5:colcon.colcon_core.verb:set package 'spider_nav' build argument 'catkin_cmake_args' from command line to 'None'
[5.490s] Level 5:colcon.colcon_core.verb:set package 'spider_nav' build argument 'catkin_skip_building_tests' from command line to 'False'
[5.490s] DEBUG:colcon.colcon_core.verb:Building package 'spider_nav' with the following arguments: {'ament_cmake_args': None, 'build_base': '/home/dfolse/repos/SPIDER/SPIDER_ws/build/spider_nav', 'catkin_cmake_args': None, 'catkin_skip_building_tests': False, 'cmake_args': None, 'cmake_clean_cache': False, 'cmake_clean_first': False, 'cmake_force_configure': False, 'cmake_target': None, 'cmake_target_skip_unavailable': False, 'install_base': '/home/dfolse/repos/SPIDER/SPIDER_ws/install/spider_nav', 'merge_install': False, 'path': '/home/dfolse/repos/SPIDER/SPIDER_ws/src/spider_nav', 'symlink_install': False, 'test_result_base': None}
[5.494s] Level 5:colcon.colcon_core.verb:set package 'data_transfer' build argument 'cmake_args' from command line to 'None'
[5.495s] Level 5:colcon.colcon_core.verb:set package 'data_transfer' build argument 'cmake_target' from command line to 'None'
[5.495s] Level 5:colcon.colcon_core.verb:set package 'data_transfer' build argument 'cmake_target_skip_unavailable' from command line to 'False'
[5.495s] Level 5:colcon.colcon_core.verb:set package 'data_transfer' build argument 'cmake_clean_cache' from command line to 'False'
[5.495s] Level 5:colcon.colcon_core.verb:set package 'data_transfer' build argument 'cmake_clean_first' from command line to 'False'
[5.496s] Level 5:colcon.colcon_core.verb:set package 'data_transfer' build argument 'cmake_force_configure' from command line to 'False'
[5.496s] Level 5:colcon.colcon_core.verb:set package 'data_transfer' build argument 'ament_cmake_args' from command line to 'None'
[5.496s] Level 5:colcon.colcon_core.verb:set package 'data_transfer' build argument 'catkin_cmake_args' from command line to 'None'
[5.496s] Level 5:colcon.colcon_core.verb:set package 'data_transfer' build argument 'catkin_skip_building_tests' from command line to 'False'
[5.497s] DEBUG:colcon.colcon_core.verb:Building package 'data_transfer' with the following arguments: {'ament_cmake_args': None, 'build_base': '/home/dfolse/repos/SPIDER/SPIDER_ws/build/data_transfer', 'catkin_cmake_args': None, 'catkin_skip_building_tests': False, 'cmake_args': None, 'cmake_clean_cache': False, 'cmake_clean_first': False, 'cmake_force_configure': False, 'cmake_target': None, 'cmake_target_skip_unavailable': False, 'install_base': '/home/dfolse/repos/SPIDER/SPIDER_ws/install/data_transfer', 'merge_install': False, 'path': '/home/dfolse/repos/SPIDER/SPIDER_ws/src/data_transfer', 'symlink_install': False, 'test_result_base': None}
[5.498s] INFO:colcon.colcon_core.executor:Executing jobs using 'parallel' executor
[5.506s] DEBUG:colcon.colcon_parallel_executor.executor.parallel:run_until_complete
[5.508s] INFO:colcon.colcon_ros.task.ament_cmake.build:Building ROS package in '/home/dfolse/repos/SPIDER/SPIDER_ws/src/spider_interfaces' with build type 'ament_cmake'
[5.509s] INFO:colcon.colcon_cmake.task.cmake.build:Building CMake package in '/home/dfolse/repos/SPIDER/SPIDER_ws/src/spider_interfaces'
[5.531s] INFO:colcon.colcon_core.plugin_system:Skipping extension 'colcon_core.shell.bat': Not used on non-Windows systems
[5.533s] INFO:colcon.colcon_core.shell:Skip shell extension 'powershell' for command environment: Not usable outside of PowerShell
[5.534s] DEBUG:colcon.colcon_core.shell:Skip shell extension 'dsv' for command environment
[5.636s] DEBUG:colcon.colcon_core.event_handler.log_command:Invoking command in '/home/dfolse/repos/SPIDER/SPIDER_ws/build/spider_interfaces': CMAKE_PREFIX_PATH=${CMAKE_PREFIX_PATH}:/home/dfolse/repos/SPIDER/SPIDER_ws/install/data_transfer:/home/dfolse/repos/SPIDER/SPIDER_ws/install/spider_nav:/home/dfolse/repos/SPIDER/SPIDER_ws/install/locomotion:/home/dfolse/repos/SPIDER/SPIDER_ws/install/oak_d_lite:/home/dfolse/repos/SPIDER/SPIDER_ws/install/nav2_gps_waypoint_follower_demo:/opt/ros/foxy /usr/bin/cmake --build /home/dfolse/repos/SPIDER/SPIDER_ws/build/spider_interfaces -- -j4 -l4
[8.201s] DEBUG:colcon.colcon_core.event_handler.log_command:Invoked command in '/home/dfolse/repos/SPIDER/SPIDER_ws/build/spider_interfaces' returned '0': CMAKE_PREFIX_PATH=${CMAKE_PREFIX_PATH}:/home/dfolse/repos/SPIDER/SPIDER_ws/install/data_transfer:/home/dfolse/repos/SPIDER/SPIDER_ws/install/spider_nav:/home/dfolse/repos/SPIDER/SPIDER_ws/install/locomotion:/home/dfolse/repos/SPIDER/SPIDER_ws/install/oak_d_lite:/home/dfolse/repos/SPIDER/SPIDER_ws/install/nav2_gps_waypoint_follower_demo:/opt/ros/foxy /usr/bin/cmake --build /home/dfolse/repos/SPIDER/SPIDER_ws/build/spider_interfaces -- -j4 -l4
[9.128s] DEBUG:colcon.colcon_core.event_handler.log_command:Invoking command in '/home/dfolse/repos/SPIDER/SPIDER_ws/build/spider_interfaces': CMAKE_PREFIX_PATH=${CMAKE_PREFIX_PATH}:/home/dfolse/repos/SPIDER/SPIDER_ws/install/data_transfer:/home/dfolse/repos/SPIDER/SPIDER_ws/install/spider_nav:/home/dfolse/repos/SPIDER/SPIDER_ws/install/locomotion:/home/dfolse/repos/SPIDER/SPIDER_ws/install/oak_d_lite:/home/dfolse/repos/SPIDER/SPIDER_ws/install/nav2_gps_waypoint_follower_demo:/opt/ros/foxy /usr/bin/cmake --install /home/dfolse/repos/SPIDER/SPIDER_ws/build/spider_interfaces
[9.788s] Level 1:colcon.colcon_core.environment:create_environment_scripts_only(spider_interfaces)
[9.792s] DEBUG:colcon.colcon_core.event_handler.log_command:Invoked command in '/home/dfolse/repos/SPIDER/SPIDER_ws/build/spider_interfaces' returned '0': CMAKE_PREFIX_PATH=${CMAKE_PREFIX_PATH}:/home/dfolse/repos/SPIDER/SPIDER_ws/install/data_transfer:/home/dfolse/repos/SPIDER/SPIDER_ws/install/spider_nav:/home/dfolse/repos/SPIDER/SPIDER_ws/install/locomotion:/home/dfolse/repos/SPIDER/SPIDER_ws/install/oak_d_lite:/home/dfolse/repos/SPIDER/SPIDER_ws/install/nav2_gps_waypoint_follower_demo:/opt/ros/foxy /usr/bin/cmake --install /home/dfolse/repos/SPIDER/SPIDER_ws/build/spider_interfaces
[9.819s] Level 1:colcon.colcon_core.environment:checking '/home/dfolse/repos/SPIDER/SPIDER_ws/install/spider_interfaces' for CMake module files
[9.829s] Level 1:colcon.colcon_core.environment:checking '/home/dfolse/repos/SPIDER/SPIDER_ws/install/spider_interfaces' for CMake config files
[9.843s] Level 1:colcon.colcon_core.shell:create_environment_hook('spider_interfaces', 'cmake_prefix_path')
[9.845s] INFO:colcon.colcon_core.shell:Creating environment hook '/home/dfolse/repos/SPIDER/SPIDER_ws/install/spider_interfaces/share/spider_interfaces/hook/cmake_prefix_path.ps1'
[9.852s] INFO:colcon.colcon_core.shell:Creating environment descriptor '/home/dfolse/repos/SPIDER/SPIDER_ws/install/spider_interfaces/share/spider_interfaces/hook/cmake_prefix_path.dsv'
[9.857s] INFO:colcon.colcon_core.shell:Creating environment hook '/home/dfolse/repos/SPIDER/SPIDER_ws/install/spider_interfaces/share/spider_interfaces/hook/cmake_prefix_path.sh'
[9.865s] Level 1:colcon.colcon_core.environment:checking '/home/dfolse/repos/SPIDER/SPIDER_ws/install/spider_interfaces/lib'
[9.867s] Level 1:colcon.colcon_core.shell:create_environment_hook('spider_interfaces', 'ld_library_path_lib')
[9.869s] INFO:colcon.colcon_core.shell:Creating environment hook '/home/dfolse/repos/SPIDER/SPIDER_ws/install/spider_interfaces/share/spider_interfaces/hook/ld_library_path_lib.ps1'
[9.873s] INFO:colcon.colcon_core.shell:Creating environment descriptor '/home/dfolse/repos/SPIDER/SPIDER_ws/install/spider_interfaces/share/spider_interfaces/hook/ld_library_path_lib.dsv'
[9.877s] INFO:colcon.colcon_core.shell:Creating environment hook '/home/dfolse/repos/SPIDER/SPIDER_ws/install/spider_interfaces/share/spider_interfaces/hook/ld_library_path_lib.sh'
[9.880s] Level 1:colcon.colcon_core.environment:checking '/home/dfolse/repos/SPIDER/SPIDER_ws/install/spider_interfaces/bin'
[9.881s] Level 1:colcon.colcon_core.environment:checking '/home/dfolse/repos/SPIDER/SPIDER_ws/install/spider_interfaces/lib/pkgconfig/spider_interfaces.pc'
[9.883s] Level 1:colcon.colcon_core.environment:checking '/home/dfolse/repos/SPIDER/SPIDER_ws/install/spider_interfaces/lib/python3.8/site-packages'
[9.884s] Level 1:colcon.colcon_core.shell:create_environment_hook('spider_interfaces', 'pythonpath')
[9.886s] INFO:colcon.colcon_core.shell:Creating environment hook '/home/dfolse/repos/SPIDER/SPIDER_ws/install/spider_interfaces/share/spider_interfaces/hook/pythonpath.ps1'
[9.890s] INFO:colcon.colcon_core.shell:Creating environment descriptor '/home/dfolse/repos/SPIDER/SPIDER_ws/install/spider_interfaces/share/spider_interfaces/hook/pythonpath.dsv'
[9.893s] INFO:colcon.colcon_core.shell:Creating environment hook '/home/dfolse/repos/SPIDER/SPIDER_ws/install/spider_interfaces/share/spider_interfaces/hook/pythonpath.sh'
[9.898s] Level 1:colcon.colcon_core.environment:checking '/home/dfolse/repos/SPIDER/SPIDER_ws/install/spider_interfaces/bin'
[9.902s] INFO:colcon.colcon_core.shell:Creating package script '/home/dfolse/repos/SPIDER/SPIDER_ws/install/spider_interfaces/share/spider_interfaces/package.ps1'
[9.910s] INFO:colcon.colcon_core.shell:Creating package descriptor '/home/dfolse/repos/SPIDER/SPIDER_ws/install/spider_interfaces/share/spider_interfaces/package.dsv'
[9.916s] INFO:colcon.colcon_core.shell:Creating package script '/home/dfolse/repos/SPIDER/SPIDER_ws/install/spider_interfaces/share/spider_interfaces/package.sh'
[9.924s] INFO:colcon.colcon_core.shell:Creating package script '/home/dfolse/repos/SPIDER/SPIDER_ws/install/spider_interfaces/share/spider_interfaces/package.bash'
[9.932s] INFO:colcon.colcon_core.shell:Creating package script '/home/dfolse/repos/SPIDER/SPIDER_ws/install/spider_interfaces/share/spider_interfaces/package.zsh'
[9.940s] Level 1:colcon.colcon_core.environment:create_file_with_runtime_dependencies(/home/dfolse/repos/SPIDER/SPIDER_ws/install/spider_interfaces/share/colcon-core/packages/spider_interfaces)
[10.764s] Level 1:colcon.colcon_core.environment:create_environment_scripts_only(spider_interfaces)
[10.767s] Level 1:colcon.colcon_core.environment:checking '/home/dfolse/repos/SPIDER/SPIDER_ws/install/spider_interfaces' for CMake module files
[10.778s] Level 1:colcon.colcon_core.environment:checking '/home/dfolse/repos/SPIDER/SPIDER_ws/install/spider_interfaces' for CMake config files
[10.792s] Level 1:colcon.colcon_core.shell:create_environment_hook('spider_interfaces', 'cmake_prefix_path')
[10.794s] INFO:colcon.colcon_core.shell:Creating environment hook '/home/dfolse/repos/SPIDER/SPIDER_ws/install/spider_interfaces/share/spider_interfaces/hook/cmake_prefix_path.ps1'
[10.798s] INFO:colcon.colcon_core.shell:Creating environment descriptor '/home/dfolse/repos/SPIDER/SPIDER_ws/install/spider_interfaces/share/spider_interfaces/hook/cmake_prefix_path.dsv'
[10.802s] INFO:colcon.colcon_core.shell:Creating environment hook '/home/dfolse/repos/SPIDER/SPIDER_ws/install/spider_interfaces/share/spider_interfaces/hook/cmake_prefix_path.sh'
[10.807s] Level 1:colcon.colcon_core.environment:checking '/home/dfolse/repos/SPIDER/SPIDER_ws/install/spider_interfaces/lib'
[10.808s] Level 1:colcon.colcon_core.shell:create_environment_hook('spider_interfaces', 'ld_library_path_lib')
[10.810s] INFO:colcon.colcon_core.shell:Creating environment hook '/home/dfolse/repos/SPIDER/SPIDER_ws/install/spider_interfaces/share/spider_interfaces/hook/ld_library_path_lib.ps1'
[10.814s] INFO:colcon.colcon_core.shell:Creating environment descriptor '/home/dfolse/repos/SPIDER/SPIDER_ws/install/spider_interfaces/share/spider_interfaces/hook/ld_library_path_lib.dsv'
[10.817s] INFO:colcon.colcon_core.shell:Creating environment hook '/home/dfolse/repos/SPIDER/SPIDER_ws/install/spider_interfaces/share/spider_interfaces/hook/ld_library_path_lib.sh'
[10.821s] Level 1:colcon.colcon_core.environment:checking '/home/dfolse/repos/SPIDER/SPIDER_ws/install/spider_interfaces/bin'
[10.821s] Level 1:colcon.colcon_core.environment:checking '/home/dfolse/repos/SPIDER/SPIDER_ws/install/spider_interfaces/lib/pkgconfig/spider_interfaces.pc'
[10.823s] Level 1:colcon.colcon_core.environment:checking '/home/dfolse/repos/SPIDER/SPIDER_ws/install/spider_interfaces/lib/python3.8/site-packages'
[10.824s] Level 1:colcon.colcon_core.shell:create_environment_hook('spider_interfaces', 'pythonpath')
[10.826s] INFO:colcon.colcon_core.shell:Creating environment hook '/home/dfolse/repos/SPIDER/SPIDER_ws/install/spider_interfaces/share/spider_interfaces/hook/pythonpath.ps1'
[10.830s] INFO:colcon.colcon_core.shell:Creating environment descriptor '/home/dfolse/repos/SPIDER/SPIDER_ws/install/spider_interfaces/share/spider_interfaces/hook/pythonpath.dsv'
[10.833s] INFO:colcon.colcon_core.shell:Creating environment hook '/home/dfolse/repos/SPIDER/SPIDER_ws/install/spider_interfaces/share/spider_interfaces/hook/pythonpath.sh'
[10.838s] Level 1:colcon.colcon_core.environment:checking '/home/dfolse/repos/SPIDER/SPIDER_ws/install/spider_interfaces/bin'
[10.842s] INFO:colcon.colcon_core.shell:Creating package script '/home/dfolse/repos/SPIDER/SPIDER_ws/install/spider_interfaces/share/spider_interfaces/package.ps1'
[10.847s] INFO:colcon.colcon_core.shell:Creating package descriptor '/home/dfolse/repos/SPIDER/SPIDER_ws/install/spider_interfaces/share/spider_interfaces/package.dsv'
[10.853s] INFO:colcon.colcon_core.shell:Creating package script '/home/dfolse/repos/SPIDER/SPIDER_ws/install/spider_interfaces/share/spider_interfaces/package.sh'
[10.858s] INFO:colcon.colcon_core.shell:Creating package script '/home/dfolse/repos/SPIDER/SPIDER_ws/install/spider_interfaces/share/spider_interfaces/package.bash'
[10.862s] INFO:colcon.colcon_core.shell:Creating package script '/home/dfolse/repos/SPIDER/SPIDER_ws/install/spider_interfaces/share/spider_interfaces/package.zsh'
[10.866s] Level 1:colcon.colcon_core.environment:create_file_with_runtime_dependencies(/home/dfolse/repos/SPIDER/SPIDER_ws/install/spider_interfaces/share/colcon-core/packages/spider_interfaces)
[10.869s] INFO:colcon.colcon_ros.task.ament_python.build:Building ROS package in '/home/dfolse/repos/SPIDER/SPIDER_ws/src/locomotion' with build type 'ament_python'
[10.871s] Level 1:colcon.colcon_core.shell:create_environment_hook('locomotion', 'ament_prefix_path')
[10.873s] INFO:colcon.colcon_core.shell:Creating environment hook '/home/dfolse/repos/SPIDER/SPIDER_ws/install/locomotion/share/locomotion/hook/ament_prefix_path.ps1'
[10.880s] INFO:colcon.colcon_core.shell:Creating environment descriptor '/home/dfolse/repos/SPIDER/SPIDER_ws/install/locomotion/share/locomotion/hook/ament_prefix_path.dsv'
[10.885s] INFO:colcon.colcon_core.shell:Creating environment hook '/home/dfolse/repos/SPIDER/SPIDER_ws/install/locomotion/share/locomotion/hook/ament_prefix_path.sh'
[10.890s] INFO:colcon.colcon_core.shell:Skip shell extension 'powershell' for command environment: Not usable outside of PowerShell
[10.891s] DEBUG:colcon.colcon_core.shell:Skip shell extension 'dsv' for command environment
[13.490s] INFO:colcon.colcon_core.task.python.build:Building Python package in '/home/dfolse/repos/SPIDER/SPIDER_ws/src/locomotion'
[13.493s] INFO:colcon.colcon_core.shell:Skip shell extension 'powershell' for command environment: Not usable outside of PowerShell
[13.494s] DEBUG:colcon.colcon_core.shell:Skip shell extension 'dsv' for command environment
[17.623s] DEBUG:colcon.colcon_core.event_handler.log_command:Invoking command in '/home/dfolse/repos/SPIDER/SPIDER_ws/src/locomotion': PYTHONPATH=/home/dfolse/repos/SPIDER/SPIDER_ws/build/locomotion/prefix_override:/home/dfolse/repos/SPIDER/SPIDER_ws/install/locomotion/lib/python3.8/site-packages:/home/dfolse/repos/SPIDER/SPIDER_ws/install/spider_interfaces/lib/python3.8/site-packages:/home/dfolse/repos/SPIDER/SPIDER_ws/install/data_transfer/lib/python3.8/site-packages:/home/dfolse/repos/SPIDER/SPIDER_ws/install/spider_nav/lib/python3.8/site-packages:/home/dfolse/repos/SPIDER/SPIDER_ws/install/locomotion/lib/python3.8/site-packages:/home/dfolse/repos/SPIDER/SPIDER_ws/install/oak_d_lite/lib/python3.8/site-packages:/home/dfolse/repos/SPIDER/SPIDER_ws/install/nav2_gps_waypoint_follower_demo/lib/python3.8/site-packages:/opt/ros/foxy/lib/python3.8/site-packages /usr/bin/python3 -W ignore:setup.py install is deprecated setup.py egg_info --egg-base ../../build/locomotion build --build-base /home/dfolse/repos/SPIDER/SPIDER_ws/build/locomotion/build install --record /home/dfolse/repos/SPIDER/SPIDER_ws/build/locomotion/install.log --single-version-externally-managed install_data
[20.826s] Level 1:colcon.colcon_core.environment:checking '/home/dfolse/repos/SPIDER/SPIDER_ws/install/locomotion' for CMake module files
[20.830s] DEBUG:colcon.colcon_core.event_handler.log_command:Invoked command in '/home/dfolse/repos/SPIDER/SPIDER_ws/src/locomotion' returned '0': PYTHONPATH=/home/dfolse/repos/SPIDER/SPIDER_ws/build/locomotion/prefix_override:/home/dfolse/repos/SPIDER/SPIDER_ws/install/locomotion/lib/python3.8/site-packages:/home/dfolse/repos/SPIDER/SPIDER_ws/install/spider_interfaces/lib/python3.8/site-packages:/home/dfolse/repos/SPIDER/SPIDER_ws/install/data_transfer/lib/python3.8/site-packages:/home/dfolse/repos/SPIDER/SPIDER_ws/install/spider_nav/lib/python3.8/site-packages:/home/dfolse/repos/SPIDER/SPIDER_ws/install/locomotion/lib/python3.8/site-packages:/home/dfolse/repos/SPIDER/SPIDER_ws/install/oak_d_lite/lib/python3.8/site-packages:/home/dfolse/repos/SPIDER/SPIDER_ws/install/nav2_gps_waypoint_follower_demo/lib/python3.8/site-packages:/opt/ros/foxy/lib/python3.8/site-packages /usr/bin/python3 -W ignore:setup.py install is deprecated setup.py egg_info --egg-base ../../build/locomotion build --build-base /home/dfolse/repos/SPIDER/SPIDER_ws/build/locomotion/build install --record /home/dfolse/repos/SPIDER/SPIDER_ws/build/locomotion/install.log --single-version-externally-managed install_data
[20.835s] Level 1:colcon.colcon_core.environment:checking '/home/dfolse/repos/SPIDER/SPIDER_ws/install/locomotion' for CMake config files
[20.843s] Level 1:colcon.colcon_core.environment:checking '/home/dfolse/repos/SPIDER/SPIDER_ws/install/locomotion/lib'
[20.844s] Level 1:colcon.colcon_core.environment:checking '/home/dfolse/repos/SPIDER/SPIDER_ws/install/locomotion/bin'
[20.845s] Level 1:colcon.colcon_core.environment:checking '/home/dfolse/repos/SPIDER/SPIDER_ws/install/locomotion/lib/pkgconfig/locomotion.pc'
[20.847s] Level 1:colcon.colcon_core.environment:checking '/home/dfolse/repos/SPIDER/SPIDER_ws/install/locomotion/lib/python3.8/site-packages'
[20.847s] Level 1:colcon.colcon_core.shell:create_environment_hook('locomotion', 'pythonpath')
[20.850s] INFO:colcon.colcon_core.shell:Creating environment hook '/home/dfolse/repos/SPIDER/SPIDER_ws/install/locomotion/share/locomotion/hook/pythonpath.ps1'
[20.854s] INFO:colcon.colcon_core.shell:Creating environment descriptor '/home/dfolse/repos/SPIDER/SPIDER_ws/install/locomotion/share/locomotion/hook/pythonpath.dsv'
[20.857s] INFO:colcon.colcon_core.shell:Creating environment hook '/home/dfolse/repos/SPIDER/SPIDER_ws/install/locomotion/share/locomotion/hook/pythonpath.sh'
[20.863s] Level 1:colcon.colcon_core.environment:checking '/home/dfolse/repos/SPIDER/SPIDER_ws/install/locomotion/bin'
[20.863s] Level 1:colcon.colcon_core.environment:create_environment_scripts_only(locomotion)
[20.867s] INFO:colcon.colcon_core.shell:Creating package script '/home/dfolse/repos/SPIDER/SPIDER_ws/install/locomotion/share/locomotion/package.ps1'
[20.871s] INFO:colcon.colcon_core.shell:Creating package descriptor '/home/dfolse/repos/SPIDER/SPIDER_ws/install/locomotion/share/locomotion/package.dsv'
[20.876s] INFO:colcon.colcon_core.shell:Creating package script '/home/dfolse/repos/SPIDER/SPIDER_ws/install/locomotion/share/locomotion/package.sh'
[20.880s] INFO:colcon.colcon_core.shell:Creating package script '/home/dfolse/repos/SPIDER/SPIDER_ws/install/locomotion/share/locomotion/package.bash'
[20.884s] INFO:colcon.colcon_core.shell:Creating package script '/home/dfolse/repos/SPIDER/SPIDER_ws/install/locomotion/share/locomotion/package.zsh'
[20.887s] Level 1:colcon.colcon_core.environment:create_file_with_runtime_dependencies(/home/dfolse/repos/SPIDER/SPIDER_ws/install/locomotion/share/colcon-core/packages/locomotion)
[20.891s] INFO:colcon.colcon_ros.task.ament_python.build:Building ROS package in '/home/dfolse/repos/SPIDER/SPIDER_ws/src/spider_nav' with build type 'ament_python'
[20.892s] Level 1:colcon.colcon_core.shell:create_environment_hook('spider_nav', 'ament_prefix_path')
[20.895s] INFO:colcon.colcon_core.shell:Creating environment hook '/home/dfolse/repos/SPIDER/SPIDER_ws/install/spider_nav/share/spider_nav/hook/ament_prefix_path.ps1'
[20.901s] INFO:colcon.colcon_core.shell:Creating environment descriptor '/home/dfolse/repos/SPIDER/SPIDER_ws/install/spider_nav/share/spider_nav/hook/ament_prefix_path.dsv'
[20.906s] INFO:colcon.colcon_core.shell:Creating environment hook '/home/dfolse/repos/SPIDER/SPIDER_ws/install/spider_nav/share/spider_nav/hook/ament_prefix_path.sh'
[20.912s] INFO:colcon.colcon_core.shell:Skip shell extension 'powershell' for command environment: Not usable outside of PowerShell
[20.913s] DEBUG:colcon.colcon_core.shell:Skip shell extension 'dsv' for command environment
[23.511s] INFO:colcon.colcon_core.task.python.build:Building Python package in '/home/dfolse/repos/SPIDER/SPIDER_ws/src/spider_nav'
[23.515s] INFO:colcon.colcon_core.shell:Skip shell extension 'powershell' for command environment: Not usable outside of PowerShell
[23.515s] DEBUG:colcon.colcon_core.shell:Skip shell extension 'dsv' for command environment
[27.657s] DEBUG:colcon.colcon_core.event_handler.log_command:Invoking command in '/home/dfolse/repos/SPIDER/SPIDER_ws/src/spider_nav': AMENT_PREFIX_PATH=/home/dfolse/repos/SPIDER/SPIDER_ws/install/locomotion:/home/dfolse/repos/SPIDER/SPIDER_ws/install/data_transfer:/home/dfolse/repos/SPIDER/SPIDER_ws/install/spider_nav:/home/dfolse/repos/SPIDER/SPIDER_ws/install/spider_interfaces:/home/dfolse/repos/SPIDER/SPIDER_ws/install/spider_description:/home/dfolse/repos/SPIDER/SPIDER_ws/install/oak_d_lite:/home/dfolse/repos/SPIDER/SPIDER_ws/install/nav2_gps_waypoint_follower_demo:/opt/ros/foxy PYTHONPATH=/home/dfolse/repos/SPIDER/SPIDER_ws/build/spider_nav/prefix_override:/home/dfolse/repos/SPIDER/SPIDER_ws/install/spider_nav/lib/python3.8/site-packages:/home/dfolse/repos/SPIDER/SPIDER_ws/install/locomotion/lib/python3.8/site-packages:/home/dfolse/repos/SPIDER/SPIDER_ws/install/spider_interfaces/lib/python3.8/site-packages:/home/dfolse/repos/SPIDER/SPIDER_ws/install/data_transfer/lib/python3.8/site-packages:/home/dfolse/repos/SPIDER/SPIDER_ws/install/spider_nav/lib/python3.8/site-packages:/home/dfolse/repos/SPIDER/SPIDER_ws/install/oak_d_lite/lib/python3.8/site-packages:/home/dfolse/repos/SPIDER/SPIDER_ws/install/nav2_gps_waypoint_follower_demo/lib/python3.8/site-packages:/opt/ros/foxy/lib/python3.8/site-packages /usr/bin/python3 -W ignore:setup.py install is deprecated setup.py egg_info --egg-base ../../build/spider_nav build --build-base /home/dfolse/repos/SPIDER/SPIDER_ws/build/spider_nav/build install --record /home/dfolse/repos/SPIDER/SPIDER_ws/build/spider_nav/install.log --single-version-externally-managed install_data
[30.833s] Level 1:colcon.colcon_core.environment:checking '/home/dfolse/repos/SPIDER/SPIDER_ws/install/spider_nav' for CMake module files
[30.838s] DEBUG:colcon.colcon_core.event_handler.log_command:Invoked command in '/home/dfolse/repos/SPIDER/SPIDER_ws/src/spider_nav' returned '0': AMENT_PREFIX_PATH=/home/dfolse/repos/SPIDER/SPIDER_ws/install/locomotion:/home/dfolse/repos/SPIDER/SPIDER_ws/install/data_transfer:/home/dfolse/repos/SPIDER/SPIDER_ws/install/spider_nav:/home/dfolse/repos/SPIDER/SPIDER_ws/install/spider_interfaces:/home/dfolse/repos/SPIDER/SPIDER_ws/install/spider_description:/home/dfolse/repos/SPIDER/SPIDER_ws/install/oak_d_lite:/home/dfolse/repos/SPIDER/SPIDER_ws/install/nav2_gps_waypoint_follower_demo:/opt/ros/foxy PYTHONPATH=/home/dfolse/repos/SPIDER/SPIDER_ws/build/spider_nav/prefix_override:/home/dfolse/repos/SPIDER/SPIDER_ws/install/spider_nav/lib/python3.8/site-packages:/home/dfolse/repos/SPIDER/SPIDER_ws/install/locomotion/lib/python3.8/site-packages:/home/dfolse/repos/SPIDER/SPIDER_ws/install/spider_interfaces/lib/python3.8/site-packages:/home/dfolse/repos/SPIDER/SPIDER_ws/install/data_transfer/lib/python3.8/site-packages:/home/dfolse/repos/SPIDER/SPIDER_ws/install/spider_nav/lib/python3.8/site-packages:/home/dfolse/repos/SPIDER/SPIDER_ws/install/oak_d_lite/lib/python3.8/site-packages:/home/dfolse/repos/SPIDER/SPIDER_ws/install/nav2_gps_waypoint_follower_demo/lib/python3.8/site-packages:/opt/ros/foxy/lib/python3.8/site-packages /usr/bin/python3 -W ignore:setup.py install is deprecated setup.py egg_info --egg-base ../../build/spider_nav build --build-base /home/dfolse/repos/SPIDER/SPIDER_ws/build/spider_nav/build install --record /home/dfolse/repos/SPIDER/SPIDER_ws/build/spider_nav/install.log --single-version-externally-managed install_data
[30.843s] Level 1:colcon.colcon_core.environment:checking '/home/dfolse/repos/SPIDER/SPIDER_ws/install/spider_nav' for CMake config files
[30.853s] Level 1:colcon.colcon_core.environment:checking '/home/dfolse/repos/SPIDER/SPIDER_ws/install/spider_nav/lib'
[30.854s] Level 1:colcon.colcon_core.environment:checking '/home/dfolse/repos/SPIDER/SPIDER_ws/install/spider_nav/bin'
[30.855s] Level 1:colcon.colcon_core.environment:checking '/home/dfolse/repos/SPIDER/SPIDER_ws/install/spider_nav/lib/pkgconfig/spider_nav.pc'
[30.857s] Level 1:colcon.colcon_core.environment:checking '/home/dfolse/repos/SPIDER/SPIDER_ws/install/spider_nav/lib/python3.8/site-packages'
[30.857s] Level 1:colcon.colcon_core.shell:create_environment_hook('spider_nav', 'pythonpath')
[30.860s] INFO:colcon.colcon_core.shell:Creating environment hook '/home/dfolse/repos/SPIDER/SPIDER_ws/install/spider_nav/share/spider_nav/hook/pythonpath.ps1'
[30.864s] INFO:colcon.colcon_core.shell:Creating environment descriptor '/home/dfolse/repos/SPIDER/SPIDER_ws/install/spider_nav/share/spider_nav/hook/pythonpath.dsv'
[30.867s] INFO:colcon.colcon_core.shell:Creating environment hook '/home/dfolse/repos/SPIDER/SPIDER_ws/install/spider_nav/share/spider_nav/hook/pythonpath.sh'
[30.872s] Level 1:colcon.colcon_core.environment:checking '/home/dfolse/repos/SPIDER/SPIDER_ws/install/spider_nav/bin'
[30.873s] Level 1:colcon.colcon_core.environment:create_environment_scripts_only(spider_nav)
[30.876s] INFO:colcon.colcon_core.shell:Creating package script '/home/dfolse/repos/SPIDER/SPIDER_ws/install/spider_nav/share/spider_nav/package.ps1'
[30.881s] INFO:colcon.colcon_core.shell:Creating package descriptor '/home/dfolse/repos/SPIDER/SPIDER_ws/install/spider_nav/share/spider_nav/package.dsv'
[30.885s] INFO:colcon.colcon_core.shell:Creating package script '/home/dfolse/repos/SPIDER/SPIDER_ws/install/spider_nav/share/spider_nav/package.sh'
[30.890s] INFO:colcon.colcon_core.shell:Creating package script '/home/dfolse/repos/SPIDER/SPIDER_ws/install/spider_nav/share/spider_nav/package.bash'
[30.893s] INFO:colcon.colcon_core.shell:Creating package script '/home/dfolse/repos/SPIDER/SPIDER_ws/install/spider_nav/share/spider_nav/package.zsh'
[30.897s] Level 1:colcon.colcon_core.environment:create_file_with_runtime_dependencies(/home/dfolse/repos/SPIDER/SPIDER_ws/install/spider_nav/share/colcon-core/packages/spider_nav)
[30.901s] INFO:colcon.colcon_ros.task.ament_python.build:Building ROS package in '/home/dfolse/repos/SPIDER/SPIDER_ws/src/data_transfer' with build type 'ament_python'
[30.902s] Level 1:colcon.colcon_core.shell:create_environment_hook('data_transfer', 'ament_prefix_path')
[30.905s] INFO:colcon.colcon_core.shell:Creating environment hook '/home/dfolse/repos/SPIDER/SPIDER_ws/install/data_transfer/share/data_transfer/hook/ament_prefix_path.ps1'
[30.910s] INFO:colcon.colcon_core.shell:Creating environment descriptor '/home/dfolse/repos/SPIDER/SPIDER_ws/install/data_transfer/share/data_transfer/hook/ament_prefix_path.dsv'
[30.915s] INFO:colcon.colcon_core.shell:Creating environment hook '/home/dfolse/repos/SPIDER/SPIDER_ws/install/data_transfer/share/data_transfer/hook/ament_prefix_path.sh'
[30.922s] INFO:colcon.colcon_core.shell:Skip shell extension 'powershell' for command environment: Not usable outside of PowerShell
[30.923s] DEBUG:colcon.colcon_core.shell:Skip shell extension 'dsv' for command environment
[33.537s] INFO:colcon.colcon_core.task.python.build:Building Python package in '/home/dfolse/repos/SPIDER/SPIDER_ws/src/data_transfer'
[33.540s] INFO:colcon.colcon_core.shell:Skip shell extension 'powershell' for command environment: Not usable outside of PowerShell
[33.541s] DEBUG:colcon.colcon_core.shell:Skip shell extension 'dsv' for command environment
[37.702s] DEBUG:colcon.colcon_core.event_handler.log_command:Invoking command in '/home/dfolse/repos/SPIDER/SPIDER_ws/src/data_transfer': AMENT_PREFIX_PATH=/home/dfolse/repos/SPIDER/SPIDER_ws/install/spider_nav:/home/dfolse/repos/SPIDER/SPIDER_ws/install/locomotion:/home/dfolse/repos/SPIDER/SPIDER_ws/install/data_transfer:/home/dfolse/repos/SPIDER/SPIDER_ws/install/spider_interfaces:/home/dfolse/repos/SPIDER/SPIDER_ws/install/spider_description:/home/dfolse/repos/SPIDER/SPIDER_ws/install/oak_d_lite:/home/dfolse/repos/SPIDER/SPIDER_ws/install/nav2_gps_waypoint_follower_demo:/opt/ros/foxy PYTHONPATH=/home/dfolse/repos/SPIDER/SPIDER_ws/build/data_transfer/prefix_override:/home/dfolse/repos/SPIDER/SPIDER_ws/install/data_transfer/lib/python3.8/site-packages:/home/dfolse/repos/SPIDER/SPIDER_ws/install/spider_nav/lib/python3.8/site-packages:/home/dfolse/repos/SPIDER/SPIDER_ws/install/locomotion/lib/python3.8/site-packages:/home/dfolse/repos/SPIDER/SPIDER_ws/install/spider_interfaces/lib/python3.8/site-packages:/home/dfolse/repos/SPIDER/SPIDER_ws/install/data_transfer/lib/python3.8/site-packages:/home/dfolse/repos/SPIDER/SPIDER_ws/install/oak_d_lite/lib/python3.8/site-packages:/home/dfolse/repos/SPIDER/SPIDER_ws/install/nav2_gps_waypoint_follower_demo/lib/python3.8/site-packages:/opt/ros/foxy/lib/python3.8/site-packages /usr/bin/python3 -W ignore:setup.py install is deprecated setup.py egg_info --egg-base ../../build/data_transfer build --build-base /home/dfolse/repos/SPIDER/SPIDER_ws/build/data_transfer/build install --record /home/dfolse/repos/SPIDER/SPIDER_ws/build/data_transfer/install.log --single-version-externally-managed install_data
[40.868s] Level 1:colcon.colcon_core.environment:checking '/home/dfolse/repos/SPIDER/SPIDER_ws/install/data_transfer' for CMake module files
[40.872s] DEBUG:colcon.colcon_core.event_handler.log_command:Invoked command in '/home/dfolse/repos/SPIDER/SPIDER_ws/src/data_transfer' returned '0': AMENT_PREFIX_PATH=/home/dfolse/repos/SPIDER/SPIDER_ws/install/spider_nav:/home/dfolse/repos/SPIDER/SPIDER_ws/install/locomotion:/home/dfolse/repos/SPIDER/SPIDER_ws/install/data_transfer:/home/dfolse/repos/SPIDER/SPIDER_ws/install/spider_interfaces:/home/dfolse/repos/SPIDER/SPIDER_ws/install/spider_description:/home/dfolse/repos/SPIDER/SPIDER_ws/install/oak_d_lite:/home/dfolse/repos/SPIDER/SPIDER_ws/install/nav2_gps_waypoint_follower_demo:/opt/ros/foxy PYTHONPATH=/home/dfolse/repos/SPIDER/SPIDER_ws/build/data_transfer/prefix_override:/home/dfolse/repos/SPIDER/SPIDER_ws/install/data_transfer/lib/python3.8/site-packages:/home/dfolse/repos/SPIDER/SPIDER_ws/install/spider_nav/lib/python3.8/site-packages:/home/dfolse/repos/SPIDER/SPIDER_ws/install/locomotion/lib/python3.8/site-packages:/home/dfolse/repos/SPIDER/SPIDER_ws/install/spider_interfaces/lib/python3.8/site-packages:/home/dfolse/repos/SPIDER/SPIDER_ws/install/data_transfer/lib/python3.8/site-packages:/home/dfolse/repos/SPIDER/SPIDER_ws/install/oak_d_lite/lib/python3.8/site-packages:/home/dfolse/repos/SPIDER/SPIDER_ws/install/nav2_gps_waypoint_follower_demo/lib/python3.8/site-packages:/opt/ros/foxy/lib/python3.8/site-packages /usr/bin/python3 -W ignore:setup.py install is deprecated setup.py egg_info --egg-base ../../build/data_transfer build --build-base /home/dfolse/repos/SPIDER/SPIDER_ws/build/data_transfer/build install --record /home/dfolse/repos/SPIDER/SPIDER_ws/build/data_transfer/install.log --single-version-externally-managed install_data
[40.876s] Level 1:colcon.colcon_core.environment:checking '/home/dfolse/repos/SPIDER/SPIDER_ws/install/data_transfer' for CMake config files
[40.885s] Level 1:colcon.colcon_core.environment:checking '/home/dfolse/repos/SPIDER/SPIDER_ws/install/data_transfer/lib'
[40.886s] Level 1:colcon.colcon_core.environment:checking '/home/dfolse/repos/SPIDER/SPIDER_ws/install/data_transfer/bin'
[40.886s] Level 1:colcon.colcon_core.environment:checking '/home/dfolse/repos/SPIDER/SPIDER_ws/install/data_transfer/lib/pkgconfig/data_transfer.pc'
[40.888s] Level 1:colcon.colcon_core.environment:checking '/home/dfolse/repos/SPIDER/SPIDER_ws/install/data_transfer/lib/python3.8/site-packages'
[40.889s] Level 1:colcon.colcon_core.shell:create_environment_hook('data_transfer', 'pythonpath')
[40.891s] INFO:colcon.colcon_core.shell:Creating environment hook '/home/dfolse/repos/SPIDER/SPIDER_ws/install/data_transfer/share/data_transfer/hook/pythonpath.ps1'
[40.895s] INFO:colcon.colcon_core.shell:Creating environment descriptor '/home/dfolse/repos/SPIDER/SPIDER_ws/install/data_transfer/share/data_transfer/hook/pythonpath.dsv'
[40.899s] INFO:colcon.colcon_core.shell:Creating environment hook '/home/dfolse/repos/SPIDER/SPIDER_ws/install/data_transfer/share/data_transfer/hook/pythonpath.sh'
[40.903s] Level 1:colcon.colcon_core.environment:checking '/home/dfolse/repos/SPIDER/SPIDER_ws/install/data_transfer/bin'
[40.904s] Level 1:colcon.colcon_core.environment:create_environment_scripts_only(data_transfer)
[40.907s] INFO:colcon.colcon_core.shell:Creating package script '/home/dfolse/repos/SPIDER/SPIDER_ws/install/data_transfer/share/data_transfer/package.ps1'
[40.912s] INFO:colcon.colcon_core.shell:Creating package descriptor '/home/dfolse/repos/SPIDER/SPIDER_ws/install/data_transfer/share/data_transfer/package.dsv'
[40.916s] INFO:colcon.colcon_core.shell:Creating package script '/home/dfolse/repos/SPIDER/SPIDER_ws/install/data_transfer/share/data_transfer/package.sh'
[40.920s] INFO:colcon.colcon_core.shell:Creating package script '/home/dfolse/repos/SPIDER/SPIDER_ws/install/data_transfer/share/data_transfer/package.bash'
[40.924s] INFO:colcon.colcon_core.shell:Creating package script '/home/dfolse/repos/SPIDER/SPIDER_ws/install/data_transfer/share/data_transfer/package.zsh'
[40.927s] Level 1:colcon.colcon_core.environment:create_file_with_runtime_dependencies(/home/dfolse/repos/SPIDER/SPIDER_ws/install/data_transfer/share/colcon-core/packages/data_transfer)
[40.930s] DEBUG:colcon.colcon_parallel_executor.executor.parallel:closing loop
[40.932s] DEBUG:colcon.colcon_parallel_executor.executor.parallel:loop closed
[40.933s] DEBUG:colcon.colcon_parallel_executor.executor.parallel:run_until_complete finished with '0'
[40.934s] DEBUG:colcon.colcon_core.event_reactor:joining thread
[40.988s] INFO:colcon.colcon_core.plugin_system:Skipping extension 'colcon_notification.desktop_notification.terminal_notifier': Not used on non-Darwin systems
[40.989s] INFO:colcon.colcon_core.plugin_system:Skipping extension 'colcon_notification.desktop_notification.win32': Not used on non-Windows systems
[40.990s] INFO:colcon.colcon_notification.desktop_notification:Sending desktop notification using 'notify2'
[41.000s] DEBUG:colcon.colcon_notification.desktop_notification.notify2:Failed to initialize notify2: org.freedesktop.DBus.Error.ServiceUnknown: The name org.freedesktop.Notifications was not provided by any .service files
[41.001s] DEBUG:colcon.colcon_core.event_reactor:joined thread
[41.003s] INFO:colcon.colcon_core.shell:Creating prefix script '/home/dfolse/repos/SPIDER/SPIDER_ws/install/local_setup.ps1'
[41.011s] INFO:colcon.colcon_core.shell:Creating prefix util module '/home/dfolse/repos/SPIDER/SPIDER_ws/install/_local_setup_util_ps1.py'
[41.024s] INFO:colcon.colcon_core.shell:Creating prefix chain script '/home/dfolse/repos/SPIDER/SPIDER_ws/install/setup.ps1'
[41.037s] INFO:colcon.colcon_core.shell:Creating prefix script '/home/dfolse/repos/SPIDER/SPIDER_ws/install/local_setup.sh'
[41.043s] INFO:colcon.colcon_core.shell:Creating prefix util module '/home/dfolse/repos/SPIDER/SPIDER_ws/install/_local_setup_util_sh.py'
[41.047s] INFO:colcon.colcon_core.shell:Creating prefix chain script '/home/dfolse/repos/SPIDER/SPIDER_ws/install/setup.sh'
[41.061s] INFO:colcon.colcon_core.shell:Creating prefix script '/home/dfolse/repos/SPIDER/SPIDER_ws/install/local_setup.bash'
[41.066s] INFO:colcon.colcon_core.shell:Creating prefix chain script '/home/dfolse/repos/SPIDER/SPIDER_ws/install/setup.bash'
[41.079s] INFO:colcon.colcon_core.shell:Creating prefix script '/home/dfolse/repos/SPIDER/SPIDER_ws/install/local_setup.zsh'
[41.083s] INFO:colcon.colcon_core.shell:Creating prefix chain script '/home/dfolse/repos/SPIDER/SPIDER_ws/install/setup.zsh'
