[1.970s] Invoking command in '/home/dfolse/repos/SPIDER/SPIDER_ws/build/nav2_voxel_grid': AMENT_PREFIX_PATH=/home/dfolse/repos/SPIDER/SPIDER_ws/install/nav2_common:${AMENT_PREFIX_PATH} CMAKE_PREFIX_PATH=/home/dfolse/repos/SPIDER/SPIDER_ws/install/nav2_common:/opt/ros/foxy NX_CONNECTION=192.168.1.26 58481 192.168.1.53 4000 PYTHONPATH=/home/dfolse/repos/SPIDER/SPIDER_ws/install/nav2_common/lib/python3.8/site-packages:${PYTHONPATH} /usr/bin/cmake --build /home/dfolse/repos/SPIDER/SPIDER_ws/build/nav2_voxel_grid -- -j6 -l6
[2.387s] [ 50%] Built target gtest
[2.388s] [ 50%] Built target gtest_main
[2.392s] [ 75%] Built target voxel_grid
[2.393s] [100%] Built target voxel_grid_tests
[2.416s] Invoked command in '/home/dfolse/repos/SPIDER/SPIDER_ws/build/nav2_voxel_grid' returned '0': AMENT_PREFIX_PATH=/home/dfolse/repos/SPIDER/SPIDER_ws/install/nav2_common:${AMENT_PREFIX_PATH} CMAKE_PREFIX_PATH=/home/dfolse/repos/SPIDER/SPIDER_ws/install/nav2_common:/opt/ros/foxy NX_CONNECTION=192.168.1.26 58481 192.168.1.53 4000 PYTHONPATH=/home/dfolse/repos/SPIDER/SPIDER_ws/install/nav2_common/lib/python3.8/site-packages:${PYTHONPATH} /usr/bin/cmake --build /home/dfolse/repos/SPIDER/SPIDER_ws/build/nav2_voxel_grid -- -j6 -l6
[3.357s] Invoking command in '/home/dfolse/repos/SPIDER/SPIDER_ws/build/nav2_voxel_grid': AMENT_PREFIX_PATH=/home/dfolse/repos/SPIDER/SPIDER_ws/install/nav2_common:${AMENT_PREFIX_PATH} CMAKE_PREFIX_PATH=/home/dfolse/repos/SPIDER/SPIDER_ws/install/nav2_common:/opt/ros/foxy NX_CONNECTION=192.168.1.26 58481 192.168.1.53 4000 PYTHONPATH=/home/dfolse/repos/SPIDER/SPIDER_ws/install/nav2_common/lib/python3.8/site-packages:${PYTHONPATH} /usr/bin/cmake --install /home/dfolse/repos/SPIDER/SPIDER_ws/build/nav2_voxel_grid
[3.697s] -- Install configuration: "Release"
[3.698s] -- Up-to-date: /home/dfolse/repos/SPIDER/SPIDER_ws/install/nav2_voxel_grid/lib/libvoxel_grid.so
[3.698s] -- Up-to-date: /home/dfolse/repos/SPIDER/SPIDER_ws/install/nav2_voxel_grid/include
[3.698s] -- Up-to-date: /home/dfolse/repos/SPIDER/SPIDER_ws/install/nav2_voxel_grid/include/nav2_voxel_grid
[3.699s] -- Up-to-date: /home/dfolse/repos/SPIDER/SPIDER_ws/install/nav2_voxel_grid/include/nav2_voxel_grid/voxel_grid.hpp
[3.699s] -- Up-to-date: /home/dfolse/repos/SPIDER/SPIDER_ws/install/nav2_voxel_grid/share/nav2_voxel_grid/environment/library_path.sh
[3.699s] -- Up-to-date: /home/dfolse/repos/SPIDER/SPIDER_ws/install/nav2_voxel_grid/share/nav2_voxel_grid/environment/library_path.dsv
[3.699s] -- Up-to-date: /home/dfolse/repos/SPIDER/SPIDER_ws/install/nav2_voxel_grid/share/ament_index/resource_index/package_run_dependencies/nav2_voxel_grid
[3.699s] -- Up-to-date: /home/dfolse/repos/SPIDER/SPIDER_ws/install/nav2_voxel_grid/share/ament_index/resource_index/parent_prefix_path/nav2_voxel_grid
[3.699s] -- Up-to-date: /home/dfolse/repos/SPIDER/SPIDER_ws/install/nav2_voxel_grid/share/nav2_voxel_grid/environment/ament_prefix_path.sh
[3.699s] -- Up-to-date: /home/dfolse/repos/SPIDER/SPIDER_ws/install/nav2_voxel_grid/share/nav2_voxel_grid/environment/ament_prefix_path.dsv
[3.700s] -- Up-to-date: /home/dfolse/repos/SPIDER/SPIDER_ws/install/nav2_voxel_grid/share/nav2_voxel_grid/environment/path.sh
[3.700s] -- Up-to-date: /home/dfolse/repos/SPIDER/SPIDER_ws/install/nav2_voxel_grid/share/nav2_voxel_grid/environment/path.dsv
[3.700s] -- Up-to-date: /home/dfolse/repos/SPIDER/SPIDER_ws/install/nav2_voxel_grid/share/nav2_voxel_grid/local_setup.bash
[3.700s] -- Up-to-date: /home/dfolse/repos/SPIDER/SPIDER_ws/install/nav2_voxel_grid/share/nav2_voxel_grid/local_setup.sh
[3.700s] -- Up-to-date: /home/dfolse/repos/SPIDER/SPIDER_ws/install/nav2_voxel_grid/share/nav2_voxel_grid/local_setup.zsh
[3.701s] -- Up-to-date: /home/dfolse/repos/SPIDER/SPIDER_ws/install/nav2_voxel_grid/share/nav2_voxel_grid/local_setup.dsv
[3.701s] -- Installing: /home/dfolse/repos/SPIDER/SPIDER_ws/install/nav2_voxel_grid/share/nav2_voxel_grid/package.dsv
[3.701s] -- Up-to-date: /home/dfolse/repos/SPIDER/SPIDER_ws/install/nav2_voxel_grid/share/ament_index/resource_index/packages/nav2_voxel_grid
[3.702s] -- Up-to-date: /home/dfolse/repos/SPIDER/SPIDER_ws/install/nav2_voxel_grid/share/nav2_voxel_grid/cmake/ament_cmake_export_dependencies-extras.cmake
[3.702s] -- Up-to-date: /home/dfolse/repos/SPIDER/SPIDER_ws/install/nav2_voxel_grid/share/nav2_voxel_grid/cmake/ament_cmake_export_include_directories-extras.cmake
[3.702s] -- Up-to-date: /home/dfolse/repos/SPIDER/SPIDER_ws/install/nav2_voxel_grid/share/nav2_voxel_grid/cmake/ament_cmake_export_libraries-extras.cmake
[3.704s] -- Up-to-date: /home/dfolse/repos/SPIDER/SPIDER_ws/install/nav2_voxel_grid/share/nav2_voxel_grid/cmake/nav2_voxel_gridConfig.cmake
[3.704s] -- Up-to-date: /home/dfolse/repos/SPIDER/SPIDER_ws/install/nav2_voxel_grid/share/nav2_voxel_grid/cmake/nav2_voxel_gridConfig-version.cmake
[3.704s] -- Up-to-date: /home/dfolse/repos/SPIDER/SPIDER_ws/install/nav2_voxel_grid/share/nav2_voxel_grid/package.xml
