[0.307s] Invoking command in '/home/dfolse/repos/SPIDER/SPIDER_ws/build/smac_planner': AMENT_PREFIX_PATH=/home/dfolse/repos/SPIDER/SPIDER_ws/install/nav2_core:/home/dfolse/repos/SPIDER/SPIDER_ws/install/nav2_costmap_2d:${AMENT_PREFIX_PATH} CMAKE_PREFIX_PATH=/home/dfolse/repos/SPIDER/SPIDER_ws/install/nav2_core:/home/dfolse/repos/SPIDER/SPIDER_ws/install/nav2_costmap_2d:/home/dfolse/repos/SPIDER/SPIDER_ws/install/nav2_util:/home/dfolse/repos/SPIDER/SPIDER_ws/install/nav2_voxel_grid:/home/dfolse/repos/SPIDER/SPIDER_ws/install/nav2_msgs:/home/dfolse/repos/SPIDER/SPIDER_ws/install/nav2_common:/home/dfolse/repos/SPIDER/SPIDER_ws/install/locomotion:/home/dfolse/repos/SPIDER/SPIDER_ws/install/spider_interfaces:/home/dfolse/repos/SPIDER/SPIDER_ws/install/spider_nav:/home/dfolse/repos/SPIDER/SPIDER_ws/install/oak_d_lite:/home/dfolse/repos/SPIDER/SPIDER_ws/install/nav2_gazebo_spawner:/home/dfolse/repos/SPIDER/SPIDER_ws/install/data_transfer:/opt/ros/foxy:/home/dfolse/repos/SPIDER/SPIDER_ws/install/spider_description:/home/dfolse/repos/SPIDER/SPIDER_ws/install/nav_2d_utils:/home/dfolse/repos/SPIDER/SPIDER_ws/install/dwb_msgs:/home/dfolse/repos/SPIDER/SPIDER_ws/install/nav_2d_msgs:/home/dfolse/repos/SPIDER/SPIDER_ws/install/nav2_waypoint_follower:/home/dfolse/repos/SPIDER/SPIDER_ws/install/nav2_lifecycle_manager:/home/dfolse/repos/SPIDER/SPIDER_ws/install/depthai_ros_msgs:/home/dfolse/repos/SPIDER/SPIDER_ws/install/depthai_descriptions LD_LIBRARY_PATH=/home/dfolse/repos/SPIDER/SPIDER_ws/install/nav2_costmap_2d/lib:/home/dfolse/repos/SPIDER/SPIDER_ws/install/nav2_util/lib:/home/dfolse/repos/SPIDER/SPIDER_ws/install/nav2_voxel_grid/lib:/home/dfolse/repos/SPIDER/SPIDER_ws/install/nav2_msgs/lib:/home/dfolse/repos/SPIDER/SPIDER_ws/install/spider_interfaces/lib:/home/dfolse/repos/SPIDER/SPIDER_ws/install/nav_2d_utils/lib:/home/dfolse/repos/SPIDER/SPIDER_ws/install/dwb_msgs/lib:/home/dfolse/repos/SPIDER/SPIDER_ws/install/nav_2d_msgs/lib:/home/dfolse/repos/SPIDER/SPIDER_ws/install/nav2_waypoint_follower/lib:/home/dfolse/repos/SPIDER/SPIDER_ws/install/nav2_lifecycle_manager/lib:/home/dfolse/repos/SPIDER/SPIDER_ws/install/depthai_ros_msgs/lib:/opt/ros/foxy/opt/yaml_cpp_vendor/lib:/opt/ros/foxy/opt/rviz_ogre_vendor/lib:/opt/ros/foxy/lib/aarch64-linux-gnu:/opt/ros/foxy/lib NX_CONNECTION=192.168.1.26 63880 192.168.1.53 4000 PYTHONPATH=/home/dfolse/repos/SPIDER/SPIDER_ws/install/nav2_msgs/lib/python3.8/site-packages:/home/dfolse/repos/SPIDER/SPIDER_ws/install/nav2_common/lib/python3.8/site-packages:/home/dfolse/repos/SPIDER/SPIDER_ws/install/spider_nav/lib/python3.8/site-packages:/home/dfolse/repos/SPIDER/SPIDER_ws/install/locomotion/lib/python3.8/site-packages:/home/dfolse/repos/SPIDER/SPIDER_ws/install/spider_interfaces/lib/python3.8/site-packages:/home/dfolse/repos/SPIDER/SPIDER_ws/install/oak_d_lite/lib/python3.8/site-packages:/home/dfolse/repos/SPIDER/SPIDER_ws/install/dwb_msgs/lib/python3.8/site-packages:/home/dfolse/repos/SPIDER/SPIDER_ws/install/nav_2d_msgs/lib/python3.8/site-packages:/home/dfolse/repos/SPIDER/SPIDER_ws/install/nav2_gazebo_spawner/lib/python3.8/site-packages:/home/dfolse/repos/SPIDER/SPIDER_ws/install/depthai_ros_msgs/lib/python3.8/site-packages:/home/dfolse/repos/SPIDER/SPIDER_ws/install/data_transfer/lib/python3.8/site-packages:/opt/ros/foxy/lib/python3.8/site-packages /usr/bin/cmake /home/dfolse/repos/SPIDER/SPIDER_ws/src/navigation2/smac_planner -DCMAKE_INSTALL_PREFIX=/home/dfolse/repos/SPIDER/SPIDER_ws/install/smac_planner
[1.423s] -- The C compiler identification is GNU 9.4.0
[1.424s] -- The CXX compiler identification is GNU 9.4.0
[1.424s] -- Check for working C compiler: /usr/bin/cc
[1.424s] -- Check for working C compiler: /usr/bin/cc -- works
[1.424s] -- Detecting C compiler ABI info
[1.586s] -- Detecting C compiler ABI info - done
[1.607s] -- Detecting C compile features
[1.609s] -- Detecting C compile features - done
[1.614s] -- Check for working CXX compiler: /usr/bin/c++
[2.092s] -- Check for working CXX compiler: /usr/bin/c++ -- works
[2.094s] -- Detecting CXX compiler ABI info
[2.544s] -- Detecting CXX compiler ABI info - done
[2.593s] -- Detecting CXX compile features
[2.595s] -- Detecting CXX compile features - done
[2.616s] -- Found ament_cmake: 0.9.12 (/opt/ros/foxy/share/ament_cmake/cmake)
[3.174s] -- Found PythonInterp: /home/dfolse/.pyenv/shims/python3 (found suitable version "3.8.10", minimum required is "3") 
[3.174s] -- Using PYTHON_EXECUTABLE: /home/dfolse/.pyenv/shims/python3
[4.507s] -- Found nav2_common: 0.4.7 (/home/dfolse/repos/SPIDER/SPIDER_ws/install/nav2_common/share/nav2_common/cmake)
[4.513s] -- Found rclcpp: 2.4.3 (/opt/ros/foxy/share/rclcpp/cmake)
[4.731s] -- Using all available rosidl_typesupport_c: rosidl_typesupport_fastrtps_c;rosidl_typesupport_introspection_c
[4.756s] -- Found rosidl_adapter: 1.3.1 (/opt/ros/foxy/share/rosidl_adapter/cmake)
[5.391s] -- Found OpenSSL: /usr/lib/aarch64-linux-gnu/libcrypto.so (found version "1.1.1f")  
[5.492s] -- Found FastRTPS: /opt/ros/foxy/include  
[5.780s] -- Using all available rosidl_typesupport_cpp: rosidl_typesupport_fastrtps_cpp;rosidl_typesupport_introspection_cpp
[5.943s] -- Found rmw_implementation_cmake: 1.0.4 (/opt/ros/foxy/share/rmw_implementation_cmake/cmake)
[5.946s] -- Using RMW implementation 'rmw_fastrtps_cpp' as default
[5.949s] -- Looking for pthread.h
[6.323s] -- Looking for pthread.h - found
[6.325s] -- Performing Test CMAKE_HAVE_LIBC_PTHREAD
[6.914s] -- Performing Test CMAKE_HAVE_LIBC_PTHREAD - Failed
[6.914s] -- Looking for pthread_create in pthreads
[7.460s] -- Looking for pthread_create in pthreads - not found
[7.461s] -- Looking for pthread_create in pthread
[7.818s] -- Looking for pthread_create in pthread - found
[7.821s] -- Found Threads: TRUE  
[8.261s] -- Found rclcpp_action: 2.4.3 (/opt/ros/foxy/share/rclcpp_action/cmake)
[8.476s] -- Found rclcpp_lifecycle: 2.4.3 (/opt/ros/foxy/share/rclcpp_lifecycle/cmake)
[8.584s] -- Found visualization_msgs: 2.0.5 (/opt/ros/foxy/share/visualization_msgs/cmake)
[8.909s] -- Found nav2_util: 0.4.7 (/home/dfolse/repos/SPIDER/SPIDER_ws/install/nav2_util/share/nav2_util/cmake)
[10.327s] -- Found eigen3_cmake_module: 0.1.1 (/opt/ros/foxy/share/eigen3_cmake_module/cmake)
[10.340s] -- Found Eigen3: TRUE (found version "3.3.7") 
[10.635s] -- Found nav2_core: 0.4.7 (/home/dfolse/repos/SPIDER/SPIDER_ws/install/nav2_core/share/nav2_core/cmake)
[12.998s] -- Found installed version of Eigen: /usr/lib/cmake/eigen3
[13.001s] -- Found required Ceres dependency: Eigen version 3.3.7 in /usr/include/eigen3
[13.027s] -- Found required Ceres dependency: glog
[13.043s] -- Found installed version of gflags: /usr/lib/aarch64-linux-gnu/cmake/gflags
[13.043s] -- Detected gflags version: 2.2.2
[13.049s] -- Found required Ceres dependency: gflags
[13.053s] -- Found Ceres version: 1.14.0 installed in: /usr with components: [EigenSparse, SparseLinearAlgebraLibrary, LAPACK, SuiteSparse, CXSparse, SchurSpecializations, OpenMP, Multithreading]
[13.086s] -- Found ompl: /opt/ros/foxy/include/ompl-1.5;/usr/include/eigen3  
[14.814s] -- Found OpenMP_C: -fopenmp (found version "4.5") 
[15.278s] -- Found OpenMP_CXX: -fopenmp (found version "4.5") 
[15.280s] -- Found OpenMP: TRUE (found version "4.5")  
[24.484s] -- Found ament_lint_auto: 0.9.8 (/opt/ros/foxy/share/ament_lint_auto/cmake)
[25.005s] -- Found ament_cmake_gtest: 0.9.12 (/opt/ros/foxy/share/ament_cmake_gtest/cmake)
[25.021s] -- Found gtest sources under '/opt/ros/foxy/src/gtest_vendor': C++ tests using 'Google Test' will be built
[25.027s] -- Check if compiler accepts -pthread
[25.307s] -- Check if compiler accepts -pthread - yes
[60.603s] -- Added test 'copyright' to check source files copyright and LICENSE
[60.609s] -- Added test 'cppcheck' to perform static code analysis on C / C++ code
[60.610s] -- Configured cppcheck include dirs: /home/dfolse/repos/SPIDER/SPIDER_ws/src/navigation2/smac_planner/include
[60.610s] -- Configured cppcheck exclude dirs and/or files: 
[60.615s] -- Added test 'cpplint' to check C / C++ code against the Google style
[60.615s] -- Configured cpplint exclude dirs and/or files: 
[60.620s] -- Added test 'lint_cmake' to check CMake code style
[60.631s] -- Added test 'uncrustify' to check C / C++ code style
[60.631s] -- Configured uncrustify additional arguments: 
[60.634s] -- Added test 'xmllint' to check XML markup files
[60.653s] -- Configuring done
[61.760s] -- Generating done
[61.767s] -- Build files have been written to: /home/dfolse/repos/SPIDER/SPIDER_ws/build/smac_planner
[61.818s] Invoked command in '/home/dfolse/repos/SPIDER/SPIDER_ws/build/smac_planner' returned '0': AMENT_PREFIX_PATH=/home/dfolse/repos/SPIDER/SPIDER_ws/install/nav2_core:/home/dfolse/repos/SPIDER/SPIDER_ws/install/nav2_costmap_2d:${AMENT_PREFIX_PATH} CMAKE_PREFIX_PATH=/home/dfolse/repos/SPIDER/SPIDER_ws/install/nav2_core:/home/dfolse/repos/SPIDER/SPIDER_ws/install/nav2_costmap_2d:/home/dfolse/repos/SPIDER/SPIDER_ws/install/nav2_util:/home/dfolse/repos/SPIDER/SPIDER_ws/install/nav2_voxel_grid:/home/dfolse/repos/SPIDER/SPIDER_ws/install/nav2_msgs:/home/dfolse/repos/SPIDER/SPIDER_ws/install/nav2_common:/home/dfolse/repos/SPIDER/SPIDER_ws/install/locomotion:/home/dfolse/repos/SPIDER/SPIDER_ws/install/spider_interfaces:/home/dfolse/repos/SPIDER/SPIDER_ws/install/spider_nav:/home/dfolse/repos/SPIDER/SPIDER_ws/install/oak_d_lite:/home/dfolse/repos/SPIDER/SPIDER_ws/install/nav2_gazebo_spawner:/home/dfolse/repos/SPIDER/SPIDER_ws/install/data_transfer:/opt/ros/foxy:/home/dfolse/repos/SPIDER/SPIDER_ws/install/spider_description:/home/dfolse/repos/SPIDER/SPIDER_ws/install/nav_2d_utils:/home/dfolse/repos/SPIDER/SPIDER_ws/install/dwb_msgs:/home/dfolse/repos/SPIDER/SPIDER_ws/install/nav_2d_msgs:/home/dfolse/repos/SPIDER/SPIDER_ws/install/nav2_waypoint_follower:/home/dfolse/repos/SPIDER/SPIDER_ws/install/nav2_lifecycle_manager:/home/dfolse/repos/SPIDER/SPIDER_ws/install/depthai_ros_msgs:/home/dfolse/repos/SPIDER/SPIDER_ws/install/depthai_descriptions LD_LIBRARY_PATH=/home/dfolse/repos/SPIDER/SPIDER_ws/install/nav2_costmap_2d/lib:/home/dfolse/repos/SPIDER/SPIDER_ws/install/nav2_util/lib:/home/dfolse/repos/SPIDER/SPIDER_ws/install/nav2_voxel_grid/lib:/home/dfolse/repos/SPIDER/SPIDER_ws/install/nav2_msgs/lib:/home/dfolse/repos/SPIDER/SPIDER_ws/install/spider_interfaces/lib:/home/dfolse/repos/SPIDER/SPIDER_ws/install/nav_2d_utils/lib:/home/dfolse/repos/SPIDER/SPIDER_ws/install/dwb_msgs/lib:/home/dfolse/repos/SPIDER/SPIDER_ws/install/nav_2d_msgs/lib:/home/dfolse/repos/SPIDER/SPIDER_ws/install/nav2_waypoint_follower/lib:/home/dfolse/repos/SPIDER/SPIDER_ws/install/nav2_lifecycle_manager/lib:/home/dfolse/repos/SPIDER/SPIDER_ws/install/depthai_ros_msgs/lib:/opt/ros/foxy/opt/yaml_cpp_vendor/lib:/opt/ros/foxy/opt/rviz_ogre_vendor/lib:/opt/ros/foxy/lib/aarch64-linux-gnu:/opt/ros/foxy/lib NX_CONNECTION=192.168.1.26 63880 192.168.1.53 4000 PYTHONPATH=/home/dfolse/repos/SPIDER/SPIDER_ws/install/nav2_msgs/lib/python3.8/site-packages:/home/dfolse/repos/SPIDER/SPIDER_ws/install/nav2_common/lib/python3.8/site-packages:/home/dfolse/repos/SPIDER/SPIDER_ws/install/spider_nav/lib/python3.8/site-packages:/home/dfolse/repos/SPIDER/SPIDER_ws/install/locomotion/lib/python3.8/site-packages:/home/dfolse/repos/SPIDER/SPIDER_ws/install/spider_interfaces/lib/python3.8/site-packages:/home/dfolse/repos/SPIDER/SPIDER_ws/install/oak_d_lite/lib/python3.8/site-packages:/home/dfolse/repos/SPIDER/SPIDER_ws/install/dwb_msgs/lib/python3.8/site-packages:/home/dfolse/repos/SPIDER/SPIDER_ws/install/nav_2d_msgs/lib/python3.8/site-packages:/home/dfolse/repos/SPIDER/SPIDER_ws/install/nav2_gazebo_spawner/lib/python3.8/site-packages:/home/dfolse/repos/SPIDER/SPIDER_ws/install/depthai_ros_msgs/lib/python3.8/site-packages:/home/dfolse/repos/SPIDER/SPIDER_ws/install/data_transfer/lib/python3.8/site-packages:/opt/ros/foxy/lib/python3.8/site-packages /usr/bin/cmake /home/dfolse/repos/SPIDER/SPIDER_ws/src/navigation2/smac_planner -DCMAKE_INSTALL_PREFIX=/home/dfolse/repos/SPIDER/SPIDER_ws/install/smac_planner
[61.820s] Invoking command in '/home/dfolse/repos/SPIDER/SPIDER_ws/build/smac_planner': AMENT_PREFIX_PATH=/home/dfolse/repos/SPIDER/SPIDER_ws/install/nav2_core:/home/dfolse/repos/SPIDER/SPIDER_ws/install/nav2_costmap_2d:${AMENT_PREFIX_PATH} CMAKE_PREFIX_PATH=/home/dfolse/repos/SPIDER/SPIDER_ws/install/nav2_core:/home/dfolse/repos/SPIDER/SPIDER_ws/install/nav2_costmap_2d:/home/dfolse/repos/SPIDER/SPIDER_ws/install/nav2_util:/home/dfolse/repos/SPIDER/SPIDER_ws/install/nav2_voxel_grid:/home/dfolse/repos/SPIDER/SPIDER_ws/install/nav2_msgs:/home/dfolse/repos/SPIDER/SPIDER_ws/install/nav2_common:/home/dfolse/repos/SPIDER/SPIDER_ws/install/locomotion:/home/dfolse/repos/SPIDER/SPIDER_ws/install/spider_interfaces:/home/dfolse/repos/SPIDER/SPIDER_ws/install/spider_nav:/home/dfolse/repos/SPIDER/SPIDER_ws/install/oak_d_lite:/home/dfolse/repos/SPIDER/SPIDER_ws/install/nav2_gazebo_spawner:/home/dfolse/repos/SPIDER/SPIDER_ws/install/data_transfer:/opt/ros/foxy:/home/dfolse/repos/SPIDER/SPIDER_ws/install/spider_description:/home/dfolse/repos/SPIDER/SPIDER_ws/install/nav_2d_utils:/home/dfolse/repos/SPIDER/SPIDER_ws/install/dwb_msgs:/home/dfolse/repos/SPIDER/SPIDER_ws/install/nav_2d_msgs:/home/dfolse/repos/SPIDER/SPIDER_ws/install/nav2_waypoint_follower:/home/dfolse/repos/SPIDER/SPIDER_ws/install/nav2_lifecycle_manager:/home/dfolse/repos/SPIDER/SPIDER_ws/install/depthai_ros_msgs:/home/dfolse/repos/SPIDER/SPIDER_ws/install/depthai_descriptions LD_LIBRARY_PATH=/home/dfolse/repos/SPIDER/SPIDER_ws/install/nav2_costmap_2d/lib:/home/dfolse/repos/SPIDER/SPIDER_ws/install/nav2_util/lib:/home/dfolse/repos/SPIDER/SPIDER_ws/install/nav2_voxel_grid/lib:/home/dfolse/repos/SPIDER/SPIDER_ws/install/nav2_msgs/lib:/home/dfolse/repos/SPIDER/SPIDER_ws/install/spider_interfaces/lib:/home/dfolse/repos/SPIDER/SPIDER_ws/install/nav_2d_utils/lib:/home/dfolse/repos/SPIDER/SPIDER_ws/install/dwb_msgs/lib:/home/dfolse/repos/SPIDER/SPIDER_ws/install/nav_2d_msgs/lib:/home/dfolse/repos/SPIDER/SPIDER_ws/install/nav2_waypoint_follower/lib:/home/dfolse/repos/SPIDER/SPIDER_ws/install/nav2_lifecycle_manager/lib:/home/dfolse/repos/SPIDER/SPIDER_ws/install/depthai_ros_msgs/lib:/opt/ros/foxy/opt/yaml_cpp_vendor/lib:/opt/ros/foxy/opt/rviz_ogre_vendor/lib:/opt/ros/foxy/lib/aarch64-linux-gnu:/opt/ros/foxy/lib NX_CONNECTION=192.168.1.26 63880 192.168.1.53 4000 PYTHONPATH=/home/dfolse/repos/SPIDER/SPIDER_ws/install/nav2_msgs/lib/python3.8/site-packages:/home/dfolse/repos/SPIDER/SPIDER_ws/install/nav2_common/lib/python3.8/site-packages:/home/dfolse/repos/SPIDER/SPIDER_ws/install/spider_nav/lib/python3.8/site-packages:/home/dfolse/repos/SPIDER/SPIDER_ws/install/locomotion/lib/python3.8/site-packages:/home/dfolse/repos/SPIDER/SPIDER_ws/install/spider_interfaces/lib/python3.8/site-packages:/home/dfolse/repos/SPIDER/SPIDER_ws/install/oak_d_lite/lib/python3.8/site-packages:/home/dfolse/repos/SPIDER/SPIDER_ws/install/dwb_msgs/lib/python3.8/site-packages:/home/dfolse/repos/SPIDER/SPIDER_ws/install/nav_2d_msgs/lib/python3.8/site-packages:/home/dfolse/repos/SPIDER/SPIDER_ws/install/nav2_gazebo_spawner/lib/python3.8/site-packages:/home/dfolse/repos/SPIDER/SPIDER_ws/install/depthai_ros_msgs/lib/python3.8/site-packages:/home/dfolse/repos/SPIDER/SPIDER_ws/install/data_transfer/lib/python3.8/site-packages:/opt/ros/foxy/lib/python3.8/site-packages /usr/bin/cmake --build /home/dfolse/repos/SPIDER/SPIDER_ws/build/smac_planner -- -j6 -l6
[61.989s] [35m[1mScanning dependencies of target smac_planner_2d[0m
[62.298s] [  2%] [32mBuilding CXX object CMakeFiles/smac_planner_2d.dir/src/smac_planner_2d.cpp.o[0m
[87.997s] [  5%] [32mBuilding CXX object CMakeFiles/smac_planner_2d.dir/src/node_se2.cpp.o[0m
[100.488s] [  8%] [32mBuilding CXX object CMakeFiles/smac_planner_2d.dir/src/costmap_downsampler.cpp.o[0m
[108.918s] [ 11%] [32mBuilding CXX object CMakeFiles/smac_planner_2d.dir/src/node_2d.cpp.o[0m
[114.999s] [ 14%] [32mBuilding CXX object CMakeFiles/smac_planner_2d.dir/src/a_star.cpp.o[0m
[128.037s] [ 17%] [32m[1mLinking CXX shared library libsmac_planner_2d.so[0m
[129.753s] [ 17%] Built target smac_planner_2d
[129.798s] [35m[1mScanning dependencies of target gtest_main[0m
[129.847s] [ 20%] [32mBuilding CXX object gtest/CMakeFiles/gtest_main.dir/src/gtest_main.cc.o[0m
[131.606s] [ 23%] [32m[1mLinking CXX static library libgtest_main.a[0m
[131.744s] [ 23%] Built target gtest_main
[131.785s] [35m[1mScanning dependencies of target gtest[0m
[131.848s] [ 26%] [32mBuilding CXX object gtest/CMakeFiles/gtest.dir/src/gtest-all.cc.o[0m
[149.815s] [ 29%] [32m[1mLinking CXX static library libgtest.a[0m
[149.960s] [ 29%] Built target gtest
[150.002s] [35m[1mScanning dependencies of target smac_planner[0m
[150.235s] [ 32%] [32mBuilding CXX object CMakeFiles/smac_planner.dir/src/smac_planner.cpp.o[0m
[170.115s] [ 35%] [32mBuilding CXX object CMakeFiles/smac_planner.dir/src/costmap_downsampler.cpp.o[0m
[177.774s] [ 38%] [32mBuilding CXX object CMakeFiles/smac_planner.dir/src/node_2d.cpp.o[0m
[183.019s] [ 41%] [32mBuilding CXX object CMakeFiles/smac_planner.dir/src/node_se2.cpp.o[0m
[193.911s] [ 44%] [32mBuilding CXX object CMakeFiles/smac_planner.dir/src/a_star.cpp.o[0m
[205.433s] [ 47%] [32m[1mLinking CXX shared library libsmac_planner.so[0m
[206.901s] [ 47%] Built target smac_planner
[206.944s] [35m[1mScanning dependencies of target test_smoother[0m
[206.945s] [35m[1mScanning dependencies of target test_smac_2d[0m
[206.949s] [35m[1mScanning dependencies of target test_costmap_downsampler[0m
[206.951s] [35m[1mScanning dependencies of target test_a_star[0m
[207.094s] [35m[1mScanning dependencies of target test_nodese2[0m
[207.118s] [35m[1mScanning dependencies of target test_node2d[0m
[207.145s] [ 50%] [32mBuilding CXX object test/CMakeFiles/test_smoother.dir/test_smoother.cpp.o[0m
[207.156s] [ 52%] [32mBuilding CXX object test/CMakeFiles/test_costmap_downsampler.dir/test_costmap_downsampler.cpp.o[0m
[207.174s] [ 55%] [32mBuilding CXX object test/CMakeFiles/test_smac_2d.dir/test_smac_2d.cpp.o[0m
[207.192s] [ 58%] [32mBuilding CXX object test/CMakeFiles/test_a_star.dir/test_a_star.cpp.o[0m
[207.315s] [ 61%] [32mBuilding CXX object test/CMakeFiles/test_node2d.dir/test_node2d.cpp.o[0m
[207.356s] [ 64%] [32mBuilding CXX object test/CMakeFiles/test_nodese2.dir/test_nodese2.cpp.o[0m
[218.329s] [ 67%] [32m[1mLinking CXX executable test_node2d[0m
[219.120s] [ 70%] [32m[1mLinking CXX executable test_costmap_downsampler[0m
[220.312s] [ 70%] Built target test_node2d
[220.376s] [35m[1mScanning dependencies of target test_smac_se2[0m
[220.393s] [ 70%] Built target test_costmap_downsampler
[220.440s] [35m[1mScanning dependencies of target test_nodebasic[0m
[220.864s] [ 73%] [32mBuilding CXX object test/CMakeFiles/test_smac_se2.dir/test_smac_se2.cpp.o[0m
[220.868s] [ 76%] [32mBuilding CXX object test/CMakeFiles/test_nodebasic.dir/test_nodebasic.cpp.o[0m
[221.770s] [ 79%] [32m[1mLinking CXX executable test_nodese2[0m
[222.909s] [ 82%] [32m[1mLinking CXX executable test_a_star[0m
[223.147s] [ 82%] Built target test_nodese2
[223.222s] [35m[1mScanning dependencies of target test_collision_checker[0m
[223.447s] [ 85%] [32mBuilding CXX object test/CMakeFiles/test_collision_checker.dir/test_collision_checker.cpp.o[0m
[224.425s] [ 85%] Built target test_a_star
[225.870s] [ 88%] [32m[1mLinking CXX executable test_smac_2d[0m
[226.153s] [ 91%] [32m[1mLinking CXX executable test_smoother[0m
[227.069s] [ 91%] Built target test_smac_2d
[227.509s] [ 91%] Built target test_smoother
[230.640s] [ 94%] [32m[1mLinking CXX executable test_collision_checker[0m
[231.186s] [ 97%] [32m[1mLinking CXX executable test_nodebasic[0m
[231.273s] [ 97%] Built target test_collision_checker
[231.799s] [ 97%] Built target test_nodebasic
[236.653s] [100%] [32m[1mLinking CXX executable test_smac_se2[0m
[237.525s] [100%] Built target test_smac_se2
[237.624s] Invoked command in '/home/dfolse/repos/SPIDER/SPIDER_ws/build/smac_planner' returned '0': AMENT_PREFIX_PATH=/home/dfolse/repos/SPIDER/SPIDER_ws/install/nav2_core:/home/dfolse/repos/SPIDER/SPIDER_ws/install/nav2_costmap_2d:${AMENT_PREFIX_PATH} CMAKE_PREFIX_PATH=/home/dfolse/repos/SPIDER/SPIDER_ws/install/nav2_core:/home/dfolse/repos/SPIDER/SPIDER_ws/install/nav2_costmap_2d:/home/dfolse/repos/SPIDER/SPIDER_ws/install/nav2_util:/home/dfolse/repos/SPIDER/SPIDER_ws/install/nav2_voxel_grid:/home/dfolse/repos/SPIDER/SPIDER_ws/install/nav2_msgs:/home/dfolse/repos/SPIDER/SPIDER_ws/install/nav2_common:/home/dfolse/repos/SPIDER/SPIDER_ws/install/locomotion:/home/dfolse/repos/SPIDER/SPIDER_ws/install/spider_interfaces:/home/dfolse/repos/SPIDER/SPIDER_ws/install/spider_nav:/home/dfolse/repos/SPIDER/SPIDER_ws/install/oak_d_lite:/home/dfolse/repos/SPIDER/SPIDER_ws/install/nav2_gazebo_spawner:/home/dfolse/repos/SPIDER/SPIDER_ws/install/data_transfer:/opt/ros/foxy:/home/dfolse/repos/SPIDER/SPIDER_ws/install/spider_description:/home/dfolse/repos/SPIDER/SPIDER_ws/install/nav_2d_utils:/home/dfolse/repos/SPIDER/SPIDER_ws/install/dwb_msgs:/home/dfolse/repos/SPIDER/SPIDER_ws/install/nav_2d_msgs:/home/dfolse/repos/SPIDER/SPIDER_ws/install/nav2_waypoint_follower:/home/dfolse/repos/SPIDER/SPIDER_ws/install/nav2_lifecycle_manager:/home/dfolse/repos/SPIDER/SPIDER_ws/install/depthai_ros_msgs:/home/dfolse/repos/SPIDER/SPIDER_ws/install/depthai_descriptions LD_LIBRARY_PATH=/home/dfolse/repos/SPIDER/SPIDER_ws/install/nav2_costmap_2d/lib:/home/dfolse/repos/SPIDER/SPIDER_ws/install/nav2_util/lib:/home/dfolse/repos/SPIDER/SPIDER_ws/install/nav2_voxel_grid/lib:/home/dfolse/repos/SPIDER/SPIDER_ws/install/nav2_msgs/lib:/home/dfolse/repos/SPIDER/SPIDER_ws/install/spider_interfaces/lib:/home/dfolse/repos/SPIDER/SPIDER_ws/install/nav_2d_utils/lib:/home/dfolse/repos/SPIDER/SPIDER_ws/install/dwb_msgs/lib:/home/dfolse/repos/SPIDER/SPIDER_ws/install/nav_2d_msgs/lib:/home/dfolse/repos/SPIDER/SPIDER_ws/install/nav2_waypoint_follower/lib:/home/dfolse/repos/SPIDER/SPIDER_ws/install/nav2_lifecycle_manager/lib:/home/dfolse/repos/SPIDER/SPIDER_ws/install/depthai_ros_msgs/lib:/opt/ros/foxy/opt/yaml_cpp_vendor/lib:/opt/ros/foxy/opt/rviz_ogre_vendor/lib:/opt/ros/foxy/lib/aarch64-linux-gnu:/opt/ros/foxy/lib NX_CONNECTION=192.168.1.26 63880 192.168.1.53 4000 PYTHONPATH=/home/dfolse/repos/SPIDER/SPIDER_ws/install/nav2_msgs/lib/python3.8/site-packages:/home/dfolse/repos/SPIDER/SPIDER_ws/install/nav2_common/lib/python3.8/site-packages:/home/dfolse/repos/SPIDER/SPIDER_ws/install/spider_nav/lib/python3.8/site-packages:/home/dfolse/repos/SPIDER/SPIDER_ws/install/locomotion/lib/python3.8/site-packages:/home/dfolse/repos/SPIDER/SPIDER_ws/install/spider_interfaces/lib/python3.8/site-packages:/home/dfolse/repos/SPIDER/SPIDER_ws/install/oak_d_lite/lib/python3.8/site-packages:/home/dfolse/repos/SPIDER/SPIDER_ws/install/dwb_msgs/lib/python3.8/site-packages:/home/dfolse/repos/SPIDER/SPIDER_ws/install/nav_2d_msgs/lib/python3.8/site-packages:/home/dfolse/repos/SPIDER/SPIDER_ws/install/nav2_gazebo_spawner/lib/python3.8/site-packages:/home/dfolse/repos/SPIDER/SPIDER_ws/install/depthai_ros_msgs/lib/python3.8/site-packages:/home/dfolse/repos/SPIDER/SPIDER_ws/install/data_transfer/lib/python3.8/site-packages:/opt/ros/foxy/lib/python3.8/site-packages /usr/bin/cmake --build /home/dfolse/repos/SPIDER/SPIDER_ws/build/smac_planner -- -j6 -l6
[237.928s] Invoking command in '/home/dfolse/repos/SPIDER/SPIDER_ws/build/smac_planner': AMENT_PREFIX_PATH=/home/dfolse/repos/SPIDER/SPIDER_ws/install/nav2_core:/home/dfolse/repos/SPIDER/SPIDER_ws/install/nav2_costmap_2d:${AMENT_PREFIX_PATH} CMAKE_PREFIX_PATH=/home/dfolse/repos/SPIDER/SPIDER_ws/install/nav2_core:/home/dfolse/repos/SPIDER/SPIDER_ws/install/nav2_costmap_2d:/home/dfolse/repos/SPIDER/SPIDER_ws/install/nav2_util:/home/dfolse/repos/SPIDER/SPIDER_ws/install/nav2_voxel_grid:/home/dfolse/repos/SPIDER/SPIDER_ws/install/nav2_msgs:/home/dfolse/repos/SPIDER/SPIDER_ws/install/nav2_common:/home/dfolse/repos/SPIDER/SPIDER_ws/install/locomotion:/home/dfolse/repos/SPIDER/SPIDER_ws/install/spider_interfaces:/home/dfolse/repos/SPIDER/SPIDER_ws/install/spider_nav:/home/dfolse/repos/SPIDER/SPIDER_ws/install/oak_d_lite:/home/dfolse/repos/SPIDER/SPIDER_ws/install/nav2_gazebo_spawner:/home/dfolse/repos/SPIDER/SPIDER_ws/install/data_transfer:/opt/ros/foxy:/home/dfolse/repos/SPIDER/SPIDER_ws/install/spider_description:/home/dfolse/repos/SPIDER/SPIDER_ws/install/nav_2d_utils:/home/dfolse/repos/SPIDER/SPIDER_ws/install/dwb_msgs:/home/dfolse/repos/SPIDER/SPIDER_ws/install/nav_2d_msgs:/home/dfolse/repos/SPIDER/SPIDER_ws/install/nav2_waypoint_follower:/home/dfolse/repos/SPIDER/SPIDER_ws/install/nav2_lifecycle_manager:/home/dfolse/repos/SPIDER/SPIDER_ws/install/depthai_ros_msgs:/home/dfolse/repos/SPIDER/SPIDER_ws/install/depthai_descriptions LD_LIBRARY_PATH=/home/dfolse/repos/SPIDER/SPIDER_ws/install/nav2_costmap_2d/lib:/home/dfolse/repos/SPIDER/SPIDER_ws/install/nav2_util/lib:/home/dfolse/repos/SPIDER/SPIDER_ws/install/nav2_voxel_grid/lib:/home/dfolse/repos/SPIDER/SPIDER_ws/install/nav2_msgs/lib:/home/dfolse/repos/SPIDER/SPIDER_ws/install/spider_interfaces/lib:/home/dfolse/repos/SPIDER/SPIDER_ws/install/nav_2d_utils/lib:/home/dfolse/repos/SPIDER/SPIDER_ws/install/dwb_msgs/lib:/home/dfolse/repos/SPIDER/SPIDER_ws/install/nav_2d_msgs/lib:/home/dfolse/repos/SPIDER/SPIDER_ws/install/nav2_waypoint_follower/lib:/home/dfolse/repos/SPIDER/SPIDER_ws/install/nav2_lifecycle_manager/lib:/home/dfolse/repos/SPIDER/SPIDER_ws/install/depthai_ros_msgs/lib:/opt/ros/foxy/opt/yaml_cpp_vendor/lib:/opt/ros/foxy/opt/rviz_ogre_vendor/lib:/opt/ros/foxy/lib/aarch64-linux-gnu:/opt/ros/foxy/lib NX_CONNECTION=192.168.1.26 63880 192.168.1.53 4000 PYTHONPATH=/home/dfolse/repos/SPIDER/SPIDER_ws/install/nav2_msgs/lib/python3.8/site-packages:/home/dfolse/repos/SPIDER/SPIDER_ws/install/nav2_common/lib/python3.8/site-packages:/home/dfolse/repos/SPIDER/SPIDER_ws/install/spider_nav/lib/python3.8/site-packages:/home/dfolse/repos/SPIDER/SPIDER_ws/install/locomotion/lib/python3.8/site-packages:/home/dfolse/repos/SPIDER/SPIDER_ws/install/spider_interfaces/lib/python3.8/site-packages:/home/dfolse/repos/SPIDER/SPIDER_ws/install/oak_d_lite/lib/python3.8/site-packages:/home/dfolse/repos/SPIDER/SPIDER_ws/install/dwb_msgs/lib/python3.8/site-packages:/home/dfolse/repos/SPIDER/SPIDER_ws/install/nav_2d_msgs/lib/python3.8/site-packages:/home/dfolse/repos/SPIDER/SPIDER_ws/install/nav2_gazebo_spawner/lib/python3.8/site-packages:/home/dfolse/repos/SPIDER/SPIDER_ws/install/depthai_ros_msgs/lib/python3.8/site-packages:/home/dfolse/repos/SPIDER/SPIDER_ws/install/data_transfer/lib/python3.8/site-packages:/opt/ros/foxy/lib/python3.8/site-packages /usr/bin/cmake --install /home/dfolse/repos/SPIDER/SPIDER_ws/build/smac_planner
[237.953s] -- Install configuration: "Release"
[237.954s] -- Installing: /home/dfolse/repos/SPIDER/SPIDER_ws/install/smac_planner/share/smac_planner/smac_plugin.xml
[237.955s] -- Installing: /home/dfolse/repos/SPIDER/SPIDER_ws/install/smac_planner/share/smac_planner/smac_plugin_2d.xml
[237.955s] -- Installing: /home/dfolse/repos/SPIDER/SPIDER_ws/install/smac_planner/lib/libsmac_planner.so
[237.959s] -- Set runtime path of "/home/dfolse/repos/SPIDER/SPIDER_ws/install/smac_planner/lib/libsmac_planner.so" to ""
[237.959s] -- Installing: /home/dfolse/repos/SPIDER/SPIDER_ws/install/smac_planner/lib/libsmac_planner_2d.so
[237.959s] -- Set runtime path of "/home/dfolse/repos/SPIDER/SPIDER_ws/install/smac_planner/lib/libsmac_planner_2d.so" to ""
[237.959s] -- Installing: /home/dfolse/repos/SPIDER/SPIDER_ws/install/smac_planner/include/
[237.959s] -- Installing: /home/dfolse/repos/SPIDER/SPIDER_ws/install/smac_planner/include//smac_planner
[237.960s] -- Installing: /home/dfolse/repos/SPIDER/SPIDER_ws/install/smac_planner/include//smac_planner/smac_planner.hpp
[237.960s] -- Installing: /home/dfolse/repos/SPIDER/SPIDER_ws/install/smac_planner/include//smac_planner/node_se2.hpp
[237.960s] -- Installing: /home/dfolse/repos/SPIDER/SPIDER_ws/install/smac_planner/include//smac_planner/costmap_downsampler.hpp
[237.960s] -- Installing: /home/dfolse/repos/SPIDER/SPIDER_ws/install/smac_planner/include//smac_planner/collision_checker.hpp
[237.961s] -- Installing: /home/dfolse/repos/SPIDER/SPIDER_ws/install/smac_planner/include//smac_planner/constants.hpp
[237.961s] -- Installing: /home/dfolse/repos/SPIDER/SPIDER_ws/install/smac_planner/include//smac_planner/smoother.hpp
[237.961s] -- Installing: /home/dfolse/repos/SPIDER/SPIDER_ws/install/smac_planner/include//smac_planner/smac_planner_2d.hpp
[237.961s] -- Installing: /home/dfolse/repos/SPIDER/SPIDER_ws/install/smac_planner/include//smac_planner/node_basic.hpp
[237.961s] -- Installing: /home/dfolse/repos/SPIDER/SPIDER_ws/install/smac_planner/include//smac_planner/node_2d.hpp
[237.962s] -- Installing: /home/dfolse/repos/SPIDER/SPIDER_ws/install/smac_planner/include//smac_planner/smoother_cost_function.hpp
[237.962s] -- Installing: /home/dfolse/repos/SPIDER/SPIDER_ws/install/smac_planner/include//smac_planner/types.hpp
[237.962s] -- Installing: /home/dfolse/repos/SPIDER/SPIDER_ws/install/smac_planner/include//smac_planner/a_star.hpp
[237.962s] -- Installing: /home/dfolse/repos/SPIDER/SPIDER_ws/install/smac_planner/include//smac_planner/options.hpp
[237.963s] -- Installing: /home/dfolse/repos/SPIDER/SPIDER_ws/install/smac_planner/share/smac_planner/environment/library_path.sh
[237.964s] -- Installing: /home/dfolse/repos/SPIDER/SPIDER_ws/install/smac_planner/share/smac_planner/environment/library_path.dsv
[237.965s] -- Installing: /home/dfolse/repos/SPIDER/SPIDER_ws/install/smac_planner/share/ament_index/resource_index/package_run_dependencies/smac_planner
[237.966s] -- Installing: /home/dfolse/repos/SPIDER/SPIDER_ws/install/smac_planner/share/ament_index/resource_index/parent_prefix_path/smac_planner
[237.968s] -- Installing: /home/dfolse/repos/SPIDER/SPIDER_ws/install/smac_planner/share/smac_planner/environment/ament_prefix_path.sh
[237.968s] -- Installing: /home/dfolse/repos/SPIDER/SPIDER_ws/install/smac_planner/share/smac_planner/environment/ament_prefix_path.dsv
[237.969s] -- Installing: /home/dfolse/repos/SPIDER/SPIDER_ws/install/smac_planner/share/smac_planner/environment/path.sh
[237.969s] -- Installing: /home/dfolse/repos/SPIDER/SPIDER_ws/install/smac_planner/share/smac_planner/environment/path.dsv
[237.970s] -- Installing: /home/dfolse/repos/SPIDER/SPIDER_ws/install/smac_planner/share/smac_planner/local_setup.bash
[237.970s] -- Installing: /home/dfolse/repos/SPIDER/SPIDER_ws/install/smac_planner/share/smac_planner/local_setup.sh
[237.970s] -- Installing: /home/dfolse/repos/SPIDER/SPIDER_ws/install/smac_planner/share/smac_planner/local_setup.zsh
[237.971s] -- Installing: /home/dfolse/repos/SPIDER/SPIDER_ws/install/smac_planner/share/smac_planner/local_setup.dsv
[237.971s] -- Installing: /home/dfolse/repos/SPIDER/SPIDER_ws/install/smac_planner/share/smac_planner/package.dsv
[237.972s] -- Installing: /home/dfolse/repos/SPIDER/SPIDER_ws/install/smac_planner/share/ament_index/resource_index/packages/smac_planner
[237.973s] -- Installing: /home/dfolse/repos/SPIDER/SPIDER_ws/install/smac_planner/share/ament_index/resource_index/nav2_core__pluginlib__plugin/smac_planner
[237.973s] -- Installing: /home/dfolse/repos/SPIDER/SPIDER_ws/install/smac_planner/share/smac_planner/cmake/ament_cmake_export_include_directories-extras.cmake
[237.974s] -- Installing: /home/dfolse/repos/SPIDER/SPIDER_ws/install/smac_planner/share/smac_planner/cmake/ament_cmake_export_libraries-extras.cmake
[237.974s] -- Installing: /home/dfolse/repos/SPIDER/SPIDER_ws/install/smac_planner/share/smac_planner/cmake/ament_cmake_export_dependencies-extras.cmake
[237.975s] -- Installing: /home/dfolse/repos/SPIDER/SPIDER_ws/install/smac_planner/share/smac_planner/cmake/ament_cmake_export_definitions-extras.cmake
[237.977s] -- Installing: /home/dfolse/repos/SPIDER/SPIDER_ws/install/smac_planner/share/smac_planner/cmake/smac_plannerConfig.cmake
[237.978s] -- Installing: /home/dfolse/repos/SPIDER/SPIDER_ws/install/smac_planner/share/smac_planner/cmake/smac_plannerConfig-version.cmake
[237.978s] -- Installing: /home/dfolse/repos/SPIDER/SPIDER_ws/install/smac_planner/share/smac_planner/package.xml
[237.995s] Invoked command in '/home/dfolse/repos/SPIDER/SPIDER_ws/build/smac_planner' returned '0': AMENT_PREFIX_PATH=/home/dfolse/repos/SPIDER/SPIDER_ws/install/nav2_core:/home/dfolse/repos/SPIDER/SPIDER_ws/install/nav2_costmap_2d:${AMENT_PREFIX_PATH} CMAKE_PREFIX_PATH=/home/dfolse/repos/SPIDER/SPIDER_ws/install/nav2_core:/home/dfolse/repos/SPIDER/SPIDER_ws/install/nav2_costmap_2d:/home/dfolse/repos/SPIDER/SPIDER_ws/install/nav2_util:/home/dfolse/repos/SPIDER/SPIDER_ws/install/nav2_voxel_grid:/home/dfolse/repos/SPIDER/SPIDER_ws/install/nav2_msgs:/home/dfolse/repos/SPIDER/SPIDER_ws/install/nav2_common:/home/dfolse/repos/SPIDER/SPIDER_ws/install/locomotion:/home/dfolse/repos/SPIDER/SPIDER_ws/install/spider_interfaces:/home/dfolse/repos/SPIDER/SPIDER_ws/install/spider_nav:/home/dfolse/repos/SPIDER/SPIDER_ws/install/oak_d_lite:/home/dfolse/repos/SPIDER/SPIDER_ws/install/nav2_gazebo_spawner:/home/dfolse/repos/SPIDER/SPIDER_ws/install/data_transfer:/opt/ros/foxy:/home/dfolse/repos/SPIDER/SPIDER_ws/install/spider_description:/home/dfolse/repos/SPIDER/SPIDER_ws/install/nav_2d_utils:/home/dfolse/repos/SPIDER/SPIDER_ws/install/dwb_msgs:/home/dfolse/repos/SPIDER/SPIDER_ws/install/nav_2d_msgs:/home/dfolse/repos/SPIDER/SPIDER_ws/install/nav2_waypoint_follower:/home/dfolse/repos/SPIDER/SPIDER_ws/install/nav2_lifecycle_manager:/home/dfolse/repos/SPIDER/SPIDER_ws/install/depthai_ros_msgs:/home/dfolse/repos/SPIDER/SPIDER_ws/install/depthai_descriptions LD_LIBRARY_PATH=/home/dfolse/repos/SPIDER/SPIDER_ws/install/nav2_costmap_2d/lib:/home/dfolse/repos/SPIDER/SPIDER_ws/install/nav2_util/lib:/home/dfolse/repos/SPIDER/SPIDER_ws/install/nav2_voxel_grid/lib:/home/dfolse/repos/SPIDER/SPIDER_ws/install/nav2_msgs/lib:/home/dfolse/repos/SPIDER/SPIDER_ws/install/spider_interfaces/lib:/home/dfolse/repos/SPIDER/SPIDER_ws/install/nav_2d_utils/lib:/home/dfolse/repos/SPIDER/SPIDER_ws/install/dwb_msgs/lib:/home/dfolse/repos/SPIDER/SPIDER_ws/install/nav_2d_msgs/lib:/home/dfolse/repos/SPIDER/SPIDER_ws/install/nav2_waypoint_follower/lib:/home/dfolse/repos/SPIDER/SPIDER_ws/install/nav2_lifecycle_manager/lib:/home/dfolse/repos/SPIDER/SPIDER_ws/install/depthai_ros_msgs/lib:/opt/ros/foxy/opt/yaml_cpp_vendor/lib:/opt/ros/foxy/opt/rviz_ogre_vendor/lib:/opt/ros/foxy/lib/aarch64-linux-gnu:/opt/ros/foxy/lib NX_CONNECTION=192.168.1.26 63880 192.168.1.53 4000 PYTHONPATH=/home/dfolse/repos/SPIDER/SPIDER_ws/install/nav2_msgs/lib/python3.8/site-packages:/home/dfolse/repos/SPIDER/SPIDER_ws/install/nav2_common/lib/python3.8/site-packages:/home/dfolse/repos/SPIDER/SPIDER_ws/install/spider_nav/lib/python3.8/site-packages:/home/dfolse/repos/SPIDER/SPIDER_ws/install/locomotion/lib/python3.8/site-packages:/home/dfolse/repos/SPIDER/SPIDER_ws/install/spider_interfaces/lib/python3.8/site-packages:/home/dfolse/repos/SPIDER/SPIDER_ws/install/oak_d_lite/lib/python3.8/site-packages:/home/dfolse/repos/SPIDER/SPIDER_ws/install/dwb_msgs/lib/python3.8/site-packages:/home/dfolse/repos/SPIDER/SPIDER_ws/install/nav_2d_msgs/lib/python3.8/site-packages:/home/dfolse/repos/SPIDER/SPIDER_ws/install/nav2_gazebo_spawner/lib/python3.8/site-packages:/home/dfolse/repos/SPIDER/SPIDER_ws/install/depthai_ros_msgs/lib/python3.8/site-packages:/home/dfolse/repos/SPIDER/SPIDER_ws/install/data_transfer/lib/python3.8/site-packages:/opt/ros/foxy/lib/python3.8/site-packages /usr/bin/cmake --install /home/dfolse/repos/SPIDER/SPIDER_ws/build/smac_planner
