In file included from [01m[K/home/dfolse/repos/SPIDER/SPIDER_ws/build/spider_interfaces/rosidl_generator_c/spider_interfaces/msg/detail/loc_commands__functions.h:19[m[K,
                 from [01m[K/home/dfolse/repos/SPIDER/SPIDER_ws/build/spider_interfaces/rosidl_generator_c/spider_interfaces/msg/detail/loc_commands__functions.c:4[m[K:
[01m[K/home/dfolse/repos/SPIDER/SPIDER_ws/build/spider_interfaces/rosidl_generator_c/spider_interfaces/msg/detail/loc_commands__struct.h:22:10:[m[K [01;31m[Kfatal error: [m[Kspider_interfaces/msg/detail/string__struct.h: No such file or directory
   22 | #include [01;31m[K"spider_interfaces/msg/detail/string__struct.h"[m[K
      |          [01;31m[K^~~~~~~~~~~~~~~~~~~~~~~~~~~~~~~~~~~~~~~~~~~~~~~[m[K
In file included from [01m[K/home/dfolse/repos/SPIDER/SPIDER_ws/build/spider_interfaces/rosidl_generator_c/spider_interfaces/srv/detail/loc_service__functions.h:19[m[K,
                 from [01m[K/home/dfolse/repos/SPIDER/SPIDER_ws/build/spider_interfaces/rosidl_generator_c/spider_interfaces/srv/detail/loc_service__functions.c:4[m[K:
[01m[K/home/dfolse/repos/SPIDER/SPIDER_ws/build/spider_interfaces/rosidl_generator_c/spider_interfaces/srv/detail/loc_service__struct.h:22:10:[m[K [01;31m[Kfatal error: [m[Kspider_interfaces/msg/detail/string__struct.h: No such file or directory
   22 | #include [01;31m[K"spider_interfaces/msg/detail/string__struct.h"[m[K
      |          [01;31m[K^~~~~~~~~~~~~~~~~~~~~~~~~~~~~~~~~~~~~~~~~~~~~~~[m[K
compilation terminated.
compilation terminated.
make[2]: *** [CMakeFiles/spider_interfaces__rosidl_generator_c.dir/build.make:121: CMakeFiles/spider_interfaces__rosidl_generator_c.dir/rosidl_generator_c/spider_interfaces/srv/detail/loc_service__functions.c.o] Error 1
make[2]: *** Waiting for unfinished jobs....
make[2]: *** [CMakeFiles/spider_interfaces__rosidl_generator_c.dir/build.make:108: CMakeFiles/spider_interfaces__rosidl_generator_c.dir/rosidl_generator_c/spider_interfaces/msg/detail/loc_commands__functions.c.o] Error 1
make[1]: *** [CMakeFiles/Makefile2:274: CMakeFiles/spider_interfaces__rosidl_generator_c.dir/all] Error 2
make[1]: *** Waiting for unfinished jobs....
In file included from [01m[K/home/dfolse/repos/SPIDER/SPIDER_ws/build/spider_interfaces/rosidl_typesupport_cpp/spider_interfaces/srv/loc_service__type_support.cpp:7[m[K:
[01m[K/home/dfolse/repos/SPIDER/SPIDER_ws/build/spider_interfaces/rosidl_generator_cpp/spider_interfaces/srv/detail/loc_service__struct.hpp:19:10:[m[K [01;31m[Kfatal error: [m[Kspider_interfaces/msg/detail/string__struct.hpp: No such file or directory
   19 | #include [01;31m[K"spider_interfaces/msg/detail/string__struct.hpp"[m[K
      |          [01;31m[K^~~~~~~~~~~~~~~~~~~~~~~~~~~~~~~~~~~~~~~~~~~~~~~~~[m[K
compilation terminated.
In file included from [01m[K/home/dfolse/repos/SPIDER/SPIDER_ws/build/spider_interfaces/rosidl_typesupport_introspection_cpp/spider_interfaces/srv/detail/loc_service__type_support.cpp:12[m[K:
[01m[K/home/dfolse/repos/SPIDER/SPIDER_ws/build/spider_interfaces/rosidl_generator_cpp/spider_interfaces/srv/detail/loc_service__struct.hpp:19:10:[m[K [01;31m[Kfatal error: [m[Kspider_interfaces/msg/detail/string__struct.hpp: No such file or directory
   19 | #include [01;31m[K"spider_interfaces/msg/detail/string__struct.hpp"[m[K
      |          [01;31m[K^~~~~~~~~~~~~~~~~~~~~~~~~~~~~~~~~~~~~~~~~~~~~~~~~[m[K
compilation terminated.
make[2]: *** [CMakeFiles/spider_interfaces__rosidl_typesupport_cpp.dir/build.make:90: CMakeFiles/spider_interfaces__rosidl_typesupport_cpp.dir/rosidl_typesupport_cpp/spider_interfaces/srv/loc_service__type_support.cpp.o] Error 1
make[2]: *** Waiting for unfinished jobs....
In file included from [01m[K/home/dfolse/repos/SPIDER/SPIDER_ws/build/spider_interfaces/rosidl_typesupport_introspection_cpp/spider_interfaces/msg/detail/loc_commands__type_support.cpp:12[m[K:
[01m[K/home/dfolse/repos/SPIDER/SPIDER_ws/build/spider_interfaces/rosidl_generator_cpp/spider_interfaces/msg/detail/loc_commands__struct.hpp:19:10:[m[K [01;31m[Kfatal error: [m[Kspider_interfaces/msg/detail/string__struct.hpp: No such file or directory
   19 | #include [01;31m[K"spider_interfaces/msg/detail/string__struct.hpp"[m[K
      |          [01;31m[K^~~~~~~~~~~~~~~~~~~~~~~~~~~~~~~~~~~~~~~~~~~~~~~~~[m[K
compilation terminated.
make[2]: *** [CMakeFiles/spider_interfaces__rosidl_typesupport_introspection_cpp.dir/build.make:98: CMakeFiles/spider_interfaces__rosidl_typesupport_introspection_cpp.dir/rosidl_typesupport_introspection_cpp/spider_interfaces/srv/detail/loc_service__type_support.cpp.o] Error 1
make[2]: *** Waiting for unfinished jobs....
make[2]: *** [CMakeFiles/spider_interfaces__rosidl_typesupport_introspection_cpp.dir/build.make:85: CMakeFiles/spider_interfaces__rosidl_typesupport_introspection_cpp.dir/rosidl_typesupport_introspection_cpp/spider_interfaces/msg/detail/loc_commands__type_support.cpp.o] Error 1
make[1]: *** [CMakeFiles/Makefile2:469: CMakeFiles/spider_interfaces__rosidl_typesupport_introspection_cpp.dir/all] Error 2
In file included from [01m[K/home/dfolse/repos/SPIDER/SPIDER_ws/build/spider_interfaces/rosidl_typesupport_cpp/spider_interfaces/msg/loc_commands__type_support.cpp:7[m[K:
[01m[K/home/dfolse/repos/SPIDER/SPIDER_ws/build/spider_interfaces/rosidl_generator_cpp/spider_interfaces/msg/detail/loc_commands__struct.hpp:19:10:[m[K [01;31m[Kfatal error: [m[Kspider_interfaces/msg/detail/string__struct.hpp: No such file or directory
   19 | #include [01;31m[K"spider_interfaces/msg/detail/string__struct.hpp"[m[K
      |          [01;31m[K^~~~~~~~~~~~~~~~~~~~~~~~~~~~~~~~~~~~~~~~~~~~~~~~~[m[K
compilation terminated.
In file included from [01m[K/home/dfolse/repos/SPIDER/SPIDER_ws/build/spider_interfaces/rosidl_typesupport_fastrtps_cpp/spider_interfaces/srv/detail/loc_service__rosidl_typesupport_fastrtps_cpp.hpp:11[m[K,
                 from [01m[K/home/dfolse/repos/SPIDER/SPIDER_ws/build/spider_interfaces/rosidl_typesupport_fastrtps_cpp/spider_interfaces/srv/detail/dds_fastrtps/loc_service__type_support.cpp:4[m[K:
[01m[K/home/dfolse/repos/SPIDER/SPIDER_ws/build/spider_interfaces/rosidl_generator_cpp/spider_interfaces/srv/detail/loc_service__struct.hpp:19:10:[m[K [01;31m[Kfatal error: [m[Kspider_interfaces/msg/detail/string__struct.hpp: No such file or directory
   19 | #include [01;31m[K"spider_interfaces/msg/detail/string__struct.hpp"[m[K
      |          [01;31m[K^~~~~~~~~~~~~~~~~~~~~~~~~~~~~~~~~~~~~~~~~~~~~~~~~[m[K
compilation terminated.
make[2]: *** [CMakeFiles/spider_interfaces__rosidl_typesupport_cpp.dir/build.make:77: CMakeFiles/spider_interfaces__rosidl_typesupport_cpp.dir/rosidl_typesupport_cpp/spider_interfaces/msg/loc_commands__type_support.cpp.o] Error 1
In file included from [01m[K/home/dfolse/repos/SPIDER/SPIDER_ws/build/spider_interfaces/rosidl_typesupport_fastrtps_cpp/spider_interfaces/msg/detail/loc_commands__rosidl_typesupport_fastrtps_cpp.hpp:11[m[K,
                 from [01m[K/home/dfolse/repos/SPIDER/SPIDER_ws/build/spider_interfaces/rosidl_typesupport_fastrtps_cpp/spider_interfaces/msg/detail/dds_fastrtps/loc_commands__type_support.cpp:4[m[K:
[01m[K/home/dfolse/repos/SPIDER/SPIDER_ws/build/spider_interfaces/rosidl_generator_cpp/spider_interfaces/msg/detail/loc_commands__struct.hpp:19:10:[m[K [01;31m[Kfatal error: [m[Kspider_interfaces/msg/detail/string__struct.hpp: No such file or directory
   19 | #include [01;31m[K"spider_interfaces/msg/detail/string__struct.hpp"[m[K
      |          [01;31m[K^~~~~~~~~~~~~~~~~~~~~~~~~~~~~~~~~~~~~~~~~~~~~~~~~[m[K
compilation terminated.
make[1]: *** [CMakeFiles/Makefile2:496: CMakeFiles/spider_interfaces__rosidl_typesupport_cpp.dir/all] Error 2
make[2]: *** [CMakeFiles/spider_interfaces__rosidl_typesupport_fastrtps_cpp.dir/build.make:98: CMakeFiles/spider_interfaces__rosidl_typesupport_fastrtps_cpp.dir/rosidl_typesupport_fastrtps_cpp/spider_interfaces/srv/detail/dds_fastrtps/loc_service__type_support.cpp.o] Error 1
make[2]: *** Waiting for unfinished jobs....
make[2]: *** [CMakeFiles/spider_interfaces__rosidl_typesupport_fastrtps_cpp.dir/build.make:85: CMakeFiles/spider_interfaces__rosidl_typesupport_fastrtps_cpp.dir/rosidl_typesupport_fastrtps_cpp/spider_interfaces/msg/detail/dds_fastrtps/loc_commands__type_support.cpp.o] Error 1
make[1]: *** [CMakeFiles/Makefile2:213: CMakeFiles/spider_interfaces__rosidl_typesupport_fastrtps_cpp.dir/all] Error 2
make: *** [Makefile:141: all] Error 2
