-- Found ament_cmake: 0.9.12 (/opt/ros/foxy/share/ament_cmake/cmake)
-- Using PYTHON_EXECUTABLE: /home/dfolse/.pyenv/shims/python3
-- ------------------------------------------
-- Depthai ROS MSGS/INTERFACES is being built using AMENT.
-- ------------------------------------------
-- Found geometry_msgs: 2.0.5 (/opt/ros/foxy/share/geometry_msgs/cmake)
-- Using all available rosidl_typesupport_c: rosidl_typesupport_fastrtps_c;rosidl_typesupport_introspection_c
-- Found rosidl_adapter: 1.3.1 (/opt/ros/foxy/share/rosidl_adapter/cmake)
-- Using all available rosidl_typesupport_cpp: rosidl_typesupport_fastrtps_cpp;rosidl_typesupport_introspection_cpp
-- Found vision_msgs: 2.0.0 (/opt/ros/foxy/share/vision_msgs/cmake)
-- Found rosidl_default_generators: 1.0.1 (/opt/ros/foxy/share/rosidl_default_generators/cmake)
-- Found PythonInterp: /home/dfolse/.pyenv/shims/python3 (found version "3.8.10") 
-- Found ament_cmake_ros: 0.9.2 (/opt/ros/foxy/share/ament_cmake_ros/cmake)
-- Using all available rosidl_typesupport_c: rosidl_typesupport_fastrtps_c;rosidl_typesupport_introspection_c
-- Using all available rosidl_typesupport_cpp: rosidl_typesupport_fastrtps_cpp;rosidl_typesupport_introspection_cpp
-- Found PythonInterp: /home/dfolse/.pyenv/shims/python3 (found suitable version "3.8.10", minimum required is "3.5") 
-- Found python_cmake_module: 0.8.1 (/opt/ros/foxy/share/python_cmake_module/cmake)
-- Found PythonLibs: /usr/lib/aarch64-linux-gnu/libpython3.8.so (found suitable version "3.8.10", minimum required is "3.5") 
-- Using PYTHON_EXECUTABLE: /home/dfolse/.pyenv/shims/python3
-- Using PYTHON_INCLUDE_DIRS: /usr/include/python3.8
-- Using PYTHON_LIBRARIES: /usr/lib/aarch64-linux-gnu/libpython3.8.so
-- Found PythonExtra: .so  
-- Configuring done
-- Generating done
-- Build files have been written to: /home/dfolse/repos/SPIDER/SPIDER_ws/build/depthai_ros_msgs
[  1%] [34m[1mGenerating C code for ROS interfaces[0m
[35m[1mScanning dependencies of target depthai_ros_msgs__cpp[0m
[  1%] [34m[1mGenerating C++ code for ROS interfaces[0m
[  1%] Built target depthai_ros_msgs__cpp
[  2%] [34m[1mGenerating C++ type support dispatch for ROS interfaces[0m
[  2%] [34m[1mGenerating C++ type support for eProsima Fast-RTPS[0m
[  3%] [34m[1mGenerating C++ introspection for ROS interfaces[0m
[35m[1mScanning dependencies of target depthai_ros_msgs__rosidl_generator_c[0m
[  3%] [32mBuilding C object CMakeFiles/depthai_ros_msgs__rosidl_generator_c.dir/rosidl_generator_c/depthai_ros_msgs/msg/detail/hand_landmark_array__functions.c.o[0m
[  4%] [32mBuilding C object CMakeFiles/depthai_ros_msgs__rosidl_generator_c.dir/rosidl_generator_c/depthai_ros_msgs/msg/detail/auto_focus_ctrl__functions.c.o[0m
[  5%] [32mBuilding C object CMakeFiles/depthai_ros_msgs__rosidl_generator_c.dir/rosidl_generator_c/depthai_ros_msgs/msg/detail/hand_landmark__functions.c.o[0m
[  6%] [32mBuilding C object CMakeFiles/depthai_ros_msgs__rosidl_generator_c.dir/rosidl_generator_c/depthai_ros_msgs/msg/detail/imu_with_magnetic_field__functions.c.o[0m
[  7%] [32mBuilding C object CMakeFiles/depthai_ros_msgs__rosidl_generator_c.dir/rosidl_generator_c/depthai_ros_msgs/msg/detail/tracked_features__functions.c.o[0m
[  8%] [32mBuilding C object CMakeFiles/depthai_ros_msgs__rosidl_generator_c.dir/rosidl_generator_c/depthai_ros_msgs/msg/detail/tracked_feature__functions.c.o[0m
[  9%] [32mBuilding C object CMakeFiles/depthai_ros_msgs__rosidl_generator_c.dir/rosidl_generator_c/depthai_ros_msgs/msg/detail/spatial_detection__functions.c.o[0m
[ 10%] [32mBuilding C object CMakeFiles/depthai_ros_msgs__rosidl_generator_c.dir/rosidl_generator_c/depthai_ros_msgs/msg/detail/track_detection2_d__functions.c.o[0m
[ 11%] [32mBuilding C object CMakeFiles/depthai_ros_msgs__rosidl_generator_c.dir/rosidl_generator_c/depthai_ros_msgs/msg/detail/spatial_detection_array__functions.c.o[0m
[ 11%] [32mBuilding C object CMakeFiles/depthai_ros_msgs__rosidl_generator_c.dir/rosidl_generator_c/depthai_ros_msgs/msg/detail/track_detection2_d_array__functions.c.o[0m
[ 12%] [32mBuilding C object CMakeFiles/depthai_ros_msgs__rosidl_generator_c.dir/rosidl_generator_c/depthai_ros_msgs/srv/detail/trigger_named__functions.c.o[0m
[ 13%] [32mBuilding C object CMakeFiles/depthai_ros_msgs__rosidl_generator_c.dir/rosidl_generator_c/depthai_ros_msgs/srv/detail/normalized_image_crop__functions.c.o[0m
[ 14%] [32m[1mLinking C shared library libdepthai_ros_msgs__rosidl_generator_c.so[0m
[ 14%] Built target depthai_ros_msgs__rosidl_generator_c
[ 15%] [34m[1mGenerating C introspection for ROS interfaces[0m
[ 16%] [34m[1mGenerating C type support dispatch for ROS interfaces[0m
[35m[1mScanning dependencies of target depthai_ros_msgs__rosidl_typesupport_cpp[0m
[ 17%] [32mBuilding CXX object CMakeFiles/depthai_ros_msgs__rosidl_typesupport_cpp.dir/rosidl_typesupport_cpp/depthai_ros_msgs/msg/auto_focus_ctrl__type_support.cpp.o[0m
[ 18%] [32mBuilding CXX object CMakeFiles/depthai_ros_msgs__rosidl_typesupport_cpp.dir/rosidl_typesupport_cpp/depthai_ros_msgs/msg/hand_landmark__type_support.cpp.o[0m
[35m[1mScanning dependencies of target depthai_ros_msgs__rosidl_typesupport_fastrtps_cpp[0m
[ 19%] [32mBuilding CXX object CMakeFiles/depthai_ros_msgs__rosidl_typesupport_fastrtps_cpp.dir/rosidl_typesupport_fastrtps_cpp/depthai_ros_msgs/msg/detail/dds_fastrtps/auto_focus_ctrl__type_support.cpp.o[0m
[35m[1mScanning dependencies of target depthai_ros_msgs__rosidl_typesupport_introspection_cpp[0m
[ 20%] [32mBuilding CXX object CMakeFiles/depthai_ros_msgs__rosidl_typesupport_cpp.dir/rosidl_typesupport_cpp/depthai_ros_msgs/msg/hand_landmark_array__type_support.cpp.o[0m
[ 20%] [32mBuilding CXX object CMakeFiles/depthai_ros_msgs__rosidl_typesupport_introspection_cpp.dir/rosidl_typesupport_introspection_cpp/depthai_ros_msgs/msg/detail/auto_focus_ctrl__type_support.cpp.o[0m
[ 21%] [32mBuilding CXX object CMakeFiles/depthai_ros_msgs__rosidl_typesupport_cpp.dir/rosidl_typesupport_cpp/depthai_ros_msgs/msg/imu_with_magnetic_field__type_support.cpp.o[0m
[35m[1mScanning dependencies of target depthai_ros_msgs__rosidl_typesupport_c[0m
[ 22%] [32mBuilding CXX object CMakeFiles/depthai_ros_msgs__rosidl_typesupport_c.dir/rosidl_typesupport_c/depthai_ros_msgs/msg/auto_focus_ctrl__type_support.cpp.o[0m
[ 22%] [32mBuilding CXX object CMakeFiles/depthai_ros_msgs__rosidl_typesupport_c.dir/rosidl_typesupport_c/depthai_ros_msgs/msg/hand_landmark__type_support.cpp.o[0m
[ 23%] [32mBuilding CXX object CMakeFiles/depthai_ros_msgs__rosidl_typesupport_c.dir/rosidl_typesupport_c/depthai_ros_msgs/msg/hand_landmark_array__type_support.cpp.o[0m
[ 23%] [32mBuilding CXX object CMakeFiles/depthai_ros_msgs__rosidl_typesupport_cpp.dir/rosidl_typesupport_cpp/depthai_ros_msgs/msg/tracked_feature__type_support.cpp.o[0m
[ 24%] [32mBuilding CXX object CMakeFiles/depthai_ros_msgs__rosidl_typesupport_introspection_cpp.dir/rosidl_typesupport_introspection_cpp/depthai_ros_msgs/msg/detail/hand_landmark__type_support.cpp.o[0m
[ 25%] [32mBuilding CXX object CMakeFiles/depthai_ros_msgs__rosidl_typesupport_cpp.dir/rosidl_typesupport_cpp/depthai_ros_msgs/msg/tracked_features__type_support.cpp.o[0m
[ 26%] [32mBuilding CXX object CMakeFiles/depthai_ros_msgs__rosidl_typesupport_fastrtps_cpp.dir/rosidl_typesupport_fastrtps_cpp/depthai_ros_msgs/msg/detail/dds_fastrtps/hand_landmark__type_support.cpp.o[0m
[ 27%] [32mBuilding CXX object CMakeFiles/depthai_ros_msgs__rosidl_typesupport_c.dir/rosidl_typesupport_c/depthai_ros_msgs/msg/imu_with_magnetic_field__type_support.cpp.o[0m
[ 28%] [32mBuilding CXX object CMakeFiles/depthai_ros_msgs__rosidl_typesupport_c.dir/rosidl_typesupport_c/depthai_ros_msgs/msg/tracked_feature__type_support.cpp.o[0m
[ 29%] [32mBuilding CXX object CMakeFiles/depthai_ros_msgs__rosidl_typesupport_c.dir/rosidl_typesupport_c/depthai_ros_msgs/msg/tracked_features__type_support.cpp.o[0m
[ 30%] [32mBuilding CXX object CMakeFiles/depthai_ros_msgs__rosidl_typesupport_c.dir/rosidl_typesupport_c/depthai_ros_msgs/msg/spatial_detection__type_support.cpp.o[0m
[35m[1mScanning dependencies of target depthai_ros_msgs__rosidl_typesupport_introspection_c[0m
[ 30%] [32mBuilding CXX object CMakeFiles/depthai_ros_msgs__rosidl_typesupport_c.dir/rosidl_typesupport_c/depthai_ros_msgs/msg/spatial_detection_array__type_support.cpp.o[0m
[ 31%] [32mBuilding C object CMakeFiles/depthai_ros_msgs__rosidl_typesupport_introspection_c.dir/rosidl_typesupport_introspection_c/depthai_ros_msgs/msg/detail/auto_focus_ctrl__type_support.c.o[0m
[ 32%] [32mBuilding CXX object CMakeFiles/depthai_ros_msgs__rosidl_typesupport_c.dir/rosidl_typesupport_c/depthai_ros_msgs/msg/track_detection2_d__type_support.cpp.o[0m
[ 33%] [32mBuilding CXX object CMakeFiles/depthai_ros_msgs__rosidl_typesupport_introspection_cpp.dir/rosidl_typesupport_introspection_cpp/depthai_ros_msgs/msg/detail/hand_landmark_array__type_support.cpp.o[0m
[ 34%] [32mBuilding C object CMakeFiles/depthai_ros_msgs__rosidl_typesupport_introspection_c.dir/rosidl_typesupport_introspection_c/depthai_ros_msgs/msg/detail/hand_landmark__type_support.c.o[0m
[ 35%] [32mBuilding CXX object CMakeFiles/depthai_ros_msgs__rosidl_typesupport_c.dir/rosidl_typesupport_c/depthai_ros_msgs/msg/track_detection2_d_array__type_support.cpp.o[0m
[ 36%] [32mBuilding C object CMakeFiles/depthai_ros_msgs__rosidl_typesupport_introspection_c.dir/rosidl_typesupport_introspection_c/depthai_ros_msgs/msg/detail/hand_landmark_array__type_support.c.o[0m
[ 37%] [32mBuilding CXX object CMakeFiles/depthai_ros_msgs__rosidl_typesupport_c.dir/rosidl_typesupport_c/depthai_ros_msgs/srv/trigger_named__type_support.cpp.o[0m
[ 38%] [32mBuilding CXX object CMakeFiles/depthai_ros_msgs__rosidl_typesupport_introspection_cpp.dir/rosidl_typesupport_introspection_cpp/depthai_ros_msgs/msg/detail/imu_with_magnetic_field__type_support.cpp.o[0m
[ 38%] [32mBuilding C object CMakeFiles/depthai_ros_msgs__rosidl_typesupport_introspection_c.dir/rosidl_typesupport_introspection_c/depthai_ros_msgs/msg/detail/imu_with_magnetic_field__type_support.c.o[0m
[ 39%] [32mBuilding CXX object CMakeFiles/depthai_ros_msgs__rosidl_typesupport_fastrtps_cpp.dir/rosidl_typesupport_fastrtps_cpp/depthai_ros_msgs/msg/detail/dds_fastrtps/hand_landmark_array__type_support.cpp.o[0m
[ 40%] [32mBuilding CXX object CMakeFiles/depthai_ros_msgs__rosidl_typesupport_c.dir/rosidl_typesupport_c/depthai_ros_msgs/srv/normalized_image_crop__type_support.cpp.o[0m
[ 41%] [32mBuilding CXX object CMakeFiles/depthai_ros_msgs__rosidl_typesupport_cpp.dir/rosidl_typesupport_cpp/depthai_ros_msgs/msg/spatial_detection__type_support.cpp.o[0m
[ 42%] [32mBuilding C object CMakeFiles/depthai_ros_msgs__rosidl_typesupport_introspection_c.dir/rosidl_typesupport_introspection_c/depthai_ros_msgs/msg/detail/tracked_feature__type_support.c.o[0m
[ 43%] [32m[1mLinking CXX shared library libdepthai_ros_msgs__rosidl_typesupport_c.so[0m
[ 44%] [32mBuilding C object CMakeFiles/depthai_ros_msgs__rosidl_typesupport_introspection_c.dir/rosidl_typesupport_introspection_c/depthai_ros_msgs/msg/detail/tracked_features__type_support.c.o[0m
[ 45%] [32mBuilding C object CMakeFiles/depthai_ros_msgs__rosidl_typesupport_introspection_c.dir/rosidl_typesupport_introspection_c/depthai_ros_msgs/msg/detail/spatial_detection__type_support.c.o[0m
[ 45%] Built target depthai_ros_msgs__rosidl_typesupport_c
[ 46%] [32mBuilding C object CMakeFiles/depthai_ros_msgs__rosidl_typesupport_introspection_c.dir/rosidl_typesupport_introspection_c/depthai_ros_msgs/msg/detail/spatial_detection_array__type_support.c.o[0m
[ 47%] [32mBuilding C object CMakeFiles/depthai_ros_msgs__rosidl_typesupport_introspection_c.dir/rosidl_typesupport_introspection_c/depthai_ros_msgs/msg/detail/track_detection2_d__type_support.c.o[0m
[ 48%] [32mBuilding C object CMakeFiles/depthai_ros_msgs__rosidl_typesupport_introspection_c.dir/rosidl_typesupport_introspection_c/depthai_ros_msgs/msg/detail/track_detection2_d_array__type_support.c.o[0m
[ 49%] [32mBuilding CXX object CMakeFiles/depthai_ros_msgs__rosidl_typesupport_cpp.dir/rosidl_typesupport_cpp/depthai_ros_msgs/msg/spatial_detection_array__type_support.cpp.o[0m
[ 49%] [32mBuilding C object CMakeFiles/depthai_ros_msgs__rosidl_typesupport_introspection_c.dir/rosidl_typesupport_introspection_c/depthai_ros_msgs/srv/detail/trigger_named__type_support.c.o[0m
[ 50%] [32mBuilding C object CMakeFiles/depthai_ros_msgs__rosidl_typesupport_introspection_c.dir/rosidl_typesupport_introspection_c/depthai_ros_msgs/srv/detail/normalized_image_crop__type_support.c.o[0m
[ 51%] [32mBuilding CXX object CMakeFiles/depthai_ros_msgs__rosidl_typesupport_introspection_cpp.dir/rosidl_typesupport_introspection_cpp/depthai_ros_msgs/msg/detail/tracked_feature__type_support.cpp.o[0m
[ 52%] [32mBuilding CXX object CMakeFiles/depthai_ros_msgs__rosidl_typesupport_introspection_cpp.dir/rosidl_typesupport_introspection_cpp/depthai_ros_msgs/msg/detail/tracked_features__type_support.cpp.o[0m
[ 53%] [32mBuilding CXX object CMakeFiles/depthai_ros_msgs__rosidl_typesupport_cpp.dir/rosidl_typesupport_cpp/depthai_ros_msgs/msg/track_detection2_d__type_support.cpp.o[0m
[ 54%] [32m[1mLinking C shared library libdepthai_ros_msgs__rosidl_typesupport_introspection_c.so[0m
[ 54%] Built target depthai_ros_msgs__rosidl_typesupport_introspection_c
[ 54%] [32mBuilding CXX object CMakeFiles/depthai_ros_msgs__rosidl_typesupport_introspection_cpp.dir/rosidl_typesupport_introspection_cpp/depthai_ros_msgs/msg/detail/spatial_detection__type_support.cpp.o[0m
[ 55%] [32mBuilding CXX object CMakeFiles/depthai_ros_msgs__rosidl_typesupport_fastrtps_cpp.dir/rosidl_typesupport_fastrtps_cpp/depthai_ros_msgs/msg/detail/dds_fastrtps/imu_with_magnetic_field__type_support.cpp.o[0m
[ 56%] [32mBuilding CXX object CMakeFiles/depthai_ros_msgs__rosidl_typesupport_introspection_cpp.dir/rosidl_typesupport_introspection_cpp/depthai_ros_msgs/msg/detail/spatial_detection_array__type_support.cpp.o[0m
[ 57%] [32mBuilding CXX object CMakeFiles/depthai_ros_msgs__rosidl_typesupport_introspection_cpp.dir/rosidl_typesupport_introspection_cpp/depthai_ros_msgs/msg/detail/track_detection2_d__type_support.cpp.o[0m
[ 58%] [32mBuilding CXX object CMakeFiles/depthai_ros_msgs__rosidl_typesupport_cpp.dir/rosidl_typesupport_cpp/depthai_ros_msgs/msg/track_detection2_d_array__type_support.cpp.o[0m
[ 58%] [32mBuilding CXX object CMakeFiles/depthai_ros_msgs__rosidl_typesupport_cpp.dir/rosidl_typesupport_cpp/depthai_ros_msgs/srv/trigger_named__type_support.cpp.o[0m
[ 59%] [32mBuilding CXX object CMakeFiles/depthai_ros_msgs__rosidl_typesupport_introspection_cpp.dir/rosidl_typesupport_introspection_cpp/depthai_ros_msgs/msg/detail/track_detection2_d_array__type_support.cpp.o[0m
[ 60%] [32mBuilding CXX object CMakeFiles/depthai_ros_msgs__rosidl_typesupport_fastrtps_cpp.dir/rosidl_typesupport_fastrtps_cpp/depthai_ros_msgs/msg/detail/dds_fastrtps/tracked_feature__type_support.cpp.o[0m
[ 61%] [32mBuilding CXX object CMakeFiles/depthai_ros_msgs__rosidl_typesupport_introspection_cpp.dir/rosidl_typesupport_introspection_cpp/depthai_ros_msgs/srv/detail/trigger_named__type_support.cpp.o[0m
[ 62%] [32mBuilding CXX object CMakeFiles/depthai_ros_msgs__rosidl_typesupport_cpp.dir/rosidl_typesupport_cpp/depthai_ros_msgs/srv/normalized_image_crop__type_support.cpp.o[0m
[ 63%] [32mBuilding CXX object CMakeFiles/depthai_ros_msgs__rosidl_typesupport_introspection_cpp.dir/rosidl_typesupport_introspection_cpp/depthai_ros_msgs/srv/detail/normalized_image_crop__type_support.cpp.o[0m
[ 64%] [32mBuilding CXX object CMakeFiles/depthai_ros_msgs__rosidl_typesupport_fastrtps_cpp.dir/rosidl_typesupport_fastrtps_cpp/depthai_ros_msgs/msg/detail/dds_fastrtps/spatial_detection_array__type_support.cpp.o[0m
[ 65%] [32m[1mLinking CXX shared library libdepthai_ros_msgs__rosidl_typesupport_cpp.so[0m
[ 65%] Built target depthai_ros_msgs__rosidl_typesupport_cpp
[ 66%] [32m[1mLinking CXX shared library libdepthai_ros_msgs__rosidl_typesupport_introspection_cpp.so[0m
[ 66%] Built target depthai_ros_msgs__rosidl_typesupport_introspection_cpp
[ 67%] [32mBuilding CXX object CMakeFiles/depthai_ros_msgs__rosidl_typesupport_fastrtps_cpp.dir/rosidl_typesupport_fastrtps_cpp/depthai_ros_msgs/srv/detail/dds_fastrtps/trigger_named__type_support.cpp.o[0m
[ 67%] [32mBuilding CXX object CMakeFiles/depthai_ros_msgs__rosidl_typesupport_fastrtps_cpp.dir/rosidl_typesupport_fastrtps_cpp/depthai_ros_msgs/srv/detail/dds_fastrtps/normalized_image_crop__type_support.cpp.o[0m
[ 68%] [32mBuilding CXX object CMakeFiles/depthai_ros_msgs__rosidl_typesupport_fastrtps_cpp.dir/rosidl_typesupport_fastrtps_cpp/depthai_ros_msgs/msg/detail/dds_fastrtps/track_detection2_d_array__type_support.cpp.o[0m
[ 70%] [32mBuilding CXX object CMakeFiles/depthai_ros_msgs__rosidl_typesupport_fastrtps_cpp.dir/rosidl_typesupport_fastrtps_cpp/depthai_ros_msgs/msg/detail/dds_fastrtps/track_detection2_d__type_support.cpp.o[0m
[ 70%] [32mBuilding CXX object CMakeFiles/depthai_ros_msgs__rosidl_typesupport_fastrtps_cpp.dir/rosidl_typesupport_fastrtps_cpp/depthai_ros_msgs/msg/detail/dds_fastrtps/spatial_detection__type_support.cpp.o[0m
[ 70%] [32mBuilding CXX object CMakeFiles/depthai_ros_msgs__rosidl_typesupport_fastrtps_cpp.dir/rosidl_typesupport_fastrtps_cpp/depthai_ros_msgs/msg/detail/dds_fastrtps/tracked_features__type_support.cpp.o[0m
[ 71%] [32m[1mLinking CXX shared library libdepthai_ros_msgs__rosidl_typesupport_fastrtps_cpp.so[0m
[ 71%] Built target depthai_ros_msgs__rosidl_typesupport_fastrtps_cpp
[ 72%] [34m[1mGenerating C type support for eProsima Fast-RTPS[0m
[35m[1mScanning dependencies of target depthai_ros_msgs__rosidl_typesupport_fastrtps_c[0m
[ 73%] [32mBuilding CXX object CMakeFiles/depthai_ros_msgs__rosidl_typesupport_fastrtps_c.dir/rosidl_typesupport_fastrtps_c/depthai_ros_msgs/msg/detail/auto_focus_ctrl__type_support_c.cpp.o[0m
[ 74%] [32mBuilding CXX object CMakeFiles/depthai_ros_msgs__rosidl_typesupport_fastrtps_c.dir/rosidl_typesupport_fastrtps_c/depthai_ros_msgs/msg/detail/tracked_features__type_support_c.cpp.o[0m
[ 75%] [32mBuilding CXX object CMakeFiles/depthai_ros_msgs__rosidl_typesupport_fastrtps_c.dir/rosidl_typesupport_fastrtps_c/depthai_ros_msgs/msg/detail/spatial_detection__type_support_c.cpp.o[0m
[ 76%] [32mBuilding CXX object CMakeFiles/depthai_ros_msgs__rosidl_typesupport_fastrtps_c.dir/rosidl_typesupport_fastrtps_c/depthai_ros_msgs/msg/detail/spatial_detection_array__type_support_c.cpp.o[0m
[ 76%] [32mBuilding CXX object CMakeFiles/depthai_ros_msgs__rosidl_typesupport_fastrtps_c.dir/rosidl_typesupport_fastrtps_c/depthai_ros_msgs/msg/detail/track_detection2_d__type_support_c.cpp.o[0m
[ 77%] [32mBuilding CXX object CMakeFiles/depthai_ros_msgs__rosidl_typesupport_fastrtps_c.dir/rosidl_typesupport_fastrtps_c/depthai_ros_msgs/msg/detail/track_detection2_d_array__type_support_c.cpp.o[0m
[ 78%] [32mBuilding CXX object CMakeFiles/depthai_ros_msgs__rosidl_typesupport_fastrtps_c.dir/rosidl_typesupport_fastrtps_c/depthai_ros_msgs/srv/detail/trigger_named__type_support_c.cpp.o[0m
[ 79%] [32mBuilding CXX object CMakeFiles/depthai_ros_msgs__rosidl_typesupport_fastrtps_c.dir/rosidl_typesupport_fastrtps_c/depthai_ros_msgs/srv/detail/normalized_image_crop__type_support_c.cpp.o[0m
[ 80%] [32mBuilding CXX object CMakeFiles/depthai_ros_msgs__rosidl_typesupport_fastrtps_c.dir/rosidl_typesupport_fastrtps_c/depthai_ros_msgs/msg/detail/tracked_feature__type_support_c.cpp.o[0m
[ 81%] [32mBuilding CXX object CMakeFiles/depthai_ros_msgs__rosidl_typesupport_fastrtps_c.dir/rosidl_typesupport_fastrtps_c/depthai_ros_msgs/msg/detail/imu_with_magnetic_field__type_support_c.cpp.o[0m
[ 81%] [32mBuilding CXX object CMakeFiles/depthai_ros_msgs__rosidl_typesupport_fastrtps_c.dir/rosidl_typesupport_fastrtps_c/depthai_ros_msgs/msg/detail/hand_landmark_array__type_support_c.cpp.o[0m
[ 82%] [32mBuilding CXX object CMakeFiles/depthai_ros_msgs__rosidl_typesupport_fastrtps_c.dir/rosidl_typesupport_fastrtps_c/depthai_ros_msgs/msg/detail/hand_landmark__type_support_c.cpp.o[0m
[ 83%] [32m[1mLinking CXX shared library libdepthai_ros_msgs__rosidl_typesupport_fastrtps_c.so[0m
[ 83%] Built target depthai_ros_msgs__rosidl_typesupport_fastrtps_c
[35m[1mScanning dependencies of target depthai_ros_msgs[0m
[ 83%] Built target depthai_ros_msgs
[35m[1mScanning dependencies of target depthai_ros_msgs__py[0m
[ 84%] [34m[1mGenerating Python code for ROS interfaces[0m
[ 84%] Built target depthai_ros_msgs__py
[35m[1mScanning dependencies of target depthai_ros_msgs__python[0m
[ 85%] [32mBuilding C object CMakeFiles/depthai_ros_msgs__python.dir/rosidl_generator_py/depthai_ros_msgs/msg/_hand_landmark_s.c.o[0m
[ 86%] [32mBuilding C object CMakeFiles/depthai_ros_msgs__python.dir/rosidl_generator_py/depthai_ros_msgs/msg/_auto_focus_ctrl_s.c.o[0m
[ 87%] [32mBuilding C object CMakeFiles/depthai_ros_msgs__python.dir/rosidl_generator_py/depthai_ros_msgs/msg/_tracked_features_s.c.o[0m
[ 87%] [32mBuilding C object CMakeFiles/depthai_ros_msgs__python.dir/rosidl_generator_py/depthai_ros_msgs/msg/_tracked_feature_s.c.o[0m
[ 88%] [32mBuilding C object CMakeFiles/depthai_ros_msgs__python.dir/rosidl_generator_py/depthai_ros_msgs/msg/_spatial_detection_s.c.o[0m
[ 89%] [32mBuilding C object CMakeFiles/depthai_ros_msgs__python.dir/rosidl_generator_py/depthai_ros_msgs/msg/_track_detection2_d_s.c.o[0m
[ 90%] [32mBuilding C object CMakeFiles/depthai_ros_msgs__python.dir/rosidl_generator_py/depthai_ros_msgs/msg/_spatial_detection_array_s.c.o[0m
[ 91%] [32mBuilding C object CMakeFiles/depthai_ros_msgs__python.dir/rosidl_generator_py/depthai_ros_msgs/msg/_track_detection2_d_array_s.c.o[0m
[ 91%] [32mBuilding C object CMakeFiles/depthai_ros_msgs__python.dir/rosidl_generator_py/depthai_ros_msgs/srv/_trigger_named_s.c.o[0m
[ 92%] [32mBuilding C object CMakeFiles/depthai_ros_msgs__python.dir/rosidl_generator_py/depthai_ros_msgs/srv/_normalized_image_crop_s.c.o[0m
[ 93%] [32mBuilding C object CMakeFiles/depthai_ros_msgs__python.dir/rosidl_generator_py/depthai_ros_msgs/msg/_imu_with_magnetic_field_s.c.o[0m
[ 94%] [32mBuilding C object CMakeFiles/depthai_ros_msgs__python.dir/rosidl_generator_py/depthai_ros_msgs/msg/_hand_landmark_array_s.c.o[0m
[ 95%] [32m[1mLinking C shared library rosidl_generator_py/depthai_ros_msgs/libdepthai_ros_msgs__python.so[0m
[ 95%] Built target depthai_ros_msgs__python
[35m[1mScanning dependencies of target depthai_ros_msgs__rosidl_typesupport_c__pyext[0m
[35m[1mScanning dependencies of target depthai_ros_msgs__rosidl_typesupport_fastrtps_c__pyext[0m
[ 95%] [32mBuilding C object CMakeFiles/depthai_ros_msgs__rosidl_typesupport_c__pyext.dir/rosidl_generator_py/depthai_ros_msgs/_depthai_ros_msgs_s.ep.rosidl_typesupport_c.c.o[0m
[ 96%] [32mBuilding C object CMakeFiles/depthai_ros_msgs__rosidl_typesupport_fastrtps_c__pyext.dir/rosidl_generator_py/depthai_ros_msgs/_depthai_ros_msgs_s.ep.rosidl_typesupport_fastrtps_c.c.o[0m
[ 97%] [32m[1mLinking CXX shared library rosidl_generator_py/depthai_ros_msgs/depthai_ros_msgs_s__rosidl_typesupport_fastrtps_c.cpython-38-aarch64-linux-gnu.so[0m
[ 97%] Built target depthai_ros_msgs__rosidl_typesupport_fastrtps_c__pyext
[ 98%] [32m[1mLinking C shared library rosidl_generator_py/depthai_ros_msgs/depthai_ros_msgs_s__rosidl_typesupport_c.cpython-38-aarch64-linux-gnu.so[0m
[ 98%] Built target depthai_ros_msgs__rosidl_typesupport_c__pyext
[35m[1mScanning dependencies of target depthai_ros_msgs__rosidl_typesupport_introspection_c__pyext[0m
[ 99%] [32mBuilding C object CMakeFiles/depthai_ros_msgs__rosidl_typesupport_introspection_c__pyext.dir/rosidl_generator_py/depthai_ros_msgs/_depthai_ros_msgs_s.ep.rosidl_typesupport_introspection_c.c.o[0m
[100%] [32m[1mLinking C shared library rosidl_generator_py/depthai_ros_msgs/depthai_ros_msgs_s__rosidl_typesupport_introspection_c.cpython-38-aarch64-linux-gnu.so[0m
[100%] Built target depthai_ros_msgs__rosidl_typesupport_introspection_c__pyext
-- Install configuration: ""
-- Installing: /home/dfolse/repos/SPIDER/SPIDER_ws/install/depthai_ros_msgs/share/ament_index/resource_index/rosidl_interfaces/depthai_ros_msgs
-- Installing: /home/dfolse/repos/SPIDER/SPIDER_ws/install/depthai_ros_msgs/include/depthai_ros_msgs
-- Installing: /home/dfolse/repos/SPIDER/SPIDER_ws/install/depthai_ros_msgs/include/depthai_ros_msgs/srv
-- Installing: /home/dfolse/repos/SPIDER/SPIDER_ws/install/depthai_ros_msgs/include/depthai_ros_msgs/srv/trigger_named.h
-- Installing: /home/dfolse/repos/SPIDER/SPIDER_ws/install/depthai_ros_msgs/include/depthai_ros_msgs/srv/normalized_image_crop.h
-- Installing: /home/dfolse/repos/SPIDER/SPIDER_ws/install/depthai_ros_msgs/include/depthai_ros_msgs/srv/detail
-- Installing: /home/dfolse/repos/SPIDER/SPIDER_ws/install/depthai_ros_msgs/include/depthai_ros_msgs/srv/detail/normalized_image_crop__type_support.h
-- Installing: /home/dfolse/repos/SPIDER/SPIDER_ws/install/depthai_ros_msgs/include/depthai_ros_msgs/srv/detail/trigger_named__struct.h
-- Installing: /home/dfolse/repos/SPIDER/SPIDER_ws/install/depthai_ros_msgs/include/depthai_ros_msgs/srv/detail/normalized_image_crop__functions.h
-- Installing: /home/dfolse/repos/SPIDER/SPIDER_ws/install/depthai_ros_msgs/include/depthai_ros_msgs/srv/detail/trigger_named__functions.c
-- Installing: /home/dfolse/repos/SPIDER/SPIDER_ws/install/depthai_ros_msgs/include/depthai_ros_msgs/srv/detail/trigger_named__functions.h
-- Installing: /home/dfolse/repos/SPIDER/SPIDER_ws/install/depthai_ros_msgs/include/depthai_ros_msgs/srv/detail/trigger_named__type_support.h
-- Installing: /home/dfolse/repos/SPIDER/SPIDER_ws/install/depthai_ros_msgs/include/depthai_ros_msgs/srv/detail/normalized_image_crop__struct.h
-- Installing: /home/dfolse/repos/SPIDER/SPIDER_ws/install/depthai_ros_msgs/include/depthai_ros_msgs/srv/detail/normalized_image_crop__functions.c
-- Installing: /home/dfolse/repos/SPIDER/SPIDER_ws/install/depthai_ros_msgs/include/depthai_ros_msgs/msg
-- Installing: /home/dfolse/repos/SPIDER/SPIDER_ws/install/depthai_ros_msgs/include/depthai_ros_msgs/msg/hand_landmark_array.h
-- Installing: /home/dfolse/repos/SPIDER/SPIDER_ws/install/depthai_ros_msgs/include/depthai_ros_msgs/msg/tracked_feature.h
-- Installing: /home/dfolse/repos/SPIDER/SPIDER_ws/install/depthai_ros_msgs/include/depthai_ros_msgs/msg/tracked_features.h
-- Installing: /home/dfolse/repos/SPIDER/SPIDER_ws/install/depthai_ros_msgs/include/depthai_ros_msgs/msg/hand_landmark.h
-- Installing: /home/dfolse/repos/SPIDER/SPIDER_ws/install/depthai_ros_msgs/include/depthai_ros_msgs/msg/imu_with_magnetic_field.h
-- Installing: /home/dfolse/repos/SPIDER/SPIDER_ws/install/depthai_ros_msgs/include/depthai_ros_msgs/msg/track_detection2_d_array.h
-- Installing: /home/dfolse/repos/SPIDER/SPIDER_ws/install/depthai_ros_msgs/include/depthai_ros_msgs/msg/auto_focus_ctrl.h
-- Installing: /home/dfolse/repos/SPIDER/SPIDER_ws/install/depthai_ros_msgs/include/depthai_ros_msgs/msg/track_detection2_d.h
-- Installing: /home/dfolse/repos/SPIDER/SPIDER_ws/install/depthai_ros_msgs/include/depthai_ros_msgs/msg/spatial_detection_array.h
-- Installing: /home/dfolse/repos/SPIDER/SPIDER_ws/install/depthai_ros_msgs/include/depthai_ros_msgs/msg/spatial_detection.h
-- Installing: /home/dfolse/repos/SPIDER/SPIDER_ws/install/depthai_ros_msgs/include/depthai_ros_msgs/msg/detail
-- Installing: /home/dfolse/repos/SPIDER/SPIDER_ws/install/depthai_ros_msgs/include/depthai_ros_msgs/msg/detail/spatial_detection__type_support.h
-- Installing: /home/dfolse/repos/SPIDER/SPIDER_ws/install/depthai_ros_msgs/include/depthai_ros_msgs/msg/detail/track_detection2_d__functions.c
-- Installing: /home/dfolse/repos/SPIDER/SPIDER_ws/install/depthai_ros_msgs/include/depthai_ros_msgs/msg/detail/track_detection2_d__struct.h
-- Installing: /home/dfolse/repos/SPIDER/SPIDER_ws/install/depthai_ros_msgs/include/depthai_ros_msgs/msg/detail/auto_focus_ctrl__functions.c
-- Installing: /home/dfolse/repos/SPIDER/SPIDER_ws/install/depthai_ros_msgs/include/depthai_ros_msgs/msg/detail/track_detection2_d_array__type_support.h
-- Installing: /home/dfolse/repos/SPIDER/SPIDER_ws/install/depthai_ros_msgs/include/depthai_ros_msgs/msg/detail/hand_landmark__type_support.h
-- Installing: /home/dfolse/repos/SPIDER/SPIDER_ws/install/depthai_ros_msgs/include/depthai_ros_msgs/msg/detail/tracked_features__functions.h
-- Installing: /home/dfolse/repos/SPIDER/SPIDER_ws/install/depthai_ros_msgs/include/depthai_ros_msgs/msg/detail/hand_landmark_array__struct.h
-- Installing: /home/dfolse/repos/SPIDER/SPIDER_ws/install/depthai_ros_msgs/include/depthai_ros_msgs/msg/detail/tracked_feature__type_support.h
-- Installing: /home/dfolse/repos/SPIDER/SPIDER_ws/install/depthai_ros_msgs/include/depthai_ros_msgs/msg/detail/tracked_feature__struct.h
-- Installing: /home/dfolse/repos/SPIDER/SPIDER_ws/install/depthai_ros_msgs/include/depthai_ros_msgs/msg/detail/hand_landmark_array__functions.c
-- Installing: /home/dfolse/repos/SPIDER/SPIDER_ws/install/depthai_ros_msgs/include/depthai_ros_msgs/msg/detail/imu_with_magnetic_field__type_support.h
-- Installing: /home/dfolse/repos/SPIDER/SPIDER_ws/install/depthai_ros_msgs/include/depthai_ros_msgs/msg/detail/track_detection2_d__functions.h
-- Installing: /home/dfolse/repos/SPIDER/SPIDER_ws/install/depthai_ros_msgs/include/depthai_ros_msgs/msg/detail/imu_with_magnetic_field__functions.c
-- Installing: /home/dfolse/repos/SPIDER/SPIDER_ws/install/depthai_ros_msgs/include/depthai_ros_msgs/msg/detail/hand_landmark_array__type_support.h
-- Installing: /home/dfolse/repos/SPIDER/SPIDER_ws/install/depthai_ros_msgs/include/depthai_ros_msgs/msg/detail/tracked_features__struct.h
-- Installing: /home/dfolse/repos/SPIDER/SPIDER_ws/install/depthai_ros_msgs/include/depthai_ros_msgs/msg/detail/spatial_detection_array__functions.h
-- Installing: /home/dfolse/repos/SPIDER/SPIDER_ws/install/depthai_ros_msgs/include/depthai_ros_msgs/msg/detail/tracked_feature__functions.c
-- Installing: /home/dfolse/repos/SPIDER/SPIDER_ws/install/depthai_ros_msgs/include/depthai_ros_msgs/msg/detail/auto_focus_ctrl__struct.h
-- Installing: /home/dfolse/repos/SPIDER/SPIDER_ws/install/depthai_ros_msgs/include/depthai_ros_msgs/msg/detail/tracked_features__functions.c
-- Installing: /home/dfolse/repos/SPIDER/SPIDER_ws/install/depthai_ros_msgs/include/depthai_ros_msgs/msg/detail/imu_with_magnetic_field__functions.h
-- Installing: /home/dfolse/repos/SPIDER/SPIDER_ws/install/depthai_ros_msgs/include/depthai_ros_msgs/msg/detail/spatial_detection__struct.h
-- Installing: /home/dfolse/repos/SPIDER/SPIDER_ws/install/depthai_ros_msgs/include/depthai_ros_msgs/msg/detail/auto_focus_ctrl__functions.h
-- Installing: /home/dfolse/repos/SPIDER/SPIDER_ws/install/depthai_ros_msgs/include/depthai_ros_msgs/msg/detail/track_detection2_d_array__functions.c
-- Installing: /home/dfolse/repos/SPIDER/SPIDER_ws/install/depthai_ros_msgs/include/depthai_ros_msgs/msg/detail/spatial_detection_array__type_support.h
-- Installing: /home/dfolse/repos/SPIDER/SPIDER_ws/install/depthai_ros_msgs/include/depthai_ros_msgs/msg/detail/track_detection2_d__type_support.h
-- Installing: /home/dfolse/repos/SPIDER/SPIDER_ws/install/depthai_ros_msgs/include/depthai_ros_msgs/msg/detail/tracked_feature__functions.h
-- Installing: /home/dfolse/repos/SPIDER/SPIDER_ws/install/depthai_ros_msgs/include/depthai_ros_msgs/msg/detail/auto_focus_ctrl__type_support.h
-- Installing: /home/dfolse/repos/SPIDER/SPIDER_ws/install/depthai_ros_msgs/include/depthai_ros_msgs/msg/detail/spatial_detection__functions.c
-- Installing: /home/dfolse/repos/SPIDER/SPIDER_ws/install/depthai_ros_msgs/include/depthai_ros_msgs/msg/detail/spatial_detection__functions.h
-- Installing: /home/dfolse/repos/SPIDER/SPIDER_ws/install/depthai_ros_msgs/include/depthai_ros_msgs/msg/detail/hand_landmark__functions.h
-- Installing: /home/dfolse/repos/SPIDER/SPIDER_ws/install/depthai_ros_msgs/include/depthai_ros_msgs/msg/detail/imu_with_magnetic_field__struct.h
-- Installing: /home/dfolse/repos/SPIDER/SPIDER_ws/install/depthai_ros_msgs/include/depthai_ros_msgs/msg/detail/track_detection2_d_array__functions.h
-- Installing: /home/dfolse/repos/SPIDER/SPIDER_ws/install/depthai_ros_msgs/include/depthai_ros_msgs/msg/detail/hand_landmark__struct.h
-- Installing: /home/dfolse/repos/SPIDER/SPIDER_ws/install/depthai_ros_msgs/include/depthai_ros_msgs/msg/detail/spatial_detection_array__functions.c
-- Installing: /home/dfolse/repos/SPIDER/SPIDER_ws/install/depthai_ros_msgs/include/depthai_ros_msgs/msg/detail/hand_landmark_array__functions.h
-- Installing: /home/dfolse/repos/SPIDER/SPIDER_ws/install/depthai_ros_msgs/include/depthai_ros_msgs/msg/detail/track_detection2_d_array__struct.h
-- Installing: /home/dfolse/repos/SPIDER/SPIDER_ws/install/depthai_ros_msgs/include/depthai_ros_msgs/msg/detail/tracked_features__type_support.h
-- Installing: /home/dfolse/repos/SPIDER/SPIDER_ws/install/depthai_ros_msgs/include/depthai_ros_msgs/msg/detail/hand_landmark__functions.c
-- Installing: /home/dfolse/repos/SPIDER/SPIDER_ws/install/depthai_ros_msgs/include/depthai_ros_msgs/msg/detail/spatial_detection_array__struct.h
-- Installing: /home/dfolse/repos/SPIDER/SPIDER_ws/install/depthai_ros_msgs/include/depthai_ros_msgs/msg/rosidl_generator_c__visibility_control.h
-- Installing: /home/dfolse/repos/SPIDER/SPIDER_ws/install/depthai_ros_msgs/share/depthai_ros_msgs/environment/library_path.sh
-- Installing: /home/dfolse/repos/SPIDER/SPIDER_ws/install/depthai_ros_msgs/share/depthai_ros_msgs/environment/library_path.dsv
-- Installing: /home/dfolse/repos/SPIDER/SPIDER_ws/install/depthai_ros_msgs/lib/libdepthai_ros_msgs__rosidl_generator_c.so
-- Set runtime path of "/home/dfolse/repos/SPIDER/SPIDER_ws/install/depthai_ros_msgs/lib/libdepthai_ros_msgs__rosidl_generator_c.so" to ""
-- Up-to-date: /home/dfolse/repos/SPIDER/SPIDER_ws/install/depthai_ros_msgs/include/depthai_ros_msgs
-- Up-to-date: /home/dfolse/repos/SPIDER/SPIDER_ws/install/depthai_ros_msgs/include/depthai_ros_msgs/srv
-- Up-to-date: /home/dfolse/repos/SPIDER/SPIDER_ws/install/depthai_ros_msgs/include/depthai_ros_msgs/srv/detail
-- Installing: /home/dfolse/repos/SPIDER/SPIDER_ws/install/depthai_ros_msgs/include/depthai_ros_msgs/srv/detail/normalized_image_crop__rosidl_typesupport_fastrtps_c.h
-- Installing: /home/dfolse/repos/SPIDER/SPIDER_ws/install/depthai_ros_msgs/include/depthai_ros_msgs/srv/detail/trigger_named__rosidl_typesupport_fastrtps_c.h
-- Up-to-date: /home/dfolse/repos/SPIDER/SPIDER_ws/install/depthai_ros_msgs/include/depthai_ros_msgs/msg
-- Installing: /home/dfolse/repos/SPIDER/SPIDER_ws/install/depthai_ros_msgs/include/depthai_ros_msgs/msg/rosidl_typesupport_fastrtps_c__visibility_control.h
-- Up-to-date: /home/dfolse/repos/SPIDER/SPIDER_ws/install/depthai_ros_msgs/include/depthai_ros_msgs/msg/detail
-- Installing: /home/dfolse/repos/SPIDER/SPIDER_ws/install/depthai_ros_msgs/include/depthai_ros_msgs/msg/detail/auto_focus_ctrl__rosidl_typesupport_fastrtps_c.h
-- Installing: /home/dfolse/repos/SPIDER/SPIDER_ws/install/depthai_ros_msgs/include/depthai_ros_msgs/msg/detail/hand_landmark__rosidl_typesupport_fastrtps_c.h
-- Installing: /home/dfolse/repos/SPIDER/SPIDER_ws/install/depthai_ros_msgs/include/depthai_ros_msgs/msg/detail/tracked_feature__rosidl_typesupport_fastrtps_c.h
-- Installing: /home/dfolse/repos/SPIDER/SPIDER_ws/install/depthai_ros_msgs/include/depthai_ros_msgs/msg/detail/tracked_features__rosidl_typesupport_fastrtps_c.h
-- Installing: /home/dfolse/repos/SPIDER/SPIDER_ws/install/depthai_ros_msgs/include/depthai_ros_msgs/msg/detail/track_detection2_d_array__rosidl_typesupport_fastrtps_c.h
-- Installing: /home/dfolse/repos/SPIDER/SPIDER_ws/install/depthai_ros_msgs/include/depthai_ros_msgs/msg/detail/imu_with_magnetic_field__rosidl_typesupport_fastrtps_c.h
-- Installing: /home/dfolse/repos/SPIDER/SPIDER_ws/install/depthai_ros_msgs/include/depthai_ros_msgs/msg/detail/spatial_detection__rosidl_typesupport_fastrtps_c.h
-- Installing: /home/dfolse/repos/SPIDER/SPIDER_ws/install/depthai_ros_msgs/include/depthai_ros_msgs/msg/detail/hand_landmark_array__rosidl_typesupport_fastrtps_c.h
-- Installing: /home/dfolse/repos/SPIDER/SPIDER_ws/install/depthai_ros_msgs/include/depthai_ros_msgs/msg/detail/spatial_detection_array__rosidl_typesupport_fastrtps_c.h
-- Installing: /home/dfolse/repos/SPIDER/SPIDER_ws/install/depthai_ros_msgs/include/depthai_ros_msgs/msg/detail/track_detection2_d__rosidl_typesupport_fastrtps_c.h
-- Installing: /home/dfolse/repos/SPIDER/SPIDER_ws/install/depthai_ros_msgs/lib/libdepthai_ros_msgs__rosidl_typesupport_fastrtps_c.so
-- Set runtime path of "/home/dfolse/repos/SPIDER/SPIDER_ws/install/depthai_ros_msgs/lib/libdepthai_ros_msgs__rosidl_typesupport_fastrtps_c.so" to ""
-- Up-to-date: /home/dfolse/repos/SPIDER/SPIDER_ws/install/depthai_ros_msgs/include/depthai_ros_msgs
-- Up-to-date: /home/dfolse/repos/SPIDER/SPIDER_ws/install/depthai_ros_msgs/include/depthai_ros_msgs/srv
-- Up-to-date: /home/dfolse/repos/SPIDER/SPIDER_ws/install/depthai_ros_msgs/include/depthai_ros_msgs/srv/detail
-- Installing: /home/dfolse/repos/SPIDER/SPIDER_ws/install/depthai_ros_msgs/include/depthai_ros_msgs/srv/detail/normalized_image_crop__rosidl_typesupport_fastrtps_cpp.hpp
-- Installing: /home/dfolse/repos/SPIDER/SPIDER_ws/install/depthai_ros_msgs/include/depthai_ros_msgs/srv/detail/dds_fastrtps
-- Installing: /home/dfolse/repos/SPIDER/SPIDER_ws/install/depthai_ros_msgs/include/depthai_ros_msgs/srv/detail/trigger_named__rosidl_typesupport_fastrtps_cpp.hpp
-- Up-to-date: /home/dfolse/repos/SPIDER/SPIDER_ws/install/depthai_ros_msgs/include/depthai_ros_msgs/msg
-- Up-to-date: /home/dfolse/repos/SPIDER/SPIDER_ws/install/depthai_ros_msgs/include/depthai_ros_msgs/msg/detail
-- Installing: /home/dfolse/repos/SPIDER/SPIDER_ws/install/depthai_ros_msgs/include/depthai_ros_msgs/msg/detail/track_detection2_d_array__rosidl_typesupport_fastrtps_cpp.hpp
-- Installing: /home/dfolse/repos/SPIDER/SPIDER_ws/install/depthai_ros_msgs/include/depthai_ros_msgs/msg/detail/hand_landmark__rosidl_typesupport_fastrtps_cpp.hpp
-- Installing: /home/dfolse/repos/SPIDER/SPIDER_ws/install/depthai_ros_msgs/include/depthai_ros_msgs/msg/detail/spatial_detection__rosidl_typesupport_fastrtps_cpp.hpp
-- Installing: /home/dfolse/repos/SPIDER/SPIDER_ws/install/depthai_ros_msgs/include/depthai_ros_msgs/msg/detail/spatial_detection_array__rosidl_typesupport_fastrtps_cpp.hpp
-- Installing: /home/dfolse/repos/SPIDER/SPIDER_ws/install/depthai_ros_msgs/include/depthai_ros_msgs/msg/detail/dds_fastrtps
-- Installing: /home/dfolse/repos/SPIDER/SPIDER_ws/install/depthai_ros_msgs/include/depthai_ros_msgs/msg/detail/tracked_features__rosidl_typesupport_fastrtps_cpp.hpp
-- Installing: /home/dfolse/repos/SPIDER/SPIDER_ws/install/depthai_ros_msgs/include/depthai_ros_msgs/msg/detail/imu_with_magnetic_field__rosidl_typesupport_fastrtps_cpp.hpp
-- Installing: /home/dfolse/repos/SPIDER/SPIDER_ws/install/depthai_ros_msgs/include/depthai_ros_msgs/msg/detail/track_detection2_d__rosidl_typesupport_fastrtps_cpp.hpp
-- Installing: /home/dfolse/repos/SPIDER/SPIDER_ws/install/depthai_ros_msgs/include/depthai_ros_msgs/msg/detail/auto_focus_ctrl__rosidl_typesupport_fastrtps_cpp.hpp
-- Installing: /home/dfolse/repos/SPIDER/SPIDER_ws/install/depthai_ros_msgs/include/depthai_ros_msgs/msg/detail/tracked_feature__rosidl_typesupport_fastrtps_cpp.hpp
-- Installing: /home/dfolse/repos/SPIDER/SPIDER_ws/install/depthai_ros_msgs/include/depthai_ros_msgs/msg/detail/hand_landmark_array__rosidl_typesupport_fastrtps_cpp.hpp
-- Installing: /home/dfolse/repos/SPIDER/SPIDER_ws/install/depthai_ros_msgs/include/depthai_ros_msgs/msg/rosidl_typesupport_fastrtps_cpp__visibility_control.h
-- Installing: /home/dfolse/repos/SPIDER/SPIDER_ws/install/depthai_ros_msgs/lib/libdepthai_ros_msgs__rosidl_typesupport_fastrtps_cpp.so
-- Set runtime path of "/home/dfolse/repos/SPIDER/SPIDER_ws/install/depthai_ros_msgs/lib/libdepthai_ros_msgs__rosidl_typesupport_fastrtps_cpp.so" to ""
-- Up-to-date: /home/dfolse/repos/SPIDER/SPIDER_ws/install/depthai_ros_msgs/include/depthai_ros_msgs
-- Up-to-date: /home/dfolse/repos/SPIDER/SPIDER_ws/install/depthai_ros_msgs/include/depthai_ros_msgs/srv
-- Up-to-date: /home/dfolse/repos/SPIDER/SPIDER_ws/install/depthai_ros_msgs/include/depthai_ros_msgs/srv/detail
-- Installing: /home/dfolse/repos/SPIDER/SPIDER_ws/install/depthai_ros_msgs/include/depthai_ros_msgs/srv/detail/trigger_named__type_support.c
-- Installing: /home/dfolse/repos/SPIDER/SPIDER_ws/install/depthai_ros_msgs/include/depthai_ros_msgs/srv/detail/normalized_image_crop__type_support.c
-- Installing: /home/dfolse/repos/SPIDER/SPIDER_ws/install/depthai_ros_msgs/include/depthai_ros_msgs/srv/detail/normalized_image_crop__rosidl_typesupport_introspection_c.h
-- Installing: /home/dfolse/repos/SPIDER/SPIDER_ws/install/depthai_ros_msgs/include/depthai_ros_msgs/srv/detail/trigger_named__rosidl_typesupport_introspection_c.h
-- Up-to-date: /home/dfolse/repos/SPIDER/SPIDER_ws/install/depthai_ros_msgs/include/depthai_ros_msgs/msg
-- Up-to-date: /home/dfolse/repos/SPIDER/SPIDER_ws/install/depthai_ros_msgs/include/depthai_ros_msgs/msg/detail
-- Installing: /home/dfolse/repos/SPIDER/SPIDER_ws/install/depthai_ros_msgs/include/depthai_ros_msgs/msg/detail/hand_landmark__type_support.c
-- Installing: /home/dfolse/repos/SPIDER/SPIDER_ws/install/depthai_ros_msgs/include/depthai_ros_msgs/msg/detail/imu_with_magnetic_field__rosidl_typesupport_introspection_c.h
-- Installing: /home/dfolse/repos/SPIDER/SPIDER_ws/install/depthai_ros_msgs/include/depthai_ros_msgs/msg/detail/tracked_feature__type_support.c
-- Installing: /home/dfolse/repos/SPIDER/SPIDER_ws/install/depthai_ros_msgs/include/depthai_ros_msgs/msg/detail/tracked_features__rosidl_typesupport_introspection_c.h
-- Installing: /home/dfolse/repos/SPIDER/SPIDER_ws/install/depthai_ros_msgs/include/depthai_ros_msgs/msg/detail/hand_landmark_array__rosidl_typesupport_introspection_c.h
-- Installing: /home/dfolse/repos/SPIDER/SPIDER_ws/install/depthai_ros_msgs/include/depthai_ros_msgs/msg/detail/imu_with_magnetic_field__type_support.c
-- Installing: /home/dfolse/repos/SPIDER/SPIDER_ws/install/depthai_ros_msgs/include/depthai_ros_msgs/msg/detail/track_detection2_d_array__rosidl_typesupport_introspection_c.h
-- Installing: /home/dfolse/repos/SPIDER/SPIDER_ws/install/depthai_ros_msgs/include/depthai_ros_msgs/msg/detail/hand_landmark_array__type_support.c
-- Installing: /home/dfolse/repos/SPIDER/SPIDER_ws/install/depthai_ros_msgs/include/depthai_ros_msgs/msg/detail/spatial_detection__rosidl_typesupport_introspection_c.h
-- Installing: /home/dfolse/repos/SPIDER/SPIDER_ws/install/depthai_ros_msgs/include/depthai_ros_msgs/msg/detail/spatial_detection__type_support.c
-- Installing: /home/dfolse/repos/SPIDER/SPIDER_ws/install/depthai_ros_msgs/include/depthai_ros_msgs/msg/detail/auto_focus_ctrl__type_support.c
-- Installing: /home/dfolse/repos/SPIDER/SPIDER_ws/install/depthai_ros_msgs/include/depthai_ros_msgs/msg/detail/track_detection2_d__type_support.c
-- Installing: /home/dfolse/repos/SPIDER/SPIDER_ws/install/depthai_ros_msgs/include/depthai_ros_msgs/msg/detail/spatial_detection_array__rosidl_typesupport_introspection_c.h
-- Installing: /home/dfolse/repos/SPIDER/SPIDER_ws/install/depthai_ros_msgs/include/depthai_ros_msgs/msg/detail/tracked_features__type_support.c
-- Installing: /home/dfolse/repos/SPIDER/SPIDER_ws/install/depthai_ros_msgs/include/depthai_ros_msgs/msg/detail/auto_focus_ctrl__rosidl_typesupport_introspection_c.h
-- Installing: /home/dfolse/repos/SPIDER/SPIDER_ws/install/depthai_ros_msgs/include/depthai_ros_msgs/msg/detail/track_detection2_d__rosidl_typesupport_introspection_c.h
-- Installing: /home/dfolse/repos/SPIDER/SPIDER_ws/install/depthai_ros_msgs/include/depthai_ros_msgs/msg/detail/hand_landmark__rosidl_typesupport_introspection_c.h
-- Installing: /home/dfolse/repos/SPIDER/SPIDER_ws/install/depthai_ros_msgs/include/depthai_ros_msgs/msg/detail/tracked_feature__rosidl_typesupport_introspection_c.h
-- Installing: /home/dfolse/repos/SPIDER/SPIDER_ws/install/depthai_ros_msgs/include/depthai_ros_msgs/msg/detail/track_detection2_d_array__type_support.c
-- Installing: /home/dfolse/repos/SPIDER/SPIDER_ws/install/depthai_ros_msgs/include/depthai_ros_msgs/msg/detail/spatial_detection_array__type_support.c
-- Installing: /home/dfolse/repos/SPIDER/SPIDER_ws/install/depthai_ros_msgs/include/depthai_ros_msgs/msg/rosidl_typesupport_introspection_c__visibility_control.h
-- Installing: /home/dfolse/repos/SPIDER/SPIDER_ws/install/depthai_ros_msgs/lib/libdepthai_ros_msgs__rosidl_typesupport_introspection_c.so
-- Set runtime path of "/home/dfolse/repos/SPIDER/SPIDER_ws/install/depthai_ros_msgs/lib/libdepthai_ros_msgs__rosidl_typesupport_introspection_c.so" to ""
-- Installing: /home/dfolse/repos/SPIDER/SPIDER_ws/install/depthai_ros_msgs/lib/libdepthai_ros_msgs__rosidl_typesupport_c.so
-- Set runtime path of "/home/dfolse/repos/SPIDER/SPIDER_ws/install/depthai_ros_msgs/lib/libdepthai_ros_msgs__rosidl_typesupport_c.so" to ""
-- Up-to-date: /home/dfolse/repos/SPIDER/SPIDER_ws/install/depthai_ros_msgs/include/depthai_ros_msgs
-- Up-to-date: /home/dfolse/repos/SPIDER/SPIDER_ws/install/depthai_ros_msgs/include/depthai_ros_msgs/srv
-- Installing: /home/dfolse/repos/SPIDER/SPIDER_ws/install/depthai_ros_msgs/include/depthai_ros_msgs/srv/normalized_image_crop.hpp
-- Installing: /home/dfolse/repos/SPIDER/SPIDER_ws/install/depthai_ros_msgs/include/depthai_ros_msgs/srv/trigger_named.hpp
-- Up-to-date: /home/dfolse/repos/SPIDER/SPIDER_ws/install/depthai_ros_msgs/include/depthai_ros_msgs/srv/detail
-- Installing: /home/dfolse/repos/SPIDER/SPIDER_ws/install/depthai_ros_msgs/include/depthai_ros_msgs/srv/detail/trigger_named__type_support.hpp
-- Installing: /home/dfolse/repos/SPIDER/SPIDER_ws/install/depthai_ros_msgs/include/depthai_ros_msgs/srv/detail/normalized_image_crop__builder.hpp
-- Installing: /home/dfolse/repos/SPIDER/SPIDER_ws/install/depthai_ros_msgs/include/depthai_ros_msgs/srv/detail/normalized_image_crop__type_support.hpp
-- Installing: /home/dfolse/repos/SPIDER/SPIDER_ws/install/depthai_ros_msgs/include/depthai_ros_msgs/srv/detail/normalized_image_crop__struct.hpp
-- Installing: /home/dfolse/repos/SPIDER/SPIDER_ws/install/depthai_ros_msgs/include/depthai_ros_msgs/srv/detail/normalized_image_crop__traits.hpp
-- Installing: /home/dfolse/repos/SPIDER/SPIDER_ws/install/depthai_ros_msgs/include/depthai_ros_msgs/srv/detail/trigger_named__traits.hpp
-- Installing: /home/dfolse/repos/SPIDER/SPIDER_ws/install/depthai_ros_msgs/include/depthai_ros_msgs/srv/detail/trigger_named__builder.hpp
-- Installing: /home/dfolse/repos/SPIDER/SPIDER_ws/install/depthai_ros_msgs/include/depthai_ros_msgs/srv/detail/trigger_named__struct.hpp
-- Up-to-date: /home/dfolse/repos/SPIDER/SPIDER_ws/install/depthai_ros_msgs/include/depthai_ros_msgs/msg
-- Installing: /home/dfolse/repos/SPIDER/SPIDER_ws/install/depthai_ros_msgs/include/depthai_ros_msgs/msg/tracked_feature.hpp
-- Installing: /home/dfolse/repos/SPIDER/SPIDER_ws/install/depthai_ros_msgs/include/depthai_ros_msgs/msg/spatial_detection_array.hpp
-- Installing: /home/dfolse/repos/SPIDER/SPIDER_ws/install/depthai_ros_msgs/include/depthai_ros_msgs/msg/rosidl_generator_cpp__visibility_control.hpp
-- Installing: /home/dfolse/repos/SPIDER/SPIDER_ws/install/depthai_ros_msgs/include/depthai_ros_msgs/msg/tracked_features.hpp
-- Up-to-date: /home/dfolse/repos/SPIDER/SPIDER_ws/install/depthai_ros_msgs/include/depthai_ros_msgs/msg/detail
-- Installing: /home/dfolse/repos/SPIDER/SPIDER_ws/install/depthai_ros_msgs/include/depthai_ros_msgs/msg/detail/spatial_detection_array__type_support.hpp
-- Installing: /home/dfolse/repos/SPIDER/SPIDER_ws/install/depthai_ros_msgs/include/depthai_ros_msgs/msg/detail/hand_landmark_array__type_support.hpp
-- Installing: /home/dfolse/repos/SPIDER/SPIDER_ws/install/depthai_ros_msgs/include/depthai_ros_msgs/msg/detail/auto_focus_ctrl__type_support.hpp
-- Installing: /home/dfolse/repos/SPIDER/SPIDER_ws/install/depthai_ros_msgs/include/depthai_ros_msgs/msg/detail/tracked_features__traits.hpp
-- Installing: /home/dfolse/repos/SPIDER/SPIDER_ws/install/depthai_ros_msgs/include/depthai_ros_msgs/msg/detail/hand_landmark__traits.hpp
-- Installing: /home/dfolse/repos/SPIDER/SPIDER_ws/install/depthai_ros_msgs/include/depthai_ros_msgs/msg/detail/track_detection2_d_array__type_support.hpp
-- Installing: /home/dfolse/repos/SPIDER/SPIDER_ws/install/depthai_ros_msgs/include/depthai_ros_msgs/msg/detail/tracked_feature__traits.hpp
-- Installing: /home/dfolse/repos/SPIDER/SPIDER_ws/install/depthai_ros_msgs/include/depthai_ros_msgs/msg/detail/track_detection2_d__traits.hpp
-- Installing: /home/dfolse/repos/SPIDER/SPIDER_ws/install/depthai_ros_msgs/include/depthai_ros_msgs/msg/detail/hand_landmark__struct.hpp
-- Installing: /home/dfolse/repos/SPIDER/SPIDER_ws/install/depthai_ros_msgs/include/depthai_ros_msgs/msg/detail/imu_with_magnetic_field__builder.hpp
-- Installing: /home/dfolse/repos/SPIDER/SPIDER_ws/install/depthai_ros_msgs/include/depthai_ros_msgs/msg/detail/track_detection2_d_array__traits.hpp
-- Installing: /home/dfolse/repos/SPIDER/SPIDER_ws/install/depthai_ros_msgs/include/depthai_ros_msgs/msg/detail/hand_landmark__type_support.hpp
-- Installing: /home/dfolse/repos/SPIDER/SPIDER_ws/install/depthai_ros_msgs/include/depthai_ros_msgs/msg/detail/imu_with_magnetic_field__type_support.hpp
-- Installing: /home/dfolse/repos/SPIDER/SPIDER_ws/install/depthai_ros_msgs/include/depthai_ros_msgs/msg/detail/spatial_detection__struct.hpp
-- Installing: /home/dfolse/repos/SPIDER/SPIDER_ws/install/depthai_ros_msgs/include/depthai_ros_msgs/msg/detail/tracked_features__type_support.hpp
-- Installing: /home/dfolse/repos/SPIDER/SPIDER_ws/install/depthai_ros_msgs/include/depthai_ros_msgs/msg/detail/hand_landmark_array__traits.hpp
-- Installing: /home/dfolse/repos/SPIDER/SPIDER_ws/install/depthai_ros_msgs/include/depthai_ros_msgs/msg/detail/track_detection2_d__builder.hpp
-- Installing: /home/dfolse/repos/SPIDER/SPIDER_ws/install/depthai_ros_msgs/include/depthai_ros_msgs/msg/detail/hand_landmark_array__struct.hpp
-- Installing: /home/dfolse/repos/SPIDER/SPIDER_ws/install/depthai_ros_msgs/include/depthai_ros_msgs/msg/detail/spatial_detection__traits.hpp
-- Installing: /home/dfolse/repos/SPIDER/SPIDER_ws/install/depthai_ros_msgs/include/depthai_ros_msgs/msg/detail/tracked_features__builder.hpp
-- Installing: /home/dfolse/repos/SPIDER/SPIDER_ws/install/depthai_ros_msgs/include/depthai_ros_msgs/msg/detail/track_detection2_d__type_support.hpp
-- Installing: /home/dfolse/repos/SPIDER/SPIDER_ws/install/depthai_ros_msgs/include/depthai_ros_msgs/msg/detail/auto_focus_ctrl__traits.hpp
-- Installing: /home/dfolse/repos/SPIDER/SPIDER_ws/install/depthai_ros_msgs/include/depthai_ros_msgs/msg/detail/hand_landmark_array__builder.hpp
-- Installing: /home/dfolse/repos/SPIDER/SPIDER_ws/install/depthai_ros_msgs/include/depthai_ros_msgs/msg/detail/imu_with_magnetic_field__struct.hpp
-- Installing: /home/dfolse/repos/SPIDER/SPIDER_ws/install/depthai_ros_msgs/include/depthai_ros_msgs/msg/detail/spatial_detection__type_support.hpp
-- Installing: /home/dfolse/repos/SPIDER/SPIDER_ws/install/depthai_ros_msgs/include/depthai_ros_msgs/msg/detail/spatial_detection_array__traits.hpp
-- Installing: /home/dfolse/repos/SPIDER/SPIDER_ws/install/depthai_ros_msgs/include/depthai_ros_msgs/msg/detail/tracked_feature__builder.hpp
-- Installing: /home/dfolse/repos/SPIDER/SPIDER_ws/install/depthai_ros_msgs/include/depthai_ros_msgs/msg/detail/tracked_features__struct.hpp
-- Installing: /home/dfolse/repos/SPIDER/SPIDER_ws/install/depthai_ros_msgs/include/depthai_ros_msgs/msg/detail/track_detection2_d_array__struct.hpp
-- Installing: /home/dfolse/repos/SPIDER/SPIDER_ws/install/depthai_ros_msgs/include/depthai_ros_msgs/msg/detail/spatial_detection_array__struct.hpp
-- Installing: /home/dfolse/repos/SPIDER/SPIDER_ws/install/depthai_ros_msgs/include/depthai_ros_msgs/msg/detail/track_detection2_d__struct.hpp
-- Installing: /home/dfolse/repos/SPIDER/SPIDER_ws/install/depthai_ros_msgs/include/depthai_ros_msgs/msg/detail/track_detection2_d_array__builder.hpp
-- Installing: /home/dfolse/repos/SPIDER/SPIDER_ws/install/depthai_ros_msgs/include/depthai_ros_msgs/msg/detail/auto_focus_ctrl__builder.hpp
-- Installing: /home/dfolse/repos/SPIDER/SPIDER_ws/install/depthai_ros_msgs/include/depthai_ros_msgs/msg/detail/hand_landmark__builder.hpp
-- Installing: /home/dfolse/repos/SPIDER/SPIDER_ws/install/depthai_ros_msgs/include/depthai_ros_msgs/msg/detail/tracked_feature__struct.hpp
-- Installing: /home/dfolse/repos/SPIDER/SPIDER_ws/install/depthai_ros_msgs/include/depthai_ros_msgs/msg/detail/imu_with_magnetic_field__traits.hpp
-- Installing: /home/dfolse/repos/SPIDER/SPIDER_ws/install/depthai_ros_msgs/include/depthai_ros_msgs/msg/detail/spatial_detection__builder.hpp
-- Installing: /home/dfolse/repos/SPIDER/SPIDER_ws/install/depthai_ros_msgs/include/depthai_ros_msgs/msg/detail/tracked_feature__type_support.hpp
-- Installing: /home/dfolse/repos/SPIDER/SPIDER_ws/install/depthai_ros_msgs/include/depthai_ros_msgs/msg/detail/spatial_detection_array__builder.hpp
-- Installing: /home/dfolse/repos/SPIDER/SPIDER_ws/install/depthai_ros_msgs/include/depthai_ros_msgs/msg/detail/auto_focus_ctrl__struct.hpp
-- Installing: /home/dfolse/repos/SPIDER/SPIDER_ws/install/depthai_ros_msgs/include/depthai_ros_msgs/msg/track_detection2_d_array.hpp
-- Installing: /home/dfolse/repos/SPIDER/SPIDER_ws/install/depthai_ros_msgs/include/depthai_ros_msgs/msg/imu_with_magnetic_field.hpp
-- Installing: /home/dfolse/repos/SPIDER/SPIDER_ws/install/depthai_ros_msgs/include/depthai_ros_msgs/msg/track_detection2_d.hpp
-- Installing: /home/dfolse/repos/SPIDER/SPIDER_ws/install/depthai_ros_msgs/include/depthai_ros_msgs/msg/hand_landmark_array.hpp
-- Installing: /home/dfolse/repos/SPIDER/SPIDER_ws/install/depthai_ros_msgs/include/depthai_ros_msgs/msg/hand_landmark.hpp
-- Installing: /home/dfolse/repos/SPIDER/SPIDER_ws/install/depthai_ros_msgs/include/depthai_ros_msgs/msg/spatial_detection.hpp
-- Installing: /home/dfolse/repos/SPIDER/SPIDER_ws/install/depthai_ros_msgs/include/depthai_ros_msgs/msg/auto_focus_ctrl.hpp
-- Up-to-date: /home/dfolse/repos/SPIDER/SPIDER_ws/install/depthai_ros_msgs/include/depthai_ros_msgs
-- Up-to-date: /home/dfolse/repos/SPIDER/SPIDER_ws/install/depthai_ros_msgs/include/depthai_ros_msgs/srv
-- Up-to-date: /home/dfolse/repos/SPIDER/SPIDER_ws/install/depthai_ros_msgs/include/depthai_ros_msgs/srv/detail
-- Installing: /home/dfolse/repos/SPIDER/SPIDER_ws/install/depthai_ros_msgs/include/depthai_ros_msgs/srv/detail/normalized_image_crop__type_support.cpp
-- Installing: /home/dfolse/repos/SPIDER/SPIDER_ws/install/depthai_ros_msgs/include/depthai_ros_msgs/srv/detail/trigger_named__rosidl_typesupport_introspection_cpp.hpp
-- Installing: /home/dfolse/repos/SPIDER/SPIDER_ws/install/depthai_ros_msgs/include/depthai_ros_msgs/srv/detail/normalized_image_crop__rosidl_typesupport_introspection_cpp.hpp
-- Installing: /home/dfolse/repos/SPIDER/SPIDER_ws/install/depthai_ros_msgs/include/depthai_ros_msgs/srv/detail/trigger_named__type_support.cpp
-- Up-to-date: /home/dfolse/repos/SPIDER/SPIDER_ws/install/depthai_ros_msgs/include/depthai_ros_msgs/msg
-- Up-to-date: /home/dfolse/repos/SPIDER/SPIDER_ws/install/depthai_ros_msgs/include/depthai_ros_msgs/msg/detail
-- Installing: /home/dfolse/repos/SPIDER/SPIDER_ws/install/depthai_ros_msgs/include/depthai_ros_msgs/msg/detail/spatial_detection_array__rosidl_typesupport_introspection_cpp.hpp
-- Installing: /home/dfolse/repos/SPIDER/SPIDER_ws/install/depthai_ros_msgs/include/depthai_ros_msgs/msg/detail/auto_focus_ctrl__rosidl_typesupport_introspection_cpp.hpp
-- Installing: /home/dfolse/repos/SPIDER/SPIDER_ws/install/depthai_ros_msgs/include/depthai_ros_msgs/msg/detail/spatial_detection__rosidl_typesupport_introspection_cpp.hpp
-- Installing: /home/dfolse/repos/SPIDER/SPIDER_ws/install/depthai_ros_msgs/include/depthai_ros_msgs/msg/detail/imu_with_magnetic_field__rosidl_typesupport_introspection_cpp.hpp
-- Installing: /home/dfolse/repos/SPIDER/SPIDER_ws/install/depthai_ros_msgs/include/depthai_ros_msgs/msg/detail/spatial_detection_array__type_support.cpp
-- Installing: /home/dfolse/repos/SPIDER/SPIDER_ws/install/depthai_ros_msgs/include/depthai_ros_msgs/msg/detail/spatial_detection__type_support.cpp
-- Installing: /home/dfolse/repos/SPIDER/SPIDER_ws/install/depthai_ros_msgs/include/depthai_ros_msgs/msg/detail/imu_with_magnetic_field__type_support.cpp
-- Installing: /home/dfolse/repos/SPIDER/SPIDER_ws/install/depthai_ros_msgs/include/depthai_ros_msgs/msg/detail/track_detection2_d__type_support.cpp
-- Installing: /home/dfolse/repos/SPIDER/SPIDER_ws/install/depthai_ros_msgs/include/depthai_ros_msgs/msg/detail/tracked_features__type_support.cpp
-- Installing: /home/dfolse/repos/SPIDER/SPIDER_ws/install/depthai_ros_msgs/include/depthai_ros_msgs/msg/detail/tracked_feature__rosidl_typesupport_introspection_cpp.hpp
-- Installing: /home/dfolse/repos/SPIDER/SPIDER_ws/install/depthai_ros_msgs/include/depthai_ros_msgs/msg/detail/track_detection2_d_array__rosidl_typesupport_introspection_cpp.hpp
-- Installing: /home/dfolse/repos/SPIDER/SPIDER_ws/install/depthai_ros_msgs/include/depthai_ros_msgs/msg/detail/hand_landmark__type_support.cpp
-- Installing: /home/dfolse/repos/SPIDER/SPIDER_ws/install/depthai_ros_msgs/include/depthai_ros_msgs/msg/detail/hand_landmark_array__type_support.cpp
-- Installing: /home/dfolse/repos/SPIDER/SPIDER_ws/install/depthai_ros_msgs/include/depthai_ros_msgs/msg/detail/hand_landmark__rosidl_typesupport_introspection_cpp.hpp
-- Installing: /home/dfolse/repos/SPIDER/SPIDER_ws/install/depthai_ros_msgs/include/depthai_ros_msgs/msg/detail/hand_landmark_array__rosidl_typesupport_introspection_cpp.hpp
-- Installing: /home/dfolse/repos/SPIDER/SPIDER_ws/install/depthai_ros_msgs/include/depthai_ros_msgs/msg/detail/track_detection2_d__rosidl_typesupport_introspection_cpp.hpp
-- Installing: /home/dfolse/repos/SPIDER/SPIDER_ws/install/depthai_ros_msgs/include/depthai_ros_msgs/msg/detail/track_detection2_d_array__type_support.cpp
-- Installing: /home/dfolse/repos/SPIDER/SPIDER_ws/install/depthai_ros_msgs/include/depthai_ros_msgs/msg/detail/auto_focus_ctrl__type_support.cpp
-- Installing: /home/dfolse/repos/SPIDER/SPIDER_ws/install/depthai_ros_msgs/include/depthai_ros_msgs/msg/detail/tracked_feature__type_support.cpp
-- Installing: /home/dfolse/repos/SPIDER/SPIDER_ws/install/depthai_ros_msgs/include/depthai_ros_msgs/msg/detail/tracked_features__rosidl_typesupport_introspection_cpp.hpp
-- Installing: /home/dfolse/repos/SPIDER/SPIDER_ws/install/depthai_ros_msgs/lib/libdepthai_ros_msgs__rosidl_typesupport_introspection_cpp.so
-- Set runtime path of "/home/dfolse/repos/SPIDER/SPIDER_ws/install/depthai_ros_msgs/lib/libdepthai_ros_msgs__rosidl_typesupport_introspection_cpp.so" to ""
-- Installing: /home/dfolse/repos/SPIDER/SPIDER_ws/install/depthai_ros_msgs/lib/libdepthai_ros_msgs__rosidl_typesupport_cpp.so
-- Set runtime path of "/home/dfolse/repos/SPIDER/SPIDER_ws/install/depthai_ros_msgs/lib/libdepthai_ros_msgs__rosidl_typesupport_cpp.so" to ""
-- Installing: /home/dfolse/repos/SPIDER/SPIDER_ws/install/depthai_ros_msgs/share/depthai_ros_msgs/environment/pythonpath.sh
-- Installing: /home/dfolse/repos/SPIDER/SPIDER_ws/install/depthai_ros_msgs/share/depthai_ros_msgs/environment/pythonpath.dsv
-- Installing: /home/dfolse/repos/SPIDER/SPIDER_ws/install/depthai_ros_msgs/lib/python3.8/site-packages/depthai_ros_msgs/__init__.py
Compiling '/home/dfolse/repos/SPIDER/SPIDER_ws/install/depthai_ros_msgs/lib/python3.8/site-packages/depthai_ros_msgs/__init__.py'...
-- Installing: /home/dfolse/repos/SPIDER/SPIDER_ws/install/depthai_ros_msgs/lib/python3.8/site-packages/depthai_ros_msgs/msg
-- Installing: /home/dfolse/repos/SPIDER/SPIDER_ws/install/depthai_ros_msgs/lib/python3.8/site-packages/depthai_ros_msgs/msg/_hand_landmark.py
-- Installing: /home/dfolse/repos/SPIDER/SPIDER_ws/install/depthai_ros_msgs/lib/python3.8/site-packages/depthai_ros_msgs/msg/_spatial_detection_array.py
-- Installing: /home/dfolse/repos/SPIDER/SPIDER_ws/install/depthai_ros_msgs/lib/python3.8/site-packages/depthai_ros_msgs/msg/_hand_landmark_array_s.c
-- Installing: /home/dfolse/repos/SPIDER/SPIDER_ws/install/depthai_ros_msgs/lib/python3.8/site-packages/depthai_ros_msgs/msg/_spatial_detection_array_s.c
-- Installing: /home/dfolse/repos/SPIDER/SPIDER_ws/install/depthai_ros_msgs/lib/python3.8/site-packages/depthai_ros_msgs/msg/_auto_focus_ctrl_s.c
-- Installing: /home/dfolse/repos/SPIDER/SPIDER_ws/install/depthai_ros_msgs/lib/python3.8/site-packages/depthai_ros_msgs/msg/_spatial_detection.py
-- Installing: /home/dfolse/repos/SPIDER/SPIDER_ws/install/depthai_ros_msgs/lib/python3.8/site-packages/depthai_ros_msgs/msg/_tracked_features.py
-- Installing: /home/dfolse/repos/SPIDER/SPIDER_ws/install/depthai_ros_msgs/lib/python3.8/site-packages/depthai_ros_msgs/msg/_tracked_feature_s.c
-- Installing: /home/dfolse/repos/SPIDER/SPIDER_ws/install/depthai_ros_msgs/lib/python3.8/site-packages/depthai_ros_msgs/msg/_hand_landmark_array.py
-- Installing: /home/dfolse/repos/SPIDER/SPIDER_ws/install/depthai_ros_msgs/lib/python3.8/site-packages/depthai_ros_msgs/msg/_imu_with_magnetic_field_s.c
-- Installing: /home/dfolse/repos/SPIDER/SPIDER_ws/install/depthai_ros_msgs/lib/python3.8/site-packages/depthai_ros_msgs/msg/_spatial_detection_s.c
-- Installing: /home/dfolse/repos/SPIDER/SPIDER_ws/install/depthai_ros_msgs/lib/python3.8/site-packages/depthai_ros_msgs/msg/_hand_landmark_s.c
-- Installing: /home/dfolse/repos/SPIDER/SPIDER_ws/install/depthai_ros_msgs/lib/python3.8/site-packages/depthai_ros_msgs/msg/_track_detection2_d.py
-- Installing: /home/dfolse/repos/SPIDER/SPIDER_ws/install/depthai_ros_msgs/lib/python3.8/site-packages/depthai_ros_msgs/msg/_tracked_features_s.c
-- Installing: /home/dfolse/repos/SPIDER/SPIDER_ws/install/depthai_ros_msgs/lib/python3.8/site-packages/depthai_ros_msgs/msg/_track_detection2_d_array.py
-- Installing: /home/dfolse/repos/SPIDER/SPIDER_ws/install/depthai_ros_msgs/lib/python3.8/site-packages/depthai_ros_msgs/msg/_tracked_feature.py
-- Installing: /home/dfolse/repos/SPIDER/SPIDER_ws/install/depthai_ros_msgs/lib/python3.8/site-packages/depthai_ros_msgs/msg/_track_detection2_d_array_s.c
-- Installing: /home/dfolse/repos/SPIDER/SPIDER_ws/install/depthai_ros_msgs/lib/python3.8/site-packages/depthai_ros_msgs/msg/_imu_with_magnetic_field.py
-- Installing: /home/dfolse/repos/SPIDER/SPIDER_ws/install/depthai_ros_msgs/lib/python3.8/site-packages/depthai_ros_msgs/msg/__init__.py
-- Installing: /home/dfolse/repos/SPIDER/SPIDER_ws/install/depthai_ros_msgs/lib/python3.8/site-packages/depthai_ros_msgs/msg/_auto_focus_ctrl.py
-- Installing: /home/dfolse/repos/SPIDER/SPIDER_ws/install/depthai_ros_msgs/lib/python3.8/site-packages/depthai_ros_msgs/msg/_track_detection2_d_s.c
-- Installing: /home/dfolse/repos/SPIDER/SPIDER_ws/install/depthai_ros_msgs/lib/python3.8/site-packages/depthai_ros_msgs/srv
-- Installing: /home/dfolse/repos/SPIDER/SPIDER_ws/install/depthai_ros_msgs/lib/python3.8/site-packages/depthai_ros_msgs/srv/_normalized_image_crop.py
-- Installing: /home/dfolse/repos/SPIDER/SPIDER_ws/install/depthai_ros_msgs/lib/python3.8/site-packages/depthai_ros_msgs/srv/_trigger_named.py
-- Installing: /home/dfolse/repos/SPIDER/SPIDER_ws/install/depthai_ros_msgs/lib/python3.8/site-packages/depthai_ros_msgs/srv/_trigger_named_s.c
-- Installing: /home/dfolse/repos/SPIDER/SPIDER_ws/install/depthai_ros_msgs/lib/python3.8/site-packages/depthai_ros_msgs/srv/__init__.py
-- Installing: /home/dfolse/repos/SPIDER/SPIDER_ws/install/depthai_ros_msgs/lib/python3.8/site-packages/depthai_ros_msgs/srv/_normalized_image_crop_s.c
-- Installing: /home/dfolse/repos/SPIDER/SPIDER_ws/install/depthai_ros_msgs/lib/python3.8/site-packages/depthai_ros_msgs/depthai_ros_msgs_s__rosidl_typesupport_fastrtps_c.cpython-38-aarch64-linux-gnu.so
-- Set runtime path of "/home/dfolse/repos/SPIDER/SPIDER_ws/install/depthai_ros_msgs/lib/python3.8/site-packages/depthai_ros_msgs/depthai_ros_msgs_s__rosidl_typesupport_fastrtps_c.cpython-38-aarch64-linux-gnu.so" to ""
-- Installing: /home/dfolse/repos/SPIDER/SPIDER_ws/install/depthai_ros_msgs/lib/python3.8/site-packages/depthai_ros_msgs/depthai_ros_msgs_s__rosidl_typesupport_introspection_c.cpython-38-aarch64-linux-gnu.so
-- Set runtime path of "/home/dfolse/repos/SPIDER/SPIDER_ws/install/depthai_ros_msgs/lib/python3.8/site-packages/depthai_ros_msgs/depthai_ros_msgs_s__rosidl_typesupport_introspection_c.cpython-38-aarch64-linux-gnu.so" to ""
-- Installing: /home/dfolse/repos/SPIDER/SPIDER_ws/install/depthai_ros_msgs/lib/python3.8/site-packages/depthai_ros_msgs/depthai_ros_msgs_s__rosidl_typesupport_c.cpython-38-aarch64-linux-gnu.so
-- Set runtime path of "/home/dfolse/repos/SPIDER/SPIDER_ws/install/depthai_ros_msgs/lib/python3.8/site-packages/depthai_ros_msgs/depthai_ros_msgs_s__rosidl_typesupport_c.cpython-38-aarch64-linux-gnu.so" to ""
-- Installing: /home/dfolse/repos/SPIDER/SPIDER_ws/install/depthai_ros_msgs/lib/libdepthai_ros_msgs__python.so
-- Set runtime path of "/home/dfolse/repos/SPIDER/SPIDER_ws/install/depthai_ros_msgs/lib/libdepthai_ros_msgs__python.so" to ""
-- Installing: /home/dfolse/repos/SPIDER/SPIDER_ws/install/depthai_ros_msgs/share/depthai_ros_msgs/msg/AutoFocusCtrl.idl
-- Installing: /home/dfolse/repos/SPIDER/SPIDER_ws/install/depthai_ros_msgs/share/depthai_ros_msgs/msg/HandLandmark.idl
-- Installing: /home/dfolse/repos/SPIDER/SPIDER_ws/install/depthai_ros_msgs/share/depthai_ros_msgs/msg/HandLandmarkArray.idl
-- Installing: /home/dfolse/repos/SPIDER/SPIDER_ws/install/depthai_ros_msgs/share/depthai_ros_msgs/msg/ImuWithMagneticField.idl
-- Installing: /home/dfolse/repos/SPIDER/SPIDER_ws/install/depthai_ros_msgs/share/depthai_ros_msgs/msg/TrackedFeature.idl
-- Installing: /home/dfolse/repos/SPIDER/SPIDER_ws/install/depthai_ros_msgs/share/depthai_ros_msgs/msg/TrackedFeatures.idl
-- Installing: /home/dfolse/repos/SPIDER/SPIDER_ws/install/depthai_ros_msgs/share/depthai_ros_msgs/msg/SpatialDetection.idl
-- Installing: /home/dfolse/repos/SPIDER/SPIDER_ws/install/depthai_ros_msgs/share/depthai_ros_msgs/msg/SpatialDetectionArray.idl
-- Installing: /home/dfolse/repos/SPIDER/SPIDER_ws/install/depthai_ros_msgs/share/depthai_ros_msgs/msg/TrackDetection2D.idl
-- Installing: /home/dfolse/repos/SPIDER/SPIDER_ws/install/depthai_ros_msgs/share/depthai_ros_msgs/msg/TrackDetection2DArray.idl
-- Installing: /home/dfolse/repos/SPIDER/SPIDER_ws/install/depthai_ros_msgs/share/depthai_ros_msgs/srv/TriggerNamed.idl
-- Installing: /home/dfolse/repos/SPIDER/SPIDER_ws/install/depthai_ros_msgs/share/depthai_ros_msgs/srv/NormalizedImageCrop.idl
-- Installing: /home/dfolse/repos/SPIDER/SPIDER_ws/install/depthai_ros_msgs/share/depthai_ros_msgs/msg/AutoFocusCtrl.msg
-- Installing: /home/dfolse/repos/SPIDER/SPIDER_ws/install/depthai_ros_msgs/share/depthai_ros_msgs/msg/HandLandmark.msg
-- Installing: /home/dfolse/repos/SPIDER/SPIDER_ws/install/depthai_ros_msgs/share/depthai_ros_msgs/msg/HandLandmarkArray.msg
-- Installing: /home/dfolse/repos/SPIDER/SPIDER_ws/install/depthai_ros_msgs/share/depthai_ros_msgs/msg/ImuWithMagneticField.msg
-- Installing: /home/dfolse/repos/SPIDER/SPIDER_ws/install/depthai_ros_msgs/share/depthai_ros_msgs/msg/TrackedFeature.msg
-- Installing: /home/dfolse/repos/SPIDER/SPIDER_ws/install/depthai_ros_msgs/share/depthai_ros_msgs/msg/TrackedFeatures.msg
-- Installing: /home/dfolse/repos/SPIDER/SPIDER_ws/install/depthai_ros_msgs/share/depthai_ros_msgs/msg/SpatialDetection.msg
-- Installing: /home/dfolse/repos/SPIDER/SPIDER_ws/install/depthai_ros_msgs/share/depthai_ros_msgs/msg/SpatialDetectionArray.msg
-- Installing: /home/dfolse/repos/SPIDER/SPIDER_ws/install/depthai_ros_msgs/share/depthai_ros_msgs/msg/TrackDetection2D.msg
-- Installing: /home/dfolse/repos/SPIDER/SPIDER_ws/install/depthai_ros_msgs/share/depthai_ros_msgs/msg/TrackDetection2DArray.msg
-- Installing: /home/dfolse/repos/SPIDER/SPIDER_ws/install/depthai_ros_msgs/share/depthai_ros_msgs/srv/TriggerNamed.srv
-- Installing: /home/dfolse/repos/SPIDER/SPIDER_ws/install/depthai_ros_msgs/share/depthai_ros_msgs/srv/TriggerNamed_Request.msg
-- Installing: /home/dfolse/repos/SPIDER/SPIDER_ws/install/depthai_ros_msgs/share/depthai_ros_msgs/srv/TriggerNamed_Response.msg
-- Installing: /home/dfolse/repos/SPIDER/SPIDER_ws/install/depthai_ros_msgs/share/depthai_ros_msgs/srv/NormalizedImageCrop.srv
-- Installing: /home/dfolse/repos/SPIDER/SPIDER_ws/install/depthai_ros_msgs/share/depthai_ros_msgs/srv/NormalizedImageCrop_Request.msg
-- Installing: /home/dfolse/repos/SPIDER/SPIDER_ws/install/depthai_ros_msgs/share/depthai_ros_msgs/srv/NormalizedImageCrop_Response.msg
-- Installing: /home/dfolse/repos/SPIDER/SPIDER_ws/install/depthai_ros_msgs/share/ament_index/resource_index/package_run_dependencies/depthai_ros_msgs
-- Installing: /home/dfolse/repos/SPIDER/SPIDER_ws/install/depthai_ros_msgs/share/ament_index/resource_index/parent_prefix_path/depthai_ros_msgs
-- Installing: /home/dfolse/repos/SPIDER/SPIDER_ws/install/depthai_ros_msgs/share/depthai_ros_msgs/environment/ament_prefix_path.sh
-- Installing: /home/dfolse/repos/SPIDER/SPIDER_ws/install/depthai_ros_msgs/share/depthai_ros_msgs/environment/ament_prefix_path.dsv
-- Installing: /home/dfolse/repos/SPIDER/SPIDER_ws/install/depthai_ros_msgs/share/depthai_ros_msgs/environment/path.sh
-- Installing: /home/dfolse/repos/SPIDER/SPIDER_ws/install/depthai_ros_msgs/share/depthai_ros_msgs/environment/path.dsv
-- Installing: /home/dfolse/repos/SPIDER/SPIDER_ws/install/depthai_ros_msgs/share/depthai_ros_msgs/local_setup.bash
-- Installing: /home/dfolse/repos/SPIDER/SPIDER_ws/install/depthai_ros_msgs/share/depthai_ros_msgs/local_setup.sh
-- Installing: /home/dfolse/repos/SPIDER/SPIDER_ws/install/depthai_ros_msgs/share/depthai_ros_msgs/local_setup.zsh
-- Installing: /home/dfolse/repos/SPIDER/SPIDER_ws/install/depthai_ros_msgs/share/depthai_ros_msgs/local_setup.dsv
-- Installing: /home/dfolse/repos/SPIDER/SPIDER_ws/install/depthai_ros_msgs/share/depthai_ros_msgs/package.dsv
-- Installing: /home/dfolse/repos/SPIDER/SPIDER_ws/install/depthai_ros_msgs/share/ament_index/resource_index/packages/depthai_ros_msgs
-- Installing: /home/dfolse/repos/SPIDER/SPIDER_ws/install/depthai_ros_msgs/share/depthai_ros_msgs/cmake/depthai_ros_msgs__rosidl_generator_cExport.cmake
-- Installing: /home/dfolse/repos/SPIDER/SPIDER_ws/install/depthai_ros_msgs/share/depthai_ros_msgs/cmake/depthai_ros_msgs__rosidl_generator_cExport-noconfig.cmake
-- Installing: /home/dfolse/repos/SPIDER/SPIDER_ws/install/depthai_ros_msgs/share/depthai_ros_msgs/cmake/depthai_ros_msgs__rosidl_typesupport_introspection_cExport.cmake
-- Installing: /home/dfolse/repos/SPIDER/SPIDER_ws/install/depthai_ros_msgs/share/depthai_ros_msgs/cmake/depthai_ros_msgs__rosidl_typesupport_introspection_cExport-noconfig.cmake
-- Installing: /home/dfolse/repos/SPIDER/SPIDER_ws/install/depthai_ros_msgs/share/depthai_ros_msgs/cmake/depthai_ros_msgs__rosidl_typesupport_cExport.cmake
-- Installing: /home/dfolse/repos/SPIDER/SPIDER_ws/install/depthai_ros_msgs/share/depthai_ros_msgs/cmake/depthai_ros_msgs__rosidl_typesupport_cExport-noconfig.cmake
-- Installing: /home/dfolse/repos/SPIDER/SPIDER_ws/install/depthai_ros_msgs/share/depthai_ros_msgs/cmake/depthai_ros_msgs__rosidl_generator_cppExport.cmake
-- Installing: /home/dfolse/repos/SPIDER/SPIDER_ws/install/depthai_ros_msgs/share/depthai_ros_msgs/cmake/depthai_ros_msgs__rosidl_typesupport_introspection_cppExport.cmake
-- Installing: /home/dfolse/repos/SPIDER/SPIDER_ws/install/depthai_ros_msgs/share/depthai_ros_msgs/cmake/depthai_ros_msgs__rosidl_typesupport_introspection_cppExport-noconfig.cmake
-- Installing: /home/dfolse/repos/SPIDER/SPIDER_ws/install/depthai_ros_msgs/share/depthai_ros_msgs/cmake/depthai_ros_msgs__rosidl_typesupport_cppExport.cmake
-- Installing: /home/dfolse/repos/SPIDER/SPIDER_ws/install/depthai_ros_msgs/share/depthai_ros_msgs/cmake/depthai_ros_msgs__rosidl_typesupport_cppExport-noconfig.cmake
-- Installing: /home/dfolse/repos/SPIDER/SPIDER_ws/install/depthai_ros_msgs/share/depthai_ros_msgs/cmake/rosidl_cmake-extras.cmake
-- Installing: /home/dfolse/repos/SPIDER/SPIDER_ws/install/depthai_ros_msgs/share/depthai_ros_msgs/cmake/ament_cmake_export_dependencies-extras.cmake
-- Installing: /home/dfolse/repos/SPIDER/SPIDER_ws/install/depthai_ros_msgs/share/depthai_ros_msgs/cmake/ament_cmake_export_libraries-extras.cmake
-- Installing: /home/dfolse/repos/SPIDER/SPIDER_ws/install/depthai_ros_msgs/share/depthai_ros_msgs/cmake/ament_cmake_export_targets-extras.cmake
-- Installing: /home/dfolse/repos/SPIDER/SPIDER_ws/install/depthai_ros_msgs/share/depthai_ros_msgs/cmake/ament_cmake_export_include_directories-extras.cmake
-- Installing: /home/dfolse/repos/SPIDER/SPIDER_ws/install/depthai_ros_msgs/share/depthai_ros_msgs/cmake/rosidl_cmake_export_typesupport_libraries-extras.cmake
-- Installing: /home/dfolse/repos/SPIDER/SPIDER_ws/install/depthai_ros_msgs/share/depthai_ros_msgs/cmake/rosidl_cmake_export_typesupport_targets-extras.cmake
-- Installing: /home/dfolse/repos/SPIDER/SPIDER_ws/install/depthai_ros_msgs/share/depthai_ros_msgs/cmake/depthai_ros_msgsConfig.cmake
-- Installing: /home/dfolse/repos/SPIDER/SPIDER_ws/install/depthai_ros_msgs/share/depthai_ros_msgs/cmake/depthai_ros_msgsConfig-version.cmake
-- Installing: /home/dfolse/repos/SPIDER/SPIDER_ws/install/depthai_ros_msgs/share/depthai_ros_msgs/package.xml
