[0.486s] Invoking command in '/home/dfolse/SPIDER/SPIDER_ws/build/locomotion': CMAKE_PREFIX_PATH=${CMAKE_PREFIX_PATH}:/home/dfolse/SPIDER/SPIDER_ws/install/data_transfer:/home/dfolse/ros2_ws/install/my_package:/home/dfolse/ros2_ws/install/launch_testing_examples:/home/dfolse/ros2_ws/install/examples_rclpy_pointcloud_publisher:/home/dfolse/ros2_ws/install/examples_rclpy_minimal_subscriber:/home/dfolse/ros2_ws/install/examples_rclpy_minimal_service:/home/dfolse/ros2_ws/install/examples_rclpy_minimal_publisher:/home/dfolse/ros2_ws/install/examples_rclpy_minimal_client:/home/dfolse/ros2_ws/install/examples_rclpy_minimal_action_server:/home/dfolse/ros2_ws/install/examples_rclpy_minimal_action_client:/home/dfolse/ros2_ws/install/examples_rclpy_guard_conditions:/home/dfolse/ros2_ws/install/examples_rclpy_executors:/opt/ros/humble /usr/bin/cmake --build /home/dfolse/SPIDER/SPIDER_ws/build/locomotion -- -j4 -l4
[0.551s] Invoked command in '/home/dfolse/SPIDER/SPIDER_ws/build/locomotion' returned '0': CMAKE_PREFIX_PATH=${CMAKE_PREFIX_PATH}:/home/dfolse/SPIDER/SPIDER_ws/install/data_transfer:/home/dfolse/ros2_ws/install/my_package:/home/dfolse/ros2_ws/install/launch_testing_examples:/home/dfolse/ros2_ws/install/examples_rclpy_pointcloud_publisher:/home/dfolse/ros2_ws/install/examples_rclpy_minimal_subscriber:/home/dfolse/ros2_ws/install/examples_rclpy_minimal_service:/home/dfolse/ros2_ws/install/examples_rclpy_minimal_publisher:/home/dfolse/ros2_ws/install/examples_rclpy_minimal_client:/home/dfolse/ros2_ws/install/examples_rclpy_minimal_action_server:/home/dfolse/ros2_ws/install/examples_rclpy_minimal_action_client:/home/dfolse/ros2_ws/install/examples_rclpy_guard_conditions:/home/dfolse/ros2_ws/install/examples_rclpy_executors:/opt/ros/humble /usr/bin/cmake --build /home/dfolse/SPIDER/SPIDER_ws/build/locomotion -- -j4 -l4
[0.606s] Invoking command in '/home/dfolse/SPIDER/SPIDER_ws/build/locomotion': CMAKE_PREFIX_PATH=${CMAKE_PREFIX_PATH}:/home/dfolse/SPIDER/SPIDER_ws/install/data_transfer:/home/dfolse/ros2_ws/install/my_package:/home/dfolse/ros2_ws/install/launch_testing_examples:/home/dfolse/ros2_ws/install/examples_rclpy_pointcloud_publisher:/home/dfolse/ros2_ws/install/examples_rclpy_minimal_subscriber:/home/dfolse/ros2_ws/install/examples_rclpy_minimal_service:/home/dfolse/ros2_ws/install/examples_rclpy_minimal_publisher:/home/dfolse/ros2_ws/install/examples_rclpy_minimal_client:/home/dfolse/ros2_ws/install/examples_rclpy_minimal_action_server:/home/dfolse/ros2_ws/install/examples_rclpy_minimal_action_client:/home/dfolse/ros2_ws/install/examples_rclpy_guard_conditions:/home/dfolse/ros2_ws/install/examples_rclpy_executors:/opt/ros/humble /usr/bin/cmake --install /home/dfolse/SPIDER/SPIDER_ws/build/locomotion
[0.615s] -- Install configuration: ""
[0.615s] -- Up-to-date: /home/dfolse/SPIDER/SPIDER_ws/install/locomotion/share/ament_index/resource_index/package_run_dependencies/locomotion
[0.615s] -- Up-to-date: /home/dfolse/SPIDER/SPIDER_ws/install/locomotion/share/ament_index/resource_index/parent_prefix_path/locomotion
[0.615s] -- Up-to-date: /home/dfolse/SPIDER/SPIDER_ws/install/locomotion/share/locomotion/environment/ament_prefix_path.sh
[0.616s] -- Up-to-date: /home/dfolse/SPIDER/SPIDER_ws/install/locomotion/share/locomotion/environment/ament_prefix_path.dsv
[0.616s] -- Up-to-date: /home/dfolse/SPIDER/SPIDER_ws/install/locomotion/share/locomotion/environment/path.sh
[0.616s] -- Up-to-date: /home/dfolse/SPIDER/SPIDER_ws/install/locomotion/share/locomotion/environment/path.dsv
[0.616s] -- Up-to-date: /home/dfolse/SPIDER/SPIDER_ws/install/locomotion/share/locomotion/local_setup.bash
[0.616s] -- Up-to-date: /home/dfolse/SPIDER/SPIDER_ws/install/locomotion/share/locomotion/local_setup.sh
[0.616s] -- Up-to-date: /home/dfolse/SPIDER/SPIDER_ws/install/locomotion/share/locomotion/local_setup.zsh
[0.616s] -- Up-to-date: /home/dfolse/SPIDER/SPIDER_ws/install/locomotion/share/locomotion/local_setup.dsv
[0.616s] -- Up-to-date: /home/dfolse/SPIDER/SPIDER_ws/install/locomotion/share/locomotion/package.dsv
[0.616s] -- Up-to-date: /home/dfolse/SPIDER/SPIDER_ws/install/locomotion/share/ament_index/resource_index/packages/locomotion
[0.616s] -- Up-to-date: /home/dfolse/SPIDER/SPIDER_ws/install/locomotion/share/locomotion/cmake/locomotionConfig.cmake
[0.616s] -- Up-to-date: /home/dfolse/SPIDER/SPIDER_ws/install/locomotion/share/locomotion/cmake/locomotionConfig-version.cmake
[0.616s] -- Up-to-date: /home/dfolse/SPIDER/SPIDER_ws/install/locomotion/share/locomotion/package.xml
[0.619s] Invoked command in '/home/dfolse/SPIDER/SPIDER_ws/build/locomotion' returned '0': CMAKE_PREFIX_PATH=${CMAKE_PREFIX_PATH}:/home/dfolse/SPIDER/SPIDER_ws/install/data_transfer:/home/dfolse/ros2_ws/install/my_package:/home/dfolse/ros2_ws/install/launch_testing_examples:/home/dfolse/ros2_ws/install/examples_rclpy_pointcloud_publisher:/home/dfolse/ros2_ws/install/examples_rclpy_minimal_subscriber:/home/dfolse/ros2_ws/install/examples_rclpy_minimal_service:/home/dfolse/ros2_ws/install/examples_rclpy_minimal_publisher:/home/dfolse/ros2_ws/install/examples_rclpy_minimal_client:/home/dfolse/ros2_ws/install/examples_rclpy_minimal_action_server:/home/dfolse/ros2_ws/install/examples_rclpy_minimal_action_client:/home/dfolse/ros2_ws/install/examples_rclpy_guard_conditions:/home/dfolse/ros2_ws/install/examples_rclpy_executors:/opt/ros/humble /usr/bin/cmake --install /home/dfolse/SPIDER/SPIDER_ws/build/locomotion
