[0.428s] DEBUG:colcon:Command line arguments: ['/usr/bin/colcon', 'build']
[0.428s] DEBUG:colcon:Parsed command line arguments: Namespace(allow_overriding=[], ament_cmake_args=None, base_paths=['.'], build_base='build', catkin_cmake_args=None, catkin_skip_building_tests=False, cmake_args=None, cmake_clean_cache=False, cmake_clean_first=False, cmake_force_configure=False, cmake_target=None, cmake_target_skip_unavailable=False, continue_on_error=False, event_handlers=None, executor='parallel', ignore_user_meta=False, install_base='install', log_base=None, log_level=None, main=<bound method BuildVerb.main of <colcon_core.verb.build.BuildVerb object at 0xffffae10a550>>, merge_install=False, metas=['./colcon.meta'], packages_above=None, packages_above_and_dependencies=None, packages_above_depth=None, packages_end=None, packages_ignore=None, packages_ignore_regex=None, packages_select=None, packages_select_build_failed=False, packages_select_by_dep=None, packages_select_regex=None, packages_select_test_failures=False, packages_skip=None, packages_skip_build_finished=False, packages_skip_by_dep=None, packages_skip_regex=None, packages_skip_test_passed=False, packages_skip_up_to=None, packages_start=None, packages_up_to=None, packages_up_to_regex=None, parallel_workers=6, paths=None, symlink_install=False, test_result_base=None, verb_extension=<colcon_core.verb.build.BuildVerb object at 0xffffae10a550>, verb_name='build', verb_parser=<colcon_defaults.argument_parser.defaults.DefaultArgumentsDecorator object at 0xffffae10aa60>)
[0.827s] Level 1:colcon.colcon_core.package_discovery:discover_packages(colcon_meta) check parameters
[0.827s] Level 1:colcon.colcon_core.package_discovery:discover_packages(recursive) check parameters
[0.827s] Level 1:colcon.colcon_core.package_discovery:discover_packages(ignore) check parameters
[0.828s] Level 1:colcon.colcon_core.package_discovery:discover_packages(path) check parameters
[0.828s] Level 1:colcon.colcon_core.package_discovery:discover_packages(colcon_meta) discover
[0.828s] Level 1:colcon.colcon_core.package_discovery:discover_packages(recursive) discover
[0.828s] INFO:colcon.colcon_core.package_discovery:Crawling recursively for packages in '/home/dfolse/repos/SPIDER/SPIDER_ws'
[0.828s] Level 1:colcon.colcon_core.package_identification:_identify(.) by extensions ['ignore', 'ignore_ament_install']
[0.828s] Level 1:colcon.colcon_core.package_identification:_identify(.) by extension 'ignore'
[0.828s] Level 1:colcon.colcon_core.package_identification:_identify(.) by extension 'ignore_ament_install'
[0.829s] Level 1:colcon.colcon_core.package_identification:_identify(.) by extensions ['colcon_pkg']
[0.829s] Level 1:colcon.colcon_core.package_identification:_identify(.) by extension 'colcon_pkg'
[0.829s] Level 1:colcon.colcon_core.package_identification:_identify(.) by extensions ['colcon_meta']
[0.829s] Level 1:colcon.colcon_core.package_identification:_identify(.) by extension 'colcon_meta'
[0.829s] Level 1:colcon.colcon_core.package_identification:_identify(.) by extensions ['ros']
[0.829s] Level 1:colcon.colcon_core.package_identification:_identify(.) by extension 'ros'
[0.882s] Level 1:colcon.colcon_core.package_identification:_identify(.) by extensions ['cmake', 'python']
[0.882s] Level 1:colcon.colcon_core.package_identification:_identify(.) by extension 'cmake'
[0.882s] Level 1:colcon.colcon_core.package_identification:_identify(.) by extension 'python'
[0.882s] Level 1:colcon.colcon_core.package_identification:_identify(.) by extensions ['python_setup_py']
[0.882s] Level 1:colcon.colcon_core.package_identification:_identify(.) by extension 'python_setup_py'
[0.883s] Level 1:colcon.colcon_core.package_identification:_identify(build) by extensions ['ignore', 'ignore_ament_install']
[0.883s] Level 1:colcon.colcon_core.package_identification:_identify(build) by extension 'ignore'
[0.883s] Level 1:colcon.colcon_core.package_identification:_identify(build) ignored
[0.886s] Level 1:colcon.colcon_core.package_identification:_identify(config) by extensions ['ignore', 'ignore_ament_install']
[0.886s] Level 1:colcon.colcon_core.package_identification:_identify(config) by extension 'ignore'
[0.887s] Level 1:colcon.colcon_core.package_identification:_identify(config) by extension 'ignore_ament_install'
[0.887s] Level 1:colcon.colcon_core.package_identification:_identify(config) by extensions ['colcon_pkg']
[0.887s] Level 1:colcon.colcon_core.package_identification:_identify(config) by extension 'colcon_pkg'
[0.887s] Level 1:colcon.colcon_core.package_identification:_identify(config) by extensions ['colcon_meta']
[0.887s] Level 1:colcon.colcon_core.package_identification:_identify(config) by extension 'colcon_meta'
[0.887s] Level 1:colcon.colcon_core.package_identification:_identify(config) by extensions ['ros']
[0.887s] Level 1:colcon.colcon_core.package_identification:_identify(config) by extension 'ros'
[0.887s] Level 1:colcon.colcon_core.package_identification:_identify(config) by extensions ['cmake', 'python']
[0.887s] Level 1:colcon.colcon_core.package_identification:_identify(config) by extension 'cmake'
[0.888s] Level 1:colcon.colcon_core.package_identification:_identify(config) by extension 'python'
[0.888s] Level 1:colcon.colcon_core.package_identification:_identify(config) by extensions ['python_setup_py']
[0.888s] Level 1:colcon.colcon_core.package_identification:_identify(config) by extension 'python_setup_py'
[0.888s] Level 1:colcon.colcon_core.package_identification:_identify(install) by extensions ['ignore', 'ignore_ament_install']
[0.888s] Level 1:colcon.colcon_core.package_identification:_identify(install) by extension 'ignore'
[0.888s] Level 1:colcon.colcon_core.package_identification:_identify(install) ignored
[0.889s] Level 1:colcon.colcon_core.package_identification:_identify(log) by extensions ['ignore', 'ignore_ament_install']
[0.889s] Level 1:colcon.colcon_core.package_identification:_identify(log) by extension 'ignore'
[0.889s] Level 1:colcon.colcon_core.package_identification:_identify(log) ignored
[0.889s] Level 1:colcon.colcon_core.package_identification:_identify(src) by extensions ['ignore', 'ignore_ament_install']
[0.889s] Level 1:colcon.colcon_core.package_identification:_identify(src) by extension 'ignore'
[0.890s] Level 1:colcon.colcon_core.package_identification:_identify(src) by extension 'ignore_ament_install'
[0.890s] Level 1:colcon.colcon_core.package_identification:_identify(src) by extensions ['colcon_pkg']
[0.890s] Level 1:colcon.colcon_core.package_identification:_identify(src) by extension 'colcon_pkg'
[0.890s] Level 1:colcon.colcon_core.package_identification:_identify(src) by extensions ['colcon_meta']
[0.890s] Level 1:colcon.colcon_core.package_identification:_identify(src) by extension 'colcon_meta'
[0.890s] Level 1:colcon.colcon_core.package_identification:_identify(src) by extensions ['ros']
[0.890s] Level 1:colcon.colcon_core.package_identification:_identify(src) by extension 'ros'
[0.890s] Level 1:colcon.colcon_core.package_identification:_identify(src) by extensions ['cmake', 'python']
[0.890s] Level 1:colcon.colcon_core.package_identification:_identify(src) by extension 'cmake'
[0.890s] Level 1:colcon.colcon_core.package_identification:_identify(src) by extension 'python'
[0.891s] Level 1:colcon.colcon_core.package_identification:_identify(src) by extensions ['python_setup_py']
[0.891s] Level 1:colcon.colcon_core.package_identification:_identify(src) by extension 'python_setup_py'
[0.891s] Level 1:colcon.colcon_core.package_identification:_identify(src/data_transfer) by extensions ['ignore', 'ignore_ament_install']
[0.891s] Level 1:colcon.colcon_core.package_identification:_identify(src/data_transfer) by extension 'ignore'
[0.891s] Level 1:colcon.colcon_core.package_identification:_identify(src/data_transfer) by extension 'ignore_ament_install'
[0.891s] Level 1:colcon.colcon_core.package_identification:_identify(src/data_transfer) by extensions ['colcon_pkg']
[0.891s] Level 1:colcon.colcon_core.package_identification:_identify(src/data_transfer) by extension 'colcon_pkg'
[0.891s] Level 1:colcon.colcon_core.package_identification:_identify(src/data_transfer) by extensions ['colcon_meta']
[0.892s] Level 1:colcon.colcon_core.package_identification:_identify(src/data_transfer) by extension 'colcon_meta'
[0.892s] Level 1:colcon.colcon_core.package_identification:_identify(src/data_transfer) by extensions ['ros']
[0.892s] Level 1:colcon.colcon_core.package_identification:_identify(src/data_transfer) by extension 'ros'
[0.897s] DEBUG:colcon.colcon_core.package_identification:Package 'src/data_transfer' with type 'ros.ament_python' and name 'data_transfer'
[0.897s] Level 1:colcon.colcon_core.package_identification:_identify(src/locomotion) by extensions ['ignore', 'ignore_ament_install']
[0.898s] Level 1:colcon.colcon_core.package_identification:_identify(src/locomotion) by extension 'ignore'
[0.898s] Level 1:colcon.colcon_core.package_identification:_identify(src/locomotion) by extension 'ignore_ament_install'
[0.898s] Level 1:colcon.colcon_core.package_identification:_identify(src/locomotion) by extensions ['colcon_pkg']
[0.898s] Level 1:colcon.colcon_core.package_identification:_identify(src/locomotion) by extension 'colcon_pkg'
[0.898s] Level 1:colcon.colcon_core.package_identification:_identify(src/locomotion) by extensions ['colcon_meta']
[0.898s] Level 1:colcon.colcon_core.package_identification:_identify(src/locomotion) by extension 'colcon_meta'
[0.898s] Level 1:colcon.colcon_core.package_identification:_identify(src/locomotion) by extensions ['ros']
[0.898s] Level 1:colcon.colcon_core.package_identification:_identify(src/locomotion) by extension 'ros'
[0.899s] DEBUG:colcon.colcon_core.package_identification:Package 'src/locomotion' with type 'ros.ament_python' and name 'locomotion'
[0.900s] Level 1:colcon.colcon_core.package_identification:_identify(src/oak_d_lite) by extensions ['ignore', 'ignore_ament_install']
[0.900s] Level 1:colcon.colcon_core.package_identification:_identify(src/oak_d_lite) by extension 'ignore'
[0.900s] Level 1:colcon.colcon_core.package_identification:_identify(src/oak_d_lite) by extension 'ignore_ament_install'
[0.900s] Level 1:colcon.colcon_core.package_identification:_identify(src/oak_d_lite) by extensions ['colcon_pkg']
[0.900s] Level 1:colcon.colcon_core.package_identification:_identify(src/oak_d_lite) by extension 'colcon_pkg'
[0.900s] Level 1:colcon.colcon_core.package_identification:_identify(src/oak_d_lite) by extensions ['colcon_meta']
[0.900s] Level 1:colcon.colcon_core.package_identification:_identify(src/oak_d_lite) by extension 'colcon_meta'
[0.901s] Level 1:colcon.colcon_core.package_identification:_identify(src/oak_d_lite) by extensions ['ros']
[0.901s] Level 1:colcon.colcon_core.package_identification:_identify(src/oak_d_lite) by extension 'ros'
[0.902s] DEBUG:colcon.colcon_core.package_identification:Package 'src/oak_d_lite' with type 'ros.ament_python' and name 'oak_d_lite'
[0.902s] Level 1:colcon.colcon_core.package_identification:_identify(src/spider_description) by extensions ['ignore', 'ignore_ament_install']
[0.903s] Level 1:colcon.colcon_core.package_identification:_identify(src/spider_description) by extension 'ignore'
[0.903s] Level 1:colcon.colcon_core.package_identification:_identify(src/spider_description) by extension 'ignore_ament_install'
[0.903s] Level 1:colcon.colcon_core.package_identification:_identify(src/spider_description) by extensions ['colcon_pkg']
[0.903s] Level 1:colcon.colcon_core.package_identification:_identify(src/spider_description) by extension 'colcon_pkg'
[0.903s] Level 1:colcon.colcon_core.package_identification:_identify(src/spider_description) by extensions ['colcon_meta']
[0.903s] Level 1:colcon.colcon_core.package_identification:_identify(src/spider_description) by extension 'colcon_meta'
[0.903s] Level 1:colcon.colcon_core.package_identification:_identify(src/spider_description) by extensions ['ros']
[0.903s] Level 1:colcon.colcon_core.package_identification:_identify(src/spider_description) by extension 'ros'
[0.904s] DEBUG:colcon.colcon_core.package_identification:Package 'src/spider_description' with type 'ros.ament_cmake' and name 'spider_description'
[0.905s] Level 1:colcon.colcon_core.package_identification:_identify(src/spider_interfaces) by extensions ['ignore', 'ignore_ament_install']
[0.905s] Level 1:colcon.colcon_core.package_identification:_identify(src/spider_interfaces) by extension 'ignore'
[0.905s] Level 1:colcon.colcon_core.package_identification:_identify(src/spider_interfaces) by extension 'ignore_ament_install'
[0.905s] Level 1:colcon.colcon_core.package_identification:_identify(src/spider_interfaces) by extensions ['colcon_pkg']
[0.905s] Level 1:colcon.colcon_core.package_identification:_identify(src/spider_interfaces) by extension 'colcon_pkg'
[0.905s] Level 1:colcon.colcon_core.package_identification:_identify(src/spider_interfaces) by extensions ['colcon_meta']
[0.905s] Level 1:colcon.colcon_core.package_identification:_identify(src/spider_interfaces) by extension 'colcon_meta'
[0.905s] Level 1:colcon.colcon_core.package_identification:_identify(src/spider_interfaces) by extensions ['ros']
[0.905s] Level 1:colcon.colcon_core.package_identification:_identify(src/spider_interfaces) by extension 'ros'
[0.906s] DEBUG:colcon.colcon_core.package_identification:Package 'src/spider_interfaces' with type 'ros.ament_cmake' and name 'spider_interfaces'
[0.907s] Level 1:colcon.colcon_core.package_identification:_identify(src/spider_nav) by extensions ['ignore', 'ignore_ament_install']
[0.907s] Level 1:colcon.colcon_core.package_identification:_identify(src/spider_nav) by extension 'ignore'
[0.907s] Level 1:colcon.colcon_core.package_identification:_identify(src/spider_nav) by extension 'ignore_ament_install'
[0.907s] Level 1:colcon.colcon_core.package_identification:_identify(src/spider_nav) by extensions ['colcon_pkg']
[0.907s] Level 1:colcon.colcon_core.package_identification:_identify(src/spider_nav) by extension 'colcon_pkg'
[0.907s] Level 1:colcon.colcon_core.package_identification:_identify(src/spider_nav) by extensions ['colcon_meta']
[0.907s] Level 1:colcon.colcon_core.package_identification:_identify(src/spider_nav) by extension 'colcon_meta'
[0.907s] Level 1:colcon.colcon_core.package_identification:_identify(src/spider_nav) by extensions ['ros']
[0.907s] Level 1:colcon.colcon_core.package_identification:_identify(src/spider_nav) by extension 'ros'
[0.909s] DEBUG:colcon.colcon_core.package_identification:Package 'src/spider_nav' with type 'ros.ament_python' and name 'spider_nav'
[0.909s] Level 1:colcon.colcon_core.package_discovery:discover_packages(recursive) using defaults
[0.909s] Level 1:colcon.colcon_core.package_discovery:discover_packages(ignore) discover
[0.909s] Level 1:colcon.colcon_core.package_discovery:discover_packages(ignore) using defaults
[0.909s] Level 1:colcon.colcon_core.package_discovery:discover_packages(path) discover
[0.909s] Level 1:colcon.colcon_core.package_discovery:discover_packages(path) using defaults
[0.951s] Level 1:colcon.colcon_core.package_discovery:discover_packages(prefix_path) check parameters
[0.951s] Level 1:colcon.colcon_core.package_discovery:discover_packages(prefix_path) discover
[0.956s] DEBUG:colcon.colcon_installed_package_information.package_discovery:Found 7 installed packages in /home/dfolse/repos/SPIDER/SPIDER_ws/install
[0.959s] DEBUG:colcon.colcon_installed_package_information.package_discovery:Found 371 installed packages in /opt/ros/foxy
[0.964s] Level 1:colcon.colcon_core.package_discovery:discover_packages(prefix_path) using defaults
[1.112s] Level 5:colcon.colcon_core.verb:set package 'data_transfer' build argument 'cmake_args' from command line to 'None'
[1.113s] Level 5:colcon.colcon_core.verb:set package 'data_transfer' build argument 'cmake_target' from command line to 'None'
[1.113s] Level 5:colcon.colcon_core.verb:set package 'data_transfer' build argument 'cmake_target_skip_unavailable' from command line to 'False'
[1.113s] Level 5:colcon.colcon_core.verb:set package 'data_transfer' build argument 'cmake_clean_cache' from command line to 'False'
[1.113s] Level 5:colcon.colcon_core.verb:set package 'data_transfer' build argument 'cmake_clean_first' from command line to 'False'
[1.113s] Level 5:colcon.colcon_core.verb:set package 'data_transfer' build argument 'cmake_force_configure' from command line to 'False'
[1.113s] Level 5:colcon.colcon_core.verb:set package 'data_transfer' build argument 'ament_cmake_args' from command line to 'None'
[1.113s] Level 5:colcon.colcon_core.verb:set package 'data_transfer' build argument 'catkin_cmake_args' from command line to 'None'
[1.113s] Level 5:colcon.colcon_core.verb:set package 'data_transfer' build argument 'catkin_skip_building_tests' from command line to 'False'
[1.113s] DEBUG:colcon.colcon_core.verb:Building package 'data_transfer' with the following arguments: {'ament_cmake_args': None, 'build_base': '/home/dfolse/repos/SPIDER/SPIDER_ws/build/data_transfer', 'catkin_cmake_args': None, 'catkin_skip_building_tests': False, 'cmake_args': None, 'cmake_clean_cache': False, 'cmake_clean_first': False, 'cmake_force_configure': False, 'cmake_target': None, 'cmake_target_skip_unavailable': False, 'install_base': '/home/dfolse/repos/SPIDER/SPIDER_ws/install/data_transfer', 'merge_install': False, 'path': '/home/dfolse/repos/SPIDER/SPIDER_ws/src/data_transfer', 'symlink_install': False, 'test_result_base': None}
[1.114s] Level 5:colcon.colcon_core.verb:set package 'oak_d_lite' build argument 'cmake_args' from command line to 'None'
[1.114s] Level 5:colcon.colcon_core.verb:set package 'oak_d_lite' build argument 'cmake_target' from command line to 'None'
[1.114s] Level 5:colcon.colcon_core.verb:set package 'oak_d_lite' build argument 'cmake_target_skip_unavailable' from command line to 'False'
[1.114s] Level 5:colcon.colcon_core.verb:set package 'oak_d_lite' build argument 'cmake_clean_cache' from command line to 'False'
[1.114s] Level 5:colcon.colcon_core.verb:set package 'oak_d_lite' build argument 'cmake_clean_first' from command line to 'False'
[1.114s] Level 5:colcon.colcon_core.verb:set package 'oak_d_lite' build argument 'cmake_force_configure' from command line to 'False'
[1.114s] Level 5:colcon.colcon_core.verb:set package 'oak_d_lite' build argument 'ament_cmake_args' from command line to 'None'
[1.114s] Level 5:colcon.colcon_core.verb:set package 'oak_d_lite' build argument 'catkin_cmake_args' from command line to 'None'
[1.114s] Level 5:colcon.colcon_core.verb:set package 'oak_d_lite' build argument 'catkin_skip_building_tests' from command line to 'False'
[1.114s] DEBUG:colcon.colcon_core.verb:Building package 'oak_d_lite' with the following arguments: {'ament_cmake_args': None, 'build_base': '/home/dfolse/repos/SPIDER/SPIDER_ws/build/oak_d_lite', 'catkin_cmake_args': None, 'catkin_skip_building_tests': False, 'cmake_args': None, 'cmake_clean_cache': False, 'cmake_clean_first': False, 'cmake_force_configure': False, 'cmake_target': None, 'cmake_target_skip_unavailable': False, 'install_base': '/home/dfolse/repos/SPIDER/SPIDER_ws/install/oak_d_lite', 'merge_install': False, 'path': '/home/dfolse/repos/SPIDER/SPIDER_ws/src/oak_d_lite', 'symlink_install': False, 'test_result_base': None}
[1.115s] Level 5:colcon.colcon_core.verb:set package 'spider_description' build argument 'cmake_args' from command line to 'None'
[1.115s] Level 5:colcon.colcon_core.verb:set package 'spider_description' build argument 'cmake_target' from command line to 'None'
[1.115s] Level 5:colcon.colcon_core.verb:set package 'spider_description' build argument 'cmake_target_skip_unavailable' from command line to 'False'
[1.115s] Level 5:colcon.colcon_core.verb:set package 'spider_description' build argument 'cmake_clean_cache' from command line to 'False'
[1.115s] Level 5:colcon.colcon_core.verb:set package 'spider_description' build argument 'cmake_clean_first' from command line to 'False'
[1.115s] Level 5:colcon.colcon_core.verb:set package 'spider_description' build argument 'cmake_force_configure' from command line to 'False'
[1.115s] Level 5:colcon.colcon_core.verb:set package 'spider_description' build argument 'ament_cmake_args' from command line to 'None'
[1.115s] Level 5:colcon.colcon_core.verb:set package 'spider_description' build argument 'catkin_cmake_args' from command line to 'None'
[1.115s] Level 5:colcon.colcon_core.verb:set package 'spider_description' build argument 'catkin_skip_building_tests' from command line to 'False'
[1.116s] DEBUG:colcon.colcon_core.verb:Building package 'spider_description' with the following arguments: {'ament_cmake_args': None, 'build_base': '/home/dfolse/repos/SPIDER/SPIDER_ws/build/spider_description', 'catkin_cmake_args': None, 'catkin_skip_building_tests': False, 'cmake_args': None, 'cmake_clean_cache': False, 'cmake_clean_first': False, 'cmake_force_configure': False, 'cmake_target': None, 'cmake_target_skip_unavailable': False, 'install_base': '/home/dfolse/repos/SPIDER/SPIDER_ws/install/spider_description', 'merge_install': False, 'path': '/home/dfolse/repos/SPIDER/SPIDER_ws/src/spider_description', 'symlink_install': False, 'test_result_base': None}
[1.116s] Level 5:colcon.colcon_core.verb:set package 'spider_interfaces' build argument 'cmake_args' from command line to 'None'
[1.116s] Level 5:colcon.colcon_core.verb:set package 'spider_interfaces' build argument 'cmake_target' from command line to 'None'
[1.116s] Level 5:colcon.colcon_core.verb:set package 'spider_interfaces' build argument 'cmake_target_skip_unavailable' from command line to 'False'
[1.116s] Level 5:colcon.colcon_core.verb:set package 'spider_interfaces' build argument 'cmake_clean_cache' from command line to 'False'
[1.116s] Level 5:colcon.colcon_core.verb:set package 'spider_interfaces' build argument 'cmake_clean_first' from command line to 'False'
[1.116s] Level 5:colcon.colcon_core.verb:set package 'spider_interfaces' build argument 'cmake_force_configure' from command line to 'False'
[1.117s] Level 5:colcon.colcon_core.verb:set package 'spider_interfaces' build argument 'ament_cmake_args' from command line to 'None'
[1.117s] Level 5:colcon.colcon_core.verb:set package 'spider_interfaces' build argument 'catkin_cmake_args' from command line to 'None'
[1.117s] Level 5:colcon.colcon_core.verb:set package 'spider_interfaces' build argument 'catkin_skip_building_tests' from command line to 'False'
[1.117s] DEBUG:colcon.colcon_core.verb:Building package 'spider_interfaces' with the following arguments: {'ament_cmake_args': None, 'build_base': '/home/dfolse/repos/SPIDER/SPIDER_ws/build/spider_interfaces', 'catkin_cmake_args': None, 'catkin_skip_building_tests': False, 'cmake_args': None, 'cmake_clean_cache': False, 'cmake_clean_first': False, 'cmake_force_configure': False, 'cmake_target': None, 'cmake_target_skip_unavailable': False, 'install_base': '/home/dfolse/repos/SPIDER/SPIDER_ws/install/spider_interfaces', 'merge_install': False, 'path': '/home/dfolse/repos/SPIDER/SPIDER_ws/src/spider_interfaces', 'symlink_install': False, 'test_result_base': None}
[1.117s] Level 5:colcon.colcon_core.verb:set package 'spider_nav' build argument 'cmake_args' from command line to 'None'
[1.117s] Level 5:colcon.colcon_core.verb:set package 'spider_nav' build argument 'cmake_target' from command line to 'None'
[1.117s] Level 5:colcon.colcon_core.verb:set package 'spider_nav' build argument 'cmake_target_skip_unavailable' from command line to 'False'
[1.117s] Level 5:colcon.colcon_core.verb:set package 'spider_nav' build argument 'cmake_clean_cache' from command line to 'False'
[1.118s] Level 5:colcon.colcon_core.verb:set package 'spider_nav' build argument 'cmake_clean_first' from command line to 'False'
[1.118s] Level 5:colcon.colcon_core.verb:set package 'spider_nav' build argument 'cmake_force_configure' from command line to 'False'
[1.118s] Level 5:colcon.colcon_core.verb:set package 'spider_nav' build argument 'ament_cmake_args' from command line to 'None'
[1.118s] Level 5:colcon.colcon_core.verb:set package 'spider_nav' build argument 'catkin_cmake_args' from command line to 'None'
[1.118s] Level 5:colcon.colcon_core.verb:set package 'spider_nav' build argument 'catkin_skip_building_tests' from command line to 'False'
[1.118s] DEBUG:colcon.colcon_core.verb:Building package 'spider_nav' with the following arguments: {'ament_cmake_args': None, 'build_base': '/home/dfolse/repos/SPIDER/SPIDER_ws/build/spider_nav', 'catkin_cmake_args': None, 'catkin_skip_building_tests': False, 'cmake_args': None, 'cmake_clean_cache': False, 'cmake_clean_first': False, 'cmake_force_configure': False, 'cmake_target': None, 'cmake_target_skip_unavailable': False, 'install_base': '/home/dfolse/repos/SPIDER/SPIDER_ws/install/spider_nav', 'merge_install': False, 'path': '/home/dfolse/repos/SPIDER/SPIDER_ws/src/spider_nav', 'symlink_install': False, 'test_result_base': None}
[1.118s] Level 5:colcon.colcon_core.verb:set package 'locomotion' build argument 'cmake_args' from command line to 'None'
[1.119s] Level 5:colcon.colcon_core.verb:set package 'locomotion' build argument 'cmake_target' from command line to 'None'
[1.119s] Level 5:colcon.colcon_core.verb:set package 'locomotion' build argument 'cmake_target_skip_unavailable' from command line to 'False'
[1.119s] Level 5:colcon.colcon_core.verb:set package 'locomotion' build argument 'cmake_clean_cache' from command line to 'False'
[1.119s] Level 5:colcon.colcon_core.verb:set package 'locomotion' build argument 'cmake_clean_first' from command line to 'False'
[1.119s] Level 5:colcon.colcon_core.verb:set package 'locomotion' build argument 'cmake_force_configure' from command line to 'False'
[1.119s] Level 5:colcon.colcon_core.verb:set package 'locomotion' build argument 'ament_cmake_args' from command line to 'None'
[1.119s] Level 5:colcon.colcon_core.verb:set package 'locomotion' build argument 'catkin_cmake_args' from command line to 'None'
[1.119s] Level 5:colcon.colcon_core.verb:set package 'locomotion' build argument 'catkin_skip_building_tests' from command line to 'False'
[1.119s] DEBUG:colcon.colcon_core.verb:Building package 'locomotion' with the following arguments: {'ament_cmake_args': None, 'build_base': '/home/dfolse/repos/SPIDER/SPIDER_ws/build/locomotion', 'catkin_cmake_args': None, 'catkin_skip_building_tests': False, 'cmake_args': None, 'cmake_clean_cache': False, 'cmake_clean_first': False, 'cmake_force_configure': False, 'cmake_target': None, 'cmake_target_skip_unavailable': False, 'install_base': '/home/dfolse/repos/SPIDER/SPIDER_ws/install/locomotion', 'merge_install': False, 'path': '/home/dfolse/repos/SPIDER/SPIDER_ws/src/locomotion', 'symlink_install': False, 'test_result_base': None}
[1.119s] INFO:colcon.colcon_core.executor:Executing jobs using 'parallel' executor
[1.122s] DEBUG:colcon.colcon_parallel_executor.executor.parallel:run_until_complete
[1.123s] INFO:colcon.colcon_ros.task.ament_cmake.build:Building ROS package in '/home/dfolse/repos/SPIDER/SPIDER_ws/src/spider_interfaces' with build type 'ament_cmake'
[1.124s] INFO:colcon.colcon_cmake.task.cmake.build:Building CMake package in '/home/dfolse/repos/SPIDER/SPIDER_ws/src/spider_interfaces'
[1.129s] INFO:colcon.colcon_core.plugin_system:Skipping extension 'colcon_core.shell.bat': Not used on non-Windows systems
[1.130s] INFO:colcon.colcon_core.shell:Skip shell extension 'powershell' for command environment: Not usable outside of PowerShell
[1.130s] DEBUG:colcon.colcon_core.shell:Skip shell extension 'dsv' for command environment
[1.145s] INFO:colcon.colcon_ros.task.ament_python.build:Building ROS package in '/home/dfolse/repos/SPIDER/SPIDER_ws/src/data_transfer' with build type 'ament_python'
[1.146s] Level 1:colcon.colcon_core.shell:create_environment_hook('data_transfer', 'ament_prefix_path')
[1.147s] INFO:colcon.colcon_core.shell:Creating environment hook '/home/dfolse/repos/SPIDER/SPIDER_ws/install/data_transfer/share/data_transfer/hook/ament_prefix_path.ps1'
[1.149s] INFO:colcon.colcon_core.shell:Creating environment descriptor '/home/dfolse/repos/SPIDER/SPIDER_ws/install/data_transfer/share/data_transfer/hook/ament_prefix_path.dsv'
[1.150s] INFO:colcon.colcon_core.shell:Creating environment hook '/home/dfolse/repos/SPIDER/SPIDER_ws/install/data_transfer/share/data_transfer/hook/ament_prefix_path.sh'
[1.152s] INFO:colcon.colcon_core.shell:Skip shell extension 'powershell' for command environment: Not usable outside of PowerShell
[1.152s] DEBUG:colcon.colcon_core.shell:Skip shell extension 'dsv' for command environment
[1.167s] INFO:colcon.colcon_ros.task.ament_python.build:Building ROS package in '/home/dfolse/repos/SPIDER/SPIDER_ws/src/oak_d_lite' with build type 'ament_python'
[1.168s] Level 1:colcon.colcon_core.shell:create_environment_hook('oak_d_lite', 'ament_prefix_path')
[1.169s] INFO:colcon.colcon_core.shell:Creating environment hook '/home/dfolse/repos/SPIDER/SPIDER_ws/install/oak_d_lite/share/oak_d_lite/hook/ament_prefix_path.ps1'
[1.171s] INFO:colcon.colcon_core.shell:Creating environment descriptor '/home/dfolse/repos/SPIDER/SPIDER_ws/install/oak_d_lite/share/oak_d_lite/hook/ament_prefix_path.dsv'
[1.172s] INFO:colcon.colcon_core.shell:Creating environment hook '/home/dfolse/repos/SPIDER/SPIDER_ws/install/oak_d_lite/share/oak_d_lite/hook/ament_prefix_path.sh'
[1.174s] INFO:colcon.colcon_core.shell:Skip shell extension 'powershell' for command environment: Not usable outside of PowerShell
[1.174s] DEBUG:colcon.colcon_core.shell:Skip shell extension 'dsv' for command environment
[1.188s] INFO:colcon.colcon_ros.task.ament_cmake.build:Building ROS package in '/home/dfolse/repos/SPIDER/SPIDER_ws/src/spider_description' with build type 'ament_cmake'
[1.189s] INFO:colcon.colcon_cmake.task.cmake.build:Building CMake package in '/home/dfolse/repos/SPIDER/SPIDER_ws/src/spider_description'
[1.190s] INFO:colcon.colcon_core.shell:Skip shell extension 'powershell' for command environment: Not usable outside of PowerShell
[1.190s] DEBUG:colcon.colcon_core.shell:Skip shell extension 'dsv' for command environment
[1.208s] INFO:colcon.colcon_ros.task.ament_python.build:Building ROS package in '/home/dfolse/repos/SPIDER/SPIDER_ws/src/spider_nav' with build type 'ament_python'
[1.209s] Level 1:colcon.colcon_core.shell:create_environment_hook('spider_nav', 'ament_prefix_path')
[1.210s] INFO:colcon.colcon_core.shell:Creating environment hook '/home/dfolse/repos/SPIDER/SPIDER_ws/install/spider_nav/share/spider_nav/hook/ament_prefix_path.ps1'
[1.212s] INFO:colcon.colcon_core.shell:Creating environment descriptor '/home/dfolse/repos/SPIDER/SPIDER_ws/install/spider_nav/share/spider_nav/hook/ament_prefix_path.dsv'
[1.213s] INFO:colcon.colcon_core.shell:Creating environment hook '/home/dfolse/repos/SPIDER/SPIDER_ws/install/spider_nav/share/spider_nav/hook/ament_prefix_path.sh'
[1.214s] INFO:colcon.colcon_core.shell:Skip shell extension 'powershell' for command environment: Not usable outside of PowerShell
[1.214s] DEBUG:colcon.colcon_core.shell:Skip shell extension 'dsv' for command environment
[1.244s] DEBUG:colcon.colcon_core.event_handler.log_command:Invoking command in '/home/dfolse/repos/SPIDER/SPIDER_ws/build/spider_interfaces': CMAKE_PREFIX_PATH=${CMAKE_PREFIX_PATH}:/home/dfolse/repos/SPIDER/SPIDER_ws/install/spider_nav:/home/dfolse/repos/SPIDER/SPIDER_ws/install/locomotion:/home/dfolse/repos/SPIDER/SPIDER_ws/install/oak_d_lite:/home/dfolse/repos/SPIDER/SPIDER_ws/install/nav2_gps_waypoint_follower_demo:/home/dfolse/repos/SPIDER/SPIDER_ws/install/data_transfer:/opt/ros/foxy NX_CONNECTION=192.168.1.26 58745 192.168.1.53 4000 /usr/bin/cmake --build /home/dfolse/repos/SPIDER/SPIDER_ws/build/spider_interfaces -- -j6 -l6
[1.868s] INFO:colcon.colcon_core.task.python.build:Building Python package in '/home/dfolse/repos/SPIDER/SPIDER_ws/src/data_transfer'
[1.870s] INFO:colcon.colcon_core.shell:Skip shell extension 'powershell' for command environment: Not usable outside of PowerShell
[1.870s] DEBUG:colcon.colcon_core.shell:Skip shell extension 'dsv' for command environment
[2.467s] INFO:colcon.colcon_core.task.python.build:Building Python package in '/home/dfolse/repos/SPIDER/SPIDER_ws/src/oak_d_lite'
[2.468s] INFO:colcon.colcon_core.shell:Skip shell extension 'powershell' for command environment: Not usable outside of PowerShell
[2.468s] DEBUG:colcon.colcon_core.shell:Skip shell extension 'dsv' for command environment
[2.496s] DEBUG:colcon.colcon_core.event_handler.log_command:Invoking command in '/home/dfolse/repos/SPIDER/SPIDER_ws/build/spider_description': CMAKE_PREFIX_PATH=${CMAKE_PREFIX_PATH}:/home/dfolse/repos/SPIDER/SPIDER_ws/install/spider_nav:/home/dfolse/repos/SPIDER/SPIDER_ws/install/locomotion:/home/dfolse/repos/SPIDER/SPIDER_ws/install/oak_d_lite:/home/dfolse/repos/SPIDER/SPIDER_ws/install/nav2_gps_waypoint_follower_demo:/home/dfolse/repos/SPIDER/SPIDER_ws/install/data_transfer:/opt/ros/foxy NX_CONNECTION=192.168.1.26 58745 192.168.1.53 4000 /usr/bin/cmake --build /home/dfolse/repos/SPIDER/SPIDER_ws/build/spider_description -- -j6 -l6
[2.510s] DEBUG:colcon.colcon_core.event_handler.log_command:Invoked command in '/home/dfolse/repos/SPIDER/SPIDER_ws/build/spider_interfaces' returned '0': CMAKE_PREFIX_PATH=${CMAKE_PREFIX_PATH}:/home/dfolse/repos/SPIDER/SPIDER_ws/install/spider_nav:/home/dfolse/repos/SPIDER/SPIDER_ws/install/locomotion:/home/dfolse/repos/SPIDER/SPIDER_ws/install/oak_d_lite:/home/dfolse/repos/SPIDER/SPIDER_ws/install/nav2_gps_waypoint_follower_demo:/home/dfolse/repos/SPIDER/SPIDER_ws/install/data_transfer:/opt/ros/foxy NX_CONNECTION=192.168.1.26 58745 192.168.1.53 4000 /usr/bin/cmake --build /home/dfolse/repos/SPIDER/SPIDER_ws/build/spider_interfaces -- -j6 -l6
[3.113s] INFO:colcon.colcon_core.task.python.build:Building Python package in '/home/dfolse/repos/SPIDER/SPIDER_ws/src/spider_nav'
[3.115s] INFO:colcon.colcon_core.shell:Skip shell extension 'powershell' for command environment: Not usable outside of PowerShell
[3.115s] DEBUG:colcon.colcon_core.shell:Skip shell extension 'dsv' for command environment
[3.159s] DEBUG:colcon.colcon_core.event_handler.log_command:Invoked command in '/home/dfolse/repos/SPIDER/SPIDER_ws/build/spider_description' returned '0': CMAKE_PREFIX_PATH=${CMAKE_PREFIX_PATH}:/home/dfolse/repos/SPIDER/SPIDER_ws/install/spider_nav:/home/dfolse/repos/SPIDER/SPIDER_ws/install/locomotion:/home/dfolse/repos/SPIDER/SPIDER_ws/install/oak_d_lite:/home/dfolse/repos/SPIDER/SPIDER_ws/install/nav2_gps_waypoint_follower_demo:/home/dfolse/repos/SPIDER/SPIDER_ws/install/data_transfer:/opt/ros/foxy NX_CONNECTION=192.168.1.26 58745 192.168.1.53 4000 /usr/bin/cmake --build /home/dfolse/repos/SPIDER/SPIDER_ws/build/spider_description -- -j6 -l6
[3.208s] DEBUG:colcon.colcon_core.event_handler.log_command:Invoking command in '/home/dfolse/repos/SPIDER/SPIDER_ws/build/spider_interfaces': CMAKE_PREFIX_PATH=${CMAKE_PREFIX_PATH}:/home/dfolse/repos/SPIDER/SPIDER_ws/install/spider_nav:/home/dfolse/repos/SPIDER/SPIDER_ws/install/locomotion:/home/dfolse/repos/SPIDER/SPIDER_ws/install/oak_d_lite:/home/dfolse/repos/SPIDER/SPIDER_ws/install/nav2_gps_waypoint_follower_demo:/home/dfolse/repos/SPIDER/SPIDER_ws/install/data_transfer:/opt/ros/foxy NX_CONNECTION=192.168.1.26 58745 192.168.1.53 4000 /usr/bin/cmake --install /home/dfolse/repos/SPIDER/SPIDER_ws/build/spider_interfaces
[3.265s] DEBUG:colcon.colcon_core.event_handler.log_command:Invoking command in '/home/dfolse/repos/SPIDER/SPIDER_ws/build/spider_description': CMAKE_PREFIX_PATH=${CMAKE_PREFIX_PATH}:/home/dfolse/repos/SPIDER/SPIDER_ws/install/spider_nav:/home/dfolse/repos/SPIDER/SPIDER_ws/install/locomotion:/home/dfolse/repos/SPIDER/SPIDER_ws/install/oak_d_lite:/home/dfolse/repos/SPIDER/SPIDER_ws/install/nav2_gps_waypoint_follower_demo:/home/dfolse/repos/SPIDER/SPIDER_ws/install/data_transfer:/opt/ros/foxy NX_CONNECTION=192.168.1.26 58745 192.168.1.53 4000 /usr/bin/cmake --install /home/dfolse/repos/SPIDER/SPIDER_ws/build/spider_description
[3.317s] Level 1:colcon.colcon_core.environment:create_environment_scripts_only(spider_description)
[3.319s] DEBUG:colcon.colcon_core.event_handler.log_command:Invoked command in '/home/dfolse/repos/SPIDER/SPIDER_ws/build/spider_description' returned '0': CMAKE_PREFIX_PATH=${CMAKE_PREFIX_PATH}:/home/dfolse/repos/SPIDER/SPIDER_ws/install/spider_nav:/home/dfolse/repos/SPIDER/SPIDER_ws/install/locomotion:/home/dfolse/repos/SPIDER/SPIDER_ws/install/oak_d_lite:/home/dfolse/repos/SPIDER/SPIDER_ws/install/nav2_gps_waypoint_follower_demo:/home/dfolse/repos/SPIDER/SPIDER_ws/install/data_transfer:/opt/ros/foxy NX_CONNECTION=192.168.1.26 58745 192.168.1.53 4000 /usr/bin/cmake --install /home/dfolse/repos/SPIDER/SPIDER_ws/build/spider_description
[3.324s] Level 1:colcon.colcon_core.environment:checking '/home/dfolse/repos/SPIDER/SPIDER_ws/install/spider_description' for CMake module files
[3.326s] Level 1:colcon.colcon_core.environment:checking '/home/dfolse/repos/SPIDER/SPIDER_ws/install/spider_description' for CMake config files
[3.326s] Level 1:colcon.colcon_core.shell:create_environment_hook('spider_description', 'cmake_prefix_path')
[3.327s] INFO:colcon.colcon_core.shell:Creating environment hook '/home/dfolse/repos/SPIDER/SPIDER_ws/install/spider_description/share/spider_description/hook/cmake_prefix_path.ps1'
[3.329s] INFO:colcon.colcon_core.shell:Creating environment descriptor '/home/dfolse/repos/SPIDER/SPIDER_ws/install/spider_description/share/spider_description/hook/cmake_prefix_path.dsv'
[3.330s] INFO:colcon.colcon_core.shell:Creating environment hook '/home/dfolse/repos/SPIDER/SPIDER_ws/install/spider_description/share/spider_description/hook/cmake_prefix_path.sh'
[3.332s] Level 1:colcon.colcon_core.environment:checking '/home/dfolse/repos/SPIDER/SPIDER_ws/install/spider_description/bin'
[3.332s] Level 1:colcon.colcon_core.environment:checking '/home/dfolse/repos/SPIDER/SPIDER_ws/install/spider_description/lib/pkgconfig/spider_description.pc'
[3.332s] Level 1:colcon.colcon_core.environment:checking '/home/dfolse/repos/SPIDER/SPIDER_ws/install/spider_description/lib/python3.8/site-packages'
[3.333s] Level 1:colcon.colcon_core.environment:checking '/home/dfolse/repos/SPIDER/SPIDER_ws/install/spider_description/bin'
[3.333s] INFO:colcon.colcon_core.shell:Creating package script '/home/dfolse/repos/SPIDER/SPIDER_ws/install/spider_description/share/spider_description/package.ps1'
[3.335s] INFO:colcon.colcon_core.shell:Creating package descriptor '/home/dfolse/repos/SPIDER/SPIDER_ws/install/spider_description/share/spider_description/package.dsv'
[3.337s] INFO:colcon.colcon_core.shell:Creating package script '/home/dfolse/repos/SPIDER/SPIDER_ws/install/spider_description/share/spider_description/package.sh'
[3.339s] INFO:colcon.colcon_core.shell:Creating package script '/home/dfolse/repos/SPIDER/SPIDER_ws/install/spider_description/share/spider_description/package.bash'
[3.340s] INFO:colcon.colcon_core.shell:Creating package script '/home/dfolse/repos/SPIDER/SPIDER_ws/install/spider_description/share/spider_description/package.zsh'
[3.341s] Level 1:colcon.colcon_core.environment:create_file_with_runtime_dependencies(/home/dfolse/repos/SPIDER/SPIDER_ws/install/spider_description/share/colcon-core/packages/spider_description)
[3.402s] Level 1:colcon.colcon_core.environment:create_environment_scripts_only(spider_interfaces)
[3.403s] Level 1:colcon.colcon_core.environment:checking '/home/dfolse/repos/SPIDER/SPIDER_ws/install/spider_interfaces' for CMake module files
[3.404s] Level 1:colcon.colcon_core.environment:checking '/home/dfolse/repos/SPIDER/SPIDER_ws/install/spider_interfaces' for CMake config files
[3.404s] Level 1:colcon.colcon_core.shell:create_environment_hook('spider_interfaces', 'cmake_prefix_path')
[3.405s] INFO:colcon.colcon_core.shell:Creating environment hook '/home/dfolse/repos/SPIDER/SPIDER_ws/install/spider_interfaces/share/spider_interfaces/hook/cmake_prefix_path.ps1'
[3.406s] INFO:colcon.colcon_core.shell:Creating environment descriptor '/home/dfolse/repos/SPIDER/SPIDER_ws/install/spider_interfaces/share/spider_interfaces/hook/cmake_prefix_path.dsv'
[3.407s] DEBUG:colcon.colcon_core.event_handler.log_command:Invoked command in '/home/dfolse/repos/SPIDER/SPIDER_ws/build/spider_interfaces' returned '0': CMAKE_PREFIX_PATH=${CMAKE_PREFIX_PATH}:/home/dfolse/repos/SPIDER/SPIDER_ws/install/spider_nav:/home/dfolse/repos/SPIDER/SPIDER_ws/install/locomotion:/home/dfolse/repos/SPIDER/SPIDER_ws/install/oak_d_lite:/home/dfolse/repos/SPIDER/SPIDER_ws/install/nav2_gps_waypoint_follower_demo:/home/dfolse/repos/SPIDER/SPIDER_ws/install/data_transfer:/opt/ros/foxy NX_CONNECTION=192.168.1.26 58745 192.168.1.53 4000 /usr/bin/cmake --install /home/dfolse/repos/SPIDER/SPIDER_ws/build/spider_interfaces
[3.409s] INFO:colcon.colcon_core.shell:Creating environment hook '/home/dfolse/repos/SPIDER/SPIDER_ws/install/spider_interfaces/share/spider_interfaces/hook/cmake_prefix_path.sh'
[3.410s] Level 1:colcon.colcon_core.environment:checking '/home/dfolse/repos/SPIDER/SPIDER_ws/install/spider_interfaces/lib'
[3.411s] Level 1:colcon.colcon_core.shell:create_environment_hook('spider_interfaces', 'ld_library_path_lib')
[3.411s] INFO:colcon.colcon_core.shell:Creating environment hook '/home/dfolse/repos/SPIDER/SPIDER_ws/install/spider_interfaces/share/spider_interfaces/hook/ld_library_path_lib.ps1'
[3.412s] INFO:colcon.colcon_core.shell:Creating environment descriptor '/home/dfolse/repos/SPIDER/SPIDER_ws/install/spider_interfaces/share/spider_interfaces/hook/ld_library_path_lib.dsv'
[3.413s] INFO:colcon.colcon_core.shell:Creating environment hook '/home/dfolse/repos/SPIDER/SPIDER_ws/install/spider_interfaces/share/spider_interfaces/hook/ld_library_path_lib.sh'
[3.413s] Level 1:colcon.colcon_core.environment:checking '/home/dfolse/repos/SPIDER/SPIDER_ws/install/spider_interfaces/bin'
[3.413s] Level 1:colcon.colcon_core.environment:checking '/home/dfolse/repos/SPIDER/SPIDER_ws/install/spider_interfaces/lib/pkgconfig/spider_interfaces.pc'
[3.414s] Level 1:colcon.colcon_core.environment:checking '/home/dfolse/repos/SPIDER/SPIDER_ws/install/spider_interfaces/lib/python3.8/site-packages'
[3.414s] Level 1:colcon.colcon_core.shell:create_environment_hook('spider_interfaces', 'pythonpath')
[3.415s] INFO:colcon.colcon_core.shell:Creating environment hook '/home/dfolse/repos/SPIDER/SPIDER_ws/install/spider_interfaces/share/spider_interfaces/hook/pythonpath.ps1'
[3.415s] INFO:colcon.colcon_core.shell:Creating environment descriptor '/home/dfolse/repos/SPIDER/SPIDER_ws/install/spider_interfaces/share/spider_interfaces/hook/pythonpath.dsv'
[3.416s] INFO:colcon.colcon_core.shell:Creating environment hook '/home/dfolse/repos/SPIDER/SPIDER_ws/install/spider_interfaces/share/spider_interfaces/hook/pythonpath.sh'
[3.417s] Level 1:colcon.colcon_core.environment:checking '/home/dfolse/repos/SPIDER/SPIDER_ws/install/spider_interfaces/bin'
[3.418s] INFO:colcon.colcon_core.shell:Creating package script '/home/dfolse/repos/SPIDER/SPIDER_ws/install/spider_interfaces/share/spider_interfaces/package.ps1'
[3.419s] INFO:colcon.colcon_core.shell:Creating package descriptor '/home/dfolse/repos/SPIDER/SPIDER_ws/install/spider_interfaces/share/spider_interfaces/package.dsv'
[3.420s] INFO:colcon.colcon_core.shell:Creating package script '/home/dfolse/repos/SPIDER/SPIDER_ws/install/spider_interfaces/share/spider_interfaces/package.sh'
[3.421s] INFO:colcon.colcon_core.shell:Creating package script '/home/dfolse/repos/SPIDER/SPIDER_ws/install/spider_interfaces/share/spider_interfaces/package.bash'
[3.421s] INFO:colcon.colcon_core.shell:Creating package script '/home/dfolse/repos/SPIDER/SPIDER_ws/install/spider_interfaces/share/spider_interfaces/package.zsh'
[3.422s] Level 1:colcon.colcon_core.environment:create_file_with_runtime_dependencies(/home/dfolse/repos/SPIDER/SPIDER_ws/install/spider_interfaces/share/colcon-core/packages/spider_interfaces)
[3.454s] Level 1:colcon.colcon_core.environment:create_environment_scripts_only(spider_description)
[3.455s] Level 1:colcon.colcon_core.environment:checking '/home/dfolse/repos/SPIDER/SPIDER_ws/install/spider_description' for CMake module files
[3.456s] Level 1:colcon.colcon_core.environment:checking '/home/dfolse/repos/SPIDER/SPIDER_ws/install/spider_description' for CMake config files
[3.456s] Level 1:colcon.colcon_core.shell:create_environment_hook('spider_description', 'cmake_prefix_path')
[3.457s] INFO:colcon.colcon_core.shell:Creating environment hook '/home/dfolse/repos/SPIDER/SPIDER_ws/install/spider_description/share/spider_description/hook/cmake_prefix_path.ps1'
[3.458s] INFO:colcon.colcon_core.shell:Creating environment descriptor '/home/dfolse/repos/SPIDER/SPIDER_ws/install/spider_description/share/spider_description/hook/cmake_prefix_path.dsv'
[3.459s] INFO:colcon.colcon_core.shell:Creating environment hook '/home/dfolse/repos/SPIDER/SPIDER_ws/install/spider_description/share/spider_description/hook/cmake_prefix_path.sh'
[3.460s] Level 1:colcon.colcon_core.environment:checking '/home/dfolse/repos/SPIDER/SPIDER_ws/install/spider_description/bin'
[3.460s] Level 1:colcon.colcon_core.environment:checking '/home/dfolse/repos/SPIDER/SPIDER_ws/install/spider_description/lib/pkgconfig/spider_description.pc'
[3.461s] Level 1:colcon.colcon_core.environment:checking '/home/dfolse/repos/SPIDER/SPIDER_ws/install/spider_description/lib/python3.8/site-packages'
[3.461s] Level 1:colcon.colcon_core.environment:checking '/home/dfolse/repos/SPIDER/SPIDER_ws/install/spider_description/bin'
[3.461s] INFO:colcon.colcon_core.shell:Creating package script '/home/dfolse/repos/SPIDER/SPIDER_ws/install/spider_description/share/spider_description/package.ps1'
[3.464s] INFO:colcon.colcon_core.shell:Creating package descriptor '/home/dfolse/repos/SPIDER/SPIDER_ws/install/spider_description/share/spider_description/package.dsv'
[3.466s] INFO:colcon.colcon_core.shell:Creating package script '/home/dfolse/repos/SPIDER/SPIDER_ws/install/spider_description/share/spider_description/package.sh'
[3.467s] INFO:colcon.colcon_core.shell:Creating package script '/home/dfolse/repos/SPIDER/SPIDER_ws/install/spider_description/share/spider_description/package.bash'
[3.468s] INFO:colcon.colcon_core.shell:Creating package script '/home/dfolse/repos/SPIDER/SPIDER_ws/install/spider_description/share/spider_description/package.zsh'
[3.468s] Level 1:colcon.colcon_core.environment:create_file_with_runtime_dependencies(/home/dfolse/repos/SPIDER/SPIDER_ws/install/spider_description/share/colcon-core/packages/spider_description)
[3.846s] Level 1:colcon.colcon_core.environment:create_environment_scripts_only(spider_interfaces)
[3.847s] Level 1:colcon.colcon_core.environment:checking '/home/dfolse/repos/SPIDER/SPIDER_ws/install/spider_interfaces' for CMake module files
[3.848s] Level 1:colcon.colcon_core.environment:checking '/home/dfolse/repos/SPIDER/SPIDER_ws/install/spider_interfaces' for CMake config files
[3.849s] Level 1:colcon.colcon_core.shell:create_environment_hook('spider_interfaces', 'cmake_prefix_path')
[3.849s] INFO:colcon.colcon_core.shell:Creating environment hook '/home/dfolse/repos/SPIDER/SPIDER_ws/install/spider_interfaces/share/spider_interfaces/hook/cmake_prefix_path.ps1'
[3.850s] INFO:colcon.colcon_core.shell:Creating environment descriptor '/home/dfolse/repos/SPIDER/SPIDER_ws/install/spider_interfaces/share/spider_interfaces/hook/cmake_prefix_path.dsv'
[3.851s] INFO:colcon.colcon_core.shell:Creating environment hook '/home/dfolse/repos/SPIDER/SPIDER_ws/install/spider_interfaces/share/spider_interfaces/hook/cmake_prefix_path.sh'
[3.852s] Level 1:colcon.colcon_core.environment:checking '/home/dfolse/repos/SPIDER/SPIDER_ws/install/spider_interfaces/lib'
[3.852s] Level 1:colcon.colcon_core.shell:create_environment_hook('spider_interfaces', 'ld_library_path_lib')
[3.853s] INFO:colcon.colcon_core.shell:Creating environment hook '/home/dfolse/repos/SPIDER/SPIDER_ws/install/spider_interfaces/share/spider_interfaces/hook/ld_library_path_lib.ps1'
[3.853s] INFO:colcon.colcon_core.shell:Creating environment descriptor '/home/dfolse/repos/SPIDER/SPIDER_ws/install/spider_interfaces/share/spider_interfaces/hook/ld_library_path_lib.dsv'
[3.854s] INFO:colcon.colcon_core.shell:Creating environment hook '/home/dfolse/repos/SPIDER/SPIDER_ws/install/spider_interfaces/share/spider_interfaces/hook/ld_library_path_lib.sh'
[3.855s] Level 1:colcon.colcon_core.environment:checking '/home/dfolse/repos/SPIDER/SPIDER_ws/install/spider_interfaces/bin'
[3.855s] Level 1:colcon.colcon_core.environment:checking '/home/dfolse/repos/SPIDER/SPIDER_ws/install/spider_interfaces/lib/pkgconfig/spider_interfaces.pc'
[3.855s] Level 1:colcon.colcon_core.environment:checking '/home/dfolse/repos/SPIDER/SPIDER_ws/install/spider_interfaces/lib/python3.8/site-packages'
[3.856s] Level 1:colcon.colcon_core.shell:create_environment_hook('spider_interfaces', 'pythonpath')
[3.856s] INFO:colcon.colcon_core.shell:Creating environment hook '/home/dfolse/repos/SPIDER/SPIDER_ws/install/spider_interfaces/share/spider_interfaces/hook/pythonpath.ps1'
[3.857s] INFO:colcon.colcon_core.shell:Creating environment descriptor '/home/dfolse/repos/SPIDER/SPIDER_ws/install/spider_interfaces/share/spider_interfaces/hook/pythonpath.dsv'
[3.858s] INFO:colcon.colcon_core.shell:Creating environment hook '/home/dfolse/repos/SPIDER/SPIDER_ws/install/spider_interfaces/share/spider_interfaces/hook/pythonpath.sh'
[3.859s] Level 1:colcon.colcon_core.environment:checking '/home/dfolse/repos/SPIDER/SPIDER_ws/install/spider_interfaces/bin'
[3.860s] INFO:colcon.colcon_core.shell:Creating package script '/home/dfolse/repos/SPIDER/SPIDER_ws/install/spider_interfaces/share/spider_interfaces/package.ps1'
[3.861s] INFO:colcon.colcon_core.shell:Creating package descriptor '/home/dfolse/repos/SPIDER/SPIDER_ws/install/spider_interfaces/share/spider_interfaces/package.dsv'
[3.862s] INFO:colcon.colcon_core.shell:Creating package script '/home/dfolse/repos/SPIDER/SPIDER_ws/install/spider_interfaces/share/spider_interfaces/package.sh'
[3.863s] INFO:colcon.colcon_core.shell:Creating package script '/home/dfolse/repos/SPIDER/SPIDER_ws/install/spider_interfaces/share/spider_interfaces/package.bash'
[3.864s] INFO:colcon.colcon_core.shell:Creating package script '/home/dfolse/repos/SPIDER/SPIDER_ws/install/spider_interfaces/share/spider_interfaces/package.zsh'
[3.865s] Level 1:colcon.colcon_core.environment:create_file_with_runtime_dependencies(/home/dfolse/repos/SPIDER/SPIDER_ws/install/spider_interfaces/share/colcon-core/packages/spider_interfaces)
[3.866s] INFO:colcon.colcon_ros.task.ament_python.build:Building ROS package in '/home/dfolse/repos/SPIDER/SPIDER_ws/src/locomotion' with build type 'ament_python'
[3.866s] Level 1:colcon.colcon_core.shell:create_environment_hook('locomotion', 'ament_prefix_path')
[3.867s] INFO:colcon.colcon_core.shell:Creating environment hook '/home/dfolse/repos/SPIDER/SPIDER_ws/install/locomotion/share/locomotion/hook/ament_prefix_path.ps1'
[3.870s] INFO:colcon.colcon_core.shell:Creating environment descriptor '/home/dfolse/repos/SPIDER/SPIDER_ws/install/locomotion/share/locomotion/hook/ament_prefix_path.dsv'
[3.871s] INFO:colcon.colcon_core.shell:Creating environment hook '/home/dfolse/repos/SPIDER/SPIDER_ws/install/locomotion/share/locomotion/hook/ament_prefix_path.sh'
[3.872s] INFO:colcon.colcon_core.shell:Skip shell extension 'powershell' for command environment: Not usable outside of PowerShell
[3.873s] DEBUG:colcon.colcon_core.shell:Skip shell extension 'dsv' for command environment
[4.555s] INFO:colcon.colcon_core.task.python.build:Building Python package in '/home/dfolse/repos/SPIDER/SPIDER_ws/src/locomotion'
[4.557s] INFO:colcon.colcon_core.shell:Skip shell extension 'powershell' for command environment: Not usable outside of PowerShell
[4.557s] DEBUG:colcon.colcon_core.shell:Skip shell extension 'dsv' for command environment
[4.584s] DEBUG:colcon.colcon_core.event_handler.log_command:Invoking command in '/home/dfolse/repos/SPIDER/SPIDER_ws/src/oak_d_lite': NX_CONNECTION=192.168.1.26 58745 192.168.1.53 4000 PYTHONPATH=/home/dfolse/repos/SPIDER/SPIDER_ws/build/oak_d_lite/prefix_override:/home/dfolse/repos/SPIDER/SPIDER_ws/install/oak_d_lite/lib/python3.8/site-packages:${PYTHONPATH} /usr/bin/python3 -W ignore:setup.py install is deprecated setup.py egg_info --egg-base ../../build/oak_d_lite build --build-base /home/dfolse/repos/SPIDER/SPIDER_ws/build/oak_d_lite/build install --record /home/dfolse/repos/SPIDER/SPIDER_ws/build/oak_d_lite/install.log --single-version-externally-managed install_data
[4.594s] DEBUG:colcon.colcon_core.event_handler.log_command:Invoking command in '/home/dfolse/repos/SPIDER/SPIDER_ws/src/data_transfer': NX_CONNECTION=192.168.1.26 58745 192.168.1.53 4000 PYTHONPATH=/home/dfolse/repos/SPIDER/SPIDER_ws/build/data_transfer/prefix_override:/home/dfolse/repos/SPIDER/SPIDER_ws/install/data_transfer/lib/python3.8/site-packages:${PYTHONPATH} /usr/bin/python3 -W ignore:setup.py install is deprecated setup.py egg_info --egg-base ../../build/data_transfer build --build-base /home/dfolse/repos/SPIDER/SPIDER_ws/build/data_transfer/build install --record /home/dfolse/repos/SPIDER/SPIDER_ws/build/data_transfer/install.log --single-version-externally-managed install_data
[4.607s] DEBUG:colcon.colcon_core.event_handler.log_command:Invoking command in '/home/dfolse/repos/SPIDER/SPIDER_ws/src/spider_nav': NX_CONNECTION=192.168.1.26 58745 192.168.1.53 4000 PYTHONPATH=/home/dfolse/repos/SPIDER/SPIDER_ws/build/spider_nav/prefix_override:/home/dfolse/repos/SPIDER/SPIDER_ws/install/spider_nav/lib/python3.8/site-packages:${PYTHONPATH} /usr/bin/python3 -W ignore:setup.py install is deprecated setup.py egg_info --egg-base ../../build/spider_nav build --build-base /home/dfolse/repos/SPIDER/SPIDER_ws/build/spider_nav/build install --record /home/dfolse/repos/SPIDER/SPIDER_ws/build/spider_nav/install.log --single-version-externally-managed install_data
[5.306s] Level 1:colcon.colcon_core.environment:checking '/home/dfolse/repos/SPIDER/SPIDER_ws/install/oak_d_lite' for CMake module files
[5.307s] Level 1:colcon.colcon_core.environment:checking '/home/dfolse/repos/SPIDER/SPIDER_ws/install/oak_d_lite' for CMake config files
[5.309s] DEBUG:colcon.colcon_core.event_handler.log_command:Invoked command in '/home/dfolse/repos/SPIDER/SPIDER_ws/src/oak_d_lite' returned '0': NX_CONNECTION=192.168.1.26 58745 192.168.1.53 4000 PYTHONPATH=/home/dfolse/repos/SPIDER/SPIDER_ws/build/oak_d_lite/prefix_override:/home/dfolse/repos/SPIDER/SPIDER_ws/install/oak_d_lite/lib/python3.8/site-packages:${PYTHONPATH} /usr/bin/python3 -W ignore:setup.py install is deprecated setup.py egg_info --egg-base ../../build/oak_d_lite build --build-base /home/dfolse/repos/SPIDER/SPIDER_ws/build/oak_d_lite/build install --record /home/dfolse/repos/SPIDER/SPIDER_ws/build/oak_d_lite/install.log --single-version-externally-managed install_data
[5.310s] Level 1:colcon.colcon_core.environment:checking '/home/dfolse/repos/SPIDER/SPIDER_ws/install/oak_d_lite/lib'
[5.310s] Level 1:colcon.colcon_core.environment:checking '/home/dfolse/repos/SPIDER/SPIDER_ws/install/oak_d_lite/bin'
[5.311s] Level 1:colcon.colcon_core.environment:checking '/home/dfolse/repos/SPIDER/SPIDER_ws/install/oak_d_lite/lib/pkgconfig/oak_d_lite.pc'
[5.311s] Level 1:colcon.colcon_core.environment:checking '/home/dfolse/repos/SPIDER/SPIDER_ws/install/oak_d_lite/lib/python3.8/site-packages'
[5.311s] Level 1:colcon.colcon_core.shell:create_environment_hook('oak_d_lite', 'pythonpath')
[5.312s] INFO:colcon.colcon_core.shell:Creating environment hook '/home/dfolse/repos/SPIDER/SPIDER_ws/install/oak_d_lite/share/oak_d_lite/hook/pythonpath.ps1'
[5.313s] INFO:colcon.colcon_core.shell:Creating environment descriptor '/home/dfolse/repos/SPIDER/SPIDER_ws/install/oak_d_lite/share/oak_d_lite/hook/pythonpath.dsv'
[5.314s] INFO:colcon.colcon_core.shell:Creating environment hook '/home/dfolse/repos/SPIDER/SPIDER_ws/install/oak_d_lite/share/oak_d_lite/hook/pythonpath.sh'
[5.315s] Level 1:colcon.colcon_core.environment:checking '/home/dfolse/repos/SPIDER/SPIDER_ws/install/oak_d_lite/bin'
[5.315s] Level 1:colcon.colcon_core.environment:create_environment_scripts_only(oak_d_lite)
[5.316s] INFO:colcon.colcon_core.shell:Creating package script '/home/dfolse/repos/SPIDER/SPIDER_ws/install/oak_d_lite/share/oak_d_lite/package.ps1'
[5.317s] INFO:colcon.colcon_core.shell:Creating package descriptor '/home/dfolse/repos/SPIDER/SPIDER_ws/install/oak_d_lite/share/oak_d_lite/package.dsv'
[5.318s] INFO:colcon.colcon_core.shell:Creating package script '/home/dfolse/repos/SPIDER/SPIDER_ws/install/oak_d_lite/share/oak_d_lite/package.sh'
[5.319s] INFO:colcon.colcon_core.shell:Creating package script '/home/dfolse/repos/SPIDER/SPIDER_ws/install/oak_d_lite/share/oak_d_lite/package.bash'
[5.320s] INFO:colcon.colcon_core.shell:Creating package script '/home/dfolse/repos/SPIDER/SPIDER_ws/install/oak_d_lite/share/oak_d_lite/package.zsh'
[5.321s] Level 1:colcon.colcon_core.environment:create_file_with_runtime_dependencies(/home/dfolse/repos/SPIDER/SPIDER_ws/install/oak_d_lite/share/colcon-core/packages/oak_d_lite)
[5.326s] Level 1:colcon.colcon_core.environment:checking '/home/dfolse/repos/SPIDER/SPIDER_ws/install/spider_nav' for CMake module files
[5.328s] DEBUG:colcon.colcon_core.event_handler.log_command:Invoked command in '/home/dfolse/repos/SPIDER/SPIDER_ws/src/spider_nav' returned '0': NX_CONNECTION=192.168.1.26 58745 192.168.1.53 4000 PYTHONPATH=/home/dfolse/repos/SPIDER/SPIDER_ws/build/spider_nav/prefix_override:/home/dfolse/repos/SPIDER/SPIDER_ws/install/spider_nav/lib/python3.8/site-packages:${PYTHONPATH} /usr/bin/python3 -W ignore:setup.py install is deprecated setup.py egg_info --egg-base ../../build/spider_nav build --build-base /home/dfolse/repos/SPIDER/SPIDER_ws/build/spider_nav/build install --record /home/dfolse/repos/SPIDER/SPIDER_ws/build/spider_nav/install.log --single-version-externally-managed install_data
[5.332s] Level 1:colcon.colcon_core.environment:checking '/home/dfolse/repos/SPIDER/SPIDER_ws/install/spider_nav' for CMake config files
[5.334s] Level 1:colcon.colcon_core.environment:checking '/home/dfolse/repos/SPIDER/SPIDER_ws/install/spider_nav/lib'
[5.334s] Level 1:colcon.colcon_core.environment:checking '/home/dfolse/repos/SPIDER/SPIDER_ws/install/spider_nav/bin'
[5.335s] Level 1:colcon.colcon_core.environment:checking '/home/dfolse/repos/SPIDER/SPIDER_ws/install/spider_nav/lib/pkgconfig/spider_nav.pc'
[5.335s] Level 1:colcon.colcon_core.environment:checking '/home/dfolse/repos/SPIDER/SPIDER_ws/install/spider_nav/lib/python3.8/site-packages'
[5.335s] Level 1:colcon.colcon_core.shell:create_environment_hook('spider_nav', 'pythonpath')
[5.336s] INFO:colcon.colcon_core.shell:Creating environment hook '/home/dfolse/repos/SPIDER/SPIDER_ws/install/spider_nav/share/spider_nav/hook/pythonpath.ps1'
[5.337s] INFO:colcon.colcon_core.shell:Creating environment descriptor '/home/dfolse/repos/SPIDER/SPIDER_ws/install/spider_nav/share/spider_nav/hook/pythonpath.dsv'
[5.338s] INFO:colcon.colcon_core.shell:Creating environment hook '/home/dfolse/repos/SPIDER/SPIDER_ws/install/spider_nav/share/spider_nav/hook/pythonpath.sh'
[5.339s] Level 1:colcon.colcon_core.environment:checking '/home/dfolse/repos/SPIDER/SPIDER_ws/install/spider_nav/bin'
[5.339s] Level 1:colcon.colcon_core.environment:create_environment_scripts_only(spider_nav)
[5.341s] INFO:colcon.colcon_core.shell:Creating package script '/home/dfolse/repos/SPIDER/SPIDER_ws/install/spider_nav/share/spider_nav/package.ps1'
[5.342s] INFO:colcon.colcon_core.shell:Creating package descriptor '/home/dfolse/repos/SPIDER/SPIDER_ws/install/spider_nav/share/spider_nav/package.dsv'
[5.343s] INFO:colcon.colcon_core.shell:Creating package script '/home/dfolse/repos/SPIDER/SPIDER_ws/install/spider_nav/share/spider_nav/package.sh'
[5.344s] INFO:colcon.colcon_core.shell:Creating package script '/home/dfolse/repos/SPIDER/SPIDER_ws/install/spider_nav/share/spider_nav/package.bash'
[5.345s] INFO:colcon.colcon_core.shell:Creating package script '/home/dfolse/repos/SPIDER/SPIDER_ws/install/spider_nav/share/spider_nav/package.zsh'
[5.345s] Level 1:colcon.colcon_core.environment:create_file_with_runtime_dependencies(/home/dfolse/repos/SPIDER/SPIDER_ws/install/spider_nav/share/colcon-core/packages/spider_nav)
[5.348s] Level 1:colcon.colcon_core.environment:checking '/home/dfolse/repos/SPIDER/SPIDER_ws/install/data_transfer' for CMake module files
[5.349s] DEBUG:colcon.colcon_core.event_handler.log_command:Invoked command in '/home/dfolse/repos/SPIDER/SPIDER_ws/src/data_transfer' returned '0': NX_CONNECTION=192.168.1.26 58745 192.168.1.53 4000 PYTHONPATH=/home/dfolse/repos/SPIDER/SPIDER_ws/build/data_transfer/prefix_override:/home/dfolse/repos/SPIDER/SPIDER_ws/install/data_transfer/lib/python3.8/site-packages:${PYTHONPATH} /usr/bin/python3 -W ignore:setup.py install is deprecated setup.py egg_info --egg-base ../../build/data_transfer build --build-base /home/dfolse/repos/SPIDER/SPIDER_ws/build/data_transfer/build install --record /home/dfolse/repos/SPIDER/SPIDER_ws/build/data_transfer/install.log --single-version-externally-managed install_data
[5.350s] Level 1:colcon.colcon_core.environment:checking '/home/dfolse/repos/SPIDER/SPIDER_ws/install/data_transfer' for CMake config files
[5.351s] Level 1:colcon.colcon_core.environment:checking '/home/dfolse/repos/SPIDER/SPIDER_ws/install/data_transfer/lib'
[5.352s] Level 1:colcon.colcon_core.environment:checking '/home/dfolse/repos/SPIDER/SPIDER_ws/install/data_transfer/bin'
[5.352s] Level 1:colcon.colcon_core.environment:checking '/home/dfolse/repos/SPIDER/SPIDER_ws/install/data_transfer/lib/pkgconfig/data_transfer.pc'
[5.352s] Level 1:colcon.colcon_core.environment:checking '/home/dfolse/repos/SPIDER/SPIDER_ws/install/data_transfer/lib/python3.8/site-packages'
[5.352s] Level 1:colcon.colcon_core.shell:create_environment_hook('data_transfer', 'pythonpath')
[5.353s] INFO:colcon.colcon_core.shell:Creating environment hook '/home/dfolse/repos/SPIDER/SPIDER_ws/install/data_transfer/share/data_transfer/hook/pythonpath.ps1'
[5.354s] INFO:colcon.colcon_core.shell:Creating environment descriptor '/home/dfolse/repos/SPIDER/SPIDER_ws/install/data_transfer/share/data_transfer/hook/pythonpath.dsv'
[5.354s] INFO:colcon.colcon_core.shell:Creating environment hook '/home/dfolse/repos/SPIDER/SPIDER_ws/install/data_transfer/share/data_transfer/hook/pythonpath.sh'
[5.355s] Level 1:colcon.colcon_core.environment:checking '/home/dfolse/repos/SPIDER/SPIDER_ws/install/data_transfer/bin'
[5.356s] Level 1:colcon.colcon_core.environment:create_environment_scripts_only(data_transfer)
[5.356s] INFO:colcon.colcon_core.shell:Creating package script '/home/dfolse/repos/SPIDER/SPIDER_ws/install/data_transfer/share/data_transfer/package.ps1'
[5.358s] INFO:colcon.colcon_core.shell:Creating package descriptor '/home/dfolse/repos/SPIDER/SPIDER_ws/install/data_transfer/share/data_transfer/package.dsv'
[5.359s] INFO:colcon.colcon_core.shell:Creating package script '/home/dfolse/repos/SPIDER/SPIDER_ws/install/data_transfer/share/data_transfer/package.sh'
[5.360s] INFO:colcon.colcon_core.shell:Creating package script '/home/dfolse/repos/SPIDER/SPIDER_ws/install/data_transfer/share/data_transfer/package.bash'
[5.361s] INFO:colcon.colcon_core.shell:Creating package script '/home/dfolse/repos/SPIDER/SPIDER_ws/install/data_transfer/share/data_transfer/package.zsh'
[5.361s] Level 1:colcon.colcon_core.environment:create_file_with_runtime_dependencies(/home/dfolse/repos/SPIDER/SPIDER_ws/install/data_transfer/share/colcon-core/packages/data_transfer)
[5.627s] DEBUG:colcon.colcon_core.event_handler.log_command:Invoking command in '/home/dfolse/repos/SPIDER/SPIDER_ws/src/locomotion': NX_CONNECTION=192.168.1.26 58745 192.168.1.53 4000 PYTHONPATH=/home/dfolse/repos/SPIDER/SPIDER_ws/build/locomotion/prefix_override:/home/dfolse/repos/SPIDER/SPIDER_ws/install/locomotion/lib/python3.8/site-packages:/home/dfolse/repos/SPIDER/SPIDER_ws/install/spider_interfaces/lib/python3.8/site-packages:/home/dfolse/repos/SPIDER/SPIDER_ws/install/spider_nav/lib/python3.8/site-packages:/home/dfolse/repos/SPIDER/SPIDER_ws/install/locomotion/lib/python3.8/site-packages:/home/dfolse/repos/SPIDER/SPIDER_ws/install/oak_d_lite/lib/python3.8/site-packages:/home/dfolse/repos/SPIDER/SPIDER_ws/install/nav2_gps_waypoint_follower_demo/lib/python3.8/site-packages:/home/dfolse/repos/SPIDER/SPIDER_ws/install/data_transfer/lib/python3.8/site-packages:/opt/ros/foxy/lib/python3.8/site-packages /usr/bin/python3 -W ignore:setup.py install is deprecated setup.py egg_info --egg-base ../../build/locomotion build --build-base /home/dfolse/repos/SPIDER/SPIDER_ws/build/locomotion/build install --record /home/dfolse/repos/SPIDER/SPIDER_ws/build/locomotion/install.log --single-version-externally-managed install_data
[6.296s] Level 1:colcon.colcon_core.environment:checking '/home/dfolse/repos/SPIDER/SPIDER_ws/install/locomotion' for CMake module files
[6.298s] DEBUG:colcon.colcon_core.event_handler.log_command:Invoked command in '/home/dfolse/repos/SPIDER/SPIDER_ws/src/locomotion' returned '0': NX_CONNECTION=192.168.1.26 58745 192.168.1.53 4000 PYTHONPATH=/home/dfolse/repos/SPIDER/SPIDER_ws/build/locomotion/prefix_override:/home/dfolse/repos/SPIDER/SPIDER_ws/install/locomotion/lib/python3.8/site-packages:/home/dfolse/repos/SPIDER/SPIDER_ws/install/spider_interfaces/lib/python3.8/site-packages:/home/dfolse/repos/SPIDER/SPIDER_ws/install/spider_nav/lib/python3.8/site-packages:/home/dfolse/repos/SPIDER/SPIDER_ws/install/locomotion/lib/python3.8/site-packages:/home/dfolse/repos/SPIDER/SPIDER_ws/install/oak_d_lite/lib/python3.8/site-packages:/home/dfolse/repos/SPIDER/SPIDER_ws/install/nav2_gps_waypoint_follower_demo/lib/python3.8/site-packages:/home/dfolse/repos/SPIDER/SPIDER_ws/install/data_transfer/lib/python3.8/site-packages:/opt/ros/foxy/lib/python3.8/site-packages /usr/bin/python3 -W ignore:setup.py install is deprecated setup.py egg_info --egg-base ../../build/locomotion build --build-base /home/dfolse/repos/SPIDER/SPIDER_ws/build/locomotion/build install --record /home/dfolse/repos/SPIDER/SPIDER_ws/build/locomotion/install.log --single-version-externally-managed install_data
[6.299s] Level 1:colcon.colcon_core.environment:checking '/home/dfolse/repos/SPIDER/SPIDER_ws/install/locomotion' for CMake config files
[6.302s] Level 1:colcon.colcon_core.environment:checking '/home/dfolse/repos/SPIDER/SPIDER_ws/install/locomotion/lib'
[6.302s] Level 1:colcon.colcon_core.environment:checking '/home/dfolse/repos/SPIDER/SPIDER_ws/install/locomotion/bin'
[6.302s] Level 1:colcon.colcon_core.environment:checking '/home/dfolse/repos/SPIDER/SPIDER_ws/install/locomotion/lib/pkgconfig/locomotion.pc'
[6.303s] Level 1:colcon.colcon_core.environment:checking '/home/dfolse/repos/SPIDER/SPIDER_ws/install/locomotion/lib/python3.8/site-packages'
[6.303s] Level 1:colcon.colcon_core.shell:create_environment_hook('locomotion', 'pythonpath')
[6.304s] INFO:colcon.colcon_core.shell:Creating environment hook '/home/dfolse/repos/SPIDER/SPIDER_ws/install/locomotion/share/locomotion/hook/pythonpath.ps1'
[6.306s] INFO:colcon.colcon_core.shell:Creating environment descriptor '/home/dfolse/repos/SPIDER/SPIDER_ws/install/locomotion/share/locomotion/hook/pythonpath.dsv'
[6.307s] INFO:colcon.colcon_core.shell:Creating environment hook '/home/dfolse/repos/SPIDER/SPIDER_ws/install/locomotion/share/locomotion/hook/pythonpath.sh'
[6.309s] Level 1:colcon.colcon_core.environment:checking '/home/dfolse/repos/SPIDER/SPIDER_ws/install/locomotion/bin'
[6.310s] Level 1:colcon.colcon_core.environment:create_environment_scripts_only(locomotion)
[6.311s] INFO:colcon.colcon_core.shell:Creating package script '/home/dfolse/repos/SPIDER/SPIDER_ws/install/locomotion/share/locomotion/package.ps1'
[6.313s] INFO:colcon.colcon_core.shell:Creating package descriptor '/home/dfolse/repos/SPIDER/SPIDER_ws/install/locomotion/share/locomotion/package.dsv'
[6.314s] INFO:colcon.colcon_core.shell:Creating package script '/home/dfolse/repos/SPIDER/SPIDER_ws/install/locomotion/share/locomotion/package.sh'
[6.316s] INFO:colcon.colcon_core.shell:Creating package script '/home/dfolse/repos/SPIDER/SPIDER_ws/install/locomotion/share/locomotion/package.bash'
[6.317s] INFO:colcon.colcon_core.shell:Creating package script '/home/dfolse/repos/SPIDER/SPIDER_ws/install/locomotion/share/locomotion/package.zsh'
[6.318s] Level 1:colcon.colcon_core.environment:create_file_with_runtime_dependencies(/home/dfolse/repos/SPIDER/SPIDER_ws/install/locomotion/share/colcon-core/packages/locomotion)
[6.319s] DEBUG:colcon.colcon_parallel_executor.executor.parallel:closing loop
[6.321s] DEBUG:colcon.colcon_parallel_executor.executor.parallel:loop closed
[6.321s] DEBUG:colcon.colcon_parallel_executor.executor.parallel:run_until_complete finished with '0'
[6.321s] DEBUG:colcon.colcon_core.event_reactor:joining thread
[6.344s] INFO:colcon.colcon_core.plugin_system:Skipping extension 'colcon_notification.desktop_notification.terminal_notifier': Not used on non-Darwin systems
[6.345s] INFO:colcon.colcon_core.plugin_system:Skipping extension 'colcon_notification.desktop_notification.win32': Not used on non-Windows systems
[6.345s] INFO:colcon.colcon_notification.desktop_notification:Sending desktop notification using 'notify2'
[6.405s] DEBUG:colcon.colcon_core.event_reactor:joined thread
[6.406s] INFO:colcon.colcon_core.shell:Creating prefix script '/home/dfolse/repos/SPIDER/SPIDER_ws/install/local_setup.ps1'
[6.408s] INFO:colcon.colcon_core.shell:Creating prefix util module '/home/dfolse/repos/SPIDER/SPIDER_ws/install/_local_setup_util_ps1.py'
[6.411s] INFO:colcon.colcon_core.shell:Creating prefix chain script '/home/dfolse/repos/SPIDER/SPIDER_ws/install/setup.ps1'
[6.414s] INFO:colcon.colcon_core.shell:Creating prefix script '/home/dfolse/repos/SPIDER/SPIDER_ws/install/local_setup.sh'
[6.415s] INFO:colcon.colcon_core.shell:Creating prefix util module '/home/dfolse/repos/SPIDER/SPIDER_ws/install/_local_setup_util_sh.py'
[6.416s] INFO:colcon.colcon_core.shell:Creating prefix chain script '/home/dfolse/repos/SPIDER/SPIDER_ws/install/setup.sh'
[6.418s] INFO:colcon.colcon_core.shell:Creating prefix script '/home/dfolse/repos/SPIDER/SPIDER_ws/install/local_setup.bash'
[6.419s] INFO:colcon.colcon_core.shell:Creating prefix chain script '/home/dfolse/repos/SPIDER/SPIDER_ws/install/setup.bash'
[6.421s] INFO:colcon.colcon_core.shell:Creating prefix script '/home/dfolse/repos/SPIDER/SPIDER_ws/install/local_setup.zsh'
[6.422s] INFO:colcon.colcon_core.shell:Creating prefix chain script '/home/dfolse/repos/SPIDER/SPIDER_ws/install/setup.zsh'
