[3.121s] Invoking command in '/home/dfolse/repos/SPIDER/SPIDER_ws/build/nav2_msgs': AMENT_PREFIX_PATH=/home/dfolse/repos/SPIDER/SPIDER_ws/install/nav2_common:${AMENT_PREFIX_PATH} CMAKE_PREFIX_PATH=/home/dfolse/repos/SPIDER/SPIDER_ws/install/nav2_common:/opt/ros/foxy NX_CONNECTION=192.168.1.26 58481 192.168.1.53 4000 PYTHONPATH=/home/dfolse/repos/SPIDER/SPIDER_ws/install/nav2_common/lib/python3.8/site-packages:${PYTHONPATH} /usr/bin/cmake --build /home/dfolse/repos/SPIDER/SPIDER_ws/build/nav2_msgs -- -j6 -l6
[3.416s] [ 12%] Built target nav2_msgs__rosidl_generator_c
[3.420s] [ 12%] Built target nav2_msgs__cpp
[3.638s] [ 24%] Built target nav2_msgs__rosidl_typesupport_introspection_c
[3.647s] [ 36%] Built target nav2_msgs__rosidl_typesupport_c
[3.708s] [ 48%] Built target nav2_msgs__rosidl_typesupport_fastrtps_cpp
[3.888s] [ 60%] Built target nav2_msgs__rosidl_typesupport_cpp
[3.953s] [ 72%] Built target nav2_msgs__rosidl_typesupport_fastrtps_c
[3.962s] [ 85%] Built target nav2_msgs__rosidl_typesupport_introspection_cpp
[4.076s] [ 85%] Built target nav2_msgs
[4.288s] [ 86%] Built target nav2_msgs__py
[4.467s] [ 97%] Built target nav2_msgs__python
[4.682s] [ 98%] Built target nav2_msgs__rosidl_typesupport_c__pyext
[4.702s] [ 99%] Built target nav2_msgs__rosidl_typesupport_introspection_c__pyext
[4.761s] [100%] Built target nav2_msgs__rosidl_typesupport_fastrtps_c__pyext
[4.966s] Invoked command in '/home/dfolse/repos/SPIDER/SPIDER_ws/build/nav2_msgs' returned '0': AMENT_PREFIX_PATH=/home/dfolse/repos/SPIDER/SPIDER_ws/install/nav2_common:${AMENT_PREFIX_PATH} CMAKE_PREFIX_PATH=/home/dfolse/repos/SPIDER/SPIDER_ws/install/nav2_common:/opt/ros/foxy NX_CONNECTION=192.168.1.26 58481 192.168.1.53 4000 PYTHONPATH=/home/dfolse/repos/SPIDER/SPIDER_ws/install/nav2_common/lib/python3.8/site-packages:${PYTHONPATH} /usr/bin/cmake --build /home/dfolse/repos/SPIDER/SPIDER_ws/build/nav2_msgs -- -j6 -l6
[121.109s] Invoking command in '/home/dfolse/repos/SPIDER/SPIDER_ws/build/nav2_msgs': AMENT_PREFIX_PATH=/home/dfolse/repos/SPIDER/SPIDER_ws/install/nav2_common:${AMENT_PREFIX_PATH} CMAKE_PREFIX_PATH=/home/dfolse/repos/SPIDER/SPIDER_ws/install/nav2_common:/opt/ros/foxy NX_CONNECTION=192.168.1.26 58481 192.168.1.53 4000 PYTHONPATH=/home/dfolse/repos/SPIDER/SPIDER_ws/install/nav2_common/lib/python3.8/site-packages:${PYTHONPATH} /usr/bin/cmake --install /home/dfolse/repos/SPIDER/SPIDER_ws/build/nav2_msgs
[121.502s] -- Install configuration: "Release"
[121.513s] -- Installing: /home/dfolse/repos/SPIDER/SPIDER_ws/install/nav2_msgs/share/ament_index/resource_index/rosidl_interfaces/nav2_msgs
[121.516s] -- Installing: /home/dfolse/repos/SPIDER/SPIDER_ws/install/nav2_msgs/include/nav2_msgs
[121.518s] -- Installing: /home/dfolse/repos/SPIDER/SPIDER_ws/install/nav2_msgs/include/nav2_msgs/srv
[121.519s] -- Installing: /home/dfolse/repos/SPIDER/SPIDER_ws/install/nav2_msgs/include/nav2_msgs/srv/manage_lifecycle_nodes.h
[121.522s] -- Installing: /home/dfolse/repos/SPIDER/SPIDER_ws/install/nav2_msgs/include/nav2_msgs/srv/save_map.h
[121.527s] -- Installing: /home/dfolse/repos/SPIDER/SPIDER_ws/install/nav2_msgs/include/nav2_msgs/srv/clear_costmap_around_robot.h
[121.539s] -- Installing: /home/dfolse/repos/SPIDER/SPIDER_ws/install/nav2_msgs/include/nav2_msgs/srv/detail
[121.544s] -- Installing: /home/dfolse/repos/SPIDER/SPIDER_ws/install/nav2_msgs/include/nav2_msgs/srv/detail/load_map__struct.h
[121.553s] -- Installing: /home/dfolse/repos/SPIDER/SPIDER_ws/install/nav2_msgs/include/nav2_msgs/srv/detail/manage_lifecycle_nodes__functions.c
[121.554s] -- Installing: /home/dfolse/repos/SPIDER/SPIDER_ws/install/nav2_msgs/include/nav2_msgs/srv/detail/load_map__functions.c
[121.554s] -- Installing: /home/dfolse/repos/SPIDER/SPIDER_ws/install/nav2_msgs/include/nav2_msgs/srv/detail/get_costmap__type_support.h
[121.554s] -- Installing: /home/dfolse/repos/SPIDER/SPIDER_ws/install/nav2_msgs/include/nav2_msgs/srv/detail/manage_lifecycle_nodes__type_support.h
[121.554s] -- Installing: /home/dfolse/repos/SPIDER/SPIDER_ws/install/nav2_msgs/include/nav2_msgs/srv/detail/clear_entire_costmap__type_support.h
[121.556s] -- Installing: /home/dfolse/repos/SPIDER/SPIDER_ws/install/nav2_msgs/include/nav2_msgs/srv/detail/save_map__functions.c
[121.558s] -- Installing: /home/dfolse/repos/SPIDER/SPIDER_ws/install/nav2_msgs/include/nav2_msgs/srv/detail/load_map__functions.h
[121.559s] -- Installing: /home/dfolse/repos/SPIDER/SPIDER_ws/install/nav2_msgs/include/nav2_msgs/srv/detail/clear_costmap_around_robot__functions.h
[121.561s] -- Installing: /home/dfolse/repos/SPIDER/SPIDER_ws/install/nav2_msgs/include/nav2_msgs/srv/detail/clear_costmap_except_region__functions.h
[121.564s] -- Installing: /home/dfolse/repos/SPIDER/SPIDER_ws/install/nav2_msgs/include/nav2_msgs/srv/detail/get_costmap__functions.h
[121.566s] -- Installing: /home/dfolse/repos/SPIDER/SPIDER_ws/install/nav2_msgs/include/nav2_msgs/srv/detail/save_map__type_support.h
[121.569s] -- Installing: /home/dfolse/repos/SPIDER/SPIDER_ws/install/nav2_msgs/include/nav2_msgs/srv/detail/clear_costmap_around_robot__type_support.h
[121.569s] -- Installing: /home/dfolse/repos/SPIDER/SPIDER_ws/install/nav2_msgs/include/nav2_msgs/srv/detail/clear_costmap_except_region__struct.h
[121.570s] -- Installing: /home/dfolse/repos/SPIDER/SPIDER_ws/install/nav2_msgs/include/nav2_msgs/srv/detail/clear_costmap_except_region__type_support.h
[121.571s] -- Installing: /home/dfolse/repos/SPIDER/SPIDER_ws/install/nav2_msgs/include/nav2_msgs/srv/detail/clear_costmap_except_region__functions.c
[121.571s] -- Installing: /home/dfolse/repos/SPIDER/SPIDER_ws/install/nav2_msgs/include/nav2_msgs/srv/detail/save_map__functions.h
[121.575s] -- Installing: /home/dfolse/repos/SPIDER/SPIDER_ws/install/nav2_msgs/include/nav2_msgs/srv/detail/get_costmap__functions.c
[121.576s] -- Installing: /home/dfolse/repos/SPIDER/SPIDER_ws/install/nav2_msgs/include/nav2_msgs/srv/detail/clear_costmap_around_robot__struct.h
[121.576s] -- Installing: /home/dfolse/repos/SPIDER/SPIDER_ws/install/nav2_msgs/include/nav2_msgs/srv/detail/clear_costmap_around_robot__functions.c
[121.579s] -- Installing: /home/dfolse/repos/SPIDER/SPIDER_ws/install/nav2_msgs/include/nav2_msgs/srv/detail/load_map__type_support.h
[121.580s] -- Installing: /home/dfolse/repos/SPIDER/SPIDER_ws/install/nav2_msgs/include/nav2_msgs/srv/detail/save_map__struct.h
[121.582s] -- Installing: /home/dfolse/repos/SPIDER/SPIDER_ws/install/nav2_msgs/include/nav2_msgs/srv/detail/clear_entire_costmap__functions.h
[121.583s] -- Installing: /home/dfolse/repos/SPIDER/SPIDER_ws/install/nav2_msgs/include/nav2_msgs/srv/detail/manage_lifecycle_nodes__functions.h
[121.586s] -- Installing: /home/dfolse/repos/SPIDER/SPIDER_ws/install/nav2_msgs/include/nav2_msgs/srv/detail/get_costmap__struct.h
[121.587s] -- Installing: /home/dfolse/repos/SPIDER/SPIDER_ws/install/nav2_msgs/include/nav2_msgs/srv/detail/clear_entire_costmap__functions.c
[121.593s] -- Installing: /home/dfolse/repos/SPIDER/SPIDER_ws/install/nav2_msgs/include/nav2_msgs/srv/detail/manage_lifecycle_nodes__struct.h
[121.593s] -- Installing: /home/dfolse/repos/SPIDER/SPIDER_ws/install/nav2_msgs/include/nav2_msgs/srv/detail/clear_entire_costmap__struct.h
[121.596s] -- Installing: /home/dfolse/repos/SPIDER/SPIDER_ws/install/nav2_msgs/include/nav2_msgs/srv/clear_costmap_except_region.h
[121.596s] -- Installing: /home/dfolse/repos/SPIDER/SPIDER_ws/install/nav2_msgs/include/nav2_msgs/srv/get_costmap.h
[121.596s] -- Installing: /home/dfolse/repos/SPIDER/SPIDER_ws/install/nav2_msgs/include/nav2_msgs/srv/clear_entire_costmap.h
[121.596s] -- Installing: /home/dfolse/repos/SPIDER/SPIDER_ws/install/nav2_msgs/include/nav2_msgs/srv/load_map.h
[121.597s] -- Installing: /home/dfolse/repos/SPIDER/SPIDER_ws/install/nav2_msgs/include/nav2_msgs/msg
[121.597s] -- Installing: /home/dfolse/repos/SPIDER/SPIDER_ws/install/nav2_msgs/include/nav2_msgs/msg/particle_cloud.h
[121.598s] -- Installing: /home/dfolse/repos/SPIDER/SPIDER_ws/install/nav2_msgs/include/nav2_msgs/msg/particle.h
[121.598s] -- Installing: /home/dfolse/repos/SPIDER/SPIDER_ws/install/nav2_msgs/include/nav2_msgs/msg/detail
[121.599s] -- Installing: /home/dfolse/repos/SPIDER/SPIDER_ws/install/nav2_msgs/include/nav2_msgs/msg/detail/costmap_meta_data__type_support.h
[121.601s] -- Installing: /home/dfolse/repos/SPIDER/SPIDER_ws/install/nav2_msgs/include/nav2_msgs/msg/detail/behavior_tree_status_change__functions.c
[121.602s] -- Installing: /home/dfolse/repos/SPIDER/SPIDER_ws/install/nav2_msgs/include/nav2_msgs/msg/detail/costmap__type_support.h
[121.603s] -- Installing: /home/dfolse/repos/SPIDER/SPIDER_ws/install/nav2_msgs/include/nav2_msgs/msg/detail/particle_cloud__functions.c
[121.603s] -- Installing: /home/dfolse/repos/SPIDER/SPIDER_ws/install/nav2_msgs/include/nav2_msgs/msg/detail/particle__functions.c
[121.603s] -- Installing: /home/dfolse/repos/SPIDER/SPIDER_ws/install/nav2_msgs/include/nav2_msgs/msg/detail/behavior_tree_log__type_support.h
[121.604s] -- Installing: /home/dfolse/repos/SPIDER/SPIDER_ws/install/nav2_msgs/include/nav2_msgs/msg/detail/voxel_grid__struct.h
[121.614s] -- Installing: /home/dfolse/repos/SPIDER/SPIDER_ws/install/nav2_msgs/include/nav2_msgs/msg/detail/particle_cloud__type_support.h
[121.615s] -- Installing: /home/dfolse/repos/SPIDER/SPIDER_ws/install/nav2_msgs/include/nav2_msgs/msg/detail/behavior_tree_status_change__type_support.h
[121.615s] -- Installing: /home/dfolse/repos/SPIDER/SPIDER_ws/install/nav2_msgs/include/nav2_msgs/msg/detail/particle_cloud__functions.h
[121.615s] -- Installing: /home/dfolse/repos/SPIDER/SPIDER_ws/install/nav2_msgs/include/nav2_msgs/msg/detail/costmap_meta_data__functions.h
[121.615s] -- Installing: /home/dfolse/repos/SPIDER/SPIDER_ws/install/nav2_msgs/include/nav2_msgs/msg/detail/costmap__functions.h
[121.615s] -- Installing: /home/dfolse/repos/SPIDER/SPIDER_ws/install/nav2_msgs/include/nav2_msgs/msg/detail/particle__functions.h
[121.615s] -- Installing: /home/dfolse/repos/SPIDER/SPIDER_ws/install/nav2_msgs/include/nav2_msgs/msg/detail/costmap__struct.h
[121.616s] -- Installing: /home/dfolse/repos/SPIDER/SPIDER_ws/install/nav2_msgs/include/nav2_msgs/msg/detail/behavior_tree_log__functions.h
[121.617s] -- Installing: /home/dfolse/repos/SPIDER/SPIDER_ws/install/nav2_msgs/include/nav2_msgs/msg/detail/behavior_tree_log__functions.c
[121.617s] -- Installing: /home/dfolse/repos/SPIDER/SPIDER_ws/install/nav2_msgs/include/nav2_msgs/msg/detail/behavior_tree_status_change__struct.h
[121.617s] -- Installing: /home/dfolse/repos/SPIDER/SPIDER_ws/install/nav2_msgs/include/nav2_msgs/msg/detail/behavior_tree_status_change__functions.h
[121.618s] -- Installing: /home/dfolse/repos/SPIDER/SPIDER_ws/install/nav2_msgs/include/nav2_msgs/msg/detail/voxel_grid__functions.c
[121.619s] -- Installing: /home/dfolse/repos/SPIDER/SPIDER_ws/install/nav2_msgs/include/nav2_msgs/msg/detail/particle_cloud__struct.h
[121.619s] -- Installing: /home/dfolse/repos/SPIDER/SPIDER_ws/install/nav2_msgs/include/nav2_msgs/msg/detail/particle__struct.h
[121.620s] -- Installing: /home/dfolse/repos/SPIDER/SPIDER_ws/install/nav2_msgs/include/nav2_msgs/msg/detail/voxel_grid__type_support.h
[121.621s] -- Installing: /home/dfolse/repos/SPIDER/SPIDER_ws/install/nav2_msgs/include/nav2_msgs/msg/detail/costmap__functions.c
[121.623s] -- Installing: /home/dfolse/repos/SPIDER/SPIDER_ws/install/nav2_msgs/include/nav2_msgs/msg/detail/voxel_grid__functions.h
[121.624s] -- Installing: /home/dfolse/repos/SPIDER/SPIDER_ws/install/nav2_msgs/include/nav2_msgs/msg/detail/costmap_meta_data__functions.c
[121.624s] -- Installing: /home/dfolse/repos/SPIDER/SPIDER_ws/install/nav2_msgs/include/nav2_msgs/msg/detail/particle__type_support.h
[121.625s] -- Installing: /home/dfolse/repos/SPIDER/SPIDER_ws/install/nav2_msgs/include/nav2_msgs/msg/detail/costmap_meta_data__struct.h
[121.626s] -- Installing: /home/dfolse/repos/SPIDER/SPIDER_ws/install/nav2_msgs/include/nav2_msgs/msg/detail/behavior_tree_log__struct.h
[121.626s] -- Installing: /home/dfolse/repos/SPIDER/SPIDER_ws/install/nav2_msgs/include/nav2_msgs/msg/behavior_tree_status_change.h
[121.629s] -- Installing: /home/dfolse/repos/SPIDER/SPIDER_ws/install/nav2_msgs/include/nav2_msgs/msg/costmap_meta_data.h
[121.633s] -- Installing: /home/dfolse/repos/SPIDER/SPIDER_ws/install/nav2_msgs/include/nav2_msgs/msg/costmap.h
[121.633s] -- Installing: /home/dfolse/repos/SPIDER/SPIDER_ws/install/nav2_msgs/include/nav2_msgs/msg/voxel_grid.h
[121.633s] -- Installing: /home/dfolse/repos/SPIDER/SPIDER_ws/install/nav2_msgs/include/nav2_msgs/msg/rosidl_generator_c__visibility_control.h
[121.633s] -- Installing: /home/dfolse/repos/SPIDER/SPIDER_ws/install/nav2_msgs/include/nav2_msgs/msg/behavior_tree_log.h
[121.633s] -- Installing: /home/dfolse/repos/SPIDER/SPIDER_ws/install/nav2_msgs/include/nav2_msgs/action
[121.633s] -- Installing: /home/dfolse/repos/SPIDER/SPIDER_ws/install/nav2_msgs/include/nav2_msgs/action/back_up.h
[121.634s] -- Installing: /home/dfolse/repos/SPIDER/SPIDER_ws/install/nav2_msgs/include/nav2_msgs/action/follow_path.h
[121.637s] -- Installing: /home/dfolse/repos/SPIDER/SPIDER_ws/install/nav2_msgs/include/nav2_msgs/action/wait.h
[121.638s] -- Installing: /home/dfolse/repos/SPIDER/SPIDER_ws/install/nav2_msgs/include/nav2_msgs/action/compute_path_to_pose.h
[121.641s] -- Installing: /home/dfolse/repos/SPIDER/SPIDER_ws/install/nav2_msgs/include/nav2_msgs/action/follow_waypoints.h
[121.643s] -- Installing: /home/dfolse/repos/SPIDER/SPIDER_ws/install/nav2_msgs/include/nav2_msgs/action/detail
[121.643s] -- Installing: /home/dfolse/repos/SPIDER/SPIDER_ws/install/nav2_msgs/include/nav2_msgs/action/detail/navigate_to_pose__struct.h
[121.643s] -- Installing: /home/dfolse/repos/SPIDER/SPIDER_ws/install/nav2_msgs/include/nav2_msgs/action/detail/wait__type_support.h
[121.645s] -- Installing: /home/dfolse/repos/SPIDER/SPIDER_ws/install/nav2_msgs/include/nav2_msgs/action/detail/follow_path__functions.h
[121.649s] -- Installing: /home/dfolse/repos/SPIDER/SPIDER_ws/install/nav2_msgs/include/nav2_msgs/action/detail/spin__functions.c
[121.659s] -- Installing: /home/dfolse/repos/SPIDER/SPIDER_ws/install/nav2_msgs/include/nav2_msgs/action/detail/wait__functions.c
[121.660s] -- Installing: /home/dfolse/repos/SPIDER/SPIDER_ws/install/nav2_msgs/include/nav2_msgs/action/detail/navigate_to_pose__functions.h
[121.660s] -- Installing: /home/dfolse/repos/SPIDER/SPIDER_ws/install/nav2_msgs/include/nav2_msgs/action/detail/wait__struct.h
[121.660s] -- Installing: /home/dfolse/repos/SPIDER/SPIDER_ws/install/nav2_msgs/include/nav2_msgs/action/detail/compute_path_to_pose__type_support.h
[121.660s] -- Installing: /home/dfolse/repos/SPIDER/SPIDER_ws/install/nav2_msgs/include/nav2_msgs/action/detail/wait__functions.h
[121.660s] -- Installing: /home/dfolse/repos/SPIDER/SPIDER_ws/install/nav2_msgs/include/nav2_msgs/action/detail/dummy_recovery__struct.h
[121.660s] -- Installing: /home/dfolse/repos/SPIDER/SPIDER_ws/install/nav2_msgs/include/nav2_msgs/action/detail/follow_waypoints__type_support.h
[121.660s] -- Installing: /home/dfolse/repos/SPIDER/SPIDER_ws/install/nav2_msgs/include/nav2_msgs/action/detail/spin__struct.h
[121.661s] -- Installing: /home/dfolse/repos/SPIDER/SPIDER_ws/install/nav2_msgs/include/nav2_msgs/action/detail/navigate_to_pose__type_support.h
[121.661s] -- Installing: /home/dfolse/repos/SPIDER/SPIDER_ws/install/nav2_msgs/include/nav2_msgs/action/detail/back_up__struct.h
[121.661s] -- Installing: /home/dfolse/repos/SPIDER/SPIDER_ws/install/nav2_msgs/include/nav2_msgs/action/detail/dummy_recovery__type_support.h
[121.661s] -- Installing: /home/dfolse/repos/SPIDER/SPIDER_ws/install/nav2_msgs/include/nav2_msgs/action/detail/follow_waypoints__struct.h
[121.661s] -- Installing: /home/dfolse/repos/SPIDER/SPIDER_ws/install/nav2_msgs/include/nav2_msgs/action/detail/compute_path_to_pose__functions.c
[121.661s] -- Installing: /home/dfolse/repos/SPIDER/SPIDER_ws/install/nav2_msgs/include/nav2_msgs/action/detail/spin__functions.h
[121.664s] -- Installing: /home/dfolse/repos/SPIDER/SPIDER_ws/install/nav2_msgs/include/nav2_msgs/action/detail/follow_path__type_support.h
[121.665s] -- Installing: /home/dfolse/repos/SPIDER/SPIDER_ws/install/nav2_msgs/include/nav2_msgs/action/detail/back_up__functions.h
[121.666s] -- Installing: /home/dfolse/repos/SPIDER/SPIDER_ws/install/nav2_msgs/include/nav2_msgs/action/detail/follow_path__struct.h
[121.666s] -- Installing: /home/dfolse/repos/SPIDER/SPIDER_ws/install/nav2_msgs/include/nav2_msgs/action/detail/compute_path_to_pose__functions.h
[121.667s] -- Installing: /home/dfolse/repos/SPIDER/SPIDER_ws/install/nav2_msgs/include/nav2_msgs/action/detail/compute_path_to_pose__struct.h
[121.668s] -- Installing: /home/dfolse/repos/SPIDER/SPIDER_ws/install/nav2_msgs/include/nav2_msgs/action/detail/follow_waypoints__functions.c
[121.669s] -- Installing: /home/dfolse/repos/SPIDER/SPIDER_ws/install/nav2_msgs/include/nav2_msgs/action/detail/follow_path__functions.c
[121.672s] -- Installing: /home/dfolse/repos/SPIDER/SPIDER_ws/install/nav2_msgs/include/nav2_msgs/action/detail/navigate_to_pose__functions.c
[121.673s] -- Installing: /home/dfolse/repos/SPIDER/SPIDER_ws/install/nav2_msgs/include/nav2_msgs/action/detail/dummy_recovery__functions.h
[121.677s] -- Installing: /home/dfolse/repos/SPIDER/SPIDER_ws/install/nav2_msgs/include/nav2_msgs/action/detail/back_up__functions.c
[121.678s] -- Installing: /home/dfolse/repos/SPIDER/SPIDER_ws/install/nav2_msgs/include/nav2_msgs/action/detail/dummy_recovery__functions.c
[121.681s] -- Installing: /home/dfolse/repos/SPIDER/SPIDER_ws/install/nav2_msgs/include/nav2_msgs/action/detail/follow_waypoints__functions.h
[121.683s] -- Installing: /home/dfolse/repos/SPIDER/SPIDER_ws/install/nav2_msgs/include/nav2_msgs/action/detail/back_up__type_support.h
[121.688s] -- Installing: /home/dfolse/repos/SPIDER/SPIDER_ws/install/nav2_msgs/include/nav2_msgs/action/detail/spin__type_support.h
[121.689s] -- Installing: /home/dfolse/repos/SPIDER/SPIDER_ws/install/nav2_msgs/include/nav2_msgs/action/spin.h
[121.690s] -- Installing: /home/dfolse/repos/SPIDER/SPIDER_ws/install/nav2_msgs/include/nav2_msgs/action/dummy_recovery.h
[121.691s] -- Installing: /home/dfolse/repos/SPIDER/SPIDER_ws/install/nav2_msgs/include/nav2_msgs/action/navigate_to_pose.h
[121.698s] -- Installing: /home/dfolse/repos/SPIDER/SPIDER_ws/install/nav2_msgs/share/nav2_msgs/environment/library_path.sh
[121.699s] -- Installing: /home/dfolse/repos/SPIDER/SPIDER_ws/install/nav2_msgs/share/nav2_msgs/environment/library_path.dsv
[121.711s] -- Installing: /home/dfolse/repos/SPIDER/SPIDER_ws/install/nav2_msgs/lib/libnav2_msgs__rosidl_generator_c.so
[121.711s] -- Set runtime path of "/home/dfolse/repos/SPIDER/SPIDER_ws/install/nav2_msgs/lib/libnav2_msgs__rosidl_generator_c.so" to ""
[121.711s] -- Up-to-date: /home/dfolse/repos/SPIDER/SPIDER_ws/install/nav2_msgs/include/nav2_msgs
[121.712s] -- Up-to-date: /home/dfolse/repos/SPIDER/SPIDER_ws/install/nav2_msgs/include/nav2_msgs/srv
[121.712s] -- Up-to-date: /home/dfolse/repos/SPIDER/SPIDER_ws/install/nav2_msgs/include/nav2_msgs/srv/detail
[121.712s] -- Installing: /home/dfolse/repos/SPIDER/SPIDER_ws/install/nav2_msgs/include/nav2_msgs/srv/detail/load_map__rosidl_typesupport_fastrtps_c.h
[121.712s] -- Installing: /home/dfolse/repos/SPIDER/SPIDER_ws/install/nav2_msgs/include/nav2_msgs/srv/detail/get_costmap__rosidl_typesupport_fastrtps_c.h
[121.712s] -- Installing: /home/dfolse/repos/SPIDER/SPIDER_ws/install/nav2_msgs/include/nav2_msgs/srv/detail/manage_lifecycle_nodes__rosidl_typesupport_fastrtps_c.h
[121.713s] -- Installing: /home/dfolse/repos/SPIDER/SPIDER_ws/install/nav2_msgs/include/nav2_msgs/srv/detail/clear_entire_costmap__rosidl_typesupport_fastrtps_c.h
[121.717s] -- Installing: /home/dfolse/repos/SPIDER/SPIDER_ws/install/nav2_msgs/include/nav2_msgs/srv/detail/clear_costmap_except_region__rosidl_typesupport_fastrtps_c.h
[121.717s] -- Installing: /home/dfolse/repos/SPIDER/SPIDER_ws/install/nav2_msgs/include/nav2_msgs/srv/detail/clear_costmap_around_robot__rosidl_typesupport_fastrtps_c.h
[121.718s] -- Installing: /home/dfolse/repos/SPIDER/SPIDER_ws/install/nav2_msgs/include/nav2_msgs/srv/detail/save_map__rosidl_typesupport_fastrtps_c.h
[121.718s] -- Up-to-date: /home/dfolse/repos/SPIDER/SPIDER_ws/install/nav2_msgs/include/nav2_msgs/msg
[121.718s] -- Installing: /home/dfolse/repos/SPIDER/SPIDER_ws/install/nav2_msgs/include/nav2_msgs/msg/rosidl_typesupport_fastrtps_c__visibility_control.h
[121.719s] -- Up-to-date: /home/dfolse/repos/SPIDER/SPIDER_ws/install/nav2_msgs/include/nav2_msgs/msg/detail
[121.720s] -- Installing: /home/dfolse/repos/SPIDER/SPIDER_ws/install/nav2_msgs/include/nav2_msgs/msg/detail/behavior_tree_log__rosidl_typesupport_fastrtps_c.h
[121.720s] -- Installing: /home/dfolse/repos/SPIDER/SPIDER_ws/install/nav2_msgs/include/nav2_msgs/msg/detail/particle__rosidl_typesupport_fastrtps_c.h
[121.720s] -- Installing: /home/dfolse/repos/SPIDER/SPIDER_ws/install/nav2_msgs/include/nav2_msgs/msg/detail/costmap__rosidl_typesupport_fastrtps_c.h
[121.720s] -- Installing: /home/dfolse/repos/SPIDER/SPIDER_ws/install/nav2_msgs/include/nav2_msgs/msg/detail/behavior_tree_status_change__rosidl_typesupport_fastrtps_c.h
[121.720s] -- Installing: /home/dfolse/repos/SPIDER/SPIDER_ws/install/nav2_msgs/include/nav2_msgs/msg/detail/voxel_grid__rosidl_typesupport_fastrtps_c.h
[121.721s] -- Installing: /home/dfolse/repos/SPIDER/SPIDER_ws/install/nav2_msgs/include/nav2_msgs/msg/detail/costmap_meta_data__rosidl_typesupport_fastrtps_c.h
[121.722s] -- Installing: /home/dfolse/repos/SPIDER/SPIDER_ws/install/nav2_msgs/include/nav2_msgs/msg/detail/particle_cloud__rosidl_typesupport_fastrtps_c.h
[121.724s] -- Up-to-date: /home/dfolse/repos/SPIDER/SPIDER_ws/install/nav2_msgs/include/nav2_msgs/action
[121.724s] -- Up-to-date: /home/dfolse/repos/SPIDER/SPIDER_ws/install/nav2_msgs/include/nav2_msgs/action/detail
[121.726s] -- Installing: /home/dfolse/repos/SPIDER/SPIDER_ws/install/nav2_msgs/include/nav2_msgs/action/detail/spin__rosidl_typesupport_fastrtps_c.h
[121.728s] -- Installing: /home/dfolse/repos/SPIDER/SPIDER_ws/install/nav2_msgs/include/nav2_msgs/action/detail/follow_path__rosidl_typesupport_fastrtps_c.h
[121.729s] -- Installing: /home/dfolse/repos/SPIDER/SPIDER_ws/install/nav2_msgs/include/nav2_msgs/action/detail/navigate_to_pose__rosidl_typesupport_fastrtps_c.h
[121.731s] -- Installing: /home/dfolse/repos/SPIDER/SPIDER_ws/install/nav2_msgs/include/nav2_msgs/action/detail/compute_path_to_pose__rosidl_typesupport_fastrtps_c.h
[121.733s] -- Installing: /home/dfolse/repos/SPIDER/SPIDER_ws/install/nav2_msgs/include/nav2_msgs/action/detail/back_up__rosidl_typesupport_fastrtps_c.h
[121.736s] -- Installing: /home/dfolse/repos/SPIDER/SPIDER_ws/install/nav2_msgs/include/nav2_msgs/action/detail/follow_waypoints__rosidl_typesupport_fastrtps_c.h
[121.741s] -- Installing: /home/dfolse/repos/SPIDER/SPIDER_ws/install/nav2_msgs/include/nav2_msgs/action/detail/wait__rosidl_typesupport_fastrtps_c.h
[121.742s] -- Installing: /home/dfolse/repos/SPIDER/SPIDER_ws/install/nav2_msgs/include/nav2_msgs/action/detail/dummy_recovery__rosidl_typesupport_fastrtps_c.h
[121.747s] -- Installing: /home/dfolse/repos/SPIDER/SPIDER_ws/install/nav2_msgs/lib/libnav2_msgs__rosidl_typesupport_fastrtps_c.so
[121.749s] -- Set runtime path of "/home/dfolse/repos/SPIDER/SPIDER_ws/install/nav2_msgs/lib/libnav2_msgs__rosidl_typesupport_fastrtps_c.so" to ""
[121.751s] -- Up-to-date: /home/dfolse/repos/SPIDER/SPIDER_ws/install/nav2_msgs/include/nav2_msgs
[121.751s] -- Up-to-date: /home/dfolse/repos/SPIDER/SPIDER_ws/install/nav2_msgs/include/nav2_msgs/srv
[121.752s] -- Up-to-date: /home/dfolse/repos/SPIDER/SPIDER_ws/install/nav2_msgs/include/nav2_msgs/srv/detail
[121.756s] -- Installing: /home/dfolse/repos/SPIDER/SPIDER_ws/install/nav2_msgs/include/nav2_msgs/srv/detail/load_map__rosidl_typesupport_fastrtps_cpp.hpp
[121.756s] -- Installing: /home/dfolse/repos/SPIDER/SPIDER_ws/install/nav2_msgs/include/nav2_msgs/srv/detail/manage_lifecycle_nodes__rosidl_typesupport_fastrtps_cpp.hpp
[121.757s] -- Installing: /home/dfolse/repos/SPIDER/SPIDER_ws/install/nav2_msgs/include/nav2_msgs/srv/detail/save_map__rosidl_typesupport_fastrtps_cpp.hpp
[121.758s] -- Installing: /home/dfolse/repos/SPIDER/SPIDER_ws/install/nav2_msgs/include/nav2_msgs/srv/detail/get_costmap__rosidl_typesupport_fastrtps_cpp.hpp
[121.759s] -- Installing: /home/dfolse/repos/SPIDER/SPIDER_ws/install/nav2_msgs/include/nav2_msgs/srv/detail/dds_fastrtps
[121.762s] -- Installing: /home/dfolse/repos/SPIDER/SPIDER_ws/install/nav2_msgs/include/nav2_msgs/srv/detail/clear_entire_costmap__rosidl_typesupport_fastrtps_cpp.hpp
[121.763s] -- Installing: /home/dfolse/repos/SPIDER/SPIDER_ws/install/nav2_msgs/include/nav2_msgs/srv/detail/clear_costmap_around_robot__rosidl_typesupport_fastrtps_cpp.hpp
[121.764s] -- Installing: /home/dfolse/repos/SPIDER/SPIDER_ws/install/nav2_msgs/include/nav2_msgs/srv/detail/clear_costmap_except_region__rosidl_typesupport_fastrtps_cpp.hpp
[121.765s] -- Up-to-date: /home/dfolse/repos/SPIDER/SPIDER_ws/install/nav2_msgs/include/nav2_msgs/msg
[121.766s] -- Up-to-date: /home/dfolse/repos/SPIDER/SPIDER_ws/install/nav2_msgs/include/nav2_msgs/msg/detail
[121.766s] -- Installing: /home/dfolse/repos/SPIDER/SPIDER_ws/install/nav2_msgs/include/nav2_msgs/msg/detail/costmap_meta_data__rosidl_typesupport_fastrtps_cpp.hpp
[121.767s] -- Installing: /home/dfolse/repos/SPIDER/SPIDER_ws/install/nav2_msgs/include/nav2_msgs/msg/detail/particle__rosidl_typesupport_fastrtps_cpp.hpp
[121.768s] -- Installing: /home/dfolse/repos/SPIDER/SPIDER_ws/install/nav2_msgs/include/nav2_msgs/msg/detail/dds_fastrtps
[121.776s] -- Installing: /home/dfolse/repos/SPIDER/SPIDER_ws/install/nav2_msgs/include/nav2_msgs/msg/detail/behavior_tree_log__rosidl_typesupport_fastrtps_cpp.hpp
[121.777s] -- Installing: /home/dfolse/repos/SPIDER/SPIDER_ws/install/nav2_msgs/include/nav2_msgs/msg/detail/particle_cloud__rosidl_typesupport_fastrtps_cpp.hpp
[121.778s] -- Installing: /home/dfolse/repos/SPIDER/SPIDER_ws/install/nav2_msgs/include/nav2_msgs/msg/detail/behavior_tree_status_change__rosidl_typesupport_fastrtps_cpp.hpp
[121.785s] -- Installing: /home/dfolse/repos/SPIDER/SPIDER_ws/install/nav2_msgs/include/nav2_msgs/msg/detail/voxel_grid__rosidl_typesupport_fastrtps_cpp.hpp
[121.786s] -- Installing: /home/dfolse/repos/SPIDER/SPIDER_ws/install/nav2_msgs/include/nav2_msgs/msg/detail/costmap__rosidl_typesupport_fastrtps_cpp.hpp
[121.786s] -- Installing: /home/dfolse/repos/SPIDER/SPIDER_ws/install/nav2_msgs/include/nav2_msgs/msg/rosidl_typesupport_fastrtps_cpp__visibility_control.h
[121.786s] -- Up-to-date: /home/dfolse/repos/SPIDER/SPIDER_ws/install/nav2_msgs/include/nav2_msgs/action
[121.786s] -- Up-to-date: /home/dfolse/repos/SPIDER/SPIDER_ws/install/nav2_msgs/include/nav2_msgs/action/detail
[121.787s] -- Installing: /home/dfolse/repos/SPIDER/SPIDER_ws/install/nav2_msgs/include/nav2_msgs/action/detail/wait__rosidl_typesupport_fastrtps_cpp.hpp
[121.789s] -- Installing: /home/dfolse/repos/SPIDER/SPIDER_ws/install/nav2_msgs/include/nav2_msgs/action/detail/compute_path_to_pose__rosidl_typesupport_fastrtps_cpp.hpp
[121.789s] -- Installing: /home/dfolse/repos/SPIDER/SPIDER_ws/install/nav2_msgs/include/nav2_msgs/action/detail/back_up__rosidl_typesupport_fastrtps_cpp.hpp
[121.789s] -- Installing: /home/dfolse/repos/SPIDER/SPIDER_ws/install/nav2_msgs/include/nav2_msgs/action/detail/follow_path__rosidl_typesupport_fastrtps_cpp.hpp
[121.790s] -- Installing: /home/dfolse/repos/SPIDER/SPIDER_ws/install/nav2_msgs/include/nav2_msgs/action/detail/dummy_recovery__rosidl_typesupport_fastrtps_cpp.hpp
[121.790s] -- Installing: /home/dfolse/repos/SPIDER/SPIDER_ws/install/nav2_msgs/include/nav2_msgs/action/detail/dds_fastrtps
[121.796s] -- Installing: /home/dfolse/repos/SPIDER/SPIDER_ws/install/nav2_msgs/include/nav2_msgs/action/detail/spin__rosidl_typesupport_fastrtps_cpp.hpp
[121.796s] -- Installing: /home/dfolse/repos/SPIDER/SPIDER_ws/install/nav2_msgs/include/nav2_msgs/action/detail/navigate_to_pose__rosidl_typesupport_fastrtps_cpp.hpp
[121.796s] -- Installing: /home/dfolse/repos/SPIDER/SPIDER_ws/install/nav2_msgs/include/nav2_msgs/action/detail/follow_waypoints__rosidl_typesupport_fastrtps_cpp.hpp
[121.796s] -- Installing: /home/dfolse/repos/SPIDER/SPIDER_ws/install/nav2_msgs/lib/libnav2_msgs__rosidl_typesupport_fastrtps_cpp.so
[121.802s] -- Set runtime path of "/home/dfolse/repos/SPIDER/SPIDER_ws/install/nav2_msgs/lib/libnav2_msgs__rosidl_typesupport_fastrtps_cpp.so" to ""
[121.802s] -- Up-to-date: /home/dfolse/repos/SPIDER/SPIDER_ws/install/nav2_msgs/include/nav2_msgs
[121.802s] -- Up-to-date: /home/dfolse/repos/SPIDER/SPIDER_ws/install/nav2_msgs/include/nav2_msgs/srv
[121.802s] -- Up-to-date: /home/dfolse/repos/SPIDER/SPIDER_ws/install/nav2_msgs/include/nav2_msgs/srv/detail
[121.803s] -- Installing: /home/dfolse/repos/SPIDER/SPIDER_ws/install/nav2_msgs/include/nav2_msgs/srv/detail/get_costmap__type_support.c
[121.803s] -- Installing: /home/dfolse/repos/SPIDER/SPIDER_ws/install/nav2_msgs/include/nav2_msgs/srv/detail/load_map__type_support.c
[121.804s] -- Installing: /home/dfolse/repos/SPIDER/SPIDER_ws/install/nav2_msgs/include/nav2_msgs/srv/detail/clear_costmap_except_region__type_support.c
[121.804s] -- Installing: /home/dfolse/repos/SPIDER/SPIDER_ws/install/nav2_msgs/include/nav2_msgs/srv/detail/load_map__rosidl_typesupport_introspection_c.h
[121.805s] -- Installing: /home/dfolse/repos/SPIDER/SPIDER_ws/install/nav2_msgs/include/nav2_msgs/srv/detail/clear_costmap_around_robot__rosidl_typesupport_introspection_c.h
[121.806s] -- Installing: /home/dfolse/repos/SPIDER/SPIDER_ws/install/nav2_msgs/include/nav2_msgs/srv/detail/save_map__rosidl_typesupport_introspection_c.h
[121.806s] -- Installing: /home/dfolse/repos/SPIDER/SPIDER_ws/install/nav2_msgs/include/nav2_msgs/srv/detail/clear_costmap_except_region__rosidl_typesupport_introspection_c.h
[121.809s] -- Installing: /home/dfolse/repos/SPIDER/SPIDER_ws/install/nav2_msgs/include/nav2_msgs/srv/detail/save_map__type_support.c
[121.809s] -- Installing: /home/dfolse/repos/SPIDER/SPIDER_ws/install/nav2_msgs/include/nav2_msgs/srv/detail/manage_lifecycle_nodes__type_support.c
[121.809s] -- Installing: /home/dfolse/repos/SPIDER/SPIDER_ws/install/nav2_msgs/include/nav2_msgs/srv/detail/manage_lifecycle_nodes__rosidl_typesupport_introspection_c.h
[121.809s] -- Installing: /home/dfolse/repos/SPIDER/SPIDER_ws/install/nav2_msgs/include/nav2_msgs/srv/detail/get_costmap__rosidl_typesupport_introspection_c.h
[121.810s] -- Installing: /home/dfolse/repos/SPIDER/SPIDER_ws/install/nav2_msgs/include/nav2_msgs/srv/detail/clear_costmap_around_robot__type_support.c
[121.810s] -- Installing: /home/dfolse/repos/SPIDER/SPIDER_ws/install/nav2_msgs/include/nav2_msgs/srv/detail/clear_entire_costmap__type_support.c
[121.810s] -- Installing: /home/dfolse/repos/SPIDER/SPIDER_ws/install/nav2_msgs/include/nav2_msgs/srv/detail/clear_entire_costmap__rosidl_typesupport_introspection_c.h
[121.810s] -- Up-to-date: /home/dfolse/repos/SPIDER/SPIDER_ws/install/nav2_msgs/include/nav2_msgs/msg
[121.812s] -- Up-to-date: /home/dfolse/repos/SPIDER/SPIDER_ws/install/nav2_msgs/include/nav2_msgs/msg/detail
[121.813s] -- Installing: /home/dfolse/repos/SPIDER/SPIDER_ws/install/nav2_msgs/include/nav2_msgs/msg/detail/behavior_tree_status_change__rosidl_typesupport_introspection_c.h
[121.815s] -- Installing: /home/dfolse/repos/SPIDER/SPIDER_ws/install/nav2_msgs/include/nav2_msgs/msg/detail/behavior_tree_log__type_support.c
[121.815s] -- Installing: /home/dfolse/repos/SPIDER/SPIDER_ws/install/nav2_msgs/include/nav2_msgs/msg/detail/voxel_grid__type_support.c
[121.815s] -- Installing: /home/dfolse/repos/SPIDER/SPIDER_ws/install/nav2_msgs/include/nav2_msgs/msg/detail/behavior_tree_status_change__type_support.c
[121.816s] -- Installing: /home/dfolse/repos/SPIDER/SPIDER_ws/install/nav2_msgs/include/nav2_msgs/msg/detail/costmap__type_support.c
[121.817s] -- Installing: /home/dfolse/repos/SPIDER/SPIDER_ws/install/nav2_msgs/include/nav2_msgs/msg/detail/voxel_grid__rosidl_typesupport_introspection_c.h
[121.825s] -- Installing: /home/dfolse/repos/SPIDER/SPIDER_ws/install/nav2_msgs/include/nav2_msgs/msg/detail/particle_cloud__rosidl_typesupport_introspection_c.h
[121.827s] -- Installing: /home/dfolse/repos/SPIDER/SPIDER_ws/install/nav2_msgs/include/nav2_msgs/msg/detail/behavior_tree_log__rosidl_typesupport_introspection_c.h
[121.830s] -- Installing: /home/dfolse/repos/SPIDER/SPIDER_ws/install/nav2_msgs/include/nav2_msgs/msg/detail/costmap_meta_data__type_support.c
[121.830s] -- Installing: /home/dfolse/repos/SPIDER/SPIDER_ws/install/nav2_msgs/include/nav2_msgs/msg/detail/particle__rosidl_typesupport_introspection_c.h
[121.831s] -- Installing: /home/dfolse/repos/SPIDER/SPIDER_ws/install/nav2_msgs/include/nav2_msgs/msg/detail/costmap__rosidl_typesupport_introspection_c.h
[121.831s] -- Installing: /home/dfolse/repos/SPIDER/SPIDER_ws/install/nav2_msgs/include/nav2_msgs/msg/detail/costmap_meta_data__rosidl_typesupport_introspection_c.h
[121.831s] -- Installing: /home/dfolse/repos/SPIDER/SPIDER_ws/install/nav2_msgs/include/nav2_msgs/msg/detail/particle_cloud__type_support.c
[121.831s] -- Installing: /home/dfolse/repos/SPIDER/SPIDER_ws/install/nav2_msgs/include/nav2_msgs/msg/detail/particle__type_support.c
[121.832s] -- Installing: /home/dfolse/repos/SPIDER/SPIDER_ws/install/nav2_msgs/include/nav2_msgs/msg/rosidl_typesupport_introspection_c__visibility_control.h
[121.832s] -- Up-to-date: /home/dfolse/repos/SPIDER/SPIDER_ws/install/nav2_msgs/include/nav2_msgs/action
[121.833s] -- Up-to-date: /home/dfolse/repos/SPIDER/SPIDER_ws/install/nav2_msgs/include/nav2_msgs/action/detail
[121.833s] -- Installing: /home/dfolse/repos/SPIDER/SPIDER_ws/install/nav2_msgs/include/nav2_msgs/action/detail/navigate_to_pose__rosidl_typesupport_introspection_c.h
[121.833s] -- Installing: /home/dfolse/repos/SPIDER/SPIDER_ws/install/nav2_msgs/include/nav2_msgs/action/detail/follow_path__type_support.c
[121.835s] -- Installing: /home/dfolse/repos/SPIDER/SPIDER_ws/install/nav2_msgs/include/nav2_msgs/action/detail/back_up__rosidl_typesupport_introspection_c.h
[121.835s] -- Installing: /home/dfolse/repos/SPIDER/SPIDER_ws/install/nav2_msgs/include/nav2_msgs/action/detail/back_up__type_support.c
[121.836s] -- Installing: /home/dfolse/repos/SPIDER/SPIDER_ws/install/nav2_msgs/include/nav2_msgs/action/detail/follow_path__rosidl_typesupport_introspection_c.h
[121.836s] -- Installing: /home/dfolse/repos/SPIDER/SPIDER_ws/install/nav2_msgs/include/nav2_msgs/action/detail/compute_path_to_pose__rosidl_typesupport_introspection_c.h
[121.837s] -- Installing: /home/dfolse/repos/SPIDER/SPIDER_ws/install/nav2_msgs/include/nav2_msgs/action/detail/navigate_to_pose__type_support.c
[121.837s] -- Installing: /home/dfolse/repos/SPIDER/SPIDER_ws/install/nav2_msgs/include/nav2_msgs/action/detail/spin__rosidl_typesupport_introspection_c.h
[121.841s] -- Installing: /home/dfolse/repos/SPIDER/SPIDER_ws/install/nav2_msgs/include/nav2_msgs/action/detail/dummy_recovery__type_support.c
[121.843s] -- Installing: /home/dfolse/repos/SPIDER/SPIDER_ws/install/nav2_msgs/include/nav2_msgs/action/detail/dummy_recovery__rosidl_typesupport_introspection_c.h
[121.844s] -- Installing: /home/dfolse/repos/SPIDER/SPIDER_ws/install/nav2_msgs/include/nav2_msgs/action/detail/compute_path_to_pose__type_support.c
[121.846s] -- Installing: /home/dfolse/repos/SPIDER/SPIDER_ws/install/nav2_msgs/include/nav2_msgs/action/detail/follow_waypoints__type_support.c
[121.855s] -- Installing: /home/dfolse/repos/SPIDER/SPIDER_ws/install/nav2_msgs/include/nav2_msgs/action/detail/spin__type_support.c
[121.864s] -- Installing: /home/dfolse/repos/SPIDER/SPIDER_ws/install/nav2_msgs/include/nav2_msgs/action/detail/follow_waypoints__rosidl_typesupport_introspection_c.h
[121.874s] -- Installing: /home/dfolse/repos/SPIDER/SPIDER_ws/install/nav2_msgs/include/nav2_msgs/action/detail/wait__type_support.c
[121.880s] -- Installing: /home/dfolse/repos/SPIDER/SPIDER_ws/install/nav2_msgs/include/nav2_msgs/action/detail/wait__rosidl_typesupport_introspection_c.h
[121.881s] -- Installing: /home/dfolse/repos/SPIDER/SPIDER_ws/install/nav2_msgs/lib/libnav2_msgs__rosidl_typesupport_introspection_c.so
[121.883s] -- Set runtime path of "/home/dfolse/repos/SPIDER/SPIDER_ws/install/nav2_msgs/lib/libnav2_msgs__rosidl_typesupport_introspection_c.so" to ""
[121.884s] -- Installing: /home/dfolse/repos/SPIDER/SPIDER_ws/install/nav2_msgs/lib/libnav2_msgs__rosidl_typesupport_c.so
[121.892s] -- Set runtime path of "/home/dfolse/repos/SPIDER/SPIDER_ws/install/nav2_msgs/lib/libnav2_msgs__rosidl_typesupport_c.so" to ""
[121.895s] -- Up-to-date: /home/dfolse/repos/SPIDER/SPIDER_ws/install/nav2_msgs/include/nav2_msgs
[121.895s] -- Up-to-date: /home/dfolse/repos/SPIDER/SPIDER_ws/install/nav2_msgs/include/nav2_msgs/srv
[121.895s] -- Installing: /home/dfolse/repos/SPIDER/SPIDER_ws/install/nav2_msgs/include/nav2_msgs/srv/clear_costmap_except_region.hpp
[121.895s] -- Installing: /home/dfolse/repos/SPIDER/SPIDER_ws/install/nav2_msgs/include/nav2_msgs/srv/clear_entire_costmap.hpp
[121.895s] -- Up-to-date: /home/dfolse/repos/SPIDER/SPIDER_ws/install/nav2_msgs/include/nav2_msgs/srv/detail
[121.896s] -- Installing: /home/dfolse/repos/SPIDER/SPIDER_ws/install/nav2_msgs/include/nav2_msgs/srv/detail/manage_lifecycle_nodes__struct.hpp
[121.901s] -- Installing: /home/dfolse/repos/SPIDER/SPIDER_ws/install/nav2_msgs/include/nav2_msgs/srv/detail/clear_entire_costmap__struct.hpp
[121.903s] -- Installing: /home/dfolse/repos/SPIDER/SPIDER_ws/install/nav2_msgs/include/nav2_msgs/srv/detail/save_map__type_support.hpp
[121.904s] -- Installing: /home/dfolse/repos/SPIDER/SPIDER_ws/install/nav2_msgs/include/nav2_msgs/srv/detail/get_costmap__struct.hpp
[121.904s] -- Installing: /home/dfolse/repos/SPIDER/SPIDER_ws/install/nav2_msgs/include/nav2_msgs/srv/detail/load_map__traits.hpp
[121.905s] -- Installing: /home/dfolse/repos/SPIDER/SPIDER_ws/install/nav2_msgs/include/nav2_msgs/srv/detail/manage_lifecycle_nodes__type_support.hpp
[121.906s] -- Installing: /home/dfolse/repos/SPIDER/SPIDER_ws/install/nav2_msgs/include/nav2_msgs/srv/detail/save_map__traits.hpp
[121.907s] -- Installing: /home/dfolse/repos/SPIDER/SPIDER_ws/install/nav2_msgs/include/nav2_msgs/srv/detail/save_map__builder.hpp
[121.907s] -- Installing: /home/dfolse/repos/SPIDER/SPIDER_ws/install/nav2_msgs/include/nav2_msgs/srv/detail/clear_costmap_except_region__struct.hpp
[121.910s] -- Installing: /home/dfolse/repos/SPIDER/SPIDER_ws/install/nav2_msgs/include/nav2_msgs/srv/detail/clear_costmap_except_region__traits.hpp
[121.912s] -- Installing: /home/dfolse/repos/SPIDER/SPIDER_ws/install/nav2_msgs/include/nav2_msgs/srv/detail/clear_entire_costmap__builder.hpp
[121.915s] -- Installing: /home/dfolse/repos/SPIDER/SPIDER_ws/install/nav2_msgs/include/nav2_msgs/srv/detail/clear_costmap_around_robot__type_support.hpp
[121.917s] -- Installing: /home/dfolse/repos/SPIDER/SPIDER_ws/install/nav2_msgs/include/nav2_msgs/srv/detail/manage_lifecycle_nodes__builder.hpp
[121.918s] -- Installing: /home/dfolse/repos/SPIDER/SPIDER_ws/install/nav2_msgs/include/nav2_msgs/srv/detail/clear_entire_costmap__type_support.hpp
[121.921s] -- Installing: /home/dfolse/repos/SPIDER/SPIDER_ws/install/nav2_msgs/include/nav2_msgs/srv/detail/clear_costmap_except_region__type_support.hpp
[121.921s] -- Installing: /home/dfolse/repos/SPIDER/SPIDER_ws/install/nav2_msgs/include/nav2_msgs/srv/detail/clear_entire_costmap__traits.hpp
[121.922s] -- Installing: /home/dfolse/repos/SPIDER/SPIDER_ws/install/nav2_msgs/include/nav2_msgs/srv/detail/load_map__type_support.hpp
[121.923s] -- Installing: /home/dfolse/repos/SPIDER/SPIDER_ws/install/nav2_msgs/include/nav2_msgs/srv/detail/clear_costmap_around_robot__struct.hpp
[121.928s] -- Installing: /home/dfolse/repos/SPIDER/SPIDER_ws/install/nav2_msgs/include/nav2_msgs/srv/detail/get_costmap__traits.hpp
[121.928s] -- Installing: /home/dfolse/repos/SPIDER/SPIDER_ws/install/nav2_msgs/include/nav2_msgs/srv/detail/get_costmap__builder.hpp
[121.929s] -- Installing: /home/dfolse/repos/SPIDER/SPIDER_ws/install/nav2_msgs/include/nav2_msgs/srv/detail/manage_lifecycle_nodes__traits.hpp
[121.929s] -- Installing: /home/dfolse/repos/SPIDER/SPIDER_ws/install/nav2_msgs/include/nav2_msgs/srv/detail/load_map__builder.hpp
[121.929s] -- Installing: /home/dfolse/repos/SPIDER/SPIDER_ws/install/nav2_msgs/include/nav2_msgs/srv/detail/clear_costmap_around_robot__builder.hpp
[121.930s] -- Installing: /home/dfolse/repos/SPIDER/SPIDER_ws/install/nav2_msgs/include/nav2_msgs/srv/detail/clear_costmap_around_robot__traits.hpp
[121.930s] -- Installing: /home/dfolse/repos/SPIDER/SPIDER_ws/install/nav2_msgs/include/nav2_msgs/srv/detail/get_costmap__type_support.hpp
[121.931s] -- Installing: /home/dfolse/repos/SPIDER/SPIDER_ws/install/nav2_msgs/include/nav2_msgs/srv/detail/load_map__struct.hpp
[121.932s] -- Installing: /home/dfolse/repos/SPIDER/SPIDER_ws/install/nav2_msgs/include/nav2_msgs/srv/detail/save_map__struct.hpp
[121.933s] -- Installing: /home/dfolse/repos/SPIDER/SPIDER_ws/install/nav2_msgs/include/nav2_msgs/srv/detail/clear_costmap_except_region__builder.hpp
[121.936s] -- Installing: /home/dfolse/repos/SPIDER/SPIDER_ws/install/nav2_msgs/include/nav2_msgs/srv/manage_lifecycle_nodes.hpp
[121.936s] -- Installing: /home/dfolse/repos/SPIDER/SPIDER_ws/install/nav2_msgs/include/nav2_msgs/srv/save_map.hpp
[121.936s] -- Installing: /home/dfolse/repos/SPIDER/SPIDER_ws/install/nav2_msgs/include/nav2_msgs/srv/clear_costmap_around_robot.hpp
[121.940s] -- Installing: /home/dfolse/repos/SPIDER/SPIDER_ws/install/nav2_msgs/include/nav2_msgs/srv/load_map.hpp
[121.940s] -- Installing: /home/dfolse/repos/SPIDER/SPIDER_ws/install/nav2_msgs/include/nav2_msgs/srv/get_costmap.hpp
[121.941s] -- Up-to-date: /home/dfolse/repos/SPIDER/SPIDER_ws/install/nav2_msgs/include/nav2_msgs/msg
[121.941s] -- Installing: /home/dfolse/repos/SPIDER/SPIDER_ws/install/nav2_msgs/include/nav2_msgs/msg/costmap.hpp
[121.942s] -- Installing: /home/dfolse/repos/SPIDER/SPIDER_ws/install/nav2_msgs/include/nav2_msgs/msg/particle_cloud.hpp
[121.943s] -- Installing: /home/dfolse/repos/SPIDER/SPIDER_ws/install/nav2_msgs/include/nav2_msgs/msg/behavior_tree_status_change.hpp
[121.943s] -- Installing: /home/dfolse/repos/SPIDER/SPIDER_ws/install/nav2_msgs/include/nav2_msgs/msg/costmap_meta_data.hpp
[121.944s] -- Installing: /home/dfolse/repos/SPIDER/SPIDER_ws/install/nav2_msgs/include/nav2_msgs/msg/rosidl_generator_cpp__visibility_control.hpp
[121.952s] -- Up-to-date: /home/dfolse/repos/SPIDER/SPIDER_ws/install/nav2_msgs/include/nav2_msgs/msg/detail
[121.952s] -- Installing: /home/dfolse/repos/SPIDER/SPIDER_ws/install/nav2_msgs/include/nav2_msgs/msg/detail/voxel_grid__struct.hpp
[121.952s] -- Installing: /home/dfolse/repos/SPIDER/SPIDER_ws/install/nav2_msgs/include/nav2_msgs/msg/detail/behavior_tree_log__type_support.hpp
[121.953s] -- Installing: /home/dfolse/repos/SPIDER/SPIDER_ws/install/nav2_msgs/include/nav2_msgs/msg/detail/costmap__builder.hpp
[121.953s] -- Installing: /home/dfolse/repos/SPIDER/SPIDER_ws/install/nav2_msgs/include/nav2_msgs/msg/detail/costmap__type_support.hpp
[121.953s] -- Installing: /home/dfolse/repos/SPIDER/SPIDER_ws/install/nav2_msgs/include/nav2_msgs/msg/detail/behavior_tree_log__builder.hpp
[121.953s] -- Installing: /home/dfolse/repos/SPIDER/SPIDER_ws/install/nav2_msgs/include/nav2_msgs/msg/detail/voxel_grid__builder.hpp
[121.953s] -- Installing: /home/dfolse/repos/SPIDER/SPIDER_ws/install/nav2_msgs/include/nav2_msgs/msg/detail/costmap_meta_data__builder.hpp
[121.953s] -- Installing: /home/dfolse/repos/SPIDER/SPIDER_ws/install/nav2_msgs/include/nav2_msgs/msg/detail/behavior_tree_status_change__traits.hpp
[121.953s] -- Installing: /home/dfolse/repos/SPIDER/SPIDER_ws/install/nav2_msgs/include/nav2_msgs/msg/detail/particle_cloud__struct.hpp
[121.954s] -- Installing: /home/dfolse/repos/SPIDER/SPIDER_ws/install/nav2_msgs/include/nav2_msgs/msg/detail/particle_cloud__traits.hpp
[121.954s] -- Installing: /home/dfolse/repos/SPIDER/SPIDER_ws/install/nav2_msgs/include/nav2_msgs/msg/detail/particle__type_support.hpp
[121.955s] -- Installing: /home/dfolse/repos/SPIDER/SPIDER_ws/install/nav2_msgs/include/nav2_msgs/msg/detail/particle_cloud__builder.hpp
[121.956s] -- Installing: /home/dfolse/repos/SPIDER/SPIDER_ws/install/nav2_msgs/include/nav2_msgs/msg/detail/behavior_tree_status_change__struct.hpp
[121.957s] -- Installing: /home/dfolse/repos/SPIDER/SPIDER_ws/install/nav2_msgs/include/nav2_msgs/msg/detail/behavior_tree_log__struct.hpp
[121.958s] -- Installing: /home/dfolse/repos/SPIDER/SPIDER_ws/install/nav2_msgs/include/nav2_msgs/msg/detail/behavior_tree_status_change__builder.hpp
[121.960s] -- Installing: /home/dfolse/repos/SPIDER/SPIDER_ws/install/nav2_msgs/include/nav2_msgs/msg/detail/voxel_grid__traits.hpp
[121.967s] -- Installing: /home/dfolse/repos/SPIDER/SPIDER_ws/install/nav2_msgs/include/nav2_msgs/msg/detail/costmap_meta_data__traits.hpp
[121.967s] -- Installing: /home/dfolse/repos/SPIDER/SPIDER_ws/install/nav2_msgs/include/nav2_msgs/msg/detail/voxel_grid__type_support.hpp
[121.968s] -- Installing: /home/dfolse/repos/SPIDER/SPIDER_ws/install/nav2_msgs/include/nav2_msgs/msg/detail/costmap_meta_data__type_support.hpp
[121.974s] -- Installing: /home/dfolse/repos/SPIDER/SPIDER_ws/install/nav2_msgs/include/nav2_msgs/msg/detail/behavior_tree_log__traits.hpp
[121.975s] -- Installing: /home/dfolse/repos/SPIDER/SPIDER_ws/install/nav2_msgs/include/nav2_msgs/msg/detail/particle__builder.hpp
[121.977s] -- Installing: /home/dfolse/repos/SPIDER/SPIDER_ws/install/nav2_msgs/include/nav2_msgs/msg/detail/costmap__traits.hpp
[121.977s] -- Installing: /home/dfolse/repos/SPIDER/SPIDER_ws/install/nav2_msgs/include/nav2_msgs/msg/detail/particle__struct.hpp
[121.977s] -- Installing: /home/dfolse/repos/SPIDER/SPIDER_ws/install/nav2_msgs/include/nav2_msgs/msg/detail/particle__traits.hpp
[121.978s] -- Installing: /home/dfolse/repos/SPIDER/SPIDER_ws/install/nav2_msgs/include/nav2_msgs/msg/detail/costmap__struct.hpp
[121.978s] -- Installing: /home/dfolse/repos/SPIDER/SPIDER_ws/install/nav2_msgs/include/nav2_msgs/msg/detail/costmap_meta_data__struct.hpp
[121.978s] -- Installing: /home/dfolse/repos/SPIDER/SPIDER_ws/install/nav2_msgs/include/nav2_msgs/msg/detail/particle_cloud__type_support.hpp
[121.978s] -- Installing: /home/dfolse/repos/SPIDER/SPIDER_ws/install/nav2_msgs/include/nav2_msgs/msg/detail/behavior_tree_status_change__type_support.hpp
[121.979s] -- Installing: /home/dfolse/repos/SPIDER/SPIDER_ws/install/nav2_msgs/include/nav2_msgs/msg/particle.hpp
[121.980s] -- Installing: /home/dfolse/repos/SPIDER/SPIDER_ws/install/nav2_msgs/include/nav2_msgs/msg/voxel_grid.hpp
[121.980s] -- Installing: /home/dfolse/repos/SPIDER/SPIDER_ws/install/nav2_msgs/include/nav2_msgs/msg/behavior_tree_log.hpp
[121.980s] -- Up-to-date: /home/dfolse/repos/SPIDER/SPIDER_ws/install/nav2_msgs/include/nav2_msgs/action
[121.980s] -- Installing: /home/dfolse/repos/SPIDER/SPIDER_ws/install/nav2_msgs/include/nav2_msgs/action/compute_path_to_pose.hpp
[121.981s] -- Installing: /home/dfolse/repos/SPIDER/SPIDER_ws/install/nav2_msgs/include/nav2_msgs/action/follow_path.hpp
[121.981s] -- Installing: /home/dfolse/repos/SPIDER/SPIDER_ws/install/nav2_msgs/include/nav2_msgs/action/navigate_to_pose.hpp
[121.991s] -- Up-to-date: /home/dfolse/repos/SPIDER/SPIDER_ws/install/nav2_msgs/include/nav2_msgs/action/detail
[121.992s] -- Installing: /home/dfolse/repos/SPIDER/SPIDER_ws/install/nav2_msgs/include/nav2_msgs/action/detail/follow_path__struct.hpp
[121.992s] -- Installing: /home/dfolse/repos/SPIDER/SPIDER_ws/install/nav2_msgs/include/nav2_msgs/action/detail/compute_path_to_pose__traits.hpp
[121.992s] -- Installing: /home/dfolse/repos/SPIDER/SPIDER_ws/install/nav2_msgs/include/nav2_msgs/action/detail/wait__builder.hpp
[121.992s] -- Installing: /home/dfolse/repos/SPIDER/SPIDER_ws/install/nav2_msgs/include/nav2_msgs/action/detail/dummy_recovery__struct.hpp
[121.992s] -- Installing: /home/dfolse/repos/SPIDER/SPIDER_ws/install/nav2_msgs/include/nav2_msgs/action/detail/wait__type_support.hpp
[121.993s] -- Installing: /home/dfolse/repos/SPIDER/SPIDER_ws/install/nav2_msgs/include/nav2_msgs/action/detail/navigate_to_pose__type_support.hpp
[121.993s] -- Installing: /home/dfolse/repos/SPIDER/SPIDER_ws/install/nav2_msgs/include/nav2_msgs/action/detail/back_up__builder.hpp
[121.993s] -- Installing: /home/dfolse/repos/SPIDER/SPIDER_ws/install/nav2_msgs/include/nav2_msgs/action/detail/wait__traits.hpp
[121.993s] -- Installing: /home/dfolse/repos/SPIDER/SPIDER_ws/install/nav2_msgs/include/nav2_msgs/action/detail/follow_waypoints__traits.hpp
[121.993s] -- Installing: /home/dfolse/repos/SPIDER/SPIDER_ws/install/nav2_msgs/include/nav2_msgs/action/detail/follow_path__traits.hpp
[121.993s] -- Installing: /home/dfolse/repos/SPIDER/SPIDER_ws/install/nav2_msgs/include/nav2_msgs/action/detail/compute_path_to_pose__type_support.hpp
[121.993s] -- Installing: /home/dfolse/repos/SPIDER/SPIDER_ws/install/nav2_msgs/include/nav2_msgs/action/detail/follow_path__type_support.hpp
[121.994s] -- Installing: /home/dfolse/repos/SPIDER/SPIDER_ws/install/nav2_msgs/include/nav2_msgs/action/detail/back_up__traits.hpp
[121.994s] -- Installing: /home/dfolse/repos/SPIDER/SPIDER_ws/install/nav2_msgs/include/nav2_msgs/action/detail/dummy_recovery__builder.hpp
[121.994s] -- Installing: /home/dfolse/repos/SPIDER/SPIDER_ws/install/nav2_msgs/include/nav2_msgs/action/detail/navigate_to_pose__traits.hpp
[121.994s] -- Installing: /home/dfolse/repos/SPIDER/SPIDER_ws/install/nav2_msgs/include/nav2_msgs/action/detail/compute_path_to_pose__struct.hpp
[121.994s] -- Installing: /home/dfolse/repos/SPIDER/SPIDER_ws/install/nav2_msgs/include/nav2_msgs/action/detail/wait__struct.hpp
[121.995s] -- Installing: /home/dfolse/repos/SPIDER/SPIDER_ws/install/nav2_msgs/include/nav2_msgs/action/detail/back_up__struct.hpp
[121.995s] -- Installing: /home/dfolse/repos/SPIDER/SPIDER_ws/install/nav2_msgs/include/nav2_msgs/action/detail/dummy_recovery__type_support.hpp
[121.995s] -- Installing: /home/dfolse/repos/SPIDER/SPIDER_ws/install/nav2_msgs/include/nav2_msgs/action/detail/navigate_to_pose__struct.hpp
[121.996s] -- Installing: /home/dfolse/repos/SPIDER/SPIDER_ws/install/nav2_msgs/include/nav2_msgs/action/detail/navigate_to_pose__builder.hpp
[121.997s] -- Installing: /home/dfolse/repos/SPIDER/SPIDER_ws/install/nav2_msgs/include/nav2_msgs/action/detail/spin__struct.hpp
[121.997s] -- Installing: /home/dfolse/repos/SPIDER/SPIDER_ws/install/nav2_msgs/include/nav2_msgs/action/detail/follow_waypoints__struct.hpp
[121.998s] -- Installing: /home/dfolse/repos/SPIDER/SPIDER_ws/install/nav2_msgs/include/nav2_msgs/action/detail/back_up__type_support.hpp
[121.998s] -- Installing: /home/dfolse/repos/SPIDER/SPIDER_ws/install/nav2_msgs/include/nav2_msgs/action/detail/follow_waypoints__builder.hpp
[121.999s] -- Installing: /home/dfolse/repos/SPIDER/SPIDER_ws/install/nav2_msgs/include/nav2_msgs/action/detail/follow_waypoints__type_support.hpp
[121.999s] -- Installing: /home/dfolse/repos/SPIDER/SPIDER_ws/install/nav2_msgs/include/nav2_msgs/action/detail/spin__builder.hpp
[122.001s] -- Installing: /home/dfolse/repos/SPIDER/SPIDER_ws/install/nav2_msgs/include/nav2_msgs/action/detail/spin__type_support.hpp
[122.001s] -- Installing: /home/dfolse/repos/SPIDER/SPIDER_ws/install/nav2_msgs/include/nav2_msgs/action/detail/follow_path__builder.hpp
[122.002s] -- Installing: /home/dfolse/repos/SPIDER/SPIDER_ws/install/nav2_msgs/include/nav2_msgs/action/detail/dummy_recovery__traits.hpp
[122.002s] -- Installing: /home/dfolse/repos/SPIDER/SPIDER_ws/install/nav2_msgs/include/nav2_msgs/action/detail/spin__traits.hpp
[122.002s] -- Installing: /home/dfolse/repos/SPIDER/SPIDER_ws/install/nav2_msgs/include/nav2_msgs/action/detail/compute_path_to_pose__builder.hpp
[122.003s] -- Installing: /home/dfolse/repos/SPIDER/SPIDER_ws/install/nav2_msgs/include/nav2_msgs/action/spin.hpp
[122.003s] -- Installing: /home/dfolse/repos/SPIDER/SPIDER_ws/install/nav2_msgs/include/nav2_msgs/action/back_up.hpp
[122.003s] -- Installing: /home/dfolse/repos/SPIDER/SPIDER_ws/install/nav2_msgs/include/nav2_msgs/action/wait.hpp
[122.004s] -- Installing: /home/dfolse/repos/SPIDER/SPIDER_ws/install/nav2_msgs/include/nav2_msgs/action/follow_waypoints.hpp
[122.004s] -- Installing: /home/dfolse/repos/SPIDER/SPIDER_ws/install/nav2_msgs/include/nav2_msgs/action/dummy_recovery.hpp
[122.006s] -- Up-to-date: /home/dfolse/repos/SPIDER/SPIDER_ws/install/nav2_msgs/include/nav2_msgs
[122.006s] -- Up-to-date: /home/dfolse/repos/SPIDER/SPIDER_ws/install/nav2_msgs/include/nav2_msgs/srv
[122.011s] -- Up-to-date: /home/dfolse/repos/SPIDER/SPIDER_ws/install/nav2_msgs/include/nav2_msgs/srv/detail
[122.011s] -- Installing: /home/dfolse/repos/SPIDER/SPIDER_ws/install/nav2_msgs/include/nav2_msgs/srv/detail/get_costmap__type_support.cpp
[122.011s] -- Installing: /home/dfolse/repos/SPIDER/SPIDER_ws/install/nav2_msgs/include/nav2_msgs/srv/detail/manage_lifecycle_nodes__type_support.cpp
[122.012s] -- Installing: /home/dfolse/repos/SPIDER/SPIDER_ws/install/nav2_msgs/include/nav2_msgs/srv/detail/load_map__type_support.cpp
[122.012s] -- Installing: /home/dfolse/repos/SPIDER/SPIDER_ws/install/nav2_msgs/include/nav2_msgs/srv/detail/clear_costmap_except_region__type_support.cpp
[122.012s] -- Installing: /home/dfolse/repos/SPIDER/SPIDER_ws/install/nav2_msgs/include/nav2_msgs/srv/detail/save_map__type_support.cpp
[122.012s] -- Installing: /home/dfolse/repos/SPIDER/SPIDER_ws/install/nav2_msgs/include/nav2_msgs/srv/detail/clear_entire_costmap__type_support.cpp
[122.012s] -- Installing: /home/dfolse/repos/SPIDER/SPIDER_ws/install/nav2_msgs/include/nav2_msgs/srv/detail/get_costmap__rosidl_typesupport_introspection_cpp.hpp
[122.012s] -- Installing: /home/dfolse/repos/SPIDER/SPIDER_ws/install/nav2_msgs/include/nav2_msgs/srv/detail/clear_costmap_around_robot__rosidl_typesupport_introspection_cpp.hpp
[122.012s] -- Installing: /home/dfolse/repos/SPIDER/SPIDER_ws/install/nav2_msgs/include/nav2_msgs/srv/detail/clear_costmap_around_robot__type_support.cpp
[122.013s] -- Installing: /home/dfolse/repos/SPIDER/SPIDER_ws/install/nav2_msgs/include/nav2_msgs/srv/detail/save_map__rosidl_typesupport_introspection_cpp.hpp
[122.014s] -- Installing: /home/dfolse/repos/SPIDER/SPIDER_ws/install/nav2_msgs/include/nav2_msgs/srv/detail/manage_lifecycle_nodes__rosidl_typesupport_introspection_cpp.hpp
[122.014s] -- Installing: /home/dfolse/repos/SPIDER/SPIDER_ws/install/nav2_msgs/include/nav2_msgs/srv/detail/clear_entire_costmap__rosidl_typesupport_introspection_cpp.hpp
[122.015s] -- Installing: /home/dfolse/repos/SPIDER/SPIDER_ws/install/nav2_msgs/include/nav2_msgs/srv/detail/load_map__rosidl_typesupport_introspection_cpp.hpp
[122.016s] -- Installing: /home/dfolse/repos/SPIDER/SPIDER_ws/install/nav2_msgs/include/nav2_msgs/srv/detail/clear_costmap_except_region__rosidl_typesupport_introspection_cpp.hpp
[122.016s] -- Up-to-date: /home/dfolse/repos/SPIDER/SPIDER_ws/install/nav2_msgs/include/nav2_msgs/msg
[122.016s] -- Up-to-date: /home/dfolse/repos/SPIDER/SPIDER_ws/install/nav2_msgs/include/nav2_msgs/msg/detail
[122.016s] -- Installing: /home/dfolse/repos/SPIDER/SPIDER_ws/install/nav2_msgs/include/nav2_msgs/msg/detail/particle_cloud__rosidl_typesupport_introspection_cpp.hpp
[122.017s] -- Installing: /home/dfolse/repos/SPIDER/SPIDER_ws/install/nav2_msgs/include/nav2_msgs/msg/detail/behavior_tree_status_change__type_support.cpp
[122.018s] -- Installing: /home/dfolse/repos/SPIDER/SPIDER_ws/install/nav2_msgs/include/nav2_msgs/msg/detail/voxel_grid__type_support.cpp
[122.018s] -- Installing: /home/dfolse/repos/SPIDER/SPIDER_ws/install/nav2_msgs/include/nav2_msgs/msg/detail/costmap_meta_data__rosidl_typesupport_introspection_cpp.hpp
[122.021s] -- Installing: /home/dfolse/repos/SPIDER/SPIDER_ws/install/nav2_msgs/include/nav2_msgs/msg/detail/voxel_grid__rosidl_typesupport_introspection_cpp.hpp
[122.021s] -- Installing: /home/dfolse/repos/SPIDER/SPIDER_ws/install/nav2_msgs/include/nav2_msgs/msg/detail/behavior_tree_log__rosidl_typesupport_introspection_cpp.hpp
[122.021s] -- Installing: /home/dfolse/repos/SPIDER/SPIDER_ws/install/nav2_msgs/include/nav2_msgs/msg/detail/particle_cloud__type_support.cpp
[122.021s] -- Installing: /home/dfolse/repos/SPIDER/SPIDER_ws/install/nav2_msgs/include/nav2_msgs/msg/detail/behavior_tree_status_change__rosidl_typesupport_introspection_cpp.hpp
[122.022s] -- Installing: /home/dfolse/repos/SPIDER/SPIDER_ws/install/nav2_msgs/include/nav2_msgs/msg/detail/costmap_meta_data__type_support.cpp
[122.022s] -- Installing: /home/dfolse/repos/SPIDER/SPIDER_ws/install/nav2_msgs/include/nav2_msgs/msg/detail/costmap__type_support.cpp
[122.022s] -- Installing: /home/dfolse/repos/SPIDER/SPIDER_ws/install/nav2_msgs/include/nav2_msgs/msg/detail/costmap__rosidl_typesupport_introspection_cpp.hpp
[122.022s] -- Installing: /home/dfolse/repos/SPIDER/SPIDER_ws/install/nav2_msgs/include/nav2_msgs/msg/detail/particle__type_support.cpp
[122.022s] -- Installing: /home/dfolse/repos/SPIDER/SPIDER_ws/install/nav2_msgs/include/nav2_msgs/msg/detail/particle__rosidl_typesupport_introspection_cpp.hpp
[122.023s] -- Installing: /home/dfolse/repos/SPIDER/SPIDER_ws/install/nav2_msgs/include/nav2_msgs/msg/detail/behavior_tree_log__type_support.cpp
[122.023s] -- Up-to-date: /home/dfolse/repos/SPIDER/SPIDER_ws/install/nav2_msgs/include/nav2_msgs/action
[122.024s] -- Up-to-date: /home/dfolse/repos/SPIDER/SPIDER_ws/install/nav2_msgs/include/nav2_msgs/action/detail
[122.024s] -- Installing: /home/dfolse/repos/SPIDER/SPIDER_ws/install/nav2_msgs/include/nav2_msgs/action/detail/compute_path_to_pose__type_support.cpp
[122.025s] -- Installing: /home/dfolse/repos/SPIDER/SPIDER_ws/install/nav2_msgs/include/nav2_msgs/action/detail/wait__rosidl_typesupport_introspection_cpp.hpp
[122.026s] -- Installing: /home/dfolse/repos/SPIDER/SPIDER_ws/install/nav2_msgs/include/nav2_msgs/action/detail/navigate_to_pose__type_support.cpp
[122.027s] -- Installing: /home/dfolse/repos/SPIDER/SPIDER_ws/install/nav2_msgs/include/nav2_msgs/action/detail/dummy_recovery__rosidl_typesupport_introspection_cpp.hpp
[122.027s] -- Installing: /home/dfolse/repos/SPIDER/SPIDER_ws/install/nav2_msgs/include/nav2_msgs/action/detail/back_up__type_support.cpp
[122.028s] -- Installing: /home/dfolse/repos/SPIDER/SPIDER_ws/install/nav2_msgs/include/nav2_msgs/action/detail/spin__type_support.cpp
[122.029s] -- Installing: /home/dfolse/repos/SPIDER/SPIDER_ws/install/nav2_msgs/include/nav2_msgs/action/detail/follow_waypoints__type_support.cpp
[122.030s] -- Installing: /home/dfolse/repos/SPIDER/SPIDER_ws/install/nav2_msgs/include/nav2_msgs/action/detail/follow_waypoints__rosidl_typesupport_introspection_cpp.hpp
[122.031s] -- Installing: /home/dfolse/repos/SPIDER/SPIDER_ws/install/nav2_msgs/include/nav2_msgs/action/detail/navigate_to_pose__rosidl_typesupport_introspection_cpp.hpp
[122.031s] -- Installing: /home/dfolse/repos/SPIDER/SPIDER_ws/install/nav2_msgs/include/nav2_msgs/action/detail/follow_path__rosidl_typesupport_introspection_cpp.hpp
[122.032s] -- Installing: /home/dfolse/repos/SPIDER/SPIDER_ws/install/nav2_msgs/include/nav2_msgs/action/detail/spin__rosidl_typesupport_introspection_cpp.hpp
[122.032s] -- Installing: /home/dfolse/repos/SPIDER/SPIDER_ws/install/nav2_msgs/include/nav2_msgs/action/detail/dummy_recovery__type_support.cpp
[122.033s] -- Installing: /home/dfolse/repos/SPIDER/SPIDER_ws/install/nav2_msgs/include/nav2_msgs/action/detail/follow_path__type_support.cpp
[122.034s] -- Installing: /home/dfolse/repos/SPIDER/SPIDER_ws/install/nav2_msgs/include/nav2_msgs/action/detail/back_up__rosidl_typesupport_introspection_cpp.hpp
[122.034s] -- Installing: /home/dfolse/repos/SPIDER/SPIDER_ws/install/nav2_msgs/include/nav2_msgs/action/detail/wait__type_support.cpp
[122.037s] -- Installing: /home/dfolse/repos/SPIDER/SPIDER_ws/install/nav2_msgs/include/nav2_msgs/action/detail/compute_path_to_pose__rosidl_typesupport_introspection_cpp.hpp
[122.037s] -- Installing: /home/dfolse/repos/SPIDER/SPIDER_ws/install/nav2_msgs/lib/libnav2_msgs__rosidl_typesupport_introspection_cpp.so
[122.039s] -- Set runtime path of "/home/dfolse/repos/SPIDER/SPIDER_ws/install/nav2_msgs/lib/libnav2_msgs__rosidl_typesupport_introspection_cpp.so" to ""
[122.040s] -- Installing: /home/dfolse/repos/SPIDER/SPIDER_ws/install/nav2_msgs/lib/libnav2_msgs__rosidl_typesupport_cpp.so
[122.041s] -- Set runtime path of "/home/dfolse/repos/SPIDER/SPIDER_ws/install/nav2_msgs/lib/libnav2_msgs__rosidl_typesupport_cpp.so" to ""
[122.042s] -- Installing: /home/dfolse/repos/SPIDER/SPIDER_ws/install/nav2_msgs/share/nav2_msgs/environment/pythonpath.sh
[122.042s] -- Installing: /home/dfolse/repos/SPIDER/SPIDER_ws/install/nav2_msgs/share/nav2_msgs/environment/pythonpath.dsv
[122.043s] -- Installing: /home/dfolse/repos/SPIDER/SPIDER_ws/install/nav2_msgs/lib/python3.8/site-packages/nav2_msgs/__init__.py
[123.058s] Compiling '/home/dfolse/repos/SPIDER/SPIDER_ws/install/nav2_msgs/lib/python3.8/site-packages/nav2_msgs/__init__.py'...
[123.074s] -- Installing: /home/dfolse/repos/SPIDER/SPIDER_ws/install/nav2_msgs/lib/python3.8/site-packages/nav2_msgs/msg
[123.075s] -- Installing: /home/dfolse/repos/SPIDER/SPIDER_ws/install/nav2_msgs/lib/python3.8/site-packages/nav2_msgs/msg/_voxel_grid.py
[123.075s] -- Installing: /home/dfolse/repos/SPIDER/SPIDER_ws/install/nav2_msgs/lib/python3.8/site-packages/nav2_msgs/msg/_costmap_meta_data.py
[123.075s] -- Installing: /home/dfolse/repos/SPIDER/SPIDER_ws/install/nav2_msgs/lib/python3.8/site-packages/nav2_msgs/msg/_costmap_meta_data_s.c
[123.077s] -- Installing: /home/dfolse/repos/SPIDER/SPIDER_ws/install/nav2_msgs/lib/python3.8/site-packages/nav2_msgs/msg/_behavior_tree_log.py
[123.078s] -- Installing: /home/dfolse/repos/SPIDER/SPIDER_ws/install/nav2_msgs/lib/python3.8/site-packages/nav2_msgs/msg/_behavior_tree_status_change.py
[123.078s] -- Installing: /home/dfolse/repos/SPIDER/SPIDER_ws/install/nav2_msgs/lib/python3.8/site-packages/nav2_msgs/msg/_voxel_grid_s.c
[123.079s] -- Installing: /home/dfolse/repos/SPIDER/SPIDER_ws/install/nav2_msgs/lib/python3.8/site-packages/nav2_msgs/msg/_particle_cloud.py
[123.079s] -- Installing: /home/dfolse/repos/SPIDER/SPIDER_ws/install/nav2_msgs/lib/python3.8/site-packages/nav2_msgs/msg/_behavior_tree_log_s.c
[123.080s] -- Installing: /home/dfolse/repos/SPIDER/SPIDER_ws/install/nav2_msgs/lib/python3.8/site-packages/nav2_msgs/msg/_costmap.py
[123.081s] -- Installing: /home/dfolse/repos/SPIDER/SPIDER_ws/install/nav2_msgs/lib/python3.8/site-packages/nav2_msgs/msg/_behavior_tree_status_change_s.c
[123.082s] -- Installing: /home/dfolse/repos/SPIDER/SPIDER_ws/install/nav2_msgs/lib/python3.8/site-packages/nav2_msgs/msg/_particle.py
[123.084s] -- Installing: /home/dfolse/repos/SPIDER/SPIDER_ws/install/nav2_msgs/lib/python3.8/site-packages/nav2_msgs/msg/_particle_cloud_s.c
[123.085s] -- Installing: /home/dfolse/repos/SPIDER/SPIDER_ws/install/nav2_msgs/lib/python3.8/site-packages/nav2_msgs/msg/__init__.py
[123.090s] -- Installing: /home/dfolse/repos/SPIDER/SPIDER_ws/install/nav2_msgs/lib/python3.8/site-packages/nav2_msgs/msg/_costmap_s.c
[123.091s] -- Installing: /home/dfolse/repos/SPIDER/SPIDER_ws/install/nav2_msgs/lib/python3.8/site-packages/nav2_msgs/msg/_particle_s.c
[123.092s] -- Installing: /home/dfolse/repos/SPIDER/SPIDER_ws/install/nav2_msgs/lib/python3.8/site-packages/nav2_msgs/srv
[123.093s] -- Installing: /home/dfolse/repos/SPIDER/SPIDER_ws/install/nav2_msgs/lib/python3.8/site-packages/nav2_msgs/srv/_clear_costmap_around_robot_s.c
[123.094s] -- Installing: /home/dfolse/repos/SPIDER/SPIDER_ws/install/nav2_msgs/lib/python3.8/site-packages/nav2_msgs/srv/_manage_lifecycle_nodes_s.c
[123.096s] -- Installing: /home/dfolse/repos/SPIDER/SPIDER_ws/install/nav2_msgs/lib/python3.8/site-packages/nav2_msgs/srv/_save_map_s.c
[123.098s] -- Installing: /home/dfolse/repos/SPIDER/SPIDER_ws/install/nav2_msgs/lib/python3.8/site-packages/nav2_msgs/srv/_clear_costmap_except_region_s.c
[123.099s] -- Installing: /home/dfolse/repos/SPIDER/SPIDER_ws/install/nav2_msgs/lib/python3.8/site-packages/nav2_msgs/srv/_load_map.py
[123.099s] -- Installing: /home/dfolse/repos/SPIDER/SPIDER_ws/install/nav2_msgs/lib/python3.8/site-packages/nav2_msgs/srv/_get_costmap.py
[123.103s] -- Installing: /home/dfolse/repos/SPIDER/SPIDER_ws/install/nav2_msgs/lib/python3.8/site-packages/nav2_msgs/srv/_clear_entire_costmap_s.c
[123.103s] -- Installing: /home/dfolse/repos/SPIDER/SPIDER_ws/install/nav2_msgs/lib/python3.8/site-packages/nav2_msgs/srv/_clear_entire_costmap.py
[123.106s] -- Installing: /home/dfolse/repos/SPIDER/SPIDER_ws/install/nav2_msgs/lib/python3.8/site-packages/nav2_msgs/srv/_save_map.py
[123.107s] -- Installing: /home/dfolse/repos/SPIDER/SPIDER_ws/install/nav2_msgs/lib/python3.8/site-packages/nav2_msgs/srv/_load_map_s.c
[123.107s] -- Installing: /home/dfolse/repos/SPIDER/SPIDER_ws/install/nav2_msgs/lib/python3.8/site-packages/nav2_msgs/srv/_clear_costmap_except_region.py
[123.108s] -- Installing: /home/dfolse/repos/SPIDER/SPIDER_ws/install/nav2_msgs/lib/python3.8/site-packages/nav2_msgs/srv/_clear_costmap_around_robot.py
[123.109s] -- Installing: /home/dfolse/repos/SPIDER/SPIDER_ws/install/nav2_msgs/lib/python3.8/site-packages/nav2_msgs/srv/_get_costmap_s.c
[123.111s] -- Installing: /home/dfolse/repos/SPIDER/SPIDER_ws/install/nav2_msgs/lib/python3.8/site-packages/nav2_msgs/srv/__init__.py
[123.112s] -- Installing: /home/dfolse/repos/SPIDER/SPIDER_ws/install/nav2_msgs/lib/python3.8/site-packages/nav2_msgs/srv/_manage_lifecycle_nodes.py
[123.113s] -- Installing: /home/dfolse/repos/SPIDER/SPIDER_ws/install/nav2_msgs/lib/python3.8/site-packages/nav2_msgs/action
[123.114s] -- Installing: /home/dfolse/repos/SPIDER/SPIDER_ws/install/nav2_msgs/lib/python3.8/site-packages/nav2_msgs/action/_compute_path_to_pose_s.c
[123.116s] -- Installing: /home/dfolse/repos/SPIDER/SPIDER_ws/install/nav2_msgs/lib/python3.8/site-packages/nav2_msgs/action/_back_up_s.c
[123.119s] -- Installing: /home/dfolse/repos/SPIDER/SPIDER_ws/install/nav2_msgs/lib/python3.8/site-packages/nav2_msgs/action/_spin_s.c
[123.123s] -- Installing: /home/dfolse/repos/SPIDER/SPIDER_ws/install/nav2_msgs/lib/python3.8/site-packages/nav2_msgs/action/_navigate_to_pose_s.c
[123.126s] -- Installing: /home/dfolse/repos/SPIDER/SPIDER_ws/install/nav2_msgs/lib/python3.8/site-packages/nav2_msgs/action/_dummy_recovery_s.c
[123.129s] -- Installing: /home/dfolse/repos/SPIDER/SPIDER_ws/install/nav2_msgs/lib/python3.8/site-packages/nav2_msgs/action/_back_up.py
[123.141s] -- Installing: /home/dfolse/repos/SPIDER/SPIDER_ws/install/nav2_msgs/lib/python3.8/site-packages/nav2_msgs/action/_follow_path.py
[123.142s] -- Installing: /home/dfolse/repos/SPIDER/SPIDER_ws/install/nav2_msgs/lib/python3.8/site-packages/nav2_msgs/action/_spin.py
[123.146s] -- Installing: /home/dfolse/repos/SPIDER/SPIDER_ws/install/nav2_msgs/lib/python3.8/site-packages/nav2_msgs/action/_wait_s.c
[123.147s] -- Installing: /home/dfolse/repos/SPIDER/SPIDER_ws/install/nav2_msgs/lib/python3.8/site-packages/nav2_msgs/action/_navigate_to_pose.py
[123.151s] -- Installing: /home/dfolse/repos/SPIDER/SPIDER_ws/install/nav2_msgs/lib/python3.8/site-packages/nav2_msgs/action/_wait.py
[123.158s] -- Installing: /home/dfolse/repos/SPIDER/SPIDER_ws/install/nav2_msgs/lib/python3.8/site-packages/nav2_msgs/action/__init__.py
[123.161s] -- Installing: /home/dfolse/repos/SPIDER/SPIDER_ws/install/nav2_msgs/lib/python3.8/site-packages/nav2_msgs/action/_follow_waypoints_s.c
[123.161s] -- Installing: /home/dfolse/repos/SPIDER/SPIDER_ws/install/nav2_msgs/lib/python3.8/site-packages/nav2_msgs/action/_compute_path_to_pose.py
[123.161s] -- Installing: /home/dfolse/repos/SPIDER/SPIDER_ws/install/nav2_msgs/lib/python3.8/site-packages/nav2_msgs/action/_follow_waypoints.py
[123.162s] -- Installing: /home/dfolse/repos/SPIDER/SPIDER_ws/install/nav2_msgs/lib/python3.8/site-packages/nav2_msgs/action/_dummy_recovery.py
[123.163s] -- Installing: /home/dfolse/repos/SPIDER/SPIDER_ws/install/nav2_msgs/lib/python3.8/site-packages/nav2_msgs/action/_follow_path_s.c
[123.164s] -- Installing: /home/dfolse/repos/SPIDER/SPIDER_ws/install/nav2_msgs/lib/python3.8/site-packages/nav2_msgs/nav2_msgs_s__rosidl_typesupport_fastrtps_c.cpython-38-aarch64-linux-gnu.so
[123.170s] -- Set runtime path of "/home/dfolse/repos/SPIDER/SPIDER_ws/install/nav2_msgs/lib/python3.8/site-packages/nav2_msgs/nav2_msgs_s__rosidl_typesupport_fastrtps_c.cpython-38-aarch64-linux-gnu.so" to ""
[123.172s] -- Installing: /home/dfolse/repos/SPIDER/SPIDER_ws/install/nav2_msgs/lib/python3.8/site-packages/nav2_msgs/nav2_msgs_s__rosidl_typesupport_introspection_c.cpython-38-aarch64-linux-gnu.so
[123.176s] -- Set runtime path of "/home/dfolse/repos/SPIDER/SPIDER_ws/install/nav2_msgs/lib/python3.8/site-packages/nav2_msgs/nav2_msgs_s__rosidl_typesupport_introspection_c.cpython-38-aarch64-linux-gnu.so" to ""
[123.178s] -- Installing: /home/dfolse/repos/SPIDER/SPIDER_ws/install/nav2_msgs/lib/python3.8/site-packages/nav2_msgs/nav2_msgs_s__rosidl_typesupport_c.cpython-38-aarch64-linux-gnu.so
[123.179s] -- Set runtime path of "/home/dfolse/repos/SPIDER/SPIDER_ws/install/nav2_msgs/lib/python3.8/site-packages/nav2_msgs/nav2_msgs_s__rosidl_typesupport_c.cpython-38-aarch64-linux-gnu.so" to ""
[123.180s] -- Installing: /home/dfolse/repos/SPIDER/SPIDER_ws/install/nav2_msgs/lib/libnav2_msgs__python.so
[123.190s] -- Set runtime path of "/home/dfolse/repos/SPIDER/SPIDER_ws/install/nav2_msgs/lib/libnav2_msgs__python.so" to ""
[123.190s] -- Installing: /home/dfolse/repos/SPIDER/SPIDER_ws/install/nav2_msgs/share/nav2_msgs/msg/Costmap.idl
[123.196s] -- Installing: /home/dfolse/repos/SPIDER/SPIDER_ws/install/nav2_msgs/share/nav2_msgs/msg/CostmapMetaData.idl
[123.196s] -- Installing: /home/dfolse/repos/SPIDER/SPIDER_ws/install/nav2_msgs/share/nav2_msgs/msg/VoxelGrid.idl
[123.196s] -- Installing: /home/dfolse/repos/SPIDER/SPIDER_ws/install/nav2_msgs/share/nav2_msgs/msg/BehaviorTreeStatusChange.idl
[123.196s] -- Installing: /home/dfolse/repos/SPIDER/SPIDER_ws/install/nav2_msgs/share/nav2_msgs/msg/BehaviorTreeLog.idl
[123.196s] -- Installing: /home/dfolse/repos/SPIDER/SPIDER_ws/install/nav2_msgs/share/nav2_msgs/msg/Particle.idl
[123.197s] -- Installing: /home/dfolse/repos/SPIDER/SPIDER_ws/install/nav2_msgs/share/nav2_msgs/msg/ParticleCloud.idl
[123.197s] -- Installing: /home/dfolse/repos/SPIDER/SPIDER_ws/install/nav2_msgs/share/nav2_msgs/srv/GetCostmap.idl
[123.204s] -- Installing: /home/dfolse/repos/SPIDER/SPIDER_ws/install/nav2_msgs/share/nav2_msgs/srv/ClearCostmapExceptRegion.idl
[123.207s] -- Installing: /home/dfolse/repos/SPIDER/SPIDER_ws/install/nav2_msgs/share/nav2_msgs/srv/ClearCostmapAroundRobot.idl
[123.207s] -- Installing: /home/dfolse/repos/SPIDER/SPIDER_ws/install/nav2_msgs/share/nav2_msgs/srv/ClearEntireCostmap.idl
[123.208s] -- Installing: /home/dfolse/repos/SPIDER/SPIDER_ws/install/nav2_msgs/share/nav2_msgs/srv/ManageLifecycleNodes.idl
[123.208s] -- Installing: /home/dfolse/repos/SPIDER/SPIDER_ws/install/nav2_msgs/share/nav2_msgs/srv/LoadMap.idl
[123.208s] -- Installing: /home/dfolse/repos/SPIDER/SPIDER_ws/install/nav2_msgs/share/nav2_msgs/srv/SaveMap.idl
[123.209s] -- Installing: /home/dfolse/repos/SPIDER/SPIDER_ws/install/nav2_msgs/share/nav2_msgs/action/BackUp.idl
[123.209s] -- Installing: /home/dfolse/repos/SPIDER/SPIDER_ws/install/nav2_msgs/share/nav2_msgs/action/ComputePathToPose.idl
[123.210s] -- Installing: /home/dfolse/repos/SPIDER/SPIDER_ws/install/nav2_msgs/share/nav2_msgs/action/FollowPath.idl
[123.210s] -- Installing: /home/dfolse/repos/SPIDER/SPIDER_ws/install/nav2_msgs/share/nav2_msgs/action/NavigateToPose.idl
[123.211s] -- Installing: /home/dfolse/repos/SPIDER/SPIDER_ws/install/nav2_msgs/share/nav2_msgs/action/Wait.idl
[123.212s] -- Installing: /home/dfolse/repos/SPIDER/SPIDER_ws/install/nav2_msgs/share/nav2_msgs/action/Spin.idl
[123.212s] -- Installing: /home/dfolse/repos/SPIDER/SPIDER_ws/install/nav2_msgs/share/nav2_msgs/action/DummyRecovery.idl
[123.213s] -- Installing: /home/dfolse/repos/SPIDER/SPIDER_ws/install/nav2_msgs/share/nav2_msgs/action/FollowWaypoints.idl
[123.216s] -- Installing: /home/dfolse/repos/SPIDER/SPIDER_ws/install/nav2_msgs/share/nav2_msgs/msg/Costmap.msg
[123.217s] -- Installing: /home/dfolse/repos/SPIDER/SPIDER_ws/install/nav2_msgs/share/nav2_msgs/msg/CostmapMetaData.msg
[123.226s] -- Installing: /home/dfolse/repos/SPIDER/SPIDER_ws/install/nav2_msgs/share/nav2_msgs/msg/VoxelGrid.msg
[123.227s] -- Installing: /home/dfolse/repos/SPIDER/SPIDER_ws/install/nav2_msgs/share/nav2_msgs/msg/BehaviorTreeStatusChange.msg
[123.228s] -- Installing: /home/dfolse/repos/SPIDER/SPIDER_ws/install/nav2_msgs/share/nav2_msgs/msg/BehaviorTreeLog.msg
[123.228s] -- Installing: /home/dfolse/repos/SPIDER/SPIDER_ws/install/nav2_msgs/share/nav2_msgs/msg/Particle.msg
[123.229s] -- Installing: /home/dfolse/repos/SPIDER/SPIDER_ws/install/nav2_msgs/share/nav2_msgs/msg/ParticleCloud.msg
[123.230s] -- Installing: /home/dfolse/repos/SPIDER/SPIDER_ws/install/nav2_msgs/share/nav2_msgs/srv/GetCostmap.srv
[123.231s] -- Installing: /home/dfolse/repos/SPIDER/SPIDER_ws/install/nav2_msgs/share/nav2_msgs/srv/GetCostmap_Request.msg
[123.232s] -- Installing: /home/dfolse/repos/SPIDER/SPIDER_ws/install/nav2_msgs/share/nav2_msgs/srv/GetCostmap_Response.msg
[123.232s] -- Installing: /home/dfolse/repos/SPIDER/SPIDER_ws/install/nav2_msgs/share/nav2_msgs/srv/ClearCostmapExceptRegion.srv
[123.233s] -- Installing: /home/dfolse/repos/SPIDER/SPIDER_ws/install/nav2_msgs/share/nav2_msgs/srv/ClearCostmapExceptRegion_Request.msg
[123.233s] -- Installing: /home/dfolse/repos/SPIDER/SPIDER_ws/install/nav2_msgs/share/nav2_msgs/srv/ClearCostmapExceptRegion_Response.msg
[123.235s] -- Installing: /home/dfolse/repos/SPIDER/SPIDER_ws/install/nav2_msgs/share/nav2_msgs/srv/ClearCostmapAroundRobot.srv
[123.235s] -- Installing: /home/dfolse/repos/SPIDER/SPIDER_ws/install/nav2_msgs/share/nav2_msgs/srv/ClearCostmapAroundRobot_Request.msg
[123.236s] -- Installing: /home/dfolse/repos/SPIDER/SPIDER_ws/install/nav2_msgs/share/nav2_msgs/srv/ClearCostmapAroundRobot_Response.msg
[123.236s] -- Installing: /home/dfolse/repos/SPIDER/SPIDER_ws/install/nav2_msgs/share/nav2_msgs/srv/ClearEntireCostmap.srv
[123.236s] -- Installing: /home/dfolse/repos/SPIDER/SPIDER_ws/install/nav2_msgs/share/nav2_msgs/srv/ClearEntireCostmap_Request.msg
[123.237s] -- Installing: /home/dfolse/repos/SPIDER/SPIDER_ws/install/nav2_msgs/share/nav2_msgs/srv/ClearEntireCostmap_Response.msg
[123.238s] -- Installing: /home/dfolse/repos/SPIDER/SPIDER_ws/install/nav2_msgs/share/nav2_msgs/srv/ManageLifecycleNodes.srv
[123.239s] -- Installing: /home/dfolse/repos/SPIDER/SPIDER_ws/install/nav2_msgs/share/nav2_msgs/srv/ManageLifecycleNodes_Request.msg
[123.240s] -- Installing: /home/dfolse/repos/SPIDER/SPIDER_ws/install/nav2_msgs/share/nav2_msgs/srv/ManageLifecycleNodes_Response.msg
[123.240s] -- Installing: /home/dfolse/repos/SPIDER/SPIDER_ws/install/nav2_msgs/share/nav2_msgs/srv/LoadMap.srv
[123.251s] -- Installing: /home/dfolse/repos/SPIDER/SPIDER_ws/install/nav2_msgs/share/nav2_msgs/srv/LoadMap_Request.msg
[123.252s] -- Installing: /home/dfolse/repos/SPIDER/SPIDER_ws/install/nav2_msgs/share/nav2_msgs/srv/LoadMap_Response.msg
[123.252s] -- Installing: /home/dfolse/repos/SPIDER/SPIDER_ws/install/nav2_msgs/share/nav2_msgs/srv/SaveMap.srv
[123.252s] -- Installing: /home/dfolse/repos/SPIDER/SPIDER_ws/install/nav2_msgs/share/nav2_msgs/srv/SaveMap_Request.msg
[123.252s] -- Installing: /home/dfolse/repos/SPIDER/SPIDER_ws/install/nav2_msgs/share/nav2_msgs/srv/SaveMap_Response.msg
[123.252s] -- Installing: /home/dfolse/repos/SPIDER/SPIDER_ws/install/nav2_msgs/share/nav2_msgs/action/BackUp.action
[123.252s] -- Installing: /home/dfolse/repos/SPIDER/SPIDER_ws/install/nav2_msgs/share/nav2_msgs/action/ComputePathToPose.action
[123.253s] -- Installing: /home/dfolse/repos/SPIDER/SPIDER_ws/install/nav2_msgs/share/nav2_msgs/action/FollowPath.action
[123.253s] -- Installing: /home/dfolse/repos/SPIDER/SPIDER_ws/install/nav2_msgs/share/nav2_msgs/action/NavigateToPose.action
[123.253s] -- Installing: /home/dfolse/repos/SPIDER/SPIDER_ws/install/nav2_msgs/share/nav2_msgs/action/Wait.action
[123.253s] -- Installing: /home/dfolse/repos/SPIDER/SPIDER_ws/install/nav2_msgs/share/nav2_msgs/action/Spin.action
[123.253s] -- Installing: /home/dfolse/repos/SPIDER/SPIDER_ws/install/nav2_msgs/share/nav2_msgs/action/DummyRecovery.action
[123.255s] -- Installing: /home/dfolse/repos/SPIDER/SPIDER_ws/install/nav2_msgs/share/nav2_msgs/action/FollowWaypoints.action
[123.257s] -- Installing: /home/dfolse/repos/SPIDER/SPIDER_ws/install/nav2_msgs/share/ament_index/resource_index/package_run_dependencies/nav2_msgs
[123.258s] -- Installing: /home/dfolse/repos/SPIDER/SPIDER_ws/install/nav2_msgs/share/ament_index/resource_index/parent_prefix_path/nav2_msgs
[123.260s] -- Installing: /home/dfolse/repos/SPIDER/SPIDER_ws/install/nav2_msgs/share/nav2_msgs/environment/ament_prefix_path.sh
[123.261s] -- Installing: /home/dfolse/repos/SPIDER/SPIDER_ws/install/nav2_msgs/share/nav2_msgs/environment/ament_prefix_path.dsv
[123.262s] -- Installing: /home/dfolse/repos/SPIDER/SPIDER_ws/install/nav2_msgs/share/nav2_msgs/environment/path.sh
[123.262s] -- Installing: /home/dfolse/repos/SPIDER/SPIDER_ws/install/nav2_msgs/share/nav2_msgs/environment/path.dsv
[123.263s] -- Installing: /home/dfolse/repos/SPIDER/SPIDER_ws/install/nav2_msgs/share/nav2_msgs/local_setup.bash
[123.265s] -- Installing: /home/dfolse/repos/SPIDER/SPIDER_ws/install/nav2_msgs/share/nav2_msgs/local_setup.sh
[123.265s] -- Installing: /home/dfolse/repos/SPIDER/SPIDER_ws/install/nav2_msgs/share/nav2_msgs/local_setup.zsh
[123.266s] -- Installing: /home/dfolse/repos/SPIDER/SPIDER_ws/install/nav2_msgs/share/nav2_msgs/local_setup.dsv
[123.267s] -- Installing: /home/dfolse/repos/SPIDER/SPIDER_ws/install/nav2_msgs/share/nav2_msgs/package.dsv
[123.269s] -- Installing: /home/dfolse/repos/SPIDER/SPIDER_ws/install/nav2_msgs/share/ament_index/resource_index/packages/nav2_msgs
[123.276s] -- Installing: /home/dfolse/repos/SPIDER/SPIDER_ws/install/nav2_msgs/share/nav2_msgs/cmake/nav2_msgs__rosidl_generator_cExport.cmake
[123.276s] -- Installing: /home/dfolse/repos/SPIDER/SPIDER_ws/install/nav2_msgs/share/nav2_msgs/cmake/nav2_msgs__rosidl_generator_cExport-release.cmake
[123.277s] -- Installing: /home/dfolse/repos/SPIDER/SPIDER_ws/install/nav2_msgs/share/nav2_msgs/cmake/nav2_msgs__rosidl_typesupport_introspection_cExport.cmake
[123.278s] -- Installing: /home/dfolse/repos/SPIDER/SPIDER_ws/install/nav2_msgs/share/nav2_msgs/cmake/nav2_msgs__rosidl_typesupport_introspection_cExport-release.cmake
[123.279s] -- Installing: /home/dfolse/repos/SPIDER/SPIDER_ws/install/nav2_msgs/share/nav2_msgs/cmake/nav2_msgs__rosidl_typesupport_cExport.cmake
[123.280s] -- Installing: /home/dfolse/repos/SPIDER/SPIDER_ws/install/nav2_msgs/share/nav2_msgs/cmake/nav2_msgs__rosidl_typesupport_cExport-release.cmake
[123.280s] -- Installing: /home/dfolse/repos/SPIDER/SPIDER_ws/install/nav2_msgs/share/nav2_msgs/cmake/nav2_msgs__rosidl_generator_cppExport.cmake
[123.283s] -- Installing: /home/dfolse/repos/SPIDER/SPIDER_ws/install/nav2_msgs/share/nav2_msgs/cmake/nav2_msgs__rosidl_typesupport_introspection_cppExport.cmake
[123.285s] -- Installing: /home/dfolse/repos/SPIDER/SPIDER_ws/install/nav2_msgs/share/nav2_msgs/cmake/nav2_msgs__rosidl_typesupport_introspection_cppExport-release.cmake
[123.287s] -- Installing: /home/dfolse/repos/SPIDER/SPIDER_ws/install/nav2_msgs/share/nav2_msgs/cmake/nav2_msgs__rosidl_typesupport_cppExport.cmake
[123.287s] -- Installing: /home/dfolse/repos/SPIDER/SPIDER_ws/install/nav2_msgs/share/nav2_msgs/cmake/nav2_msgs__rosidl_typesupport_cppExport-release.cmake
[123.288s] -- Installing: /home/dfolse/repos/SPIDER/SPIDER_ws/install/nav2_msgs/share/nav2_msgs/cmake/rosidl_cmake-extras.cmake
[123.290s] -- Installing: /home/dfolse/repos/SPIDER/SPIDER_ws/install/nav2_msgs/share/nav2_msgs/cmake/ament_cmake_export_dependencies-extras.cmake
[123.293s] -- Installing: /home/dfolse/repos/SPIDER/SPIDER_ws/install/nav2_msgs/share/nav2_msgs/cmake/ament_cmake_export_libraries-extras.cmake
[123.295s] -- Installing: /home/dfolse/repos/SPIDER/SPIDER_ws/install/nav2_msgs/share/nav2_msgs/cmake/ament_cmake_export_targets-extras.cmake
[123.297s] -- Installing: /home/dfolse/repos/SPIDER/SPIDER_ws/install/nav2_msgs/share/nav2_msgs/cmake/ament_cmake_export_include_directories-extras.cmake
[123.298s] -- Installing: /home/dfolse/repos/SPIDER/SPIDER_ws/install/nav2_msgs/share/nav2_msgs/cmake/rosidl_cmake_export_typesupport_libraries-extras.cmake
[123.298s] -- Installing: /home/dfolse/repos/SPIDER/SPIDER_ws/install/nav2_msgs/share/nav2_msgs/cmake/rosidl_cmake_export_typesupport_targets-extras.cmake
[123.299s] -- Installing: /home/dfolse/repos/SPIDER/SPIDER_ws/install/nav2_msgs/share/nav2_msgs/cmake/nav2_msgsConfig.cmake
[123.300s] -- Installing: /home/dfolse/repos/SPIDER/SPIDER_ws/install/nav2_msgs/share/nav2_msgs/cmake/nav2_msgsConfig-version.cmake
[123.300s] -- Installing: /home/dfolse/repos/SPIDER/SPIDER_ws/install/nav2_msgs/share/nav2_msgs/package.xml
[123.336s] Invoked command in '/home/dfolse/repos/SPIDER/SPIDER_ws/build/nav2_msgs' returned '0': AMENT_PREFIX_PATH=/home/dfolse/repos/SPIDER/SPIDER_ws/install/nav2_common:${AMENT_PREFIX_PATH} CMAKE_PREFIX_PATH=/home/dfolse/repos/SPIDER/SPIDER_ws/install/nav2_common:/opt/ros/foxy NX_CONNECTION=192.168.1.26 58481 192.168.1.53 4000 PYTHONPATH=/home/dfolse/repos/SPIDER/SPIDER_ws/install/nav2_common/lib/python3.8/site-packages:${PYTHONPATH} /usr/bin/cmake --install /home/dfolse/repos/SPIDER/SPIDER_ws/build/nav2_msgs
