[3.002s] Invoking command in '/home/dfolse/repos/SPIDER/SPIDER_ws/src/spider_nav': AMENT_PREFIX_PATH=/home/dfolse/repos/SPIDER/SPIDER_ws/install/locomotion:/home/dfolse/repos/SPIDER/SPIDER_ws/install/data_transfer:/home/dfolse/repos/SPIDER/SPIDER_ws/install/spider_nav:/home/dfolse/repos/SPIDER/SPIDER_ws/install/spider_interfaces:/home/dfolse/repos/SPIDER/SPIDER_ws/install/oak_d_lite:/home/dfolse/repos/SPIDER/SPIDER_ws/install/nav2_gps_waypoint_follower_demo:/opt/ros/foxy PYTHONPATH=/home/dfolse/repos/SPIDER/SPIDER_ws/build/spider_nav/prefix_override:/home/dfolse/repos/SPIDER/SPIDER_ws/install/spider_nav/lib/python3.8/site-packages:/home/dfolse/repos/SPIDER/SPIDER_ws/install/locomotion/lib/python3.8/site-packages:/home/dfolse/repos/SPIDER/SPIDER_ws/install/spider_interfaces/lib/python3.8/site-packages:/home/dfolse/repos/SPIDER/SPIDER_ws/install/data_transfer/lib/python3.8/site-packages:/home/dfolse/repos/SPIDER/SPIDER_ws/install/spider_nav/lib/python3.8/site-packages:/home/dfolse/repos/SPIDER/SPIDER_ws/install/oak_d_lite/lib/python3.8/site-packages:/home/dfolse/repos/SPIDER/SPIDER_ws/install/nav2_gps_waypoint_follower_demo/lib/python3.8/site-packages:/opt/ros/foxy/lib/python3.8/site-packages /usr/bin/python3 -W ignore:setup.py install is deprecated setup.py egg_info --egg-base ../../build/spider_nav build --build-base /home/dfolse/repos/SPIDER/SPIDER_ws/build/spider_nav/build install --record /home/dfolse/repos/SPIDER/SPIDER_ws/build/spider_nav/install.log --single-version-externally-managed install_data
[4.038s] running egg_info
[4.040s] writing ../../build/spider_nav/spider_nav.egg-info/PKG-INFO
[4.041s] writing dependency_links to ../../build/spider_nav/spider_nav.egg-info/dependency_links.txt
[4.042s] writing entry points to ../../build/spider_nav/spider_nav.egg-info/entry_points.txt
[4.043s] writing requirements to ../../build/spider_nav/spider_nav.egg-info/requires.txt
[4.044s] writing top-level names to ../../build/spider_nav/spider_nav.egg-info/top_level.txt
[4.193s] reading manifest file '../../build/spider_nav/spider_nav.egg-info/SOURCES.txt'
[4.197s] writing manifest file '../../build/spider_nav/spider_nav.egg-info/SOURCES.txt'
[4.198s] running build
[4.198s] running build_py
[4.202s] running install
[4.205s] running install_lib
[4.215s] running install_data
[4.216s] running install_egg_info
[4.223s] removing '/home/dfolse/repos/SPIDER/SPIDER_ws/install/spider_nav/lib/python3.8/site-packages/spider_nav-0.0.0-py3.8.egg-info' (and everything under it)
[4.225s] Copying ../../build/spider_nav/spider_nav.egg-info to /home/dfolse/repos/SPIDER/SPIDER_ws/install/spider_nav/lib/python3.8/site-packages/spider_nav-0.0.0-py3.8.egg-info
[4.230s] running install_scripts
[4.300s] Installing gps_waypoint_logger script to /home/dfolse/repos/SPIDER/SPIDER_ws/install/spider_nav/lib/spider_nav
[4.301s] Installing interactive_waypoint_follower script to /home/dfolse/repos/SPIDER/SPIDER_ws/install/spider_nav/lib/spider_nav
[4.301s] Installing logged_waypoint_follower script to /home/dfolse/repos/SPIDER/SPIDER_ws/install/spider_nav/lib/spider_nav
[4.302s] Installing spider_gps_pub script to /home/dfolse/repos/SPIDER/SPIDER_ws/install/spider_nav/lib/spider_nav
[4.303s] Installing spider_nav_main script to /home/dfolse/repos/SPIDER/SPIDER_ws/install/spider_nav/lib/spider_nav
[4.305s] writing list of installed files to '/home/dfolse/repos/SPIDER/SPIDER_ws/build/spider_nav/install.log'
[4.403s] Invoked command in '/home/dfolse/repos/SPIDER/SPIDER_ws/src/spider_nav' returned '0': AMENT_PREFIX_PATH=/home/dfolse/repos/SPIDER/SPIDER_ws/install/locomotion:/home/dfolse/repos/SPIDER/SPIDER_ws/install/data_transfer:/home/dfolse/repos/SPIDER/SPIDER_ws/install/spider_nav:/home/dfolse/repos/SPIDER/SPIDER_ws/install/spider_interfaces:/home/dfolse/repos/SPIDER/SPIDER_ws/install/oak_d_lite:/home/dfolse/repos/SPIDER/SPIDER_ws/install/nav2_gps_waypoint_follower_demo:/opt/ros/foxy PYTHONPATH=/home/dfolse/repos/SPIDER/SPIDER_ws/build/spider_nav/prefix_override:/home/dfolse/repos/SPIDER/SPIDER_ws/install/spider_nav/lib/python3.8/site-packages:/home/dfolse/repos/SPIDER/SPIDER_ws/install/locomotion/lib/python3.8/site-packages:/home/dfolse/repos/SPIDER/SPIDER_ws/install/spider_interfaces/lib/python3.8/site-packages:/home/dfolse/repos/SPIDER/SPIDER_ws/install/data_transfer/lib/python3.8/site-packages:/home/dfolse/repos/SPIDER/SPIDER_ws/install/spider_nav/lib/python3.8/site-packages:/home/dfolse/repos/SPIDER/SPIDER_ws/install/oak_d_lite/lib/python3.8/site-packages:/home/dfolse/repos/SPIDER/SPIDER_ws/install/nav2_gps_waypoint_follower_demo/lib/python3.8/site-packages:/opt/ros/foxy/lib/python3.8/site-packages /usr/bin/python3 -W ignore:setup.py install is deprecated setup.py egg_info --egg-base ../../build/spider_nav build --build-base /home/dfolse/repos/SPIDER/SPIDER_ws/build/spider_nav/build install --record /home/dfolse/repos/SPIDER/SPIDER_ws/build/spider_nav/install.log --single-version-externally-managed install_data
