[0.215s] Invoking command in '/home/dfolse/repos/SPIDER/SPIDER_ws/build/nav2_msgs': AMENT_PREFIX_PATH=/home/dfolse/repos/SPIDER/SPIDER_ws/install/nav2_common:${AMENT_PREFIX_PATH} CMAKE_PREFIX_PATH=/home/dfolse/repos/SPIDER/SPIDER_ws/install/nav2_common:/opt/ros/foxy NX_CONNECTION=192.168.1.26 51145 192.168.1.53 4000 PYTHONPATH=/home/dfolse/repos/SPIDER/SPIDER_ws/install/nav2_common/lib/python3.8/site-packages:${PYTHONPATH} /usr/bin/cmake --build /home/dfolse/repos/SPIDER/SPIDER_ws/build/nav2_msgs -- -j6 -l6
[0.903s] [  0%] Built target nav2_msgs__cpp
[0.940s] [ 12%] Built target nav2_msgs__rosidl_generator_c
[1.263s] [ 25%] Built target nav2_msgs__rosidl_typesupport_introspection_cpp
[1.265s] [ 37%] Built target nav2_msgs__rosidl_typesupport_cpp
[1.379s] [ 49%] Built target nav2_msgs__rosidl_typesupport_introspection_c
[1.387s] [ 61%] Built target nav2_msgs__rosidl_typesupport_c
[1.438s] [ 73%] Built target nav2_msgs__rosidl_typesupport_fastrtps_cpp
[1.730s] [ 85%] Built target nav2_msgs__rosidl_typesupport_fastrtps_c
[1.935s] [ 85%] Built target nav2_msgs
[2.248s] [ 86%] Built target nav2_msgs__py
[2.875s] [ 97%] Built target nav2_msgs__python
[3.265s] [ 98%] Built target nav2_msgs__rosidl_typesupport_c__pyext
[3.307s] [ 99%] Built target nav2_msgs__rosidl_typesupport_introspection_c__pyext
[3.351s] [100%] Built target nav2_msgs__rosidl_typesupport_fastrtps_c__pyext
[3.494s] Invoked command in '/home/dfolse/repos/SPIDER/SPIDER_ws/build/nav2_msgs' returned '0': AMENT_PREFIX_PATH=/home/dfolse/repos/SPIDER/SPIDER_ws/install/nav2_common:${AMENT_PREFIX_PATH} CMAKE_PREFIX_PATH=/home/dfolse/repos/SPIDER/SPIDER_ws/install/nav2_common:/opt/ros/foxy NX_CONNECTION=192.168.1.26 51145 192.168.1.53 4000 PYTHONPATH=/home/dfolse/repos/SPIDER/SPIDER_ws/install/nav2_common/lib/python3.8/site-packages:${PYTHONPATH} /usr/bin/cmake --build /home/dfolse/repos/SPIDER/SPIDER_ws/build/nav2_msgs -- -j6 -l6
[12.731s] Invoking command in '/home/dfolse/repos/SPIDER/SPIDER_ws/build/nav2_msgs': AMENT_PREFIX_PATH=/home/dfolse/repos/SPIDER/SPIDER_ws/install/nav2_common:${AMENT_PREFIX_PATH} CMAKE_PREFIX_PATH=/home/dfolse/repos/SPIDER/SPIDER_ws/install/nav2_common:/opt/ros/foxy NX_CONNECTION=192.168.1.26 51145 192.168.1.53 4000 PYTHONPATH=/home/dfolse/repos/SPIDER/SPIDER_ws/install/nav2_common/lib/python3.8/site-packages:${PYTHONPATH} /usr/bin/cmake --install /home/dfolse/repos/SPIDER/SPIDER_ws/build/nav2_msgs
[12.829s] -- Install configuration: "Release"
[12.838s] -- Up-to-date: /home/dfolse/repos/SPIDER/SPIDER_ws/install/nav2_msgs/share/ament_index/resource_index/rosidl_interfaces/nav2_msgs
[12.841s] -- Up-to-date: /home/dfolse/repos/SPIDER/SPIDER_ws/install/nav2_msgs/include/nav2_msgs
[12.842s] -- Up-to-date: /home/dfolse/repos/SPIDER/SPIDER_ws/install/nav2_msgs/include/nav2_msgs/srv
[12.843s] -- Up-to-date: /home/dfolse/repos/SPIDER/SPIDER_ws/install/nav2_msgs/include/nav2_msgs/srv/manage_lifecycle_nodes.h
[12.843s] -- Up-to-date: /home/dfolse/repos/SPIDER/SPIDER_ws/install/nav2_msgs/include/nav2_msgs/srv/save_map.h
[12.843s] -- Up-to-date: /home/dfolse/repos/SPIDER/SPIDER_ws/install/nav2_msgs/include/nav2_msgs/srv/clear_costmap_around_robot.h
[12.843s] -- Up-to-date: /home/dfolse/repos/SPIDER/SPIDER_ws/install/nav2_msgs/include/nav2_msgs/srv/detail
[12.863s] -- Up-to-date: /home/dfolse/repos/SPIDER/SPIDER_ws/install/nav2_msgs/include/nav2_msgs/srv/detail/load_map__struct.h
[12.863s] -- Up-to-date: /home/dfolse/repos/SPIDER/SPIDER_ws/install/nav2_msgs/include/nav2_msgs/srv/detail/manage_lifecycle_nodes__functions.c
[12.863s] -- Up-to-date: /home/dfolse/repos/SPIDER/SPIDER_ws/install/nav2_msgs/include/nav2_msgs/srv/detail/load_map__functions.c
[12.863s] -- Up-to-date: /home/dfolse/repos/SPIDER/SPIDER_ws/install/nav2_msgs/include/nav2_msgs/srv/detail/get_costmap__type_support.h
[12.864s] -- Up-to-date: /home/dfolse/repos/SPIDER/SPIDER_ws/install/nav2_msgs/include/nav2_msgs/srv/detail/manage_lifecycle_nodes__type_support.h
[12.864s] -- Up-to-date: /home/dfolse/repos/SPIDER/SPIDER_ws/install/nav2_msgs/include/nav2_msgs/srv/detail/clear_entire_costmap__type_support.h
[12.865s] -- Up-to-date: /home/dfolse/repos/SPIDER/SPIDER_ws/install/nav2_msgs/include/nav2_msgs/srv/detail/save_map__functions.c
[12.866s] -- Up-to-date: /home/dfolse/repos/SPIDER/SPIDER_ws/install/nav2_msgs/include/nav2_msgs/srv/detail/load_map__functions.h
[12.866s] -- Up-to-date: /home/dfolse/repos/SPIDER/SPIDER_ws/install/nav2_msgs/include/nav2_msgs/srv/detail/clear_costmap_around_robot__functions.h
[12.866s] -- Up-to-date: /home/dfolse/repos/SPIDER/SPIDER_ws/install/nav2_msgs/include/nav2_msgs/srv/detail/clear_costmap_except_region__functions.h
[12.866s] -- Up-to-date: /home/dfolse/repos/SPIDER/SPIDER_ws/install/nav2_msgs/include/nav2_msgs/srv/detail/get_costmap__functions.h
[12.866s] -- Up-to-date: /home/dfolse/repos/SPIDER/SPIDER_ws/install/nav2_msgs/include/nav2_msgs/srv/detail/save_map__type_support.h
[12.867s] -- Up-to-date: /home/dfolse/repos/SPIDER/SPIDER_ws/install/nav2_msgs/include/nav2_msgs/srv/detail/clear_costmap_around_robot__type_support.h
[12.870s] -- Up-to-date: /home/dfolse/repos/SPIDER/SPIDER_ws/install/nav2_msgs/include/nav2_msgs/srv/detail/clear_costmap_except_region__struct.h
[12.870s] -- Up-to-date: /home/dfolse/repos/SPIDER/SPIDER_ws/install/nav2_msgs/include/nav2_msgs/srv/detail/clear_costmap_except_region__type_support.h
[12.871s] -- Up-to-date: /home/dfolse/repos/SPIDER/SPIDER_ws/install/nav2_msgs/include/nav2_msgs/srv/detail/clear_costmap_except_region__functions.c
[12.871s] -- Up-to-date: /home/dfolse/repos/SPIDER/SPIDER_ws/install/nav2_msgs/include/nav2_msgs/srv/detail/save_map__functions.h
[12.872s] -- Up-to-date: /home/dfolse/repos/SPIDER/SPIDER_ws/install/nav2_msgs/include/nav2_msgs/srv/detail/get_costmap__functions.c
[12.872s] -- Up-to-date: /home/dfolse/repos/SPIDER/SPIDER_ws/install/nav2_msgs/include/nav2_msgs/srv/detail/clear_costmap_around_robot__struct.h
[12.872s] -- Up-to-date: /home/dfolse/repos/SPIDER/SPIDER_ws/install/nav2_msgs/include/nav2_msgs/srv/detail/clear_costmap_around_robot__functions.c
[12.872s] -- Up-to-date: /home/dfolse/repos/SPIDER/SPIDER_ws/install/nav2_msgs/include/nav2_msgs/srv/detail/load_map__type_support.h
[12.872s] -- Up-to-date: /home/dfolse/repos/SPIDER/SPIDER_ws/install/nav2_msgs/include/nav2_msgs/srv/detail/save_map__struct.h
[12.872s] -- Up-to-date: /home/dfolse/repos/SPIDER/SPIDER_ws/install/nav2_msgs/include/nav2_msgs/srv/detail/clear_entire_costmap__functions.h
[12.873s] -- Up-to-date: /home/dfolse/repos/SPIDER/SPIDER_ws/install/nav2_msgs/include/nav2_msgs/srv/detail/manage_lifecycle_nodes__functions.h
[12.873s] -- Up-to-date: /home/dfolse/repos/SPIDER/SPIDER_ws/install/nav2_msgs/include/nav2_msgs/srv/detail/get_costmap__struct.h
[12.873s] -- Up-to-date: /home/dfolse/repos/SPIDER/SPIDER_ws/install/nav2_msgs/include/nav2_msgs/srv/detail/clear_entire_costmap__functions.c
[12.873s] -- Up-to-date: /home/dfolse/repos/SPIDER/SPIDER_ws/install/nav2_msgs/include/nav2_msgs/srv/detail/manage_lifecycle_nodes__struct.h
[12.873s] -- Up-to-date: /home/dfolse/repos/SPIDER/SPIDER_ws/install/nav2_msgs/include/nav2_msgs/srv/detail/clear_entire_costmap__struct.h
[12.873s] -- Up-to-date: /home/dfolse/repos/SPIDER/SPIDER_ws/install/nav2_msgs/include/nav2_msgs/srv/clear_costmap_except_region.h
[12.873s] -- Up-to-date: /home/dfolse/repos/SPIDER/SPIDER_ws/install/nav2_msgs/include/nav2_msgs/srv/get_costmap.h
[12.873s] -- Up-to-date: /home/dfolse/repos/SPIDER/SPIDER_ws/install/nav2_msgs/include/nav2_msgs/srv/clear_entire_costmap.h
[12.874s] -- Up-to-date: /home/dfolse/repos/SPIDER/SPIDER_ws/install/nav2_msgs/include/nav2_msgs/srv/load_map.h
[12.874s] -- Up-to-date: /home/dfolse/repos/SPIDER/SPIDER_ws/install/nav2_msgs/include/nav2_msgs/msg
[12.874s] -- Up-to-date: /home/dfolse/repos/SPIDER/SPIDER_ws/install/nav2_msgs/include/nav2_msgs/msg/particle_cloud.h
[12.875s] -- Up-to-date: /home/dfolse/repos/SPIDER/SPIDER_ws/install/nav2_msgs/include/nav2_msgs/msg/particle.h
[12.875s] -- Up-to-date: /home/dfolse/repos/SPIDER/SPIDER_ws/install/nav2_msgs/include/nav2_msgs/msg/detail
[12.876s] -- Up-to-date: /home/dfolse/repos/SPIDER/SPIDER_ws/install/nav2_msgs/include/nav2_msgs/msg/detail/costmap_meta_data__type_support.h
[12.877s] -- Up-to-date: /home/dfolse/repos/SPIDER/SPIDER_ws/install/nav2_msgs/include/nav2_msgs/msg/detail/behavior_tree_status_change__functions.c
[12.877s] -- Up-to-date: /home/dfolse/repos/SPIDER/SPIDER_ws/install/nav2_msgs/include/nav2_msgs/msg/detail/costmap__type_support.h
[12.877s] -- Up-to-date: /home/dfolse/repos/SPIDER/SPIDER_ws/install/nav2_msgs/include/nav2_msgs/msg/detail/particle_cloud__functions.c
[12.878s] -- Up-to-date: /home/dfolse/repos/SPIDER/SPIDER_ws/install/nav2_msgs/include/nav2_msgs/msg/detail/particle__functions.c
[12.878s] -- Up-to-date: /home/dfolse/repos/SPIDER/SPIDER_ws/install/nav2_msgs/include/nav2_msgs/msg/detail/behavior_tree_log__type_support.h
[12.878s] -- Up-to-date: /home/dfolse/repos/SPIDER/SPIDER_ws/install/nav2_msgs/include/nav2_msgs/msg/detail/voxel_grid__struct.h
[12.878s] -- Up-to-date: /home/dfolse/repos/SPIDER/SPIDER_ws/install/nav2_msgs/include/nav2_msgs/msg/detail/particle_cloud__type_support.h
[12.879s] -- Up-to-date: /home/dfolse/repos/SPIDER/SPIDER_ws/install/nav2_msgs/include/nav2_msgs/msg/detail/behavior_tree_status_change__type_support.h
[12.880s] -- Up-to-date: /home/dfolse/repos/SPIDER/SPIDER_ws/install/nav2_msgs/include/nav2_msgs/msg/detail/particle_cloud__functions.h
[12.880s] -- Up-to-date: /home/dfolse/repos/SPIDER/SPIDER_ws/install/nav2_msgs/include/nav2_msgs/msg/detail/costmap_meta_data__functions.h
[12.880s] -- Up-to-date: /home/dfolse/repos/SPIDER/SPIDER_ws/install/nav2_msgs/include/nav2_msgs/msg/detail/costmap__functions.h
[12.881s] -- Up-to-date: /home/dfolse/repos/SPIDER/SPIDER_ws/install/nav2_msgs/include/nav2_msgs/msg/detail/particle__functions.h
[12.881s] -- Up-to-date: /home/dfolse/repos/SPIDER/SPIDER_ws/install/nav2_msgs/include/nav2_msgs/msg/detail/costmap__struct.h
[12.881s] -- Up-to-date: /home/dfolse/repos/SPIDER/SPIDER_ws/install/nav2_msgs/include/nav2_msgs/msg/detail/behavior_tree_log__functions.h
[12.881s] -- Up-to-date: /home/dfolse/repos/SPIDER/SPIDER_ws/install/nav2_msgs/include/nav2_msgs/msg/detail/behavior_tree_log__functions.c
[12.882s] -- Up-to-date: /home/dfolse/repos/SPIDER/SPIDER_ws/install/nav2_msgs/include/nav2_msgs/msg/detail/behavior_tree_status_change__struct.h
[12.882s] -- Up-to-date: /home/dfolse/repos/SPIDER/SPIDER_ws/install/nav2_msgs/include/nav2_msgs/msg/detail/behavior_tree_status_change__functions.h
[12.882s] -- Up-to-date: /home/dfolse/repos/SPIDER/SPIDER_ws/install/nav2_msgs/include/nav2_msgs/msg/detail/voxel_grid__functions.c
[12.887s] -- Up-to-date: /home/dfolse/repos/SPIDER/SPIDER_ws/install/nav2_msgs/include/nav2_msgs/msg/detail/particle_cloud__struct.h
[12.887s] -- Up-to-date: /home/dfolse/repos/SPIDER/SPIDER_ws/install/nav2_msgs/include/nav2_msgs/msg/detail/particle__struct.h
[12.888s] -- Up-to-date: /home/dfolse/repos/SPIDER/SPIDER_ws/install/nav2_msgs/include/nav2_msgs/msg/detail/voxel_grid__type_support.h
[12.888s] -- Up-to-date: /home/dfolse/repos/SPIDER/SPIDER_ws/install/nav2_msgs/include/nav2_msgs/msg/detail/costmap__functions.c
[12.891s] -- Up-to-date: /home/dfolse/repos/SPIDER/SPIDER_ws/install/nav2_msgs/include/nav2_msgs/msg/detail/voxel_grid__functions.h
[12.891s] -- Up-to-date: /home/dfolse/repos/SPIDER/SPIDER_ws/install/nav2_msgs/include/nav2_msgs/msg/detail/costmap_meta_data__functions.c
[12.891s] -- Up-to-date: /home/dfolse/repos/SPIDER/SPIDER_ws/install/nav2_msgs/include/nav2_msgs/msg/detail/particle__type_support.h
[12.892s] -- Up-to-date: /home/dfolse/repos/SPIDER/SPIDER_ws/install/nav2_msgs/include/nav2_msgs/msg/detail/costmap_meta_data__struct.h
[12.892s] -- Up-to-date: /home/dfolse/repos/SPIDER/SPIDER_ws/install/nav2_msgs/include/nav2_msgs/msg/detail/behavior_tree_log__struct.h
[12.892s] -- Up-to-date: /home/dfolse/repos/SPIDER/SPIDER_ws/install/nav2_msgs/include/nav2_msgs/msg/behavior_tree_status_change.h
[12.898s] -- Up-to-date: /home/dfolse/repos/SPIDER/SPIDER_ws/install/nav2_msgs/include/nav2_msgs/msg/costmap_meta_data.h
[12.898s] -- Up-to-date: /home/dfolse/repos/SPIDER/SPIDER_ws/install/nav2_msgs/include/nav2_msgs/msg/costmap.h
[12.898s] -- Up-to-date: /home/dfolse/repos/SPIDER/SPIDER_ws/install/nav2_msgs/include/nav2_msgs/msg/voxel_grid.h
[12.898s] -- Up-to-date: /home/dfolse/repos/SPIDER/SPIDER_ws/install/nav2_msgs/include/nav2_msgs/msg/rosidl_generator_c__visibility_control.h
[12.898s] -- Up-to-date: /home/dfolse/repos/SPIDER/SPIDER_ws/install/nav2_msgs/include/nav2_msgs/msg/behavior_tree_log.h
[12.899s] -- Up-to-date: /home/dfolse/repos/SPIDER/SPIDER_ws/install/nav2_msgs/include/nav2_msgs/action
[12.899s] -- Up-to-date: /home/dfolse/repos/SPIDER/SPIDER_ws/install/nav2_msgs/include/nav2_msgs/action/back_up.h
[12.899s] -- Up-to-date: /home/dfolse/repos/SPIDER/SPIDER_ws/install/nav2_msgs/include/nav2_msgs/action/follow_path.h
[12.899s] -- Up-to-date: /home/dfolse/repos/SPIDER/SPIDER_ws/install/nav2_msgs/include/nav2_msgs/action/wait.h
[12.899s] -- Up-to-date: /home/dfolse/repos/SPIDER/SPIDER_ws/install/nav2_msgs/include/nav2_msgs/action/compute_path_to_pose.h
[12.905s] -- Up-to-date: /home/dfolse/repos/SPIDER/SPIDER_ws/install/nav2_msgs/include/nav2_msgs/action/follow_waypoints.h
[12.917s] -- Up-to-date: /home/dfolse/repos/SPIDER/SPIDER_ws/install/nav2_msgs/include/nav2_msgs/action/detail
[12.917s] -- Up-to-date: /home/dfolse/repos/SPIDER/SPIDER_ws/install/nav2_msgs/include/nav2_msgs/action/detail/navigate_to_pose__struct.h
[12.917s] -- Up-to-date: /home/dfolse/repos/SPIDER/SPIDER_ws/install/nav2_msgs/include/nav2_msgs/action/detail/wait__type_support.h
[12.919s] -- Up-to-date: /home/dfolse/repos/SPIDER/SPIDER_ws/install/nav2_msgs/include/nav2_msgs/action/detail/follow_path__functions.h
[12.923s] -- Up-to-date: /home/dfolse/repos/SPIDER/SPIDER_ws/install/nav2_msgs/include/nav2_msgs/action/detail/spin__functions.c
[12.923s] -- Up-to-date: /home/dfolse/repos/SPIDER/SPIDER_ws/install/nav2_msgs/include/nav2_msgs/action/detail/wait__functions.c
[12.923s] -- Up-to-date: /home/dfolse/repos/SPIDER/SPIDER_ws/install/nav2_msgs/include/nav2_msgs/action/detail/navigate_to_pose__functions.h
[12.923s] -- Up-to-date: /home/dfolse/repos/SPIDER/SPIDER_ws/install/nav2_msgs/include/nav2_msgs/action/detail/wait__struct.h
[12.923s] -- Up-to-date: /home/dfolse/repos/SPIDER/SPIDER_ws/install/nav2_msgs/include/nav2_msgs/action/detail/compute_path_to_pose__type_support.h
[12.924s] -- Up-to-date: /home/dfolse/repos/SPIDER/SPIDER_ws/install/nav2_msgs/include/nav2_msgs/action/detail/wait__functions.h
[12.924s] -- Up-to-date: /home/dfolse/repos/SPIDER/SPIDER_ws/install/nav2_msgs/include/nav2_msgs/action/detail/dummy_recovery__struct.h
[12.924s] -- Up-to-date: /home/dfolse/repos/SPIDER/SPIDER_ws/install/nav2_msgs/include/nav2_msgs/action/detail/follow_waypoints__type_support.h
[12.924s] -- Up-to-date: /home/dfolse/repos/SPIDER/SPIDER_ws/install/nav2_msgs/include/nav2_msgs/action/detail/spin__struct.h
[12.924s] -- Up-to-date: /home/dfolse/repos/SPIDER/SPIDER_ws/install/nav2_msgs/include/nav2_msgs/action/detail/navigate_to_pose__type_support.h
[12.924s] -- Up-to-date: /home/dfolse/repos/SPIDER/SPIDER_ws/install/nav2_msgs/include/nav2_msgs/action/detail/back_up__struct.h
[12.924s] -- Up-to-date: /home/dfolse/repos/SPIDER/SPIDER_ws/install/nav2_msgs/include/nav2_msgs/action/detail/dummy_recovery__type_support.h
[12.924s] -- Up-to-date: /home/dfolse/repos/SPIDER/SPIDER_ws/install/nav2_msgs/include/nav2_msgs/action/detail/follow_waypoints__struct.h
[12.925s] -- Up-to-date: /home/dfolse/repos/SPIDER/SPIDER_ws/install/nav2_msgs/include/nav2_msgs/action/detail/compute_path_to_pose__functions.c
[12.931s] -- Up-to-date: /home/dfolse/repos/SPIDER/SPIDER_ws/install/nav2_msgs/include/nav2_msgs/action/detail/spin__functions.h
[12.933s] -- Up-to-date: /home/dfolse/repos/SPIDER/SPIDER_ws/install/nav2_msgs/include/nav2_msgs/action/detail/follow_path__type_support.h
[12.933s] -- Up-to-date: /home/dfolse/repos/SPIDER/SPIDER_ws/install/nav2_msgs/include/nav2_msgs/action/detail/back_up__functions.h
[12.938s] -- Up-to-date: /home/dfolse/repos/SPIDER/SPIDER_ws/install/nav2_msgs/include/nav2_msgs/action/detail/follow_path__struct.h
[12.939s] -- Up-to-date: /home/dfolse/repos/SPIDER/SPIDER_ws/install/nav2_msgs/include/nav2_msgs/action/detail/compute_path_to_pose__functions.h
[12.939s] -- Up-to-date: /home/dfolse/repos/SPIDER/SPIDER_ws/install/nav2_msgs/include/nav2_msgs/action/detail/compute_path_to_pose__struct.h
[12.939s] -- Up-to-date: /home/dfolse/repos/SPIDER/SPIDER_ws/install/nav2_msgs/include/nav2_msgs/action/detail/follow_waypoints__functions.c
[12.939s] -- Up-to-date: /home/dfolse/repos/SPIDER/SPIDER_ws/install/nav2_msgs/include/nav2_msgs/action/detail/follow_path__functions.c
[12.939s] -- Up-to-date: /home/dfolse/repos/SPIDER/SPIDER_ws/install/nav2_msgs/include/nav2_msgs/action/detail/navigate_to_pose__functions.c
[12.939s] -- Up-to-date: /home/dfolse/repos/SPIDER/SPIDER_ws/install/nav2_msgs/include/nav2_msgs/action/detail/dummy_recovery__functions.h
[12.944s] -- Up-to-date: /home/dfolse/repos/SPIDER/SPIDER_ws/install/nav2_msgs/include/nav2_msgs/action/detail/back_up__functions.c
[12.945s] -- Up-to-date: /home/dfolse/repos/SPIDER/SPIDER_ws/install/nav2_msgs/include/nav2_msgs/action/detail/dummy_recovery__functions.c
[12.945s] -- Up-to-date: /home/dfolse/repos/SPIDER/SPIDER_ws/install/nav2_msgs/include/nav2_msgs/action/detail/follow_waypoints__functions.h
[12.945s] -- Up-to-date: /home/dfolse/repos/SPIDER/SPIDER_ws/install/nav2_msgs/include/nav2_msgs/action/detail/back_up__type_support.h
[12.945s] -- Up-to-date: /home/dfolse/repos/SPIDER/SPIDER_ws/install/nav2_msgs/include/nav2_msgs/action/detail/spin__type_support.h
[12.945s] -- Up-to-date: /home/dfolse/repos/SPIDER/SPIDER_ws/install/nav2_msgs/include/nav2_msgs/action/spin.h
[12.947s] -- Up-to-date: /home/dfolse/repos/SPIDER/SPIDER_ws/install/nav2_msgs/include/nav2_msgs/action/dummy_recovery.h
[12.947s] -- Up-to-date: /home/dfolse/repos/SPIDER/SPIDER_ws/install/nav2_msgs/include/nav2_msgs/action/navigate_to_pose.h
[12.947s] -- Up-to-date: /home/dfolse/repos/SPIDER/SPIDER_ws/install/nav2_msgs/share/nav2_msgs/environment/library_path.sh
[12.947s] -- Up-to-date: /home/dfolse/repos/SPIDER/SPIDER_ws/install/nav2_msgs/share/nav2_msgs/environment/library_path.dsv
[12.947s] -- Up-to-date: /home/dfolse/repos/SPIDER/SPIDER_ws/install/nav2_msgs/lib/libnav2_msgs__rosidl_generator_c.so
[12.947s] -- Up-to-date: /home/dfolse/repos/SPIDER/SPIDER_ws/install/nav2_msgs/include/nav2_msgs
[12.948s] -- Up-to-date: /home/dfolse/repos/SPIDER/SPIDER_ws/install/nav2_msgs/include/nav2_msgs/srv
[12.948s] -- Up-to-date: /home/dfolse/repos/SPIDER/SPIDER_ws/install/nav2_msgs/include/nav2_msgs/srv/detail
[12.948s] -- Up-to-date: /home/dfolse/repos/SPIDER/SPIDER_ws/install/nav2_msgs/include/nav2_msgs/srv/detail/load_map__rosidl_typesupport_fastrtps_c.h
[12.948s] -- Up-to-date: /home/dfolse/repos/SPIDER/SPIDER_ws/install/nav2_msgs/include/nav2_msgs/srv/detail/get_costmap__rosidl_typesupport_fastrtps_c.h
[12.948s] -- Up-to-date: /home/dfolse/repos/SPIDER/SPIDER_ws/install/nav2_msgs/include/nav2_msgs/srv/detail/manage_lifecycle_nodes__rosidl_typesupport_fastrtps_c.h
[12.948s] -- Up-to-date: /home/dfolse/repos/SPIDER/SPIDER_ws/install/nav2_msgs/include/nav2_msgs/srv/detail/clear_entire_costmap__rosidl_typesupport_fastrtps_c.h
[12.948s] -- Up-to-date: /home/dfolse/repos/SPIDER/SPIDER_ws/install/nav2_msgs/include/nav2_msgs/srv/detail/clear_costmap_except_region__rosidl_typesupport_fastrtps_c.h
[12.949s] -- Up-to-date: /home/dfolse/repos/SPIDER/SPIDER_ws/install/nav2_msgs/include/nav2_msgs/srv/detail/clear_costmap_around_robot__rosidl_typesupport_fastrtps_c.h
[12.949s] -- Up-to-date: /home/dfolse/repos/SPIDER/SPIDER_ws/install/nav2_msgs/include/nav2_msgs/srv/detail/save_map__rosidl_typesupport_fastrtps_c.h
[12.949s] -- Up-to-date: /home/dfolse/repos/SPIDER/SPIDER_ws/install/nav2_msgs/include/nav2_msgs/msg
[12.949s] -- Up-to-date: /home/dfolse/repos/SPIDER/SPIDER_ws/install/nav2_msgs/include/nav2_msgs/msg/rosidl_typesupport_fastrtps_c__visibility_control.h
[12.949s] -- Up-to-date: /home/dfolse/repos/SPIDER/SPIDER_ws/install/nav2_msgs/include/nav2_msgs/msg/detail
[12.949s] -- Up-to-date: /home/dfolse/repos/SPIDER/SPIDER_ws/install/nav2_msgs/include/nav2_msgs/msg/detail/behavior_tree_log__rosidl_typesupport_fastrtps_c.h
[12.953s] -- Up-to-date: /home/dfolse/repos/SPIDER/SPIDER_ws/install/nav2_msgs/include/nav2_msgs/msg/detail/particle__rosidl_typesupport_fastrtps_c.h
[12.953s] -- Up-to-date: /home/dfolse/repos/SPIDER/SPIDER_ws/install/nav2_msgs/include/nav2_msgs/msg/detail/costmap__rosidl_typesupport_fastrtps_c.h
[12.953s] -- Up-to-date: /home/dfolse/repos/SPIDER/SPIDER_ws/install/nav2_msgs/include/nav2_msgs/msg/detail/behavior_tree_status_change__rosidl_typesupport_fastrtps_c.h
[12.953s] -- Up-to-date: /home/dfolse/repos/SPIDER/SPIDER_ws/install/nav2_msgs/include/nav2_msgs/msg/detail/voxel_grid__rosidl_typesupport_fastrtps_c.h
[12.953s] -- Up-to-date: /home/dfolse/repos/SPIDER/SPIDER_ws/install/nav2_msgs/include/nav2_msgs/msg/detail/costmap_meta_data__rosidl_typesupport_fastrtps_c.h
[12.953s] -- Up-to-date: /home/dfolse/repos/SPIDER/SPIDER_ws/install/nav2_msgs/include/nav2_msgs/msg/detail/particle_cloud__rosidl_typesupport_fastrtps_c.h
[12.999s] -- Up-to-date: /home/dfolse/repos/SPIDER/SPIDER_ws/install/nav2_msgs/include/nav2_msgs/action
[13.000s] -- Up-to-date: /home/dfolse/repos/SPIDER/SPIDER_ws/install/nav2_msgs/include/nav2_msgs/action/detail
[13.001s] -- Up-to-date: /home/dfolse/repos/SPIDER/SPIDER_ws/install/nav2_msgs/include/nav2_msgs/action/detail/spin__rosidl_typesupport_fastrtps_c.h
[13.001s] -- Up-to-date: /home/dfolse/repos/SPIDER/SPIDER_ws/install/nav2_msgs/include/nav2_msgs/action/detail/follow_path__rosidl_typesupport_fastrtps_c.h
[13.001s] -- Up-to-date: /home/dfolse/repos/SPIDER/SPIDER_ws/install/nav2_msgs/include/nav2_msgs/action/detail/navigate_to_pose__rosidl_typesupport_fastrtps_c.h
[13.001s] -- Up-to-date: /home/dfolse/repos/SPIDER/SPIDER_ws/install/nav2_msgs/include/nav2_msgs/action/detail/compute_path_to_pose__rosidl_typesupport_fastrtps_c.h
[13.001s] -- Up-to-date: /home/dfolse/repos/SPIDER/SPIDER_ws/install/nav2_msgs/include/nav2_msgs/action/detail/back_up__rosidl_typesupport_fastrtps_c.h
[13.002s] -- Up-to-date: /home/dfolse/repos/SPIDER/SPIDER_ws/install/nav2_msgs/include/nav2_msgs/action/detail/follow_waypoints__rosidl_typesupport_fastrtps_c.h
[13.002s] -- Up-to-date: /home/dfolse/repos/SPIDER/SPIDER_ws/install/nav2_msgs/include/nav2_msgs/action/detail/wait__rosidl_typesupport_fastrtps_c.h
[13.003s] -- Up-to-date: /home/dfolse/repos/SPIDER/SPIDER_ws/install/nav2_msgs/include/nav2_msgs/action/detail/dummy_recovery__rosidl_typesupport_fastrtps_c.h
[13.003s] -- Up-to-date: /home/dfolse/repos/SPIDER/SPIDER_ws/install/nav2_msgs/lib/libnav2_msgs__rosidl_typesupport_fastrtps_c.so
[13.006s] -- Up-to-date: /home/dfolse/repos/SPIDER/SPIDER_ws/install/nav2_msgs/include/nav2_msgs
[13.007s] -- Up-to-date: /home/dfolse/repos/SPIDER/SPIDER_ws/install/nav2_msgs/include/nav2_msgs/srv
[13.007s] -- Up-to-date: /home/dfolse/repos/SPIDER/SPIDER_ws/install/nav2_msgs/include/nav2_msgs/srv/detail
[13.007s] -- Up-to-date: /home/dfolse/repos/SPIDER/SPIDER_ws/install/nav2_msgs/include/nav2_msgs/srv/detail/load_map__rosidl_typesupport_fastrtps_cpp.hpp
[13.007s] -- Up-to-date: /home/dfolse/repos/SPIDER/SPIDER_ws/install/nav2_msgs/include/nav2_msgs/srv/detail/manage_lifecycle_nodes__rosidl_typesupport_fastrtps_cpp.hpp
[13.007s] -- Up-to-date: /home/dfolse/repos/SPIDER/SPIDER_ws/install/nav2_msgs/include/nav2_msgs/srv/detail/save_map__rosidl_typesupport_fastrtps_cpp.hpp
[13.007s] -- Up-to-date: /home/dfolse/repos/SPIDER/SPIDER_ws/install/nav2_msgs/include/nav2_msgs/srv/detail/get_costmap__rosidl_typesupport_fastrtps_cpp.hpp
[13.008s] -- Up-to-date: /home/dfolse/repos/SPIDER/SPIDER_ws/install/nav2_msgs/include/nav2_msgs/srv/detail/dds_fastrtps
[13.008s] -- Up-to-date: /home/dfolse/repos/SPIDER/SPIDER_ws/install/nav2_msgs/include/nav2_msgs/srv/detail/clear_entire_costmap__rosidl_typesupport_fastrtps_cpp.hpp
[13.008s] -- Up-to-date: /home/dfolse/repos/SPIDER/SPIDER_ws/install/nav2_msgs/include/nav2_msgs/srv/detail/clear_costmap_around_robot__rosidl_typesupport_fastrtps_cpp.hpp
[13.008s] -- Up-to-date: /home/dfolse/repos/SPIDER/SPIDER_ws/install/nav2_msgs/include/nav2_msgs/srv/detail/clear_costmap_except_region__rosidl_typesupport_fastrtps_cpp.hpp
[13.008s] -- Up-to-date: /home/dfolse/repos/SPIDER/SPIDER_ws/install/nav2_msgs/include/nav2_msgs/msg
[13.010s] -- Up-to-date: /home/dfolse/repos/SPIDER/SPIDER_ws/install/nav2_msgs/include/nav2_msgs/msg/detail
[13.011s] -- Up-to-date: /home/dfolse/repos/SPIDER/SPIDER_ws/install/nav2_msgs/include/nav2_msgs/msg/detail/costmap_meta_data__rosidl_typesupport_fastrtps_cpp.hpp
[13.011s] -- Up-to-date: /home/dfolse/repos/SPIDER/SPIDER_ws/install/nav2_msgs/include/nav2_msgs/msg/detail/particle__rosidl_typesupport_fastrtps_cpp.hpp
[13.011s] -- Up-to-date: /home/dfolse/repos/SPIDER/SPIDER_ws/install/nav2_msgs/include/nav2_msgs/msg/detail/dds_fastrtps
[13.011s] -- Up-to-date: /home/dfolse/repos/SPIDER/SPIDER_ws/install/nav2_msgs/include/nav2_msgs/msg/detail/behavior_tree_log__rosidl_typesupport_fastrtps_cpp.hpp
[13.011s] -- Up-to-date: /home/dfolse/repos/SPIDER/SPIDER_ws/install/nav2_msgs/include/nav2_msgs/msg/detail/particle_cloud__rosidl_typesupport_fastrtps_cpp.hpp
[13.011s] -- Up-to-date: /home/dfolse/repos/SPIDER/SPIDER_ws/install/nav2_msgs/include/nav2_msgs/msg/detail/behavior_tree_status_change__rosidl_typesupport_fastrtps_cpp.hpp
[13.012s] -- Up-to-date: /home/dfolse/repos/SPIDER/SPIDER_ws/install/nav2_msgs/include/nav2_msgs/msg/detail/voxel_grid__rosidl_typesupport_fastrtps_cpp.hpp
[13.012s] -- Up-to-date: /home/dfolse/repos/SPIDER/SPIDER_ws/install/nav2_msgs/include/nav2_msgs/msg/detail/costmap__rosidl_typesupport_fastrtps_cpp.hpp
[13.012s] -- Up-to-date: /home/dfolse/repos/SPIDER/SPIDER_ws/install/nav2_msgs/include/nav2_msgs/msg/rosidl_typesupport_fastrtps_cpp__visibility_control.h
[13.012s] -- Up-to-date: /home/dfolse/repos/SPIDER/SPIDER_ws/install/nav2_msgs/include/nav2_msgs/action
[13.012s] -- Up-to-date: /home/dfolse/repos/SPIDER/SPIDER_ws/install/nav2_msgs/include/nav2_msgs/action/detail
[13.012s] -- Up-to-date: /home/dfolse/repos/SPIDER/SPIDER_ws/install/nav2_msgs/include/nav2_msgs/action/detail/wait__rosidl_typesupport_fastrtps_cpp.hpp
[13.012s] -- Up-to-date: /home/dfolse/repos/SPIDER/SPIDER_ws/install/nav2_msgs/include/nav2_msgs/action/detail/compute_path_to_pose__rosidl_typesupport_fastrtps_cpp.hpp
[13.012s] -- Up-to-date: /home/dfolse/repos/SPIDER/SPIDER_ws/install/nav2_msgs/include/nav2_msgs/action/detail/back_up__rosidl_typesupport_fastrtps_cpp.hpp
[13.013s] -- Up-to-date: /home/dfolse/repos/SPIDER/SPIDER_ws/install/nav2_msgs/include/nav2_msgs/action/detail/follow_path__rosidl_typesupport_fastrtps_cpp.hpp
[13.013s] -- Up-to-date: /home/dfolse/repos/SPIDER/SPIDER_ws/install/nav2_msgs/include/nav2_msgs/action/detail/dummy_recovery__rosidl_typesupport_fastrtps_cpp.hpp
[13.013s] -- Up-to-date: /home/dfolse/repos/SPIDER/SPIDER_ws/install/nav2_msgs/include/nav2_msgs/action/detail/dds_fastrtps
[13.013s] -- Up-to-date: /home/dfolse/repos/SPIDER/SPIDER_ws/install/nav2_msgs/include/nav2_msgs/action/detail/spin__rosidl_typesupport_fastrtps_cpp.hpp
[13.013s] -- Up-to-date: /home/dfolse/repos/SPIDER/SPIDER_ws/install/nav2_msgs/include/nav2_msgs/action/detail/navigate_to_pose__rosidl_typesupport_fastrtps_cpp.hpp
[13.021s] -- Up-to-date: /home/dfolse/repos/SPIDER/SPIDER_ws/install/nav2_msgs/include/nav2_msgs/action/detail/follow_waypoints__rosidl_typesupport_fastrtps_cpp.hpp
[13.022s] -- Up-to-date: /home/dfolse/repos/SPIDER/SPIDER_ws/install/nav2_msgs/lib/libnav2_msgs__rosidl_typesupport_fastrtps_cpp.so
[13.030s] -- Up-to-date: /home/dfolse/repos/SPIDER/SPIDER_ws/install/nav2_msgs/include/nav2_msgs
[13.031s] -- Up-to-date: /home/dfolse/repos/SPIDER/SPIDER_ws/install/nav2_msgs/include/nav2_msgs/srv
[13.031s] -- Up-to-date: /home/dfolse/repos/SPIDER/SPIDER_ws/install/nav2_msgs/include/nav2_msgs/srv/detail
[13.038s] -- Up-to-date: /home/dfolse/repos/SPIDER/SPIDER_ws/install/nav2_msgs/include/nav2_msgs/srv/detail/get_costmap__type_support.c
[13.038s] -- Up-to-date: /home/dfolse/repos/SPIDER/SPIDER_ws/install/nav2_msgs/include/nav2_msgs/srv/detail/load_map__type_support.c
[13.039s] -- Up-to-date: /home/dfolse/repos/SPIDER/SPIDER_ws/install/nav2_msgs/include/nav2_msgs/srv/detail/clear_costmap_except_region__type_support.c
[13.039s] -- Up-to-date: /home/dfolse/repos/SPIDER/SPIDER_ws/install/nav2_msgs/include/nav2_msgs/srv/detail/load_map__rosidl_typesupport_introspection_c.h
[13.039s] -- Up-to-date: /home/dfolse/repos/SPIDER/SPIDER_ws/install/nav2_msgs/include/nav2_msgs/srv/detail/clear_costmap_around_robot__rosidl_typesupport_introspection_c.h
[13.039s] -- Up-to-date: /home/dfolse/repos/SPIDER/SPIDER_ws/install/nav2_msgs/include/nav2_msgs/srv/detail/save_map__rosidl_typesupport_introspection_c.h
[13.039s] -- Up-to-date: /home/dfolse/repos/SPIDER/SPIDER_ws/install/nav2_msgs/include/nav2_msgs/srv/detail/clear_costmap_except_region__rosidl_typesupport_introspection_c.h
[13.045s] -- Up-to-date: /home/dfolse/repos/SPIDER/SPIDER_ws/install/nav2_msgs/include/nav2_msgs/srv/detail/save_map__type_support.c
[13.045s] -- Up-to-date: /home/dfolse/repos/SPIDER/SPIDER_ws/install/nav2_msgs/include/nav2_msgs/srv/detail/manage_lifecycle_nodes__type_support.c
[13.046s] -- Up-to-date: /home/dfolse/repos/SPIDER/SPIDER_ws/install/nav2_msgs/include/nav2_msgs/srv/detail/manage_lifecycle_nodes__rosidl_typesupport_introspection_c.h
[13.046s] -- Up-to-date: /home/dfolse/repos/SPIDER/SPIDER_ws/install/nav2_msgs/include/nav2_msgs/srv/detail/get_costmap__rosidl_typesupport_introspection_c.h
[13.047s] -- Up-to-date: /home/dfolse/repos/SPIDER/SPIDER_ws/install/nav2_msgs/include/nav2_msgs/srv/detail/clear_costmap_around_robot__type_support.c
[13.048s] -- Up-to-date: /home/dfolse/repos/SPIDER/SPIDER_ws/install/nav2_msgs/include/nav2_msgs/srv/detail/clear_entire_costmap__type_support.c
[13.048s] -- Up-to-date: /home/dfolse/repos/SPIDER/SPIDER_ws/install/nav2_msgs/include/nav2_msgs/srv/detail/clear_entire_costmap__rosidl_typesupport_introspection_c.h
[13.049s] -- Up-to-date: /home/dfolse/repos/SPIDER/SPIDER_ws/install/nav2_msgs/include/nav2_msgs/msg
[13.050s] -- Up-to-date: /home/dfolse/repos/SPIDER/SPIDER_ws/install/nav2_msgs/include/nav2_msgs/msg/detail
[13.050s] -- Up-to-date: /home/dfolse/repos/SPIDER/SPIDER_ws/install/nav2_msgs/include/nav2_msgs/msg/detail/behavior_tree_status_change__rosidl_typesupport_introspection_c.h
[13.052s] -- Up-to-date: /home/dfolse/repos/SPIDER/SPIDER_ws/install/nav2_msgs/include/nav2_msgs/msg/detail/behavior_tree_log__type_support.c
[13.055s] -- Up-to-date: /home/dfolse/repos/SPIDER/SPIDER_ws/install/nav2_msgs/include/nav2_msgs/msg/detail/voxel_grid__type_support.c
[13.056s] -- Up-to-date: /home/dfolse/repos/SPIDER/SPIDER_ws/install/nav2_msgs/include/nav2_msgs/msg/detail/behavior_tree_status_change__type_support.c
[13.056s] -- Up-to-date: /home/dfolse/repos/SPIDER/SPIDER_ws/install/nav2_msgs/include/nav2_msgs/msg/detail/costmap__type_support.c
[13.057s] -- Up-to-date: /home/dfolse/repos/SPIDER/SPIDER_ws/install/nav2_msgs/include/nav2_msgs/msg/detail/voxel_grid__rosidl_typesupport_introspection_c.h
[13.057s] -- Up-to-date: /home/dfolse/repos/SPIDER/SPIDER_ws/install/nav2_msgs/include/nav2_msgs/msg/detail/particle_cloud__rosidl_typesupport_introspection_c.h
[13.057s] -- Up-to-date: /home/dfolse/repos/SPIDER/SPIDER_ws/install/nav2_msgs/include/nav2_msgs/msg/detail/behavior_tree_log__rosidl_typesupport_introspection_c.h
[13.057s] -- Up-to-date: /home/dfolse/repos/SPIDER/SPIDER_ws/install/nav2_msgs/include/nav2_msgs/msg/detail/costmap_meta_data__type_support.c
[13.057s] -- Up-to-date: /home/dfolse/repos/SPIDER/SPIDER_ws/install/nav2_msgs/include/nav2_msgs/msg/detail/particle__rosidl_typesupport_introspection_c.h
[13.057s] -- Up-to-date: /home/dfolse/repos/SPIDER/SPIDER_ws/install/nav2_msgs/include/nav2_msgs/msg/detail/costmap__rosidl_typesupport_introspection_c.h
[13.057s] -- Up-to-date: /home/dfolse/repos/SPIDER/SPIDER_ws/install/nav2_msgs/include/nav2_msgs/msg/detail/costmap_meta_data__rosidl_typesupport_introspection_c.h
[13.066s] -- Up-to-date: /home/dfolse/repos/SPIDER/SPIDER_ws/install/nav2_msgs/include/nav2_msgs/msg/detail/particle_cloud__type_support.c
[13.067s] -- Up-to-date: /home/dfolse/repos/SPIDER/SPIDER_ws/install/nav2_msgs/include/nav2_msgs/msg/detail/particle__type_support.c
[13.067s] -- Up-to-date: /home/dfolse/repos/SPIDER/SPIDER_ws/install/nav2_msgs/include/nav2_msgs/msg/rosidl_typesupport_introspection_c__visibility_control.h
[13.067s] -- Up-to-date: /home/dfolse/repos/SPIDER/SPIDER_ws/install/nav2_msgs/include/nav2_msgs/action
[13.067s] -- Up-to-date: /home/dfolse/repos/SPIDER/SPIDER_ws/install/nav2_msgs/include/nav2_msgs/action/detail
[13.067s] -- Up-to-date: /home/dfolse/repos/SPIDER/SPIDER_ws/install/nav2_msgs/include/nav2_msgs/action/detail/navigate_to_pose__rosidl_typesupport_introspection_c.h
[13.067s] -- Up-to-date: /home/dfolse/repos/SPIDER/SPIDER_ws/install/nav2_msgs/include/nav2_msgs/action/detail/follow_path__type_support.c
[13.067s] -- Up-to-date: /home/dfolse/repos/SPIDER/SPIDER_ws/install/nav2_msgs/include/nav2_msgs/action/detail/back_up__rosidl_typesupport_introspection_c.h
[13.067s] -- Up-to-date: /home/dfolse/repos/SPIDER/SPIDER_ws/install/nav2_msgs/include/nav2_msgs/action/detail/back_up__type_support.c
[13.068s] -- Up-to-date: /home/dfolse/repos/SPIDER/SPIDER_ws/install/nav2_msgs/include/nav2_msgs/action/detail/follow_path__rosidl_typesupport_introspection_c.h
[13.068s] -- Up-to-date: /home/dfolse/repos/SPIDER/SPIDER_ws/install/nav2_msgs/include/nav2_msgs/action/detail/compute_path_to_pose__rosidl_typesupport_introspection_c.h
[13.068s] -- Up-to-date: /home/dfolse/repos/SPIDER/SPIDER_ws/install/nav2_msgs/include/nav2_msgs/action/detail/navigate_to_pose__type_support.c
[13.068s] -- Up-to-date: /home/dfolse/repos/SPIDER/SPIDER_ws/install/nav2_msgs/include/nav2_msgs/action/detail/spin__rosidl_typesupport_introspection_c.h
[13.068s] -- Up-to-date: /home/dfolse/repos/SPIDER/SPIDER_ws/install/nav2_msgs/include/nav2_msgs/action/detail/dummy_recovery__type_support.c
[13.068s] -- Up-to-date: /home/dfolse/repos/SPIDER/SPIDER_ws/install/nav2_msgs/include/nav2_msgs/action/detail/dummy_recovery__rosidl_typesupport_introspection_c.h
[13.068s] -- Up-to-date: /home/dfolse/repos/SPIDER/SPIDER_ws/install/nav2_msgs/include/nav2_msgs/action/detail/compute_path_to_pose__type_support.c
[13.068s] -- Up-to-date: /home/dfolse/repos/SPIDER/SPIDER_ws/install/nav2_msgs/include/nav2_msgs/action/detail/follow_waypoints__type_support.c
[13.069s] -- Up-to-date: /home/dfolse/repos/SPIDER/SPIDER_ws/install/nav2_msgs/include/nav2_msgs/action/detail/spin__type_support.c
[13.069s] -- Up-to-date: /home/dfolse/repos/SPIDER/SPIDER_ws/install/nav2_msgs/include/nav2_msgs/action/detail/follow_waypoints__rosidl_typesupport_introspection_c.h
[13.069s] -- Up-to-date: /home/dfolse/repos/SPIDER/SPIDER_ws/install/nav2_msgs/include/nav2_msgs/action/detail/wait__type_support.c
[13.069s] -- Up-to-date: /home/dfolse/repos/SPIDER/SPIDER_ws/install/nav2_msgs/include/nav2_msgs/action/detail/wait__rosidl_typesupport_introspection_c.h
[13.069s] -- Up-to-date: /home/dfolse/repos/SPIDER/SPIDER_ws/install/nav2_msgs/lib/libnav2_msgs__rosidl_typesupport_introspection_c.so
[13.069s] -- Up-to-date: /home/dfolse/repos/SPIDER/SPIDER_ws/install/nav2_msgs/lib/libnav2_msgs__rosidl_typesupport_c.so
[13.069s] -- Up-to-date: /home/dfolse/repos/SPIDER/SPIDER_ws/install/nav2_msgs/include/nav2_msgs
[13.069s] -- Up-to-date: /home/dfolse/repos/SPIDER/SPIDER_ws/install/nav2_msgs/include/nav2_msgs/srv
[13.081s] -- Up-to-date: /home/dfolse/repos/SPIDER/SPIDER_ws/install/nav2_msgs/include/nav2_msgs/srv/clear_costmap_except_region.hpp
[13.083s] -- Up-to-date: /home/dfolse/repos/SPIDER/SPIDER_ws/install/nav2_msgs/include/nav2_msgs/srv/clear_entire_costmap.hpp
[13.083s] -- Up-to-date: /home/dfolse/repos/SPIDER/SPIDER_ws/install/nav2_msgs/include/nav2_msgs/srv/detail
[13.083s] -- Up-to-date: /home/dfolse/repos/SPIDER/SPIDER_ws/install/nav2_msgs/include/nav2_msgs/srv/detail/manage_lifecycle_nodes__struct.hpp
[13.083s] -- Up-to-date: /home/dfolse/repos/SPIDER/SPIDER_ws/install/nav2_msgs/include/nav2_msgs/srv/detail/clear_entire_costmap__struct.hpp
[13.083s] -- Up-to-date: /home/dfolse/repos/SPIDER/SPIDER_ws/install/nav2_msgs/include/nav2_msgs/srv/detail/save_map__type_support.hpp
[13.084s] -- Up-to-date: /home/dfolse/repos/SPIDER/SPIDER_ws/install/nav2_msgs/include/nav2_msgs/srv/detail/get_costmap__struct.hpp
[13.084s] -- Up-to-date: /home/dfolse/repos/SPIDER/SPIDER_ws/install/nav2_msgs/include/nav2_msgs/srv/detail/load_map__traits.hpp
[13.084s] -- Up-to-date: /home/dfolse/repos/SPIDER/SPIDER_ws/install/nav2_msgs/include/nav2_msgs/srv/detail/manage_lifecycle_nodes__type_support.hpp
[13.084s] -- Up-to-date: /home/dfolse/repos/SPIDER/SPIDER_ws/install/nav2_msgs/include/nav2_msgs/srv/detail/save_map__traits.hpp
[13.084s] -- Up-to-date: /home/dfolse/repos/SPIDER/SPIDER_ws/install/nav2_msgs/include/nav2_msgs/srv/detail/save_map__builder.hpp
[13.084s] -- Up-to-date: /home/dfolse/repos/SPIDER/SPIDER_ws/install/nav2_msgs/include/nav2_msgs/srv/detail/clear_costmap_except_region__struct.hpp
[13.084s] -- Up-to-date: /home/dfolse/repos/SPIDER/SPIDER_ws/install/nav2_msgs/include/nav2_msgs/srv/detail/clear_costmap_except_region__traits.hpp
[13.085s] -- Up-to-date: /home/dfolse/repos/SPIDER/SPIDER_ws/install/nav2_msgs/include/nav2_msgs/srv/detail/clear_entire_costmap__builder.hpp
[13.085s] -- Up-to-date: /home/dfolse/repos/SPIDER/SPIDER_ws/install/nav2_msgs/include/nav2_msgs/srv/detail/clear_costmap_around_robot__type_support.hpp
[13.085s] -- Up-to-date: /home/dfolse/repos/SPIDER/SPIDER_ws/install/nav2_msgs/include/nav2_msgs/srv/detail/manage_lifecycle_nodes__builder.hpp
[13.085s] -- Up-to-date: /home/dfolse/repos/SPIDER/SPIDER_ws/install/nav2_msgs/include/nav2_msgs/srv/detail/clear_entire_costmap__type_support.hpp
[13.085s] -- Up-to-date: /home/dfolse/repos/SPIDER/SPIDER_ws/install/nav2_msgs/include/nav2_msgs/srv/detail/clear_costmap_except_region__type_support.hpp
[13.085s] -- Up-to-date: /home/dfolse/repos/SPIDER/SPIDER_ws/install/nav2_msgs/include/nav2_msgs/srv/detail/clear_entire_costmap__traits.hpp
[13.085s] -- Up-to-date: /home/dfolse/repos/SPIDER/SPIDER_ws/install/nav2_msgs/include/nav2_msgs/srv/detail/load_map__type_support.hpp
[13.085s] -- Up-to-date: /home/dfolse/repos/SPIDER/SPIDER_ws/install/nav2_msgs/include/nav2_msgs/srv/detail/clear_costmap_around_robot__struct.hpp
[13.095s] -- Up-to-date: /home/dfolse/repos/SPIDER/SPIDER_ws/install/nav2_msgs/include/nav2_msgs/srv/detail/get_costmap__traits.hpp
[13.099s] -- Up-to-date: /home/dfolse/repos/SPIDER/SPIDER_ws/install/nav2_msgs/include/nav2_msgs/srv/detail/get_costmap__builder.hpp
[13.100s] -- Up-to-date: /home/dfolse/repos/SPIDER/SPIDER_ws/install/nav2_msgs/include/nav2_msgs/srv/detail/manage_lifecycle_nodes__traits.hpp
[13.100s] -- Up-to-date: /home/dfolse/repos/SPIDER/SPIDER_ws/install/nav2_msgs/include/nav2_msgs/srv/detail/load_map__builder.hpp
[13.100s] -- Up-to-date: /home/dfolse/repos/SPIDER/SPIDER_ws/install/nav2_msgs/include/nav2_msgs/srv/detail/clear_costmap_around_robot__builder.hpp
[13.100s] -- Up-to-date: /home/dfolse/repos/SPIDER/SPIDER_ws/install/nav2_msgs/include/nav2_msgs/srv/detail/clear_costmap_around_robot__traits.hpp
[13.102s] -- Up-to-date: /home/dfolse/repos/SPIDER/SPIDER_ws/install/nav2_msgs/include/nav2_msgs/srv/detail/get_costmap__type_support.hpp
[13.118s] -- Up-to-date: /home/dfolse/repos/SPIDER/SPIDER_ws/install/nav2_msgs/include/nav2_msgs/srv/detail/load_map__struct.hpp
[13.119s] -- Up-to-date: /home/dfolse/repos/SPIDER/SPIDER_ws/install/nav2_msgs/include/nav2_msgs/srv/detail/save_map__struct.hpp
[13.119s] -- Up-to-date: /home/dfolse/repos/SPIDER/SPIDER_ws/install/nav2_msgs/include/nav2_msgs/srv/detail/clear_costmap_except_region__builder.hpp
[13.119s] -- Up-to-date: /home/dfolse/repos/SPIDER/SPIDER_ws/install/nav2_msgs/include/nav2_msgs/srv/manage_lifecycle_nodes.hpp
[13.119s] -- Up-to-date: /home/dfolse/repos/SPIDER/SPIDER_ws/install/nav2_msgs/include/nav2_msgs/srv/save_map.hpp
[13.127s] -- Up-to-date: /home/dfolse/repos/SPIDER/SPIDER_ws/install/nav2_msgs/include/nav2_msgs/srv/clear_costmap_around_robot.hpp
[13.128s] -- Up-to-date: /home/dfolse/repos/SPIDER/SPIDER_ws/install/nav2_msgs/include/nav2_msgs/srv/load_map.hpp
[13.128s] -- Up-to-date: /home/dfolse/repos/SPIDER/SPIDER_ws/install/nav2_msgs/include/nav2_msgs/srv/get_costmap.hpp
[13.128s] -- Up-to-date: /home/dfolse/repos/SPIDER/SPIDER_ws/install/nav2_msgs/include/nav2_msgs/msg
[13.128s] -- Up-to-date: /home/dfolse/repos/SPIDER/SPIDER_ws/install/nav2_msgs/include/nav2_msgs/msg/costmap.hpp
[13.128s] -- Up-to-date: /home/dfolse/repos/SPIDER/SPIDER_ws/install/nav2_msgs/include/nav2_msgs/msg/particle_cloud.hpp
[13.128s] -- Up-to-date: /home/dfolse/repos/SPIDER/SPIDER_ws/install/nav2_msgs/include/nav2_msgs/msg/behavior_tree_status_change.hpp
[13.128s] -- Up-to-date: /home/dfolse/repos/SPIDER/SPIDER_ws/install/nav2_msgs/include/nav2_msgs/msg/costmap_meta_data.hpp
[13.129s] -- Up-to-date: /home/dfolse/repos/SPIDER/SPIDER_ws/install/nav2_msgs/include/nav2_msgs/msg/rosidl_generator_cpp__visibility_control.hpp
[13.129s] -- Up-to-date: /home/dfolse/repos/SPIDER/SPIDER_ws/install/nav2_msgs/include/nav2_msgs/msg/detail
[13.129s] -- Up-to-date: /home/dfolse/repos/SPIDER/SPIDER_ws/install/nav2_msgs/include/nav2_msgs/msg/detail/voxel_grid__struct.hpp
[13.129s] -- Up-to-date: /home/dfolse/repos/SPIDER/SPIDER_ws/install/nav2_msgs/include/nav2_msgs/msg/detail/behavior_tree_log__type_support.hpp
[13.129s] -- Up-to-date: /home/dfolse/repos/SPIDER/SPIDER_ws/install/nav2_msgs/include/nav2_msgs/msg/detail/costmap__builder.hpp
[13.129s] -- Up-to-date: /home/dfolse/repos/SPIDER/SPIDER_ws/install/nav2_msgs/include/nav2_msgs/msg/detail/costmap__type_support.hpp
[13.129s] -- Up-to-date: /home/dfolse/repos/SPIDER/SPIDER_ws/install/nav2_msgs/include/nav2_msgs/msg/detail/behavior_tree_log__builder.hpp
[13.140s] -- Up-to-date: /home/dfolse/repos/SPIDER/SPIDER_ws/install/nav2_msgs/include/nav2_msgs/msg/detail/voxel_grid__builder.hpp
[13.141s] -- Up-to-date: /home/dfolse/repos/SPIDER/SPIDER_ws/install/nav2_msgs/include/nav2_msgs/msg/detail/costmap_meta_data__builder.hpp
[13.141s] -- Up-to-date: /home/dfolse/repos/SPIDER/SPIDER_ws/install/nav2_msgs/include/nav2_msgs/msg/detail/behavior_tree_status_change__traits.hpp
[13.141s] -- Up-to-date: /home/dfolse/repos/SPIDER/SPIDER_ws/install/nav2_msgs/include/nav2_msgs/msg/detail/particle_cloud__struct.hpp
[13.141s] -- Up-to-date: /home/dfolse/repos/SPIDER/SPIDER_ws/install/nav2_msgs/include/nav2_msgs/msg/detail/particle_cloud__traits.hpp
[13.141s] -- Up-to-date: /home/dfolse/repos/SPIDER/SPIDER_ws/install/nav2_msgs/include/nav2_msgs/msg/detail/particle__type_support.hpp
[13.141s] -- Up-to-date: /home/dfolse/repos/SPIDER/SPIDER_ws/install/nav2_msgs/include/nav2_msgs/msg/detail/particle_cloud__builder.hpp
[13.141s] -- Up-to-date: /home/dfolse/repos/SPIDER/SPIDER_ws/install/nav2_msgs/include/nav2_msgs/msg/detail/behavior_tree_status_change__struct.hpp
[13.142s] -- Up-to-date: /home/dfolse/repos/SPIDER/SPIDER_ws/install/nav2_msgs/include/nav2_msgs/msg/detail/behavior_tree_log__struct.hpp
[13.142s] -- Up-to-date: /home/dfolse/repos/SPIDER/SPIDER_ws/install/nav2_msgs/include/nav2_msgs/msg/detail/behavior_tree_status_change__builder.hpp
[13.142s] -- Up-to-date: /home/dfolse/repos/SPIDER/SPIDER_ws/install/nav2_msgs/include/nav2_msgs/msg/detail/voxel_grid__traits.hpp
[13.142s] -- Up-to-date: /home/dfolse/repos/SPIDER/SPIDER_ws/install/nav2_msgs/include/nav2_msgs/msg/detail/costmap_meta_data__traits.hpp
[13.142s] -- Up-to-date: /home/dfolse/repos/SPIDER/SPIDER_ws/install/nav2_msgs/include/nav2_msgs/msg/detail/voxel_grid__type_support.hpp
[13.142s] -- Up-to-date: /home/dfolse/repos/SPIDER/SPIDER_ws/install/nav2_msgs/include/nav2_msgs/msg/detail/costmap_meta_data__type_support.hpp
[13.142s] -- Up-to-date: /home/dfolse/repos/SPIDER/SPIDER_ws/install/nav2_msgs/include/nav2_msgs/msg/detail/behavior_tree_log__traits.hpp
[13.142s] -- Up-to-date: /home/dfolse/repos/SPIDER/SPIDER_ws/install/nav2_msgs/include/nav2_msgs/msg/detail/particle__builder.hpp
[13.143s] -- Up-to-date: /home/dfolse/repos/SPIDER/SPIDER_ws/install/nav2_msgs/include/nav2_msgs/msg/detail/costmap__traits.hpp
[13.143s] -- Up-to-date: /home/dfolse/repos/SPIDER/SPIDER_ws/install/nav2_msgs/include/nav2_msgs/msg/detail/particle__struct.hpp
[13.143s] -- Up-to-date: /home/dfolse/repos/SPIDER/SPIDER_ws/install/nav2_msgs/include/nav2_msgs/msg/detail/particle__traits.hpp
[13.143s] -- Up-to-date: /home/dfolse/repos/SPIDER/SPIDER_ws/install/nav2_msgs/include/nav2_msgs/msg/detail/costmap__struct.hpp
[13.143s] -- Up-to-date: /home/dfolse/repos/SPIDER/SPIDER_ws/install/nav2_msgs/include/nav2_msgs/msg/detail/costmap_meta_data__struct.hpp
[13.143s] -- Up-to-date: /home/dfolse/repos/SPIDER/SPIDER_ws/install/nav2_msgs/include/nav2_msgs/msg/detail/particle_cloud__type_support.hpp
[13.143s] -- Up-to-date: /home/dfolse/repos/SPIDER/SPIDER_ws/install/nav2_msgs/include/nav2_msgs/msg/detail/behavior_tree_status_change__type_support.hpp
[13.143s] -- Up-to-date: /home/dfolse/repos/SPIDER/SPIDER_ws/install/nav2_msgs/include/nav2_msgs/msg/particle.hpp
[13.144s] -- Up-to-date: /home/dfolse/repos/SPIDER/SPIDER_ws/install/nav2_msgs/include/nav2_msgs/msg/voxel_grid.hpp
[13.144s] -- Up-to-date: /home/dfolse/repos/SPIDER/SPIDER_ws/install/nav2_msgs/include/nav2_msgs/msg/behavior_tree_log.hpp
[13.144s] -- Up-to-date: /home/dfolse/repos/SPIDER/SPIDER_ws/install/nav2_msgs/include/nav2_msgs/action
[13.144s] -- Up-to-date: /home/dfolse/repos/SPIDER/SPIDER_ws/install/nav2_msgs/include/nav2_msgs/action/compute_path_to_pose.hpp
[13.144s] -- Up-to-date: /home/dfolse/repos/SPIDER/SPIDER_ws/install/nav2_msgs/include/nav2_msgs/action/follow_path.hpp
[13.144s] -- Up-to-date: /home/dfolse/repos/SPIDER/SPIDER_ws/install/nav2_msgs/include/nav2_msgs/action/navigate_to_pose.hpp
[13.144s] -- Up-to-date: /home/dfolse/repos/SPIDER/SPIDER_ws/install/nav2_msgs/include/nav2_msgs/action/detail
[13.144s] -- Up-to-date: /home/dfolse/repos/SPIDER/SPIDER_ws/install/nav2_msgs/include/nav2_msgs/action/detail/follow_path__struct.hpp
[13.145s] -- Up-to-date: /home/dfolse/repos/SPIDER/SPIDER_ws/install/nav2_msgs/include/nav2_msgs/action/detail/compute_path_to_pose__traits.hpp
[13.145s] -- Up-to-date: /home/dfolse/repos/SPIDER/SPIDER_ws/install/nav2_msgs/include/nav2_msgs/action/detail/wait__builder.hpp
[13.145s] -- Up-to-date: /home/dfolse/repos/SPIDER/SPIDER_ws/install/nav2_msgs/include/nav2_msgs/action/detail/dummy_recovery__struct.hpp
[13.145s] -- Up-to-date: /home/dfolse/repos/SPIDER/SPIDER_ws/install/nav2_msgs/include/nav2_msgs/action/detail/wait__type_support.hpp
[13.145s] -- Up-to-date: /home/dfolse/repos/SPIDER/SPIDER_ws/install/nav2_msgs/include/nav2_msgs/action/detail/navigate_to_pose__type_support.hpp
[13.145s] -- Up-to-date: /home/dfolse/repos/SPIDER/SPIDER_ws/install/nav2_msgs/include/nav2_msgs/action/detail/back_up__builder.hpp
[13.145s] -- Up-to-date: /home/dfolse/repos/SPIDER/SPIDER_ws/install/nav2_msgs/include/nav2_msgs/action/detail/wait__traits.hpp
[13.145s] -- Up-to-date: /home/dfolse/repos/SPIDER/SPIDER_ws/install/nav2_msgs/include/nav2_msgs/action/detail/follow_waypoints__traits.hpp
[13.174s] -- Up-to-date: /home/dfolse/repos/SPIDER/SPIDER_ws/install/nav2_msgs/include/nav2_msgs/action/detail/follow_path__traits.hpp
[13.174s] -- Up-to-date: /home/dfolse/repos/SPIDER/SPIDER_ws/install/nav2_msgs/include/nav2_msgs/action/detail/compute_path_to_pose__type_support.hpp
[13.174s] -- Up-to-date: /home/dfolse/repos/SPIDER/SPIDER_ws/install/nav2_msgs/include/nav2_msgs/action/detail/follow_path__type_support.hpp
[13.174s] -- Up-to-date: /home/dfolse/repos/SPIDER/SPIDER_ws/install/nav2_msgs/include/nav2_msgs/action/detail/back_up__traits.hpp
[13.175s] -- Up-to-date: /home/dfolse/repos/SPIDER/SPIDER_ws/install/nav2_msgs/include/nav2_msgs/action/detail/dummy_recovery__builder.hpp
[13.175s] -- Up-to-date: /home/dfolse/repos/SPIDER/SPIDER_ws/install/nav2_msgs/include/nav2_msgs/action/detail/navigate_to_pose__traits.hpp
[13.175s] -- Up-to-date: /home/dfolse/repos/SPIDER/SPIDER_ws/install/nav2_msgs/include/nav2_msgs/action/detail/compute_path_to_pose__struct.hpp
[13.175s] -- Up-to-date: /home/dfolse/repos/SPIDER/SPIDER_ws/install/nav2_msgs/include/nav2_msgs/action/detail/wait__struct.hpp
[13.175s] -- Up-to-date: /home/dfolse/repos/SPIDER/SPIDER_ws/install/nav2_msgs/include/nav2_msgs/action/detail/back_up__struct.hpp
[13.175s] -- Up-to-date: /home/dfolse/repos/SPIDER/SPIDER_ws/install/nav2_msgs/include/nav2_msgs/action/detail/dummy_recovery__type_support.hpp
[13.184s] -- Up-to-date: /home/dfolse/repos/SPIDER/SPIDER_ws/install/nav2_msgs/include/nav2_msgs/action/detail/navigate_to_pose__struct.hpp
[13.192s] -- Up-to-date: /home/dfolse/repos/SPIDER/SPIDER_ws/install/nav2_msgs/include/nav2_msgs/action/detail/navigate_to_pose__builder.hpp
[13.192s] -- Up-to-date: /home/dfolse/repos/SPIDER/SPIDER_ws/install/nav2_msgs/include/nav2_msgs/action/detail/spin__struct.hpp
[13.192s] -- Up-to-date: /home/dfolse/repos/SPIDER/SPIDER_ws/install/nav2_msgs/include/nav2_msgs/action/detail/follow_waypoints__struct.hpp
[13.192s] -- Up-to-date: /home/dfolse/repos/SPIDER/SPIDER_ws/install/nav2_msgs/include/nav2_msgs/action/detail/back_up__type_support.hpp
[13.192s] -- Up-to-date: /home/dfolse/repos/SPIDER/SPIDER_ws/install/nav2_msgs/include/nav2_msgs/action/detail/follow_waypoints__builder.hpp
[13.193s] -- Up-to-date: /home/dfolse/repos/SPIDER/SPIDER_ws/install/nav2_msgs/include/nav2_msgs/action/detail/follow_waypoints__type_support.hpp
[13.193s] -- Up-to-date: /home/dfolse/repos/SPIDER/SPIDER_ws/install/nav2_msgs/include/nav2_msgs/action/detail/spin__builder.hpp
[13.193s] -- Up-to-date: /home/dfolse/repos/SPIDER/SPIDER_ws/install/nav2_msgs/include/nav2_msgs/action/detail/spin__type_support.hpp
[13.193s] -- Up-to-date: /home/dfolse/repos/SPIDER/SPIDER_ws/install/nav2_msgs/include/nav2_msgs/action/detail/follow_path__builder.hpp
[13.193s] -- Up-to-date: /home/dfolse/repos/SPIDER/SPIDER_ws/install/nav2_msgs/include/nav2_msgs/action/detail/dummy_recovery__traits.hpp
[13.193s] -- Up-to-date: /home/dfolse/repos/SPIDER/SPIDER_ws/install/nav2_msgs/include/nav2_msgs/action/detail/spin__traits.hpp
[13.193s] -- Up-to-date: /home/dfolse/repos/SPIDER/SPIDER_ws/install/nav2_msgs/include/nav2_msgs/action/detail/compute_path_to_pose__builder.hpp
[13.194s] -- Up-to-date: /home/dfolse/repos/SPIDER/SPIDER_ws/install/nav2_msgs/include/nav2_msgs/action/spin.hpp
[13.194s] -- Up-to-date: /home/dfolse/repos/SPIDER/SPIDER_ws/install/nav2_msgs/include/nav2_msgs/action/back_up.hpp
[13.194s] -- Up-to-date: /home/dfolse/repos/SPIDER/SPIDER_ws/install/nav2_msgs/include/nav2_msgs/action/wait.hpp
[13.194s] -- Up-to-date: /home/dfolse/repos/SPIDER/SPIDER_ws/install/nav2_msgs/include/nav2_msgs/action/follow_waypoints.hpp
[13.194s] -- Up-to-date: /home/dfolse/repos/SPIDER/SPIDER_ws/install/nav2_msgs/include/nav2_msgs/action/dummy_recovery.hpp
[13.194s] -- Up-to-date: /home/dfolse/repos/SPIDER/SPIDER_ws/install/nav2_msgs/include/nav2_msgs
[13.194s] -- Up-to-date: /home/dfolse/repos/SPIDER/SPIDER_ws/install/nav2_msgs/include/nav2_msgs/srv
[13.204s] -- Up-to-date: /home/dfolse/repos/SPIDER/SPIDER_ws/install/nav2_msgs/include/nav2_msgs/srv/detail
[13.205s] -- Up-to-date: /home/dfolse/repos/SPIDER/SPIDER_ws/install/nav2_msgs/include/nav2_msgs/srv/detail/get_costmap__type_support.cpp
[13.205s] -- Up-to-date: /home/dfolse/repos/SPIDER/SPIDER_ws/install/nav2_msgs/include/nav2_msgs/srv/detail/manage_lifecycle_nodes__type_support.cpp
[13.205s] -- Up-to-date: /home/dfolse/repos/SPIDER/SPIDER_ws/install/nav2_msgs/include/nav2_msgs/srv/detail/load_map__type_support.cpp
[13.205s] -- Up-to-date: /home/dfolse/repos/SPIDER/SPIDER_ws/install/nav2_msgs/include/nav2_msgs/srv/detail/clear_costmap_except_region__type_support.cpp
[13.205s] -- Up-to-date: /home/dfolse/repos/SPIDER/SPIDER_ws/install/nav2_msgs/include/nav2_msgs/srv/detail/save_map__type_support.cpp
[13.205s] -- Up-to-date: /home/dfolse/repos/SPIDER/SPIDER_ws/install/nav2_msgs/include/nav2_msgs/srv/detail/clear_entire_costmap__type_support.cpp
[13.210s] -- Up-to-date: /home/dfolse/repos/SPIDER/SPIDER_ws/install/nav2_msgs/include/nav2_msgs/srv/detail/get_costmap__rosidl_typesupport_introspection_cpp.hpp
[13.210s] -- Up-to-date: /home/dfolse/repos/SPIDER/SPIDER_ws/install/nav2_msgs/include/nav2_msgs/srv/detail/clear_costmap_around_robot__rosidl_typesupport_introspection_cpp.hpp
[13.210s] -- Up-to-date: /home/dfolse/repos/SPIDER/SPIDER_ws/install/nav2_msgs/include/nav2_msgs/srv/detail/clear_costmap_around_robot__type_support.cpp
[13.210s] -- Up-to-date: /home/dfolse/repos/SPIDER/SPIDER_ws/install/nav2_msgs/include/nav2_msgs/srv/detail/save_map__rosidl_typesupport_introspection_cpp.hpp
[13.211s] -- Up-to-date: /home/dfolse/repos/SPIDER/SPIDER_ws/install/nav2_msgs/include/nav2_msgs/srv/detail/manage_lifecycle_nodes__rosidl_typesupport_introspection_cpp.hpp
[13.211s] -- Up-to-date: /home/dfolse/repos/SPIDER/SPIDER_ws/install/nav2_msgs/include/nav2_msgs/srv/detail/clear_entire_costmap__rosidl_typesupport_introspection_cpp.hpp
[13.211s] -- Up-to-date: /home/dfolse/repos/SPIDER/SPIDER_ws/install/nav2_msgs/include/nav2_msgs/srv/detail/load_map__rosidl_typesupport_introspection_cpp.hpp
[13.211s] -- Up-to-date: /home/dfolse/repos/SPIDER/SPIDER_ws/install/nav2_msgs/include/nav2_msgs/srv/detail/clear_costmap_except_region__rosidl_typesupport_introspection_cpp.hpp
[13.211s] -- Up-to-date: /home/dfolse/repos/SPIDER/SPIDER_ws/install/nav2_msgs/include/nav2_msgs/msg
[13.211s] -- Up-to-date: /home/dfolse/repos/SPIDER/SPIDER_ws/install/nav2_msgs/include/nav2_msgs/msg/detail
[13.211s] -- Up-to-date: /home/dfolse/repos/SPIDER/SPIDER_ws/install/nav2_msgs/include/nav2_msgs/msg/detail/particle_cloud__rosidl_typesupport_introspection_cpp.hpp
[13.211s] -- Up-to-date: /home/dfolse/repos/SPIDER/SPIDER_ws/install/nav2_msgs/include/nav2_msgs/msg/detail/behavior_tree_status_change__type_support.cpp
[13.212s] -- Up-to-date: /home/dfolse/repos/SPIDER/SPIDER_ws/install/nav2_msgs/include/nav2_msgs/msg/detail/voxel_grid__type_support.cpp
[13.212s] -- Up-to-date: /home/dfolse/repos/SPIDER/SPIDER_ws/install/nav2_msgs/include/nav2_msgs/msg/detail/costmap_meta_data__rosidl_typesupport_introspection_cpp.hpp
[13.212s] -- Up-to-date: /home/dfolse/repos/SPIDER/SPIDER_ws/install/nav2_msgs/include/nav2_msgs/msg/detail/voxel_grid__rosidl_typesupport_introspection_cpp.hpp
[13.212s] -- Up-to-date: /home/dfolse/repos/SPIDER/SPIDER_ws/install/nav2_msgs/include/nav2_msgs/msg/detail/behavior_tree_log__rosidl_typesupport_introspection_cpp.hpp
[13.212s] -- Up-to-date: /home/dfolse/repos/SPIDER/SPIDER_ws/install/nav2_msgs/include/nav2_msgs/msg/detail/particle_cloud__type_support.cpp
[13.212s] -- Up-to-date: /home/dfolse/repos/SPIDER/SPIDER_ws/install/nav2_msgs/include/nav2_msgs/msg/detail/behavior_tree_status_change__rosidl_typesupport_introspection_cpp.hpp
[13.212s] -- Up-to-date: /home/dfolse/repos/SPIDER/SPIDER_ws/install/nav2_msgs/include/nav2_msgs/msg/detail/costmap_meta_data__type_support.cpp
[13.212s] -- Up-to-date: /home/dfolse/repos/SPIDER/SPIDER_ws/install/nav2_msgs/include/nav2_msgs/msg/detail/costmap__type_support.cpp
[13.213s] -- Up-to-date: /home/dfolse/repos/SPIDER/SPIDER_ws/install/nav2_msgs/include/nav2_msgs/msg/detail/costmap__rosidl_typesupport_introspection_cpp.hpp
[13.213s] -- Up-to-date: /home/dfolse/repos/SPIDER/SPIDER_ws/install/nav2_msgs/include/nav2_msgs/msg/detail/particle__type_support.cpp
[13.213s] -- Up-to-date: /home/dfolse/repos/SPIDER/SPIDER_ws/install/nav2_msgs/include/nav2_msgs/msg/detail/particle__rosidl_typesupport_introspection_cpp.hpp
[13.213s] -- Up-to-date: /home/dfolse/repos/SPIDER/SPIDER_ws/install/nav2_msgs/include/nav2_msgs/msg/detail/behavior_tree_log__type_support.cpp
[13.213s] -- Up-to-date: /home/dfolse/repos/SPIDER/SPIDER_ws/install/nav2_msgs/include/nav2_msgs/action
[13.213s] -- Up-to-date: /home/dfolse/repos/SPIDER/SPIDER_ws/install/nav2_msgs/include/nav2_msgs/action/detail
[13.213s] -- Up-to-date: /home/dfolse/repos/SPIDER/SPIDER_ws/install/nav2_msgs/include/nav2_msgs/action/detail/compute_path_to_pose__type_support.cpp
[13.213s] -- Up-to-date: /home/dfolse/repos/SPIDER/SPIDER_ws/install/nav2_msgs/include/nav2_msgs/action/detail/wait__rosidl_typesupport_introspection_cpp.hpp
[13.230s] -- Up-to-date: /home/dfolse/repos/SPIDER/SPIDER_ws/install/nav2_msgs/include/nav2_msgs/action/detail/navigate_to_pose__type_support.cpp
[13.230s] -- Up-to-date: /home/dfolse/repos/SPIDER/SPIDER_ws/install/nav2_msgs/include/nav2_msgs/action/detail/dummy_recovery__rosidl_typesupport_introspection_cpp.hpp
[13.231s] -- Up-to-date: /home/dfolse/repos/SPIDER/SPIDER_ws/install/nav2_msgs/include/nav2_msgs/action/detail/back_up__type_support.cpp
[13.231s] -- Up-to-date: /home/dfolse/repos/SPIDER/SPIDER_ws/install/nav2_msgs/include/nav2_msgs/action/detail/spin__type_support.cpp
[13.231s] -- Up-to-date: /home/dfolse/repos/SPIDER/SPIDER_ws/install/nav2_msgs/include/nav2_msgs/action/detail/follow_waypoints__type_support.cpp
[13.231s] -- Up-to-date: /home/dfolse/repos/SPIDER/SPIDER_ws/install/nav2_msgs/include/nav2_msgs/action/detail/follow_waypoints__rosidl_typesupport_introspection_cpp.hpp
[13.231s] -- Up-to-date: /home/dfolse/repos/SPIDER/SPIDER_ws/install/nav2_msgs/include/nav2_msgs/action/detail/navigate_to_pose__rosidl_typesupport_introspection_cpp.hpp
[13.231s] -- Up-to-date: /home/dfolse/repos/SPIDER/SPIDER_ws/install/nav2_msgs/include/nav2_msgs/action/detail/follow_path__rosidl_typesupport_introspection_cpp.hpp
[13.231s] -- Up-to-date: /home/dfolse/repos/SPIDER/SPIDER_ws/install/nav2_msgs/include/nav2_msgs/action/detail/spin__rosidl_typesupport_introspection_cpp.hpp
[13.231s] -- Up-to-date: /home/dfolse/repos/SPIDER/SPIDER_ws/install/nav2_msgs/include/nav2_msgs/action/detail/dummy_recovery__type_support.cpp
[13.232s] -- Up-to-date: /home/dfolse/repos/SPIDER/SPIDER_ws/install/nav2_msgs/include/nav2_msgs/action/detail/follow_path__type_support.cpp
[13.232s] -- Up-to-date: /home/dfolse/repos/SPIDER/SPIDER_ws/install/nav2_msgs/include/nav2_msgs/action/detail/back_up__rosidl_typesupport_introspection_cpp.hpp
[13.232s] -- Up-to-date: /home/dfolse/repos/SPIDER/SPIDER_ws/install/nav2_msgs/include/nav2_msgs/action/detail/wait__type_support.cpp
[13.232s] -- Up-to-date: /home/dfolse/repos/SPIDER/SPIDER_ws/install/nav2_msgs/include/nav2_msgs/action/detail/compute_path_to_pose__rosidl_typesupport_introspection_cpp.hpp
[13.232s] -- Up-to-date: /home/dfolse/repos/SPIDER/SPIDER_ws/install/nav2_msgs/lib/libnav2_msgs__rosidl_typesupport_introspection_cpp.so
[13.232s] -- Up-to-date: /home/dfolse/repos/SPIDER/SPIDER_ws/install/nav2_msgs/lib/libnav2_msgs__rosidl_typesupport_cpp.so
[13.232s] -- Up-to-date: /home/dfolse/repos/SPIDER/SPIDER_ws/install/nav2_msgs/share/nav2_msgs/environment/pythonpath.sh
[13.232s] -- Up-to-date: /home/dfolse/repos/SPIDER/SPIDER_ws/install/nav2_msgs/share/nav2_msgs/environment/pythonpath.dsv
[13.233s] -- Up-to-date: /home/dfolse/repos/SPIDER/SPIDER_ws/install/nav2_msgs/lib/python3.8/site-packages/nav2_msgs/__init__.py
[14.048s] -- Up-to-date: /home/dfolse/repos/SPIDER/SPIDER_ws/install/nav2_msgs/lib/python3.8/site-packages/nav2_msgs/msg
[14.051s] -- Up-to-date: /home/dfolse/repos/SPIDER/SPIDER_ws/install/nav2_msgs/lib/python3.8/site-packages/nav2_msgs/msg/_voxel_grid.py
[14.052s] -- Up-to-date: /home/dfolse/repos/SPIDER/SPIDER_ws/install/nav2_msgs/lib/python3.8/site-packages/nav2_msgs/msg/_costmap_meta_data.py
[14.052s] -- Up-to-date: /home/dfolse/repos/SPIDER/SPIDER_ws/install/nav2_msgs/lib/python3.8/site-packages/nav2_msgs/msg/_costmap_meta_data_s.c
[14.052s] -- Up-to-date: /home/dfolse/repos/SPIDER/SPIDER_ws/install/nav2_msgs/lib/python3.8/site-packages/nav2_msgs/msg/_behavior_tree_log.py
[14.052s] -- Up-to-date: /home/dfolse/repos/SPIDER/SPIDER_ws/install/nav2_msgs/lib/python3.8/site-packages/nav2_msgs/msg/_behavior_tree_status_change.py
[14.052s] -- Up-to-date: /home/dfolse/repos/SPIDER/SPIDER_ws/install/nav2_msgs/lib/python3.8/site-packages/nav2_msgs/msg/_voxel_grid_s.c
[14.052s] -- Up-to-date: /home/dfolse/repos/SPIDER/SPIDER_ws/install/nav2_msgs/lib/python3.8/site-packages/nav2_msgs/msg/_particle_cloud.py
[14.053s] -- Up-to-date: /home/dfolse/repos/SPIDER/SPIDER_ws/install/nav2_msgs/lib/python3.8/site-packages/nav2_msgs/msg/_behavior_tree_log_s.c
[14.053s] -- Up-to-date: /home/dfolse/repos/SPIDER/SPIDER_ws/install/nav2_msgs/lib/python3.8/site-packages/nav2_msgs/msg/_costmap.py
[14.053s] -- Up-to-date: /home/dfolse/repos/SPIDER/SPIDER_ws/install/nav2_msgs/lib/python3.8/site-packages/nav2_msgs/msg/_behavior_tree_status_change_s.c
[14.054s] -- Up-to-date: /home/dfolse/repos/SPIDER/SPIDER_ws/install/nav2_msgs/lib/python3.8/site-packages/nav2_msgs/msg/_particle.py
[14.054s] -- Up-to-date: /home/dfolse/repos/SPIDER/SPIDER_ws/install/nav2_msgs/lib/python3.8/site-packages/nav2_msgs/msg/_particle_cloud_s.c
[14.054s] -- Up-to-date: /home/dfolse/repos/SPIDER/SPIDER_ws/install/nav2_msgs/lib/python3.8/site-packages/nav2_msgs/msg/__init__.py
[14.054s] -- Up-to-date: /home/dfolse/repos/SPIDER/SPIDER_ws/install/nav2_msgs/lib/python3.8/site-packages/nav2_msgs/msg/_costmap_s.c
[14.054s] -- Up-to-date: /home/dfolse/repos/SPIDER/SPIDER_ws/install/nav2_msgs/lib/python3.8/site-packages/nav2_msgs/msg/_particle_s.c
[14.054s] -- Up-to-date: /home/dfolse/repos/SPIDER/SPIDER_ws/install/nav2_msgs/lib/python3.8/site-packages/nav2_msgs/srv
[14.056s] -- Up-to-date: /home/dfolse/repos/SPIDER/SPIDER_ws/install/nav2_msgs/lib/python3.8/site-packages/nav2_msgs/srv/_clear_costmap_around_robot_s.c
[14.057s] -- Up-to-date: /home/dfolse/repos/SPIDER/SPIDER_ws/install/nav2_msgs/lib/python3.8/site-packages/nav2_msgs/srv/_manage_lifecycle_nodes_s.c
[14.057s] -- Up-to-date: /home/dfolse/repos/SPIDER/SPIDER_ws/install/nav2_msgs/lib/python3.8/site-packages/nav2_msgs/srv/_save_map_s.c
[14.057s] -- Up-to-date: /home/dfolse/repos/SPIDER/SPIDER_ws/install/nav2_msgs/lib/python3.8/site-packages/nav2_msgs/srv/_clear_costmap_except_region_s.c
[14.057s] -- Up-to-date: /home/dfolse/repos/SPIDER/SPIDER_ws/install/nav2_msgs/lib/python3.8/site-packages/nav2_msgs/srv/_load_map.py
[14.057s] -- Up-to-date: /home/dfolse/repos/SPIDER/SPIDER_ws/install/nav2_msgs/lib/python3.8/site-packages/nav2_msgs/srv/_get_costmap.py
[14.057s] -- Up-to-date: /home/dfolse/repos/SPIDER/SPIDER_ws/install/nav2_msgs/lib/python3.8/site-packages/nav2_msgs/srv/_clear_entire_costmap_s.c
[14.057s] -- Up-to-date: /home/dfolse/repos/SPIDER/SPIDER_ws/install/nav2_msgs/lib/python3.8/site-packages/nav2_msgs/srv/_clear_entire_costmap.py
[14.058s] -- Up-to-date: /home/dfolse/repos/SPIDER/SPIDER_ws/install/nav2_msgs/lib/python3.8/site-packages/nav2_msgs/srv/_save_map.py
[14.058s] -- Up-to-date: /home/dfolse/repos/SPIDER/SPIDER_ws/install/nav2_msgs/lib/python3.8/site-packages/nav2_msgs/srv/_load_map_s.c
[14.058s] -- Up-to-date: /home/dfolse/repos/SPIDER/SPIDER_ws/install/nav2_msgs/lib/python3.8/site-packages/nav2_msgs/srv/_clear_costmap_except_region.py
[14.058s] -- Up-to-date: /home/dfolse/repos/SPIDER/SPIDER_ws/install/nav2_msgs/lib/python3.8/site-packages/nav2_msgs/srv/_clear_costmap_around_robot.py
[14.058s] -- Up-to-date: /home/dfolse/repos/SPIDER/SPIDER_ws/install/nav2_msgs/lib/python3.8/site-packages/nav2_msgs/srv/_get_costmap_s.c
[14.058s] -- Up-to-date: /home/dfolse/repos/SPIDER/SPIDER_ws/install/nav2_msgs/lib/python3.8/site-packages/nav2_msgs/srv/__init__.py
[14.058s] -- Up-to-date: /home/dfolse/repos/SPIDER/SPIDER_ws/install/nav2_msgs/lib/python3.8/site-packages/nav2_msgs/srv/_manage_lifecycle_nodes.py
[14.059s] -- Up-to-date: /home/dfolse/repos/SPIDER/SPIDER_ws/install/nav2_msgs/lib/python3.8/site-packages/nav2_msgs/action
[14.059s] -- Up-to-date: /home/dfolse/repos/SPIDER/SPIDER_ws/install/nav2_msgs/lib/python3.8/site-packages/nav2_msgs/action/_compute_path_to_pose_s.c
[14.059s] -- Up-to-date: /home/dfolse/repos/SPIDER/SPIDER_ws/install/nav2_msgs/lib/python3.8/site-packages/nav2_msgs/action/_back_up_s.c
[14.059s] -- Up-to-date: /home/dfolse/repos/SPIDER/SPIDER_ws/install/nav2_msgs/lib/python3.8/site-packages/nav2_msgs/action/_spin_s.c
[14.059s] -- Up-to-date: /home/dfolse/repos/SPIDER/SPIDER_ws/install/nav2_msgs/lib/python3.8/site-packages/nav2_msgs/action/_navigate_to_pose_s.c
[14.059s] -- Up-to-date: /home/dfolse/repos/SPIDER/SPIDER_ws/install/nav2_msgs/lib/python3.8/site-packages/nav2_msgs/action/_dummy_recovery_s.c
[14.059s] -- Up-to-date: /home/dfolse/repos/SPIDER/SPIDER_ws/install/nav2_msgs/lib/python3.8/site-packages/nav2_msgs/action/_back_up.py
[14.060s] -- Up-to-date: /home/dfolse/repos/SPIDER/SPIDER_ws/install/nav2_msgs/lib/python3.8/site-packages/nav2_msgs/action/_follow_path.py
[14.060s] -- Up-to-date: /home/dfolse/repos/SPIDER/SPIDER_ws/install/nav2_msgs/lib/python3.8/site-packages/nav2_msgs/action/_spin.py
[14.060s] -- Up-to-date: /home/dfolse/repos/SPIDER/SPIDER_ws/install/nav2_msgs/lib/python3.8/site-packages/nav2_msgs/action/_wait_s.c
[14.060s] -- Up-to-date: /home/dfolse/repos/SPIDER/SPIDER_ws/install/nav2_msgs/lib/python3.8/site-packages/nav2_msgs/action/_navigate_to_pose.py
[14.060s] -- Up-to-date: /home/dfolse/repos/SPIDER/SPIDER_ws/install/nav2_msgs/lib/python3.8/site-packages/nav2_msgs/action/_wait.py
[14.060s] -- Up-to-date: /home/dfolse/repos/SPIDER/SPIDER_ws/install/nav2_msgs/lib/python3.8/site-packages/nav2_msgs/action/__init__.py
[14.060s] -- Up-to-date: /home/dfolse/repos/SPIDER/SPIDER_ws/install/nav2_msgs/lib/python3.8/site-packages/nav2_msgs/action/_follow_waypoints_s.c
[14.060s] -- Up-to-date: /home/dfolse/repos/SPIDER/SPIDER_ws/install/nav2_msgs/lib/python3.8/site-packages/nav2_msgs/action/_compute_path_to_pose.py
[14.060s] -- Up-to-date: /home/dfolse/repos/SPIDER/SPIDER_ws/install/nav2_msgs/lib/python3.8/site-packages/nav2_msgs/action/_follow_waypoints.py
[14.061s] -- Up-to-date: /home/dfolse/repos/SPIDER/SPIDER_ws/install/nav2_msgs/lib/python3.8/site-packages/nav2_msgs/action/_dummy_recovery.py
[14.061s] -- Up-to-date: /home/dfolse/repos/SPIDER/SPIDER_ws/install/nav2_msgs/lib/python3.8/site-packages/nav2_msgs/action/_follow_path_s.c
[14.061s] -- Up-to-date: /home/dfolse/repos/SPIDER/SPIDER_ws/install/nav2_msgs/lib/python3.8/site-packages/nav2_msgs/nav2_msgs_s__rosidl_typesupport_fastrtps_c.cpython-38-aarch64-linux-gnu.so
[14.067s] -- Up-to-date: /home/dfolse/repos/SPIDER/SPIDER_ws/install/nav2_msgs/lib/python3.8/site-packages/nav2_msgs/nav2_msgs_s__rosidl_typesupport_introspection_c.cpython-38-aarch64-linux-gnu.so
[14.070s] -- Up-to-date: /home/dfolse/repos/SPIDER/SPIDER_ws/install/nav2_msgs/lib/python3.8/site-packages/nav2_msgs/nav2_msgs_s__rosidl_typesupport_c.cpython-38-aarch64-linux-gnu.so
[14.083s] -- Up-to-date: /home/dfolse/repos/SPIDER/SPIDER_ws/install/nav2_msgs/lib/libnav2_msgs__python.so
[14.084s] -- Up-to-date: /home/dfolse/repos/SPIDER/SPIDER_ws/install/nav2_msgs/share/nav2_msgs/msg/Costmap.idl
[14.085s] -- Up-to-date: /home/dfolse/repos/SPIDER/SPIDER_ws/install/nav2_msgs/share/nav2_msgs/msg/CostmapMetaData.idl
[14.085s] -- Up-to-date: /home/dfolse/repos/SPIDER/SPIDER_ws/install/nav2_msgs/share/nav2_msgs/msg/VoxelGrid.idl
[14.085s] -- Up-to-date: /home/dfolse/repos/SPIDER/SPIDER_ws/install/nav2_msgs/share/nav2_msgs/msg/BehaviorTreeStatusChange.idl
[14.085s] -- Up-to-date: /home/dfolse/repos/SPIDER/SPIDER_ws/install/nav2_msgs/share/nav2_msgs/msg/BehaviorTreeLog.idl
[14.086s] -- Up-to-date: /home/dfolse/repos/SPIDER/SPIDER_ws/install/nav2_msgs/share/nav2_msgs/msg/Particle.idl
[14.086s] -- Up-to-date: /home/dfolse/repos/SPIDER/SPIDER_ws/install/nav2_msgs/share/nav2_msgs/msg/ParticleCloud.idl
[14.087s] -- Up-to-date: /home/dfolse/repos/SPIDER/SPIDER_ws/install/nav2_msgs/share/nav2_msgs/srv/GetCostmap.idl
[14.087s] -- Up-to-date: /home/dfolse/repos/SPIDER/SPIDER_ws/install/nav2_msgs/share/nav2_msgs/srv/ClearCostmapExceptRegion.idl
[14.087s] -- Up-to-date: /home/dfolse/repos/SPIDER/SPIDER_ws/install/nav2_msgs/share/nav2_msgs/srv/ClearCostmapAroundRobot.idl
[14.087s] -- Up-to-date: /home/dfolse/repos/SPIDER/SPIDER_ws/install/nav2_msgs/share/nav2_msgs/srv/ClearEntireCostmap.idl
[14.087s] -- Up-to-date: /home/dfolse/repos/SPIDER/SPIDER_ws/install/nav2_msgs/share/nav2_msgs/srv/ManageLifecycleNodes.idl
[14.090s] -- Up-to-date: /home/dfolse/repos/SPIDER/SPIDER_ws/install/nav2_msgs/share/nav2_msgs/srv/LoadMap.idl
[14.090s] -- Up-to-date: /home/dfolse/repos/SPIDER/SPIDER_ws/install/nav2_msgs/share/nav2_msgs/srv/SaveMap.idl
[14.091s] -- Up-to-date: /home/dfolse/repos/SPIDER/SPIDER_ws/install/nav2_msgs/share/nav2_msgs/action/BackUp.idl
[14.091s] -- Up-to-date: /home/dfolse/repos/SPIDER/SPIDER_ws/install/nav2_msgs/share/nav2_msgs/action/ComputePathToPose.idl
[14.091s] -- Up-to-date: /home/dfolse/repos/SPIDER/SPIDER_ws/install/nav2_msgs/share/nav2_msgs/action/FollowPath.idl
[14.091s] -- Up-to-date: /home/dfolse/repos/SPIDER/SPIDER_ws/install/nav2_msgs/share/nav2_msgs/action/NavigateToPose.idl
[14.092s] -- Up-to-date: /home/dfolse/repos/SPIDER/SPIDER_ws/install/nav2_msgs/share/nav2_msgs/action/Wait.idl
[14.092s] -- Up-to-date: /home/dfolse/repos/SPIDER/SPIDER_ws/install/nav2_msgs/share/nav2_msgs/action/Spin.idl
[14.092s] -- Up-to-date: /home/dfolse/repos/SPIDER/SPIDER_ws/install/nav2_msgs/share/nav2_msgs/action/DummyRecovery.idl
[14.092s] -- Up-to-date: /home/dfolse/repos/SPIDER/SPIDER_ws/install/nav2_msgs/share/nav2_msgs/action/FollowWaypoints.idl
[14.093s] -- Up-to-date: /home/dfolse/repos/SPIDER/SPIDER_ws/install/nav2_msgs/share/nav2_msgs/msg/Costmap.msg
[14.093s] -- Up-to-date: /home/dfolse/repos/SPIDER/SPIDER_ws/install/nav2_msgs/share/nav2_msgs/msg/CostmapMetaData.msg
[14.093s] -- Up-to-date: /home/dfolse/repos/SPIDER/SPIDER_ws/install/nav2_msgs/share/nav2_msgs/msg/VoxelGrid.msg
[14.093s] -- Up-to-date: /home/dfolse/repos/SPIDER/SPIDER_ws/install/nav2_msgs/share/nav2_msgs/msg/BehaviorTreeStatusChange.msg
[14.094s] -- Up-to-date: /home/dfolse/repos/SPIDER/SPIDER_ws/install/nav2_msgs/share/nav2_msgs/msg/BehaviorTreeLog.msg
[14.094s] -- Up-to-date: /home/dfolse/repos/SPIDER/SPIDER_ws/install/nav2_msgs/share/nav2_msgs/msg/Particle.msg
[14.094s] -- Up-to-date: /home/dfolse/repos/SPIDER/SPIDER_ws/install/nav2_msgs/share/nav2_msgs/msg/ParticleCloud.msg
[14.097s] -- Up-to-date: /home/dfolse/repos/SPIDER/SPIDER_ws/install/nav2_msgs/share/nav2_msgs/srv/GetCostmap.srv
[14.097s] -- Up-to-date: /home/dfolse/repos/SPIDER/SPIDER_ws/install/nav2_msgs/share/nav2_msgs/srv/GetCostmap_Request.msg
[14.100s] -- Up-to-date: /home/dfolse/repos/SPIDER/SPIDER_ws/install/nav2_msgs/share/nav2_msgs/srv/GetCostmap_Response.msg
[14.100s] -- Up-to-date: /home/dfolse/repos/SPIDER/SPIDER_ws/install/nav2_msgs/share/nav2_msgs/srv/ClearCostmapExceptRegion.srv
[14.101s] -- Up-to-date: /home/dfolse/repos/SPIDER/SPIDER_ws/install/nav2_msgs/share/nav2_msgs/srv/ClearCostmapExceptRegion_Request.msg
[14.101s] -- Up-to-date: /home/dfolse/repos/SPIDER/SPIDER_ws/install/nav2_msgs/share/nav2_msgs/srv/ClearCostmapExceptRegion_Response.msg
[14.101s] -- Up-to-date: /home/dfolse/repos/SPIDER/SPIDER_ws/install/nav2_msgs/share/nav2_msgs/srv/ClearCostmapAroundRobot.srv
[14.101s] -- Up-to-date: /home/dfolse/repos/SPIDER/SPIDER_ws/install/nav2_msgs/share/nav2_msgs/srv/ClearCostmapAroundRobot_Request.msg
[14.101s] -- Up-to-date: /home/dfolse/repos/SPIDER/SPIDER_ws/install/nav2_msgs/share/nav2_msgs/srv/ClearCostmapAroundRobot_Response.msg
[14.102s] -- Up-to-date: /home/dfolse/repos/SPIDER/SPIDER_ws/install/nav2_msgs/share/nav2_msgs/srv/ClearEntireCostmap.srv
[14.102s] -- Up-to-date: /home/dfolse/repos/SPIDER/SPIDER_ws/install/nav2_msgs/share/nav2_msgs/srv/ClearEntireCostmap_Request.msg
[14.102s] -- Up-to-date: /home/dfolse/repos/SPIDER/SPIDER_ws/install/nav2_msgs/share/nav2_msgs/srv/ClearEntireCostmap_Response.msg
[14.102s] -- Up-to-date: /home/dfolse/repos/SPIDER/SPIDER_ws/install/nav2_msgs/share/nav2_msgs/srv/ManageLifecycleNodes.srv
[14.103s] -- Up-to-date: /home/dfolse/repos/SPIDER/SPIDER_ws/install/nav2_msgs/share/nav2_msgs/srv/ManageLifecycleNodes_Request.msg
[14.103s] -- Up-to-date: /home/dfolse/repos/SPIDER/SPIDER_ws/install/nav2_msgs/share/nav2_msgs/srv/ManageLifecycleNodes_Response.msg
[14.103s] -- Up-to-date: /home/dfolse/repos/SPIDER/SPIDER_ws/install/nav2_msgs/share/nav2_msgs/srv/LoadMap.srv
[14.103s] -- Up-to-date: /home/dfolse/repos/SPIDER/SPIDER_ws/install/nav2_msgs/share/nav2_msgs/srv/LoadMap_Request.msg
[14.103s] -- Up-to-date: /home/dfolse/repos/SPIDER/SPIDER_ws/install/nav2_msgs/share/nav2_msgs/srv/LoadMap_Response.msg
[14.103s] -- Up-to-date: /home/dfolse/repos/SPIDER/SPIDER_ws/install/nav2_msgs/share/nav2_msgs/srv/SaveMap.srv
[14.104s] -- Up-to-date: /home/dfolse/repos/SPIDER/SPIDER_ws/install/nav2_msgs/share/nav2_msgs/srv/SaveMap_Request.msg
[14.104s] -- Up-to-date: /home/dfolse/repos/SPIDER/SPIDER_ws/install/nav2_msgs/share/nav2_msgs/srv/SaveMap_Response.msg
[14.108s] -- Up-to-date: /home/dfolse/repos/SPIDER/SPIDER_ws/install/nav2_msgs/share/nav2_msgs/action/BackUp.action
[14.108s] -- Up-to-date: /home/dfolse/repos/SPIDER/SPIDER_ws/install/nav2_msgs/share/nav2_msgs/action/ComputePathToPose.action
[14.108s] -- Up-to-date: /home/dfolse/repos/SPIDER/SPIDER_ws/install/nav2_msgs/share/nav2_msgs/action/FollowPath.action
[14.109s] -- Up-to-date: /home/dfolse/repos/SPIDER/SPIDER_ws/install/nav2_msgs/share/nav2_msgs/action/NavigateToPose.action
[14.109s] -- Up-to-date: /home/dfolse/repos/SPIDER/SPIDER_ws/install/nav2_msgs/share/nav2_msgs/action/Wait.action
[14.109s] -- Up-to-date: /home/dfolse/repos/SPIDER/SPIDER_ws/install/nav2_msgs/share/nav2_msgs/action/Spin.action
[14.110s] -- Up-to-date: /home/dfolse/repos/SPIDER/SPIDER_ws/install/nav2_msgs/share/nav2_msgs/action/DummyRecovery.action
[14.111s] -- Up-to-date: /home/dfolse/repos/SPIDER/SPIDER_ws/install/nav2_msgs/share/nav2_msgs/action/FollowWaypoints.action
[14.113s] -- Up-to-date: /home/dfolse/repos/SPIDER/SPIDER_ws/install/nav2_msgs/share/ament_index/resource_index/package_run_dependencies/nav2_msgs
[14.114s] -- Up-to-date: /home/dfolse/repos/SPIDER/SPIDER_ws/install/nav2_msgs/share/ament_index/resource_index/parent_prefix_path/nav2_msgs
[14.114s] -- Up-to-date: /home/dfolse/repos/SPIDER/SPIDER_ws/install/nav2_msgs/share/nav2_msgs/environment/ament_prefix_path.sh
[14.114s] -- Up-to-date: /home/dfolse/repos/SPIDER/SPIDER_ws/install/nav2_msgs/share/nav2_msgs/environment/ament_prefix_path.dsv
[14.114s] -- Up-to-date: /home/dfolse/repos/SPIDER/SPIDER_ws/install/nav2_msgs/share/nav2_msgs/environment/path.sh
[14.114s] -- Up-to-date: /home/dfolse/repos/SPIDER/SPIDER_ws/install/nav2_msgs/share/nav2_msgs/environment/path.dsv
[14.114s] -- Up-to-date: /home/dfolse/repos/SPIDER/SPIDER_ws/install/nav2_msgs/share/nav2_msgs/local_setup.bash
[14.114s] -- Up-to-date: /home/dfolse/repos/SPIDER/SPIDER_ws/install/nav2_msgs/share/nav2_msgs/local_setup.sh
[14.115s] -- Up-to-date: /home/dfolse/repos/SPIDER/SPIDER_ws/install/nav2_msgs/share/nav2_msgs/local_setup.zsh
[14.115s] -- Up-to-date: /home/dfolse/repos/SPIDER/SPIDER_ws/install/nav2_msgs/share/nav2_msgs/local_setup.dsv
[14.115s] -- Installing: /home/dfolse/repos/SPIDER/SPIDER_ws/install/nav2_msgs/share/nav2_msgs/package.dsv
[14.121s] -- Up-to-date: /home/dfolse/repos/SPIDER/SPIDER_ws/install/nav2_msgs/share/ament_index/resource_index/packages/nav2_msgs
[14.121s] -- Up-to-date: /home/dfolse/repos/SPIDER/SPIDER_ws/install/nav2_msgs/share/nav2_msgs/cmake/nav2_msgs__rosidl_generator_cExport.cmake
[14.121s] -- Up-to-date: /home/dfolse/repos/SPIDER/SPIDER_ws/install/nav2_msgs/share/nav2_msgs/cmake/nav2_msgs__rosidl_generator_cExport-release.cmake
[14.124s] -- Up-to-date: /home/dfolse/repos/SPIDER/SPIDER_ws/install/nav2_msgs/share/nav2_msgs/cmake/nav2_msgs__rosidl_typesupport_introspection_cExport.cmake
[14.125s] -- Up-to-date: /home/dfolse/repos/SPIDER/SPIDER_ws/install/nav2_msgs/share/nav2_msgs/cmake/nav2_msgs__rosidl_typesupport_introspection_cExport-release.cmake
[14.125s] -- Up-to-date: /home/dfolse/repos/SPIDER/SPIDER_ws/install/nav2_msgs/share/nav2_msgs/cmake/nav2_msgs__rosidl_typesupport_cExport.cmake
[14.125s] -- Up-to-date: /home/dfolse/repos/SPIDER/SPIDER_ws/install/nav2_msgs/share/nav2_msgs/cmake/nav2_msgs__rosidl_typesupport_cExport-release.cmake
[14.126s] -- Up-to-date: /home/dfolse/repos/SPIDER/SPIDER_ws/install/nav2_msgs/share/nav2_msgs/cmake/nav2_msgs__rosidl_generator_cppExport.cmake
[14.127s] -- Up-to-date: /home/dfolse/repos/SPIDER/SPIDER_ws/install/nav2_msgs/share/nav2_msgs/cmake/nav2_msgs__rosidl_typesupport_introspection_cppExport.cmake
[14.127s] -- Up-to-date: /home/dfolse/repos/SPIDER/SPIDER_ws/install/nav2_msgs/share/nav2_msgs/cmake/nav2_msgs__rosidl_typesupport_introspection_cppExport-release.cmake
[14.128s] -- Up-to-date: /home/dfolse/repos/SPIDER/SPIDER_ws/install/nav2_msgs/share/nav2_msgs/cmake/nav2_msgs__rosidl_typesupport_cppExport.cmake
[14.129s] -- Up-to-date: /home/dfolse/repos/SPIDER/SPIDER_ws/install/nav2_msgs/share/nav2_msgs/cmake/nav2_msgs__rosidl_typesupport_cppExport-release.cmake
[14.129s] -- Up-to-date: /home/dfolse/repos/SPIDER/SPIDER_ws/install/nav2_msgs/share/nav2_msgs/cmake/rosidl_cmake-extras.cmake
[14.130s] -- Up-to-date: /home/dfolse/repos/SPIDER/SPIDER_ws/install/nav2_msgs/share/nav2_msgs/cmake/ament_cmake_export_dependencies-extras.cmake
[14.130s] -- Up-to-date: /home/dfolse/repos/SPIDER/SPIDER_ws/install/nav2_msgs/share/nav2_msgs/cmake/ament_cmake_export_libraries-extras.cmake
[14.135s] -- Up-to-date: /home/dfolse/repos/SPIDER/SPIDER_ws/install/nav2_msgs/share/nav2_msgs/cmake/ament_cmake_export_targets-extras.cmake
[14.135s] -- Up-to-date: /home/dfolse/repos/SPIDER/SPIDER_ws/install/nav2_msgs/share/nav2_msgs/cmake/ament_cmake_export_include_directories-extras.cmake
[14.135s] -- Up-to-date: /home/dfolse/repos/SPIDER/SPIDER_ws/install/nav2_msgs/share/nav2_msgs/cmake/rosidl_cmake_export_typesupport_libraries-extras.cmake
[14.147s] -- Up-to-date: /home/dfolse/repos/SPIDER/SPIDER_ws/install/nav2_msgs/share/nav2_msgs/cmake/rosidl_cmake_export_typesupport_targets-extras.cmake
[14.152s] -- Up-to-date: /home/dfolse/repos/SPIDER/SPIDER_ws/install/nav2_msgs/share/nav2_msgs/cmake/nav2_msgsConfig.cmake
[14.152s] -- Up-to-date: /home/dfolse/repos/SPIDER/SPIDER_ws/install/nav2_msgs/share/nav2_msgs/cmake/nav2_msgsConfig-version.cmake
[14.152s] -- Up-to-date: /home/dfolse/repos/SPIDER/SPIDER_ws/install/nav2_msgs/share/nav2_msgs/package.xml
[14.170s] Invoked command in '/home/dfolse/repos/SPIDER/SPIDER_ws/build/nav2_msgs' returned '0': AMENT_PREFIX_PATH=/home/dfolse/repos/SPIDER/SPIDER_ws/install/nav2_common:${AMENT_PREFIX_PATH} CMAKE_PREFIX_PATH=/home/dfolse/repos/SPIDER/SPIDER_ws/install/nav2_common:/opt/ros/foxy NX_CONNECTION=192.168.1.26 51145 192.168.1.53 4000 PYTHONPATH=/home/dfolse/repos/SPIDER/SPIDER_ws/install/nav2_common/lib/python3.8/site-packages:${PYTHONPATH} /usr/bin/cmake --install /home/dfolse/repos/SPIDER/SPIDER_ws/build/nav2_msgs
