[1.617s] Invoking command in '/home/dfolse/repos/SPIDER/SPIDER_ws/build/depthai_examples': CMAKE_PREFIX_PATH=/opt/ros/foxy NX_CONNECTION=192.168.1.26 58481 192.168.1.53 4000 /usr/bin/cmake /home/dfolse/repos/SPIDER/SPIDER_ws/src/luxonis/depthai-ros-examples/depthai_examples -DCMAKE_INSTALL_PREFIX=/home/dfolse/repos/SPIDER/SPIDER_ws/install/depthai_examples
[1.930s] -- Using PYTHON_EXECUTABLE: /home/dfolse/.pyenv/shims/python3
[2.529s] -- ------------------------------------------
[2.529s] -- Depthai Bridge is being built using AMENT.
[2.529s] -- ------------------------------------------
[2.530s] -- Found camera_info_manager: 2.4.0 (/opt/ros/foxy/share/camera_info_manager/cmake)
[2.610s] -- Using all available rosidl_typesupport_c: rosidl_typesupport_fastrtps_c;rosidl_typesupport_introspection_c
[2.622s] -- Found rosidl_adapter: 1.3.1 (/opt/ros/foxy/share/rosidl_adapter/cmake)
[2.955s] -- Using all available rosidl_typesupport_cpp: rosidl_typesupport_fastrtps_cpp;rosidl_typesupport_introspection_cpp
[3.041s] -- Found rmw_implementation_cmake: 1.0.4 (/opt/ros/foxy/share/rmw_implementation_cmake/cmake)
[3.043s] -- Using RMW implementation 'rmw_fastrtps_cpp' as default
[3.579s] -- Setting yaml-cpp_DIR to: '/opt/ros/foxy/share/yaml_cpp_vendor/cmake/../../../opt/yaml_cpp_vendor/lib/cmake/yaml-cpp'
[3.696s] -- Found cv_bridge: 3.0.7 (/opt/ros/foxy/share/cv_bridge/cmake)
[3.715s] -- Found depthai_ros_msgs: 2.7.1 (/opt/ros/foxy/share/depthai_ros_msgs/cmake)
[4.324s] -- Found depthai_bridge: 2.7.1 (/opt/ros/foxy/share/depthai_bridge/cmake)
[5.889s] -- Configuring done
[6.153s] -- Generating done
[6.156s] -- Build files have been written to: /home/dfolse/repos/SPIDER/SPIDER_ws/build/depthai_examples
[8.815s] Invoked command in '/home/dfolse/repos/SPIDER/SPIDER_ws/build/depthai_examples' returned '0': CMAKE_PREFIX_PATH=/opt/ros/foxy NX_CONNECTION=192.168.1.26 58481 192.168.1.53 4000 /usr/bin/cmake /home/dfolse/repos/SPIDER/SPIDER_ws/src/luxonis/depthai-ros-examples/depthai_examples -DCMAKE_INSTALL_PREFIX=/home/dfolse/repos/SPIDER/SPIDER_ws/install/depthai_examples
[8.820s] Invoking command in '/home/dfolse/repos/SPIDER/SPIDER_ws/build/depthai_examples': CMAKE_PREFIX_PATH=/opt/ros/foxy NX_CONNECTION=192.168.1.26 58481 192.168.1.53 4000 /usr/bin/cmake --build /home/dfolse/repos/SPIDER/SPIDER_ws/build/depthai_examples -- -j6 -l6
[8.944s] [35m[1mScanning dependencies of target stereo_inertial_node[0m
[8.962s] [35m[1mScanning dependencies of target stereo_node[0m
[8.972s] [35m[1mScanning dependencies of target rgb_stereo_node[0m
[8.997s] [35m[1mScanning dependencies of target crop_control_service[0m
[9.006s] [35m[1mScanning dependencies of target yolov4_spatial_node[0m
[9.007s] [35m[1mScanning dependencies of target mobilenet_node[0m
[9.344s] [  7%] [32mBuilding CXX object CMakeFiles/crop_control_service.dir/ros2_src/crop_control_service.cpp.o[0m
[9.484s] [ 14%] [32mBuilding CXX object CMakeFiles/stereo_node.dir/ros2_src/stereo_publisher.cpp.o[0m
[9.512s] [ 21%] [32mBuilding CXX object CMakeFiles/rgb_stereo_node.dir/ros2_src/rgb_stereo_node.cpp.o[0m
[9.592s] [ 28%] [32mBuilding CXX object CMakeFiles/yolov4_spatial_node.dir/ros2_src/yolov4_spatial_publisher.cpp.o[0m
[9.636s] [ 35%] [32mBuilding CXX object CMakeFiles/stereo_inertial_node.dir/ros2_src/stereo_inertial_publisher.cpp.o[0m
[9.641s] [ 42%] [32mBuilding CXX object CMakeFiles/mobilenet_node.dir/ros2_src/mobilenet_publisher.cpp.o[0m
[124.717s] [01m[Kc++:[m[K [01;31m[Kfatal error: [m[KKilled signal terminated program cc1plus
[124.733s] compilation terminated.
[124.805s] make[2]: *** [CMakeFiles/rgb_stereo_node.dir/build.make:63: CMakeFiles/rgb_stereo_node.dir/ros2_src/rgb_stereo_node.cpp.o] Error 1
[124.945s] make[1]: *** [CMakeFiles/Makefile2:252: CMakeFiles/rgb_stereo_node.dir/all] Error 2
[124.946s] make[1]: *** Waiting for unfinished jobs....
