[3.391s] Invoking command in '/home/dfolse/repos/SPIDER/SPIDER_ws/src/oak_d_lite': NX_CONNECTION=192.168.1.26 58745 192.168.1.53 4000 PYTHONPATH=/home/dfolse/repos/SPIDER/SPIDER_ws/build/oak_d_lite/prefix_override:/home/dfolse/repos/SPIDER/SPIDER_ws/install/oak_d_lite/lib/python3.8/site-packages:${PYTHONPATH} /usr/bin/python3 -W ignore:setup.py install is deprecated setup.py egg_info --egg-base ../../build/oak_d_lite build --build-base /home/dfolse/repos/SPIDER/SPIDER_ws/build/oak_d_lite/build install --record /home/dfolse/repos/SPIDER/SPIDER_ws/build/oak_d_lite/install.log --single-version-externally-managed install_data
[3.946s] running egg_info
[3.947s] writing ../../build/oak_d_lite/oak_d_lite.egg-info/PKG-INFO
[3.947s] writing dependency_links to ../../build/oak_d_lite/oak_d_lite.egg-info/dependency_links.txt
[3.947s] writing entry points to ../../build/oak_d_lite/oak_d_lite.egg-info/entry_points.txt
[3.948s] writing requirements to ../../build/oak_d_lite/oak_d_lite.egg-info/requires.txt
[3.948s] writing top-level names to ../../build/oak_d_lite/oak_d_lite.egg-info/top_level.txt
[3.955s] reading manifest file '../../build/oak_d_lite/oak_d_lite.egg-info/SOURCES.txt'
[3.956s] writing manifest file '../../build/oak_d_lite/oak_d_lite.egg-info/SOURCES.txt'
[3.956s] running build
[3.956s] running build_py
[3.957s] running install
[3.959s] running install_lib
[3.962s] running install_data
[3.962s] running install_egg_info
[3.965s] removing '/home/dfolse/repos/SPIDER/SPIDER_ws/install/oak_d_lite/lib/python3.8/site-packages/oak_d_lite-0.0.0-py3.8.egg-info' (and everything under it)
[3.966s] Copying ../../build/oak_d_lite/oak_d_lite.egg-info to /home/dfolse/repos/SPIDER/SPIDER_ws/install/oak_d_lite/lib/python3.8/site-packages/oak_d_lite-0.0.0-py3.8.egg-info
[3.968s] running install_scripts
[4.010s] Installing stereo script to /home/dfolse/repos/SPIDER/SPIDER_ws/install/oak_d_lite/lib/oak_d_lite
[4.011s] writing list of installed files to '/home/dfolse/repos/SPIDER/SPIDER_ws/build/oak_d_lite/install.log'
[4.082s] Invoked command in '/home/dfolse/repos/SPIDER/SPIDER_ws/src/oak_d_lite' returned '0': NX_CONNECTION=192.168.1.26 58745 192.168.1.53 4000 PYTHONPATH=/home/dfolse/repos/SPIDER/SPIDER_ws/build/oak_d_lite/prefix_override:/home/dfolse/repos/SPIDER/SPIDER_ws/install/oak_d_lite/lib/python3.8/site-packages:${PYTHONPATH} /usr/bin/python3 -W ignore:setup.py install is deprecated setup.py egg_info --egg-base ../../build/oak_d_lite build --build-base /home/dfolse/repos/SPIDER/SPIDER_ws/build/oak_d_lite/build install --record /home/dfolse/repos/SPIDER/SPIDER_ws/build/oak_d_lite/install.log --single-version-externally-managed install_data
