[0.126s] Invoking command in '/home/dfolse/repos/SPIDER/SPIDER_ws/build/spider_interfaces': CMAKE_PREFIX_PATH=${CMAKE_PREFIX_PATH}:/home/dfolse/repos/SPIDER/SPIDER_ws/install/spider_nav:/home/dfolse/repos/SPIDER/SPIDER_ws/install/locomotion:/home/dfolse/repos/SPIDER/SPIDER_ws/install/oak_d_lite:/home/dfolse/repos/SPIDER/SPIDER_ws/install/nav2_gps_waypoint_follower_demo:/home/dfolse/repos/SPIDER/SPIDER_ws/install/data_transfer:/opt/ros/foxy NX_CONNECTION=192.168.1.26 56425 192.168.1.53 4000 /usr/bin/cmake --build /home/dfolse/repos/SPIDER/SPIDER_ws/build/spider_interfaces -- -j6 -l6
[1.391s] [  5%] Built target spider_interfaces__cpp
[1.392s] [ 12%] Built target spider_interfaces__rosidl_generator_c
[1.393s] [ 23%] Built target spider_interfaces__rosidl_typesupport_cpp
[1.393s] [ 33%] Built target spider_interfaces__rosidl_typesupport_introspection_cpp
[1.394s] [ 43%] Built target spider_interfaces__rosidl_typesupport_fastrtps_cpp
[1.394s] [ 53%] Built target spider_interfaces__rosidl_typesupport_introspection_c
[1.394s] [ 64%] Built target spider_interfaces__rosidl_typesupport_c
[1.395s] [ 74%] Built target spider_interfaces__rosidl_typesupport_fastrtps_c
[1.395s] [ 74%] Built target spider_interfaces
[1.396s] [ 76%] Built target spider_interfaces__py
[1.396s] [ 84%] Built target spider_interfaces__python
[1.400s] [ 92%] Built target spider_interfaces__rosidl_typesupport_introspection_c__pyext
[1.400s] [ 94%] Built target spider_interfaces__rosidl_typesupport_fastrtps_c__pyext
[1.400s] [100%] Built target spider_interfaces__rosidl_typesupport_c__pyext
[1.405s] Invoked command in '/home/dfolse/repos/SPIDER/SPIDER_ws/build/spider_interfaces' returned '0': CMAKE_PREFIX_PATH=${CMAKE_PREFIX_PATH}:/home/dfolse/repos/SPIDER/SPIDER_ws/install/spider_nav:/home/dfolse/repos/SPIDER/SPIDER_ws/install/locomotion:/home/dfolse/repos/SPIDER/SPIDER_ws/install/oak_d_lite:/home/dfolse/repos/SPIDER/SPIDER_ws/install/nav2_gps_waypoint_follower_demo:/home/dfolse/repos/SPIDER/SPIDER_ws/install/data_transfer:/opt/ros/foxy NX_CONNECTION=192.168.1.26 56425 192.168.1.53 4000 /usr/bin/cmake --build /home/dfolse/repos/SPIDER/SPIDER_ws/build/spider_interfaces -- -j6 -l6
[1.829s] Invoking command in '/home/dfolse/repos/SPIDER/SPIDER_ws/build/spider_interfaces': CMAKE_PREFIX_PATH=${CMAKE_PREFIX_PATH}:/home/dfolse/repos/SPIDER/SPIDER_ws/install/spider_nav:/home/dfolse/repos/SPIDER/SPIDER_ws/install/locomotion:/home/dfolse/repos/SPIDER/SPIDER_ws/install/oak_d_lite:/home/dfolse/repos/SPIDER/SPIDER_ws/install/nav2_gps_waypoint_follower_demo:/home/dfolse/repos/SPIDER/SPIDER_ws/install/data_transfer:/opt/ros/foxy NX_CONNECTION=192.168.1.26 56425 192.168.1.53 4000 /usr/bin/cmake --install /home/dfolse/repos/SPIDER/SPIDER_ws/build/spider_interfaces
[1.854s] -- Install configuration: ""
[1.854s] -- Up-to-date: /home/dfolse/repos/SPIDER/SPIDER_ws/install/spider_interfaces/share/ament_index/resource_index/rosidl_interfaces/spider_interfaces
[1.854s] -- Up-to-date: /home/dfolse/repos/SPIDER/SPIDER_ws/install/spider_interfaces/include/spider_interfaces
[1.855s] -- Up-to-date: /home/dfolse/repos/SPIDER/SPIDER_ws/install/spider_interfaces/include/spider_interfaces/srv
[1.855s] -- Up-to-date: /home/dfolse/repos/SPIDER/SPIDER_ws/install/spider_interfaces/include/spider_interfaces/srv/detail
[1.855s] -- Up-to-date: /home/dfolse/repos/SPIDER/SPIDER_ws/install/spider_interfaces/include/spider_interfaces/srv/detail/loc_service__type_support.h
[1.855s] -- Up-to-date: /home/dfolse/repos/SPIDER/SPIDER_ws/install/spider_interfaces/include/spider_interfaces/srv/detail/loc_service__functions.c
[1.855s] -- Up-to-date: /home/dfolse/repos/SPIDER/SPIDER_ws/install/spider_interfaces/include/spider_interfaces/srv/detail/loc_service__functions.h
[1.855s] -- Up-to-date: /home/dfolse/repos/SPIDER/SPIDER_ws/install/spider_interfaces/include/spider_interfaces/srv/detail/loc_service__struct.h
[1.856s] -- Up-to-date: /home/dfolse/repos/SPIDER/SPIDER_ws/install/spider_interfaces/include/spider_interfaces/srv/loc_service.h
[1.856s] -- Up-to-date: /home/dfolse/repos/SPIDER/SPIDER_ws/install/spider_interfaces/include/spider_interfaces/msg
[1.856s] -- Up-to-date: /home/dfolse/repos/SPIDER/SPIDER_ws/install/spider_interfaces/include/spider_interfaces/msg/loc_commands.h
[1.856s] -- Up-to-date: /home/dfolse/repos/SPIDER/SPIDER_ws/install/spider_interfaces/include/spider_interfaces/msg/detail
[1.856s] -- Up-to-date: /home/dfolse/repos/SPIDER/SPIDER_ws/install/spider_interfaces/include/spider_interfaces/msg/detail/loc_commands__functions.h
[1.856s] -- Up-to-date: /home/dfolse/repos/SPIDER/SPIDER_ws/install/spider_interfaces/include/spider_interfaces/msg/detail/loc_commands__functions.c
[1.856s] -- Up-to-date: /home/dfolse/repos/SPIDER/SPIDER_ws/install/spider_interfaces/include/spider_interfaces/msg/detail/loc_commands__type_support.h
[1.857s] -- Up-to-date: /home/dfolse/repos/SPIDER/SPIDER_ws/install/spider_interfaces/include/spider_interfaces/msg/detail/loc_commands__struct.h
[1.857s] -- Up-to-date: /home/dfolse/repos/SPIDER/SPIDER_ws/install/spider_interfaces/include/spider_interfaces/msg/rosidl_generator_c__visibility_control.h
[1.857s] -- Up-to-date: /home/dfolse/repos/SPIDER/SPIDER_ws/install/spider_interfaces/share/spider_interfaces/environment/library_path.sh
[1.857s] -- Up-to-date: /home/dfolse/repos/SPIDER/SPIDER_ws/install/spider_interfaces/share/spider_interfaces/environment/library_path.dsv
[1.857s] -- Up-to-date: /home/dfolse/repos/SPIDER/SPIDER_ws/install/spider_interfaces/lib/libspider_interfaces__rosidl_generator_c.so
[1.857s] -- Up-to-date: /home/dfolse/repos/SPIDER/SPIDER_ws/install/spider_interfaces/include/spider_interfaces
[1.857s] -- Up-to-date: /home/dfolse/repos/SPIDER/SPIDER_ws/install/spider_interfaces/include/spider_interfaces/srv
[1.857s] -- Up-to-date: /home/dfolse/repos/SPIDER/SPIDER_ws/install/spider_interfaces/include/spider_interfaces/srv/detail
[1.858s] -- Up-to-date: /home/dfolse/repos/SPIDER/SPIDER_ws/install/spider_interfaces/include/spider_interfaces/srv/detail/loc_service__rosidl_typesupport_fastrtps_c.h
[1.858s] -- Up-to-date: /home/dfolse/repos/SPIDER/SPIDER_ws/install/spider_interfaces/include/spider_interfaces/msg
[1.858s] -- Up-to-date: /home/dfolse/repos/SPIDER/SPIDER_ws/install/spider_interfaces/include/spider_interfaces/msg/rosidl_typesupport_fastrtps_c__visibility_control.h
[1.858s] -- Up-to-date: /home/dfolse/repos/SPIDER/SPIDER_ws/install/spider_interfaces/include/spider_interfaces/msg/detail
[1.858s] -- Up-to-date: /home/dfolse/repos/SPIDER/SPIDER_ws/install/spider_interfaces/include/spider_interfaces/msg/detail/loc_commands__rosidl_typesupport_fastrtps_c.h
[1.860s] -- Up-to-date: /home/dfolse/repos/SPIDER/SPIDER_ws/install/spider_interfaces/lib/libspider_interfaces__rosidl_typesupport_fastrtps_c.so
[1.861s] -- Up-to-date: /home/dfolse/repos/SPIDER/SPIDER_ws/install/spider_interfaces/include/spider_interfaces
[1.861s] -- Up-to-date: /home/dfolse/repos/SPIDER/SPIDER_ws/install/spider_interfaces/include/spider_interfaces/srv
[1.862s] -- Up-to-date: /home/dfolse/repos/SPIDER/SPIDER_ws/install/spider_interfaces/include/spider_interfaces/srv/detail
[1.863s] -- Up-to-date: /home/dfolse/repos/SPIDER/SPIDER_ws/install/spider_interfaces/include/spider_interfaces/srv/detail/loc_service__rosidl_typesupport_fastrtps_cpp.hpp
[1.863s] -- Up-to-date: /home/dfolse/repos/SPIDER/SPIDER_ws/install/spider_interfaces/include/spider_interfaces/srv/detail/dds_fastrtps
[1.864s] -- Up-to-date: /home/dfolse/repos/SPIDER/SPIDER_ws/install/spider_interfaces/include/spider_interfaces/msg
[1.865s] -- Up-to-date: /home/dfolse/repos/SPIDER/SPIDER_ws/install/spider_interfaces/include/spider_interfaces/msg/detail
[1.865s] -- Up-to-date: /home/dfolse/repos/SPIDER/SPIDER_ws/install/spider_interfaces/include/spider_interfaces/msg/detail/dds_fastrtps
[1.866s] -- Up-to-date: /home/dfolse/repos/SPIDER/SPIDER_ws/install/spider_interfaces/include/spider_interfaces/msg/detail/loc_commands__rosidl_typesupport_fastrtps_cpp.hpp
[1.866s] -- Up-to-date: /home/dfolse/repos/SPIDER/SPIDER_ws/install/spider_interfaces/include/spider_interfaces/msg/rosidl_typesupport_fastrtps_cpp__visibility_control.h
[1.867s] -- Up-to-date: /home/dfolse/repos/SPIDER/SPIDER_ws/install/spider_interfaces/lib/libspider_interfaces__rosidl_typesupport_fastrtps_cpp.so
[1.868s] -- Up-to-date: /home/dfolse/repos/SPIDER/SPIDER_ws/install/spider_interfaces/include/spider_interfaces
[1.869s] -- Up-to-date: /home/dfolse/repos/SPIDER/SPIDER_ws/install/spider_interfaces/include/spider_interfaces/srv
[1.869s] -- Up-to-date: /home/dfolse/repos/SPIDER/SPIDER_ws/install/spider_interfaces/include/spider_interfaces/srv/detail
[1.869s] -- Up-to-date: /home/dfolse/repos/SPIDER/SPIDER_ws/install/spider_interfaces/include/spider_interfaces/srv/detail/loc_service__rosidl_typesupport_introspection_c.h
[1.870s] -- Up-to-date: /home/dfolse/repos/SPIDER/SPIDER_ws/install/spider_interfaces/include/spider_interfaces/srv/detail/loc_service__type_support.c
[1.870s] -- Up-to-date: /home/dfolse/repos/SPIDER/SPIDER_ws/install/spider_interfaces/include/spider_interfaces/msg
[1.870s] -- Up-to-date: /home/dfolse/repos/SPIDER/SPIDER_ws/install/spider_interfaces/include/spider_interfaces/msg/detail
[1.870s] -- Up-to-date: /home/dfolse/repos/SPIDER/SPIDER_ws/install/spider_interfaces/include/spider_interfaces/msg/detail/loc_commands__rosidl_typesupport_introspection_c.h
[1.870s] -- Up-to-date: /home/dfolse/repos/SPIDER/SPIDER_ws/install/spider_interfaces/include/spider_interfaces/msg/detail/loc_commands__type_support.c
[1.870s] -- Up-to-date: /home/dfolse/repos/SPIDER/SPIDER_ws/install/spider_interfaces/include/spider_interfaces/msg/rosidl_typesupport_introspection_c__visibility_control.h
[1.870s] -- Up-to-date: /home/dfolse/repos/SPIDER/SPIDER_ws/install/spider_interfaces/lib/libspider_interfaces__rosidl_typesupport_introspection_c.so
[1.870s] -- Up-to-date: /home/dfolse/repos/SPIDER/SPIDER_ws/install/spider_interfaces/lib/libspider_interfaces__rosidl_typesupport_c.so
[1.871s] -- Up-to-date: /home/dfolse/repos/SPIDER/SPIDER_ws/install/spider_interfaces/include/spider_interfaces
[1.871s] -- Up-to-date: /home/dfolse/repos/SPIDER/SPIDER_ws/install/spider_interfaces/include/spider_interfaces/srv
[1.871s] -- Up-to-date: /home/dfolse/repos/SPIDER/SPIDER_ws/install/spider_interfaces/include/spider_interfaces/srv/detail
[1.871s] -- Up-to-date: /home/dfolse/repos/SPIDER/SPIDER_ws/install/spider_interfaces/include/spider_interfaces/srv/detail/loc_service__builder.hpp
[1.871s] -- Up-to-date: /home/dfolse/repos/SPIDER/SPIDER_ws/install/spider_interfaces/include/spider_interfaces/srv/detail/loc_service__struct.hpp
[1.871s] -- Up-to-date: /home/dfolse/repos/SPIDER/SPIDER_ws/install/spider_interfaces/include/spider_interfaces/srv/detail/loc_service__type_support.hpp
[1.871s] -- Up-to-date: /home/dfolse/repos/SPIDER/SPIDER_ws/install/spider_interfaces/include/spider_interfaces/srv/detail/loc_service__traits.hpp
[1.871s] -- Up-to-date: /home/dfolse/repos/SPIDER/SPIDER_ws/install/spider_interfaces/include/spider_interfaces/srv/loc_service.hpp
[1.872s] -- Up-to-date: /home/dfolse/repos/SPIDER/SPIDER_ws/install/spider_interfaces/include/spider_interfaces/msg
[1.872s] -- Up-to-date: /home/dfolse/repos/SPIDER/SPIDER_ws/install/spider_interfaces/include/spider_interfaces/msg/loc_commands.hpp
[1.872s] -- Up-to-date: /home/dfolse/repos/SPIDER/SPIDER_ws/install/spider_interfaces/include/spider_interfaces/msg/rosidl_generator_cpp__visibility_control.hpp
[1.872s] -- Up-to-date: /home/dfolse/repos/SPIDER/SPIDER_ws/install/spider_interfaces/include/spider_interfaces/msg/detail
[1.872s] -- Up-to-date: /home/dfolse/repos/SPIDER/SPIDER_ws/install/spider_interfaces/include/spider_interfaces/msg/detail/loc_commands__traits.hpp
[1.872s] -- Up-to-date: /home/dfolse/repos/SPIDER/SPIDER_ws/install/spider_interfaces/include/spider_interfaces/msg/detail/loc_commands__struct.hpp
[1.872s] -- Up-to-date: /home/dfolse/repos/SPIDER/SPIDER_ws/install/spider_interfaces/include/spider_interfaces/msg/detail/loc_commands__type_support.hpp
[1.872s] -- Up-to-date: /home/dfolse/repos/SPIDER/SPIDER_ws/install/spider_interfaces/include/spider_interfaces/msg/detail/loc_commands__builder.hpp
[1.873s] -- Up-to-date: /home/dfolse/repos/SPIDER/SPIDER_ws/install/spider_interfaces/include/spider_interfaces
[1.873s] -- Up-to-date: /home/dfolse/repos/SPIDER/SPIDER_ws/install/spider_interfaces/include/spider_interfaces/srv
[1.873s] -- Up-to-date: /home/dfolse/repos/SPIDER/SPIDER_ws/install/spider_interfaces/include/spider_interfaces/srv/detail
[1.873s] -- Up-to-date: /home/dfolse/repos/SPIDER/SPIDER_ws/install/spider_interfaces/include/spider_interfaces/srv/detail/loc_service__type_support.cpp
[1.873s] -- Up-to-date: /home/dfolse/repos/SPIDER/SPIDER_ws/install/spider_interfaces/include/spider_interfaces/srv/detail/loc_service__rosidl_typesupport_introspection_cpp.hpp
[1.874s] -- Up-to-date: /home/dfolse/repos/SPIDER/SPIDER_ws/install/spider_interfaces/include/spider_interfaces/msg
[1.874s] -- Up-to-date: /home/dfolse/repos/SPIDER/SPIDER_ws/install/spider_interfaces/include/spider_interfaces/msg/detail
[1.875s] -- Up-to-date: /home/dfolse/repos/SPIDER/SPIDER_ws/install/spider_interfaces/include/spider_interfaces/msg/detail/loc_commands__type_support.cpp
[1.876s] -- Up-to-date: /home/dfolse/repos/SPIDER/SPIDER_ws/install/spider_interfaces/include/spider_interfaces/msg/detail/loc_commands__rosidl_typesupport_introspection_cpp.hpp
[1.876s] -- Up-to-date: /home/dfolse/repos/SPIDER/SPIDER_ws/install/spider_interfaces/lib/libspider_interfaces__rosidl_typesupport_introspection_cpp.so
[1.876s] -- Up-to-date: /home/dfolse/repos/SPIDER/SPIDER_ws/install/spider_interfaces/lib/libspider_interfaces__rosidl_typesupport_cpp.so
[1.876s] -- Up-to-date: /home/dfolse/repos/SPIDER/SPIDER_ws/install/spider_interfaces/share/spider_interfaces/environment/pythonpath.sh
[1.877s] -- Up-to-date: /home/dfolse/repos/SPIDER/SPIDER_ws/install/spider_interfaces/share/spider_interfaces/environment/pythonpath.dsv
[1.877s] -- Up-to-date: /home/dfolse/repos/SPIDER/SPIDER_ws/install/spider_interfaces/lib/python3.8/site-packages/spider_interfaces/__init__.py
[1.957s] -- Up-to-date: /home/dfolse/repos/SPIDER/SPIDER_ws/install/spider_interfaces/lib/python3.8/site-packages/spider_interfaces/msg
[1.957s] -- Up-to-date: /home/dfolse/repos/SPIDER/SPIDER_ws/install/spider_interfaces/lib/python3.8/site-packages/spider_interfaces/msg/_loc_commands.py
[1.957s] -- Up-to-date: /home/dfolse/repos/SPIDER/SPIDER_ws/install/spider_interfaces/lib/python3.8/site-packages/spider_interfaces/msg/_loc_commands_s.c
[1.957s] -- Up-to-date: /home/dfolse/repos/SPIDER/SPIDER_ws/install/spider_interfaces/lib/python3.8/site-packages/spider_interfaces/msg/__init__.py
[1.957s] -- Up-to-date: /home/dfolse/repos/SPIDER/SPIDER_ws/install/spider_interfaces/lib/python3.8/site-packages/spider_interfaces/srv
[1.958s] -- Up-to-date: /home/dfolse/repos/SPIDER/SPIDER_ws/install/spider_interfaces/lib/python3.8/site-packages/spider_interfaces/srv/_loc_service_s.c
[1.958s] -- Up-to-date: /home/dfolse/repos/SPIDER/SPIDER_ws/install/spider_interfaces/lib/python3.8/site-packages/spider_interfaces/srv/_loc_service.py
[1.958s] -- Up-to-date: /home/dfolse/repos/SPIDER/SPIDER_ws/install/spider_interfaces/lib/python3.8/site-packages/spider_interfaces/srv/__init__.py
[1.958s] -- Up-to-date: /home/dfolse/repos/SPIDER/SPIDER_ws/install/spider_interfaces/lib/python3.8/site-packages/spider_interfaces/spider_interfaces_s__rosidl_typesupport_fastrtps_c.cpython-38-aarch64-linux-gnu.so
[1.959s] -- Up-to-date: /home/dfolse/repos/SPIDER/SPIDER_ws/install/spider_interfaces/lib/python3.8/site-packages/spider_interfaces/spider_interfaces_s__rosidl_typesupport_introspection_c.cpython-38-aarch64-linux-gnu.so
[1.960s] -- Up-to-date: /home/dfolse/repos/SPIDER/SPIDER_ws/install/spider_interfaces/lib/python3.8/site-packages/spider_interfaces/spider_interfaces_s__rosidl_typesupport_c.cpython-38-aarch64-linux-gnu.so
[1.961s] -- Up-to-date: /home/dfolse/repos/SPIDER/SPIDER_ws/install/spider_interfaces/lib/libspider_interfaces__python.so
[1.962s] -- Up-to-date: /home/dfolse/repos/SPIDER/SPIDER_ws/install/spider_interfaces/share/spider_interfaces/msg/LocCommands.idl
[1.962s] -- Up-to-date: /home/dfolse/repos/SPIDER/SPIDER_ws/install/spider_interfaces/share/spider_interfaces/srv/LocService.idl
[1.962s] -- Up-to-date: /home/dfolse/repos/SPIDER/SPIDER_ws/install/spider_interfaces/share/spider_interfaces/msg/LocCommands.msg
[1.962s] -- Up-to-date: /home/dfolse/repos/SPIDER/SPIDER_ws/install/spider_interfaces/share/spider_interfaces/srv/LocService.srv
[1.963s] -- Up-to-date: /home/dfolse/repos/SPIDER/SPIDER_ws/install/spider_interfaces/share/spider_interfaces/srv/LocService_Request.msg
[1.963s] -- Up-to-date: /home/dfolse/repos/SPIDER/SPIDER_ws/install/spider_interfaces/share/spider_interfaces/srv/LocService_Response.msg
[1.963s] -- Up-to-date: /home/dfolse/repos/SPIDER/SPIDER_ws/install/spider_interfaces/share/ament_index/resource_index/package_run_dependencies/spider_interfaces
[1.963s] -- Up-to-date: /home/dfolse/repos/SPIDER/SPIDER_ws/install/spider_interfaces/share/ament_index/resource_index/parent_prefix_path/spider_interfaces
[1.964s] -- Up-to-date: /home/dfolse/repos/SPIDER/SPIDER_ws/install/spider_interfaces/share/spider_interfaces/environment/ament_prefix_path.sh
[1.964s] -- Up-to-date: /home/dfolse/repos/SPIDER/SPIDER_ws/install/spider_interfaces/share/spider_interfaces/environment/ament_prefix_path.dsv
[1.964s] -- Up-to-date: /home/dfolse/repos/SPIDER/SPIDER_ws/install/spider_interfaces/share/spider_interfaces/environment/path.sh
[1.964s] -- Up-to-date: /home/dfolse/repos/SPIDER/SPIDER_ws/install/spider_interfaces/share/spider_interfaces/environment/path.dsv
[1.964s] -- Up-to-date: /home/dfolse/repos/SPIDER/SPIDER_ws/install/spider_interfaces/share/spider_interfaces/local_setup.bash
[1.964s] -- Up-to-date: /home/dfolse/repos/SPIDER/SPIDER_ws/install/spider_interfaces/share/spider_interfaces/local_setup.sh
[1.964s] -- Up-to-date: /home/dfolse/repos/SPIDER/SPIDER_ws/install/spider_interfaces/share/spider_interfaces/local_setup.zsh
[1.965s] -- Up-to-date: /home/dfolse/repos/SPIDER/SPIDER_ws/install/spider_interfaces/share/spider_interfaces/local_setup.dsv
[1.965s] -- Installing: /home/dfolse/repos/SPIDER/SPIDER_ws/install/spider_interfaces/share/spider_interfaces/package.dsv
[1.965s] -- Up-to-date: /home/dfolse/repos/SPIDER/SPIDER_ws/install/spider_interfaces/share/ament_index/resource_index/packages/spider_interfaces
[1.965s] -- Up-to-date: /home/dfolse/repos/SPIDER/SPIDER_ws/install/spider_interfaces/share/spider_interfaces/cmake/spider_interfaces__rosidl_generator_cExport.cmake
[1.965s] -- Up-to-date: /home/dfolse/repos/SPIDER/SPIDER_ws/install/spider_interfaces/share/spider_interfaces/cmake/spider_interfaces__rosidl_generator_cExport-noconfig.cmake
[1.966s] -- Up-to-date: /home/dfolse/repos/SPIDER/SPIDER_ws/install/spider_interfaces/share/spider_interfaces/cmake/spider_interfaces__rosidl_typesupport_introspection_cExport.cmake
[1.966s] -- Up-to-date: /home/dfolse/repos/SPIDER/SPIDER_ws/install/spider_interfaces/share/spider_interfaces/cmake/spider_interfaces__rosidl_typesupport_introspection_cExport-noconfig.cmake
[1.966s] -- Up-to-date: /home/dfolse/repos/SPIDER/SPIDER_ws/install/spider_interfaces/share/spider_interfaces/cmake/spider_interfaces__rosidl_typesupport_cExport.cmake
[1.966s] -- Up-to-date: /home/dfolse/repos/SPIDER/SPIDER_ws/install/spider_interfaces/share/spider_interfaces/cmake/spider_interfaces__rosidl_typesupport_cExport-noconfig.cmake
[1.966s] -- Up-to-date: /home/dfolse/repos/SPIDER/SPIDER_ws/install/spider_interfaces/share/spider_interfaces/cmake/spider_interfaces__rosidl_generator_cppExport.cmake
[1.967s] -- Up-to-date: /home/dfolse/repos/SPIDER/SPIDER_ws/install/spider_interfaces/share/spider_interfaces/cmake/spider_interfaces__rosidl_typesupport_introspection_cppExport.cmake
[1.967s] -- Up-to-date: /home/dfolse/repos/SPIDER/SPIDER_ws/install/spider_interfaces/share/spider_interfaces/cmake/spider_interfaces__rosidl_typesupport_introspection_cppExport-noconfig.cmake
[1.967s] -- Up-to-date: /home/dfolse/repos/SPIDER/SPIDER_ws/install/spider_interfaces/share/spider_interfaces/cmake/spider_interfaces__rosidl_typesupport_cppExport.cmake
[1.967s] -- Up-to-date: /home/dfolse/repos/SPIDER/SPIDER_ws/install/spider_interfaces/share/spider_interfaces/cmake/spider_interfaces__rosidl_typesupport_cppExport-noconfig.cmake
[1.968s] -- Up-to-date: /home/dfolse/repos/SPIDER/SPIDER_ws/install/spider_interfaces/share/spider_interfaces/cmake/rosidl_cmake-extras.cmake
[1.968s] -- Up-to-date: /home/dfolse/repos/SPIDER/SPIDER_ws/install/spider_interfaces/share/spider_interfaces/cmake/ament_cmake_export_dependencies-extras.cmake
[1.968s] -- Up-to-date: /home/dfolse/repos/SPIDER/SPIDER_ws/install/spider_interfaces/share/spider_interfaces/cmake/ament_cmake_export_libraries-extras.cmake
[1.968s] -- Up-to-date: /home/dfolse/repos/SPIDER/SPIDER_ws/install/spider_interfaces/share/spider_interfaces/cmake/ament_cmake_export_targets-extras.cmake
[1.968s] -- Up-to-date: /home/dfolse/repos/SPIDER/SPIDER_ws/install/spider_interfaces/share/spider_interfaces/cmake/ament_cmake_export_include_directories-extras.cmake
[1.968s] -- Up-to-date: /home/dfolse/repos/SPIDER/SPIDER_ws/install/spider_interfaces/share/spider_interfaces/cmake/rosidl_cmake_export_typesupport_libraries-extras.cmake
[1.969s] -- Up-to-date: /home/dfolse/repos/SPIDER/SPIDER_ws/install/spider_interfaces/share/spider_interfaces/cmake/rosidl_cmake_export_typesupport_targets-extras.cmake
[1.969s] -- Up-to-date: /home/dfolse/repos/SPIDER/SPIDER_ws/install/spider_interfaces/share/spider_interfaces/cmake/spider_interfacesConfig.cmake
[1.969s] -- Up-to-date: /home/dfolse/repos/SPIDER/SPIDER_ws/install/spider_interfaces/share/spider_interfaces/cmake/spider_interfacesConfig-version.cmake
[1.969s] -- Up-to-date: /home/dfolse/repos/SPIDER/SPIDER_ws/install/spider_interfaces/share/spider_interfaces/package.xml
[2.006s] Invoked command in '/home/dfolse/repos/SPIDER/SPIDER_ws/build/spider_interfaces' returned '0': CMAKE_PREFIX_PATH=${CMAKE_PREFIX_PATH}:/home/dfolse/repos/SPIDER/SPIDER_ws/install/spider_nav:/home/dfolse/repos/SPIDER/SPIDER_ws/install/locomotion:/home/dfolse/repos/SPIDER/SPIDER_ws/install/oak_d_lite:/home/dfolse/repos/SPIDER/SPIDER_ws/install/nav2_gps_waypoint_follower_demo:/home/dfolse/repos/SPIDER/SPIDER_ws/install/data_transfer:/opt/ros/foxy NX_CONNECTION=192.168.1.26 56425 192.168.1.53 4000 /usr/bin/cmake --install /home/dfolse/repos/SPIDER/SPIDER_ws/build/spider_interfaces
