[1.063s] DEBUG:colcon:Command line arguments: ['/usr/bin/colcon', 'build']
[1.063s] DEBUG:colcon:Parsed command line arguments: Namespace(log_base=None, log_level=None, verb_name='build', build_base='build', install_base='install', merge_install=False, symlink_install=False, test_result_base=None, continue_on_error=False, executor='parallel', parallel_workers=4, event_handlers=None, ignore_user_meta=False, metas=['./colcon.meta'], base_paths=['.'], packages_ignore=None, packages_ignore_regex=None, paths=None, packages_up_to=None, packages_up_to_regex=None, packages_above=None, packages_above_and_dependencies=None, packages_above_depth=None, packages_select_by_dep=None, packages_skip_by_dep=None, packages_skip_up_to=None, packages_select_build_failed=False, packages_skip_build_finished=False, packages_select_test_failures=False, packages_skip_test_passed=False, packages_select=None, packages_skip=None, packages_select_regex=None, packages_skip_regex=None, packages_start=None, packages_end=None, allow_overriding=[], cmake_args=None, cmake_target=None, cmake_target_skip_unavailable=False, cmake_clean_cache=False, cmake_clean_first=False, cmake_force_configure=False, ament_cmake_args=None, catkin_cmake_args=None, catkin_skip_building_tests=False, verb_parser=<colcon_defaults.argument_parser.defaults.DefaultArgumentsDecorator object at 0x7f2a892ef550>, verb_extension=<colcon_core.verb.build.BuildVerb object at 0x7f2a896be3b0>, main=<bound method BuildVerb.main of <colcon_core.verb.build.BuildVerb object at 0x7f2a896be3b0>>)
[1.110s] Level 1:colcon.colcon_core.package_discovery:discover_packages(colcon_meta) check parameters
[1.110s] Level 1:colcon.colcon_core.package_discovery:discover_packages(recursive) check parameters
[1.110s] Level 1:colcon.colcon_core.package_discovery:discover_packages(ignore) check parameters
[1.110s] Level 1:colcon.colcon_core.package_discovery:discover_packages(path) check parameters
[1.110s] Level 1:colcon.colcon_core.package_discovery:discover_packages(colcon_meta) discover
[1.110s] Level 1:colcon.colcon_core.package_discovery:discover_packages(recursive) discover
[1.110s] INFO:colcon.colcon_core.package_discovery:Crawling recursively for packages in '/home/dfolse/SPIDER/SPIDER_ws'
[1.111s] Level 1:colcon.colcon_core.package_identification:_identify(.) by extensions ['ignore', 'ignore_ament_install']
[1.111s] Level 1:colcon.colcon_core.package_identification:_identify(.) by extension 'ignore'
[1.111s] Level 1:colcon.colcon_core.package_identification:_identify(.) by extension 'ignore_ament_install'
[1.111s] Level 1:colcon.colcon_core.package_identification:_identify(.) by extensions ['colcon_pkg']
[1.111s] Level 1:colcon.colcon_core.package_identification:_identify(.) by extension 'colcon_pkg'
[1.111s] Level 1:colcon.colcon_core.package_identification:_identify(.) by extensions ['colcon_meta']
[1.111s] Level 1:colcon.colcon_core.package_identification:_identify(.) by extension 'colcon_meta'
[1.111s] Level 1:colcon.colcon_core.package_identification:_identify(.) by extensions ['ros']
[1.111s] Level 1:colcon.colcon_core.package_identification:_identify(.) by extension 'ros'
[1.122s] Level 1:colcon.colcon_core.package_identification:_identify(.) by extensions ['cmake', 'python']
[1.122s] Level 1:colcon.colcon_core.package_identification:_identify(.) by extension 'cmake'
[1.122s] Level 1:colcon.colcon_core.package_identification:_identify(.) by extension 'python'
[1.122s] Level 1:colcon.colcon_core.package_identification:_identify(.) by extensions ['python_setup_py']
[1.122s] Level 1:colcon.colcon_core.package_identification:_identify(.) by extension 'python_setup_py'
[1.122s] Level 1:colcon.colcon_core.package_identification:_identify(build) by extensions ['ignore', 'ignore_ament_install']
[1.122s] Level 1:colcon.colcon_core.package_identification:_identify(build) by extension 'ignore'
[1.122s] Level 1:colcon.colcon_core.package_identification:_identify(build) ignored
[1.122s] Level 1:colcon.colcon_core.package_identification:_identify(install) by extensions ['ignore', 'ignore_ament_install']
[1.122s] Level 1:colcon.colcon_core.package_identification:_identify(install) by extension 'ignore'
[1.123s] Level 1:colcon.colcon_core.package_identification:_identify(install) ignored
[1.123s] Level 1:colcon.colcon_core.package_identification:_identify(log) by extensions ['ignore', 'ignore_ament_install']
[1.123s] Level 1:colcon.colcon_core.package_identification:_identify(log) by extension 'ignore'
[1.123s] Level 1:colcon.colcon_core.package_identification:_identify(log) ignored
[1.123s] Level 1:colcon.colcon_core.package_identification:_identify(src) by extensions ['ignore', 'ignore_ament_install']
[1.123s] Level 1:colcon.colcon_core.package_identification:_identify(src) by extension 'ignore'
[1.123s] Level 1:colcon.colcon_core.package_identification:_identify(src) by extension 'ignore_ament_install'
[1.123s] Level 1:colcon.colcon_core.package_identification:_identify(src) by extensions ['colcon_pkg']
[1.123s] Level 1:colcon.colcon_core.package_identification:_identify(src) by extension 'colcon_pkg'
[1.123s] Level 1:colcon.colcon_core.package_identification:_identify(src) by extensions ['colcon_meta']
[1.123s] Level 1:colcon.colcon_core.package_identification:_identify(src) by extension 'colcon_meta'
[1.123s] Level 1:colcon.colcon_core.package_identification:_identify(src) by extensions ['ros']
[1.123s] Level 1:colcon.colcon_core.package_identification:_identify(src) by extension 'ros'
[1.123s] Level 1:colcon.colcon_core.package_identification:_identify(src) by extensions ['cmake', 'python']
[1.123s] Level 1:colcon.colcon_core.package_identification:_identify(src) by extension 'cmake'
[1.123s] Level 1:colcon.colcon_core.package_identification:_identify(src) by extension 'python'
[1.123s] Level 1:colcon.colcon_core.package_identification:_identify(src) by extensions ['python_setup_py']
[1.123s] Level 1:colcon.colcon_core.package_identification:_identify(src) by extension 'python_setup_py'
[1.124s] Level 1:colcon.colcon_core.package_identification:_identify(src/data_transfer) by extensions ['ignore', 'ignore_ament_install']
[1.124s] Level 1:colcon.colcon_core.package_identification:_identify(src/data_transfer) by extension 'ignore'
[1.124s] Level 1:colcon.colcon_core.package_identification:_identify(src/data_transfer) by extension 'ignore_ament_install'
[1.124s] Level 1:colcon.colcon_core.package_identification:_identify(src/data_transfer) by extensions ['colcon_pkg']
[1.124s] Level 1:colcon.colcon_core.package_identification:_identify(src/data_transfer) by extension 'colcon_pkg'
[1.124s] Level 1:colcon.colcon_core.package_identification:_identify(src/data_transfer) by extensions ['colcon_meta']
[1.124s] Level 1:colcon.colcon_core.package_identification:_identify(src/data_transfer) by extension 'colcon_meta'
[1.124s] Level 1:colcon.colcon_core.package_identification:_identify(src/data_transfer) by extensions ['ros']
[1.124s] Level 1:colcon.colcon_core.package_identification:_identify(src/data_transfer) by extension 'ros'
[1.126s] DEBUG:colcon.colcon_core.package_identification:Package 'src/data_transfer' with type 'ros.ament_python' and name 'data_transfer'
[1.126s] Level 1:colcon.colcon_core.package_identification:_identify(src/locomotion) by extensions ['ignore', 'ignore_ament_install']
[1.126s] Level 1:colcon.colcon_core.package_identification:_identify(src/locomotion) by extension 'ignore'
[1.126s] Level 1:colcon.colcon_core.package_identification:_identify(src/locomotion) by extension 'ignore_ament_install'
[1.126s] Level 1:colcon.colcon_core.package_identification:_identify(src/locomotion) by extensions ['colcon_pkg']
[1.126s] Level 1:colcon.colcon_core.package_identification:_identify(src/locomotion) by extension 'colcon_pkg'
[1.126s] Level 1:colcon.colcon_core.package_identification:_identify(src/locomotion) by extensions ['colcon_meta']
[1.127s] Level 1:colcon.colcon_core.package_identification:_identify(src/locomotion) by extension 'colcon_meta'
[1.127s] Level 1:colcon.colcon_core.package_identification:_identify(src/locomotion) by extensions ['ros']
[1.127s] Level 1:colcon.colcon_core.package_identification:_identify(src/locomotion) by extension 'ros'
[1.127s] DEBUG:colcon.colcon_core.package_identification:Package 'src/locomotion' with type 'ros.ament_cmake' and name 'locomotion'
[1.127s] Level 1:colcon.colcon_core.package_discovery:discover_packages(recursive) using defaults
[1.127s] Level 1:colcon.colcon_core.package_discovery:discover_packages(ignore) discover
[1.127s] Level 1:colcon.colcon_core.package_discovery:discover_packages(ignore) using defaults
[1.127s] Level 1:colcon.colcon_core.package_discovery:discover_packages(path) discover
[1.127s] Level 1:colcon.colcon_core.package_discovery:discover_packages(path) using defaults
[1.230s] Level 1:colcon.colcon_core.package_discovery:discover_packages(prefix_path) check parameters
[1.230s] Level 1:colcon.colcon_core.package_discovery:discover_packages(prefix_path) discover
[1.264s] DEBUG:colcon.colcon_installed_package_information.package_discovery:Found 2 installed packages in /home/dfolse/SPIDER/SPIDER_ws/install
[1.280s] DEBUG:colcon.colcon_installed_package_information.package_discovery:Found 28 installed packages in /home/dfolse/ros2_ws/install
[1.306s] DEBUG:colcon.colcon_installed_package_information.package_discovery:Found 284 installed packages in /opt/ros/humble
[1.308s] Level 1:colcon.colcon_core.package_discovery:discover_packages(prefix_path) using defaults
[1.397s] Level 5:colcon.colcon_core.verb:set package 'data_transfer' build argument 'cmake_args' from command line to 'None'
[1.397s] Level 5:colcon.colcon_core.verb:set package 'data_transfer' build argument 'cmake_target' from command line to 'None'
[1.397s] Level 5:colcon.colcon_core.verb:set package 'data_transfer' build argument 'cmake_target_skip_unavailable' from command line to 'False'
[1.397s] Level 5:colcon.colcon_core.verb:set package 'data_transfer' build argument 'cmake_clean_cache' from command line to 'False'
[1.397s] Level 5:colcon.colcon_core.verb:set package 'data_transfer' build argument 'cmake_clean_first' from command line to 'False'
[1.398s] Level 5:colcon.colcon_core.verb:set package 'data_transfer' build argument 'cmake_force_configure' from command line to 'False'
[1.398s] Level 5:colcon.colcon_core.verb:set package 'data_transfer' build argument 'ament_cmake_args' from command line to 'None'
[1.398s] Level 5:colcon.colcon_core.verb:set package 'data_transfer' build argument 'catkin_cmake_args' from command line to 'None'
[1.398s] Level 5:colcon.colcon_core.verb:set package 'data_transfer' build argument 'catkin_skip_building_tests' from command line to 'False'
[1.398s] DEBUG:colcon.colcon_core.verb:Building package 'data_transfer' with the following arguments: {'ament_cmake_args': None, 'build_base': '/home/dfolse/SPIDER/SPIDER_ws/build/data_transfer', 'catkin_cmake_args': None, 'catkin_skip_building_tests': False, 'cmake_args': None, 'cmake_clean_cache': False, 'cmake_clean_first': False, 'cmake_force_configure': False, 'cmake_target': None, 'cmake_target_skip_unavailable': False, 'install_base': '/home/dfolse/SPIDER/SPIDER_ws/install/data_transfer', 'merge_install': False, 'path': '/home/dfolse/SPIDER/SPIDER_ws/src/data_transfer', 'symlink_install': False, 'test_result_base': None}
[1.413s] Level 5:colcon.colcon_core.verb:set package 'locomotion' build argument 'cmake_args' from command line to 'None'
[1.413s] Level 5:colcon.colcon_core.verb:set package 'locomotion' build argument 'cmake_target' from command line to 'None'
[1.413s] Level 5:colcon.colcon_core.verb:set package 'locomotion' build argument 'cmake_target_skip_unavailable' from command line to 'False'
[1.413s] Level 5:colcon.colcon_core.verb:set package 'locomotion' build argument 'cmake_clean_cache' from command line to 'False'
[1.413s] Level 5:colcon.colcon_core.verb:set package 'locomotion' build argument 'cmake_clean_first' from command line to 'False'
[1.413s] Level 5:colcon.colcon_core.verb:set package 'locomotion' build argument 'cmake_force_configure' from command line to 'False'
[1.413s] Level 5:colcon.colcon_core.verb:set package 'locomotion' build argument 'ament_cmake_args' from command line to 'None'
[1.413s] Level 5:colcon.colcon_core.verb:set package 'locomotion' build argument 'catkin_cmake_args' from command line to 'None'
[1.413s] Level 5:colcon.colcon_core.verb:set package 'locomotion' build argument 'catkin_skip_building_tests' from command line to 'False'
[1.413s] DEBUG:colcon.colcon_core.verb:Building package 'locomotion' with the following arguments: {'ament_cmake_args': None, 'build_base': '/home/dfolse/SPIDER/SPIDER_ws/build/locomotion', 'catkin_cmake_args': None, 'catkin_skip_building_tests': False, 'cmake_args': None, 'cmake_clean_cache': False, 'cmake_clean_first': False, 'cmake_force_configure': False, 'cmake_target': None, 'cmake_target_skip_unavailable': False, 'install_base': '/home/dfolse/SPIDER/SPIDER_ws/install/locomotion', 'merge_install': False, 'path': '/home/dfolse/SPIDER/SPIDER_ws/src/locomotion', 'symlink_install': False, 'test_result_base': None}
[1.428s] INFO:colcon.colcon_core.executor:Executing jobs using 'parallel' executor
[1.444s] DEBUG:colcon.colcon_parallel_executor.executor.parallel:run_until_complete
[1.444s] INFO:colcon.colcon_ros.task.ament_python.build:Building ROS package in '/home/dfolse/SPIDER/SPIDER_ws/src/data_transfer' with build type 'ament_python'
[1.444s] Level 1:colcon.colcon_core.shell:create_environment_hook('data_transfer', 'ament_prefix_path')
[1.467s] INFO:colcon.colcon_core.plugin_system:Skipping extension 'colcon_core.shell.bat': Not used on non-Windows systems
[1.467s] INFO:colcon.colcon_core.shell:Creating environment hook '/home/dfolse/SPIDER/SPIDER_ws/install/data_transfer/share/data_transfer/hook/ament_prefix_path.ps1'
[1.468s] INFO:colcon.colcon_core.shell:Creating environment descriptor '/home/dfolse/SPIDER/SPIDER_ws/install/data_transfer/share/data_transfer/hook/ament_prefix_path.dsv'
[1.483s] INFO:colcon.colcon_core.shell:Creating environment hook '/home/dfolse/SPIDER/SPIDER_ws/install/data_transfer/share/data_transfer/hook/ament_prefix_path.sh'
[1.505s] INFO:colcon.colcon_core.shell:Skip shell extension 'powershell' for command environment: Not usable outside of PowerShell
[1.505s] DEBUG:colcon.colcon_core.shell:Skip shell extension 'dsv' for command environment
[1.573s] INFO:colcon.colcon_ros.task.ament_cmake.build:Building ROS package in '/home/dfolse/SPIDER/SPIDER_ws/src/locomotion' with build type 'ament_cmake'
[1.574s] INFO:colcon.colcon_cmake.task.cmake.build:Building CMake package in '/home/dfolse/SPIDER/SPIDER_ws/src/locomotion'
[1.596s] INFO:colcon.colcon_core.shell:Skip shell extension 'powershell' for command environment: Not usable outside of PowerShell
[1.596s] DEBUG:colcon.colcon_core.shell:Skip shell extension 'dsv' for command environment
[1.979s] INFO:colcon.colcon_core.task.python.build:Building Python package in '/home/dfolse/SPIDER/SPIDER_ws/src/data_transfer'
[1.994s] INFO:colcon.colcon_core.shell:Skip shell extension 'powershell' for command environment: Not usable outside of PowerShell
[1.994s] DEBUG:colcon.colcon_core.shell:Skip shell extension 'dsv' for command environment
[2.060s] DEBUG:colcon.colcon_core.event_handler.log_command:Invoking command in '/home/dfolse/SPIDER/SPIDER_ws/build/locomotion': CMAKE_PREFIX_PATH=${CMAKE_PREFIX_PATH}:/home/dfolse/SPIDER/SPIDER_ws/install/data_transfer:/home/dfolse/ros2_ws/install/my_package:/home/dfolse/ros2_ws/install/launch_testing_examples:/home/dfolse/ros2_ws/install/examples_rclpy_pointcloud_publisher:/home/dfolse/ros2_ws/install/examples_rclpy_minimal_subscriber:/home/dfolse/ros2_ws/install/examples_rclpy_minimal_service:/home/dfolse/ros2_ws/install/examples_rclpy_minimal_publisher:/home/dfolse/ros2_ws/install/examples_rclpy_minimal_client:/home/dfolse/ros2_ws/install/examples_rclpy_minimal_action_server:/home/dfolse/ros2_ws/install/examples_rclpy_minimal_action_client:/home/dfolse/ros2_ws/install/examples_rclpy_guard_conditions:/home/dfolse/ros2_ws/install/examples_rclpy_executors:/opt/ros/humble /usr/bin/cmake --build /home/dfolse/SPIDER/SPIDER_ws/build/locomotion -- -j4 -l4
[2.126s] DEBUG:colcon.colcon_core.event_handler.log_command:Invoked command in '/home/dfolse/SPIDER/SPIDER_ws/build/locomotion' returned '0': CMAKE_PREFIX_PATH=${CMAKE_PREFIX_PATH}:/home/dfolse/SPIDER/SPIDER_ws/install/data_transfer:/home/dfolse/ros2_ws/install/my_package:/home/dfolse/ros2_ws/install/launch_testing_examples:/home/dfolse/ros2_ws/install/examples_rclpy_pointcloud_publisher:/home/dfolse/ros2_ws/install/examples_rclpy_minimal_subscriber:/home/dfolse/ros2_ws/install/examples_rclpy_minimal_service:/home/dfolse/ros2_ws/install/examples_rclpy_minimal_publisher:/home/dfolse/ros2_ws/install/examples_rclpy_minimal_client:/home/dfolse/ros2_ws/install/examples_rclpy_minimal_action_server:/home/dfolse/ros2_ws/install/examples_rclpy_minimal_action_client:/home/dfolse/ros2_ws/install/examples_rclpy_guard_conditions:/home/dfolse/ros2_ws/install/examples_rclpy_executors:/opt/ros/humble /usr/bin/cmake --build /home/dfolse/SPIDER/SPIDER_ws/build/locomotion -- -j4 -l4
[2.181s] DEBUG:colcon.colcon_core.event_handler.log_command:Invoking command in '/home/dfolse/SPIDER/SPIDER_ws/build/locomotion': CMAKE_PREFIX_PATH=${CMAKE_PREFIX_PATH}:/home/dfolse/SPIDER/SPIDER_ws/install/data_transfer:/home/dfolse/ros2_ws/install/my_package:/home/dfolse/ros2_ws/install/launch_testing_examples:/home/dfolse/ros2_ws/install/examples_rclpy_pointcloud_publisher:/home/dfolse/ros2_ws/install/examples_rclpy_minimal_subscriber:/home/dfolse/ros2_ws/install/examples_rclpy_minimal_service:/home/dfolse/ros2_ws/install/examples_rclpy_minimal_publisher:/home/dfolse/ros2_ws/install/examples_rclpy_minimal_client:/home/dfolse/ros2_ws/install/examples_rclpy_minimal_action_server:/home/dfolse/ros2_ws/install/examples_rclpy_minimal_action_client:/home/dfolse/ros2_ws/install/examples_rclpy_guard_conditions:/home/dfolse/ros2_ws/install/examples_rclpy_executors:/opt/ros/humble /usr/bin/cmake --install /home/dfolse/SPIDER/SPIDER_ws/build/locomotion
[2.192s] Level 1:colcon.colcon_core.environment:create_environment_scripts_only(locomotion)
[2.194s] DEBUG:colcon.colcon_core.event_handler.log_command:Invoked command in '/home/dfolse/SPIDER/SPIDER_ws/build/locomotion' returned '0': CMAKE_PREFIX_PATH=${CMAKE_PREFIX_PATH}:/home/dfolse/SPIDER/SPIDER_ws/install/data_transfer:/home/dfolse/ros2_ws/install/my_package:/home/dfolse/ros2_ws/install/launch_testing_examples:/home/dfolse/ros2_ws/install/examples_rclpy_pointcloud_publisher:/home/dfolse/ros2_ws/install/examples_rclpy_minimal_subscriber:/home/dfolse/ros2_ws/install/examples_rclpy_minimal_service:/home/dfolse/ros2_ws/install/examples_rclpy_minimal_publisher:/home/dfolse/ros2_ws/install/examples_rclpy_minimal_client:/home/dfolse/ros2_ws/install/examples_rclpy_minimal_action_server:/home/dfolse/ros2_ws/install/examples_rclpy_minimal_action_client:/home/dfolse/ros2_ws/install/examples_rclpy_guard_conditions:/home/dfolse/ros2_ws/install/examples_rclpy_executors:/opt/ros/humble /usr/bin/cmake --install /home/dfolse/SPIDER/SPIDER_ws/build/locomotion
[2.210s] Level 1:colcon.colcon_core.environment:checking '/home/dfolse/SPIDER/SPIDER_ws/install/locomotion' for CMake module files
[2.210s] Level 1:colcon.colcon_core.environment:checking '/home/dfolse/SPIDER/SPIDER_ws/install/locomotion' for CMake config files
[2.210s] Level 1:colcon.colcon_core.shell:create_environment_hook('locomotion', 'cmake_prefix_path')
[2.224s] INFO:colcon.colcon_core.shell:Creating environment hook '/home/dfolse/SPIDER/SPIDER_ws/install/locomotion/share/locomotion/hook/cmake_prefix_path.ps1'
[2.225s] INFO:colcon.colcon_core.shell:Creating environment descriptor '/home/dfolse/SPIDER/SPIDER_ws/install/locomotion/share/locomotion/hook/cmake_prefix_path.dsv'
[2.225s] INFO:colcon.colcon_core.shell:Creating environment hook '/home/dfolse/SPIDER/SPIDER_ws/install/locomotion/share/locomotion/hook/cmake_prefix_path.sh'
[2.226s] Level 1:colcon.colcon_core.environment:checking '/home/dfolse/SPIDER/SPIDER_ws/install/locomotion/bin'
[2.226s] Level 1:colcon.colcon_core.environment:checking '/home/dfolse/SPIDER/SPIDER_ws/install/locomotion/lib/pkgconfig/locomotion.pc'
[2.226s] Level 1:colcon.colcon_core.environment:checking '/home/dfolse/SPIDER/SPIDER_ws/install/locomotion/lib/python3.10/site-packages'
[2.227s] Level 1:colcon.colcon_core.environment:checking '/home/dfolse/SPIDER/SPIDER_ws/install/locomotion/bin'
[2.240s] INFO:colcon.colcon_core.shell:Creating package script '/home/dfolse/SPIDER/SPIDER_ws/install/locomotion/share/locomotion/package.ps1'
[2.241s] INFO:colcon.colcon_core.shell:Creating package descriptor '/home/dfolse/SPIDER/SPIDER_ws/install/locomotion/share/locomotion/package.dsv'
[2.242s] INFO:colcon.colcon_core.shell:Creating package script '/home/dfolse/SPIDER/SPIDER_ws/install/locomotion/share/locomotion/package.sh'
[2.243s] INFO:colcon.colcon_core.shell:Creating package script '/home/dfolse/SPIDER/SPIDER_ws/install/locomotion/share/locomotion/package.bash'
[2.244s] INFO:colcon.colcon_core.shell:Creating package script '/home/dfolse/SPIDER/SPIDER_ws/install/locomotion/share/locomotion/package.zsh'
[2.244s] Level 1:colcon.colcon_core.environment:create_file_with_runtime_dependencies(/home/dfolse/SPIDER/SPIDER_ws/install/locomotion/share/colcon-core/packages/locomotion)
[2.303s] Level 1:colcon.colcon_core.environment:create_environment_scripts_only(locomotion)
[2.322s] Level 1:colcon.colcon_core.environment:checking '/home/dfolse/SPIDER/SPIDER_ws/install/locomotion' for CMake module files
[2.322s] Level 1:colcon.colcon_core.environment:checking '/home/dfolse/SPIDER/SPIDER_ws/install/locomotion' for CMake config files
[2.322s] Level 1:colcon.colcon_core.shell:create_environment_hook('locomotion', 'cmake_prefix_path')
[2.337s] INFO:colcon.colcon_core.shell:Creating environment hook '/home/dfolse/SPIDER/SPIDER_ws/install/locomotion/share/locomotion/hook/cmake_prefix_path.ps1'
[2.338s] INFO:colcon.colcon_core.shell:Creating environment descriptor '/home/dfolse/SPIDER/SPIDER_ws/install/locomotion/share/locomotion/hook/cmake_prefix_path.dsv'
[2.338s] INFO:colcon.colcon_core.shell:Creating environment hook '/home/dfolse/SPIDER/SPIDER_ws/install/locomotion/share/locomotion/hook/cmake_prefix_path.sh'
[2.339s] Level 1:colcon.colcon_core.environment:checking '/home/dfolse/SPIDER/SPIDER_ws/install/locomotion/bin'
[2.339s] Level 1:colcon.colcon_core.environment:checking '/home/dfolse/SPIDER/SPIDER_ws/install/locomotion/lib/pkgconfig/locomotion.pc'
[2.340s] Level 1:colcon.colcon_core.environment:checking '/home/dfolse/SPIDER/SPIDER_ws/install/locomotion/lib/python3.10/site-packages'
[2.340s] Level 1:colcon.colcon_core.environment:checking '/home/dfolse/SPIDER/SPIDER_ws/install/locomotion/bin'
[2.356s] INFO:colcon.colcon_core.shell:Creating package script '/home/dfolse/SPIDER/SPIDER_ws/install/locomotion/share/locomotion/package.ps1'
[2.356s] INFO:colcon.colcon_core.shell:Creating package descriptor '/home/dfolse/SPIDER/SPIDER_ws/install/locomotion/share/locomotion/package.dsv'
[2.357s] INFO:colcon.colcon_core.shell:Creating package script '/home/dfolse/SPIDER/SPIDER_ws/install/locomotion/share/locomotion/package.sh'
[2.358s] INFO:colcon.colcon_core.shell:Creating package script '/home/dfolse/SPIDER/SPIDER_ws/install/locomotion/share/locomotion/package.bash'
[2.358s] INFO:colcon.colcon_core.shell:Creating package script '/home/dfolse/SPIDER/SPIDER_ws/install/locomotion/share/locomotion/package.zsh'
[2.359s] Level 1:colcon.colcon_core.environment:create_file_with_runtime_dependencies(/home/dfolse/SPIDER/SPIDER_ws/install/locomotion/share/colcon-core/packages/locomotion)
[2.396s] DEBUG:colcon.colcon_core.event_handler.log_command:Invoking command in '/home/dfolse/SPIDER/SPIDER_ws/src/data_transfer': PYTHONPATH=/home/dfolse/SPIDER/SPIDER_ws/build/data_transfer/prefix_override:/home/dfolse/SPIDER/SPIDER_ws/install/data_transfer/lib/python3.10/site-packages:${PYTHONPATH} /usr/bin/python3 setup.py egg_info --egg-base ../../build/data_transfer build --build-base /home/dfolse/SPIDER/SPIDER_ws/build/data_transfer/build install --record /home/dfolse/SPIDER/SPIDER_ws/build/data_transfer/install.log --single-version-externally-managed
[2.697s] DEBUG:colcon.colcon_core.event_handler.log_command:Invoked command in '/home/dfolse/SPIDER/SPIDER_ws/src/data_transfer' returned '0': PYTHONPATH=/home/dfolse/SPIDER/SPIDER_ws/build/data_transfer/prefix_override:/home/dfolse/SPIDER/SPIDER_ws/install/data_transfer/lib/python3.10/site-packages:${PYTHONPATH} /usr/bin/python3 setup.py egg_info --egg-base ../../build/data_transfer build --build-base /home/dfolse/SPIDER/SPIDER_ws/build/data_transfer/build install --record /home/dfolse/SPIDER/SPIDER_ws/build/data_transfer/install.log --single-version-externally-managed
[2.711s] Level 1:colcon.colcon_core.environment:checking '/home/dfolse/SPIDER/SPIDER_ws/install/data_transfer' for CMake module files
[2.711s] Level 1:colcon.colcon_core.environment:checking '/home/dfolse/SPIDER/SPIDER_ws/install/data_transfer' for CMake config files
[2.712s] Level 1:colcon.colcon_core.environment:checking '/home/dfolse/SPIDER/SPIDER_ws/install/data_transfer/lib'
[2.712s] Level 1:colcon.colcon_core.environment:checking '/home/dfolse/SPIDER/SPIDER_ws/install/data_transfer/bin'
[2.712s] Level 1:colcon.colcon_core.environment:checking '/home/dfolse/SPIDER/SPIDER_ws/install/data_transfer/lib/pkgconfig/data_transfer.pc'
[2.712s] Level 1:colcon.colcon_core.environment:checking '/home/dfolse/SPIDER/SPIDER_ws/install/data_transfer/lib/python3.10/site-packages'
[2.712s] Level 1:colcon.colcon_core.shell:create_environment_hook('data_transfer', 'pythonpath')
[2.727s] INFO:colcon.colcon_core.shell:Creating environment hook '/home/dfolse/SPIDER/SPIDER_ws/install/data_transfer/share/data_transfer/hook/pythonpath.ps1'
[2.728s] INFO:colcon.colcon_core.shell:Creating environment descriptor '/home/dfolse/SPIDER/SPIDER_ws/install/data_transfer/share/data_transfer/hook/pythonpath.dsv'
[2.729s] INFO:colcon.colcon_core.shell:Creating environment hook '/home/dfolse/SPIDER/SPIDER_ws/install/data_transfer/share/data_transfer/hook/pythonpath.sh'
[2.729s] Level 1:colcon.colcon_core.environment:checking '/home/dfolse/SPIDER/SPIDER_ws/install/data_transfer/bin'
[2.730s] Level 1:colcon.colcon_core.environment:create_environment_scripts_only(data_transfer)
[2.745s] INFO:colcon.colcon_core.shell:Creating package script '/home/dfolse/SPIDER/SPIDER_ws/install/data_transfer/share/data_transfer/package.ps1'
[2.745s] INFO:colcon.colcon_core.shell:Creating package descriptor '/home/dfolse/SPIDER/SPIDER_ws/install/data_transfer/share/data_transfer/package.dsv'
[2.746s] INFO:colcon.colcon_core.shell:Creating package script '/home/dfolse/SPIDER/SPIDER_ws/install/data_transfer/share/data_transfer/package.sh'
[2.747s] INFO:colcon.colcon_core.shell:Creating package script '/home/dfolse/SPIDER/SPIDER_ws/install/data_transfer/share/data_transfer/package.bash'
[2.747s] INFO:colcon.colcon_core.shell:Creating package script '/home/dfolse/SPIDER/SPIDER_ws/install/data_transfer/share/data_transfer/package.zsh'
[2.748s] Level 1:colcon.colcon_core.environment:create_file_with_runtime_dependencies(/home/dfolse/SPIDER/SPIDER_ws/install/data_transfer/share/colcon-core/packages/data_transfer)
[2.749s] DEBUG:colcon.colcon_parallel_executor.executor.parallel:closing loop
[2.749s] DEBUG:colcon.colcon_parallel_executor.executor.parallel:loop closed
[2.749s] DEBUG:colcon.colcon_parallel_executor.executor.parallel:run_until_complete finished with '0'
[2.749s] DEBUG:colcon.colcon_core.event_reactor:joining thread
[2.774s] INFO:colcon.colcon_core.plugin_system:Skipping extension 'colcon_notification.desktop_notification.terminal_notifier': Not used on non-Darwin systems
[2.774s] INFO:colcon.colcon_core.plugin_system:Skipping extension 'colcon_notification.desktop_notification.win32': Not used on non-Windows systems
[2.774s] INFO:colcon.colcon_notification.desktop_notification:Sending desktop notification using 'notify2'
[2.792s] DEBUG:colcon.colcon_core.event_reactor:joined thread
[2.808s] INFO:colcon.colcon_core.shell:Creating prefix script '/home/dfolse/SPIDER/SPIDER_ws/install/local_setup.ps1'
[2.809s] INFO:colcon.colcon_core.shell:Creating prefix util module '/home/dfolse/SPIDER/SPIDER_ws/install/_local_setup_util_ps1.py'
[2.810s] INFO:colcon.colcon_core.shell:Creating prefix chain script '/home/dfolse/SPIDER/SPIDER_ws/install/setup.ps1'
[2.826s] INFO:colcon.colcon_core.shell:Creating prefix script '/home/dfolse/SPIDER/SPIDER_ws/install/local_setup.sh'
[2.827s] INFO:colcon.colcon_core.shell:Creating prefix util module '/home/dfolse/SPIDER/SPIDER_ws/install/_local_setup_util_sh.py'
[2.838s] INFO:colcon.colcon_core.shell:Creating prefix chain script '/home/dfolse/SPIDER/SPIDER_ws/install/setup.sh'
[2.855s] INFO:colcon.colcon_core.shell:Creating prefix script '/home/dfolse/SPIDER/SPIDER_ws/install/local_setup.bash'
[2.856s] INFO:colcon.colcon_core.shell:Creating prefix chain script '/home/dfolse/SPIDER/SPIDER_ws/install/setup.bash'
[2.871s] INFO:colcon.colcon_core.shell:Creating prefix script '/home/dfolse/SPIDER/SPIDER_ws/install/local_setup.zsh'
[2.872s] INFO:colcon.colcon_core.shell:Creating prefix chain script '/home/dfolse/SPIDER/SPIDER_ws/install/setup.zsh'
