[5.277s] Invoking command in '/home/dfolse/repos/SPIDER/SPIDER_ws/src/navigation2/nav2_bringup/nav2_gazebo_spawner': NX_CONNECTION=192.168.1.26 51145 192.168.1.53 4000 PYTHONPATH=/home/dfolse/repos/SPIDER/SPIDER_ws/build/nav2_gazebo_spawner/prefix_override:/home/dfolse/repos/SPIDER/SPIDER_ws/install/nav2_gazebo_spawner/lib/python3.8/site-packages:${PYTHONPATH} /usr/bin/python3 -W ignore:setup.py install is deprecated setup.py egg_info --egg-base ../../../../build/nav2_gazebo_spawner build --build-base /home/dfolse/repos/SPIDER/SPIDER_ws/build/nav2_gazebo_spawner/build install --record /home/dfolse/repos/SPIDER/SPIDER_ws/build/nav2_gazebo_spawner/install.log --single-version-externally-managed install_data
[8.371s] running egg_info
[8.391s] writing ../../../../build/nav2_gazebo_spawner/nav2_gazebo_spawner.egg-info/PKG-INFO
[8.402s] writing dependency_links to ../../../../build/nav2_gazebo_spawner/nav2_gazebo_spawner.egg-info/dependency_links.txt
[8.403s] writing entry points to ../../../../build/nav2_gazebo_spawner/nav2_gazebo_spawner.egg-info/entry_points.txt
[8.403s] writing requirements to ../../../../build/nav2_gazebo_spawner/nav2_gazebo_spawner.egg-info/requires.txt
[8.403s] writing top-level names to ../../../../build/nav2_gazebo_spawner/nav2_gazebo_spawner.egg-info/top_level.txt
[8.431s] reading manifest file '../../../../build/nav2_gazebo_spawner/nav2_gazebo_spawner.egg-info/SOURCES.txt'
[8.438s] writing manifest file '../../../../build/nav2_gazebo_spawner/nav2_gazebo_spawner.egg-info/SOURCES.txt'
[8.441s] running build
[8.441s] running build_py
[8.451s] running install
[8.453s] running install_lib
[8.472s] running install_data
[8.514s] running install_egg_info
[8.518s] removing '/home/dfolse/repos/SPIDER/SPIDER_ws/install/nav2_gazebo_spawner/lib/python3.8/site-packages/nav2_gazebo_spawner-0.3.0-py3.8.egg-info' (and everything under it)
[8.519s] Copying ../../../../build/nav2_gazebo_spawner/nav2_gazebo_spawner.egg-info to /home/dfolse/repos/SPIDER/SPIDER_ws/install/nav2_gazebo_spawner/lib/python3.8/site-packages/nav2_gazebo_spawner-0.3.0-py3.8.egg-info
[8.534s] running install_scripts
[8.644s] Installing nav2_gazebo_spawner script to /home/dfolse/repos/SPIDER/SPIDER_ws/install/nav2_gazebo_spawner/lib/nav2_gazebo_spawner
[8.662s] writing list of installed files to '/home/dfolse/repos/SPIDER/SPIDER_ws/build/nav2_gazebo_spawner/install.log'
[8.934s] Invoked command in '/home/dfolse/repos/SPIDER/SPIDER_ws/src/navigation2/nav2_bringup/nav2_gazebo_spawner' returned '0': NX_CONNECTION=192.168.1.26 51145 192.168.1.53 4000 PYTHONPATH=/home/dfolse/repos/SPIDER/SPIDER_ws/build/nav2_gazebo_spawner/prefix_override:/home/dfolse/repos/SPIDER/SPIDER_ws/install/nav2_gazebo_spawner/lib/python3.8/site-packages:${PYTHONPATH} /usr/bin/python3 -W ignore:setup.py install is deprecated setup.py egg_info --egg-base ../../../../build/nav2_gazebo_spawner build --build-base /home/dfolse/repos/SPIDER/SPIDER_ws/build/nav2_gazebo_spawner/build install --record /home/dfolse/repos/SPIDER/SPIDER_ws/build/nav2_gazebo_spawner/install.log --single-version-externally-managed install_data
