[0.420s] Invoking command in '/home/dfolse/SPIDER/SPIDER_ws/build/locomotion': CMAKE_PREFIX_PATH=${CMAKE_PREFIX_PATH}:/home/dfolse/SPIDER/SPIDER_ws/install/data_transfer:/home/dfolse/ros2_ws/install/my_package:/home/dfolse/ros2_ws/install/launch_testing_examples:/home/dfolse/ros2_ws/install/examples_rclpy_pointcloud_publisher:/home/dfolse/ros2_ws/install/examples_rclpy_minimal_subscriber:/home/dfolse/ros2_ws/install/examples_rclpy_minimal_service:/home/dfolse/ros2_ws/install/examples_rclpy_minimal_publisher:/home/dfolse/ros2_ws/install/examples_rclpy_minimal_client:/home/dfolse/ros2_ws/install/examples_rclpy_minimal_action_server:/home/dfolse/ros2_ws/install/examples_rclpy_minimal_action_client:/home/dfolse/ros2_ws/install/examples_rclpy_guard_conditions:/home/dfolse/ros2_ws/install/examples_rclpy_executors:/opt/ros/humble /usr/bin/cmake /home/dfolse/SPIDER/SPIDER_ws/src/locomotion -DCMAKE_INSTALL_PREFIX=/home/dfolse/SPIDER/SPIDER_ws/install/locomotion
[0.682s] -- The C compiler identification is GNU 11.4.0
[1.281s] -- The CXX compiler identification is GNU 11.4.0
[1.299s] -- Detecting C compiler ABI info
[1.461s] -- Detecting C compiler ABI info - done
[1.468s] -- Check for working C compiler: /usr/bin/cc - skipped
[1.468s] -- Detecting C compile features
[1.470s] -- Detecting C compile features - done
[1.475s] -- Detecting CXX compiler ABI info
[1.604s] -- Detecting CXX compiler ABI info - done
[1.611s] -- Check for working CXX compiler: /usr/bin/c++ - skipped
[1.611s] -- Detecting CXX compile features
[1.612s] -- Detecting CXX compile features - done
[1.661s] -- Found ament_cmake: 1.3.5 (/opt/ros/humble/share/ament_cmake/cmake)
[1.898s] -- Found Python3: /usr/bin/python3.10 (found version "3.10.12") found components: Interpreter 
[2.061s] -- Found ament_lint_auto: 0.12.8 (/opt/ros/humble/share/ament_lint_auto/cmake)
[2.173s] -- Added test 'lint_cmake' to check CMake code style
[2.177s] -- Added test 'xmllint' to check XML markup files
[2.183s] -- Configuring done
[2.191s] -- Generating done
[2.192s] -- Build files have been written to: /home/dfolse/SPIDER/SPIDER_ws/build/locomotion
[2.203s] Invoked command in '/home/dfolse/SPIDER/SPIDER_ws/build/locomotion' returned '0': CMAKE_PREFIX_PATH=${CMAKE_PREFIX_PATH}:/home/dfolse/SPIDER/SPIDER_ws/install/data_transfer:/home/dfolse/ros2_ws/install/my_package:/home/dfolse/ros2_ws/install/launch_testing_examples:/home/dfolse/ros2_ws/install/examples_rclpy_pointcloud_publisher:/home/dfolse/ros2_ws/install/examples_rclpy_minimal_subscriber:/home/dfolse/ros2_ws/install/examples_rclpy_minimal_service:/home/dfolse/ros2_ws/install/examples_rclpy_minimal_publisher:/home/dfolse/ros2_ws/install/examples_rclpy_minimal_client:/home/dfolse/ros2_ws/install/examples_rclpy_minimal_action_server:/home/dfolse/ros2_ws/install/examples_rclpy_minimal_action_client:/home/dfolse/ros2_ws/install/examples_rclpy_guard_conditions:/home/dfolse/ros2_ws/install/examples_rclpy_executors:/opt/ros/humble /usr/bin/cmake /home/dfolse/SPIDER/SPIDER_ws/src/locomotion -DCMAKE_INSTALL_PREFIX=/home/dfolse/SPIDER/SPIDER_ws/install/locomotion
[2.204s] Invoking command in '/home/dfolse/SPIDER/SPIDER_ws/build/locomotion': CMAKE_PREFIX_PATH=${CMAKE_PREFIX_PATH}:/home/dfolse/SPIDER/SPIDER_ws/install/data_transfer:/home/dfolse/ros2_ws/install/my_package:/home/dfolse/ros2_ws/install/launch_testing_examples:/home/dfolse/ros2_ws/install/examples_rclpy_pointcloud_publisher:/home/dfolse/ros2_ws/install/examples_rclpy_minimal_subscriber:/home/dfolse/ros2_ws/install/examples_rclpy_minimal_service:/home/dfolse/ros2_ws/install/examples_rclpy_minimal_publisher:/home/dfolse/ros2_ws/install/examples_rclpy_minimal_client:/home/dfolse/ros2_ws/install/examples_rclpy_minimal_action_server:/home/dfolse/ros2_ws/install/examples_rclpy_minimal_action_client:/home/dfolse/ros2_ws/install/examples_rclpy_guard_conditions:/home/dfolse/ros2_ws/install/examples_rclpy_executors:/opt/ros/humble /usr/bin/cmake --build /home/dfolse/SPIDER/SPIDER_ws/build/locomotion -- -j4 -l4
[2.267s] Invoked command in '/home/dfolse/SPIDER/SPIDER_ws/build/locomotion' returned '0': CMAKE_PREFIX_PATH=${CMAKE_PREFIX_PATH}:/home/dfolse/SPIDER/SPIDER_ws/install/data_transfer:/home/dfolse/ros2_ws/install/my_package:/home/dfolse/ros2_ws/install/launch_testing_examples:/home/dfolse/ros2_ws/install/examples_rclpy_pointcloud_publisher:/home/dfolse/ros2_ws/install/examples_rclpy_minimal_subscriber:/home/dfolse/ros2_ws/install/examples_rclpy_minimal_service:/home/dfolse/ros2_ws/install/examples_rclpy_minimal_publisher:/home/dfolse/ros2_ws/install/examples_rclpy_minimal_client:/home/dfolse/ros2_ws/install/examples_rclpy_minimal_action_server:/home/dfolse/ros2_ws/install/examples_rclpy_minimal_action_client:/home/dfolse/ros2_ws/install/examples_rclpy_guard_conditions:/home/dfolse/ros2_ws/install/examples_rclpy_executors:/opt/ros/humble /usr/bin/cmake --build /home/dfolse/SPIDER/SPIDER_ws/build/locomotion -- -j4 -l4
[2.329s] Invoking command in '/home/dfolse/SPIDER/SPIDER_ws/build/locomotion': CMAKE_PREFIX_PATH=${CMAKE_PREFIX_PATH}:/home/dfolse/SPIDER/SPIDER_ws/install/data_transfer:/home/dfolse/ros2_ws/install/my_package:/home/dfolse/ros2_ws/install/launch_testing_examples:/home/dfolse/ros2_ws/install/examples_rclpy_pointcloud_publisher:/home/dfolse/ros2_ws/install/examples_rclpy_minimal_subscriber:/home/dfolse/ros2_ws/install/examples_rclpy_minimal_service:/home/dfolse/ros2_ws/install/examples_rclpy_minimal_publisher:/home/dfolse/ros2_ws/install/examples_rclpy_minimal_client:/home/dfolse/ros2_ws/install/examples_rclpy_minimal_action_server:/home/dfolse/ros2_ws/install/examples_rclpy_minimal_action_client:/home/dfolse/ros2_ws/install/examples_rclpy_guard_conditions:/home/dfolse/ros2_ws/install/examples_rclpy_executors:/opt/ros/humble /usr/bin/cmake --install /home/dfolse/SPIDER/SPIDER_ws/build/locomotion
[2.346s] -- Install configuration: ""
[2.346s] -- Installing: /home/dfolse/SPIDER/SPIDER_ws/install/locomotion/share/ament_index/resource_index/package_run_dependencies/locomotion
[2.347s] -- Installing: /home/dfolse/SPIDER/SPIDER_ws/install/locomotion/share/ament_index/resource_index/parent_prefix_path/locomotion
[2.347s] -- Installing: /home/dfolse/SPIDER/SPIDER_ws/install/locomotion/share/locomotion/environment/ament_prefix_path.sh
[2.347s] -- Installing: /home/dfolse/SPIDER/SPIDER_ws/install/locomotion/share/locomotion/environment/ament_prefix_path.dsv
[2.355s] -- Installing: /home/dfolse/SPIDER/SPIDER_ws/install/locomotion/share/locomotion/environment/path.sh
[2.355s] -- Installing: /home/dfolse/SPIDER/SPIDER_ws/install/locomotion/share/locomotion/environment/path.dsv
[2.355s] -- Installing: /home/dfolse/SPIDER/SPIDER_ws/install/locomotion/share/locomotion/local_setup.bash
[2.356s] -- Installing: /home/dfolse/SPIDER/SPIDER_ws/install/locomotion/share/locomotion/local_setup.sh
[2.356s] -- Installing: /home/dfolse/SPIDER/SPIDER_ws/install/locomotion/share/locomotion/local_setup.zsh
[2.356s] -- Installing: /home/dfolse/SPIDER/SPIDER_ws/install/locomotion/share/locomotion/local_setup.dsv
[2.356s] -- Installing: /home/dfolse/SPIDER/SPIDER_ws/install/locomotion/share/locomotion/package.dsv
[2.356s] -- Installing: /home/dfolse/SPIDER/SPIDER_ws/install/locomotion/share/ament_index/resource_index/packages/locomotion
[2.361s] -- Installing: /home/dfolse/SPIDER/SPIDER_ws/install/locomotion/share/locomotion/cmake/locomotionConfig.cmake
[2.361s] -- Installing: /home/dfolse/SPIDER/SPIDER_ws/install/locomotion/share/locomotion/cmake/locomotionConfig-version.cmake
[2.361s] -- Installing: /home/dfolse/SPIDER/SPIDER_ws/install/locomotion/share/locomotion/package.xml
[2.364s] Invoked command in '/home/dfolse/SPIDER/SPIDER_ws/build/locomotion' returned '0': CMAKE_PREFIX_PATH=${CMAKE_PREFIX_PATH}:/home/dfolse/SPIDER/SPIDER_ws/install/data_transfer:/home/dfolse/ros2_ws/install/my_package:/home/dfolse/ros2_ws/install/launch_testing_examples:/home/dfolse/ros2_ws/install/examples_rclpy_pointcloud_publisher:/home/dfolse/ros2_ws/install/examples_rclpy_minimal_subscriber:/home/dfolse/ros2_ws/install/examples_rclpy_minimal_service:/home/dfolse/ros2_ws/install/examples_rclpy_minimal_publisher:/home/dfolse/ros2_ws/install/examples_rclpy_minimal_client:/home/dfolse/ros2_ws/install/examples_rclpy_minimal_action_server:/home/dfolse/ros2_ws/install/examples_rclpy_minimal_action_client:/home/dfolse/ros2_ws/install/examples_rclpy_guard_conditions:/home/dfolse/ros2_ws/install/examples_rclpy_executors:/opt/ros/humble /usr/bin/cmake --install /home/dfolse/SPIDER/SPIDER_ws/build/locomotion
