[1.753s] Invoking command in '/home/dfolse/repos/SPIDER/SPIDER_ws/src/locomotion': AMENT_PREFIX_PATH=/home/dfolse/repos/SPIDER/SPIDER_ws/install/spider_interfaces:${AMENT_PREFIX_PATH} CMAKE_PREFIX_PATH=/home/dfolse/repos/SPIDER/SPIDER_ws/install/spider_interfaces LD_LIBRARY_PATH=/home/dfolse/repos/SPIDER/SPIDER_ws/install/spider_interfaces/lib:${LD_LIBRARY_PATH} NX_CONNECTION=192.168.1.26 56425 192.168.1.53 4000 PYTHONPATH=/home/dfolse/repos/SPIDER/SPIDER_ws/build/locomotion/prefix_override:/home/dfolse/repos/SPIDER/SPIDER_ws/install/locomotion/lib/python3.8/site-packages:/home/dfolse/repos/SPIDER/SPIDER_ws/install/spider_interfaces/lib/python3.8/site-packages:${PYTHONPATH} /usr/bin/python3 -W ignore:setup.py install is deprecated setup.py egg_info --egg-base ../../build/locomotion build --build-base /home/dfolse/repos/SPIDER/SPIDER_ws/build/locomotion/build install --record /home/dfolse/repos/SPIDER/SPIDER_ws/build/locomotion/install.log --single-version-externally-managed install_data
[2.293s] running egg_info
[2.295s] writing ../../build/locomotion/locomotion.egg-info/PKG-INFO
[2.295s] writing dependency_links to ../../build/locomotion/locomotion.egg-info/dependency_links.txt
[2.296s] writing entry points to ../../build/locomotion/locomotion.egg-info/entry_points.txt
[2.296s] writing requirements to ../../build/locomotion/locomotion.egg-info/requires.txt
[2.297s] writing top-level names to ../../build/locomotion/locomotion.egg-info/top_level.txt
[2.306s] reading manifest file '../../build/locomotion/locomotion.egg-info/SOURCES.txt'
[2.308s] writing manifest file '../../build/locomotion/locomotion.egg-info/SOURCES.txt'
[2.308s] running build
[2.309s] running build_py
[2.309s] copying locomotion/servoLeveler.py -> /home/dfolse/repos/SPIDER/SPIDER_ws/build/locomotion/build/lib/locomotion
[2.310s] running install
[2.312s] running install_lib
[2.315s] copying /home/dfolse/repos/SPIDER/SPIDER_ws/build/locomotion/build/lib/locomotion/servoLeveler.py -> /home/dfolse/repos/SPIDER/SPIDER_ws/install/locomotion/lib/python3.8/site-packages/locomotion
[2.317s] byte-compiling /home/dfolse/repos/SPIDER/SPIDER_ws/install/locomotion/lib/python3.8/site-packages/locomotion/servoLeveler.py to servoLeveler.cpython-38.pyc
[2.318s] running install_data
[2.319s] running install_egg_info
[2.323s] removing '/home/dfolse/repos/SPIDER/SPIDER_ws/install/locomotion/lib/python3.8/site-packages/locomotion-0.0.0-py3.8.egg-info' (and everything under it)
[2.324s] Copying ../../build/locomotion/locomotion.egg-info to /home/dfolse/repos/SPIDER/SPIDER_ws/install/locomotion/lib/python3.8/site-packages/locomotion-0.0.0-py3.8.egg-info
[2.326s] running install_scripts
[2.367s] Installing client script to /home/dfolse/repos/SPIDER/SPIDER_ws/install/locomotion/lib/locomotion
[2.367s] Installing imu_pub script to /home/dfolse/repos/SPIDER/SPIDER_ws/install/locomotion/lib/locomotion
[2.368s] Installing service script to /home/dfolse/repos/SPIDER/SPIDER_ws/install/locomotion/lib/locomotion
[2.369s] writing list of installed files to '/home/dfolse/repos/SPIDER/SPIDER_ws/build/locomotion/install.log'
[2.430s] Invoked command in '/home/dfolse/repos/SPIDER/SPIDER_ws/src/locomotion' returned '0': AMENT_PREFIX_PATH=/home/dfolse/repos/SPIDER/SPIDER_ws/install/spider_interfaces:${AMENT_PREFIX_PATH} CMAKE_PREFIX_PATH=/home/dfolse/repos/SPIDER/SPIDER_ws/install/spider_interfaces LD_LIBRARY_PATH=/home/dfolse/repos/SPIDER/SPIDER_ws/install/spider_interfaces/lib:${LD_LIBRARY_PATH} NX_CONNECTION=192.168.1.26 56425 192.168.1.53 4000 PYTHONPATH=/home/dfolse/repos/SPIDER/SPIDER_ws/build/locomotion/prefix_override:/home/dfolse/repos/SPIDER/SPIDER_ws/install/locomotion/lib/python3.8/site-packages:/home/dfolse/repos/SPIDER/SPIDER_ws/install/spider_interfaces/lib/python3.8/site-packages:${PYTHONPATH} /usr/bin/python3 -W ignore:setup.py install is deprecated setup.py egg_info --egg-base ../../build/locomotion build --build-base /home/dfolse/repos/SPIDER/SPIDER_ws/build/locomotion/build install --record /home/dfolse/repos/SPIDER/SPIDER_ws/build/locomotion/install.log --single-version-externally-managed install_data
