[3.737s] Invoking command in '/home/dfolse/repos/SPIDER/SPIDER_ws/src/spider_nav': NX_CONNECTION=192.168.1.26 58745 192.168.1.53 4000 PYTHONPATH=/home/dfolse/repos/SPIDER/SPIDER_ws/build/spider_nav/prefix_override:/home/dfolse/repos/SPIDER/SPIDER_ws/install/spider_nav/lib/python3.8/site-packages:${PYTHONPATH} /usr/bin/python3 -W ignore:setup.py install is deprecated setup.py egg_info --egg-base ../../build/spider_nav build --build-base /home/dfolse/repos/SPIDER/SPIDER_ws/build/spider_nav/build install --record /home/dfolse/repos/SPIDER/SPIDER_ws/build/spider_nav/install.log --single-version-externally-managed install_data
[4.354s] running egg_info
[4.355s] writing ../../build/spider_nav/spider_nav.egg-info/PKG-INFO
[4.356s] writing dependency_links to ../../build/spider_nav/spider_nav.egg-info/dependency_links.txt
[4.356s] writing entry points to ../../build/spider_nav/spider_nav.egg-info/entry_points.txt
[4.357s] writing requirements to ../../build/spider_nav/spider_nav.egg-info/requires.txt
[4.357s] writing top-level names to ../../build/spider_nav/spider_nav.egg-info/top_level.txt
[4.363s] reading manifest file '../../build/spider_nav/spider_nav.egg-info/SOURCES.txt'
[4.365s] writing manifest file '../../build/spider_nav/spider_nav.egg-info/SOURCES.txt'
[4.366s] running build
[4.366s] running build_py
[4.367s] running install
[4.369s] running install_lib
[4.373s] running install_data
[4.373s] running install_egg_info
[4.377s] removing '/home/dfolse/repos/SPIDER/SPIDER_ws/install/spider_nav/lib/python3.8/site-packages/spider_nav-0.0.0-py3.8.egg-info' (and everything under it)
[4.377s] Copying ../../build/spider_nav/spider_nav.egg-info to /home/dfolse/repos/SPIDER/SPIDER_ws/install/spider_nav/lib/python3.8/site-packages/spider_nav-0.0.0-py3.8.egg-info
[4.380s] running install_scripts
[4.424s] Installing gps_waypoint_logger script to /home/dfolse/repos/SPIDER/SPIDER_ws/install/spider_nav/lib/spider_nav
[4.425s] Installing interactive_waypoint_follower script to /home/dfolse/repos/SPIDER/SPIDER_ws/install/spider_nav/lib/spider_nav
[4.425s] Installing logged_waypoint_follower script to /home/dfolse/repos/SPIDER/SPIDER_ws/install/spider_nav/lib/spider_nav
[4.425s] Installing spider_gps_pub script to /home/dfolse/repos/SPIDER/SPIDER_ws/install/spider_nav/lib/spider_nav
[4.426s] writing list of installed files to '/home/dfolse/repos/SPIDER/SPIDER_ws/build/spider_nav/install.log'
[4.507s] Invoked command in '/home/dfolse/repos/SPIDER/SPIDER_ws/src/spider_nav' returned '0': NX_CONNECTION=192.168.1.26 58745 192.168.1.53 4000 PYTHONPATH=/home/dfolse/repos/SPIDER/SPIDER_ws/build/spider_nav/prefix_override:/home/dfolse/repos/SPIDER/SPIDER_ws/install/spider_nav/lib/python3.8/site-packages:${PYTHONPATH} /usr/bin/python3 -W ignore:setup.py install is deprecated setup.py egg_info --egg-base ../../build/spider_nav build --build-base /home/dfolse/repos/SPIDER/SPIDER_ws/build/spider_nav/build install --record /home/dfolse/repos/SPIDER/SPIDER_ws/build/spider_nav/install.log --single-version-externally-managed install_data
