running egg_info
creating ../../build/spider_nav/spider_nav.egg-info
writing ../../build/spider_nav/spider_nav.egg-info/PKG-INFO
writing dependency_links to ../../build/spider_nav/spider_nav.egg-info/dependency_links.txt
writing entry points to ../../build/spider_nav/spider_nav.egg-info/entry_points.txt
writing requirements to ../../build/spider_nav/spider_nav.egg-info/requires.txt
writing top-level names to ../../build/spider_nav/spider_nav.egg-info/top_level.txt
writing manifest file '../../build/spider_nav/spider_nav.egg-info/SOURCES.txt'
reading manifest file '../../build/spider_nav/spider_nav.egg-info/SOURCES.txt'
writing manifest file '../../build/spider_nav/spider_nav.egg-info/SOURCES.txt'
running build
running build_py
creating /home/dfolse/repos/SPIDER/SPIDER_ws/build/spider_nav/build
creating /home/dfolse/repos/SPIDER/SPIDER_ws/build/spider_nav/build/lib
creating /home/dfolse/repos/SPIDER/SPIDER_ws/build/spider_nav/build/lib/spider_nav
copying spider_nav/gps_waypoint_logger.py -> /home/dfolse/repos/SPIDER/SPIDER_ws/build/spider_nav/build/lib/spider_nav
copying spider_nav/logged_waypoint_follower.py -> /home/dfolse/repos/SPIDER/SPIDER_ws/build/spider_nav/build/lib/spider_nav
copying spider_nav/interactive_waypoint_follower.py -> /home/dfolse/repos/SPIDER/SPIDER_ws/build/spider_nav/build/lib/spider_nav
copying spider_nav/__init__.py -> /home/dfolse/repos/SPIDER/SPIDER_ws/build/spider_nav/build/lib/spider_nav
creating /home/dfolse/repos/SPIDER/SPIDER_ws/build/spider_nav/build/lib/spider_nav/utils
copying spider_nav/utils/gps_utils.py -> /home/dfolse/repos/SPIDER/SPIDER_ws/build/spider_nav/build/lib/spider_nav/utils
copying spider_nav/utils/__init__.py -> /home/dfolse/repos/SPIDER/SPIDER_ws/build/spider_nav/build/lib/spider_nav/utils
running install
running install_lib
creating /home/dfolse/repos/SPIDER/SPIDER_ws/install/spider_nav/lib/python3.8/site-packages/spider_nav
copying /home/dfolse/repos/SPIDER/SPIDER_ws/build/spider_nav/build/lib/spider_nav/gps_waypoint_logger.py -> /home/dfolse/repos/SPIDER/SPIDER_ws/install/spider_nav/lib/python3.8/site-packages/spider_nav
copying /home/dfolse/repos/SPIDER/SPIDER_ws/build/spider_nav/build/lib/spider_nav/logged_waypoint_follower.py -> /home/dfolse/repos/SPIDER/SPIDER_ws/install/spider_nav/lib/python3.8/site-packages/spider_nav
copying /home/dfolse/repos/SPIDER/SPIDER_ws/build/spider_nav/build/lib/spider_nav/interactive_waypoint_follower.py -> /home/dfolse/repos/SPIDER/SPIDER_ws/install/spider_nav/lib/python3.8/site-packages/spider_nav
copying /home/dfolse/repos/SPIDER/SPIDER_ws/build/spider_nav/build/lib/spider_nav/__init__.py -> /home/dfolse/repos/SPIDER/SPIDER_ws/install/spider_nav/lib/python3.8/site-packages/spider_nav
creating /home/dfolse/repos/SPIDER/SPIDER_ws/install/spider_nav/lib/python3.8/site-packages/spider_nav/utils
copying /home/dfolse/repos/SPIDER/SPIDER_ws/build/spider_nav/build/lib/spider_nav/utils/gps_utils.py -> /home/dfolse/repos/SPIDER/SPIDER_ws/install/spider_nav/lib/python3.8/site-packages/spider_nav/utils
copying /home/dfolse/repos/SPIDER/SPIDER_ws/build/spider_nav/build/lib/spider_nav/utils/__init__.py -> /home/dfolse/repos/SPIDER/SPIDER_ws/install/spider_nav/lib/python3.8/site-packages/spider_nav/utils
byte-compiling /home/dfolse/repos/SPIDER/SPIDER_ws/install/spider_nav/lib/python3.8/site-packages/spider_nav/gps_waypoint_logger.py to gps_waypoint_logger.cpython-38.pyc
byte-compiling /home/dfolse/repos/SPIDER/SPIDER_ws/install/spider_nav/lib/python3.8/site-packages/spider_nav/logged_waypoint_follower.py to logged_waypoint_follower.cpython-38.pyc
byte-compiling /home/dfolse/repos/SPIDER/SPIDER_ws/install/spider_nav/lib/python3.8/site-packages/spider_nav/interactive_waypoint_follower.py to interactive_waypoint_follower.cpython-38.pyc
byte-compiling /home/dfolse/repos/SPIDER/SPIDER_ws/install/spider_nav/lib/python3.8/site-packages/spider_nav/__init__.py to __init__.cpython-38.pyc
byte-compiling /home/dfolse/repos/SPIDER/SPIDER_ws/install/spider_nav/lib/python3.8/site-packages/spider_nav/utils/gps_utils.py to gps_utils.cpython-38.pyc
byte-compiling /home/dfolse/repos/SPIDER/SPIDER_ws/install/spider_nav/lib/python3.8/site-packages/spider_nav/utils/__init__.py to __init__.cpython-38.pyc
running install_data
creating /home/dfolse/repos/SPIDER/SPIDER_ws/install/spider_nav/share/ament_index
creating /home/dfolse/repos/SPIDER/SPIDER_ws/install/spider_nav/share/ament_index/resource_index
creating /home/dfolse/repos/SPIDER/SPIDER_ws/install/spider_nav/share/ament_index/resource_index/packages
copying resource/spider_nav -> /home/dfolse/repos/SPIDER/SPIDER_ws/install/spider_nav/share/ament_index/resource_index/packages
copying package.xml -> /home/dfolse/repos/SPIDER/SPIDER_ws/install/spider_nav/share/spider_nav
creating /home/dfolse/repos/SPIDER/SPIDER_ws/install/spider_nav/share/spider_nav/launch
copying launch/mapviz.launch.py -> /home/dfolse/repos/SPIDER/SPIDER_ws/install/spider_nav/share/spider_nav/launch
copying launch/spider_nav.launch.py -> /home/dfolse/repos/SPIDER/SPIDER_ws/install/spider_nav/share/spider_nav/launch
creating /home/dfolse/repos/SPIDER/SPIDER_ws/install/spider_nav/share/spider_nav/config
copying config/gps_wpf_demo.mvc -> /home/dfolse/repos/SPIDER/SPIDER_ws/install/spider_nav/share/spider_nav/config
copying config/demo_waypoints.yaml -> /home/dfolse/repos/SPIDER/SPIDER_ws/install/spider_nav/share/spider_nav/config
copying config/nav2_no_map_params.yaml -> /home/dfolse/repos/SPIDER/SPIDER_ws/install/spider_nav/share/spider_nav/config
running install_egg_info
Copying ../../build/spider_nav/spider_nav.egg-info to /home/dfolse/repos/SPIDER/SPIDER_ws/install/spider_nav/lib/python3.8/site-packages/spider_nav-0.0.0-py3.8.egg-info
running install_scripts
Installing gps_waypoint_logger script to /home/dfolse/repos/SPIDER/SPIDER_ws/install/spider_nav/lib/spider_nav
Installing interactive_waypoint_follower script to /home/dfolse/repos/SPIDER/SPIDER_ws/install/spider_nav/lib/spider_nav
Installing logged_waypoint_follower script to /home/dfolse/repos/SPIDER/SPIDER_ws/install/spider_nav/lib/spider_nav
writing list of installed files to '/home/dfolse/repos/SPIDER/SPIDER_ws/build/spider_nav/install.log'
