[2.139s] Invoking command in '/home/dfolse/repos/SPIDER/SPIDER_ws/src/spider_nav': AMENT_PREFIX_PATH=/home/dfolse/repos/SPIDER/SPIDER_ws/install/nav2_common:${AMENT_PREFIX_PATH} CMAKE_PREFIX_PATH=/home/dfolse/repos/SPIDER/SPIDER_ws/install/nav2_common NX_CONNECTION=192.168.1.26 58481 192.168.1.53 4000 PYTHONPATH=/home/dfolse/repos/SPIDER/SPIDER_ws/build/spider_nav/prefix_override:/home/dfolse/repos/SPIDER/SPIDER_ws/install/spider_nav/lib/python3.8/site-packages:/home/dfolse/repos/SPIDER/SPIDER_ws/install/nav2_common/lib/python3.8/site-packages:${PYTHONPATH} /usr/bin/python3 setup.py egg_info --egg-base ../../build/spider_nav build --build-base /home/dfolse/repos/SPIDER/SPIDER_ws/build/spider_nav/build install --record /home/dfolse/repos/SPIDER/SPIDER_ws/build/spider_nav/install.log --install-scripts $base/lib/spider_nav --single-version-externally-managed
[2.597s] /usr/local/lib/python3.8/dist-packages/setuptools/dist.py:717: UserWarning: Usage of dash-separated 'script-dir' will not be supported in future versions. Please use the underscore name 'script_dir' instead
[2.598s]   warnings.warn(
[2.652s] running egg_info
[2.653s] creating ../../build/spider_nav/spider_nav.egg-info
[2.654s] writing ../../build/spider_nav/spider_nav.egg-info/PKG-INFO
[2.654s] writing dependency_links to ../../build/spider_nav/spider_nav.egg-info/dependency_links.txt
[2.655s] writing entry points to ../../build/spider_nav/spider_nav.egg-info/entry_points.txt
[2.655s] writing requirements to ../../build/spider_nav/spider_nav.egg-info/requires.txt
[2.655s] writing top-level names to ../../build/spider_nav/spider_nav.egg-info/top_level.txt
[2.661s] writing manifest file '../../build/spider_nav/spider_nav.egg-info/SOURCES.txt'
[2.665s] reading manifest file '../../build/spider_nav/spider_nav.egg-info/SOURCES.txt'
[2.667s] writing manifest file '../../build/spider_nav/spider_nav.egg-info/SOURCES.txt'
[2.667s] running build
[2.667s] running build_py
[2.668s] creating /home/dfolse/repos/SPIDER/SPIDER_ws/build/spider_nav/build
[2.668s] creating /home/dfolse/repos/SPIDER/SPIDER_ws/build/spider_nav/build/lib
[2.668s] creating /home/dfolse/repos/SPIDER/SPIDER_ws/build/spider_nav/build/lib/spider_nav
[2.668s] copying spider_nav/gps_waypoint_logger.py -> /home/dfolse/repos/SPIDER/SPIDER_ws/build/spider_nav/build/lib/spider_nav
[2.668s] copying spider_nav/logged_waypoint_follower.py -> /home/dfolse/repos/SPIDER/SPIDER_ws/build/spider_nav/build/lib/spider_nav
[2.669s] copying spider_nav/interactive_waypoint_follower.py -> /home/dfolse/repos/SPIDER/SPIDER_ws/build/spider_nav/build/lib/spider_nav
[2.669s] copying spider_nav/__init__.py -> /home/dfolse/repos/SPIDER/SPIDER_ws/build/spider_nav/build/lib/spider_nav
[2.670s] creating /home/dfolse/repos/SPIDER/SPIDER_ws/build/spider_nav/build/lib/spider_nav/utils
[2.670s] copying spider_nav/utils/gps_utils.py -> /home/dfolse/repos/SPIDER/SPIDER_ws/build/spider_nav/build/lib/spider_nav/utils
[2.670s] copying spider_nav/utils/__init__.py -> /home/dfolse/repos/SPIDER/SPIDER_ws/build/spider_nav/build/lib/spider_nav/utils
[2.671s] running install
[2.672s] running install_lib
[2.674s] creating /home/dfolse/repos/SPIDER/SPIDER_ws/install/spider_nav/lib/python3.8/site-packages/spider_nav
[2.674s] copying /home/dfolse/repos/SPIDER/SPIDER_ws/build/spider_nav/build/lib/spider_nav/gps_waypoint_logger.py -> /home/dfolse/repos/SPIDER/SPIDER_ws/install/spider_nav/lib/python3.8/site-packages/spider_nav
[2.674s] copying /home/dfolse/repos/SPIDER/SPIDER_ws/build/spider_nav/build/lib/spider_nav/logged_waypoint_follower.py -> /home/dfolse/repos/SPIDER/SPIDER_ws/install/spider_nav/lib/python3.8/site-packages/spider_nav
[2.679s] copying /home/dfolse/repos/SPIDER/SPIDER_ws/build/spider_nav/build/lib/spider_nav/interactive_waypoint_follower.py -> /home/dfolse/repos/SPIDER/SPIDER_ws/install/spider_nav/lib/python3.8/site-packages/spider_nav
[2.679s] copying /home/dfolse/repos/SPIDER/SPIDER_ws/build/spider_nav/build/lib/spider_nav/__init__.py -> /home/dfolse/repos/SPIDER/SPIDER_ws/install/spider_nav/lib/python3.8/site-packages/spider_nav
[2.679s] creating /home/dfolse/repos/SPIDER/SPIDER_ws/install/spider_nav/lib/python3.8/site-packages/spider_nav/utils
[2.680s] copying /home/dfolse/repos/SPIDER/SPIDER_ws/build/spider_nav/build/lib/spider_nav/utils/gps_utils.py -> /home/dfolse/repos/SPIDER/SPIDER_ws/install/spider_nav/lib/python3.8/site-packages/spider_nav/utils
[2.680s] copying /home/dfolse/repos/SPIDER/SPIDER_ws/build/spider_nav/build/lib/spider_nav/utils/__init__.py -> /home/dfolse/repos/SPIDER/SPIDER_ws/install/spider_nav/lib/python3.8/site-packages/spider_nav/utils
[2.680s] byte-compiling /home/dfolse/repos/SPIDER/SPIDER_ws/install/spider_nav/lib/python3.8/site-packages/spider_nav/gps_waypoint_logger.py to gps_waypoint_logger.cpython-38.pyc
[2.681s] byte-compiling /home/dfolse/repos/SPIDER/SPIDER_ws/install/spider_nav/lib/python3.8/site-packages/spider_nav/logged_waypoint_follower.py to logged_waypoint_follower.cpython-38.pyc
[2.681s] byte-compiling /home/dfolse/repos/SPIDER/SPIDER_ws/install/spider_nav/lib/python3.8/site-packages/spider_nav/interactive_waypoint_follower.py to interactive_waypoint_follower.cpython-38.pyc
[2.681s] byte-compiling /home/dfolse/repos/SPIDER/SPIDER_ws/install/spider_nav/lib/python3.8/site-packages/spider_nav/__init__.py to __init__.cpython-38.pyc
[2.682s] byte-compiling /home/dfolse/repos/SPIDER/SPIDER_ws/install/spider_nav/lib/python3.8/site-packages/spider_nav/utils/gps_utils.py to gps_utils.cpython-38.pyc
[2.682s] byte-compiling /home/dfolse/repos/SPIDER/SPIDER_ws/install/spider_nav/lib/python3.8/site-packages/spider_nav/utils/__init__.py to __init__.cpython-38.pyc
[2.682s] running install_data
[2.683s] creating /home/dfolse/repos/SPIDER/SPIDER_ws/install/spider_nav/share/ament_index
[2.683s] creating /home/dfolse/repos/SPIDER/SPIDER_ws/install/spider_nav/share/ament_index/resource_index
[2.683s] creating /home/dfolse/repos/SPIDER/SPIDER_ws/install/spider_nav/share/ament_index/resource_index/packages
[2.684s] copying resource/spider_nav -> /home/dfolse/repos/SPIDER/SPIDER_ws/install/spider_nav/share/ament_index/resource_index/packages
[2.684s] copying package.xml -> /home/dfolse/repos/SPIDER/SPIDER_ws/install/spider_nav/share/spider_nav
[2.684s] creating /home/dfolse/repos/SPIDER/SPIDER_ws/install/spider_nav/share/spider_nav/launch
[2.685s] copying launch/mapviz.launch.py -> /home/dfolse/repos/SPIDER/SPIDER_ws/install/spider_nav/share/spider_nav/launch
[2.685s] copying launch/spider_nav.launch.py -> /home/dfolse/repos/SPIDER/SPIDER_ws/install/spider_nav/share/spider_nav/launch
[2.685s] creating /home/dfolse/repos/SPIDER/SPIDER_ws/install/spider_nav/share/spider_nav/config
[2.685s] copying config/gps_wpf_demo.mvc -> /home/dfolse/repos/SPIDER/SPIDER_ws/install/spider_nav/share/spider_nav/config
[2.685s] copying config/demo_waypoints.yaml -> /home/dfolse/repos/SPIDER/SPIDER_ws/install/spider_nav/share/spider_nav/config
[2.686s] copying config/nav2_no_map_params.yaml -> /home/dfolse/repos/SPIDER/SPIDER_ws/install/spider_nav/share/spider_nav/config
[2.686s] running install_egg_info
[2.688s] Copying ../../build/spider_nav/spider_nav.egg-info to /home/dfolse/repos/SPIDER/SPIDER_ws/install/spider_nav/lib/python3.8/site-packages/spider_nav-0.0.0-py3.8.egg-info
[2.690s] running install_scripts
[2.727s] Installing gps_waypoint_logger script to /home/dfolse/repos/SPIDER/SPIDER_ws/install/spider_nav/lib/spider_nav
[2.727s] Installing interactive_waypoint_follower script to /home/dfolse/repos/SPIDER/SPIDER_ws/install/spider_nav/lib/spider_nav
[2.728s] Installing logged_waypoint_follower script to /home/dfolse/repos/SPIDER/SPIDER_ws/install/spider_nav/lib/spider_nav
[2.728s] writing list of installed files to '/home/dfolse/repos/SPIDER/SPIDER_ws/build/spider_nav/install.log'
[2.790s] Invoked command in '/home/dfolse/repos/SPIDER/SPIDER_ws/src/spider_nav' returned '0': AMENT_PREFIX_PATH=/home/dfolse/repos/SPIDER/SPIDER_ws/install/nav2_common:${AMENT_PREFIX_PATH} CMAKE_PREFIX_PATH=/home/dfolse/repos/SPIDER/SPIDER_ws/install/nav2_common NX_CONNECTION=192.168.1.26 58481 192.168.1.53 4000 PYTHONPATH=/home/dfolse/repos/SPIDER/SPIDER_ws/build/spider_nav/prefix_override:/home/dfolse/repos/SPIDER/SPIDER_ws/install/spider_nav/lib/python3.8/site-packages:/home/dfolse/repos/SPIDER/SPIDER_ws/install/nav2_common/lib/python3.8/site-packages:${PYTHONPATH} /usr/bin/python3 setup.py egg_info --egg-base ../../build/spider_nav build --build-base /home/dfolse/repos/SPIDER/SPIDER_ws/build/spider_nav/build install --record /home/dfolse/repos/SPIDER/SPIDER_ws/build/spider_nav/install.log --install-scripts $base/lib/spider_nav --single-version-externally-managed
