[2.268s] Invoking command in '/home/dfolse/repos/SPIDER/SPIDER_ws/src/locomotion': NX_CONNECTION=192.168.1.26 54739 192.168.1.53 4000 PYTHONPATH=/home/dfolse/repos/SPIDER/SPIDER_ws/build/locomotion/prefix_override:/home/dfolse/repos/SPIDER/SPIDER_ws/install/locomotion/lib/python3.8/site-packages:${PYTHONPATH} /usr/bin/python3 setup.py egg_info --egg-base ../../build/locomotion build --build-base /home/dfolse/repos/SPIDER/SPIDER_ws/build/locomotion/build install --record /home/dfolse/repos/SPIDER/SPIDER_ws/build/locomotion/install.log --single-version-externally-managed
[2.798s] running egg_info
[2.798s] creating ../../build/locomotion/locomotion.egg-info
[2.798s] writing ../../build/locomotion/locomotion.egg-info/PKG-INFO
[2.799s] writing dependency_links to ../../build/locomotion/locomotion.egg-info/dependency_links.txt
[2.799s] writing entry points to ../../build/locomotion/locomotion.egg-info/entry_points.txt
[2.800s] writing requirements to ../../build/locomotion/locomotion.egg-info/requires.txt
[2.800s] writing top-level names to ../../build/locomotion/locomotion.egg-info/top_level.txt
[2.802s] writing manifest file '../../build/locomotion/locomotion.egg-info/SOURCES.txt'
[2.806s] reading manifest file '../../build/locomotion/locomotion.egg-info/SOURCES.txt'
[2.808s] writing manifest file '../../build/locomotion/locomotion.egg-info/SOURCES.txt'
[2.808s] running build
[2.808s] running build_py
[2.809s] creating /home/dfolse/repos/SPIDER/SPIDER_ws/build/locomotion/build
[2.809s] creating /home/dfolse/repos/SPIDER/SPIDER_ws/build/locomotion/build/lib
[2.809s] creating /home/dfolse/repos/SPIDER/SPIDER_ws/build/locomotion/build/lib/locomotion
[2.810s] copying locomotion/servoControllerLeft.py -> /home/dfolse/repos/SPIDER/SPIDER_ws/build/locomotion/build/lib/locomotion
[2.810s] copying locomotion/MockServoDriver.py -> /home/dfolse/repos/SPIDER/SPIDER_ws/build/locomotion/build/lib/locomotion
[2.810s] copying locomotion/locomotion_subscriber.py -> /home/dfolse/repos/SPIDER/SPIDER_ws/build/locomotion/build/lib/locomotion
[2.811s] copying locomotion/servoControllerRight.py -> /home/dfolse/repos/SPIDER/SPIDER_ws/build/locomotion/build/lib/locomotion
[2.811s] copying locomotion/nav_client.py -> /home/dfolse/repos/SPIDER/SPIDER_ws/build/locomotion/build/lib/locomotion
[2.811s] copying locomotion/__init__.py -> /home/dfolse/repos/SPIDER/SPIDER_ws/build/locomotion/build/lib/locomotion
[2.811s] copying locomotion/locomotion_publisher.py -> /home/dfolse/repos/SPIDER/SPIDER_ws/build/locomotion/build/lib/locomotion
[2.812s] running install
[2.813s] running install_lib
[2.815s] copying /home/dfolse/repos/SPIDER/SPIDER_ws/build/locomotion/build/lib/locomotion/locomotion_subscriber.py -> /home/dfolse/repos/SPIDER/SPIDER_ws/install/locomotion/lib/python3.8/site-packages/locomotion
[2.815s] copying /home/dfolse/repos/SPIDER/SPIDER_ws/build/locomotion/build/lib/locomotion/nav_client.py -> /home/dfolse/repos/SPIDER/SPIDER_ws/install/locomotion/lib/python3.8/site-packages/locomotion
[2.816s] copying /home/dfolse/repos/SPIDER/SPIDER_ws/build/locomotion/build/lib/locomotion/locomotion_publisher.py -> /home/dfolse/repos/SPIDER/SPIDER_ws/install/locomotion/lib/python3.8/site-packages/locomotion
[2.817s] byte-compiling /home/dfolse/repos/SPIDER/SPIDER_ws/install/locomotion/lib/python3.8/site-packages/locomotion/locomotion_subscriber.py to locomotion_subscriber.cpython-38.pyc
[2.819s] byte-compiling /home/dfolse/repos/SPIDER/SPIDER_ws/install/locomotion/lib/python3.8/site-packages/locomotion/nav_client.py to nav_client.cpython-38.pyc
[2.820s] byte-compiling /home/dfolse/repos/SPIDER/SPIDER_ws/install/locomotion/lib/python3.8/site-packages/locomotion/locomotion_publisher.py to locomotion_publisher.cpython-38.pyc
[2.821s] running install_data
[2.822s] copying package.xml -> /home/dfolse/repos/SPIDER/SPIDER_ws/install/locomotion/share/locomotion
[2.822s] running install_egg_info
[2.826s] removing '/home/dfolse/repos/SPIDER/SPIDER_ws/install/locomotion/lib/python3.8/site-packages/locomotion-0.0.0-py3.8.egg-info' (and everything under it)
[2.826s] Copying ../../build/locomotion/locomotion.egg-info to /home/dfolse/repos/SPIDER/SPIDER_ws/install/locomotion/lib/python3.8/site-packages/locomotion-0.0.0-py3.8.egg-info
[2.829s] running install_scripts
[2.867s] Installing client script to /home/dfolse/repos/SPIDER/SPIDER_ws/install/locomotion/lib/locomotion
[2.868s] Installing listener script to /home/dfolse/repos/SPIDER/SPIDER_ws/install/locomotion/lib/locomotion
[2.868s] Installing talker script to /home/dfolse/repos/SPIDER/SPIDER_ws/install/locomotion/lib/locomotion
[2.868s] writing list of installed files to '/home/dfolse/repos/SPIDER/SPIDER_ws/build/locomotion/install.log'
[2.925s] Invoked command in '/home/dfolse/repos/SPIDER/SPIDER_ws/src/locomotion' returned '0': NX_CONNECTION=192.168.1.26 54739 192.168.1.53 4000 PYTHONPATH=/home/dfolse/repos/SPIDER/SPIDER_ws/build/locomotion/prefix_override:/home/dfolse/repos/SPIDER/SPIDER_ws/install/locomotion/lib/python3.8/site-packages:${PYTHONPATH} /usr/bin/python3 setup.py egg_info --egg-base ../../build/locomotion build --build-base /home/dfolse/repos/SPIDER/SPIDER_ws/build/locomotion/build install --record /home/dfolse/repos/SPIDER/SPIDER_ws/build/locomotion/install.log --single-version-externally-managed
