[3.279s] Invoking command in '/home/dfolse/repos/SPIDER/SPIDER_ws/src/spider_nav': NX_CONNECTION=192.168.1.26 61486 192.168.1.53 4000 PYTHONPATH=/home/dfolse/repos/SPIDER/SPIDER_ws/build/spider_nav/prefix_override:/home/dfolse/repos/SPIDER/SPIDER_ws/install/spider_nav/lib/python3.8/site-packages:${PYTHONPATH} /usr/bin/python3 -W ignore:setup.py install is deprecated setup.py egg_info --egg-base ../../build/spider_nav build --build-base /home/dfolse/repos/SPIDER/SPIDER_ws/build/spider_nav/build install --record /home/dfolse/repos/SPIDER/SPIDER_ws/build/spider_nav/install.log --single-version-externally-managed install_data
[3.838s] running egg_info
[3.839s] writing ../../build/spider_nav/spider_nav.egg-info/PKG-INFO
[3.841s] writing dependency_links to ../../build/spider_nav/spider_nav.egg-info/dependency_links.txt
[3.841s] writing entry points to ../../build/spider_nav/spider_nav.egg-info/entry_points.txt
[3.842s] writing requirements to ../../build/spider_nav/spider_nav.egg-info/requires.txt
[3.842s] writing top-level names to ../../build/spider_nav/spider_nav.egg-info/top_level.txt
[3.851s] reading manifest file '../../build/spider_nav/spider_nav.egg-info/SOURCES.txt'
[3.853s] writing manifest file '../../build/spider_nav/spider_nav.egg-info/SOURCES.txt'
[3.853s] running build
[3.853s] running build_py
[3.854s] copying spider_nav/utils/adafruit_gps_ros.py -> /home/dfolse/repos/SPIDER/SPIDER_ws/build/spider_nav/build/lib/spider_nav/utils
[3.856s] running install
[3.857s] running install_lib
[3.859s] copying /home/dfolse/repos/SPIDER/SPIDER_ws/build/spider_nav/build/lib/spider_nav/utils/adafruit_gps_ros.py -> /home/dfolse/repos/SPIDER/SPIDER_ws/install/spider_nav/lib/python3.8/site-packages/spider_nav/utils
[3.861s] byte-compiling /home/dfolse/repos/SPIDER/SPIDER_ws/install/spider_nav/lib/python3.8/site-packages/spider_nav/utils/adafruit_gps_ros.py to adafruit_gps_ros.cpython-38.pyc
[3.862s] running install_data
[3.863s] running install_egg_info
[3.866s] removing '/home/dfolse/repos/SPIDER/SPIDER_ws/install/spider_nav/lib/python3.8/site-packages/spider_nav-0.0.0-py3.8.egg-info' (and everything under it)
[3.867s] Copying ../../build/spider_nav/spider_nav.egg-info to /home/dfolse/repos/SPIDER/SPIDER_ws/install/spider_nav/lib/python3.8/site-packages/spider_nav-0.0.0-py3.8.egg-info
[3.869s] running install_scripts
[3.912s] Installing gps_waypoint_logger script to /home/dfolse/repos/SPIDER/SPIDER_ws/install/spider_nav/lib/spider_nav
[3.913s] Installing interactive_waypoint_follower script to /home/dfolse/repos/SPIDER/SPIDER_ws/install/spider_nav/lib/spider_nav
[3.913s] Installing logged_waypoint_follower script to /home/dfolse/repos/SPIDER/SPIDER_ws/install/spider_nav/lib/spider_nav
[3.913s] Installing spider_gps_pub script to /home/dfolse/repos/SPIDER/SPIDER_ws/install/spider_nav/lib/spider_nav
[3.914s] writing list of installed files to '/home/dfolse/repos/SPIDER/SPIDER_ws/build/spider_nav/install.log'
[4.001s] Invoked command in '/home/dfolse/repos/SPIDER/SPIDER_ws/src/spider_nav' returned '0': NX_CONNECTION=192.168.1.26 61486 192.168.1.53 4000 PYTHONPATH=/home/dfolse/repos/SPIDER/SPIDER_ws/build/spider_nav/prefix_override:/home/dfolse/repos/SPIDER/SPIDER_ws/install/spider_nav/lib/python3.8/site-packages:${PYTHONPATH} /usr/bin/python3 -W ignore:setup.py install is deprecated setup.py egg_info --egg-base ../../build/spider_nav build --build-base /home/dfolse/repos/SPIDER/SPIDER_ws/build/spider_nav/build install --record /home/dfolse/repos/SPIDER/SPIDER_ws/build/spider_nav/install.log --single-version-externally-managed install_data
