[0.883s] Invoking command in '/home/dfolse/SPIDER/SPIDER_ws/src/data_transfer': PYTHONPATH=/home/dfolse/SPIDER/SPIDER_ws/build/data_transfer/prefix_override:/home/dfolse/SPIDER/SPIDER_ws/install/data_transfer/lib/python3.10/site-packages:${PYTHONPATH} /usr/bin/python3 setup.py egg_info --egg-base ../../build/data_transfer build --build-base /home/dfolse/SPIDER/SPIDER_ws/build/data_transfer/build install --record /home/dfolse/SPIDER/SPIDER_ws/build/data_transfer/install.log --single-version-externally-managed
[1.435s] running egg_info
[1.437s] writing ../../build/data_transfer/data_transfer.egg-info/PKG-INFO
[1.438s] writing dependency_links to ../../build/data_transfer/data_transfer.egg-info/dependency_links.txt
[1.439s] writing entry points to ../../build/data_transfer/data_transfer.egg-info/entry_points.txt
[1.440s] writing requirements to ../../build/data_transfer/data_transfer.egg-info/requires.txt
[1.441s] writing top-level names to ../../build/data_transfer/data_transfer.egg-info/top_level.txt
[1.444s] reading manifest file '../../build/data_transfer/data_transfer.egg-info/SOURCES.txt'
[1.447s] writing manifest file '../../build/data_transfer/data_transfer.egg-info/SOURCES.txt'
[1.447s] running build
[1.447s] running build_py
[1.447s] copying data_transfer/publish_transfer.py -> /home/dfolse/SPIDER/SPIDER_ws/build/data_transfer/build/lib/data_transfer
[1.447s] running install
[1.448s] running install_lib
[1.457s] copying /home/dfolse/SPIDER/SPIDER_ws/build/data_transfer/build/lib/data_transfer/publish_transfer.py -> /home/dfolse/SPIDER/SPIDER_ws/install/data_transfer/lib/python3.10/site-packages/data_transfer
[1.459s] byte-compiling /home/dfolse/SPIDER/SPIDER_ws/install/data_transfer/lib/python3.10/site-packages/data_transfer/publish_transfer.py to publish_transfer.cpython-310.pyc
[1.463s] running install_data
[1.464s] running install_egg_info
[1.465s] removing '/home/dfolse/SPIDER/SPIDER_ws/install/data_transfer/lib/python3.10/site-packages/data_transfer-0.0.0-py3.10.egg-info' (and everything under it)
[1.465s] Copying ../../build/data_transfer/data_transfer.egg-info to /home/dfolse/SPIDER/SPIDER_ws/install/data_transfer/lib/python3.10/site-packages/data_transfer-0.0.0-py3.10.egg-info
[1.466s] running install_scripts
[1.502s] Installing listener script to /home/dfolse/SPIDER/SPIDER_ws/install/data_transfer/lib/data_transfer
[1.503s] Installing talker script to /home/dfolse/SPIDER/SPIDER_ws/install/data_transfer/lib/data_transfer
[1.503s] writing list of installed files to '/home/dfolse/SPIDER/SPIDER_ws/build/data_transfer/install.log'
[1.564s] Invoked command in '/home/dfolse/SPIDER/SPIDER_ws/src/data_transfer' returned '0': PYTHONPATH=/home/dfolse/SPIDER/SPIDER_ws/build/data_transfer/prefix_override:/home/dfolse/SPIDER/SPIDER_ws/install/data_transfer/lib/python3.10/site-packages:${PYTHONPATH} /usr/bin/python3 setup.py egg_info --egg-base ../../build/data_transfer build --build-base /home/dfolse/SPIDER/SPIDER_ws/build/data_transfer/build install --record /home/dfolse/SPIDER/SPIDER_ws/build/data_transfer/install.log --single-version-externally-managed
