[3.018s] Invoking command in '/home/dfolse/repos/SPIDER/SPIDER_ws/build/data_transfer': AMENT_PREFIX_PATH=/home/dfolse/repos/SPIDER/SPIDER_ws/install/spider_nav:/home/dfolse/repos/SPIDER/SPIDER_ws/install/locomotion:/home/dfolse/repos/SPIDER/SPIDER_ws/install/spider_interfaces:${AMENT_PREFIX_PATH} CMAKE_PREFIX_PATH=/home/dfolse/repos/SPIDER/SPIDER_ws/install/spider_interfaces LD_LIBRARY_PATH=/home/dfolse/repos/SPIDER/SPIDER_ws/install/spider_interfaces/lib:${LD_LIBRARY_PATH} PYTHONPATH=/home/dfolse/repos/SPIDER/SPIDER_ws/build/data_transfer/prefix_override:/home/dfolse/repos/SPIDER/SPIDER_ws/install/data_transfer/lib/python3.8/site-packages:/home/dfolse/repos/SPIDER/SPIDER_ws/build/spider_nav:/home/dfolse/repos/SPIDER/SPIDER_ws/install/spider_nav/lib/python3.8/site-packages:/home/dfolse/repos/SPIDER/SPIDER_ws/build/locomotion:/home/dfolse/repos/SPIDER/SPIDER_ws/install/locomotion/lib/python3.8/site-packages:/home/dfolse/repos/SPIDER/SPIDER_ws/install/spider_interfaces/lib/python3.8/site-packages:${PYTHONPATH} /usr/bin/python3 -W ignore:setup.py install is deprecated setup.py develop --editable --build-directory /home/dfolse/repos/SPIDER/SPIDER_ws/build/data_transfer/build --no-deps symlink_data --force
[4.194s] running develop
[4.884s] running egg_info
[4.885s] writing data_transfer.egg-info/PKG-INFO
[4.886s] writing dependency_links to data_transfer.egg-info/dependency_links.txt
[4.887s] writing entry points to data_transfer.egg-info/entry_points.txt
[4.888s] writing requirements to data_transfer.egg-info/requires.txt
[4.889s] writing top-level names to data_transfer.egg-info/top_level.txt
[5.030s] reading manifest file 'data_transfer.egg-info/SOURCES.txt'
[5.035s] writing manifest file 'data_transfer.egg-info/SOURCES.txt'
[5.203s] running build_ext
[5.204s] Creating /home/dfolse/repos/SPIDER/SPIDER_ws/install/data_transfer/lib/python3.8/site-packages/site.py
[5.213s] Creating /home/dfolse/repos/SPIDER/SPIDER_ws/install/data_transfer/lib/python3.8/site-packages/data-transfer.egg-link (link to .)
[5.216s] Installing listener script to /home/dfolse/repos/SPIDER/SPIDER_ws/install/data_transfer/lib/data_transfer
[5.217s] Installing talker script to /home/dfolse/repos/SPIDER/SPIDER_ws/install/data_transfer/lib/data_transfer
[5.218s] 
[5.219s] Installed /home/dfolse/repos/SPIDER/SPIDER_ws/build/data_transfer
[5.219s] running symlink_data
[5.220s] symbolically linking /home/dfolse/repos/SPIDER/SPIDER_ws/build/data_transfer/resource/data_transfer -> /home/dfolse/repos/SPIDER/SPIDER_ws/install/data_transfer/share/ament_index/resource_index/packages
[5.220s] symbolically linking /home/dfolse/repos/SPIDER/SPIDER_ws/build/data_transfer/package.xml -> /home/dfolse/repos/SPIDER/SPIDER_ws/install/data_transfer/share/data_transfer
[5.221s] symbolically linking /home/dfolse/repos/SPIDER/SPIDER_ws/build/data_transfer/launch/data_transfer_sim.launch.py -> /home/dfolse/repos/SPIDER/SPIDER_ws/install/data_transfer/share/data_transfer/launch
[5.345s] Invoked command in '/home/dfolse/repos/SPIDER/SPIDER_ws/build/data_transfer' returned '0': AMENT_PREFIX_PATH=/home/dfolse/repos/SPIDER/SPIDER_ws/install/spider_nav:/home/dfolse/repos/SPIDER/SPIDER_ws/install/locomotion:/home/dfolse/repos/SPIDER/SPIDER_ws/install/spider_interfaces:${AMENT_PREFIX_PATH} CMAKE_PREFIX_PATH=/home/dfolse/repos/SPIDER/SPIDER_ws/install/spider_interfaces LD_LIBRARY_PATH=/home/dfolse/repos/SPIDER/SPIDER_ws/install/spider_interfaces/lib:${LD_LIBRARY_PATH} PYTHONPATH=/home/dfolse/repos/SPIDER/SPIDER_ws/build/data_transfer/prefix_override:/home/dfolse/repos/SPIDER/SPIDER_ws/install/data_transfer/lib/python3.8/site-packages:/home/dfolse/repos/SPIDER/SPIDER_ws/build/spider_nav:/home/dfolse/repos/SPIDER/SPIDER_ws/install/spider_nav/lib/python3.8/site-packages:/home/dfolse/repos/SPIDER/SPIDER_ws/build/locomotion:/home/dfolse/repos/SPIDER/SPIDER_ws/install/locomotion/lib/python3.8/site-packages:/home/dfolse/repos/SPIDER/SPIDER_ws/install/spider_interfaces/lib/python3.8/site-packages:${PYTHONPATH} /usr/bin/python3 -W ignore:setup.py install is deprecated setup.py develop --editable --build-directory /home/dfolse/repos/SPIDER/SPIDER_ws/build/data_transfer/build --no-deps symlink_data --force
