[4.558s] Invoking command in '/home/dfolse/repos/SPIDER/SPIDER_ws/src/navigation2/nav2_bringup/nav2_gazebo_spawner': NX_CONNECTION=192.168.1.26 58481 192.168.1.53 4000 PYTHONPATH=/home/dfolse/repos/SPIDER/SPIDER_ws/build/nav2_gazebo_spawner/prefix_override:/home/dfolse/repos/SPIDER/SPIDER_ws/install/nav2_gazebo_spawner/lib/python3.8/site-packages:${PYTHONPATH} /usr/bin/python3 setup.py egg_info --egg-base ../../../../build/nav2_gazebo_spawner build --build-base /home/dfolse/repos/SPIDER/SPIDER_ws/build/nav2_gazebo_spawner/build install --record /home/dfolse/repos/SPIDER/SPIDER_ws/build/nav2_gazebo_spawner/install.log --single-version-externally-managed
[5.101s] running egg_info
[5.103s] writing ../../../../build/nav2_gazebo_spawner/nav2_gazebo_spawner.egg-info/PKG-INFO
[5.104s] writing dependency_links to ../../../../build/nav2_gazebo_spawner/nav2_gazebo_spawner.egg-info/dependency_links.txt
[5.104s] writing entry points to ../../../../build/nav2_gazebo_spawner/nav2_gazebo_spawner.egg-info/entry_points.txt
[5.105s] writing requirements to ../../../../build/nav2_gazebo_spawner/nav2_gazebo_spawner.egg-info/requires.txt
[5.106s] writing top-level names to ../../../../build/nav2_gazebo_spawner/nav2_gazebo_spawner.egg-info/top_level.txt
[5.112s] reading manifest file '../../../../build/nav2_gazebo_spawner/nav2_gazebo_spawner.egg-info/SOURCES.txt'
[5.114s] writing manifest file '../../../../build/nav2_gazebo_spawner/nav2_gazebo_spawner.egg-info/SOURCES.txt'
[5.115s] running build
[5.115s] running build_py
[5.116s] running install
[5.117s] running install_lib
[5.121s] running install_data
[5.122s] running install_egg_info
[5.126s] removing '/home/dfolse/repos/SPIDER/SPIDER_ws/install/nav2_gazebo_spawner/lib/python3.8/site-packages/nav2_gazebo_spawner-0.3.0-py3.8.egg-info' (and everything under it)
[5.128s] Copying ../../../../build/nav2_gazebo_spawner/nav2_gazebo_spawner.egg-info to /home/dfolse/repos/SPIDER/SPIDER_ws/install/nav2_gazebo_spawner/lib/python3.8/site-packages/nav2_gazebo_spawner-0.3.0-py3.8.egg-info
[5.133s] running install_scripts
[5.169s] Installing nav2_gazebo_spawner script to /home/dfolse/repos/SPIDER/SPIDER_ws/install/nav2_gazebo_spawner/lib/nav2_gazebo_spawner
[5.169s] writing list of installed files to '/home/dfolse/repos/SPIDER/SPIDER_ws/build/nav2_gazebo_spawner/install.log'
[7.220s] Invoked command in '/home/dfolse/repos/SPIDER/SPIDER_ws/src/navigation2/nav2_bringup/nav2_gazebo_spawner' returned '0': NX_CONNECTION=192.168.1.26 58481 192.168.1.53 4000 PYTHONPATH=/home/dfolse/repos/SPIDER/SPIDER_ws/build/nav2_gazebo_spawner/prefix_override:/home/dfolse/repos/SPIDER/SPIDER_ws/install/nav2_gazebo_spawner/lib/python3.8/site-packages:${PYTHONPATH} /usr/bin/python3 setup.py egg_info --egg-base ../../../../build/nav2_gazebo_spawner build --build-base /home/dfolse/repos/SPIDER/SPIDER_ws/build/nav2_gazebo_spawner/build install --record /home/dfolse/repos/SPIDER/SPIDER_ws/build/nav2_gazebo_spawner/install.log --single-version-externally-managed
