[6.061s] Invoking command in '/home/dfolse/repos/SPIDER/SPIDER_ws/build/spider_nav': AMENT_PREFIX_PATH=/home/dfolse/repos/SPIDER/SPIDER_ws/install/locomotion:/home/dfolse/repos/SPIDER/SPIDER_ws/install/spider_interfaces:${AMENT_PREFIX_PATH} CMAKE_PREFIX_PATH=/home/dfolse/repos/SPIDER/SPIDER_ws/install/spider_interfaces LD_LIBRARY_PATH=/home/dfolse/repos/SPIDER/SPIDER_ws/install/spider_interfaces/lib:${LD_LIBRARY_PATH} PYTHONPATH=/home/dfolse/repos/SPIDER/SPIDER_ws/build/spider_nav/prefix_override:/home/dfolse/repos/SPIDER/SPIDER_ws/install/spider_nav/lib/python3.8/site-packages:/home/dfolse/repos/SPIDER/SPIDER_ws/build/locomotion:/home/dfolse/repos/SPIDER/SPIDER_ws/install/locomotion/lib/python3.8/site-packages:/home/dfolse/repos/SPIDER/SPIDER_ws/install/spider_interfaces/lib/python3.8/site-packages:${PYTHONPATH} /usr/bin/python3 -W ignore:setup.py install is deprecated setup.py develop --editable --build-directory /home/dfolse/repos/SPIDER/SPIDER_ws/build/spider_nav/build --no-deps symlink_data
[8.682s] running develop
[9.973s] running egg_info
[9.974s] writing spider_nav.egg-info/PKG-INFO
[9.976s] writing dependency_links to spider_nav.egg-info/dependency_links.txt
[9.978s] writing entry points to spider_nav.egg-info/entry_points.txt
[9.980s] writing requirements to spider_nav.egg-info/requires.txt
[9.981s] writing top-level names to spider_nav.egg-info/top_level.txt
[10.316s] reading manifest file 'spider_nav.egg-info/SOURCES.txt'
[10.328s] writing manifest file 'spider_nav.egg-info/SOURCES.txt'
[10.738s] running build_ext
[10.740s] Creating /home/dfolse/repos/SPIDER/SPIDER_ws/install/spider_nav/lib/python3.8/site-packages/spider-nav.egg-link (link to .)
[10.748s] Installing gps_waypoint_logger script to /home/dfolse/repos/SPIDER/SPIDER_ws/install/spider_nav/lib/spider_nav
[10.750s] Installing interactive_waypoint_follower script to /home/dfolse/repos/SPIDER/SPIDER_ws/install/spider_nav/lib/spider_nav
[10.752s] Installing logged_waypoint_follower script to /home/dfolse/repos/SPIDER/SPIDER_ws/install/spider_nav/lib/spider_nav
[10.753s] Installing spider_gps_pub script to /home/dfolse/repos/SPIDER/SPIDER_ws/install/spider_nav/lib/spider_nav
[10.755s] Installing spider_nav_main script to /home/dfolse/repos/SPIDER/SPIDER_ws/install/spider_nav/lib/spider_nav
[10.758s] 
[10.759s] Installed /home/dfolse/repos/SPIDER/SPIDER_ws/build/spider_nav
[10.760s] running symlink_data
[10.971s] Invoked command in '/home/dfolse/repos/SPIDER/SPIDER_ws/build/spider_nav' returned '0': AMENT_PREFIX_PATH=/home/dfolse/repos/SPIDER/SPIDER_ws/install/locomotion:/home/dfolse/repos/SPIDER/SPIDER_ws/install/spider_interfaces:${AMENT_PREFIX_PATH} CMAKE_PREFIX_PATH=/home/dfolse/repos/SPIDER/SPIDER_ws/install/spider_interfaces LD_LIBRARY_PATH=/home/dfolse/repos/SPIDER/SPIDER_ws/install/spider_interfaces/lib:${LD_LIBRARY_PATH} PYTHONPATH=/home/dfolse/repos/SPIDER/SPIDER_ws/build/spider_nav/prefix_override:/home/dfolse/repos/SPIDER/SPIDER_ws/install/spider_nav/lib/python3.8/site-packages:/home/dfolse/repos/SPIDER/SPIDER_ws/build/locomotion:/home/dfolse/repos/SPIDER/SPIDER_ws/install/locomotion/lib/python3.8/site-packages:/home/dfolse/repos/SPIDER/SPIDER_ws/install/spider_interfaces/lib/python3.8/site-packages:${PYTHONPATH} /usr/bin/python3 -W ignore:setup.py install is deprecated setup.py develop --editable --build-directory /home/dfolse/repos/SPIDER/SPIDER_ws/build/spider_nav/build --no-deps symlink_data
